Log file open, 05/15/18 19:31:43
LogWindows: Failed to load 'aqProf.dll' (GetLastError=126)
LogWindows: File 'aqProf.dll' does not exist
LogWindows: Failed to load 'VSPerf140.dll' (GetLastError=126)
LogWindows: File 'VSPerf140.dll' does not exist
LogWindows: Failed to load 'VtuneApi.dll' (GetLastError=126)
LogWindows: File 'VtuneApi.dll' does not exist
LogWindows: Failed to load 'VtuneApi32e.dll' (GetLastError=126)
LogWindows: File 'VtuneApi32e.dll' does not exist
LogInit: Display: Running engine for game: RISE_GAME
LogPlatformFile: Not using cached read wrapper
LogInit: Display: RandInit(1084901244) SRandInit(1084901244).
LogTaskGraph: Started task graph with 5 named threads and 14 total threads with 3 sets of task threads.
LogStats: Stats thread started at 0.324989
LogD3D11RHI: Aftermath initialized
LogPluginManager: Mounting plugin LightPropagationVolume
LogPluginManager: Mounting plugin GitSourceControl
LogPluginManager: Mounting plugin PerforceSourceControl
LogPluginManager: Mounting plugin SubversionSourceControl
LogPluginManager: Mounting plugin UObjectPlugin
LogPluginManager: Mounting plugin VisualStudioSourceCodeAccess
LogPluginManager: Mounting plugin AssetManagerEditor
LogPluginManager: Mounting plugin AudioCapture
LogPluginManager: Mounting plugin GameplayTagsEditor
LogPluginManager: Mounting plugin MobileLauncherProfileWizard
LogPluginManager: Mounting plugin PluginBrowser
LogPluginManager: Mounting plugin SpeedTreeImporter
LogPluginManager: Mounting plugin CharacterAI
LogPluginManager: Mounting plugin AndroidMedia
LogPluginManager: Mounting plugin MediaPlayerEditor
LogPluginManager: Mounting plugin WmfMedia
LogPluginManager: Mounting plugin TcpMessaging
LogPluginManager: Mounting plugin UdpMessaging
LogPluginManager: Mounting plugin LevelSequenceEditor
LogPluginManager: Mounting plugin MatineeToLevelSequence
LogPluginManager: Mounting plugin OnlineSubsystemGooglePlay
LogPluginManager: Mounting plugin OnlineSubsystem
LogPluginManager: Mounting plugin OnlineSubsystemNull
LogPluginManager: Mounting plugin OnlineSubsystemUtils
LogPluginManager: Mounting plugin AndroidDeviceProfileSelector
LogPluginManager: Mounting plugin AndroidMoviePlayer
LogPluginManager: Mounting plugin AndroidPermission
LogPluginManager: Mounting plugin ArchVisCharacter
LogPluginManager: Mounting plugin CableComponent
LogPluginManager: Mounting plugin ExampleDeviceProfileSelector
LogPluginManager: Mounting plugin ImmediatePhysics
LogPluginManager: Mounting plugin LocationServicesBPLibrary
LogPluginManager: Mounting plugin MobilePatchingUtils
LogPluginManager: Mounting plugin ProceduralMeshComponent
LogPluginManager: Mounting plugin RuntimePhysXCooking
LogPluginManager: Mounting plugin SlateRemote
LogInit: Using libcurl 7.47.1
LogInit:  - built for x86_64-pc-win32
LogInit:  - supports SSL with OpenSSL/1.0.2g
LogInit:  - supports HTTP deflate (compression) using libz 1.2.8
LogInit:  - other features:
LogInit:      CURL_VERSION_SSL
LogInit:      CURL_VERSION_LIBZ
LogInit:      CURL_VERSION_IPV6
LogInit:      CURL_VERSION_ASYNCHDNS
LogInit:      CURL_VERSION_LARGEFILE
LogInit:      CURL_VERSION_IDN
LogInit:  CurlRequestOptions (configurable via config and command line):
LogInit:  - bVerifyPeer = false  - Libcurl will NOT verify peer certificate
LogInit:  - bUseHttpProxy = false  - Libcurl will NOT use HTTP proxy
LogInit:  - bDontReuseConnections = false  - Libcurl will reuse connections
LogInit:  - CertBundlePath = nullptr  - Libcurl will use whatever was configured at build time.
LogInit: Build: ++UE4+Release-4.17-CL-3658906
LogInit: Engine Version: 4.17.2-3658906+++UE4+Release-4.17
LogInit: Compatible Engine Version: 4.17.0-3573198+++UE4+Release-4.17
LogInit: Net CL: 3573198
LogDevObjectVersion: Number of dev versions registered: 16
LogDevObjectVersion:   Dev-Blueprints (B0D832E4-1F89-4F0D-ACCF-7EB736FD4AA2): 10
LogDevObjectVersion:   Dev-Build (E1C64328-A22C-4D53-A36C-8E866417BD8C): 0
LogDevObjectVersion:   Dev-Core (375EC13C-06E4-48FB-B500-84F0262A717E): 2
LogDevObjectVersion:   Dev-Editor (E4B068ED-F494-42E9-A231-DA0B2E46BB41): 20
LogDevObjectVersion:   Dev-Framework (CFFC743F-43B0-4480-9391-14DF171D2073): 28
LogDevObjectVersion:   Dev-Mobile (B02B49B5-BB20-44E9-A304-32B752E40360): 0
LogDevObjectVersion:   Dev-Networking (A4E4105C-59A1-49B5-A7C5-40C4547EDFEE): 0
LogDevObjectVersion:   Dev-Online (39C831C9-5AE6-47DC-9A44-9C173E1C8E7C): 0
LogDevObjectVersion:   Dev-Physics (78F01B33-EBEA-4F98-B9B4-84EACCB95AA2): 0
LogDevObjectVersion:   Dev-Platform (6631380F-2D4D-43E0-8009-CF276956A95A): 0
LogDevObjectVersion:   Dev-Rendering (12F88B9F-8875-4AFC-A67C-D90C383ABD29): 19
LogDevObjectVersion:   Dev-Sequencer (7B5AE74C-D270-4C10-A958-57980B212A5A): 4
LogDevObjectVersion:   Dev-VR (D7296918-1DD6-4BDD-9DE2-64A83CC13884): 0
LogDevObjectVersion:   Dev-LoadTimes (C2A15278-BFE7-4AFE-6C17-90FF531DF755): 1
LogDevObjectVersion:   Private-Geometry (6EACA3D4-40EC-4CC1-B786-8BED09428FC5): 1
LogDevObjectVersion:   Dev-AnimPhys (29E575DD-E0A3-4627-9D10-D276232CDCEA): 7
LogInit: Compiled (64-bit): Sep 22 2017 13:47:16
LogInit: Compiled with Visual C++: 19.00.24215.01
LogInit: Build Configuration: Development
LogInit: Branch Name: ++UE4+Release-4.17
LogInit: Command line:  
LogInit: Base directory: C:/Program Files/Epic Games/UE_4.17/Engine/Binaries/Win64/
LogInit: Installed Engine Build: 1
LogInit: Presizing for max 8388607 objects, including 0 objects not considered by GC, pre-allocating 0 bytes for permanent pool.
LogInit: Object subsystem initialized
[2018.05.15-23.31.44:446][  0]LogInit: Selected Device Profile: [Windows]
[2018.05.15-23.31.44:446][  0]LogInit: Applying CVar settings loaded from the selected device profile: [Windows]
[2018.05.15-23.31.44:475][  0]LogInit: Computer: LAPTOP-EBH0JGK7
[2018.05.15-23.31.44:475][  0]LogInit: User: MoltenOwl
[2018.05.15-23.31.44:475][  0]LogInit: CPU Page size=4096, Cores=4
[2018.05.15-23.31.44:475][  0]LogInit: High frequency timer resolution =2.339359 MHz
[2018.05.15-23.31.44:475][  0]LogMemory: Memory total: Physical=11.5GB (12GB approx)
[2018.05.15-23.31.44:475][  0]LogMemory: Platform Memory Stats for Windows
[2018.05.15-23.31.44:475][  0]LogMemory: Process Physical Memory: 277.49 MB used, 277.49 MB peak
[2018.05.15-23.31.44:475][  0]LogMemory: Process Virtual Memory: 273.86 MB used, 273.86 MB peak
[2018.05.15-23.31.44:476][  0]LogMemory: Physical Memory: 3310.63 MB used,  8432.49 MB free, 11743.12 MB total
[2018.05.15-23.31.44:476][  0]LogMemory: Virtual Memory: 702.71 MB used,  8432.49 MB free, 134217728.00 MB total
[2018.05.15-23.31.44:846][  0]LogInit: Using OS detected language (en-US).
[2018.05.15-23.31.44:846][  0]LogInit: Using OS detected locale (en-US).
[2018.05.15-23.31.44:853][  0]LogTextLocalizationManager: No specific localization for 'en-US' exists, so the 'en' localization will be used.
[2018.05.15-23.31.46:221][  0]LogD3D11RHI: D3D11 adapters:
[2018.05.15-23.31.46:255][  0]LogD3D11RHI:    0. 'AMD Radeon(TM) R5 Graphics' (Feature Level 11_0)
[2018.05.15-23.31.46:255][  0]LogD3D11RHI:       499/0/5871 MB DedicatedVideo/DedicatedSystem/SharedSystem, Outputs:1, VendorId:0x1002
[2018.05.15-23.31.46:260][  0]LogD3D11RHI:    1. 'Microsoft Basic Render Driver' (Feature Level 11_0)
[2018.05.15-23.31.46:260][  0]LogD3D11RHI:       0/0/5871 MB DedicatedVideo/DedicatedSystem/SharedSystem, Outputs:0, VendorId:0x1414
[2018.05.15-23.31.46:260][  0]LogD3D11RHI: Chosen D3D11 Adapter: 0
[2018.05.15-23.31.46:276][  0]LogD3D11RHI: Creating new Direct3DDevice
[2018.05.15-23.31.46:276][  0]LogD3D11RHI:     GPU DeviceId: 0x9874 (for the marketing name, search the web for "GPU Device Id")
[2018.05.15-23.31.46:276][  0]LogWindows: EnumDisplayDevices:
[2018.05.15-23.31.46:276][  0]LogWindows:    0. 'AMD Radeon(TM) R5 Graphics' (P:1 D:1)
[2018.05.15-23.31.46:277][  0]LogWindows:    1. 'AMD Radeon(TM) R5 Graphics' (P:0 D:0)
[2018.05.15-23.31.46:277][  0]LogWindows:    2. 'AMD Radeon(TM) R5 Graphics' (P:0 D:0)
[2018.05.15-23.31.46:277][  0]LogWindows: DebugString: GetVideoDriverDetailsInvalid PrimaryIsNotTheChoosenAdapter GetVideoDriverDetailsInvalid PrimaryIsNotTheChoosenAdapter GetVideoDriverDetailsInvalid PrimaryIsNotTheChoosenAdapter FoundDriverCount:0 
[2018.05.15-23.31.46:277][  0]LogD3D11RHI:     Adapter Name: AMD Radeon(TM) R5 Graphics
[2018.05.15-23.31.46:277][  0]LogD3D11RHI:   Driver Version: Unknown (internal:Unknown, unified:Unknown)
[2018.05.15-23.31.46:277][  0]LogD3D11RHI:      Driver Date: Unknown
[2018.05.15-23.31.46:277][  0]LogRHI: Texture pool is 349 MB (70% of 499 MB)
[2018.05.15-23.31.46:357][  0]LogD3D11RHI: Async texture creation enabled
[2018.05.15-23.31.46:382][  0]LogD3D11RHI: GPU Timing Frequency: 100.000000 (Debug: 2 1)
[2018.05.15-23.31.46:387][  0]LogShaderCompilers: Guid format shader working directory is -22 characters bigger than the processId version (../../../../../../Users/MoltenOwl/Documents/GitHub/RISE-Mobile/RISE_GAME/Intermediate/Shaders/WorkingDirectory/3852/).
[2018.05.15-23.31.46:387][  0]LogShaderCompilers: Cleaned the shader compiler working directory 'C:/Users/MoltenOwl/AppData/Local/Temp/UnrealShaderWorkingDir/8978C11344C597ED246552BA9641469C/'.
[2018.05.15-23.31.46:387][  0]LogShaderCompilers: Display: Using Local Shader Compiler.
[2018.05.15-23.31.49:549][  0]LogTemp: Display: Loaded TP AllDesktopTargetPlatform
[2018.05.15-23.31.49:696][  0]LogTemp: Display: Loaded TP MacClientTargetPlatform
[2018.05.15-23.31.49:843][  0]LogTemp: Display: Loaded TP MacNoEditorTargetPlatform
[2018.05.15-23.31.49:991][  0]LogTemp: Display: Loaded TP MacServerTargetPlatform
[2018.05.15-23.31.50:141][  0]LogTemp: Display: Loaded TP MacTargetPlatform
[2018.05.15-23.31.50:292][  0]LogTemp: Display: Loaded TP WindowsClientTargetPlatform
[2018.05.15-23.31.50:441][  0]LogTemp: Display: Loaded TP WindowsNoEditorTargetPlatform
[2018.05.15-23.31.50:598][  0]LogTemp: Display: Loaded TP WindowsServerTargetPlatform
[2018.05.15-23.31.50:727][  0]LogTemp: Display: Loaded TP WindowsTargetPlatform
[2018.05.15-23.31.50:879][  0]LogTemp: Display: Loaded TP AndroidTargetPlatform
[2018.05.15-23.31.51:033][  0]LogTemp: Display: Loaded TP Android_ASTCTargetPlatform
[2018.05.15-23.31.51:186][  0]LogTemp: Display: Loaded TP Android_ATCTargetPlatform
[2018.05.15-23.31.51:333][  0]LogTemp: Display: Loaded TP Android_DXTTargetPlatform
[2018.05.15-23.31.51:478][  0]LogTemp: Display: Loaded TP Android_ETC1TargetPlatform
[2018.05.15-23.31.51:621][  0]LogTemp: Display: Loaded TP Android_ETC2TargetPlatform
[2018.05.15-23.31.51:925][  0]LogTemp: Display: Loaded TP Android_MultiTargetPlatform
[2018.05.15-23.31.51:925][  0]LogTemp: Display: Loaded TP Android_PVRTCTargetPlatform
[2018.05.15-23.31.52:041][  0]LogTemp: Display: Loaded TP HTML5TargetPlatform
[2018.05.15-23.31.52:270][  0]LogTemp: Display: Loaded TP IOSTargetPlatform
[2018.05.15-23.31.52:356][  0]LogTemp: Display: Loaded TP TVOSTargetPlatform
[2018.05.15-23.31.52:486][  0]LogTemp: Display: Loaded TP LinuxClientTargetPlatform
[2018.05.15-23.31.52:613][  0]LogTemp: Display: Loaded TP LinuxNoEditorTargetPlatform
[2018.05.15-23.31.52:738][  0]LogTemp: Display: Loaded TP LinuxServerTargetPlatform
[2018.05.15-23.31.52:861][  0]LogTemp: Display: Loaded TP LinuxTargetPlatform
[2018.05.15-23.31.52:861][  0]LogTargetPlatformManager: Display: Building Assets For Windows
[2018.05.15-23.31.54:009][  0]LogDerivedDataCache: Display: Max Cache Size: 512 MB
[2018.05.15-23.31.54:245][  0]LogDerivedDataCache: Loaded boot cache 0.24s 93MB C:/Users/MoltenOwl/AppData/Local/UnrealEngine/4.17/DerivedDataCache/Boot.ddc.
[2018.05.15-23.31.54:245][  0]LogDerivedDataCache: Display: Loaded Boot cache: C:/Users/MoltenOwl/AppData/Local/UnrealEngine/4.17/DerivedDataCache/Boot.ddc
[2018.05.15-23.31.54:245][  0]LogDerivedDataCache: FDerivedDataBackendGraph:  Pak pak cache file ../../../../../../Users/MoltenOwl/Documents/GitHub/RISE-Mobile/RISE_GAME/DerivedDataCache/DDC.ddp not found, will not use a pak cache.
[2018.05.15-23.31.54:245][  0]LogDerivedDataCache: Unable to find inner node Pak for hierarchical cache Hierarchy.
[2018.05.15-23.31.54:246][  0]LogDerivedDataCache: FDerivedDataBackendGraph:  CompressedPak pak cache file ../../../../../../Users/MoltenOwl/Documents/GitHub/RISE-Mobile/RISE_GAME/DerivedDataCache/Compressed.ddp not found, will not use a pak cache.
[2018.05.15-23.31.54:246][  0]LogDerivedDataCache: Unable to find inner node CompressedPak for hierarchical cache Hierarchy.
[2018.05.15-23.31.54:274][  0]LogDerivedDataCache: Display: Pak cache opened for reading ../../../Engine/DerivedDataCache/Compressed.ddp.
[2018.05.15-23.31.54:287][  0]LogDerivedDataCache: Using Local data cache path C:/Users/MoltenOwl/AppData/Local/UnrealEngine/Common/DerivedDataCache: Writable
[2018.05.15-23.31.54:314][  0]LogMaterial: Verifying Global Shaders for PCD3D_SM5
[2018.05.15-23.31.54:315][  0]LogSlate: Using Freetype 2.6.0
[2018.05.15-23.31.54:316][  0]LogSlate: SlateFontCache - WITH_FREETYPE: 1, WITH_HARFBUZZ: 1
[2018.05.15-23.31.54:317][  0]LogSlate: SlateFontCache - WITH_FREETYPE: 1, WITH_HARFBUZZ: 1
[2018.05.15-23.31.54:970][  0]LogAssetRegistry: FAssetRegistry took 0.0340 seconds to start up
[2018.05.15-23.31.55:305][  0]LogInit: Selected Device Profile: [Windows]
[2018.05.15-23.31.55:789][  0]LogContentStreaming: Texture pool size is 0.00 MB
[2018.05.15-23.31.56:739][  0]LogSimplygon: Simplygon DLL not present - disabling.
[2018.05.15-23.31.56:929][  0]LogMeshReduction: Using SimplygonSwarm for distributed automatic mesh merging
[2018.05.15-23.31.56:929][  0]LogMeshReduction: Using QuadricMeshReduction for automatic static mesh reduction
[2018.05.15-23.31.56:929][  0]LogMeshReduction: No automatic skeletal mesh reduction module available
[2018.05.15-23.31.56:929][  0]LogMeshReduction: No automatic mesh merging module available
[2018.05.15-23.31.56:930][  0]LogMeshMerging: No automatic mesh merging module available
[2018.05.15-23.31.57:985][  0]LogNetVersion: RISE_GAME , NetCL: 3573198, EngineNetVer: 2, GameNetVer: 0 (Checksum: 1739909859)
[2018.05.15-23.31.58:526][  0]LogPackageLocalizationCache: Processed 2 localized package path(s) for 2 prioritized culture(s) in 0.049328 seconds
[2018.05.15-23.31.58:541][  0]LogUObjectArray: 35418 objects as part of root set at end of initial load.
[2018.05.15-23.31.58:542][  0]LogUObjectAllocator: 7448080 out of 0 bytes used by permanent object pool.
[2018.05.15-23.31.58:542][  0]LogUObjectArray: CloseDisregardForGC: 0/0 objects in disregard for GC pool
[2018.05.15-23.31.58:752][  0]LogInit: WinSock: version 1.1 (2.2), MaxSocks=32767, MaxUdp=65467
[2018.05.15-23.32.07:132][  0]LogTcpMessaging: Initializing TcpMessaging bridge
[2018.05.15-23.32.07:218][  0]LogUdpMessaging: Initializing bridge on interface 0.0.0.0:0 to multicast group 230.0.0.1:6666.
[2018.05.15-23.32.08:271][  0]SourceControl: Source control is disabled
[2018.05.15-23.32.08:272][  0]SourceControl: Source control is disabled
[2018.05.15-23.32.08:427][  0]SourceControl: Source control is disabled
[2018.05.15-23.32.08:608][  0]SourceControl: Source control is disabled
[2018.05.15-23.32.10:301][  0]LogAndroidPermission: UAndroidPermissionCallbackProxy::GetInstance
[2018.05.15-23.32.11:361][  0]LogEngine: Initializing Engine...
[2018.05.15-23.32.11:937][  0]LogStats: UGameplayTagsManager::ConstructGameplayTagTree: Construct from data asset -  0.000 s
[2018.05.15-23.32.11:937][  0]LogStats: UGameplayTagsManager::ConstructGameplayTagTree: GameplayTagTreeChangedEvent.Broadcast -  0.000 s
[2018.05.15-23.32.12:408][  0]LogAIModule: Creating AISystem for world Untitled
[2018.05.15-23.32.12:422][  0]LogInit: XAudio2 using 'Speaker/Headphone (Realtek High Definition Audio)' : 2 channels at 48 kHz using 32 bits per sample (channel mask 0x3)
[2018.05.15-23.32.12:472][  0]LogInit: FAudioDevice initialized.
[2018.05.15-23.32.12:763][  0]LogDerivedDataCache: Saved boot cache 0.29s 92MB C:/Users/MoltenOwl/AppData/Local/UnrealEngine/4.17/DerivedDataCache/Boot.ddc.
[2018.05.15-23.32.12:803][  0]LogInit: Texture streaming: Enabled
[2018.05.15-23.32.12:864][  0]LogMaterial: Uniform references updated for custom material expression Custom.
[2018.05.15-23.32.13:325][  0]LogEngineSessionManager: EngineSessionManager initialized
[2018.05.15-23.32.14:383][  0]LogInit: Transaction tracking system initialized
[2018.05.15-23.32.16:594][  0]BlueprintLog: New page: Editor Load
[2018.05.15-23.32.19:808][  0]LocalizationService: Localization service is disabled
[2018.05.15-23.32.22:376][  0]LogConsoleResponse: Display: 
[2018.05.15-23.32.23:068][  0]LogCook: Display: Max memory allowance for cook 16384mb min free memory 0mb
[2018.05.15-23.32.23:069][  0]LogCook: Display: Mobile HDR setting 1
[2018.05.15-23.32.23:069][  0]LogGameplayTags: Display: UGameplayTagsManager::DoneAddingNativeTags. DelegateIsBound: 0
[2018.05.15-23.32.23:882][  0]LogFileCache: Scanning file cache for directory 'C:/Users/MoltenOwl/Documents/GitHub/RISE-Mobile/RISE_GAME/Content/' took 0.03s
[2018.05.15-23.32.26:203][  0]SourceControl: Source control is disabled
[2018.05.15-23.32.26:203][  0]Cmd: MAP LOAD FILE="../../../../../../Users/MoltenOwl/Documents/GitHub/RISE-Mobile/RISE_GAME/Content/SideScrollerBP/Maps/SideScrollerExampleMap.umap" TEMPLATE=0 SHOWPROGRESS=1 FEATURELEVEL=3
[2018.05.15-23.32.26:205][  0]LightingResults: New page: Lighting Build
[2018.05.15-23.32.26:310][  0]MapCheck: New page: Map Check
[2018.05.15-23.32.26:310][  0]LightingResults: New page: Lighting Build
[2018.05.15-23.32.30:013][  0]LogAIModule: Creating AISystem for world SideScrollerExampleMap
[2018.05.15-23.32.30:040][  0]LogEditorServer: Finished looking for orphan Actors (0.000 secs)
[2018.05.15-23.32.30:122][  0]Cmd: MAP CHECKDEP NOCLEARLOG
[2018.05.15-23.32.30:326][  0]MapCheck: Map check complete: 0 Error(s), 0 Warning(s), took 203.342ms to complete.
[2018.05.15-23.32.30:327][  0]LogFileHelpers: Loading map 'SideScrollerExampleMap' took 4.124
[2018.05.15-23.32.30:562][  0]LogCollectionManager: Loaded 0 collections in 0.004420 seconds
[2018.05.15-23.32.30:704][  0]LogFileCache: Scanning file cache for directory 'C:/Users/MoltenOwl/Documents/GitHub/RISE-Mobile/RISE_GAME/Saved/Collections/' took 0.01s
[2018.05.15-23.32.30:704][  0]LogFileCache: Scanning file cache for directory 'C:/Users/MoltenOwl/Documents/GitHub/RISE-Mobile/RISE_GAME/Content/Developers/MoltenOwl/Collections/' took 0.01s
[2018.05.15-23.32.30:704][  0]LogFileCache: Scanning file cache for directory 'C:/Users/MoltenOwl/Documents/GitHub/RISE-Mobile/RISE_GAME/Content/Collections/' took 0.01s
[2018.05.15-23.32.30:704][  0]LogCollectionManager: Rebuilt the GUID cache for 0 collections in 0.000001 seconds
[2018.05.15-23.32.30:723][  0]LogContentBrowser: Native class hierarchy populated in 0.0184 seconds. Added 2312 classes and 451 folders.
[2018.05.15-23.32.30:875][  0]LogContentBrowser: Native class hierarchy updated for 'WidgetCarousel' in 0.0012 seconds. Added 0 classes and 0 folders.
[2018.05.15-23.32.30:999][  0]LogContentBrowser: Native class hierarchy updated for 'AddContentDialog' in 0.0012 seconds. Added 0 classes and 0 folders.
[2018.05.15-23.32.31:103][  0]LogContentBrowser: Native class hierarchy updated for 'SceneOutliner' in 0.0015 seconds. Added 1 classes and 2 folders.
[2018.05.15-23.32.31:287][  0]LogContentBrowser: Native class hierarchy updated for 'HierarchicalLODOutliner' in 0.0017 seconds. Added 1 classes and 2 folders.
[2018.05.15-23.32.31:288][  0]LogLoad: (Engine Initialization) Total time: 51.03 seconds
[2018.05.15-23.32.31:288][  0]LogLoad: (Engine Initialization) Total Blueprint compile time: 0.00 seconds
[2018.05.15-23.32.31:288][  0]LogExternalProfiler: No external profilers were discovered.  External profiling features will not be available.
[2018.05.15-23.32.31:672][  0]LogContentStreaming: Texture pool size now 1000 MB
[2018.05.15-23.32.31:675][  0]LogSlate: Took 0.000638 seconds to synchronously load lazily loaded font '../../../Engine/Content/Slate/Fonts/Roboto-Regular.ttf' (155K)
[2018.05.15-23.32.31:678][  0]LogSlate: Took 0.000575 seconds to synchronously load lazily loaded font '../../../Engine/Content/Slate/Fonts/Roboto-Bold.ttf' (160K)
[2018.05.15-23.32.31:688][  0]LogSlate: Took 0.000529 seconds to synchronously load lazily loaded font '../../../Engine/Content/Editor/Slate/Fonts/FontAwesome.ttf' (139K)
[2018.05.15-23.32.31:910][  0]LogSlate: Took 0.000757 seconds to synchronously load lazily loaded font '../../../Engine/Content/Slate/Fonts/Roboto-Light.ttf' (159K)
[2018.05.15-23.32.31:991][  1]LogRenderer: Reallocating scene render targets to support 788x364 Format 10 NumSamples 1 (Frame:1).
[2018.05.15-23.32.31:999][  1]LogFileCache: Retrieving MD5 hashes for directory 'C:/Users/MoltenOwl/Documents/GitHub/RISE-Mobile/RISE_GAME/Content/' took 0.35s
[2018.05.15-23.32.33:278][  3]LogSlate: Took 0.001119 seconds to synchronously load lazily loaded font '../../../Engine/Content/Slate/Fonts/Roboto-Light.ttf' (159K)
[2018.05.15-23.32.33:915][  5]LogAssetRegistry: Asset discovery search completed in 38.9680 seconds
[2018.05.15-23.32.33:925][  5]LogCollectionManager: Rebuilt the object cache for 0 collections in 0.000002 seconds (found 0 objects)
[2018.05.15-23.32.33:926][  5]LogCollectionManager: Fixed up redirectors for 0 collections in 0.000496 seconds (updated 0 objects)
[2018.05.15-23.33.08:165][235]LogSlate: Took 0.000458 seconds to synchronously load lazily loaded font '../../../Engine/Content/Slate/Fonts/Roboto-Light.ttf' (159K)
[2018.05.15-23.33.08:816][235]LogSlate: Took 0.000423 seconds to synchronously load lazily loaded font '../../../Engine/Content/Slate/Fonts/Roboto-Regular.ttf' (155K)
[2018.05.15-23.33.09:092][235]LogContentBrowser: Native class hierarchy updated for 'BlueprintGraph' in 0.0020 seconds. Added 113 classes and 0 folders.
[2018.05.15-23.33.10:584][235]LogSlate: Took 0.000708 seconds to synchronously load lazily loaded font '../../../Engine/Content/Editor/Slate/Fonts/Roboto-BoldCondensed.ttf' (158K)
[2018.05.15-23.33.11:827][236]LogSlate: Took 0.000895 seconds to synchronously load lazily loaded font '../../../Engine/Content/Editor/Slate/Fonts/Roboto-Italic.ttf' (157K)
[2018.05.15-23.33.50:423][ 79]LogSlate: Took 0.000545 seconds to synchronously load lazily loaded font '../../../Engine/Content/Editor/Slate/Fonts/Roboto-BoldCondensedItalic.ttf' (160K)
[2018.05.15-23.33.54:662][223]LogTemp: Dropped RealScore on Category Scoring
[2018.05.15-23.34.01:332][496]BlueprintLog: New page: Compile OGSideScrollerCharacter
[2018.05.15-23.35.01:048][407]BlueprintLog: New page: Compile OGSideScrollerCharacter
[2018.05.15-23.35.06:022][408]LogSavePackage: Save=939.07ms
[2018.05.15-23.35.06:022][408]LogSavePackage: Moving '../../../../../../Users/MoltenOwl/Documents/GitHub/RISE-Mobile/RISE_GAME/Saved/OGSideScrollerCharacter4790C0DF43A3CD6D124D09958312C601.tmp' to '../../../../../../Users/MoltenOwl/Documents/GitHub/RISE-Mobile/RISE_GAME/Content/SideScrollerBP/Blueprints/OGSideScrollerCharacter.uasset'
[2018.05.15-23.35.06:032][408]LogSavePackage: Display: Finished SavePackage ../../../../../../Users/MoltenOwl/Documents/GitHub/RISE-Mobile/RISE_GAME/Content/SideScrollerBP/Blueprints/OGSideScrollerCharacter.uasset
[2018.05.15-23.36.25:179][551]LogEditorTransaction: Undo Move Node
[2018.05.15-23.37.11:182][ 12]BlueprintLog: New page: Compile BP_Level
[2018.05.15-23.37.13:497][ 12]Cmd: OBJ SAVEPACKAGE PACKAGE="/Game/RISE/LvlGenrating/BP_Level" FILE="../../../../../../Users/MoltenOwl/Documents/GitHub/RISE-Mobile/RISE_GAME/Content/RISE/LvlGenrating/BP_Level.uasset" SILENT=true
[2018.05.15-23.37.14:427][ 12]LogSavePackage: Save=874.27ms
[2018.05.15-23.37.14:427][ 12]LogSavePackage: Moving '../../../../../../Users/MoltenOwl/Documents/GitHub/RISE-Mobile/RISE_GAME/Saved/BP_LevelE224A35D40B0CF458973BCB3015814F9.tmp' to '../../../../../../Users/MoltenOwl/Documents/GitHub/RISE-Mobile/RISE_GAME/Content/RISE/LvlGenrating/BP_Level.uasset'
[2018.05.15-23.37.14:436][ 12]LogSavePackage: Display: Finished SavePackage ../../../../../../Users/MoltenOwl/Documents/GitHub/RISE-Mobile/RISE_GAME/Content/RISE/LvlGenrating/BP_Level.uasset
[2018.05.15-23.37.15:820][ 40]Cmd: OBJ SAVEPACKAGE PACKAGE="/Game/RISE/LvlGenrating/BP_Level" FILE="../../../../../../Users/MoltenOwl/Documents/GitHub/RISE-Mobile/RISE_GAME/Content/RISE/LvlGenrating/BP_Level.uasset" SILENT=true
[2018.05.15-23.37.16:711][ 40]LogSavePackage: Save=858.84ms
[2018.05.15-23.37.16:712][ 40]LogSavePackage: Moving '../../../../../../Users/MoltenOwl/Documents/GitHub/RISE-Mobile/RISE_GAME/Saved/BP_LevelE34F59BF4F7E19079917EE99D070EFCA.tmp' to '../../../../../../Users/MoltenOwl/Documents/GitHub/RISE-Mobile/RISE_GAME/Content/RISE/LvlGenrating/BP_Level.uasset'
[2018.05.15-23.37.16:715][ 40]LogSavePackage: Display: Finished SavePackage ../../../../../../Users/MoltenOwl/Documents/GitHub/RISE-Mobile/RISE_GAME/Content/RISE/LvlGenrating/BP_Level.uasset
[2018.05.15-23.37.54:619][240]LogEditorTransaction: Undo Move Node
[2018.05.15-23.37.55:725][279]LogEditorTransaction: Undo Add Node
[2018.05.15-23.38.16:964][ 42]BlueprintLog: New page: Compile BP_Coin
[2018.05.15-23.38.19:233][ 42]Cmd: OBJ SAVEPACKAGE PACKAGE="/Game/RISE/PowerUpsAndCoins/BP_Coin" FILE="../../../../../../Users/MoltenOwl/Documents/GitHub/RISE-Mobile/RISE_GAME/Content/RISE/PowerUpsAndCoins/BP_Coin.uasset" SILENT=true
[2018.05.15-23.38.19:354][ 42]LogSavePackage: Save=68.57ms
[2018.05.15-23.38.19:354][ 42]LogSavePackage: Moving '../../../../../../Users/MoltenOwl/Documents/GitHub/RISE-Mobile/RISE_GAME/Saved/BP_CoinCA8C436E45B8AE7F3F74C6991CF4DE97.tmp' to '../../../../../../Users/MoltenOwl/Documents/GitHub/RISE-Mobile/RISE_GAME/Content/RISE/PowerUpsAndCoins/BP_Coin.uasset'
[2018.05.15-23.38.19:362][ 42]LogSavePackage: Display: Finished SavePackage ../../../../../../Users/MoltenOwl/Documents/GitHub/RISE-Mobile/RISE_GAME/Content/RISE/PowerUpsAndCoins/BP_Coin.uasset
[2018.05.15-23.38.25:371][286]Cmd: OBJ SAVEPACKAGE PACKAGE="/Game/RISE/PowerUpsAndCoins/BP_Coin" FILE="../../../../../../Users/MoltenOwl/Documents/GitHub/RISE-Mobile/RISE_GAME/Content/RISE/PowerUpsAndCoins/BP_Coin.uasset" SILENT=true
[2018.05.15-23.38.25:481][286]LogSavePackage: Save=74.01ms
[2018.05.15-23.38.25:481][286]LogSavePackage: Moving '../../../../../../Users/MoltenOwl/Documents/GitHub/RISE-Mobile/RISE_GAME/Saved/BP_Coin5DF0E6024955EE1336579DA78AA3BBD8.tmp' to '../../../../../../Users/MoltenOwl/Documents/GitHub/RISE-Mobile/RISE_GAME/Content/RISE/PowerUpsAndCoins/BP_Coin.uasset'
[2018.05.15-23.38.25:485][286]LogSavePackage: Display: Finished SavePackage ../../../../../../Users/MoltenOwl/Documents/GitHub/RISE-Mobile/RISE_GAME/Content/RISE/PowerUpsAndCoins/BP_Coin.uasset
[2018.05.15-23.40.01:274][145]BlueprintLog: New page: Compile BP_HUD
[2018.05.15-23.40.02:925][159]LogTemp: Repeating last play command: Selected Viewport
[2018.05.15-23.40.03:100][159]LogBlueprintUserMessages: Early PlayInEditor Detection: Level '/Game/SideScrollerBP/Maps/SideScrollerExampleMap.SideScrollerExampleMap:PersistentLevel' has LevelScriptBlueprint '/Game/SideScrollerBP/Maps/SideScrollerExampleMap.SideScrollerExampleMap:PersistentLevel.SideScrollerExampleMap' with GeneratedClass '/Game/SideScrollerBP/Maps/SideScrollerExampleMap.SideScrollerExampleMap_C' with ClassGeneratedBy '/Game/SideScrollerBP/Maps/SideScrollerExampleMap.SideScrollerExampleMap:PersistentLevel.SideScrollerExampleMap'
[2018.05.15-23.40.03:101][159]BlueprintLog: New page: Pre-Play auto-recompile
[2018.05.15-23.40.03:231][159]LogPlayLevel: [PlayLevel] Compiling BP_Coin before play...
[2018.05.15-23.40.03:242][159]LogPlayLevel: [PlayLevel]   Compiling BP_Level as a dependent...
[2018.05.15-23.40.03:365][159]LogPlayLevel: [PlayLevel]   Compiling BP_PUp_Camara as a dependent...
[2018.05.15-23.40.03:370][159]LogPlayLevel: [PlayLevel]   Compiling BP_PUp_Dash as a dependent...
[2018.05.15-23.40.03:376][159]LogPlayLevel: [PlayLevel]   Compiling BP_PUp_SlowLog as a dependent...
[2018.05.15-23.40.03:389][159]LogPlayLevel: [PlayLevel]   Compiling BP_PUp_SuperJump as a dependent...
[2018.05.15-23.40.03:400][159]LogPlayLevel: [PlayLevel]   Compiling BP_Teleport as a dependent...
[2018.05.15-23.40.03:416][159]LogPlayLevel: [PlayLevel]   Compiling BP_Vase as a dependent...
[2018.05.15-23.40.03:426][159]LogPlayLevel: [PlayLevel]   Compiling NewAnimBlueprint as a dependent...
[2018.05.15-23.40.03:458][159]LogPlayLevel: [PlayLevel]   Compiling SpikeLog as a dependent...
[2018.05.15-23.40.03:521][159]LogPlayLevel: [PlayLevel]   Compiling BP_HUD as a dependent...
[2018.05.15-23.40.03:565][159]LogPlayLevel: [PlayLevel]   Compiling BP_Restart as a dependent...
[2018.05.15-23.40.03:583][159]LogPlayLevel: [PlayLevel]   Compiling CameraBP as a dependent...
[2018.05.15-23.40.03:638][159]LogPlayLevel: [PlayLevel]   Compiling OGSideScrollerCharacter as a dependent...
[2018.05.15-23.40.06:647][159]LogPlayLevel: PlayLevel: Blueprint regeneration took 3546 ms (14 blueprints)
[2018.05.15-23.40.06:648][159]PIE: New page: PIE session: SideScrollerExampleMap (May 15, 2018, 3:40:06 PM)
[2018.05.15-23.40.06:651][159]LogPlayLevel: Creating play world package: /Game/SideScrollerBP/Maps/UEDPIE_0_SideScrollerExampleMap
[2018.05.15-23.40.06:697][159]LogPlayLevel: PIE: StaticDuplicateObject took: (0.045909s)
[2018.05.15-23.40.06:699][159]LogAIModule: Creating AISystem for world SideScrollerExampleMap
[2018.05.15-23.40.06:700][159]LogPlayLevel: PIE: World Init took: (0.002061s)
[2018.05.15-23.40.06:700][159]LogPlayLevel: PIE: Created PIE world by copying editor world from /Game/SideScrollerBP/Maps/SideScrollerExampleMap.SideScrollerExampleMap to /Game/SideScrollerBP/Maps/UEDPIE_0_SideScrollerExampleMap.SideScrollerExampleMap (0.049044s)
[2018.05.15-23.40.06:759][159]LogInit: XAudio2 using 'Speaker/Headphone (Realtek High Definition Audio)' : 2 channels at 48 kHz using 32 bits per sample (channel mask 0x3)
[2018.05.15-23.40.06:786][159]LogInit: FAudioDevice initialized.
[2018.05.15-23.40.06:850][159]LogLoad: Game class is 'OGSideScrollerGameMode_C'
[2018.05.15-23.40.06:856][159]LogWorld: Bringing World /Game/SideScrollerBP/Maps/UEDPIE_0_SideScrollerExampleMap.SideScrollerExampleMap up for play (max tick rate 60) at 2018.05.15-19.40.06
[2018.05.15-23.40.06:860][159]LogWorld: Bringing up level for play took: 0.008635
[2018.05.15-23.40.06:986][159]LogContentBrowser: Native class hierarchy updated for 'MovieSceneCapture' in 0.0017 seconds. Added 11 classes and 0 folders.
[2018.05.15-23.40.07:225][159]PIE: Play in editor start time for /Game/SideScrollerBP/Maps/UEDPIE_0_SideScrollerExampleMap 4.717
[2018.05.15-23.40.07:227][159]LogBlueprintUserMessages: Late PlayInEditor Detection: Level '/Game/SideScrollerBP/Maps/SideScrollerExampleMap.SideScrollerExampleMap:PersistentLevel' has LevelScriptBlueprint '/Game/SideScrollerBP/Maps/SideScrollerExampleMap.SideScrollerExampleMap:PersistentLevel.SideScrollerExampleMap' with GeneratedClass '/Game/SideScrollerBP/Maps/SideScrollerExampleMap.SideScrollerExampleMap_C' with ClassGeneratedBy '/Game/SideScrollerBP/Maps/SideScrollerExampleMap.SideScrollerExampleMap:PersistentLevel.SideScrollerExampleMap'
[2018.05.15-23.40.07:377][159]LogRenderer: Reallocating scene render targets to support 788x584 Format 10 NumSamples 1 (Frame:1).
[2018.05.15-23.41.05:527][174]LogBlueprintUserMessages: Early EndPlayMap Detection: Level '/Game/SideScrollerBP/Maps/SideScrollerExampleMap.SideScrollerExampleMap:PersistentLevel' has LevelScriptBlueprint '/Game/SideScrollerBP/Maps/SideScrollerExampleMap.SideScrollerExampleMap:PersistentLevel.SideScrollerExampleMap' with GeneratedClass '/Game/SideScrollerBP/Maps/SideScrollerExampleMap.SideScrollerExampleMap_C' with ClassGeneratedBy '/Game/SideScrollerBP/Maps/SideScrollerExampleMap.SideScrollerExampleMap:PersistentLevel.SideScrollerExampleMap'
[2018.05.15-23.41.05:646][174]LogBlueprintUserMessages: Late EndPlayMap Detection: Level '/Game/SideScrollerBP/Maps/SideScrollerExampleMap.SideScrollerExampleMap:PersistentLevel' has LevelScriptBlueprint '/Game/SideScrollerBP/Maps/SideScrollerExampleMap.SideScrollerExampleMap:PersistentLevel.SideScrollerExampleMap' with GeneratedClass '/Game/SideScrollerBP/Maps/SideScrollerExampleMap.SideScrollerExampleMap_C' with ClassGeneratedBy '/Game/SideScrollerBP/Maps/SideScrollerExampleMap.SideScrollerExampleMap:PersistentLevel.SideScrollerExampleMap'
[2018.05.15-23.41.12:724][304]Cmd: OBJ SAVEPACKAGE PACKAGE="/Game/RISE/HUBs/BP_HUD" FILE="../../../../../../Users/MoltenOwl/Documents/GitHub/RISE-Mobile/RISE_GAME/Content/RISE/HUBs/BP_HUD.uasset" SILENT=true
[2018.05.15-23.41.13:192][304]LogSavePackage: Save=408.54ms
[2018.05.15-23.41.13:192][304]LogSavePackage: Moving '../../../../../../Users/MoltenOwl/Documents/GitHub/RISE-Mobile/RISE_GAME/Saved/BP_HUDAEC2761E48D534FF82AAA19390AE4F3F.tmp' to '../../../../../../Users/MoltenOwl/Documents/GitHub/RISE-Mobile/RISE_GAME/Content/RISE/HUBs/BP_HUD.uasset'
[2018.05.15-23.41.13:200][304]LogSavePackage: Display: Finished SavePackage ../../../../../../Users/MoltenOwl/Documents/GitHub/RISE-Mobile/RISE_GAME/Content/RISE/HUBs/BP_HUD.uasset
[2018.05.15-23.41.17:984][404]LogSlate: Took 0.007446 seconds to synchronously load lazily loaded font '../../../Engine/Content/Slate/Fonts/DroidSansFallback.ttf' (3848K)
[2018.05.15-23.41.42:672][914]BlueprintLog: New page: Compile BP_HUD
[2018.05.15-23.41.43:730][924]Cmd: OBJ SAVEPACKAGE PACKAGE="/Game/RISE/HUBs/BP_HUD" FILE="../../../../../../Users/MoltenOwl/Documents/GitHub/RISE-Mobile/RISE_GAME/Content/RISE/HUBs/BP_HUD.uasset" SILENT=true
[2018.05.15-23.41.44:182][924]LogSavePackage: Save=419.50ms
[2018.05.15-23.41.44:182][924]LogSavePackage: Moving '../../../../../../Users/MoltenOwl/Documents/GitHub/RISE-Mobile/RISE_GAME/Saved/BP_HUD176DA5CC48CBF8F60DA94DBC08F322A3.tmp' to '../../../../../../Users/MoltenOwl/Documents/GitHub/RISE-Mobile/RISE_GAME/Content/RISE/HUBs/BP_HUD.uasset'
[2018.05.15-23.41.44:191][924]LogSavePackage: Display: Finished SavePackage ../../../../../../Users/MoltenOwl/Documents/GitHub/RISE-Mobile/RISE_GAME/Content/RISE/HUBs/BP_HUD.uasset
[2018.05.15-23.41.47:556][963]Cmd: OBJ SAVEPACKAGE PACKAGE="/Game/RISE/HUBs/BP_Restart" FILE="../../../../../../Users/MoltenOwl/Documents/GitHub/RISE-Mobile/RISE_GAME/Content/RISE/HUBs/BP_Restart.uasset" SILENT=true
[2018.05.15-23.41.47:838][963]LogSavePackage: Save=230.36ms
[2018.05.15-23.41.47:838][963]LogSavePackage: Moving '../../../../../../Users/MoltenOwl/Documents/GitHub/RISE-Mobile/RISE_GAME/Saved/BP_Restart4D63905446115EFC0FDE618CCC363CD0.tmp' to '../../../../../../Users/MoltenOwl/Documents/GitHub/RISE-Mobile/RISE_GAME/Content/RISE/HUBs/BP_Restart.uasset'
[2018.05.15-23.41.47:848][963]LogSavePackage: Display: Finished SavePackage ../../../../../../Users/MoltenOwl/Documents/GitHub/RISE-Mobile/RISE_GAME/Content/RISE/HUBs/BP_Restart.uasset
[2018.05.15-23.41.47:965][963]Cmd: OBJ SAVEPACKAGE PACKAGE="/Game/RISE/LvlGenrating/BP_Vase" FILE="../../../../../../Users/MoltenOwl/Documents/GitHub/RISE-Mobile/RISE_GAME/Content/RISE/LvlGenrating/BP_Vase.uasset" SILENT=true
[2018.05.15-23.41.48:146][963]LogSavePackage: Save=128.16ms
[2018.05.15-23.41.48:147][963]LogSavePackage: Moving '../../../../../../Users/MoltenOwl/Documents/GitHub/RISE-Mobile/RISE_GAME/Saved/BP_Vase025CFA1D43A8E8F2A67205ACD0B68A1C.tmp' to '../../../../../../Users/MoltenOwl/Documents/GitHub/RISE-Mobile/RISE_GAME/Content/RISE/LvlGenrating/BP_Vase.uasset'
[2018.05.15-23.41.48:157][963]LogSavePackage: Display: Finished SavePackage ../../../../../../Users/MoltenOwl/Documents/GitHub/RISE-Mobile/RISE_GAME/Content/RISE/LvlGenrating/BP_Vase.uasset
[2018.05.15-23.41.48:222][963]Cmd: OBJ SAVEPACKAGE PACKAGE="/Game/RISE/LvlGenrating/SpikeLog" FILE="../../../../../../Users/MoltenOwl/Documents/GitHub/RISE-Mobile/RISE_GAME/Content/RISE/LvlGenrating/SpikeLog.uasset" SILENT=true
[2018.05.15-23.41.48:914][963]LogSavePackage: Save=572.55ms
[2018.05.15-23.41.48:914][963]LogSavePackage: Moving '../../../../../../Users/MoltenOwl/Documents/GitHub/RISE-Mobile/RISE_GAME/Saved/SpikeLog852E3CE04D9881ACCC99569BE1CFFD46.tmp' to '../../../../../../Users/MoltenOwl/Documents/GitHub/RISE-Mobile/RISE_GAME/Content/RISE/LvlGenrating/SpikeLog.uasset'
[2018.05.15-23.41.48:925][963]LogSavePackage: Display: Finished SavePackage ../../../../../../Users/MoltenOwl/Documents/GitHub/RISE-Mobile/RISE_GAME/Content/RISE/LvlGenrating/SpikeLog.uasset
[2018.05.15-23.41.49:178][963]LogSavePackage: Save=134.55ms
[2018.05.15-23.41.49:178][963]LogSavePackage: Moving '../../../../../../Users/MoltenOwl/Documents/GitHub/RISE-Mobile/RISE_GAME/Saved/BP_TeleportEEECF14A443BE76B6E2348AB6151D244.tmp' to '../../../../../../Users/MoltenOwl/Documents/GitHub/RISE-Mobile/RISE_GAME/Content/RISE/PowerUpsAndCoins/BP_Teleport.uasset'
[2018.05.15-23.41.49:188][963]LogSavePackage: Display: Finished SavePackage ../../../../../../Users/MoltenOwl/Documents/GitHub/RISE-Mobile/RISE_GAME/Content/RISE/PowerUpsAndCoins/BP_Teleport.uasset
[2018.05.15-23.41.50:236][963]LogSavePackage: Save=923.21ms
[2018.05.15-23.41.50:236][963]LogSavePackage: Moving '../../../../../../Users/MoltenOwl/Documents/GitHub/RISE-Mobile/RISE_GAME/Saved/OGSideScrollerCharacter63087A724CE188A5A693B398DA10C295.tmp' to '../../../../../../Users/MoltenOwl/Documents/GitHub/RISE-Mobile/RISE_GAME/Content/SideScrollerBP/Blueprints/OGSideScrollerCharacter.uasset'
[2018.05.15-23.41.50:246][963]LogSavePackage: Display: Finished SavePackage ../../../../../../Users/MoltenOwl/Documents/GitHub/RISE-Mobile/RISE_GAME/Content/SideScrollerBP/Blueprints/OGSideScrollerCharacter.uasset
[2018.05.15-23.41.50:866][963]LogSavePackage: Save=166.63ms
[2018.05.15-23.41.50:866][963]LogSavePackage: Moving '../../../../../../Users/MoltenOwl/Documents/GitHub/RISE-Mobile/RISE_GAME/Saved/SideScrollerExampleMap914A5A9246E2BC7857D751B7B1CBF4A3.tmp' to '../../../../../../Users/MoltenOwl/Documents/GitHub/RISE-Mobile/RISE_GAME/Content/SideScrollerBP/Maps/SideScrollerExampleMap.umap'
[2018.05.15-23.41.50:877][963]LogSavePackage: Display: Finished SavePackage ../../../../../../Users/MoltenOwl/Documents/GitHub/RISE-Mobile/RISE_GAME/Content/SideScrollerBP/Maps/SideScrollerExampleMap.umap
[2018.05.15-23.41.50:994][963]LogFileHelpers: Saving map 'SideScrollerExampleMap' took 0.735
[2018.05.15-23.41.54:481][ 25]LogActorComponent: UnregisterComponent: (/Engine/Transient.EditorFloorComp) Not registered. Aborting.
[2018.05.15-23.41.55:090][ 46]LogActorComponent: UnregisterComponent: (/Engine/Transient.EditorFloorComp) Not registered. Aborting.
[2018.05.15-23.41.56:674][117]LogActorComponent: UnregisterComponent: (/Engine/Transient.EditorFloorComp) Not registered. Aborting.
[2018.05.15-23.41.58:093][167]LogActorComponent: UnregisterComponent: (/Engine/Transient.EditorFloorComp) Not registered. Aborting.
[2018.05.15-23.42.46:852][866]BlueprintLog: New page: Compile BP_Restart
[2018.05.15-23.42.51:107][938]Cmd: OBJ SAVEPACKAGE PACKAGE="/Game/RISE/HUBs/BP_Restart" FILE="../../../../../../Users/MoltenOwl/Documents/GitHub/RISE-Mobile/RISE_GAME/Content/RISE/HUBs/BP_Restart.uasset" SILENT=true
[2018.05.15-23.42.51:385][938]LogSavePackage: Save=234.61ms
[2018.05.15-23.42.51:385][938]LogSavePackage: Moving '../../../../../../Users/MoltenOwl/Documents/GitHub/RISE-Mobile/RISE_GAME/Saved/BP_Restart6B15541F410B0918A7EAC7A84E3CE8B7.tmp' to '../../../../../../Users/MoltenOwl/Documents/GitHub/RISE-Mobile/RISE_GAME/Content/RISE/HUBs/BP_Restart.uasset'
[2018.05.15-23.42.51:394][938]LogSavePackage: Display: Finished SavePackage ../../../../../../Users/MoltenOwl/Documents/GitHub/RISE-Mobile/RISE_GAME/Content/RISE/HUBs/BP_Restart.uasset
[2018.05.15-23.42.53:636][  3]Cmd: QUIT_EDITOR
[2018.05.15-23.42.54:014][  3]LogWindowsTextInputMethodSystem: Display: IME system now deactivated.
[2018.05.15-23.42.54:016][  3]LogWindowsTextInputMethodSystem: Display: IME system now deactivated.
[2018.05.15-23.42.54:045][  3]LogExit: Preparing to exit.
[2018.05.15-23.42.55:386][  3]LogDirectoryWatcher: A directory notification for 'C:/Users/MoltenOwl/Documents/GitHub/RISE-Mobile/RISE_GAME/Content/' was aborted.
[2018.05.15-23.42.55:530][  3]LogExit: Editor shut down
[2018.05.15-23.42.55:575][  3]LogExit: Transaction tracking system shut down
[2018.05.15-23.42.55:926][  3]LogDirectoryWatcher: A directory notification for '../../../Engine/Content/' was aborted.
[2018.05.15-23.42.55:926][  3]LogDirectoryWatcher: A directory notification for '../../../../../../Users/MoltenOwl/Documents/GitHub/RISE-Mobile/RISE_GAME/Content/' was aborted.
[2018.05.15-23.42.56:291][  3]LogExit: Object subsystem successfully closed.
[2018.05.15-23.42.56:603][  3]LogD3D11RHI: Shutdown
[2018.05.15-23.42.56:603][  3]LogD3D11RHI: CleanupD3DDevice
[2018.05.15-23.42.57:228][  3]LogD3D11RHI: ~FD3D11DynamicRHI
[2018.05.15-23.42.57:274][  3]LogModuleManager: Shutting down and abandoning module MovieSceneCapture (498)
[2018.05.15-23.42.57:274][  3]LogModuleManager: Shutting down and abandoning module SequencerWidgets (496)
[2018.05.15-23.42.57:274][  3]LogModuleManager: Shutting down and abandoning module BlueprintGraph (494)
[2018.05.15-23.42.57:274][  3]LogModuleManager: Shutting down and abandoning module BlueprintProfiler (492)
[2018.05.15-23.42.57:274][  3]LogModuleManager: Shutting down and abandoning module HierarchicalLODOutliner (490)
[2018.05.15-23.42.57:274][  3]LogModuleManager: Shutting down and abandoning module SceneOutliner (488)
[2018.05.15-23.42.57:274][  3]LogModuleManager: Shutting down and abandoning module AddContentDialog (486)
[2018.05.15-23.42.57:275][  3]LogDirectoryWatcher: A directory notification for 'C:/Program Files/Epic Games/UE_4.17/FeaturePacks/' was aborted.
[2018.05.15-23.42.57:277][  3]LogModuleManager: Shutting down and abandoning module WidgetCarousel (485)
[2018.05.15-23.42.57:277][  3]LogModuleManager: Shutting down and abandoning module EditorWidgets (482)
[2018.05.15-23.42.57:278][  3]LogModuleManager: Shutting down and abandoning module CollectionManager (480)
[2018.05.15-23.42.57:278][  3]LogDirectoryWatcher: A directory notification for 'C:/Users/MoltenOwl/Documents/GitHub/RISE-Mobile/RISE_GAME/Content/Collections/' was aborted.
[2018.05.15-23.42.57:278][  3]LogDirectoryWatcher: A directory notification for 'C:/Users/MoltenOwl/Documents/GitHub/RISE-Mobile/RISE_GAME/Content/Developers/MoltenOwl/Collections/' was aborted.
[2018.05.15-23.42.57:278][  3]LogDirectoryWatcher: A directory notification for 'C:/Users/MoltenOwl/Documents/GitHub/RISE-Mobile/RISE_GAME/Saved/Collections/' was aborted.
[2018.05.15-23.42.57:278][  3]LogModuleManager: Shutting down and abandoning module StatsViewer (478)
[2018.05.15-23.42.57:279][  3]LogModuleManager: Shutting down and abandoning module FoliageEdit (476)
[2018.05.15-23.42.57:279][  3]LogModuleManager: Shutting down and abandoning module LandscapeEditor (474)
[2018.05.15-23.42.57:279][  3]LogModuleManager: Shutting down and abandoning module MeshPaintMode (472)
[2018.05.15-23.42.57:279][  3]LogModuleManager: Shutting down and abandoning module MeshPaint (471)
[2018.05.15-23.42.57:279][  3]LogModuleManager: Shutting down and abandoning module SceneDepthPickerMode (468)
[2018.05.15-23.42.57:279][  3]LogModuleManager: Shutting down and abandoning module ActorPickerMode (466)
[2018.05.15-23.42.57:279][  3]LogModuleManager: Shutting down and abandoning module GeometryMode (464)
[2018.05.15-23.42.57:279][  3]LogModuleManager: Shutting down and abandoning module TextureAlignMode (462)
[2018.05.15-23.42.57:279][  3]LogModuleManager: Shutting down and abandoning module BspMode (460)
[2018.05.15-23.42.57:279][  3]LogModuleManager: Shutting down and abandoning module PIEPreviewDeviceProfileSelector (458)
[2018.05.15-23.42.57:280][  3]LogModuleManager: Shutting down and abandoning module HardwareSurvey (456)
[2018.05.15-23.42.57:280][  3]LogModuleManager: Shutting down and abandoning module SequenceRecorderSections (454)
[2018.05.15-23.42.57:280][  3]LogModuleManager: Shutting down and abandoning module AutomationWorker (452)
[2018.05.15-23.42.57:280][  3]LogModuleManager: Shutting down and abandoning module MatineeToLevelSequence (450)
[2018.05.15-23.42.57:280][  3]LogModuleManager: Shutting down and abandoning module LevelSequenceEditor (448)
[2018.05.15-23.42.57:280][  3]LogModuleManager: Shutting down and abandoning module PlacementMode (447)
[2018.05.15-23.42.57:280][  3]LogModuleManager: Shutting down and abandoning module WmfMediaFactory (444)
[2018.05.15-23.42.57:280][  3]LogModuleManager: Shutting down and abandoning module WmfMediaEditor (442)
[2018.05.15-23.42.57:280][  3]LogModuleManager: Shutting down and abandoning module AndroidMediaFactory (440)
[2018.05.15-23.42.57:280][  3]LogModuleManager: Shutting down and abandoning module Media (439)
[2018.05.15-23.42.57:280][  3]LogModuleManager: Shutting down and abandoning module AndroidMediaEditor (436)
[2018.05.15-23.42.57:280][  3]LogModuleManager: Shutting down and abandoning module CharacterAI (434)
[2018.05.15-23.42.57:280][  3]LogModuleManager: Shutting down and abandoning module AudioCapture (432)
[2018.05.15-23.42.57:280][  3]LogModuleManager: Shutting down and abandoning module SequenceRecorder (431)
[2018.05.15-23.42.57:280][  3]LogModuleManager: Shutting down and abandoning module SessionServices (428)
[2018.05.15-23.42.57:280][  3]LogModuleManager: Shutting down and abandoning module ViewportSnapping (426)
[2018.05.15-23.42.57:281][  3]LogModuleManager: Shutting down and abandoning module ViewportInteraction (424)
[2018.05.15-23.42.57:281][  3]LogModuleManager: Shutting down and abandoning module ClothPainter (422)
[2018.05.15-23.42.57:281][  3]LogModuleManager: Shutting down and abandoning module LogVisualizer (420)
[2018.05.15-23.42.57:281][  3]LogModuleManager: Shutting down and abandoning module IntroTutorials (418)
[2018.05.15-23.42.57:281][  3]LogModuleManager: Shutting down and abandoning module GameProjectGeneration (417)
[2018.05.15-23.42.57:281][  3]LogModuleManager: Shutting down and abandoning module IOSPlatformEditor (414)
[2018.05.15-23.42.57:281][  3]LogModuleManager: Shutting down and abandoning module HTML5PlatformEditor (412)
[2018.05.15-23.42.57:281][  3]LogModuleManager: Shutting down and abandoning module AndroidPlatformEditor (410)
[2018.05.15-23.42.57:281][  3]LogModuleManager: Shutting down and abandoning module AndroidDeviceDetection (409)
[2018.05.15-23.42.57:623][  3]LogModuleManager: Shutting down and abandoning module WindowsPlatformEditor (406)
[2018.05.15-23.42.57:623][  3]LogModuleManager: Shutting down and abandoning module IOSRuntimeSettings (404)
[2018.05.15-23.42.57:623][  3]LogModuleManager: Shutting down and abandoning module AndroidRuntimeSettings (402)
[2018.05.15-23.42.57:623][  3]LogModuleManager: Shutting down and abandoning module InputBindingEditor (400)
[2018.05.15-23.42.57:623][  3]LogModuleManager: Shutting down and abandoning module MergeActors (398)
[2018.05.15-23.42.57:623][  3]LogModuleManager: Shutting down and abandoning module SizeMap (396)
[2018.05.15-23.42.57:623][  3]LogModuleManager: Shutting down and abandoning module TreeMap (394)
[2018.05.15-23.42.57:623][  3]LogModuleManager: Shutting down and abandoning module ReferenceViewer (392)
[2018.05.15-23.42.57:623][  3]LogModuleManager: Shutting down and abandoning module LocalizationDashboard (390)
[2018.05.15-23.42.57:623][  3]LogModuleManager: Shutting down and abandoning module LocalizationService (389)
[2018.05.15-23.42.57:623][  3]LogModuleManager: Shutting down and abandoning module HardwareTargeting (386)
[2018.05.15-23.42.57:623][  3]LogModuleManager: Shutting down and abandoning module DeviceProfileEditor (384)
[2018.05.15-23.42.57:623][  3]LogModuleManager: Shutting down and abandoning module UndoHistory (382)
[2018.05.15-23.42.57:623][  3]LogModuleManager: Shutting down and abandoning module XmlParser (380)
[2018.05.15-23.42.57:623][  3]LogModuleManager: Shutting down and abandoning module Blutility (378)
[2018.05.15-23.42.57:624][  3]LogModuleManager: Shutting down and abandoning module ProjectSettingsViewer (376)
[2018.05.15-23.42.57:624][  3]LogModuleManager: Shutting down and abandoning module ProjectTargetPlatformEditor (375)
[2018.05.15-23.42.57:624][  3]LogModuleManager: Shutting down and abandoning module EditorSettingsViewer (372)
[2018.05.15-23.42.57:624][  3]LogModuleManager: Shutting down and abandoning module SettingsEditor (370)
[2018.05.15-23.42.57:624][  3]LogModuleManager: Shutting down and abandoning module ProjectLauncher (368)
[2018.05.15-23.42.57:624][  3]LogModuleManager: Shutting down and abandoning module SessionFrontend (366)
[2018.05.15-23.42.57:624][  3]LogModuleManager: Shutting down and abandoning module ProfilerClient (364)
[2018.05.15-23.42.57:624][  3]LogModuleManager: Shutting down and abandoning module DeviceManager (362)
[2018.05.15-23.42.57:624][  3]LogModuleManager: Shutting down and abandoning module TargetDeviceServices (361)
[2018.05.15-23.42.57:676][  3]LogModuleManager: Shutting down and abandoning module AutomationController (358)
[2018.05.15-23.42.57:676][  3]LogModuleManager: Shutting down and abandoning module AutomationWindow (356)
[2018.05.15-23.42.57:677][  3]LogModuleManager: Shutting down and abandoning module Layers (354)
[2018.05.15-23.42.57:677][  3]LogModuleManager: Shutting down and abandoning module ComponentVisualizers (352)
[2018.05.15-23.42.57:677][  3]LogModuleManager: Shutting down and abandoning module DetailCustomizations (350)
[2018.05.15-23.42.57:677][  3]LogModuleManager: Shutting down and abandoning module PackagesDialog (348)
[2018.05.15-23.42.57:677][  3]LogModuleManager: Shutting down and abandoning module Persona (346)
[2018.05.15-23.42.57:678][  3]LogModuleManager: Shutting down and abandoning module AdvancedPreviewScene (345)
[2018.05.15-23.42.57:678][  3]LogModuleManager: Shutting down and abandoning module AnimGraph (343)
[2018.05.15-23.42.57:678][  3]LogModuleManager: Shutting down and abandoning module Kismet (340)
[2018.05.15-23.42.57:700][  3]LogModuleManager: Shutting down and abandoning module LevelEditor (339)
[2018.05.15-23.42.57:701][  3]LogModuleManager: Shutting down and abandoning module PixelInspectorModule (338)
[2018.05.15-23.42.57:701][  3]LogModuleManager: Shutting down and abandoning module ClassViewer (334)
[2018.05.15-23.42.57:702][  3]LogModuleManager: Shutting down and abandoning module Toolbox (332)
[2018.05.15-23.42.57:702][  3]LogModuleManager: Shutting down and abandoning module ModuleUI (330)
[2018.05.15-23.42.57:702][  3]LogModuleManager: Shutting down and abandoning module MovieSceneTools (328)
[2018.05.15-23.42.57:702][  3]LogModuleManager: Shutting down and abandoning module OutputLog (326)
[2018.05.15-23.42.57:702][  3]LogModuleManager: Shutting down and abandoning module GammaUI (324)
[2018.05.15-23.42.57:702][  3]LogModuleManager: Shutting down and abandoning module Documentation (322)
[2018.05.15-23.42.57:702][  3]LogModuleManager: Shutting down and abandoning module MovieSceneTracks (320)
[2018.05.15-23.42.57:702][  3]LogModuleManager: Shutting down and abandoning module MovieScene (318)
[2018.05.15-23.42.57:702][  3]LogModuleManager: Shutting down and abandoning module GeometryCache (316)
[2018.05.15-23.42.57:702][  3]LogModuleManager: Shutting down and abandoning module GeometryCacheEd (315)
[2018.05.15-23.42.57:702][  3]LogModuleManager: Shutting down and abandoning module Niagara (312)
[2018.05.15-23.42.57:702][  3]LogModuleManager: Shutting down and abandoning module NiagaraEditor (311)
[2018.05.15-23.42.57:704][  3]LogModuleManager: Shutting down and abandoning module StreamingPauseRendering (308)
[2018.05.15-23.42.57:704][  3]LogModuleManager: Shutting down and abandoning module LauncherPlatform (306)
[2018.05.15-23.42.57:704][  3]LogModuleManager: Shutting down and abandoning module AnalyticsET (304)
[2018.05.15-23.42.57:704][  3]LogModuleManager: Shutting down and abandoning module PortalServices (302)
[2018.05.15-23.42.57:704][  3]LogModuleManager: Shutting down and abandoning module PortalRpc (300)
[2018.05.15-23.42.57:704][  3]LogModuleManager: Shutting down and abandoning module MessagingRpc (298)
[2018.05.15-23.42.57:704][  3]LogModuleManager: Shutting down and abandoning module AIModule (296)
[2018.05.15-23.42.57:704][  3]LogModuleManager: Shutting down and abandoning module GameplayDebugger (295)
[2018.05.15-23.42.57:704][  3]LogModuleManager: Shutting down and abandoning module AITestSuite (293)
[2018.05.15-23.42.57:705][  3]LogModuleManager: Shutting down and abandoning module ProfilerService (290)
[2018.05.15-23.42.57:731][  3]LogModuleManager: Shutting down and abandoning module TaskGraph (288)
[2018.05.15-23.42.57:731][  3]LogModuleManager: Shutting down and abandoning module SlateRemote (286)
[2018.05.15-23.42.57:732][  3]LogModuleManager: Shutting down and abandoning module ProceduralMeshComponentEditor (284)
[2018.05.15-23.42.57:732][  3]LogModuleManager: Shutting down and abandoning module ProceduralMeshComponent (282)
[2018.05.15-23.42.57:732][  3]LogModuleManager: Shutting down and abandoning module MobilePatchingUtils (280)
[2018.05.15-23.42.57:732][  3]LogModuleManager: Shutting down and abandoning module CableComponent (278)
[2018.05.15-23.42.57:732][  3]LogModuleManager: Shutting down and abandoning module ArchVisCharacter (276)
[2018.05.15-23.42.57:732][  3]LogModuleManager: Shutting down and abandoning module AndroidPermission (274)
[2018.05.15-23.42.57:732][  3]LogModuleManager: Shutting down and abandoning module MediaPlayerEditor (270)
[2018.05.15-23.42.57:732][  3]LogModuleManager: Shutting down and abandoning module SpeedTreeImporter (268)
[2018.05.15-23.42.57:732][  3]LogModuleManager: Shutting down and abandoning module PluginBrowser (266)
[2018.05.15-23.42.57:732][  3]LogModuleManager: Shutting down and abandoning module MainFrame (265)
[2018.05.15-23.42.57:732][  3]LogModuleManager: Shutting down and abandoning module MobileLauncherProfileWizard (262)
[2018.05.15-23.42.57:732][  3]LogModuleManager: Shutting down and abandoning module VisualStudioSourceCodeAccess (260)
[2018.05.15-23.42.57:732][  3]LogModuleManager: Shutting down and abandoning module DesktopPlatform (259)
[2018.05.15-23.42.57:733][  3]LogModuleManager: Shutting down and abandoning module HotReload (257)
[2018.05.15-23.42.57:734][  3]LogModuleManager: Shutting down and abandoning module UObjectPlugin (254)
[2018.05.15-23.42.57:734][  3]LogModuleManager: Shutting down and abandoning module SubversionSourceControl (252)
[2018.05.15-23.42.57:734][  3]LogModuleManager: Shutting down and abandoning module PerforceSourceControl (250)
[2018.05.15-23.42.57:734][  3]LogModuleManager: Shutting down and abandoning module GitSourceControl (248)
[2018.05.15-23.42.57:734][  3]LogModuleManager: Shutting down and abandoning module SourceControl (247)
[2018.05.15-23.42.57:734][  3]LogModuleManager: Shutting down and abandoning module LightPropagationVolumeEditor (244)
[2018.05.15-23.42.57:734][  3]LogModuleManager: Shutting down and abandoning module RuntimePhysXCooking (242)
[2018.05.15-23.42.57:734][  3]LogModuleManager: Shutting down and abandoning module LocationServicesBPLibrary (240)
[2018.05.15-23.42.57:734][  3]LogModuleManager: Shutting down and abandoning module ImmediatePhysicsEditor (238)
[2018.05.15-23.42.57:734][  3]LogModuleManager: Shutting down and abandoning module ImmediatePhysics (236)
[2018.05.15-23.42.57:734][  3]LogModuleManager: Shutting down and abandoning module UdpMessaging (234)
[2018.05.15-23.42.57:835][  3]LogModuleManager: Shutting down and abandoning module TcpMessaging (232)
[2018.05.15-23.42.57:935][  3]LogModuleManager: Shutting down and abandoning module GameplayTagsEditor (230)
[2018.05.15-23.42.57:935][  3]LogModuleManager: Shutting down and abandoning module AssetManagerEditor (228)
[2018.05.15-23.42.57:936][  3]LogModuleManager: Shutting down and abandoning module GraphEditor (227)
[2018.05.15-23.42.57:936][  3]LogModuleManager: Shutting down and abandoning module ContentBrowser (225)
[2018.05.15-23.42.57:938][  3]LogModuleManager: Shutting down and abandoning module LightPropagationVolumeRuntime (222)
[2018.05.15-23.42.57:938][  3]LogModuleManager: Shutting down and abandoning module WmfMedia (220)
[2018.05.15-23.42.57:941][  3]LogModuleManager: Shutting down and abandoning module PacketHandler (218)
[2018.05.15-23.42.57:941][  3]LogModuleManager: Shutting down and abandoning module ClothingSystemEditor (216)
[2018.05.15-23.42.57:941][  3]LogModuleManager: Shutting down and abandoning module ClothingSystemRuntime (214)
[2018.05.15-23.42.57:941][  3]LogModuleManager: Shutting down and abandoning module Overlay (212)
[2018.05.15-23.42.57:942][  3]LogModuleManager: Shutting down and abandoning module OverlayEditor (211)
[2018.05.15-23.42.57:942][  3]LogModuleManager: Shutting down and abandoning module MediaAssets (208)
[2018.05.15-23.42.57:942][  3]LogModuleManager: Shutting down and abandoning module VREditor (206)
[2018.05.15-23.42.57:942][  3]LogModuleManager: Shutting down and abandoning module StringTableEditor (204)
[2018.05.15-23.42.57:942][  3]LogModuleManager: Shutting down and abandoning module GameplayTasksEditor (202)
[2018.05.15-23.42.57:942][  3]LogModuleManager: Shutting down and abandoning module BehaviorTreeEditor (200)
[2018.05.15-23.42.57:942][  3]LogModuleManager: Shutting down and abandoning module FunctionalTesting (198)
[2018.05.15-23.42.57:942][  3]LogModuleManager: Shutting down and abandoning module CollisionAnalyzer (196)
[2018.05.15-23.42.57:942][  3]LogModuleManager: Shutting down and abandoning module WorkspaceMenuStructure (195)
[2018.05.15-23.42.57:942][  3]LogModuleManager: Shutting down and abandoning module UMG (192)
[2018.05.15-23.42.57:943][  3]LogModuleManager: Shutting down and abandoning module UMGEditor (191)
[2018.05.15-23.42.57:943][  3]LogModuleManager: Shutting down and abandoning module Sequencer (190)
[2018.05.15-23.42.57:943][  3]LogModuleManager: Shutting down and abandoning module MessageLog (187)
[2018.05.15-23.42.57:943][  3]LogModuleManager: Shutting down and abandoning module SlateReflector (182)
[2018.05.15-23.42.57:943][  3]LogModuleManager: Shutting down and abandoning module Slate (180)
[2018.05.15-23.42.57:943][  3]LogModuleManager: Shutting down and abandoning module EditorStyle (178)
[2018.05.15-23.42.57:949][  3]LogModuleManager: Shutting down and abandoning module MRMesh (176)
[2018.05.15-23.42.57:949][  3]LogModuleManager: Shutting down and abandoning module SourceCodeAccess (174)
[2018.05.15-23.42.57:950][  3]LogModuleManager: Shutting down and abandoning module HeadMountedDisplay (172)
[2018.05.15-23.42.57:950][  3]LogModuleManager: Shutting down and abandoning module XAudio2 (170)
[2018.05.15-23.42.57:950][  3]LogModuleManager: Shutting down and abandoning module Networking (168)
[2018.05.15-23.42.57:950][  3]LogModuleManager: Shutting down and abandoning module Core (164)
[2018.05.15-23.42.57:950][  3]LogModuleManager: Shutting down and abandoning module KismetCompiler (160)
[2018.05.15-23.42.57:950][  3]LogModuleManager: Shutting down and abandoning module LevelSequence (158)
[2018.05.15-23.42.57:950][  3]LogModuleManager: Shutting down and abandoning module MeshUtilities (156)
[2018.05.15-23.42.57:950][  3]LogModuleManager: Shutting down and abandoning module MeshMergeUtilities (155)
[2018.05.15-23.42.57:950][  3]LogModuleManager: Shutting down and abandoning module MeshReductionInterface (154)
[2018.05.15-23.42.57:950][  3]LogModuleManager: Shutting down and abandoning module SimplygonSwarm (153)
[2018.05.15-23.42.57:950][  3]LogModuleManager: Shutting down and abandoning module SimplygonMeshReduction (151)
[2018.05.15-23.42.57:950][  3]LogModuleManager: Shutting down and abandoning module QuadricMeshReduction (149)
[2018.05.15-23.42.57:950][  3]LogModuleManager: Shutting down and abandoning module MaterialBaking (145)
[2018.05.15-23.42.57:950][  3]LogModuleManager: Shutting down and abandoning module DirectoryWatcher (142)
[2018.05.15-23.42.57:952][  3]LogModuleManager: Shutting down and abandoning module DerivedDataCache (140)
[2018.05.15-23.42.58:019][  3]LogDerivedDataCache: Shutdown
[2018.05.15-23.42.58:019][  3]LogModuleManager: Shutting down and abandoning module TargetPlatform (138)
[2018.05.15-23.42.58:019][  3]LogModuleManager: Shutting down and abandoning module VulkanShaderFormat (137)
[2018.05.15-23.42.58:019][  3]LogModuleManager: Shutting down and abandoning module ShaderFormatVectorVM (135)
[2018.05.15-23.42.58:019][  3]LogModuleManager: Shutting down and abandoning module ShaderFormatOpenGL (133)
[2018.05.15-23.42.58:019][  3]LogModuleManager: Shutting down and abandoning module ShaderFormatD3D (131)
[2018.05.15-23.42.58:019][  3]LogModuleManager: Shutting down and abandoning module MetalShaderFormat (129)
[2018.05.15-23.42.58:019][  3]LogModuleManager: Shutting down and abandoning module TextureFormatUncompressed (127)
[2018.05.15-23.42.58:019][  3]LogModuleManager: Shutting down and abandoning module TextureFormatPVR (125)
[2018.05.15-23.42.58:020][  3]LogModuleManager: Shutting down and abandoning module TextureFormatDXT (123)
[2018.05.15-23.42.58:020][  3]LogModuleManager: Shutting down and abandoning module TextureFormatIntelISPCTexComp (121)
[2018.05.15-23.42.58:020][  3]LogModuleManager: Shutting down and abandoning module TextureFormatASTC (119)
[2018.05.15-23.42.58:020][  3]LogModuleManager: Shutting down and abandoning module ImageWrapper (118)
[2018.05.15-23.42.58:020][  3]LogModuleManager: Shutting down and abandoning module TextureFormatAndroid (115)
[2018.05.15-23.42.58:020][  3]LogModuleManager: Shutting down and abandoning module AudioFormatOpus (113)
[2018.05.15-23.42.58:020][  3]LogModuleManager: Shutting down and abandoning module AudioFormatOgg (111)
[2018.05.15-23.42.58:020][  3]LogModuleManager: Shutting down and abandoning module AudioFormatADPCM (109)
[2018.05.15-23.42.58:020][  3]LogModuleManager: Shutting down and abandoning module LinuxTargetPlatform (107)
[2018.05.15-23.42.58:020][  3]LogModuleManager: Shutting down and abandoning module LinuxServerTargetPlatform (105)
[2018.05.15-23.42.58:020][  3]LogModuleManager: Shutting down and abandoning module LinuxNoEditorTargetPlatform (103)
[2018.05.15-23.42.58:020][  3]LogModuleManager: Shutting down and abandoning module LinuxClientTargetPlatform (101)
[2018.05.15-23.42.58:020][  3]LogModuleManager: Shutting down and abandoning module TVOSTargetPlatform (99)
[2018.05.15-23.42.58:020][  3]LogModuleManager: Shutting down and abandoning module Messaging (97)
[2018.05.15-23.42.58:020][  3]LogModuleManager: Shutting down and abandoning module IOSTargetPlatform (95)
[2018.05.15-23.42.58:020][  3]LogModuleManager: Shutting down and abandoning module HTML5TargetPlatform (93)
[2018.05.15-23.42.58:020][  3]LogModuleManager: Shutting down and abandoning module Android_PVRTCTargetPlatform (91)
[2018.05.15-23.42.58:021][  3]LogModuleManager: Shutting down and abandoning module Android_MultiTargetPlatform (89)
[2018.05.15-23.42.58:021][  3]LogModuleManager: Shutting down and abandoning module Android_ETC2TargetPlatform (87)
[2018.05.15-23.42.58:021][  3]LogModuleManager: Shutting down and abandoning module Android_ETC1TargetPlatform (85)
[2018.05.15-23.42.58:021][  3]LogModuleManager: Shutting down and abandoning module Android_DXTTargetPlatform (83)
[2018.05.15-23.42.58:021][  3]LogModuleManager: Shutting down and abandoning module Android_ATCTargetPlatform (81)
[2018.05.15-23.42.58:021][  3]LogModuleManager: Shutting down and abandoning module Android_ASTCTargetPlatform (79)
[2018.05.15-23.42.58:021][  3]LogModuleManager: Shutting down and abandoning module AndroidTargetPlatform (77)
[2018.05.15-23.42.58:021][  3]LogModuleManager: Shutting down and abandoning module WindowsTargetPlatform (75)
[2018.05.15-23.42.58:021][  3]LogModuleManager: Shutting down and abandoning module WindowsServerTargetPlatform (73)
[2018.05.15-23.42.58:021][  3]LogModuleManager: Shutting down and abandoning module WindowsNoEditorTargetPlatform (71)
[2018.05.15-23.42.58:021][  3]LogModuleManager: Shutting down and abandoning module WindowsClientTargetPlatform (69)
[2018.05.15-23.42.58:021][  3]LogModuleManager: Shutting down and abandoning module MacTargetPlatform (67)
[2018.05.15-23.42.58:021][  3]LogModuleManager: Shutting down and abandoning module MacServerTargetPlatform (65)
[2018.05.15-23.42.58:021][  3]LogModuleManager: Shutting down and abandoning module MacNoEditorTargetPlatform (63)
[2018.05.15-23.42.58:021][  3]LogModuleManager: Shutting down and abandoning module MacClientTargetPlatform (61)
[2018.05.15-23.42.58:021][  3]LogModuleManager: Shutting down and abandoning module AllDesktopTargetPlatform (59)
[2018.05.15-23.42.58:021][  3]LogModuleManager: Shutting down and abandoning module InputCore (56)
[2018.05.15-23.42.58:021][  3]LogModuleManager: Shutting down and abandoning module Settings (54)
[2018.05.15-23.42.58:021][  3]LogModuleManager: Shutting down and abandoning module PhysXCooking (52)
[2018.05.15-23.42.58:021][  3]LogModuleManager: Shutting down and abandoning module ExampleDeviceProfileSelector (50)
[2018.05.15-23.42.58:021][  3]LogModuleManager: Shutting down and abandoning module OnlineBlueprintSupport (48)
[2018.05.15-23.42.58:021][  3]LogModuleManager: Shutting down and abandoning module OnlineSubsystem (44)
[2018.05.15-23.42.58:022][  3]LogOnline: Display: Unloading online subsystem: NULL
[2018.05.15-23.42.58:022][  3]LogModuleManager: Shutting down and abandoning module XMPP (43)
[2018.05.15-23.42.58:022][  3]LogModuleManager: Shutting down and abandoning module HTTP (41)
[2018.05.15-23.42.58:022][  3]LogHttp: Display: Http module shutting down, but needs to wait on 1 outstanding Http requests:
[2018.05.15-23.42.58:022][  3]LogHttp: Display: 	verb=[POST] url=[https://datarouter.ol.epicgames.com/datarouter/api/v1/public/data?SessionID=%7B412A84ED-401B-8A90-2DD0-B2BBEA64FA33%7D&AppID=UEEditor.Rocket.Release&AppVersion=4.17.2-3658906%2B%2B%2BUE4%2BRelease-4.17&UserID=330c018a40119ac8aa6082a42e8f404e%7C88057b4134714c0f98d798880975d3e9%7C63e0c156-2a72-4222-bd44-364fd265f9e2&AppEnvironment=datacollector-binary&UploadType=eteventstream] status=Processing
[2018.05.15-23.42.58:039][  3]LogModuleManager: Shutting down and abandoning module SSL (40)
[2018.05.15-23.42.58:042][  3]LogModuleManager: Shutting down and abandoning module AnimationModifiers (36)
[2018.05.15-23.42.58:042][  3]LogModuleManager: Shutting down and abandoning module PropertyEditor (35)
[2018.05.15-23.42.58:043][  3]LogModuleManager: Shutting down and abandoning module AudioEditor (32)
[2018.05.15-23.42.58:043][  3]LogModuleManager: Shutting down and abandoning module TextureCompressor (30)
[2018.05.15-23.42.58:043][  3]LogModuleManager: Shutting down and abandoning module ShaderCore (28)
[2018.05.15-23.42.58:043][  3]LogModuleManager: Shutting down and abandoning module Landscape (26)
[2018.05.15-23.42.58:043][  3]LogModuleManager: Shutting down and abandoning module SlateRHIRenderer (24)
[2018.05.15-23.42.58:050][  3]LogModuleManager: Shutting down and abandoning module OpenGLDrv (22)
[2018.05.15-23.42.58:050][  3]LogModuleManager: Shutting down and abandoning module D3D11RHI (20)
[2018.05.15-23.42.58:050][  3]LogModuleManager: Shutting down and abandoning module AnimGraphRuntime (18)
[2018.05.15-23.42.58:050][  3]LogModuleManager: Shutting down and abandoning module Renderer (16)
[2018.05.15-23.42.58:050][  3]LogModuleManager: Shutting down and abandoning module Engine (14)
[2018.05.15-23.42.58:050][  3]LogModuleManager: Shutting down and abandoning module CoreUObject (12)
[2018.05.15-23.42.58:050][  3]LogModuleManager: Shutting down and abandoning module NetworkFile (10)
[2018.05.15-23.42.58:050][  3]LogModuleManager: Shutting down and abandoning module CookedIterativeFile (8)
[2018.05.15-23.42.58:050][  3]LogModuleManager: Shutting down and abandoning module StreamingFile (6)
[2018.05.15-23.42.58:050][  3]LogModuleManager: Shutting down and abandoning module SandboxFile (4)
[2018.05.15-23.42.58:050][  3]LogModuleManager: Shutting down and abandoning module PakFile (2)
[2018.05.15-23.42.58:058][  3]LogExit: Exiting.
[2018.05.15-23.42.58:120][  3]Log file closed, 05/15/18 19:42:58
