Log file open, 05/13/18 19:11:11
LogWindows: Failed to load 'aqProf.dll' (GetLastError=126)
LogWindows: File 'aqProf.dll' does not exist
LogWindows: Failed to load 'VSPerf140.dll' (GetLastError=126)
LogWindows: File 'VSPerf140.dll' does not exist
LogWindows: Failed to load 'VtuneApi.dll' (GetLastError=126)
LogWindows: File 'VtuneApi.dll' does not exist
LogWindows: Failed to load 'VtuneApi32e.dll' (GetLastError=126)
LogWindows: File 'VtuneApi32e.dll' does not exist
LogInit: Display: Running engine for game: RISE_GAME
LogPlatformFile: Not using cached read wrapper
LogInit: Display: RandInit(-2079327471) SRandInit(-2079327471).
LogTaskGraph: Started task graph with 5 named threads and 14 total threads with 3 sets of task threads.
LogStats: Stats thread started at 0.267368
LogD3D11RHI: Aftermath initialized
LogPluginManager: Mounting plugin LightPropagationVolume
LogPluginManager: Mounting plugin GitSourceControl
LogPluginManager: Mounting plugin PerforceSourceControl
LogPluginManager: Mounting plugin SubversionSourceControl
LogPluginManager: Mounting plugin UObjectPlugin
LogPluginManager: Mounting plugin VisualStudioSourceCodeAccess
LogPluginManager: Mounting plugin AssetManagerEditor
LogPluginManager: Mounting plugin AudioCapture
LogPluginManager: Mounting plugin GameplayTagsEditor
LogPluginManager: Mounting plugin MobileLauncherProfileWizard
LogPluginManager: Mounting plugin PluginBrowser
LogPluginManager: Mounting plugin SpeedTreeImporter
LogPluginManager: Mounting plugin CharacterAI
LogPluginManager: Mounting plugin AndroidMedia
LogPluginManager: Mounting plugin MediaPlayerEditor
LogPluginManager: Mounting plugin WmfMedia
LogPluginManager: Mounting plugin TcpMessaging
LogPluginManager: Mounting plugin UdpMessaging
LogPluginManager: Mounting plugin LevelSequenceEditor
LogPluginManager: Mounting plugin MatineeToLevelSequence
LogPluginManager: Mounting plugin OnlineSubsystemGooglePlay
LogPluginManager: Mounting plugin OnlineSubsystem
LogPluginManager: Mounting plugin OnlineSubsystemNull
LogPluginManager: Mounting plugin OnlineSubsystemUtils
LogPluginManager: Mounting plugin AndroidDeviceProfileSelector
LogPluginManager: Mounting plugin AndroidMoviePlayer
LogPluginManager: Mounting plugin AndroidPermission
LogPluginManager: Mounting plugin ArchVisCharacter
LogPluginManager: Mounting plugin CableComponent
LogPluginManager: Mounting plugin ExampleDeviceProfileSelector
LogPluginManager: Mounting plugin ImmediatePhysics
LogPluginManager: Mounting plugin LocationServicesBPLibrary
LogPluginManager: Mounting plugin MobilePatchingUtils
LogPluginManager: Mounting plugin ProceduralMeshComponent
LogPluginManager: Mounting plugin RuntimePhysXCooking
LogPluginManager: Mounting plugin SlateRemote
LogInit: Using libcurl 7.47.1
LogInit:  - built for x86_64-pc-win32
LogInit:  - supports SSL with OpenSSL/1.0.2g
LogInit:  - supports HTTP deflate (compression) using libz 1.2.8
LogInit:  - other features:
LogInit:      CURL_VERSION_SSL
LogInit:      CURL_VERSION_LIBZ
LogInit:      CURL_VERSION_IPV6
LogInit:      CURL_VERSION_ASYNCHDNS
LogInit:      CURL_VERSION_LARGEFILE
LogInit:      CURL_VERSION_IDN
LogInit:  CurlRequestOptions (configurable via config and command line):
LogInit:  - bVerifyPeer = false  - Libcurl will NOT verify peer certificate
LogInit:  - bUseHttpProxy = false  - Libcurl will NOT use HTTP proxy
LogInit:  - bDontReuseConnections = false  - Libcurl will reuse connections
LogInit:  - CertBundlePath = nullptr  - Libcurl will use whatever was configured at build time.
LogInit: Build: ++UE4+Release-4.17-CL-3658906
LogInit: Engine Version: 4.17.2-3658906+++UE4+Release-4.17
LogInit: Compatible Engine Version: 4.17.0-3573198+++UE4+Release-4.17
LogInit: Net CL: 3573198
LogDevObjectVersion: Number of dev versions registered: 16
LogDevObjectVersion:   Dev-Blueprints (B0D832E4-1F89-4F0D-ACCF-7EB736FD4AA2): 10
LogDevObjectVersion:   Dev-Build (E1C64328-A22C-4D53-A36C-8E866417BD8C): 0
LogDevObjectVersion:   Dev-Core (375EC13C-06E4-48FB-B500-84F0262A717E): 2
LogDevObjectVersion:   Dev-Editor (E4B068ED-F494-42E9-A231-DA0B2E46BB41): 20
LogDevObjectVersion:   Dev-Framework (CFFC743F-43B0-4480-9391-14DF171D2073): 28
LogDevObjectVersion:   Dev-Mobile (B02B49B5-BB20-44E9-A304-32B752E40360): 0
LogDevObjectVersion:   Dev-Networking (A4E4105C-59A1-49B5-A7C5-40C4547EDFEE): 0
LogDevObjectVersion:   Dev-Online (39C831C9-5AE6-47DC-9A44-9C173E1C8E7C): 0
LogDevObjectVersion:   Dev-Physics (78F01B33-EBEA-4F98-B9B4-84EACCB95AA2): 0
LogDevObjectVersion:   Dev-Platform (6631380F-2D4D-43E0-8009-CF276956A95A): 0
LogDevObjectVersion:   Dev-Rendering (12F88B9F-8875-4AFC-A67C-D90C383ABD29): 19
LogDevObjectVersion:   Dev-Sequencer (7B5AE74C-D270-4C10-A958-57980B212A5A): 4
LogDevObjectVersion:   Dev-VR (D7296918-1DD6-4BDD-9DE2-64A83CC13884): 0
LogDevObjectVersion:   Dev-LoadTimes (C2A15278-BFE7-4AFE-6C17-90FF531DF755): 1
LogDevObjectVersion:   Private-Geometry (6EACA3D4-40EC-4CC1-B786-8BED09428FC5): 1
LogDevObjectVersion:   Dev-AnimPhys (29E575DD-E0A3-4627-9D10-D276232CDCEA): 7
LogInit: Compiled (64-bit): Sep 22 2017 13:47:16
LogInit: Compiled with Visual C++: 19.00.24215.01
LogInit: Build Configuration: Development
LogInit: Branch Name: ++UE4+Release-4.17
LogInit: Command line:  
LogInit: Base directory: C:/Program Files/Epic Games/UE_4.17/Engine/Binaries/Win64/
LogInit: Installed Engine Build: 1
LogInit: Presizing for max 8388607 objects, including 0 objects not considered by GC, pre-allocating 0 bytes for permanent pool.
LogInit: Object subsystem initialized
[2018.05.13-23.11.13:605][  0]LogInit: Selected Device Profile: [Windows]
[2018.05.13-23.11.13:618][  0]LogInit: Applying CVar settings loaded from the selected device profile: [Windows]
[2018.05.13-23.11.13:761][  0]LogInit: Computer: LAPTOP-EBH0JGK7
[2018.05.13-23.11.13:761][  0]LogInit: User: MoltenOwl
[2018.05.13-23.11.13:761][  0]LogInit: CPU Page size=4096, Cores=4
[2018.05.13-23.11.13:761][  0]LogInit: High frequency timer resolution =2.339363 MHz
[2018.05.13-23.11.13:762][  0]LogMemory: Memory total: Physical=11.5GB (12GB approx)
[2018.05.13-23.11.13:762][  0]LogMemory: Platform Memory Stats for Windows
[2018.05.13-23.11.13:762][  0]LogMemory: Process Physical Memory: 277.48 MB used, 277.48 MB peak
[2018.05.13-23.11.13:762][  0]LogMemory: Process Virtual Memory: 274.00 MB used, 274.00 MB peak
[2018.05.13-23.11.13:762][  0]LogMemory: Physical Memory: 3891.76 MB used,  7851.36 MB free, 11743.12 MB total
[2018.05.13-23.11.13:762][  0]LogMemory: Virtual Memory: 702.71 MB used,  7851.36 MB free, 134217728.00 MB total
[2018.05.13-23.11.15:143][  0]LogInit: Using OS detected language (en-US).
[2018.05.13-23.11.15:144][  0]LogInit: Using OS detected locale (en-US).
[2018.05.13-23.11.15:406][  0]LogTextLocalizationManager: No specific localization for 'en-US' exists, so the 'en' localization will be used.
[2018.05.13-23.11.26:696][  0]LogD3D11RHI: D3D11 adapters:
[2018.05.13-23.11.26:730][  0]LogD3D11RHI:    0. 'AMD Radeon(TM) R5 Graphics' (Feature Level 11_0)
[2018.05.13-23.11.26:731][  0]LogD3D11RHI:       499/0/5871 MB DedicatedVideo/DedicatedSystem/SharedSystem, Outputs:1, VendorId:0x1002
[2018.05.13-23.11.26:736][  0]LogD3D11RHI:    1. 'Microsoft Basic Render Driver' (Feature Level 11_0)
[2018.05.13-23.11.26:736][  0]LogD3D11RHI:       0/0/5871 MB DedicatedVideo/DedicatedSystem/SharedSystem, Outputs:0, VendorId:0x1414
[2018.05.13-23.11.26:736][  0]LogD3D11RHI: Chosen D3D11 Adapter: 0
[2018.05.13-23.11.26:763][  0]LogD3D11RHI: Creating new Direct3DDevice
[2018.05.13-23.11.26:763][  0]LogD3D11RHI:     GPU DeviceId: 0x9874 (for the marketing name, search the web for "GPU Device Id")
[2018.05.13-23.11.26:764][  0]LogWindows: EnumDisplayDevices:
[2018.05.13-23.11.26:764][  0]LogWindows:    0. 'AMD Radeon(TM) R5 Graphics' (P:1 D:1)
[2018.05.13-23.11.26:764][  0]LogWindows:    1. 'AMD Radeon(TM) R5 Graphics' (P:0 D:0)
[2018.05.13-23.11.26:765][  0]LogWindows:    2. 'AMD Radeon(TM) R5 Graphics' (P:0 D:0)
[2018.05.13-23.11.26:765][  0]LogWindows: DebugString: GetVideoDriverDetailsInvalid PrimaryIsNotTheChoosenAdapter GetVideoDriverDetailsInvalid PrimaryIsNotTheChoosenAdapter GetVideoDriverDetailsInvalid PrimaryIsNotTheChoosenAdapter FoundDriverCount:0 
[2018.05.13-23.11.26:765][  0]LogD3D11RHI:     Adapter Name: AMD Radeon(TM) R5 Graphics
[2018.05.13-23.11.26:765][  0]LogD3D11RHI:   Driver Version: Unknown (internal:Unknown, unified:Unknown)
[2018.05.13-23.11.26:765][  0]LogD3D11RHI:      Driver Date: Unknown
[2018.05.13-23.11.26:765][  0]LogRHI: Texture pool is 349 MB (70% of 499 MB)
[2018.05.13-23.11.26:924][  0]LogD3D11RHI: Async texture creation enabled
[2018.05.13-23.11.27:152][  0]LogD3D11RHI: GPU Timing Frequency: 100.000000 (Debug: 2 1)
[2018.05.13-23.11.27:283][  0]LogShaderCompilers: Guid format shader working directory is -22 characters bigger than the processId version (../../../../../../Users/MoltenOwl/Documents/GitHub/RISE-Mobile/RISE_GAME/Intermediate/Shaders/WorkingDirectory/8904/).
[2018.05.13-23.11.27:283][  0]LogShaderCompilers: Cleaned the shader compiler working directory 'C:/Users/MoltenOwl/AppData/Local/Temp/UnrealShaderWorkingDir/BD0276494C8BE2DCEBDE27BE35512137/'.
[2018.05.13-23.11.27:284][  0]LogShaderCompilers: Display: Using Local Shader Compiler.
[2018.05.13-23.11.39:400][  0]LogTemp: Display: Loaded TP AllDesktopTargetPlatform
[2018.05.13-23.11.39:553][  0]LogTemp: Display: Loaded TP MacClientTargetPlatform
[2018.05.13-23.11.39:693][  0]LogTemp: Display: Loaded TP MacNoEditorTargetPlatform
[2018.05.13-23.11.39:839][  0]LogTemp: Display: Loaded TP MacServerTargetPlatform
[2018.05.13-23.11.40:042][  0]LogTemp: Display: Loaded TP MacTargetPlatform
[2018.05.13-23.11.40:259][  0]LogTemp: Display: Loaded TP WindowsClientTargetPlatform
[2018.05.13-23.11.40:408][  0]LogTemp: Display: Loaded TP WindowsNoEditorTargetPlatform
[2018.05.13-23.11.40:564][  0]LogTemp: Display: Loaded TP WindowsServerTargetPlatform
[2018.05.13-23.11.40:698][  0]LogTemp: Display: Loaded TP WindowsTargetPlatform
[2018.05.13-23.11.40:868][  0]LogTemp: Display: Loaded TP AndroidTargetPlatform
[2018.05.13-23.11.40:999][  0]LogTemp: Display: Loaded TP Android_ASTCTargetPlatform
[2018.05.13-23.11.41:133][  0]LogTemp: Display: Loaded TP Android_ATCTargetPlatform
[2018.05.13-23.11.41:406][  0]LogTemp: Display: Loaded TP Android_DXTTargetPlatform
[2018.05.13-23.11.41:579][  0]LogTemp: Display: Loaded TP Android_ETC1TargetPlatform
[2018.05.13-23.11.41:735][  0]LogTemp: Display: Loaded TP Android_ETC2TargetPlatform
[2018.05.13-23.11.42:073][  0]LogTemp: Display: Loaded TP Android_MultiTargetPlatform
[2018.05.13-23.11.42:073][  0]LogTemp: Display: Loaded TP Android_PVRTCTargetPlatform
[2018.05.13-23.11.42:176][  0]LogTemp: Display: Loaded TP HTML5TargetPlatform
[2018.05.13-23.11.42:455][  0]LogTemp: Display: Loaded TP IOSTargetPlatform
[2018.05.13-23.11.42:558][  0]LogTemp: Display: Loaded TP TVOSTargetPlatform
[2018.05.13-23.11.42:769][  0]LogTemp: Display: Loaded TP LinuxClientTargetPlatform
[2018.05.13-23.11.42:936][  0]LogTemp: Display: Loaded TP LinuxNoEditorTargetPlatform
[2018.05.13-23.11.43:094][  0]LogTemp: Display: Loaded TP LinuxServerTargetPlatform
[2018.05.13-23.11.43:246][  0]LogTemp: Display: Loaded TP LinuxTargetPlatform
[2018.05.13-23.11.43:246][  0]LogTargetPlatformManager: Display: Building Assets For Windows
[2018.05.13-23.11.45:275][  0]LogDerivedDataCache: Display: Max Cache Size: 512 MB
[2018.05.13-23.11.46:611][  0]LogDerivedDataCache: Loaded boot cache 1.32s 92MB C:/Users/MoltenOwl/AppData/Local/UnrealEngine/4.17/DerivedDataCache/Boot.ddc.
[2018.05.13-23.11.46:611][  0]LogDerivedDataCache: Display: Loaded Boot cache: C:/Users/MoltenOwl/AppData/Local/UnrealEngine/4.17/DerivedDataCache/Boot.ddc
[2018.05.13-23.11.46:612][  0]LogDerivedDataCache: FDerivedDataBackendGraph:  Pak pak cache file ../../../../../../Users/MoltenOwl/Documents/GitHub/RISE-Mobile/RISE_GAME/DerivedDataCache/DDC.ddp not found, will not use a pak cache.
[2018.05.13-23.11.46:612][  0]LogDerivedDataCache: Unable to find inner node Pak for hierarchical cache Hierarchy.
[2018.05.13-23.11.46:612][  0]LogDerivedDataCache: FDerivedDataBackendGraph:  CompressedPak pak cache file ../../../../../../Users/MoltenOwl/Documents/GitHub/RISE-Mobile/RISE_GAME/DerivedDataCache/Compressed.ddp not found, will not use a pak cache.
[2018.05.13-23.11.46:612][  0]LogDerivedDataCache: Unable to find inner node CompressedPak for hierarchical cache Hierarchy.
[2018.05.13-23.11.46:693][  0]LogDerivedDataCache: Display: Pak cache opened for reading ../../../Engine/DerivedDataCache/Compressed.ddp.
[2018.05.13-23.11.46:707][  0]LogDerivedDataCache: Using Local data cache path C:/Users/MoltenOwl/AppData/Local/UnrealEngine/Common/DerivedDataCache: Writable
[2018.05.13-23.11.46:778][  0]LogMaterial: Verifying Global Shaders for PCD3D_SM5
[2018.05.13-23.11.46:959][  0]LogSlate: Using Freetype 2.6.0
[2018.05.13-23.11.47:029][  0]LogSlate: SlateFontCache - WITH_FREETYPE: 1, WITH_HARFBUZZ: 1
[2018.05.13-23.11.47:029][  0]LogSlate: SlateFontCache - WITH_FREETYPE: 1, WITH_HARFBUZZ: 1
[2018.05.13-23.11.56:241][  0]LogAssetRegistry: FAssetRegistry took 0.0565 seconds to start up
[2018.05.13-23.11.57:483][  0]LogInit: Selected Device Profile: [Windows]
[2018.05.13-23.12.00:932][  0]LogContentStreaming: Texture pool size is 0.00 MB
[2018.05.13-23.12.02:736][  0]LogSimplygon: Simplygon DLL not present - disabling.
[2018.05.13-23.12.03:050][  0]LogMeshReduction: Using SimplygonSwarm for distributed automatic mesh merging
[2018.05.13-23.12.03:062][  0]LogMeshReduction: Using QuadricMeshReduction for automatic static mesh reduction
[2018.05.13-23.12.03:062][  0]LogMeshReduction: No automatic skeletal mesh reduction module available
[2018.05.13-23.12.03:062][  0]LogMeshReduction: No automatic mesh merging module available
[2018.05.13-23.12.03:062][  0]LogMeshMerging: No automatic mesh merging module available
[2018.05.13-23.12.07:473][  0]LogNetVersion: RISE_GAME , NetCL: 3573198, EngineNetVer: 2, GameNetVer: 0 (Checksum: 1739909859)
[2018.05.13-23.12.08:880][  0]LogPackageLocalizationCache: Processed 2 localized package path(s) for 2 prioritized culture(s) in 0.106734 seconds
[2018.05.13-23.12.08:897][  0]LogUObjectArray: 35418 objects as part of root set at end of initial load.
[2018.05.13-23.12.08:897][  0]LogUObjectAllocator: 7448088 out of 0 bytes used by permanent object pool.
[2018.05.13-23.12.08:897][  0]LogUObjectArray: CloseDisregardForGC: 0/0 objects in disregard for GC pool
[2018.05.13-23.12.09:074][  0]LogInit: WinSock: version 1.1 (2.2), MaxSocks=32767, MaxUdp=65467
[2018.05.13-23.12.49:972][  0]LogTcpMessaging: Initializing TcpMessaging bridge
[2018.05.13-23.12.50:098][  0]LogUdpMessaging: Initializing bridge on interface 0.0.0.0:0 to multicast group 230.0.0.1:6666.
[2018.05.13-23.12.51:418][  0]SourceControl: Source control is disabled
[2018.05.13-23.12.51:419][  0]SourceControl: Source control is disabled
[2018.05.13-23.12.51:671][  0]SourceControl: Source control is disabled
[2018.05.13-23.12.51:885][  0]SourceControl: Source control is disabled
[2018.05.13-23.12.54:109][  0]LogAndroidPermission: UAndroidPermissionCallbackProxy::GetInstance
[2018.05.13-23.12.55:703][  0]LogEngine: Initializing Engine...
[2018.05.13-23.12.56:544][  0]LogStats: UGameplayTagsManager::ConstructGameplayTagTree: Construct from data asset -  0.000 s
[2018.05.13-23.12.56:545][  0]LogStats: UGameplayTagsManager::ConstructGameplayTagTree: GameplayTagTreeChangedEvent.Broadcast -  0.000 s
[2018.05.13-23.12.57:037][  0]LogAIModule: Creating AISystem for world Untitled
[2018.05.13-23.12.57:065][  0]LogInit: XAudio2 using 'Speaker/Headphone (Realtek High Definition Audio)' : 2 channels at 48 kHz using 32 bits per sample (channel mask 0x3)
[2018.05.13-23.12.57:100][  0]LogInit: FAudioDevice initialized.
[2018.05.13-23.12.57:419][  0]LogDerivedDataCache: Saved boot cache 0.32s 92MB C:/Users/MoltenOwl/AppData/Local/UnrealEngine/4.17/DerivedDataCache/Boot.ddc.
[2018.05.13-23.12.57:479][  0]LogInit: Texture streaming: Enabled
[2018.05.13-23.12.57:569][  0]LogMaterial: Uniform references updated for custom material expression Custom.
[2018.05.13-23.12.58:356][  0]LogEngineSessionManager: EngineSessionManager initialized
[2018.05.13-23.13.00:287][  0]LogInit: Transaction tracking system initialized
[2018.05.13-23.13.03:431][  0]BlueprintLog: New page: Editor Load
[2018.05.13-23.13.09:305][  0]LocalizationService: Localization service is disabled
[2018.05.13-23.13.12:510][  0]LogConsoleResponse: Display: 
[2018.05.13-23.13.15:459][  0]LogFileCache: Scanning file cache for directory 'C:/Users/MoltenOwl/Documents/GitHub/RISE-Mobile/RISE_GAME/Content/' took 0.03s
[2018.05.13-23.13.15:459][  0]LogCook: Display: Max memory allowance for cook 16384mb min free memory 0mb
[2018.05.13-23.13.15:460][  0]LogCook: Display: Mobile HDR setting 1
[2018.05.13-23.13.15:551][  0]LogGameplayTags: Display: UGameplayTagsManager::DoneAddingNativeTags. DelegateIsBound: 0
[2018.05.13-23.13.24:899][  0]SourceControl: Source control is disabled
[2018.05.13-23.13.25:021][  0]Cmd: MAP LOAD FILE="../../../../../../Users/MoltenOwl/Documents/GitHub/RISE-Mobile/RISE_GAME/Content/SideScrollerBP/Maps/SideScrollerExampleMap.umap" TEMPLATE=0 SHOWPROGRESS=1 FEATURELEVEL=3
[2018.05.13-23.13.25:085][  0]LightingResults: New page: Lighting Build
[2018.05.13-23.13.25:328][  0]MapCheck: New page: Map Check
[2018.05.13-23.13.25:328][  0]LightingResults: New page: Lighting Build
[2018.05.13-23.13.39:128][  0]LogMaterial: Missing cached shader map for material Torch, compiling. 
[2018.05.13-23.13.39:632][  0]LogMaterial: Missing cached shader map for material Metal_Holder, compiling. 
[2018.05.13-23.13.42:798][  0]LogAIModule: Creating AISystem for world SideScrollerExampleMap
[2018.05.13-23.13.43:048][  0]LogEditorServer: Finished looking for orphan Actors (0.000 secs)
[2018.05.13-23.13.43:468][  0]Cmd: MAP CHECKDEP NOCLEARLOG
[2018.05.13-23.13.43:717][  0]MapCheck: Map check complete: 0 Error(s), 0 Warning(s), took 249.595ms to complete.
[2018.05.13-23.13.43:718][  0]LogFileHelpers: Loading map 'SideScrollerExampleMap' took 18.709
[2018.05.13-23.13.48:204][  0]LogCollectionManager: Loaded 0 collections in 0.004568 seconds
[2018.05.13-23.13.49:095][  0]LogFileCache: Scanning file cache for directory 'C:/Users/MoltenOwl/Documents/GitHub/RISE-Mobile/RISE_GAME/Saved/Collections/' took 0.01s
[2018.05.13-23.13.49:095][  0]LogFileCache: Scanning file cache for directory 'C:/Users/MoltenOwl/Documents/GitHub/RISE-Mobile/RISE_GAME/Content/Developers/MoltenOwl/Collections/' took 0.01s
[2018.05.13-23.13.49:095][  0]LogFileCache: Scanning file cache for directory 'C:/Users/MoltenOwl/Documents/GitHub/RISE-Mobile/RISE_GAME/Content/Collections/' took 0.01s
[2018.05.13-23.13.49:095][  0]LogCollectionManager: Rebuilt the GUID cache for 0 collections in 0.000001 seconds
[2018.05.13-23.13.49:156][  0]LogContentBrowser: Native class hierarchy populated in 0.0498 seconds. Added 2312 classes and 451 folders.
[2018.05.13-23.13.49:865][  0]LogContentBrowser: Native class hierarchy updated for 'WidgetCarousel' in 0.0015 seconds. Added 0 classes and 0 folders.
[2018.05.13-23.13.55:002][  0]LogContentBrowser: Native class hierarchy updated for 'AddContentDialog' in 0.0019 seconds. Added 0 classes and 0 folders.
[2018.05.13-23.13.55:224][  0]LogContentBrowser: Native class hierarchy updated for 'SceneOutliner' in 0.0016 seconds. Added 1 classes and 2 folders.
[2018.05.13-23.13.56:250][  0]LogSlate: Took 0.028143 seconds to synchronously load lazily loaded font '../../../Engine/Content/Slate/Fonts/Roboto-Regular.ttf' (155K)
[2018.05.13-23.13.56:295][  0]LogSlate: Took 0.041205 seconds to synchronously load lazily loaded font '../../../Engine/Content/Slate/Fonts/Roboto-Bold.ttf' (160K)
[2018.05.13-23.13.56:340][  0]LogSlate: Took 0.019647 seconds to synchronously load lazily loaded font '../../../Engine/Content/Editor/Slate/Fonts/FontAwesome.ttf' (139K)
[2018.05.13-23.13.57:097][  0]LogRenderer: Reallocating scene render targets to support 916x568 Format 10 NumSamples 1 (Frame:1).
[2018.05.13-23.13.59:022][  0]LogContentBrowser: Native class hierarchy updated for 'HierarchicalLODOutliner' in 0.0020 seconds. Added 1 classes and 2 folders.
[2018.05.13-23.13.59:023][  0]LogLoad: (Engine Initialization) Total time: 172.43 seconds
[2018.05.13-23.13.59:023][  0]LogLoad: (Engine Initialization) Total Blueprint compile time: 0.00 seconds
[2018.05.13-23.13.59:045][  0]LogExternalProfiler: No external profilers were discovered.  External profiling features will not be available.
[2018.05.13-23.13.59:554][  0]LogContentStreaming: Texture pool size now 1000 MB
[2018.05.13-23.13.59:857][  1]LogFileCache: Retrieving MD5 hashes for directory 'C:/Users/MoltenOwl/Documents/GitHub/RISE-Mobile/RISE_GAME/Content/' took 0.44s
[2018.05.13-23.14.01:526][  6]LogAssetRegistry: Asset discovery search completed in 125.3288 seconds
[2018.05.13-23.14.01:531][  6]LogCollectionManager: Rebuilt the object cache for 0 collections in 0.000001 seconds (found 0 objects)
[2018.05.13-23.14.01:531][  6]LogCollectionManager: Fixed up redirectors for 0 collections in 0.000138 seconds (updated 0 objects)
[2018.05.13-23.14.30:437][343]LogEditorViewport: Clicking on Actor (LMB): StaticMeshActor (Rise_Wall2)
[2018.05.13-23.14.35:092][479]LogSlate: Took 0.023714 seconds to synchronously load lazily loaded font '../../../Engine/Content/Slate/Fonts/Roboto-Light.ttf' (159K)
[2018.05.13-23.14.44:122][577]LogSlate: Took 0.000522 seconds to synchronously load lazily loaded font '../../../Engine/Content/Slate/Fonts/Roboto-Light.ttf' (159K)
[2018.05.13-23.14.44:899][577]LogSlate: Took 0.000690 seconds to synchronously load lazily loaded font '../../../Engine/Content/Slate/Fonts/Roboto-Regular.ttf' (155K)
[2018.05.13-23.14.45:346][577]LogContentBrowser: Native class hierarchy updated for 'BlueprintGraph' in 0.0021 seconds. Added 113 classes and 0 folders.
[2018.05.13-23.14.47:542][577]LogSlate: Took 0.047992 seconds to synchronously load lazily loaded font '../../../Engine/Content/Editor/Slate/Fonts/Roboto-BoldCondensed.ttf' (158K)
[2018.05.13-23.14.47:949][578]LogSlate: Took 0.016254 seconds to synchronously load lazily loaded font '../../../Engine/Content/Editor/Slate/Fonts/Roboto-Italic.ttf' (157K)
[2018.05.13-23.15.47:151][670]BlueprintLog: New page: Compile RestartGameInstance
[2018.05.13-23.15.50:416][725]LogSavePackage: Save=26.12ms
[2018.05.13-23.15.50:416][725]LogSavePackage: Moving '../../../../../../Users/MoltenOwl/Documents/GitHub/RISE-Mobile/RISE_GAME/Saved/RestartGameInstance600241FF4989B7D6291F248793A671CB.tmp' to '../../../../../../Users/MoltenOwl/Documents/GitHub/RISE-Mobile/RISE_GAME/Content/RISE/HUBs/Saves/RestartGameInstance.uasset'
[2018.05.13-23.15.50:427][725]LogSavePackage: Display: Finished SavePackage ../../../../../../Users/MoltenOwl/Documents/GitHub/RISE-Mobile/RISE_GAME/Content/RISE/HUBs/Saves/RestartGameInstance.uasset
[2018.05.13-23.16.43:320][674]BlueprintLog: New page: Compile BP_Teleport
[2018.05.13-23.16.47:017][812]LogSavePackage: Save=182.06ms
[2018.05.13-23.16.47:017][812]LogSavePackage: Moving '../../../../../../Users/MoltenOwl/Documents/GitHub/RISE-Mobile/RISE_GAME/Saved/BP_Teleport81E7A3A849421AE4A61EACBD632F2AAC.tmp' to '../../../../../../Users/MoltenOwl/Documents/GitHub/RISE-Mobile/RISE_GAME/Content/RISE/PowerUpsAndCoins/BP_Teleport.uasset'
[2018.05.13-23.16.47:028][812]LogSavePackage: Display: Finished SavePackage ../../../../../../Users/MoltenOwl/Documents/GitHub/RISE-Mobile/RISE_GAME/Content/RISE/PowerUpsAndCoins/BP_Teleport.uasset
[2018.05.13-23.18.30:700][741]BlueprintLog: New page: Compile OGSideScrollerGameMode
[2018.05.13-23.21.34:814][513]LogTemp: Repeating last play command: Selected Viewport
[2018.05.13-23.21.35:187][513]LogBlueprintUserMessages: Early PlayInEditor Detection: Level '/Game/SideScrollerBP/Maps/SideScrollerExampleMap.SideScrollerExampleMap:PersistentLevel' has LevelScriptBlueprint '/Game/SideScrollerBP/Maps/SideScrollerExampleMap.SideScrollerExampleMap:PersistentLevel.SideScrollerExampleMap' with GeneratedClass '/Game/SideScrollerBP/Maps/SideScrollerExampleMap.SideScrollerExampleMap_C' with ClassGeneratedBy '/Game/SideScrollerBP/Maps/SideScrollerExampleMap.SideScrollerExampleMap:PersistentLevel.SideScrollerExampleMap'
[2018.05.13-23.21.35:188][513]LogPlayLevel: PlayLevel: No blueprints needed recompiling
[2018.05.13-23.21.35:275][513]PIE: New page: PIE session: SideScrollerExampleMap (May 13, 2018, 3:21:35 PM)
[2018.05.13-23.21.35:279][513]LogPlayLevel: Creating play world package: /Game/SideScrollerBP/Maps/UEDPIE_0_SideScrollerExampleMap
[2018.05.13-23.21.35:339][513]LogPlayLevel: PIE: StaticDuplicateObject took: (0.059456s)
[2018.05.13-23.21.35:342][513]LogAIModule: Creating AISystem for world SideScrollerExampleMap
[2018.05.13-23.21.35:342][513]LogPlayLevel: PIE: World Init took: (0.003206s)
[2018.05.13-23.21.35:344][513]LogPlayLevel: PIE: Created PIE world by copying editor world from /Game/SideScrollerBP/Maps/SideScrollerExampleMap.SideScrollerExampleMap to /Game/SideScrollerBP/Maps/UEDPIE_0_SideScrollerExampleMap.SideScrollerExampleMap (0.064592s)
[2018.05.13-23.21.35:901][513]LogInit: XAudio2 using 'Speaker/Headphone (Realtek High Definition Audio)' : 2 channels at 48 kHz using 32 bits per sample (channel mask 0x3)
[2018.05.13-23.21.35:930][513]LogInit: FAudioDevice initialized.
[2018.05.13-23.21.36:003][513]LogLoad: Game class is 'OGSideScrollerGameMode_C'
[2018.05.13-23.21.36:060][513]LogWorld: Bringing World /Game/SideScrollerBP/Maps/UEDPIE_0_SideScrollerExampleMap.SideScrollerExampleMap up for play (max tick rate 60) at 2018.05.13-19.21.36
[2018.05.13-23.21.36:064][513]LogWorld: Bringing up level for play took: 0.008692
[2018.05.13-23.21.36:209][513]LogContentBrowser: Native class hierarchy updated for 'MovieSceneCapture' in 0.0021 seconds. Added 11 classes and 0 folders.
[2018.05.13-23.21.36:406][513]PIE: Play in editor start time for /Game/SideScrollerBP/Maps/UEDPIE_0_SideScrollerExampleMap 2.25
[2018.05.13-23.21.36:407][513]LogBlueprintUserMessages: Late PlayInEditor Detection: Level '/Game/SideScrollerBP/Maps/SideScrollerExampleMap.SideScrollerExampleMap:PersistentLevel' has LevelScriptBlueprint '/Game/SideScrollerBP/Maps/SideScrollerExampleMap.SideScrollerExampleMap:PersistentLevel.SideScrollerExampleMap' with GeneratedClass '/Game/SideScrollerBP/Maps/SideScrollerExampleMap.SideScrollerExampleMap_C' with ClassGeneratedBy '/Game/SideScrollerBP/Maps/SideScrollerExampleMap.SideScrollerExampleMap:PersistentLevel.SideScrollerExampleMap'
[2018.05.13-23.21.36:566][513]LogRenderer: Reallocating scene render targets to support 916x584 Format 10 NumSamples 1 (Frame:1).
[2018.05.13-23.22.11:939][ 95]LogBlueprintUserMessages: Early EndPlayMap Detection: Level '/Game/SideScrollerBP/Maps/SideScrollerExampleMap.SideScrollerExampleMap:PersistentLevel' has LevelScriptBlueprint '/Game/SideScrollerBP/Maps/SideScrollerExampleMap.SideScrollerExampleMap:PersistentLevel.SideScrollerExampleMap' with GeneratedClass '/Game/SideScrollerBP/Maps/SideScrollerExampleMap.SideScrollerExampleMap_C' with ClassGeneratedBy '/Game/SideScrollerBP/Maps/SideScrollerExampleMap.SideScrollerExampleMap:PersistentLevel.SideScrollerExampleMap'
[2018.05.13-23.22.12:177][ 95]LogBlueprintUserMessages: Late EndPlayMap Detection: Level '/Game/SideScrollerBP/Maps/SideScrollerExampleMap.SideScrollerExampleMap:PersistentLevel' has LevelScriptBlueprint '/Game/SideScrollerBP/Maps/SideScrollerExampleMap.SideScrollerExampleMap:PersistentLevel.SideScrollerExampleMap' with GeneratedClass '/Game/SideScrollerBP/Maps/SideScrollerExampleMap.SideScrollerExampleMap_C' with ClassGeneratedBy '/Game/SideScrollerBP/Maps/SideScrollerExampleMap.SideScrollerExampleMap:PersistentLevel.SideScrollerExampleMap'
[2018.05.13-23.22.13:317][114]LogTemp: Repeating last play command: Selected Viewport
[2018.05.13-23.22.13:403][114]LogBlueprintUserMessages: Early PlayInEditor Detection: Level '/Game/SideScrollerBP/Maps/SideScrollerExampleMap.SideScrollerExampleMap:PersistentLevel' has LevelScriptBlueprint '/Game/SideScrollerBP/Maps/SideScrollerExampleMap.SideScrollerExampleMap:PersistentLevel.SideScrollerExampleMap' with GeneratedClass '/Game/SideScrollerBP/Maps/SideScrollerExampleMap.SideScrollerExampleMap_C' with ClassGeneratedBy '/Game/SideScrollerBP/Maps/SideScrollerExampleMap.SideScrollerExampleMap:PersistentLevel.SideScrollerExampleMap'
[2018.05.13-23.22.13:403][114]LogPlayLevel: PlayLevel: No blueprints needed recompiling
[2018.05.13-23.22.13:403][114]PIE: New page: PIE session: SideScrollerExampleMap (May 13, 2018, 3:22:13 PM)
[2018.05.13-23.22.13:405][114]LogPlayLevel: Creating play world package: /Game/SideScrollerBP/Maps/UEDPIE_0_SideScrollerExampleMap
[2018.05.13-23.22.13:453][114]LogPlayLevel: PIE: StaticDuplicateObject took: (0.048108s)
[2018.05.13-23.22.13:456][114]LogAIModule: Creating AISystem for world SideScrollerExampleMap
[2018.05.13-23.22.13:456][114]LogPlayLevel: PIE: World Init took: (0.002701s)
[2018.05.13-23.22.13:457][114]LogPlayLevel: PIE: Created PIE world by copying editor world from /Game/SideScrollerBP/Maps/SideScrollerExampleMap.SideScrollerExampleMap to /Game/SideScrollerBP/Maps/UEDPIE_0_SideScrollerExampleMap.SideScrollerExampleMap (0.051700s)
[2018.05.13-23.22.13:524][114]LogInit: XAudio2 using 'Speaker/Headphone (Realtek High Definition Audio)' : 2 channels at 48 kHz using 32 bits per sample (channel mask 0x3)
[2018.05.13-23.22.13:550][114]LogInit: FAudioDevice initialized.
[2018.05.13-23.22.13:610][114]LogLoad: Game class is 'OGSideScrollerGameMode_C'
[2018.05.13-23.22.13:617][114]LogWorld: Bringing World /Game/SideScrollerBP/Maps/UEDPIE_0_SideScrollerExampleMap.SideScrollerExampleMap up for play (max tick rate 60) at 2018.05.13-19.22.13
[2018.05.13-23.22.13:620][114]LogWorld: Bringing up level for play took: 0.008289
[2018.05.13-23.22.13:831][114]PIE: Play in editor start time for /Game/SideScrollerBP/Maps/UEDPIE_0_SideScrollerExampleMap -0.325
[2018.05.13-23.22.13:833][114]LogBlueprintUserMessages: Late PlayInEditor Detection: Level '/Game/SideScrollerBP/Maps/SideScrollerExampleMap.SideScrollerExampleMap:PersistentLevel' has LevelScriptBlueprint '/Game/SideScrollerBP/Maps/SideScrollerExampleMap.SideScrollerExampleMap:PersistentLevel.SideScrollerExampleMap' with GeneratedClass '/Game/SideScrollerBP/Maps/SideScrollerExampleMap.SideScrollerExampleMap_C' with ClassGeneratedBy '/Game/SideScrollerBP/Maps/SideScrollerExampleMap.SideScrollerExampleMap:PersistentLevel.SideScrollerExampleMap'
[2018.05.13-23.22.23:298][276]LogBlueprintUserMessages: Early EndPlayMap Detection: Level '/Game/SideScrollerBP/Maps/SideScrollerExampleMap.SideScrollerExampleMap:PersistentLevel' has LevelScriptBlueprint '/Game/SideScrollerBP/Maps/SideScrollerExampleMap.SideScrollerExampleMap:PersistentLevel.SideScrollerExampleMap' with GeneratedClass '/Game/SideScrollerBP/Maps/SideScrollerExampleMap.SideScrollerExampleMap_C' with ClassGeneratedBy '/Game/SideScrollerBP/Maps/SideScrollerExampleMap.SideScrollerExampleMap:PersistentLevel.SideScrollerExampleMap'
[2018.05.13-23.22.23:507][276]LogBlueprintUserMessages: Late EndPlayMap Detection: Level '/Game/SideScrollerBP/Maps/SideScrollerExampleMap.SideScrollerExampleMap:PersistentLevel' has LevelScriptBlueprint '/Game/SideScrollerBP/Maps/SideScrollerExampleMap.SideScrollerExampleMap:PersistentLevel.SideScrollerExampleMap' with GeneratedClass '/Game/SideScrollerBP/Maps/SideScrollerExampleMap.SideScrollerExampleMap_C' with ClassGeneratedBy '/Game/SideScrollerBP/Maps/SideScrollerExampleMap.SideScrollerExampleMap:PersistentLevel.SideScrollerExampleMap'
[2018.05.13-23.23.10:752][691]LogTemp: Repeating last play command: Selected Viewport
[2018.05.13-23.23.10:862][691]LogBlueprintUserMessages: Early PlayInEditor Detection: Level '/Game/SideScrollerBP/Maps/SideScrollerExampleMap.SideScrollerExampleMap:PersistentLevel' has LevelScriptBlueprint '/Game/SideScrollerBP/Maps/SideScrollerExampleMap.SideScrollerExampleMap:PersistentLevel.SideScrollerExampleMap' with GeneratedClass '/Game/SideScrollerBP/Maps/SideScrollerExampleMap.SideScrollerExampleMap_C' with ClassGeneratedBy '/Game/SideScrollerBP/Maps/SideScrollerExampleMap.SideScrollerExampleMap:PersistentLevel.SideScrollerExampleMap'
[2018.05.13-23.23.10:862][691]BlueprintLog: New page: Pre-Play auto-recompile
[2018.05.13-23.23.10:928][691]LogPlayLevel: [PlayLevel] Compiling BP_MainMenu before play...
[2018.05.13-23.23.10:984][691]LogPlayLevel: [PlayLevel]   Compiling ChallengePLZ as a dependent...
[2018.05.13-23.23.10:988][691]LogPlayLevel: [PlayLevel]   Compiling CreditPLZ as a dependent...
[2018.05.13-23.23.11:084][691]LogPlayLevel: [PlayLevel]   Compiling OGSideScrollerGameMode as a dependent...
[2018.05.13-23.23.11:123][691]LogPlayLevel: [PlayLevel]   Compiling StorePLZ as a dependent...
[2018.05.13-23.23.12:554][691]LogPlayLevel: PlayLevel: Blueprint regeneration took 1691 ms (5 blueprints)
[2018.05.13-23.23.12:554][691]PIE: New page: PIE session: SideScrollerExampleMap (May 13, 2018, 3:23:12 PM)
[2018.05.13-23.23.12:556][691]LogPlayLevel: Creating play world package: /Game/SideScrollerBP/Maps/UEDPIE_0_SideScrollerExampleMap
[2018.05.13-23.23.12:609][691]LogPlayLevel: PIE: StaticDuplicateObject took: (0.052642s)
[2018.05.13-23.23.12:611][691]LogAIModule: Creating AISystem for world SideScrollerExampleMap
[2018.05.13-23.23.12:611][691]LogPlayLevel: PIE: World Init took: (0.002173s)
[2018.05.13-23.23.12:612][691]LogPlayLevel: PIE: Created PIE world by copying editor world from /Game/SideScrollerBP/Maps/SideScrollerExampleMap.SideScrollerExampleMap to /Game/SideScrollerBP/Maps/UEDPIE_0_SideScrollerExampleMap.SideScrollerExampleMap (0.055570s)
[2018.05.13-23.23.12:680][691]LogInit: XAudio2 using 'Speaker/Headphone (Realtek High Definition Audio)' : 2 channels at 48 kHz using 32 bits per sample (channel mask 0x3)
[2018.05.13-23.23.12:710][691]LogInit: FAudioDevice initialized.
[2018.05.13-23.23.12:759][691]LogLoad: Game class is 'OGSideScrollerGameMode_C'
[2018.05.13-23.23.12:766][691]LogWorld: Bringing World /Game/SideScrollerBP/Maps/UEDPIE_0_SideScrollerExampleMap.SideScrollerExampleMap up for play (max tick rate 60) at 2018.05.13-19.23.12
[2018.05.13-23.23.12:771][691]LogWorld: Bringing up level for play took: 0.009978
[2018.05.13-23.23.12:982][691]PIE: Play in editor start time for /Game/SideScrollerBP/Maps/UEDPIE_0_SideScrollerExampleMap 2.825
[2018.05.13-23.23.12:983][691]LogBlueprintUserMessages: Late PlayInEditor Detection: Level '/Game/SideScrollerBP/Maps/SideScrollerExampleMap.SideScrollerExampleMap:PersistentLevel' has LevelScriptBlueprint '/Game/SideScrollerBP/Maps/SideScrollerExampleMap.SideScrollerExampleMap:PersistentLevel.SideScrollerExampleMap' with GeneratedClass '/Game/SideScrollerBP/Maps/SideScrollerExampleMap.SideScrollerExampleMap_C' with ClassGeneratedBy '/Game/SideScrollerBP/Maps/SideScrollerExampleMap.SideScrollerExampleMap:PersistentLevel.SideScrollerExampleMap'
[2018.05.13-23.23.14:219][714]LogScript: Warning: Accessed None trying to read property Song
	BP_MainMenu_C /Engine/Transient.UnrealEdEngine_0:RestartGameInstance_C_2.BP_MainMenu_C_6
	Function /Game/RISE/HUBs/BP_MainMenu.BP_MainMenu_C:ExecuteUbergraph_BP_MainMenu:0022
[2018.05.13-23.23.14:279][714]PIE: Error: Blueprint Runtime Error: Accessed None trying to read property Song from function: 'ExecuteUbergraph_BP_MainMenu' from node: Stop in graph: EventGraph in object: BP_MainMenu with description: Accessed None trying to read property Song
[2018.05.13-23.23.19:585][808]LogBlueprintUserMessages: Early EndPlayMap Detection: Level '/Game/SideScrollerBP/Maps/SideScrollerExampleMap.SideScrollerExampleMap:PersistentLevel' has LevelScriptBlueprint '/Game/SideScrollerBP/Maps/SideScrollerExampleMap.SideScrollerExampleMap:PersistentLevel.SideScrollerExampleMap' with GeneratedClass '/Game/SideScrollerBP/Maps/SideScrollerExampleMap.SideScrollerExampleMap_C' with ClassGeneratedBy '/Game/SideScrollerBP/Maps/SideScrollerExampleMap.SideScrollerExampleMap:PersistentLevel.SideScrollerExampleMap'
[2018.05.13-23.23.19:767][808]LogBlueprintUserMessages: Late EndPlayMap Detection: Level '/Game/SideScrollerBP/Maps/SideScrollerExampleMap.SideScrollerExampleMap:PersistentLevel' has LevelScriptBlueprint '/Game/SideScrollerBP/Maps/SideScrollerExampleMap.SideScrollerExampleMap:PersistentLevel.SideScrollerExampleMap' with GeneratedClass '/Game/SideScrollerBP/Maps/SideScrollerExampleMap.SideScrollerExampleMap_C' with ClassGeneratedBy '/Game/SideScrollerBP/Maps/SideScrollerExampleMap.SideScrollerExampleMap:PersistentLevel.SideScrollerExampleMap'
[2018.05.13-23.23.31:261][137]LogSlate: Took 0.000651 seconds to synchronously load lazily loaded font '../../../Engine/Content/Slate/Fonts/Roboto-Light.ttf' (159K)
[2018.05.13-23.24.56:093][  0]LogSavePackage: Save=175.62ms
[2018.05.13-23.24.56:093][  0]LogSavePackage: Moving '../../../../../../Users/MoltenOwl/Documents/GitHub/RISE-Mobile/RISE_GAME/Saved/SideScrollerExampleMap_Auto17051E8314605F209674B81A0D3398371.tmp' to '../../../../../../Users/MoltenOwl/Documents/GitHub/RISE-Mobile/RISE_GAME/Saved/Autosaves/Game/SideScrollerBP/Maps/SideScrollerExampleMap_Auto1.umap'
[2018.05.13-23.24.56:099][  0]LogSavePackage: Display: Finished SavePackage ../../../../../../Users/MoltenOwl/Documents/GitHub/RISE-Mobile/RISE_GAME/Saved/Autosaves/Game/SideScrollerBP/Maps/SideScrollerExampleMap_Auto1.umap
[2018.05.13-23.24.56:117][  0]LogFileHelpers: Editor autosave (incl. sublevels) for '/Game/SideScrollerBP/Maps/SideScrollerExampleMap' took 0.673
[2018.05.13-23.24.56:117][  0]LogFileHelpers: Editor autosave (incl. sublevels) for all levels took 0.673
[2018.05.13-23.24.56:124][  0]OBJ SavePackage: Generating thumbnails for [0] asset(s) in package [/Game/RISE/OGSideScrollerGameMode] ([1] browsable assets)...
[2018.05.13-23.24.56:125][  0]OBJ SavePackage: Finished generating thumbnails for package [/Game/RISE/OGSideScrollerGameMode]
[2018.05.13-23.24.56:435][  0]LogSavePackage: Save=237.42ms
[2018.05.13-23.24.56:435][  0]LogSavePackage: Moving '../../../../../../Users/MoltenOwl/Documents/GitHub/RISE-Mobile/RISE_GAME/Saved/OGSideScrollerGameMode_Auto177C2901F49EC4136F160F5A915903AA0.tmp' to '../../../../../../Users/MoltenOwl/Documents/GitHub/RISE-Mobile/RISE_GAME/Saved/Autosaves/Game/RISE/OGSideScrollerGameMode_Auto1.uasset'
[2018.05.13-23.24.56:439][  0]LogSavePackage: Display: Finished SavePackage ../../../../../../Users/MoltenOwl/Documents/GitHub/RISE-Mobile/RISE_GAME/Saved/Autosaves/Game/RISE/OGSideScrollerGameMode_Auto1.uasset
[2018.05.13-23.24.56:441][  0]OBJ SavePackage: Generating thumbnails for [0] asset(s) in package [/Game/RISE/HUBs/BP_MainMenu] ([1] browsable assets)...
[2018.05.13-23.24.56:441][  0]OBJ SavePackage: Finished generating thumbnails for package [/Game/RISE/HUBs/BP_MainMenu]
[2018.05.13-23.24.56:894][  0]LogSavePackage: Save=383.44ms
[2018.05.13-23.24.56:909][  0]LogSavePackage: Moving '../../../../../../Users/MoltenOwl/Documents/GitHub/RISE-Mobile/RISE_GAME/Saved/BP_MainMenu_Auto1263CBDE448B4DACE20E2CF90286DC98B.tmp' to '../../../../../../Users/MoltenOwl/Documents/GitHub/RISE-Mobile/RISE_GAME/Saved/Autosaves/Game/RISE/HUBs/BP_MainMenu_Auto1.uasset'
[2018.05.13-23.24.56:915][  0]LogSavePackage: Display: Finished SavePackage ../../../../../../Users/MoltenOwl/Documents/GitHub/RISE-Mobile/RISE_GAME/Saved/Autosaves/Game/RISE/HUBs/BP_MainMenu_Auto1.uasset
[2018.05.13-23.24.56:915][  0]LogFileHelpers: Auto-saving content packages took 0.793
[2018.05.13-23.26.19:595][170]LogWindows: Error: === Critical error: ===
[2018.05.13-23.26.19:595][170]LogWindows: Error: 
[2018.05.13-23.26.19:595][170]LogWindows: Error: Fatal error!
[2018.05.13-23.26.19:595][170]LogWindows: Error: 
[2018.05.13-23.26.19:595][170]LogWindows: Error: Unhandled Exception: EXCEPTION_ACCESS_VIOLATION reading address 0x00000000
[2018.05.13-23.26.19:595][170]LogWindows: Error: 
[2018.05.13-23.26.19:595][170]LogWindows: Error: UE4Editor-GraphEditor.dll!0x00000000C6D64A71
[2018.05.13-23.26.19:595][170]LogWindows: Error: UE4Editor-GraphEditor.dll!0x00000000C6DEF10D
[2018.05.13-23.26.19:595][170]LogWindows: Error: UE4Editor-GraphEditor.dll!0x00000000C6DA345B
[2018.05.13-23.26.19:595][170]LogWindows: Error: UE4Editor-Slate.dll!0x00000000D5EAE57E
[2018.05.13-23.26.19:595][170]LogWindows: Error: UE4Editor-Slate.dll!0x00000000D5EAD2E6
[2018.05.13-23.26.19:595][170]LogWindows: Error: UE4Editor-Slate.dll!0x00000000D5DD39A4
[2018.05.13-23.26.19:595][170]LogWindows: Error: UE4Editor-Slate.dll!0x00000000D5DA89B5
[2018.05.13-23.26.19:595][170]LogWindows: Error: UE4Editor-SlateCore.dll!0x00000000D398357A
[2018.05.13-23.26.19:595][170]LogWindows: Error: UE4Editor-SlateCore.dll!0x00000000D3A1B90D
[2018.05.13-23.26.19:596][170]LogWindows: Error: UE4Editor-SlateCore.dll!0x00000000D3A1B90D
[2018.05.13-23.26.19:596][170]LogWindows: Error: UE4Editor-SlateCore.dll!0x00000000D3A1B90D
[2018.05.13-23.26.19:596][170]LogWindows: Error: UE4Editor-SlateCore.dll!0x00000000D3A1B90D
[2018.05.13-23.26.19:596][170]LogWindows: Error: UE4Editor-GraphEditor.dll!0x00000000C6E0E2C2
[2018.05.13-23.26.19:596][170]LogWindows: Error: UE4Editor-Slate.dll!0x00000000D5EB4DB1
[2018.05.13-23.26.19:596][170]LogWindows: Error: UE4Editor-Slate.dll!0x00000000D5C154F5
[2018.05.13-23.26.19:596][170]LogWindows: Error: UE4Editor-Slate.dll!0x00000000D5BE69FE
[2018.05.13-23.26.19:596][170]LogWindows: Error: UE4Editor-Slate.dll!0x00000000D5C7F678
[2018.05.13-23.26.19:596][170]LogWindows: Error: UE4Editor-Slate.dll!0x00000000D5C6AADB
[2018.05.13-23.26.19:596][170]LogWindows: Error: UE4Editor-Slate.dll!0x00000000D5C5B9AB
[2018.05.13-23.26.19:596][170]LogWindows: Error: UE4Editor-Core.dll!0x00000000CFF7B87E
[2018.05.13-23.26.19:596][170]LogWindows: Error: UE4Editor-Core.dll!0x00000000CFF7AB10
[2018.05.13-23.26.19:596][170]LogWindows: Error: UE4Editor-Slate.dll!0x00000000D5C8C6CA
[2018.05.13-23.26.19:596][170]LogWindows: Error: UE4Editor-Slate.dll!0x00000000D5C8B326
[2018.05.13-23.26.19:596][170]LogWindows: Error: UE4Editor.exe!0x00000000E8035DFD
[2018.05.13-23.26.19:596][170]LogWindows: Error: UE4Editor.exe!0x00000000E8043970
[2018.05.13-23.26.19:596][170]LogWindows: Error: UE4Editor.exe!0x00000000E80439EA
[2018.05.13-23.26.19:596][170]LogWindows: Error: UE4Editor.exe!0x00000000E80502D9
[2018.05.13-23.26.19:596][170]LogWindows: Error: UE4Editor.exe!0x00000000E8051C47
[2018.05.13-23.26.19:596][170]LogWindows: Error: KERNEL32.DLL!0x00000000FF9A1FE4
[2018.05.13-23.26.19:596][170]LogWindows: Error: ntdll.dll!0x00000000020AF061
[2018.05.13-23.26.19:596][170]LogWindows: Error: ntdll.dll!0x00000000020AF061
[2018.05.13-23.26.19:596][170]LogWindows: Error: 
[2018.05.13-23.26.19:727][170]LogExit: Executing StaticShutdownAfterError
[2018.05.13-23.26.20:089][170]LogWindows: FPlatformMisc::RequestExit(1)
[2018.05.13-23.26.20:102][170]Log file closed, 05/13/18 19:26:20
