Log file open, 03/05/18 20:26:00
LogWindows: Failed to load 'aqProf.dll' (GetLastError=126)
LogWindows: File 'aqProf.dll' does not exist
LogWindows: Failed to load 'VSPerf140.dll' (GetLastError=126)
LogWindows: File 'VSPerf140.dll' does not exist
LogWindows: Failed to load 'VtuneApi.dll' (GetLastError=126)
LogWindows: File 'VtuneApi.dll' does not exist
LogWindows: Failed to load 'VtuneApi32e.dll' (GetLastError=126)
LogWindows: File 'VtuneApi32e.dll' does not exist
LogInit: Display: Running engine for game: RISE_GAME
LogPlatformFile: Not using cached read wrapper
LogInit: Display: RandInit(217928154) SRandInit(217928154).
LogTaskGraph: Started task graph with 5 named threads and 8 total threads with 3 sets of task threads.
LogStats: Stats thread started at 0.128364
LogD3D11RHI: Aftermath initialized
LogPluginManager: Mounting plugin Paper2D
LogPluginManager: Mounting plugin LightPropagationVolume
LogPluginManager: Mounting plugin CodeLiteSourceCodeAccess
LogPluginManager: Mounting plugin GitSourceControl
LogPluginManager: Mounting plugin KDevelopSourceCodeAccess
LogPluginManager: Mounting plugin NullSourceCodeAccess
LogPluginManager: Mounting plugin PerforceSourceControl
LogPluginManager: Mounting plugin SubversionSourceControl
LogPluginManager: Mounting plugin UObjectPlugin
LogPluginManager: Mounting plugin VisualStudioSourceCodeAccess
LogPluginManager: Mounting plugin XCodeSourceCodeAccess
LogPluginManager: Mounting plugin AssetManagerEditor
LogPluginManager: Mounting plugin AudioCapture
LogPluginManager: Mounting plugin FacialAnimation
LogPluginManager: Mounting plugin GameplayTagsEditor
LogPluginManager: Mounting plugin MobileLauncherProfileWizard
LogPluginManager: Mounting plugin PluginBrowser
LogPluginManager: Mounting plugin SpeedTreeImporter
LogPluginManager: Mounting plugin AlembicImporter
LogPluginManager: Mounting plugin CharacterAI
LogPluginManager: Mounting plugin HTML5Networking
LogPluginManager: Mounting plugin AndroidMedia
LogPluginManager: Mounting plugin AvfMedia
LogPluginManager: Mounting plugin MediaPlayerEditor
LogPluginManager: Mounting plugin WmfMedia
LogPluginManager: Mounting plugin TcpMessaging
LogPluginManager: Mounting plugin UdpMessaging
LogPluginManager: Mounting plugin LevelSequenceEditor
LogPluginManager: Mounting plugin MatineeToLevelSequence
LogPluginManager: Mounting plugin OnlineSubsystemGooglePlay
LogPluginManager: Mounting plugin OnlineSubsystemIOS
LogPluginManager: Mounting plugin OnlineSubsystem
LogPluginManager: Mounting plugin OnlineSubsystemNull
LogPluginManager: Mounting plugin OnlineSubsystemUtils
LogPluginManager: Mounting plugin AndroidDeviceProfileSelector
LogPluginManager: Mounting plugin AndroidMoviePlayer
LogPluginManager: Mounting plugin AndroidPermission
LogPluginManager: Mounting plugin AppleMoviePlayer
LogPluginManager: Mounting plugin ArchVisCharacter
LogPluginManager: Mounting plugin CableComponent
LogPluginManager: Mounting plugin CustomMeshComponent
LogPluginManager: Mounting plugin ExampleDeviceProfileSelector
LogPluginManager: Mounting plugin GoogleCloudMessaging
LogPluginManager: Mounting plugin ImmediatePhysics
LogPluginManager: Mounting plugin IOSDeviceProfileSelector
LogPluginManager: Mounting plugin LinuxDeviceProfileSelector
LogPluginManager: Mounting plugin LocationServicesBPLibrary
LogPluginManager: Mounting plugin MobilePatchingUtils
LogPluginManager: Mounting plugin OculusVR
LogPluginManager: Mounting plugin PhysXVehicles
LogPluginManager: Mounting plugin ProceduralMeshComponent
LogPluginManager: Mounting plugin RuntimePhysXCooking
LogPluginManager: Mounting plugin SteamVR
LogPluginManager: Mounting plugin WindowsMoviePlayer
LogInit: Using libcurl 7.47.1
LogInit:  - built for x86_64-pc-win32
LogInit:  - supports SSL with OpenSSL/1.0.2g
LogInit:  - supports HTTP deflate (compression) using libz 1.2.8
LogInit:  - other features:
LogInit:      CURL_VERSION_SSL
LogInit:      CURL_VERSION_LIBZ
LogInit:      CURL_VERSION_IPV6
LogInit:      CURL_VERSION_ASYNCHDNS
LogInit:      CURL_VERSION_LARGEFILE
LogInit:      CURL_VERSION_IDN
LogInit:  CurlRequestOptions (configurable via config and command line):
LogInit:  - bVerifyPeer = false  - Libcurl will NOT verify peer certificate
LogInit:  - bUseHttpProxy = false  - Libcurl will NOT use HTTP proxy
LogInit:  - bDontReuseConnections = false  - Libcurl will reuse connections
LogInit:  - CertBundlePath = nullptr  - Libcurl will use whatever was configured at build time.
LogHMD: Failed initializing OVRPlugin 1.15.0
LogInit: Build: ++UE4+Release-4.17-CL-3658906
LogInit: Engine Version: 4.17.2-3658906+++UE4+Release-4.17
LogInit: Compatible Engine Version: 4.17.0-3573198+++UE4+Release-4.17
LogInit: Net CL: 3573198
LogDevObjectVersion: Number of dev versions registered: 16
LogDevObjectVersion:   Dev-Blueprints (B0D832E4-1F89-4F0D-ACCF-7EB736FD4AA2): 10
LogDevObjectVersion:   Dev-Build (E1C64328-A22C-4D53-A36C-8E866417BD8C): 0
LogDevObjectVersion:   Dev-Core (375EC13C-06E4-48FB-B500-84F0262A717E): 2
LogDevObjectVersion:   Dev-Editor (E4B068ED-F494-42E9-A231-DA0B2E46BB41): 20
LogDevObjectVersion:   Dev-Framework (CFFC743F-43B0-4480-9391-14DF171D2073): 28
LogDevObjectVersion:   Dev-Mobile (B02B49B5-BB20-44E9-A304-32B752E40360): 0
LogDevObjectVersion:   Dev-Networking (A4E4105C-59A1-49B5-A7C5-40C4547EDFEE): 0
LogDevObjectVersion:   Dev-Online (39C831C9-5AE6-47DC-9A44-9C173E1C8E7C): 0
LogDevObjectVersion:   Dev-Physics (78F01B33-EBEA-4F98-B9B4-84EACCB95AA2): 0
LogDevObjectVersion:   Dev-Platform (6631380F-2D4D-43E0-8009-CF276956A95A): 0
LogDevObjectVersion:   Dev-Rendering (12F88B9F-8875-4AFC-A67C-D90C383ABD29): 19
LogDevObjectVersion:   Dev-Sequencer (7B5AE74C-D270-4C10-A958-57980B212A5A): 4
LogDevObjectVersion:   Dev-VR (D7296918-1DD6-4BDD-9DE2-64A83CC13884): 0
LogDevObjectVersion:   Dev-LoadTimes (C2A15278-BFE7-4AFE-6C17-90FF531DF755): 1
LogDevObjectVersion:   Private-Geometry (6EACA3D4-40EC-4CC1-B786-8BED09428FC5): 1
LogDevObjectVersion:   Dev-AnimPhys (29E575DD-E0A3-4627-9D10-D276232CDCEA): 7
LogInit: Compiled (64-bit): Sep 22 2017 13:47:16
LogInit: Compiled with Visual C++: 19.00.24215.01
LogInit: Build Configuration: Development
LogInit: Branch Name: ++UE4+Release-4.17
LogInit: Command line:  
LogInit: Base directory: C:/Program Files/Epic Games/UE_4.17/Engine/Binaries/Win64/
LogInit: Installed Engine Build: 1
LogInit: Presizing for max 8388607 objects, including 0 objects not considered by GC, pre-allocating 0 bytes for permanent pool.
LogInit: Object subsystem initialized
[2018.03.06-00.26.02:662][  0]LogInit: Selected Device Profile: [Windows]
[2018.03.06-00.26.02:662][  0]LogInit: Applying CVar settings loaded from the selected device profile: [Windows]
[2018.03.06-00.26.02:716][  0]LogInit: Computer: DESKTOP-SJI2LPG
[2018.03.06-00.26.02:716][  0]LogInit: User: isma0
[2018.03.06-00.26.02:717][  0]LogInit: CPU Page size=4096, Cores=2
[2018.03.06-00.26.02:717][  0]LogInit: High frequency timer resolution =2.531250 MHz
[2018.03.06-00.26.02:717][  0]LogMemory: Memory total: Physical=23.9GB (24GB approx)
[2018.03.06-00.26.02:717][  0]LogMemory: Platform Memory Stats for Windows
[2018.03.06-00.26.02:717][  0]LogMemory: Process Physical Memory: 281.38 MB used, 281.38 MB peak
[2018.03.06-00.26.02:717][  0]LogMemory: Process Virtual Memory: 277.44 MB used, 277.44 MB peak
[2018.03.06-00.26.02:717][  0]LogMemory: Physical Memory: 6023.46 MB used,  18416.48 MB free, 24439.95 MB total
[2018.03.06-00.26.02:717][  0]LogMemory: Virtual Memory: 732.07 MB used,  18416.48 MB free, 134217728.00 MB total
[2018.03.06-00.26.03:250][  0]LogInit: Using OS detected language (en-US).
[2018.03.06-00.26.03:250][  0]LogInit: Using OS detected locale (en-US).
[2018.03.06-00.26.03:254][  0]LogTextLocalizationManager: No specific localization for 'en-US' exists, so the 'en' localization will be used.
[2018.03.06-00.26.04:070][  0]LogD3D11RHI: D3D11 adapters:
[2018.03.06-00.26.04:130][  0]LogD3D11RHI:    0. 'NVIDIA GeForce 940MX' (Feature Level 11_0)
[2018.03.06-00.26.04:130][  0]LogD3D11RHI:       2010/0/12219 MB DedicatedVideo/DedicatedSystem/SharedSystem, Outputs:1, VendorId:0x10de
[2018.03.06-00.26.04:141][  0]LogD3D11RHI:    1. 'Intel(R) HD Graphics 520' (Feature Level 11_0)
[2018.03.06-00.26.04:142][  0]LogD3D11RHI:       128/0/12219 MB DedicatedVideo/DedicatedSystem/SharedSystem, Outputs:0, VendorId:0x8086
[2018.03.06-00.26.04:147][  0]LogD3D11RHI:    2. 'Microsoft Basic Render Driver' (Feature Level 11_0)
[2018.03.06-00.26.04:147][  0]LogD3D11RHI:       0/0/12219 MB DedicatedVideo/DedicatedSystem/SharedSystem, Outputs:0, VendorId:0x1414
[2018.03.06-00.26.04:147][  0]LogD3D11RHI: Chosen D3D11 Adapter: 0
[2018.03.06-00.26.04:155][  0]LogD3D11RHI: Creating new Direct3DDevice
[2018.03.06-00.26.04:155][  0]LogD3D11RHI:     GPU DeviceId: 0x179c (for the marketing name, search the web for "GPU Device Id")
[2018.03.06-00.26.04:155][  0]LogWindows: EnumDisplayDevices:
[2018.03.06-00.26.04:155][  0]LogWindows:    0. 'Intel(R) HD Graphics 520' (P:1 D:1)
[2018.03.06-00.26.04:156][  0]LogWindows:    1. 'Intel(R) HD Graphics 520' (P:0 D:0)
[2018.03.06-00.26.04:156][  0]LogWindows:    2. 'Intel(R) HD Graphics 520' (P:0 D:0)
[2018.03.06-00.26.04:156][  0]LogWindows: DebugString: GetVideoDriverDetailsInvalid PrimaryIsNotTheChoosenAdapter GetVideoDriverDetailsInvalid PrimaryIsNotTheChoosenAdapter GetVideoDriverDetailsInvalid PrimaryIsNotTheChoosenAdapter FoundDriverCount:0 
[2018.03.06-00.26.04:156][  0]LogD3D11RHI:     Adapter Name: NVIDIA GeForce 940MX
[2018.03.06-00.26.04:156][  0]LogD3D11RHI:   Driver Version: Unknown (internal:Unknown, unified:Unknown)
[2018.03.06-00.26.04:156][  0]LogD3D11RHI:      Driver Date: Unknown
[2018.03.06-00.26.04:156][  0]LogRHI: Texture pool is 1361 MB (70% of 1945 MB)
[2018.03.06-00.26.04:199][  0]LogD3D11RHI: Async texture creation enabled
[2018.03.06-00.26.04:218][  0]LogD3D11RHI: GPU Timing Frequency: 1000.000000 (Debug: 2 2)
[2018.03.06-00.26.04:219][  0]LogShaderCompilers: Guid format shader working directory is -31 characters bigger than the processId version (../../../../../../Users/isma0/Documents/Unreal Projects/RISE-Mobile/RISE_GAME/Intermediate/Shaders/WorkingDirectory/3816/).
[2018.03.06-00.26.04:219][  0]LogShaderCompilers: Cleaned the shader compiler working directory 'C:/Users/isma0/AppData/Local/Temp/UnrealShaderWorkingDir/028DA3C248902AB49B195D84BE3D491B/'.
[2018.03.06-00.26.04:219][  0]LogShaderCompilers: Display: Using Local Shader Compiler.
[2018.03.06-00.26.05:362][  0]LogTemp: Display: Loaded TP AllDesktopTargetPlatform
[2018.03.06-00.26.05:421][  0]LogTemp: Display: Loaded TP MacClientTargetPlatform
[2018.03.06-00.26.05:482][  0]LogTemp: Display: Loaded TP MacNoEditorTargetPlatform
[2018.03.06-00.26.05:541][  0]LogTemp: Display: Loaded TP MacServerTargetPlatform
[2018.03.06-00.26.05:603][  0]LogTemp: Display: Loaded TP MacTargetPlatform
[2018.03.06-00.26.05:669][  0]LogTemp: Display: Loaded TP WindowsClientTargetPlatform
[2018.03.06-00.26.05:731][  0]LogTemp: Display: Loaded TP WindowsNoEditorTargetPlatform
[2018.03.06-00.26.05:791][  0]LogTemp: Display: Loaded TP WindowsServerTargetPlatform
[2018.03.06-00.26.05:851][  0]LogTemp: Display: Loaded TP WindowsTargetPlatform
[2018.03.06-00.26.05:913][  0]LogTemp: Display: Loaded TP AndroidTargetPlatform
[2018.03.06-00.26.05:974][  0]LogTemp: Display: Loaded TP Android_ASTCTargetPlatform
[2018.03.06-00.26.06:034][  0]LogTemp: Display: Loaded TP Android_ATCTargetPlatform
[2018.03.06-00.26.06:101][  0]LogTemp: Display: Loaded TP Android_DXTTargetPlatform
[2018.03.06-00.26.06:169][  0]LogTemp: Display: Loaded TP Android_ETC1TargetPlatform
[2018.03.06-00.26.06:232][  0]LogTemp: Display: Loaded TP Android_ETC2TargetPlatform
[2018.03.06-00.26.06:352][  0]LogTemp: Display: Loaded TP Android_MultiTargetPlatform
[2018.03.06-00.26.06:352][  0]LogTemp: Display: Loaded TP Android_PVRTCTargetPlatform
[2018.03.06-00.26.06:402][  0]LogTemp: Display: Loaded TP HTML5TargetPlatform
[2018.03.06-00.26.06:516][  0]LogTemp: Display: Loaded TP IOSTargetPlatform
[2018.03.06-00.26.06:557][  0]LogTemp: Display: Loaded TP TVOSTargetPlatform
[2018.03.06-00.26.06:617][  0]LogTemp: Display: Loaded TP LinuxClientTargetPlatform
[2018.03.06-00.26.06:677][  0]LogTemp: Display: Loaded TP LinuxNoEditorTargetPlatform
[2018.03.06-00.26.06:739][  0]LogTemp: Display: Loaded TP LinuxServerTargetPlatform
[2018.03.06-00.26.06:806][  0]LogTemp: Display: Loaded TP LinuxTargetPlatform
[2018.03.06-00.26.06:806][  0]LogTargetPlatformManager: Display: Building Assets For Windows
[2018.03.06-00.26.07:450][  0]LogDerivedDataCache: Display: Max Cache Size: 512 MB
[2018.03.06-00.26.07:537][  0]LogDerivedDataCache: Loaded boot cache 0.09s 93MB C:/Users/isma0/AppData/Local/UnrealEngine/4.17/DerivedDataCache/Boot.ddc.
[2018.03.06-00.26.07:537][  0]LogDerivedDataCache: Display: Loaded Boot cache: C:/Users/isma0/AppData/Local/UnrealEngine/4.17/DerivedDataCache/Boot.ddc
[2018.03.06-00.26.07:537][  0]LogDerivedDataCache: FDerivedDataBackendGraph:  Pak pak cache file ../../../../../../Users/isma0/Documents/Unreal Projects/RISE-Mobile/RISE_GAME/DerivedDataCache/DDC.ddp not found, will not use a pak cache.
[2018.03.06-00.26.07:537][  0]LogDerivedDataCache: Unable to find inner node Pak for hierarchical cache Hierarchy.
[2018.03.06-00.26.07:537][  0]LogDerivedDataCache: FDerivedDataBackendGraph:  CompressedPak pak cache file ../../../../../../Users/isma0/Documents/Unreal Projects/RISE-Mobile/RISE_GAME/DerivedDataCache/Compressed.ddp not found, will not use a pak cache.
[2018.03.06-00.26.07:537][  0]LogDerivedDataCache: Unable to find inner node CompressedPak for hierarchical cache Hierarchy.
[2018.03.06-00.26.07:556][  0]LogDerivedDataCache: Display: Pak cache opened for reading ../../../Engine/DerivedDataCache/Compressed.ddp.
[2018.03.06-00.26.07:570][  0]LogDerivedDataCache: Using Local data cache path C:/Users/isma0/AppData/Local/UnrealEngine/Common/DerivedDataCache: Writable
[2018.03.06-00.26.07:580][  0]LogMaterial: Verifying Global Shaders for PCD3D_SM5
[2018.03.06-00.26.07:580][  0]LogSlate: Using Freetype 2.6.0
[2018.03.06-00.26.07:581][  0]LogSlate: SlateFontCache - WITH_FREETYPE: 1, WITH_HARFBUZZ: 1
[2018.03.06-00.26.07:581][  0]LogSlate: SlateFontCache - WITH_FREETYPE: 1, WITH_HARFBUZZ: 1
[2018.03.06-00.26.07:881][  0]LogAssetRegistry: FAssetRegistry took 0.0283 seconds to start up
[2018.03.06-00.26.08:031][  0]LogInit: Selected Device Profile: [Windows]
[2018.03.06-00.26.08:224][  0]LogContentStreaming: Texture pool size is 0.00 MB
[2018.03.06-00.26.08:619][  0]LogSimplygon: Simplygon DLL not present - disabling.
[2018.03.06-00.26.08:673][  0]LogMeshReduction: Using SimplygonSwarm for distributed automatic mesh merging
[2018.03.06-00.26.08:673][  0]LogMeshReduction: Using QuadricMeshReduction for automatic static mesh reduction
[2018.03.06-00.26.08:673][  0]LogMeshReduction: No automatic skeletal mesh reduction module available
[2018.03.06-00.26.08:673][  0]LogMeshReduction: No automatic mesh merging module available
[2018.03.06-00.26.08:673][  0]LogMeshMerging: No automatic mesh merging module available
[2018.03.06-00.26.09:092][  0]LogNetVersion: RISE_GAME , NetCL: 3573198, EngineNetVer: 2, GameNetVer: 0 (Checksum: 1739909859)
[2018.03.06-00.26.09:423][  0]LogPackageLocalizationCache: Processed 5 localized package path(s) for 2 prioritized culture(s) in 0.115597 seconds
[2018.03.06-00.26.09:430][  0]LogUObjectArray: 35825 objects as part of root set at end of initial load.
[2018.03.06-00.26.09:430][  0]LogUObjectAllocator: 7529104 out of 0 bytes used by permanent object pool.
[2018.03.06-00.26.09:430][  0]LogUObjectArray: CloseDisregardForGC: 0/0 objects in disregard for GC pool
[2018.03.06-00.26.09:505][  0]LogInit: WinSock: version 1.1 (2.2), MaxSocks=32767, MaxUdp=65467
[2018.03.06-00.26.15:809][  0]LogTcpMessaging: Initializing TcpMessaging bridge
[2018.03.06-00.26.15:856][  0]LogUdpMessaging: Initializing bridge on interface 0.0.0.0:0 to multicast group 230.0.0.1:6666.
[2018.03.06-00.26.16:675][  0]LogMaterial: Uniform references updated for custom material expression Custom.
[2018.03.06-00.26.17:194][  0]SourceControl: Source control is disabled
[2018.03.06-00.26.17:194][  0]SourceControl: Source control is disabled
[2018.03.06-00.26.17:259][  0]SourceControl: Source control is disabled
[2018.03.06-00.26.17:322][  0]SourceControl: Source control is disabled
[2018.03.06-00.26.18:080][  0]LogAndroidPermission: UAndroidPermissionCallbackProxy::GetInstance
[2018.03.06-00.26.18:398][  0]LogOcInput: OculusInput pre-init called
[2018.03.06-00.26.18:728][  0]LogEngine: Initializing Engine...
[2018.03.06-00.26.18:732][  0]LogHMD: Failed to initialize OpenVR with code 110
[2018.03.06-00.26.18:962][  0]LogStats: UGameplayTagsManager::ConstructGameplayTagTree: Construct from data asset -  0.000 s
[2018.03.06-00.26.18:962][  0]LogStats: UGameplayTagsManager::ConstructGameplayTagTree: GameplayTagTreeChangedEvent.Broadcast -  0.000 s
[2018.03.06-00.26.19:119][  0]LogAIModule: Creating AISystem for world Untitled
[2018.03.06-00.26.19:134][  0]LogInit: XAudio2 using 'Speakers (Realtek High Definition Audio)' : 2 channels at 48 kHz using 32 bits per sample (channel mask 0x3)
[2018.03.06-00.26.19:284][  0]LogInit: FAudioDevice initialized.
[2018.03.06-00.26.20:178][  0]LogDerivedDataCache: Saved boot cache 0.89s 93MB C:/Users/isma0/AppData/Local/UnrealEngine/4.17/DerivedDataCache/Boot.ddc.
[2018.03.06-00.26.20:188][  0]LogInit: Texture streaming: Enabled
[2018.03.06-00.26.20:340][  0]LogEngineSessionManager: EngineSessionManager initialized
[2018.03.06-00.26.20:604][  0]LogInit: Transaction tracking system initialized
[2018.03.06-00.26.20:982][  0]BlueprintLog: New page: Editor Load
[2018.03.06-00.26.22:079][  0]LocalizationService: Localization service is disabled
[2018.03.06-00.26.22:947][  0]LogConsoleResponse: Display: 
[2018.03.06-00.26.23:210][  0]LogCook: Display: Max memory allowance for cook 16384mb min free memory 0mb
[2018.03.06-00.26.23:211][  0]LogCook: Display: Mobile HDR setting 1
[2018.03.06-00.26.23:211][  0]LogGameplayTags: Display: UGameplayTagsManager::DoneAddingNativeTags. DelegateIsBound: 0
[2018.03.06-00.26.24:131][  0]LogFileCache: Scanning file cache for directory 'C:/Users/isma0/Documents/Unreal Projects/RISE-Mobile/RISE_GAME/Content/' took 0.01s
[2018.03.06-00.26.24:596][  0]SourceControl: Source control is disabled
[2018.03.06-00.26.24:596][  0]Cmd: MAP LOAD FILE="../../../../../../Users/isma0/Documents/Unreal Projects/RISE-Mobile/RISE_GAME/Content/SideScrollerBP/Maps/SideScrollerExampleMap.umap" TEMPLATE=0 SHOWPROGRESS=1 FEATURELEVEL=3
[2018.03.06-00.26.24:596][  0]LightingResults: New page: Lighting Build
[2018.03.06-00.26.24:645][  0]MapCheck: New page: Map Check
[2018.03.06-00.26.24:645][  0]LightingResults: New page: Lighting Build
[2018.03.06-00.26.39:515][  0]LogAIModule: Creating AISystem for world SideScrollerExampleMap
[2018.03.06-00.26.39:526][  0]LogEditorServer: Finished looking for orphan Actors (0.000 secs)
[2018.03.06-00.26.39:553][  0]Cmd: MAP CHECKDEP NOCLEARLOG
[2018.03.06-00.26.39:613][  0]MapCheck: Map check complete: 0 Error(s), 0 Warning(s), took 59.974ms to complete.
[2018.03.06-00.26.39:613][  0]LogFileHelpers: Loading map 'SideScrollerExampleMap' took 15.017
[2018.03.06-00.26.39:680][  0]LogWindowsTextInputMethodSystem: Display: IME system now deactivated.
[2018.03.06-00.26.39:680][  0]LogWindowsTextInputMethodSystem: Display: IME system now deactivated.
[2018.03.06-00.26.39:798][  0]LogCollectionManager: Loaded 0 collections in 0.002336 seconds
[2018.03.06-00.26.39:892][  0]LogFileCache: Scanning file cache for directory 'C:/Users/isma0/Documents/Unreal Projects/RISE-Mobile/RISE_GAME/Saved/Collections/' took 0.01s
[2018.03.06-00.26.39:892][  0]LogFileCache: Scanning file cache for directory 'C:/Users/isma0/Documents/Unreal Projects/RISE-Mobile/RISE_GAME/Content/Developers/isma0/Collections/' took 0.01s
[2018.03.06-00.26.39:892][  0]LogFileCache: Scanning file cache for directory 'C:/Users/isma0/Documents/Unreal Projects/RISE-Mobile/RISE_GAME/Content/Collections/' took 0.01s
[2018.03.06-00.26.39:892][  0]LogCollectionManager: Rebuilt the GUID cache for 0 collections in 0.000001 seconds
[2018.03.06-00.26.39:902][  0]LogContentBrowser: Native class hierarchy populated in 0.0098 seconds. Added 2386 classes and 500 folders.
[2018.03.06-00.26.39:976][  0]LogContentBrowser: Native class hierarchy updated for 'WidgetCarousel' in 0.0009 seconds. Added 0 classes and 0 folders.
[2018.03.06-00.26.40:030][  0]LogContentBrowser: Native class hierarchy updated for 'AddContentDialog' in 0.0008 seconds. Added 0 classes and 0 folders.
[2018.03.06-00.26.40:083][  0]LogContentBrowser: Native class hierarchy updated for 'SceneOutliner' in 0.0008 seconds. Added 1 classes and 2 folders.
[2018.03.06-00.26.40:174][  0]LogSlate: Took 0.000281 seconds to synchronously load lazily loaded font '../../../Engine/Content/Slate/Fonts/Roboto-Regular.ttf' (155K)
[2018.03.06-00.26.40:177][  0]LogSlate: Took 0.000295 seconds to synchronously load lazily loaded font '../../../Engine/Content/Slate/Fonts/Roboto-Bold.ttf' (160K)
[2018.03.06-00.26.40:186][  0]LogSlate: Took 0.000285 seconds to synchronously load lazily loaded font '../../../Engine/Content/Editor/Slate/Fonts/FontAwesome.ttf' (139K)
[2018.03.06-00.26.40:334][  0]LogRenderer: Reallocating scene render targets to support 964x448 Format 10 NumSamples 1 (Frame:1).
[2018.03.06-00.26.40:524][  0]LogContentBrowser: Native class hierarchy updated for 'HierarchicalLODOutliner' in 0.0007 seconds. Added 1 classes and 2 folders.
[2018.03.06-00.26.40:525][  0]LogLoad: (Engine Initialization) Total time: 43.31 seconds
[2018.03.06-00.26.40:525][  0]LogLoad: (Engine Initialization) Total Blueprint compile time: 0.00 seconds
[2018.03.06-00.26.40:525][  0]LogExternalProfiler: No external profilers were discovered.  External profiling features will not be available.
[2018.03.06-00.26.40:634][  0]LogContentStreaming: Texture pool size now 1000 MB
[2018.03.06-00.26.40:655][  0]LogSlate: Took 0.000211 seconds to synchronously load lazily loaded font '../../../Engine/Content/Slate/Fonts/Roboto-Light.ttf' (159K)
[2018.03.06-00.26.41:574][ 30]LogSlate: Took 0.000183 seconds to synchronously load lazily loaded font '../../../Engine/Content/Slate/Fonts/Roboto-Light.ttf' (159K)
[2018.03.06-00.26.42:811][ 99]LogAssetRegistry: Asset discovery search completed in 34.9525 seconds
[2018.03.06-00.26.42:815][ 99]LogCollectionManager: Rebuilt the object cache for 0 collections in 0.000001 seconds (found 0 objects)
[2018.03.06-00.26.42:815][ 99]LogCollectionManager: Fixed up redirectors for 0 collections in 0.000122 seconds (updated 0 objects)
[2018.03.06-00.26.45:853][280]LogFileCache: Retrieving MD5 hashes for directory 'C:/Users/isma0/Documents/Unreal Projects/RISE-Mobile/RISE_GAME/Content/' took 5.29s
[2018.03.06-00.28.54:254][761]LogTemp: Repeating last play command: Selected Viewport
[2018.03.06-00.28.54:327][761]LogBlueprintUserMessages: Early PlayInEditor Detection: Level '/Game/SideScrollerBP/Maps/SideScrollerExampleMap.SideScrollerExampleMap:PersistentLevel' has LevelScriptBlueprint '/Game/SideScrollerBP/Maps/SideScrollerExampleMap.SideScrollerExampleMap:PersistentLevel.SideScrollerExampleMap' with GeneratedClass '/Game/SideScrollerBP/Maps/SideScrollerExampleMap.SideScrollerExampleMap_C' with ClassGeneratedBy '/Game/SideScrollerBP/Maps/SideScrollerExampleMap.SideScrollerExampleMap:PersistentLevel.SideScrollerExampleMap'
[2018.03.06-00.28.54:327][761]LogPlayLevel: PlayLevel: No blueprints needed recompiling
[2018.03.06-00.28.54:328][761]PIE: New page: PIE session: SideScrollerExampleMap (Mar 5, 2018, 4:28:54 PM)
[2018.03.06-00.28.54:329][761]LogPlayLevel: Creating play world package: /Game/SideScrollerBP/Maps/UEDPIE_0_SideScrollerExampleMap
[2018.03.06-00.28.54:350][761]LogPlayLevel: PIE: StaticDuplicateObject took: (0.021214s)
[2018.03.06-00.28.54:351][761]LogAIModule: Creating AISystem for world SideScrollerExampleMap
[2018.03.06-00.28.54:352][761]LogPlayLevel: PIE: World Init took: (0.001138s)
[2018.03.06-00.28.54:352][761]LogPlayLevel: PIE: Created PIE world by copying editor world from /Game/SideScrollerBP/Maps/SideScrollerExampleMap.SideScrollerExampleMap to /Game/SideScrollerBP/Maps/UEDPIE_0_SideScrollerExampleMap.SideScrollerExampleMap (0.022793s)
[2018.03.06-00.28.54:379][761]LogInit: XAudio2 using 'Speakers (Realtek High Definition Audio)' : 2 channels at 48 kHz using 32 bits per sample (channel mask 0x3)
[2018.03.06-00.28.54:417][761]LogInit: FAudioDevice initialized.
[2018.03.06-00.28.54:481][761]LogLoad: Game class is 'OGSideScrollerGameMode_C'
[2018.03.06-00.28.54:490][761]LogWorld: Bringing World /Game/SideScrollerBP/Maps/UEDPIE_0_SideScrollerExampleMap.SideScrollerExampleMap up for play (max tick rate 60) at 2018.03.05-20.28.54
[2018.03.06-00.28.54:494][761]LogWorld: Bringing up level for play took: 0.009406
[2018.03.06-00.28.54:559][761]LogContentBrowser: Native class hierarchy updated for 'MovieSceneCapture' in 0.0007 seconds. Added 11 classes and 0 folders.
[2018.03.06-00.28.54:611][761]PIE: Play in editor start time for /Game/SideScrollerBP/Maps/UEDPIE_0_SideScrollerExampleMap -0.023
[2018.03.06-00.28.54:612][761]LogBlueprintUserMessages: Late PlayInEditor Detection: Level '/Game/SideScrollerBP/Maps/SideScrollerExampleMap.SideScrollerExampleMap:PersistentLevel' has LevelScriptBlueprint '/Game/SideScrollerBP/Maps/SideScrollerExampleMap.SideScrollerExampleMap:PersistentLevel.SideScrollerExampleMap' with GeneratedClass '/Game/SideScrollerBP/Maps/SideScrollerExampleMap.SideScrollerExampleMap_C' with ClassGeneratedBy '/Game/SideScrollerBP/Maps/SideScrollerExampleMap.SideScrollerExampleMap:PersistentLevel.SideScrollerExampleMap'
[2018.03.06-00.29.08:496][581]LogBlueprintUserMessages: Early EndPlayMap Detection: Level '/Game/SideScrollerBP/Maps/SideScrollerExampleMap.SideScrollerExampleMap:PersistentLevel' has LevelScriptBlueprint '/Game/SideScrollerBP/Maps/SideScrollerExampleMap.SideScrollerExampleMap:PersistentLevel.SideScrollerExampleMap' with GeneratedClass '/Game/SideScrollerBP/Maps/SideScrollerExampleMap.SideScrollerExampleMap_C' with ClassGeneratedBy '/Game/SideScrollerBP/Maps/SideScrollerExampleMap.SideScrollerExampleMap:PersistentLevel.SideScrollerExampleMap'
[2018.03.06-00.29.08:538][581]LogBlueprintUserMessages: Late EndPlayMap Detection: Level '/Game/SideScrollerBP/Maps/SideScrollerExampleMap.SideScrollerExampleMap:PersistentLevel' has LevelScriptBlueprint '/Game/SideScrollerBP/Maps/SideScrollerExampleMap.SideScrollerExampleMap:PersistentLevel.SideScrollerExampleMap' with GeneratedClass '/Game/SideScrollerBP/Maps/SideScrollerExampleMap.SideScrollerExampleMap_C' with ClassGeneratedBy '/Game/SideScrollerBP/Maps/SideScrollerExampleMap.SideScrollerExampleMap:PersistentLevel.SideScrollerExampleMap'
[2018.03.06-00.29.14:817][893]LogSlate: Took 0.000192 seconds to synchronously load lazily loaded font '../../../Engine/Content/Slate/Fonts/Roboto-Light.ttf' (159K)
[2018.03.06-00.29.15:313][893]LogContentBrowser: Native class hierarchy updated for 'BlueprintGraph' in 0.0010 seconds. Added 113 classes and 0 folders.
[2018.03.06-00.29.16:126][893]LogSlate: Took 0.000154 seconds to synchronously load lazily loaded font '../../../Engine/Content/Slate/Fonts/Roboto-Regular.ttf' (155K)
[2018.03.06-00.29.16:368][893]LogSlate: Took 0.030463 seconds to synchronously load lazily loaded font '../../../Engine/Content/Editor/Slate/Fonts/Roboto-BoldCondensed.ttf' (158K)
[2018.03.06-00.29.16:600][894]LogSlate: Took 0.017461 seconds to synchronously load lazily loaded font '../../../Engine/Content/Editor/Slate/Fonts/Roboto-Italic.ttf' (157K)
[2018.03.06-00.29.24:638][373]LogRenderer: Reallocating scene render targets to support 1008x564 Format 10 NumSamples 1 (Frame:1).
[2018.03.06-00.30.40:341][771]LogSlate: Took 0.011893 seconds to synchronously load lazily loaded font '../../../Engine/Content/Editor/Slate/Fonts/Roboto-BoldCondensedItalic.ttf' (160K)
[2018.03.06-00.30.47:808][211]LogTemp: Dropped Space1 on Category Flooring
[2018.03.06-00.31.04:636][179]BlueprintLog: New page: Compile OGSideScrollerGameMode
[2018.03.06-00.31.06:319][215]Cmd: OBJ SAVEPACKAGE PACKAGE="/Game/RISE/OGSideScrollerGameMode" FILE="../../../../../../Users/isma0/Documents/Unreal Projects/RISE-Mobile/RISE_GAME/Content/RISE/OGSideScrollerGameMode.uasset" SILENT=true
[2018.03.06-00.31.06:420][215]LogSavePackage: Save=75.87ms
[2018.03.06-00.31.06:420][215]LogSavePackage: Moving '../../../../../../Users/isma0/Documents/Unreal Projects/RISE-Mobile/RISE_GAME/Saved/OGSideScrollerGameMode6985ABD84A20B998F9A41FB97A48ED7F.tmp' to '../../../../../../Users/isma0/Documents/Unreal Projects/RISE-Mobile/RISE_GAME/Content/RISE/OGSideScrollerGameMode.uasset'
[2018.03.06-00.31.06:430][215]LogSavePackage: Display: Finished SavePackage ../../../../../../Users/isma0/Documents/Unreal Projects/RISE-Mobile/RISE_GAME/Content/RISE/OGSideScrollerGameMode.uasset
[2018.03.06-00.45.51:169][806]LogSavePackage: Save=64.41ms
[2018.03.06-00.45.51:169][806]LogSavePackage: Moving '../../../../../../Users/isma0/Documents/Unreal Projects/RISE-Mobile/RISE_GAME/Saved/SideScrollerExampleMap_Auto1B5F44BD34D0F366582895F88D6AEE7C4.tmp' to '../../../../../../Users/isma0/Documents/Unreal Projects/RISE-Mobile/RISE_GAME/Saved/Autosaves/Game/SideScrollerBP/Maps/SideScrollerExampleMap_Auto1.umap'
[2018.03.06-00.45.51:176][806]LogSavePackage: Display: Finished SavePackage ../../../../../../Users/isma0/Documents/Unreal Projects/RISE-Mobile/RISE_GAME/Saved/Autosaves/Game/SideScrollerBP/Maps/SideScrollerExampleMap_Auto1.umap
[2018.03.06-00.45.51:181][806]LogFileHelpers: Editor autosave (incl. sublevels) for '/Game/SideScrollerBP/Maps/SideScrollerExampleMap' took 0.173
[2018.03.06-00.45.51:181][806]LogFileHelpers: Editor autosave (incl. sublevels) for all levels took 0.173
[2018.03.06-00.45.51:187][806]OBJ SavePackage: Generating thumbnails for [1] asset(s) in package [/Game/RISE/LvlGenrating/BP_Level] ([1] browsable assets)...
[2018.03.06-00.45.51:259][806]OBJ SavePackage:     Rendered thumbnail for [Blueprint /Game/RISE/LvlGenrating/BP_Level.BP_Level]
[2018.03.06-00.45.51:259][806]OBJ SavePackage: Finished generating thumbnails for package [/Game/RISE/LvlGenrating/BP_Level]
[2018.03.06-00.45.51:574][806]LogSavePackage: Save=283.71ms
[2018.03.06-00.45.51:574][806]LogSavePackage: Moving '../../../../../../Users/isma0/Documents/Unreal Projects/RISE-Mobile/RISE_GAME/Saved/BP_Level_Auto18E1686164F7E351003292AB9543E540C.tmp' to '../../../../../../Users/isma0/Documents/Unreal Projects/RISE-Mobile/RISE_GAME/Saved/Autosaves/Game/RISE/LvlGenrating/BP_Level_Auto1.uasset'
[2018.03.06-00.45.51:580][806]LogSavePackage: Display: Finished SavePackage ../../../../../../Users/isma0/Documents/Unreal Projects/RISE-Mobile/RISE_GAME/Saved/Autosaves/Game/RISE/LvlGenrating/BP_Level_Auto1.uasset
[2018.03.06-00.45.51:580][806]LogFileHelpers: Auto-saving content packages took 0.398
[2018.03.06-00.47.48:794][633]BlueprintLog: New page: Compile BP_Level
[2018.03.06-00.48.44:124][952]BlueprintLog: New page: Compile BP_Level
[2018.03.06-00.48.45:273][ 10]Cmd: OBJ SAVEPACKAGE PACKAGE="/Game/RISE/LvlGenrating/BP_Level" FILE="../../../../../../Users/isma0/Documents/Unreal Projects/RISE-Mobile/RISE_GAME/Content/RISE/LvlGenrating/BP_Level.uasset" SILENT=true
[2018.03.06-00.48.45:568][ 10]LogSavePackage: Save=279.18ms
[2018.03.06-00.48.45:568][ 10]LogSavePackage: Moving '../../../../../../Users/isma0/Documents/Unreal Projects/RISE-Mobile/RISE_GAME/Saved/BP_Level93376E054D053EB8255F68A63C7E75FB.tmp' to '../../../../../../Users/isma0/Documents/Unreal Projects/RISE-Mobile/RISE_GAME/Content/RISE/LvlGenrating/BP_Level.uasset'
[2018.03.06-00.48.45:580][ 10]LogSavePackage: Display: Finished SavePackage ../../../../../../Users/isma0/Documents/Unreal Projects/RISE-Mobile/RISE_GAME/Content/RISE/LvlGenrating/BP_Level.uasset
[2018.03.06-00.49.11:522][ 39]Cmd: OBJ SAVEPACKAGE PACKAGE="/Game/RISE/LvlGenrating/BP_Level" FILE="../../../../../../Users/isma0/Documents/Unreal Projects/RISE-Mobile/RISE_GAME/Content/RISE/LvlGenrating/BP_Level.uasset" SILENT=true
[2018.03.06-00.49.11:844][ 39]LogSavePackage: Save=305.51ms
[2018.03.06-00.49.11:844][ 39]LogSavePackage: Moving '../../../../../../Users/isma0/Documents/Unreal Projects/RISE-Mobile/RISE_GAME/Saved/BP_Level0981AE044EDF83EA5A87CDBCFEA198E0.tmp' to '../../../../../../Users/isma0/Documents/Unreal Projects/RISE-Mobile/RISE_GAME/Content/RISE/LvlGenrating/BP_Level.uasset'
[2018.03.06-00.49.11:850][ 39]LogSavePackage: Display: Finished SavePackage ../../../../../../Users/isma0/Documents/Unreal Projects/RISE-Mobile/RISE_GAME/Content/RISE/LvlGenrating/BP_Level.uasset
[2018.03.06-00.49.15:576][333]LogSavePackage: Save=58.56ms
[2018.03.06-00.49.15:576][333]LogSavePackage: Moving '../../../../../../Users/isma0/Documents/Unreal Projects/RISE-Mobile/RISE_GAME/Saved/SideScrollerExampleMapDF7B361F4BD9077BD753DE9B47BC75A8.tmp' to '../../../../../../Users/isma0/Documents/Unreal Projects/RISE-Mobile/RISE_GAME/Content/SideScrollerBP/Maps/SideScrollerExampleMap.umap'
[2018.03.06-00.49.15:588][333]LogSavePackage: Display: Finished SavePackage ../../../../../../Users/isma0/Documents/Unreal Projects/RISE-Mobile/RISE_GAME/Content/SideScrollerBP/Maps/SideScrollerExampleMap.umap
[2018.03.06-00.49.16:450][333]LogSavePackage: Save=782.55ms
[2018.03.06-00.49.16:450][333]LogSavePackage: Moving '../../../../../../Users/isma0/Documents/Unreal Projects/RISE-Mobile/RISE_GAME/Saved/SideScrollerExampleMap_BuiltData9AF4EA764209E816A6A6A5922DFED914.tmp' to '../../../../../../Users/isma0/Documents/Unreal Projects/RISE-Mobile/RISE_GAME/Content/SideScrollerBP/Maps/SideScrollerExampleMap_BuiltData.uasset'
[2018.03.06-00.49.16:455][333]LogSavePackage: Display: Finished SavePackage ../../../../../../Users/isma0/Documents/Unreal Projects/RISE-Mobile/RISE_GAME/Content/SideScrollerBP/Maps/SideScrollerExampleMap_BuiltData.uasset
[2018.03.06-00.49.23:018][835]LogTemp: Repeating last play command: Selected Viewport
[2018.03.06-00.49.23:045][835]LogBlueprintUserMessages: Early PlayInEditor Detection: Level '/Game/SideScrollerBP/Maps/SideScrollerExampleMap.SideScrollerExampleMap:PersistentLevel' has LevelScriptBlueprint '/Game/SideScrollerBP/Maps/SideScrollerExampleMap.SideScrollerExampleMap:PersistentLevel.SideScrollerExampleMap' with GeneratedClass '/Game/SideScrollerBP/Maps/SideScrollerExampleMap.SideScrollerExampleMap_C' with ClassGeneratedBy '/Game/SideScrollerBP/Maps/SideScrollerExampleMap.SideScrollerExampleMap:PersistentLevel.SideScrollerExampleMap'
[2018.03.06-00.49.23:045][835]LogPlayLevel: PlayLevel: No blueprints needed recompiling
[2018.03.06-00.49.23:045][835]PIE: New page: PIE session: SideScrollerExampleMap (Mar 5, 2018, 4:49:23 PM)
[2018.03.06-00.49.23:046][835]LogPlayLevel: Creating play world package: /Game/SideScrollerBP/Maps/UEDPIE_0_SideScrollerExampleMap
[2018.03.06-00.49.23:067][835]LogPlayLevel: PIE: StaticDuplicateObject took: (0.020843s)
[2018.03.06-00.49.23:069][835]LogAIModule: Creating AISystem for world SideScrollerExampleMap
[2018.03.06-00.49.23:069][835]LogPlayLevel: PIE: World Init took: (0.001423s)
[2018.03.06-00.49.23:069][835]LogPlayLevel: PIE: Created PIE world by copying editor world from /Game/SideScrollerBP/Maps/SideScrollerExampleMap.SideScrollerExampleMap to /Game/SideScrollerBP/Maps/UEDPIE_0_SideScrollerExampleMap.SideScrollerExampleMap (0.022763s)
[2018.03.06-00.49.23:101][835]LogInit: XAudio2 using 'Speakers (Realtek High Definition Audio)' : 2 channels at 48 kHz using 32 bits per sample (channel mask 0x3)
[2018.03.06-00.49.23:137][835]LogInit: FAudioDevice initialized.
[2018.03.06-00.49.23:187][835]LogLoad: Game class is 'OGSideScrollerGameMode_C'
[2018.03.06-00.49.23:192][835]LogWorld: Bringing World /Game/SideScrollerBP/Maps/UEDPIE_0_SideScrollerExampleMap.SideScrollerExampleMap up for play (max tick rate 0) at 2018.03.05-20.49.23
[2018.03.06-00.49.23:194][835]LogWorld: Bringing up level for play took: 0.005679
[2018.03.06-00.49.23:231][835]PIE: Play in editor start time for /Game/SideScrollerBP/Maps/UEDPIE_0_SideScrollerExampleMap 0.596
[2018.03.06-00.49.23:232][835]LogBlueprintUserMessages: Late PlayInEditor Detection: Level '/Game/SideScrollerBP/Maps/SideScrollerExampleMap.SideScrollerExampleMap:PersistentLevel' has LevelScriptBlueprint '/Game/SideScrollerBP/Maps/SideScrollerExampleMap.SideScrollerExampleMap:PersistentLevel.SideScrollerExampleMap' with GeneratedClass '/Game/SideScrollerBP/Maps/SideScrollerExampleMap.SideScrollerExampleMap_C' with ClassGeneratedBy '/Game/SideScrollerBP/Maps/SideScrollerExampleMap.SideScrollerExampleMap:PersistentLevel.SideScrollerExampleMap'
[2018.03.06-00.50.06:236][494]LogBlueprintUserMessages: Early EndPlayMap Detection: Level '/Game/SideScrollerBP/Maps/SideScrollerExampleMap.SideScrollerExampleMap:PersistentLevel' has LevelScriptBlueprint '/Game/SideScrollerBP/Maps/SideScrollerExampleMap.SideScrollerExampleMap:PersistentLevel.SideScrollerExampleMap' with GeneratedClass '/Game/SideScrollerBP/Maps/SideScrollerExampleMap.SideScrollerExampleMap_C' with ClassGeneratedBy '/Game/SideScrollerBP/Maps/SideScrollerExampleMap.SideScrollerExampleMap:PersistentLevel.SideScrollerExampleMap'
[2018.03.06-00.50.06:310][494]LogBlueprintUserMessages: Late EndPlayMap Detection: Level '/Game/SideScrollerBP/Maps/SideScrollerExampleMap.SideScrollerExampleMap:PersistentLevel' has LevelScriptBlueprint '/Game/SideScrollerBP/Maps/SideScrollerExampleMap.SideScrollerExampleMap:PersistentLevel.SideScrollerExampleMap' with GeneratedClass '/Game/SideScrollerBP/Maps/SideScrollerExampleMap.SideScrollerExampleMap_C' with ClassGeneratedBy '/Game/SideScrollerBP/Maps/SideScrollerExampleMap.SideScrollerExampleMap:PersistentLevel.SideScrollerExampleMap'
[2018.03.06-00.50.18:256][740]Cmd: OBJ SAVEPACKAGE PACKAGE="/Game/RISE/OGSideScrollerGameMode" FILE="../../../../../../Users/isma0/Documents/Unreal Projects/RISE-Mobile/RISE_GAME/Content/RISE/OGSideScrollerGameMode.uasset" SILENT=true
[2018.03.06-00.50.18:365][740]LogSavePackage: Save=84.32ms
[2018.03.06-00.50.18:365][740]LogSavePackage: Moving '../../../../../../Users/isma0/Documents/Unreal Projects/RISE-Mobile/RISE_GAME/Saved/OGSideScrollerGameMode6882DC2B4F116921DD2DA1B00C807367.tmp' to '../../../../../../Users/isma0/Documents/Unreal Projects/RISE-Mobile/RISE_GAME/Content/RISE/OGSideScrollerGameMode.uasset'
[2018.03.06-00.50.18:378][740]LogSavePackage: Display: Finished SavePackage ../../../../../../Users/isma0/Documents/Unreal Projects/RISE-Mobile/RISE_GAME/Content/RISE/OGSideScrollerGameMode.uasset
[2018.03.06-00.50.18:959][796]BlueprintLog: New page: Compile OGSideScrollerGameMode
[2018.03.06-00.50.22:682][ 56]LogTemp: Repeating last play command: Selected Viewport
[2018.03.06-00.50.22:709][ 56]LogBlueprintUserMessages: Early PlayInEditor Detection: Level '/Game/SideScrollerBP/Maps/SideScrollerExampleMap.SideScrollerExampleMap:PersistentLevel' has LevelScriptBlueprint '/Game/SideScrollerBP/Maps/SideScrollerExampleMap.SideScrollerExampleMap:PersistentLevel.SideScrollerExampleMap' with GeneratedClass '/Game/SideScrollerBP/Maps/SideScrollerExampleMap.SideScrollerExampleMap_C' with ClassGeneratedBy '/Game/SideScrollerBP/Maps/SideScrollerExampleMap.SideScrollerExampleMap:PersistentLevel.SideScrollerExampleMap'
[2018.03.06-00.50.22:709][ 56]LogPlayLevel: PlayLevel: No blueprints needed recompiling
[2018.03.06-00.50.22:709][ 56]PIE: New page: PIE session: SideScrollerExampleMap (Mar 5, 2018, 4:50:22 PM)
[2018.03.06-00.50.22:711][ 56]LogPlayLevel: Creating play world package: /Game/SideScrollerBP/Maps/UEDPIE_0_SideScrollerExampleMap
[2018.03.06-00.50.22:732][ 56]LogPlayLevel: PIE: StaticDuplicateObject took: (0.021288s)
[2018.03.06-00.50.22:734][ 56]LogAIModule: Creating AISystem for world SideScrollerExampleMap
[2018.03.06-00.50.22:735][ 56]LogPlayLevel: PIE: World Init took: (0.002593s)
[2018.03.06-00.50.22:735][ 56]LogPlayLevel: PIE: Created PIE world by copying editor world from /Game/SideScrollerBP/Maps/SideScrollerExampleMap.SideScrollerExampleMap to /Game/SideScrollerBP/Maps/UEDPIE_0_SideScrollerExampleMap.SideScrollerExampleMap (0.024645s)
[2018.03.06-00.50.22:769][ 56]LogInit: XAudio2 using 'Speakers (Realtek High Definition Audio)' : 2 channels at 48 kHz using 32 bits per sample (channel mask 0x3)
[2018.03.06-00.50.22:808][ 56]LogInit: FAudioDevice initialized.
[2018.03.06-00.50.22:839][ 56]LogLoad: Game class is 'OGSideScrollerGameMode_C'
[2018.03.06-00.50.22:841][ 56]LogWorld: Bringing World /Game/SideScrollerBP/Maps/UEDPIE_0_SideScrollerExampleMap.SideScrollerExampleMap up for play (max tick rate 0) at 2018.03.05-20.50.22
[2018.03.06-00.50.22:842][ 56]LogWorld: Bringing up level for play took: 0.002477
[2018.03.06-00.50.22:944][ 56]PIE: Play in editor start time for /Game/SideScrollerBP/Maps/UEDPIE_0_SideScrollerExampleMap 0.309
[2018.03.06-00.50.22:944][ 56]LogBlueprintUserMessages: Late PlayInEditor Detection: Level '/Game/SideScrollerBP/Maps/SideScrollerExampleMap.SideScrollerExampleMap:PersistentLevel' has LevelScriptBlueprint '/Game/SideScrollerBP/Maps/SideScrollerExampleMap.SideScrollerExampleMap:PersistentLevel.SideScrollerExampleMap' with GeneratedClass '/Game/SideScrollerBP/Maps/SideScrollerExampleMap.SideScrollerExampleMap_C' with ClassGeneratedBy '/Game/SideScrollerBP/Maps/SideScrollerExampleMap.SideScrollerExampleMap:PersistentLevel.SideScrollerExampleMap'
[2018.03.06-00.51.21:032][ 44]LogBlueprintUserMessages: Early EndPlayMap Detection: Level '/Game/SideScrollerBP/Maps/SideScrollerExampleMap.SideScrollerExampleMap:PersistentLevel' has LevelScriptBlueprint '/Game/SideScrollerBP/Maps/SideScrollerExampleMap.SideScrollerExampleMap:PersistentLevel.SideScrollerExampleMap' with GeneratedClass '/Game/SideScrollerBP/Maps/SideScrollerExampleMap.SideScrollerExampleMap_C' with ClassGeneratedBy '/Game/SideScrollerBP/Maps/SideScrollerExampleMap.SideScrollerExampleMap:PersistentLevel.SideScrollerExampleMap'
[2018.03.06-00.51.21:073][ 44]LogBlueprintUserMessages: Late EndPlayMap Detection: Level '/Game/SideScrollerBP/Maps/SideScrollerExampleMap.SideScrollerExampleMap:PersistentLevel' has LevelScriptBlueprint '/Game/SideScrollerBP/Maps/SideScrollerExampleMap.SideScrollerExampleMap:PersistentLevel.SideScrollerExampleMap' with GeneratedClass '/Game/SideScrollerBP/Maps/SideScrollerExampleMap.SideScrollerExampleMap_C' with ClassGeneratedBy '/Game/SideScrollerBP/Maps/SideScrollerExampleMap.SideScrollerExampleMap:PersistentLevel.SideScrollerExampleMap'
[2018.03.06-00.53.38:645][163]Cmd: OBJ SAVEPACKAGE PACKAGE="/Game/RISE/LvlGenrating/BP_Level" FILE="../../../../../../Users/isma0/Documents/Unreal Projects/RISE-Mobile/RISE_GAME/Content/RISE/LvlGenrating/BP_Level.uasset" SILENT=true
[2018.03.06-00.53.38:956][163]LogSavePackage: Save=292.94ms
[2018.03.06-00.53.38:956][163]LogSavePackage: Moving '../../../../../../Users/isma0/Documents/Unreal Projects/RISE-Mobile/RISE_GAME/Saved/BP_Level7C40477944490504A844A09610534806.tmp' to '../../../../../../Users/isma0/Documents/Unreal Projects/RISE-Mobile/RISE_GAME/Content/RISE/LvlGenrating/BP_Level.uasset'
[2018.03.06-00.53.38:967][163]LogSavePackage: Display: Finished SavePackage ../../../../../../Users/isma0/Documents/Unreal Projects/RISE-Mobile/RISE_GAME/Content/RISE/LvlGenrating/BP_Level.uasset
[2018.03.06-00.53.40:461][295]BlueprintLog: New page: Compile BP_Level
[2018.03.06-00.53.44:032][527]LogActorComponent: UnregisterComponent: (/Engine/Transient.EditorFloorComp) Not registered. Aborting.
[2018.03.06-00.53.47:055][739]LogSavePackage: Save=60.51ms
[2018.03.06-00.53.47:055][739]LogSavePackage: Moving '../../../../../../Users/isma0/Documents/Unreal Projects/RISE-Mobile/RISE_GAME/Saved/SideScrollerExampleMapC8B534544C25616E84806C9681D12995.tmp' to '../../../../../../Users/isma0/Documents/Unreal Projects/RISE-Mobile/RISE_GAME/Content/SideScrollerBP/Maps/SideScrollerExampleMap.umap'
[2018.03.06-00.53.47:067][739]LogSavePackage: Display: Finished SavePackage ../../../../../../Users/isma0/Documents/Unreal Projects/RISE-Mobile/RISE_GAME/Content/SideScrollerBP/Maps/SideScrollerExampleMap.umap
[2018.03.06-00.53.47:106][739]LogFileHelpers: Saving map 'SideScrollerExampleMap' took 0.235
[2018.03.06-00.53.52:224][100]Cmd: QUIT_EDITOR
[2018.03.06-00.53.53:039][100]LogWindowsTextInputMethodSystem: Display: IME system now deactivated.
[2018.03.06-00.53.53:042][100]LogWindowsTextInputMethodSystem: Display: IME system now deactivated.
[2018.03.06-00.53.53:058][100]LogExit: Preparing to exit.
[2018.03.06-00.53.53:428][100]LogDirectoryWatcher: A directory notification for 'C:/Users/isma0/Documents/Unreal Projects/RISE-Mobile/RISE_GAME/Content/' was aborted.
[2018.03.06-00.53.53:469][100]LogExit: Editor shut down
[2018.03.06-00.53.53:474][100]LogExit: Transaction tracking system shut down
[2018.03.06-00.53.53:644][100]LogDirectoryWatcher: A directory notification for '../../../Engine/Content/' was aborted.
[2018.03.06-00.53.53:644][100]LogDirectoryWatcher: A directory notification for '../../../../../../Users/isma0/Documents/Unreal Projects/RISE-Mobile/RISE_GAME/Content/' was aborted.
[2018.03.06-00.53.53:644][100]LogDirectoryWatcher: A directory notification for '../../../Engine/Plugins/2D/Paper2D/Content/' was aborted.
[2018.03.06-00.53.53:644][100]LogDirectoryWatcher: A directory notification for '../../../Engine/Plugins/Runtime/Oculus/OculusVR/Content/' was aborted.
[2018.03.06-00.53.53:644][100]LogDirectoryWatcher: A directory notification for '../../../Engine/Plugins/Runtime/Steam/SteamVR/Content/' was aborted.
[2018.03.06-00.53.53:739][100]LogExit: Object subsystem successfully closed.
[2018.03.06-00.53.53:757][100]LogD3D11RHI: Shutdown
[2018.03.06-00.53.53:757][100]LogD3D11RHI: CleanupD3DDevice
[2018.03.06-00.53.53:890][100]LogD3D11RHI: ~FD3D11DynamicRHI
[2018.03.06-00.53.53:910][100]LogModuleManager: Shutting down and abandoning module BlueprintGraph (536)
[2018.03.06-00.53.53:910][100]LogModuleManager: Shutting down and abandoning module BlueprintProfiler (534)
[2018.03.06-00.53.53:910][100]LogModuleManager: Shutting down and abandoning module MovieSceneCapture (532)
[2018.03.06-00.53.53:910][100]LogModuleManager: Shutting down and abandoning module HierarchicalLODOutliner (530)
[2018.03.06-00.53.53:910][100]LogModuleManager: Shutting down and abandoning module SceneOutliner (528)
[2018.03.06-00.53.53:910][100]LogModuleManager: Shutting down and abandoning module AddContentDialog (526)
[2018.03.06-00.53.53:910][100]LogDirectoryWatcher: A directory notification for 'C:/Program Files/Epic Games/UE_4.17/FeaturePacks/' was aborted.
[2018.03.06-00.53.53:911][100]LogModuleManager: Shutting down and abandoning module WidgetCarousel (525)
[2018.03.06-00.53.53:911][100]LogModuleManager: Shutting down and abandoning module EditorWidgets (522)
[2018.03.06-00.53.53:911][100]LogModuleManager: Shutting down and abandoning module CollectionManager (520)
[2018.03.06-00.53.53:911][100]LogDirectoryWatcher: A directory notification for 'C:/Users/isma0/Documents/Unreal Projects/RISE-Mobile/RISE_GAME/Content/Collections/' was aborted.
[2018.03.06-00.53.53:911][100]LogDirectoryWatcher: A directory notification for 'C:/Users/isma0/Documents/Unreal Projects/RISE-Mobile/RISE_GAME/Content/Developers/isma0/Collections/' was aborted.
[2018.03.06-00.53.53:911][100]LogDirectoryWatcher: A directory notification for 'C:/Users/isma0/Documents/Unreal Projects/RISE-Mobile/RISE_GAME/Saved/Collections/' was aborted.
[2018.03.06-00.53.53:912][100]LogModuleManager: Shutting down and abandoning module StatsViewer (518)
[2018.03.06-00.53.53:912][100]LogModuleManager: Shutting down and abandoning module FoliageEdit (516)
[2018.03.06-00.53.53:912][100]LogModuleManager: Shutting down and abandoning module LandscapeEditor (514)
[2018.03.06-00.53.53:912][100]LogModuleManager: Shutting down and abandoning module MeshPaintMode (512)
[2018.03.06-00.53.53:912][100]LogModuleManager: Shutting down and abandoning module SceneDepthPickerMode (510)
[2018.03.06-00.53.53:912][100]LogModuleManager: Shutting down and abandoning module ActorPickerMode (508)
[2018.03.06-00.53.53:912][100]LogModuleManager: Shutting down and abandoning module GeometryMode (506)
[2018.03.06-00.53.53:912][100]LogModuleManager: Shutting down and abandoning module TextureAlignMode (504)
[2018.03.06-00.53.53:912][100]LogModuleManager: Shutting down and abandoning module BspMode (502)
[2018.03.06-00.53.53:912][100]LogModuleManager: Shutting down and abandoning module PIEPreviewDeviceProfileSelector (500)
[2018.03.06-00.53.53:912][100]LogModuleManager: Shutting down and abandoning module HardwareSurvey (498)
[2018.03.06-00.53.53:912][100]LogModuleManager: Shutting down and abandoning module SequenceRecorderSections (496)
[2018.03.06-00.53.53:912][100]LogModuleManager: Shutting down and abandoning module AutomationWorker (494)
[2018.03.06-00.53.53:912][100]LogModuleManager: Shutting down and abandoning module MatineeToLevelSequence (492)
[2018.03.06-00.53.53:912][100]LogModuleManager: Shutting down and abandoning module LevelSequenceEditor (490)
[2018.03.06-00.53.53:912][100]LogModuleManager: Shutting down and abandoning module PlacementMode (489)
[2018.03.06-00.53.53:912][100]LogModuleManager: Shutting down and abandoning module WmfMediaFactory (486)
[2018.03.06-00.53.53:912][100]LogModuleManager: Shutting down and abandoning module WmfMediaEditor (484)
[2018.03.06-00.53.53:913][100]LogModuleManager: Shutting down and abandoning module AvfMediaFactory (482)
[2018.03.06-00.53.53:913][100]LogModuleManager: Shutting down and abandoning module AvfMediaEditor (480)
[2018.03.06-00.53.53:913][100]LogModuleManager: Shutting down and abandoning module AndroidMediaFactory (478)
[2018.03.06-00.53.53:913][100]LogModuleManager: Shutting down and abandoning module Media (477)
[2018.03.06-00.53.53:913][100]LogModuleManager: Shutting down and abandoning module AndroidMediaEditor (474)
[2018.03.06-00.53.53:913][100]LogModuleManager: Shutting down and abandoning module CharacterAI (472)
[2018.03.06-00.53.53:913][100]LogModuleManager: Shutting down and abandoning module AudioCapture (470)
[2018.03.06-00.53.53:913][100]LogModuleManager: Shutting down and abandoning module SequenceRecorder (469)
[2018.03.06-00.53.53:913][100]LogModuleManager: Shutting down and abandoning module SmartSnapping (466)
[2018.03.06-00.53.53:913][100]LogModuleManager: Shutting down and abandoning module SessionServices (464)
[2018.03.06-00.53.53:913][100]LogModuleManager: Shutting down and abandoning module ViewportSnapping (462)
[2018.03.06-00.53.53:913][100]LogModuleManager: Shutting down and abandoning module ViewportInteraction (460)
[2018.03.06-00.53.53:913][100]LogModuleManager: Shutting down and abandoning module ClothPainter (458)
[2018.03.06-00.53.53:913][100]LogModuleManager: Shutting down and abandoning module LogVisualizer (456)
[2018.03.06-00.53.53:913][100]LogModuleManager: Shutting down and abandoning module IntroTutorials (454)
[2018.03.06-00.53.53:913][100]LogModuleManager: Shutting down and abandoning module GameProjectGeneration (453)
[2018.03.06-00.53.53:913][100]LogModuleManager: Shutting down and abandoning module IOSPlatformEditor (450)
[2018.03.06-00.53.53:913][100]LogModuleManager: Shutting down and abandoning module HTML5PlatformEditor (448)
[2018.03.06-00.53.53:913][100]LogModuleManager: Shutting down and abandoning module AndroidPlatformEditor (446)
[2018.03.06-00.53.53:913][100]LogModuleManager: Shutting down and abandoning module AndroidDeviceDetection (445)
[2018.03.06-00.53.54:151][100]LogModuleManager: Shutting down and abandoning module WindowsPlatformEditor (442)
[2018.03.06-00.53.54:151][100]LogModuleManager: Shutting down and abandoning module IOSRuntimeSettings (440)
[2018.03.06-00.53.54:152][100]LogModuleManager: Shutting down and abandoning module AndroidRuntimeSettings (438)
[2018.03.06-00.53.54:152][100]LogModuleManager: Shutting down and abandoning module InputBindingEditor (436)
[2018.03.06-00.53.54:152][100]LogModuleManager: Shutting down and abandoning module MergeActors (434)
[2018.03.06-00.53.54:152][100]LogModuleManager: Shutting down and abandoning module SizeMap (432)
[2018.03.06-00.53.54:152][100]LogModuleManager: Shutting down and abandoning module TreeMap (430)
[2018.03.06-00.53.54:152][100]LogModuleManager: Shutting down and abandoning module ReferenceViewer (428)
[2018.03.06-00.53.54:152][100]LogModuleManager: Shutting down and abandoning module LocalizationDashboard (426)
[2018.03.06-00.53.54:153][100]LogModuleManager: Shutting down and abandoning module LocalizationService (425)
[2018.03.06-00.53.54:153][100]LogModuleManager: Shutting down and abandoning module HardwareTargeting (422)
[2018.03.06-00.53.54:153][100]LogModuleManager: Shutting down and abandoning module DeviceProfileEditor (420)
[2018.03.06-00.53.54:153][100]LogModuleManager: Shutting down and abandoning module UndoHistory (418)
[2018.03.06-00.53.54:153][100]LogModuleManager: Shutting down and abandoning module XmlParser (416)
[2018.03.06-00.53.54:153][100]LogModuleManager: Shutting down and abandoning module Blutility (414)
[2018.03.06-00.53.54:153][100]LogModuleManager: Shutting down and abandoning module ProjectSettingsViewer (412)
[2018.03.06-00.53.54:153][100]LogModuleManager: Shutting down and abandoning module ProjectTargetPlatformEditor (411)
[2018.03.06-00.53.54:154][100]LogModuleManager: Shutting down and abandoning module EditorSettingsViewer (408)
[2018.03.06-00.53.54:154][100]LogModuleManager: Shutting down and abandoning module SettingsEditor (406)
[2018.03.06-00.53.54:154][100]LogModuleManager: Shutting down and abandoning module ProjectLauncher (404)
[2018.03.06-00.53.54:154][100]LogModuleManager: Shutting down and abandoning module SessionFrontend (402)
[2018.03.06-00.53.54:154][100]LogModuleManager: Shutting down and abandoning module ProfilerClient (400)
[2018.03.06-00.53.54:154][100]LogModuleManager: Shutting down and abandoning module DeviceManager (398)
[2018.03.06-00.53.54:154][100]LogModuleManager: Shutting down and abandoning module TargetDeviceServices (397)
[2018.03.06-00.53.54:233][100]LogModuleManager: Shutting down and abandoning module AutomationController (394)
[2018.03.06-00.53.54:233][100]LogModuleManager: Shutting down and abandoning module AutomationWindow (392)
[2018.03.06-00.53.54:233][100]LogModuleManager: Shutting down and abandoning module Layers (390)
[2018.03.06-00.53.54:233][100]LogModuleManager: Shutting down and abandoning module ComponentVisualizers (388)
[2018.03.06-00.53.54:233][100]LogModuleManager: Shutting down and abandoning module DetailCustomizations (386)
[2018.03.06-00.53.54:233][100]LogModuleManager: Shutting down and abandoning module PackagesDialog (384)
[2018.03.06-00.53.54:234][100]LogModuleManager: Shutting down and abandoning module Persona (382)
[2018.03.06-00.53.54:234][100]LogModuleManager: Shutting down and abandoning module AdvancedPreviewScene (381)
[2018.03.06-00.53.54:234][100]LogModuleManager: Shutting down and abandoning module AnimGraph (379)
[2018.03.06-00.53.54:234][100]LogModuleManager: Shutting down and abandoning module Kismet (376)
[2018.03.06-00.53.54:248][100]LogModuleManager: Shutting down and abandoning module ClassViewer (374)
[2018.03.06-00.53.54:248][100]LogModuleManager: Shutting down and abandoning module Toolbox (372)
[2018.03.06-00.53.54:248][100]LogModuleManager: Shutting down and abandoning module ModuleUI (370)
[2018.03.06-00.53.54:248][100]LogModuleManager: Shutting down and abandoning module MovieSceneTools (368)
[2018.03.06-00.53.54:248][100]LogModuleManager: Shutting down and abandoning module OutputLog (366)
[2018.03.06-00.53.54:248][100]LogModuleManager: Shutting down and abandoning module GammaUI (364)
[2018.03.06-00.53.54:248][100]LogModuleManager: Shutting down and abandoning module Documentation (362)
[2018.03.06-00.53.54:248][100]LogModuleManager: Shutting down and abandoning module MovieSceneTracks (360)
[2018.03.06-00.53.54:248][100]LogModuleManager: Shutting down and abandoning module MovieScene (358)
[2018.03.06-00.53.54:248][100]LogModuleManager: Shutting down and abandoning module Niagara (356)
[2018.03.06-00.53.54:248][100]LogModuleManager: Shutting down and abandoning module NiagaraEditor (355)
[2018.03.06-00.53.54:249][100]LogModuleManager: Shutting down and abandoning module StreamingPauseRendering (352)
[2018.03.06-00.53.54:249][100]LogModuleManager: Shutting down and abandoning module LauncherPlatform (350)
[2018.03.06-00.53.54:249][100]LogModuleManager: Shutting down and abandoning module AnalyticsET (348)
[2018.03.06-00.53.54:249][100]LogModuleManager: Shutting down and abandoning module PortalServices (346)
[2018.03.06-00.53.54:249][100]LogModuleManager: Shutting down and abandoning module PortalRpc (344)
[2018.03.06-00.53.54:249][100]LogModuleManager: Shutting down and abandoning module MessagingRpc (342)
[2018.03.06-00.53.54:249][100]LogModuleManager: Shutting down and abandoning module AIModule (340)
[2018.03.06-00.53.54:249][100]LogModuleManager: Shutting down and abandoning module GameplayDebugger (339)
[2018.03.06-00.53.54:249][100]LogModuleManager: Shutting down and abandoning module AITestSuite (337)
[2018.03.06-00.53.54:249][100]LogModuleManager: Shutting down and abandoning module ProfilerService (334)
[2018.03.06-00.53.54:516][100]LogModuleManager: Shutting down and abandoning module TaskGraph (332)
[2018.03.06-00.53.54:516][100]LogModuleManager: Shutting down and abandoning module SteamVRController (330)
[2018.03.06-00.53.54:516][100]LogModuleManager: Shutting down and abandoning module ProceduralMeshComponentEditor (328)
[2018.03.06-00.53.54:516][100]LogModuleManager: Shutting down and abandoning module ProceduralMeshComponent (326)
[2018.03.06-00.53.54:516][100]LogModuleManager: Shutting down and abandoning module OculusInput (324)
[2018.03.06-00.53.54:516][100]LogModuleManager: Shutting down and abandoning module MobilePatchingUtils (322)
[2018.03.06-00.53.54:516][100]LogModuleManager: Shutting down and abandoning module CustomMeshComponent (320)
[2018.03.06-00.53.54:516][100]LogModuleManager: Shutting down and abandoning module CableComponent (318)
[2018.03.06-00.53.54:516][100]LogModuleManager: Shutting down and abandoning module ArchVisCharacter (316)
[2018.03.06-00.53.54:516][100]LogModuleManager: Shutting down and abandoning module AndroidPermission (314)
[2018.03.06-00.53.54:516][100]LogModuleManager: Shutting down and abandoning module MediaPlayerEditor (310)
[2018.03.06-00.53.54:517][100]LogModuleManager: Shutting down and abandoning module HTML5Networking (308)
[2018.03.06-00.53.54:517][100]LogModuleManager: Shutting down and abandoning module AlembicImporter (306)
[2018.03.06-00.53.54:517][100]LogModuleManager: Shutting down and abandoning module AlembicLibrary (305)
[2018.03.06-00.53.54:517][100]LogModuleManager: Shutting down and abandoning module GeometryCache (304)
[2018.03.06-00.53.54:517][100]LogModuleManager: Shutting down and abandoning module GeometryCacheEd (303)
[2018.03.06-00.53.54:517][100]LogModuleManager: Shutting down and abandoning module SpeedTreeImporter (298)
[2018.03.06-00.53.54:517][100]LogModuleManager: Shutting down and abandoning module PluginBrowser (296)
[2018.03.06-00.53.54:517][100]LogModuleManager: Shutting down and abandoning module MobileLauncherProfileWizard (294)
[2018.03.06-00.53.54:517][100]LogModuleManager: Shutting down and abandoning module VisualStudioSourceCodeAccess (292)
[2018.03.06-00.53.54:517][100]LogModuleManager: Shutting down and abandoning module DesktopPlatform (291)
[2018.03.06-00.53.54:517][100]LogModuleManager: Shutting down and abandoning module UObjectPlugin (288)
[2018.03.06-00.53.54:517][100]LogModuleManager: Shutting down and abandoning module SubversionSourceControl (286)
[2018.03.06-00.53.54:517][100]LogModuleManager: Shutting down and abandoning module PerforceSourceControl (284)
[2018.03.06-00.53.54:517][100]LogModuleManager: Shutting down and abandoning module GitSourceControl (282)
[2018.03.06-00.53.54:517][100]LogModuleManager: Shutting down and abandoning module SourceControl (281)
[2018.03.06-00.53.54:517][100]LogModuleManager: Shutting down and abandoning module LightPropagationVolumeEditor (278)
[2018.03.06-00.53.54:517][100]LogModuleManager: Shutting down and abandoning module PaperTiledImporter (276)
[2018.03.06-00.53.54:517][100]LogModuleManager: Shutting down and abandoning module PaperSpriteSheetImporter (274)
[2018.03.06-00.53.54:517][100]LogModuleManager: Shutting down and abandoning module Paper2DEditor (272)
[2018.03.06-00.53.54:517][100]LogModuleManager: Shutting down and abandoning module MeshPaint (271)
[2018.03.06-00.53.54:517][100]LogModuleManager: Shutting down and abandoning module LevelEditor (269)
[2018.03.06-00.53.54:518][100]LogModuleManager: Shutting down and abandoning module PixelInspectorModule (268)
[2018.03.06-00.53.54:519][100]LogModuleManager: Shutting down and abandoning module MainFrame (266)
[2018.03.06-00.53.54:519][100]LogModuleManager: Shutting down and abandoning module HotReload (265)
[2018.03.06-00.53.54:520][100]LogModuleManager: Shutting down and abandoning module RuntimePhysXCooking (260)
[2018.03.06-00.53.54:520][100]LogModuleManager: Shutting down and abandoning module PhysXVehiclesEditor (258)
[2018.03.06-00.53.54:520][100]LogModuleManager: Shutting down and abandoning module PhysXVehicles (256)
[2018.03.06-00.53.54:520][100]LogModuleManager: Shutting down and abandoning module OculusEditor (254)
[2018.03.06-00.53.54:520][100]LogModuleManager: Shutting down and abandoning module LocationServicesBPLibrary (252)
[2018.03.06-00.53.54:520][100]LogModuleManager: Shutting down and abandoning module ImmediatePhysicsEditor (250)
[2018.03.06-00.53.54:520][100]LogModuleManager: Shutting down and abandoning module ImmediatePhysics (248)
[2018.03.06-00.53.54:520][100]LogModuleManager: Shutting down and abandoning module UdpMessaging (246)
[2018.03.06-00.53.54:628][100]LogModuleManager: Shutting down and abandoning module TcpMessaging (244)
[2018.03.06-00.53.54:731][100]LogModuleManager: Shutting down and abandoning module GameplayTagsEditor (242)
[2018.03.06-00.53.54:731][100]LogModuleManager: Shutting down and abandoning module FacialAnimationEditor (240)
[2018.03.06-00.53.54:731][100]LogModuleManager: Shutting down and abandoning module FacialAnimation (238)
[2018.03.06-00.53.54:731][100]LogModuleManager: Shutting down and abandoning module AssetManagerEditor (236)
[2018.03.06-00.53.54:731][100]LogModuleManager: Shutting down and abandoning module GraphEditor (235)
[2018.03.06-00.53.54:731][100]LogModuleManager: Shutting down and abandoning module ContentBrowser (233)
[2018.03.06-00.53.54:733][100]LogModuleManager: Shutting down and abandoning module LightPropagationVolumeRuntime (230)
[2018.03.06-00.53.54:733][100]LogModuleManager: Shutting down and abandoning module Paper2D (228)
[2018.03.06-00.53.54:733][100]LogModuleManager: Shutting down and abandoning module WindowsMoviePlayer (226)
[2018.03.06-00.53.54:733][100]LogModuleManager: Shutting down and abandoning module WmfMedia (224)
[2018.03.06-00.53.54:736][100]LogModuleManager: Shutting down and abandoning module PacketHandler (222)
[2018.03.06-00.53.54:736][100]LogModuleManager: Shutting down and abandoning module ClothingSystemEditor (220)
[2018.03.06-00.53.54:736][100]LogModuleManager: Shutting down and abandoning module ClothingSystemRuntime (218)
[2018.03.06-00.53.54:736][100]LogModuleManager: Shutting down and abandoning module Overlay (216)
[2018.03.06-00.53.54:736][100]LogModuleManager: Shutting down and abandoning module OverlayEditor (215)
[2018.03.06-00.53.54:736][100]LogModuleManager: Shutting down and abandoning module MediaAssets (212)
[2018.03.06-00.53.54:736][100]LogModuleManager: Shutting down and abandoning module VREditor (210)
[2018.03.06-00.53.54:736][100]LogModuleManager: Shutting down and abandoning module StringTableEditor (208)
[2018.03.06-00.53.54:736][100]LogModuleManager: Shutting down and abandoning module GameplayTasksEditor (206)
[2018.03.06-00.53.54:736][100]LogModuleManager: Shutting down and abandoning module BehaviorTreeEditor (204)
[2018.03.06-00.53.54:736][100]LogModuleManager: Shutting down and abandoning module FunctionalTesting (202)
[2018.03.06-00.53.54:737][100]LogModuleManager: Shutting down and abandoning module CollisionAnalyzer (200)
[2018.03.06-00.53.54:737][100]LogModuleManager: Shutting down and abandoning module WorkspaceMenuStructure (199)
[2018.03.06-00.53.54:737][100]LogModuleManager: Shutting down and abandoning module UMG (196)
[2018.03.06-00.53.54:737][100]LogModuleManager: Shutting down and abandoning module UMGEditor (195)
[2018.03.06-00.53.54:737][100]LogModuleManager: Shutting down and abandoning module Sequencer (194)
[2018.03.06-00.53.54:737][100]LogModuleManager: Shutting down and abandoning module MessageLog (191)
[2018.03.06-00.53.54:737][100]LogModuleManager: Shutting down and abandoning module SlateReflector (186)
[2018.03.06-00.53.54:737][100]LogModuleManager: Shutting down and abandoning module Slate (184)
[2018.03.06-00.53.54:737][100]LogModuleManager: Shutting down and abandoning module EditorStyle (182)
[2018.03.06-00.53.54:741][100]LogModuleManager: Shutting down and abandoning module MRMesh (180)
[2018.03.06-00.53.54:741][100]LogModuleManager: Shutting down and abandoning module SourceCodeAccess (178)
[2018.03.06-00.53.54:741][100]LogModuleManager: Shutting down and abandoning module HeadMountedDisplay (176)
[2018.03.06-00.53.54:741][100]LogModuleManager: Shutting down and abandoning module XAudio2 (174)
[2018.03.06-00.53.54:741][100]LogModuleManager: Shutting down and abandoning module Networking (172)
[2018.03.06-00.53.54:741][100]LogModuleManager: Shutting down and abandoning module Core (168)
[2018.03.06-00.53.54:741][100]LogModuleManager: Shutting down and abandoning module KismetCompiler (164)
[2018.03.06-00.53.54:742][100]LogModuleManager: Shutting down and abandoning module LevelSequence (162)
[2018.03.06-00.53.54:742][100]LogModuleManager: Shutting down and abandoning module MeshUtilities (160)
[2018.03.06-00.53.54:742][100]LogModuleManager: Shutting down and abandoning module MeshMergeUtilities (159)
[2018.03.06-00.53.54:742][100]LogModuleManager: Shutting down and abandoning module MeshReductionInterface (158)
[2018.03.06-00.53.54:742][100]LogModuleManager: Shutting down and abandoning module SimplygonSwarm (157)
[2018.03.06-00.53.54:742][100]LogModuleManager: Shutting down and abandoning module SimplygonMeshReduction (155)
[2018.03.06-00.53.54:742][100]LogModuleManager: Shutting down and abandoning module QuadricMeshReduction (153)
[2018.03.06-00.53.54:742][100]LogModuleManager: Shutting down and abandoning module MaterialBaking (149)
[2018.03.06-00.53.54:742][100]LogModuleManager: Shutting down and abandoning module DirectoryWatcher (146)
[2018.03.06-00.53.54:744][100]LogModuleManager: Shutting down and abandoning module DerivedDataCache (144)
[2018.03.06-00.53.54:794][100]LogDerivedDataCache: Shutdown
[2018.03.06-00.53.54:794][100]LogModuleManager: Shutting down and abandoning module TargetPlatform (142)
[2018.03.06-00.53.54:794][100]LogModuleManager: Shutting down and abandoning module VulkanShaderFormat (141)
[2018.03.06-00.53.54:795][100]LogModuleManager: Shutting down and abandoning module ShaderFormatVectorVM (139)
[2018.03.06-00.53.54:795][100]LogModuleManager: Shutting down and abandoning module ShaderFormatOpenGL (137)
[2018.03.06-00.53.54:795][100]LogModuleManager: Shutting down and abandoning module ShaderFormatD3D (135)
[2018.03.06-00.53.54:795][100]LogModuleManager: Shutting down and abandoning module MetalShaderFormat (133)
[2018.03.06-00.53.54:795][100]LogModuleManager: Shutting down and abandoning module TextureFormatUncompressed (131)
[2018.03.06-00.53.54:795][100]LogModuleManager: Shutting down and abandoning module TextureFormatPVR (129)
[2018.03.06-00.53.54:795][100]LogModuleManager: Shutting down and abandoning module TextureFormatDXT (127)
[2018.03.06-00.53.54:795][100]LogModuleManager: Shutting down and abandoning module TextureFormatIntelISPCTexComp (125)
[2018.03.06-00.53.54:795][100]LogModuleManager: Shutting down and abandoning module TextureFormatASTC (123)
[2018.03.06-00.53.54:795][100]LogModuleManager: Shutting down and abandoning module ImageWrapper (122)
[2018.03.06-00.53.54:795][100]LogModuleManager: Shutting down and abandoning module TextureFormatAndroid (119)
[2018.03.06-00.53.54:795][100]LogModuleManager: Shutting down and abandoning module AudioFormatOpus (117)
[2018.03.06-00.53.54:795][100]LogModuleManager: Shutting down and abandoning module AudioFormatOgg (115)
[2018.03.06-00.53.54:795][100]LogModuleManager: Shutting down and abandoning module AudioFormatADPCM (113)
[2018.03.06-00.53.54:795][100]LogModuleManager: Shutting down and abandoning module LinuxTargetPlatform (111)
[2018.03.06-00.53.54:795][100]LogModuleManager: Shutting down and abandoning module LinuxServerTargetPlatform (109)
[2018.03.06-00.53.54:795][100]LogModuleManager: Shutting down and abandoning module LinuxNoEditorTargetPlatform (107)
[2018.03.06-00.53.54:795][100]LogModuleManager: Shutting down and abandoning module LinuxClientTargetPlatform (105)
[2018.03.06-00.53.54:795][100]LogModuleManager: Shutting down and abandoning module TVOSTargetPlatform (103)
[2018.03.06-00.53.54:795][100]LogModuleManager: Shutting down and abandoning module Messaging (101)
[2018.03.06-00.53.54:795][100]LogModuleManager: Shutting down and abandoning module IOSTargetPlatform (99)
[2018.03.06-00.53.54:795][100]LogModuleManager: Shutting down and abandoning module HTML5TargetPlatform (97)
[2018.03.06-00.53.54:795][100]LogModuleManager: Shutting down and abandoning module Android_PVRTCTargetPlatform (95)
[2018.03.06-00.53.54:795][100]LogModuleManager: Shutting down and abandoning module Android_MultiTargetPlatform (93)
[2018.03.06-00.53.54:795][100]LogModuleManager: Shutting down and abandoning module Android_ETC2TargetPlatform (91)
[2018.03.06-00.53.54:795][100]LogModuleManager: Shutting down and abandoning module Android_ETC1TargetPlatform (89)
[2018.03.06-00.53.54:795][100]LogModuleManager: Shutting down and abandoning module Android_DXTTargetPlatform (87)
[2018.03.06-00.53.54:795][100]LogModuleManager: Shutting down and abandoning module Android_ATCTargetPlatform (85)
[2018.03.06-00.53.54:795][100]LogModuleManager: Shutting down and abandoning module Android_ASTCTargetPlatform (83)
[2018.03.06-00.53.54:795][100]LogModuleManager: Shutting down and abandoning module AndroidTargetPlatform (81)
[2018.03.06-00.53.54:796][100]LogModuleManager: Shutting down and abandoning module WindowsTargetPlatform (79)
[2018.03.06-00.53.54:796][100]LogModuleManager: Shutting down and abandoning module WindowsServerTargetPlatform (77)
[2018.03.06-00.53.54:796][100]LogModuleManager: Shutting down and abandoning module WindowsNoEditorTargetPlatform (75)
[2018.03.06-00.53.54:796][100]LogModuleManager: Shutting down and abandoning module WindowsClientTargetPlatform (73)
[2018.03.06-00.53.54:796][100]LogModuleManager: Shutting down and abandoning module MacTargetPlatform (71)
[2018.03.06-00.53.54:796][100]LogModuleManager: Shutting down and abandoning module MacServerTargetPlatform (69)
[2018.03.06-00.53.54:796][100]LogModuleManager: Shutting down and abandoning module MacNoEditorTargetPlatform (67)
[2018.03.06-00.53.54:796][100]LogModuleManager: Shutting down and abandoning module MacClientTargetPlatform (65)
[2018.03.06-00.53.54:796][100]LogModuleManager: Shutting down and abandoning module AllDesktopTargetPlatform (63)
[2018.03.06-00.53.54:796][100]LogModuleManager: Shutting down and abandoning module InputCore (60)
[2018.03.06-00.53.54:796][100]LogModuleManager: Shutting down and abandoning module Settings (58)
[2018.03.06-00.53.54:796][100]LogModuleManager: Shutting down and abandoning module PhysXCooking (56)
[2018.03.06-00.53.54:796][100]LogModuleManager: Shutting down and abandoning module SteamVR (54)
[2018.03.06-00.53.54:796][100]LogModuleManager: Shutting down and abandoning module OculusHMD (52)
[2018.03.06-00.53.54:796][100]LogModuleManager: Shutting down and abandoning module ExampleDeviceProfileSelector (50)
[2018.03.06-00.53.54:796][100]LogModuleManager: Shutting down and abandoning module OnlineBlueprintSupport (48)
[2018.03.06-00.53.54:796][100]LogModuleManager: Shutting down and abandoning module OnlineSubsystem (44)
[2018.03.06-00.53.54:796][100]LogOnline: Display: Unloading online subsystem: NULL
[2018.03.06-00.53.54:796][100]LogModuleManager: Shutting down and abandoning module XMPP (43)
[2018.03.06-00.53.54:796][100]LogModuleManager: Shutting down and abandoning module HTTP (41)
[2018.03.06-00.53.54:796][100]LogHttp: Display: Http module shutting down, but needs to wait on 1 outstanding Http requests:
[2018.03.06-00.53.54:796][100]LogHttp: Display: 	verb=[POST] url=[https://datarouter.ol.epicgames.com/datarouter/api/v1/public/data?SessionID=%7BAAA2B63A-46B3-1713-7CF5-21A7155EACA4%7D&AppID=UEEditor.Rocket.Release&AppVersion=4.17.2-3658906%2B%2B%2BUE4%2BRelease-4.17&UserID=2d21c60542ace5f752753183dc8f18c2%7Ce5af69ae52c34ec8bca2a7c038d1ea3c%7C8aa367c0-17d2-4038-b458-d3f575842514&AppEnvironment=datacollector-binary&UploadType=eteventstream] status=Processing
[2018.03.06-00.53.54:801][100]LogModuleManager: Shutting down and abandoning module SSL (40)
[2018.03.06-00.53.54:803][100]LogModuleManager: Shutting down and abandoning module AnimationModifiers (36)
[2018.03.06-00.53.54:803][100]LogModuleManager: Shutting down and abandoning module PropertyEditor (35)
[2018.03.06-00.53.54:803][100]LogModuleManager: Shutting down and abandoning module AudioEditor (32)
[2018.03.06-00.53.54:803][100]LogModuleManager: Shutting down and abandoning module TextureCompressor (30)
[2018.03.06-00.53.54:804][100]LogModuleManager: Shutting down and abandoning module ShaderCore (28)
[2018.03.06-00.53.54:804][100]LogModuleManager: Shutting down and abandoning module Landscape (26)
[2018.03.06-00.53.54:804][100]LogModuleManager: Shutting down and abandoning module SlateRHIRenderer (24)
[2018.03.06-00.53.54:805][100]LogModuleManager: Shutting down and abandoning module OpenGLDrv (22)
[2018.03.06-00.53.54:805][100]LogModuleManager: Shutting down and abandoning module D3D11RHI (20)
[2018.03.06-00.53.54:805][100]LogModuleManager: Shutting down and abandoning module AnimGraphRuntime (18)
[2018.03.06-00.53.54:805][100]LogModuleManager: Shutting down and abandoning module Renderer (16)
[2018.03.06-00.53.54:806][100]LogModuleManager: Shutting down and abandoning module Engine (14)
[2018.03.06-00.53.54:806][100]LogModuleManager: Shutting down and abandoning module CoreUObject (12)
[2018.03.06-00.53.54:806][100]LogModuleManager: Shutting down and abandoning module NetworkFile (10)
[2018.03.06-00.53.54:806][100]LogModuleManager: Shutting down and abandoning module CookedIterativeFile (8)
[2018.03.06-00.53.54:806][100]LogModuleManager: Shutting down and abandoning module StreamingFile (6)
[2018.03.06-00.53.54:806][100]LogModuleManager: Shutting down and abandoning module SandboxFile (4)
[2018.03.06-00.53.54:806][100]LogModuleManager: Shutting down and abandoning module PakFile (2)
[2018.03.06-00.53.54:808][100]LogExit: Exiting.
[2018.03.06-00.53.54:833][100]Log file closed, 03/05/18 20:53:54
