Log file open, 04/18/18 19:30:50
LogWindows: Failed to load 'aqProf.dll' (GetLastError=126)
LogWindows: File 'aqProf.dll' does not exist
LogWindows: Failed to load 'VSPerf140.dll' (GetLastError=126)
LogWindows: File 'VSPerf140.dll' does not exist
LogWindows: Failed to load 'VtuneApi.dll' (GetLastError=126)
LogWindows: File 'VtuneApi.dll' does not exist
LogWindows: Failed to load 'VtuneApi32e.dll' (GetLastError=126)
LogWindows: File 'VtuneApi32e.dll' does not exist
LogInit: Display: Running engine for game: RISE_GAME
LogPlatformFile: Not using cached read wrapper
LogInit: Display: RandInit(1506582084) SRandInit(1506582084).
LogTaskGraph: Started task graph with 5 named threads and 8 total threads with 3 sets of task threads.
LogStats: Stats thread started at 0.188696
LogD3D11RHI: Aftermath initialized
LogPluginManager: Mounting plugin LightPropagationVolume
LogPluginManager: Mounting plugin GitSourceControl
LogPluginManager: Mounting plugin PerforceSourceControl
LogPluginManager: Mounting plugin SubversionSourceControl
LogPluginManager: Mounting plugin UObjectPlugin
LogPluginManager: Mounting plugin VisualStudioSourceCodeAccess
LogPluginManager: Mounting plugin AssetManagerEditor
LogPluginManager: Mounting plugin AudioCapture
LogPluginManager: Mounting plugin GameplayTagsEditor
LogPluginManager: Mounting plugin MobileLauncherProfileWizard
LogPluginManager: Mounting plugin PluginBrowser
LogPluginManager: Mounting plugin SpeedTreeImporter
LogPluginManager: Mounting plugin CharacterAI
LogPluginManager: Mounting plugin AndroidMedia
LogPluginManager: Mounting plugin MediaPlayerEditor
LogPluginManager: Mounting plugin WmfMedia
LogPluginManager: Mounting plugin TcpMessaging
LogPluginManager: Mounting plugin UdpMessaging
LogPluginManager: Mounting plugin LevelSequenceEditor
LogPluginManager: Mounting plugin MatineeToLevelSequence
LogPluginManager: Mounting plugin OnlineSubsystemGooglePlay
LogPluginManager: Mounting plugin OnlineSubsystem
LogPluginManager: Mounting plugin OnlineSubsystemNull
LogPluginManager: Mounting plugin OnlineSubsystemUtils
LogPluginManager: Mounting plugin AndroidDeviceProfileSelector
LogPluginManager: Mounting plugin AndroidMoviePlayer
LogPluginManager: Mounting plugin AndroidPermission
LogPluginManager: Mounting plugin ArchVisCharacter
LogPluginManager: Mounting plugin CableComponent
LogPluginManager: Mounting plugin ExampleDeviceProfileSelector
LogPluginManager: Mounting plugin ImmediatePhysics
LogPluginManager: Mounting plugin LocationServicesBPLibrary
LogPluginManager: Mounting plugin MobilePatchingUtils
LogPluginManager: Mounting plugin ProceduralMeshComponent
LogPluginManager: Mounting plugin RuntimePhysXCooking
LogPluginManager: Mounting plugin SlateRemote
LogInit: Using libcurl 7.47.1
LogInit:  - built for x86_64-pc-win32
LogInit:  - supports SSL with OpenSSL/1.0.2g
LogInit:  - supports HTTP deflate (compression) using libz 1.2.8
LogInit:  - other features:
LogInit:      CURL_VERSION_SSL
LogInit:      CURL_VERSION_LIBZ
LogInit:      CURL_VERSION_IPV6
LogInit:      CURL_VERSION_ASYNCHDNS
LogInit:      CURL_VERSION_LARGEFILE
LogInit:      CURL_VERSION_IDN
LogInit:  CurlRequestOptions (configurable via config and command line):
LogInit:  - bVerifyPeer = false  - Libcurl will NOT verify peer certificate
LogInit:  - bUseHttpProxy = false  - Libcurl will NOT use HTTP proxy
LogInit:  - bDontReuseConnections = false  - Libcurl will reuse connections
LogInit:  - CertBundlePath = nullptr  - Libcurl will use whatever was configured at build time.
LogInit: Build: ++UE4+Release-4.17-CL-3658906
LogInit: Engine Version: 4.17.2-3658906+++UE4+Release-4.17
LogInit: Compatible Engine Version: 4.17.0-3573198+++UE4+Release-4.17
LogInit: Net CL: 3573198
LogDevObjectVersion: Number of dev versions registered: 16
LogDevObjectVersion:   Dev-Blueprints (B0D832E4-1F89-4F0D-ACCF-7EB736FD4AA2): 10
LogDevObjectVersion:   Dev-Build (E1C64328-A22C-4D53-A36C-8E866417BD8C): 0
LogDevObjectVersion:   Dev-Core (375EC13C-06E4-48FB-B500-84F0262A717E): 2
LogDevObjectVersion:   Dev-Editor (E4B068ED-F494-42E9-A231-DA0B2E46BB41): 20
LogDevObjectVersion:   Dev-Framework (CFFC743F-43B0-4480-9391-14DF171D2073): 28
LogDevObjectVersion:   Dev-Mobile (B02B49B5-BB20-44E9-A304-32B752E40360): 0
LogDevObjectVersion:   Dev-Networking (A4E4105C-59A1-49B5-A7C5-40C4547EDFEE): 0
LogDevObjectVersion:   Dev-Online (39C831C9-5AE6-47DC-9A44-9C173E1C8E7C): 0
LogDevObjectVersion:   Dev-Physics (78F01B33-EBEA-4F98-B9B4-84EACCB95AA2): 0
LogDevObjectVersion:   Dev-Platform (6631380F-2D4D-43E0-8009-CF276956A95A): 0
LogDevObjectVersion:   Dev-Rendering (12F88B9F-8875-4AFC-A67C-D90C383ABD29): 19
LogDevObjectVersion:   Dev-Sequencer (7B5AE74C-D270-4C10-A958-57980B212A5A): 4
LogDevObjectVersion:   Dev-VR (D7296918-1DD6-4BDD-9DE2-64A83CC13884): 0
LogDevObjectVersion:   Dev-LoadTimes (C2A15278-BFE7-4AFE-6C17-90FF531DF755): 1
LogDevObjectVersion:   Private-Geometry (6EACA3D4-40EC-4CC1-B786-8BED09428FC5): 1
LogDevObjectVersion:   Dev-AnimPhys (29E575DD-E0A3-4627-9D10-D276232CDCEA): 7
LogInit: Compiled (64-bit): Sep 22 2017 13:47:16
LogInit: Compiled with Visual C++: 19.00.24215.01
LogInit: Build Configuration: Development
LogInit: Branch Name: ++UE4+Release-4.17
LogInit: Command line:  
LogInit: Base directory: C:/Program Files/Epic Games/UE_4.17/Engine/Binaries/Win64/
LogInit: Installed Engine Build: 1
LogInit: Presizing for max 8388607 objects, including 0 objects not considered by GC, pre-allocating 0 bytes for permanent pool.
LogInit: Object subsystem initialized
[2018.04.18-23.30.52:660][  0]LogInit: Selected Device Profile: [Windows]
[2018.04.18-23.30.52:660][  0]LogInit: Applying CVar settings loaded from the selected device profile: [Windows]
[2018.04.18-23.30.52:819][  0]LogInit: Computer: DESKTOP-SJI2LPG
[2018.04.18-23.30.52:819][  0]LogInit: User: isma0
[2018.04.18-23.30.52:819][  0]LogInit: CPU Page size=4096, Cores=2
[2018.04.18-23.30.52:819][  0]LogInit: High frequency timer resolution =2.531249 MHz
[2018.04.18-23.30.52:837][  0]LogMemory: Memory total: Physical=23.9GB (24GB approx)
[2018.04.18-23.30.52:837][  0]LogMemory: Platform Memory Stats for Windows
[2018.04.18-23.30.52:837][  0]LogMemory: Process Physical Memory: 276.48 MB used, 276.48 MB peak
[2018.04.18-23.30.52:837][  0]LogMemory: Process Virtual Memory: 275.95 MB used, 275.95 MB peak
[2018.04.18-23.30.52:837][  0]LogMemory: Physical Memory: 3942.97 MB used,  20496.98 MB free, 24439.95 MB total
[2018.04.18-23.30.52:838][  0]LogMemory: Virtual Memory: 701.51 MB used,  20496.98 MB free, 134217728.00 MB total
[2018.04.18-23.30.54:491][  0]LogInit: Using OS detected language (en-US).
[2018.04.18-23.30.54:491][  0]LogInit: Using OS detected locale (en-US).
[2018.04.18-23.30.54:700][  0]LogTextLocalizationManager: No specific localization for 'en-US' exists, so the 'en' localization will be used.
[2018.04.18-23.30.57:659][  0]LogD3D11RHI: D3D11 adapters:
[2018.04.18-23.30.58:223][  0]LogD3D11RHI:    0. 'NVIDIA GeForce 940MX' (Feature Level 11_0)
[2018.04.18-23.30.58:223][  0]LogD3D11RHI:       2010/0/12219 MB DedicatedVideo/DedicatedSystem/SharedSystem, Outputs:1, VendorId:0x10de
[2018.04.18-23.30.58:303][  0]LogD3D11RHI:    1. 'Intel(R) HD Graphics 520' (Feature Level 11_0)
[2018.04.18-23.30.58:303][  0]LogD3D11RHI:       128/0/12219 MB DedicatedVideo/DedicatedSystem/SharedSystem, Outputs:0, VendorId:0x8086
[2018.04.18-23.30.58:314][  0]LogD3D11RHI:    2. 'Microsoft Basic Render Driver' (Feature Level 11_0)
[2018.04.18-23.30.58:315][  0]LogD3D11RHI:       0/0/12219 MB DedicatedVideo/DedicatedSystem/SharedSystem, Outputs:0, VendorId:0x1414
[2018.04.18-23.30.58:315][  0]LogD3D11RHI: Chosen D3D11 Adapter: 0
[2018.04.18-23.30.58:377][  0]LogD3D11RHI: Creating new Direct3DDevice
[2018.04.18-23.30.58:377][  0]LogD3D11RHI:     GPU DeviceId: 0x179c (for the marketing name, search the web for "GPU Device Id")
[2018.04.18-23.30.58:377][  0]LogWindows: EnumDisplayDevices:
[2018.04.18-23.30.58:378][  0]LogWindows:    0. 'Intel(R) HD Graphics 520' (P:1 D:1)
[2018.04.18-23.30.58:378][  0]LogWindows:    1. 'Intel(R) HD Graphics 520' (P:0 D:0)
[2018.04.18-23.30.58:378][  0]LogWindows:    2. 'Intel(R) HD Graphics 520' (P:0 D:0)
[2018.04.18-23.30.58:378][  0]LogWindows: DebugString: GetVideoDriverDetailsInvalid PrimaryIsNotTheChoosenAdapter GetVideoDriverDetailsInvalid PrimaryIsNotTheChoosenAdapter GetVideoDriverDetailsInvalid PrimaryIsNotTheChoosenAdapter FoundDriverCount:0 
[2018.04.18-23.30.58:378][  0]LogD3D11RHI:     Adapter Name: NVIDIA GeForce 940MX
[2018.04.18-23.30.58:378][  0]LogD3D11RHI:   Driver Version: Unknown (internal:Unknown, unified:Unknown)
[2018.04.18-23.30.58:379][  0]LogD3D11RHI:      Driver Date: Unknown
[2018.04.18-23.30.58:379][  0]LogRHI: Texture pool is 1361 MB (70% of 1945 MB)
[2018.04.18-23.30.58:454][  0]LogD3D11RHI: Async texture creation enabled
[2018.04.18-23.30.58:909][  0]LogD3D11RHI: GPU Timing Frequency: 1000.000000 (Debug: 2 10)
[2018.04.18-23.30.58:966][  0]LogShaderCompilers: Guid format shader working directory is -31 characters bigger than the processId version (../../../../../../Users/isma0/Documents/Unreal Projects/RISE-Mobile/RISE_GAME/Intermediate/Shaders/WorkingDirectory/9900/).
[2018.04.18-23.30.58:966][  0]LogShaderCompilers: Cleaned the shader compiler working directory 'C:/Users/isma0/AppData/Local/Temp/UnrealShaderWorkingDir/ECE65A61432BB4ABA2EA35B24BBD804A/'.
[2018.04.18-23.30.59:000][  0]LogShaderCompilers: Display: Using Local Shader Compiler.
[2018.04.18-23.31.08:566][  0]LogTemp: Display: Loaded TP AllDesktopTargetPlatform
[2018.04.18-23.31.08:619][  0]LogTemp: Display: Loaded TP MacClientTargetPlatform
[2018.04.18-23.31.08:815][  0]LogTemp: Display: Loaded TP MacNoEditorTargetPlatform
[2018.04.18-23.31.08:871][  0]LogTemp: Display: Loaded TP MacServerTargetPlatform
[2018.04.18-23.31.08:998][  0]LogTemp: Display: Loaded TP MacTargetPlatform
[2018.04.18-23.31.09:085][  0]LogTemp: Display: Loaded TP WindowsClientTargetPlatform
[2018.04.18-23.31.09:180][  0]LogTemp: Display: Loaded TP WindowsNoEditorTargetPlatform
[2018.04.18-23.31.09:282][  0]LogTemp: Display: Loaded TP WindowsServerTargetPlatform
[2018.04.18-23.31.09:393][  0]LogTemp: Display: Loaded TP WindowsTargetPlatform
[2018.04.18-23.31.09:498][  0]LogTemp: Display: Loaded TP AndroidTargetPlatform
[2018.04.18-23.31.09:614][  0]LogTemp: Display: Loaded TP Android_ASTCTargetPlatform
[2018.04.18-23.31.09:736][  0]LogTemp: Display: Loaded TP Android_ATCTargetPlatform
[2018.04.18-23.31.09:807][  0]LogTemp: Display: Loaded TP Android_DXTTargetPlatform
[2018.04.18-23.31.09:902][  0]LogTemp: Display: Loaded TP Android_ETC1TargetPlatform
[2018.04.18-23.31.09:986][  0]LogTemp: Display: Loaded TP Android_ETC2TargetPlatform
[2018.04.18-23.31.10:512][  0]LogTemp: Display: Loaded TP Android_MultiTargetPlatform
[2018.04.18-23.31.10:512][  0]LogTemp: Display: Loaded TP Android_PVRTCTargetPlatform
[2018.04.18-23.31.11:249][  0]LogTemp: Display: Loaded TP HTML5TargetPlatform
[2018.04.18-23.31.12:676][  0]LogTemp: Display: Loaded TP IOSTargetPlatform
[2018.04.18-23.31.12:800][  0]LogTemp: Display: Loaded TP TVOSTargetPlatform
[2018.04.18-23.31.13:002][  0]LogTemp: Display: Loaded TP LinuxClientTargetPlatform
[2018.04.18-23.31.13:176][  0]LogTemp: Display: Loaded TP LinuxNoEditorTargetPlatform
[2018.04.18-23.31.13:382][  0]LogTemp: Display: Loaded TP LinuxServerTargetPlatform
[2018.04.18-23.31.14:581][  0]LogTemp: Display: Loaded TP LinuxTargetPlatform
[2018.04.18-23.31.14:581][  0]LogTargetPlatformManager: Display: Building Assets For Windows
[2018.04.18-23.31.16:014][  0]LogDerivedDataCache: Display: Max Cache Size: 512 MB
[2018.04.18-23.31.17:508][  0]LogDerivedDataCache: Loaded boot cache 1.49s 92MB C:/Users/isma0/AppData/Local/UnrealEngine/4.17/DerivedDataCache/Boot.ddc.
[2018.04.18-23.31.17:508][  0]LogDerivedDataCache: Display: Loaded Boot cache: C:/Users/isma0/AppData/Local/UnrealEngine/4.17/DerivedDataCache/Boot.ddc
[2018.04.18-23.31.17:508][  0]LogDerivedDataCache: FDerivedDataBackendGraph:  Pak pak cache file ../../../../../../Users/isma0/Documents/Unreal Projects/RISE-Mobile/RISE_GAME/DerivedDataCache/DDC.ddp not found, will not use a pak cache.
[2018.04.18-23.31.17:508][  0]LogDerivedDataCache: Unable to find inner node Pak for hierarchical cache Hierarchy.
[2018.04.18-23.31.17:508][  0]LogDerivedDataCache: FDerivedDataBackendGraph:  CompressedPak pak cache file ../../../../../../Users/isma0/Documents/Unreal Projects/RISE-Mobile/RISE_GAME/DerivedDataCache/Compressed.ddp not found, will not use a pak cache.
[2018.04.18-23.31.17:508][  0]LogDerivedDataCache: Unable to find inner node CompressedPak for hierarchical cache Hierarchy.
[2018.04.18-23.31.17:568][  0]LogDerivedDataCache: Display: Pak cache opened for reading ../../../Engine/DerivedDataCache/Compressed.ddp.
[2018.04.18-23.31.17:611][  0]LogDerivedDataCache: Using Local data cache path C:/Users/isma0/AppData/Local/UnrealEngine/Common/DerivedDataCache: Writable
[2018.04.18-23.31.17:741][  0]LogMaterial: Verifying Global Shaders for PCD3D_SM5
[2018.04.18-23.31.17:865][  0]LogSlate: Using Freetype 2.6.0
[2018.04.18-23.31.17:908][  0]LogSlate: SlateFontCache - WITH_FREETYPE: 1, WITH_HARFBUZZ: 1
[2018.04.18-23.31.17:918][  0]LogSlate: SlateFontCache - WITH_FREETYPE: 1, WITH_HARFBUZZ: 1
[2018.04.18-23.31.28:921][  0]LogAssetRegistry: FAssetRegistry took 0.0363 seconds to start up
[2018.04.18-23.31.32:049][  0]LogInit: Selected Device Profile: [Windows]
[2018.04.18-23.31.34:123][  0]LogContentStreaming: Texture pool size is 0.00 MB
[2018.04.18-23.31.35:090][  0]LogSimplygon: Simplygon DLL not present - disabling.
[2018.04.18-23.31.35:239][  0]LogMeshReduction: Using SimplygonSwarm for distributed automatic mesh merging
[2018.04.18-23.31.35:239][  0]LogMeshReduction: Using QuadricMeshReduction for automatic static mesh reduction
[2018.04.18-23.31.35:239][  0]LogMeshReduction: No automatic skeletal mesh reduction module available
[2018.04.18-23.31.35:239][  0]LogMeshReduction: No automatic mesh merging module available
[2018.04.18-23.31.35:239][  0]LogMeshMerging: No automatic mesh merging module available
[2018.04.18-23.31.38:687][  0]LogNetVersion: RISE_GAME , NetCL: 3573198, EngineNetVer: 2, GameNetVer: 0 (Checksum: 1739909859)
[2018.04.18-23.31.40:315][  0]LogPackageLocalizationCache: Processed 2 localized package path(s) for 2 prioritized culture(s) in 0.106187 seconds
[2018.04.18-23.31.40:376][  0]LogUObjectArray: 35418 objects as part of root set at end of initial load.
[2018.04.18-23.31.40:376][  0]LogUObjectAllocator: 7448088 out of 0 bytes used by permanent object pool.
[2018.04.18-23.31.40:376][  0]LogUObjectArray: CloseDisregardForGC: 0/0 objects in disregard for GC pool
[2018.04.18-23.31.40:525][  0]LogInit: WinSock: version 1.1 (2.2), MaxSocks=32767, MaxUdp=65467
[2018.04.18-23.32.10:961][  0]LogTcpMessaging: Initializing TcpMessaging bridge
[2018.04.18-23.32.11:236][  0]LogUdpMessaging: Initializing bridge on interface 0.0.0.0:0 to multicast group 230.0.0.1:6666.
[2018.04.18-23.32.12:334][  0]SourceControl: Source control is disabled
[2018.04.18-23.32.12:334][  0]SourceControl: Source control is disabled
[2018.04.18-23.32.12:450][  0]SourceControl: Source control is disabled
[2018.04.18-23.32.12:575][  0]SourceControl: Source control is disabled
[2018.04.18-23.32.14:175][  0]LogAndroidPermission: UAndroidPermissionCallbackProxy::GetInstance
[2018.04.18-23.32.15:386][  0]LogEngine: Initializing Engine...
[2018.04.18-23.32.16:187][  0]LogStats: UGameplayTagsManager::ConstructGameplayTagTree: Construct from data asset -  0.000 s
[2018.04.18-23.32.16:187][  0]LogStats: UGameplayTagsManager::ConstructGameplayTagTree: GameplayTagTreeChangedEvent.Broadcast -  0.000 s
[2018.04.18-23.32.17:166][  0]LogAIModule: Creating AISystem for world Untitled
[2018.04.18-23.32.17:351][  0]LogInit: XAudio2 using 'Speakers (Realtek High Definition Audio)' : 2 channels at 48 kHz using 32 bits per sample (channel mask 0x3)
[2018.04.18-23.32.17:531][  0]LogInit: FAudioDevice initialized.
[2018.04.18-23.32.17:674][  0]LogDerivedDataCache: Saved boot cache 0.14s 92MB C:/Users/isma0/AppData/Local/UnrealEngine/4.17/DerivedDataCache/Boot.ddc.
[2018.04.18-23.32.17:830][  0]LogInit: Texture streaming: Enabled
[2018.04.18-23.32.18:022][  0]LogMaterial: Uniform references updated for custom material expression Custom.
[2018.04.18-23.32.19:402][  0]LogEngineSessionManager: EngineSessionManager initialized
[2018.04.18-23.32.21:355][  0]LogInit: Transaction tracking system initialized
[2018.04.18-23.32.24:533][  0]BlueprintLog: New page: Editor Load
[2018.04.18-23.32.31:591][  0]LocalizationService: Localization service is disabled
[2018.04.18-23.32.35:872][  0]LogConsoleResponse: Display: 
[2018.04.18-23.32.41:506][  0]LogFileCache: Scanning file cache for directory 'C:/Users/isma0/Documents/Unreal Projects/RISE-Mobile/RISE_GAME/Content/' took 0.02s
[2018.04.18-23.32.41:506][  0]LogCook: Display: Max memory allowance for cook 16384mb min free memory 0mb
[2018.04.18-23.32.41:506][  0]LogCook: Display: Mobile HDR setting 1
[2018.04.18-23.32.41:589][  0]LogGameplayTags: Display: UGameplayTagsManager::DoneAddingNativeTags. DelegateIsBound: 0
[2018.04.18-23.32.50:275][  0]SourceControl: Source control is disabled
[2018.04.18-23.32.50:512][  0]Cmd: MAP LOAD FILE="../../../../../../Users/isma0/Documents/Unreal Projects/RISE-Mobile/RISE_GAME/Content/SideScrollerBP/Maps/SideScrollerExampleMap.umap" TEMPLATE=0 SHOWPROGRESS=1 FEATURELEVEL=3
[2018.04.18-23.32.50:617][  0]LightingResults: New page: Lighting Build
[2018.04.18-23.32.50:969][  0]MapCheck: New page: Map Check
[2018.04.18-23.32.50:969][  0]LightingResults: New page: Lighting Build
[2018.04.18-23.33.24:281][  0]LogAIModule: Creating AISystem for world SideScrollerExampleMap
[2018.04.18-23.33.25:750][  0]LogEditorServer: Finished looking for orphan Actors (0.000 secs)
[2018.04.18-23.33.26:090][  0]Cmd: MAP CHECKDEP NOCLEARLOG
[2018.04.18-23.33.26:162][  0]MapCheck: Map check complete: 0 Error(s), 0 Warning(s), took 71.922ms to complete.
[2018.04.18-23.33.26:162][  0]LogFileHelpers: Loading map 'SideScrollerExampleMap' took 35.750
[2018.04.18-23.33.27:913][  0]LogCollectionManager: Loaded 0 collections in 0.002342 seconds
[2018.04.18-23.33.28:099][  0]LogFileCache: Scanning file cache for directory 'C:/Users/isma0/Documents/Unreal Projects/RISE-Mobile/RISE_GAME/Saved/Collections/' took 0.01s
[2018.04.18-23.33.28:099][  0]LogFileCache: Scanning file cache for directory 'C:/Users/isma0/Documents/Unreal Projects/RISE-Mobile/RISE_GAME/Content/Developers/isma0/Collections/' took 0.01s
[2018.04.18-23.33.28:099][  0]LogFileCache: Scanning file cache for directory 'C:/Users/isma0/Documents/Unreal Projects/RISE-Mobile/RISE_GAME/Content/Collections/' took 0.01s
[2018.04.18-23.33.28:099][  0]LogCollectionManager: Rebuilt the GUID cache for 0 collections in 0.000001 seconds
[2018.04.18-23.33.28:116][  0]LogContentBrowser: Native class hierarchy populated in 0.0156 seconds. Added 2312 classes and 451 folders.
[2018.04.18-23.33.28:243][  0]LogContentBrowser: Native class hierarchy updated for 'WidgetCarousel' in 0.0009 seconds. Added 0 classes and 0 folders.
[2018.04.18-23.33.29:462][  0]LogContentBrowser: Native class hierarchy updated for 'AddContentDialog' in 0.0013 seconds. Added 0 classes and 0 folders.
[2018.04.18-23.33.29:643][  0]LogContentBrowser: Native class hierarchy updated for 'SceneOutliner' in 0.0008 seconds. Added 1 classes and 2 folders.
[2018.04.18-23.33.31:077][  0]LogSlate: Took 0.025255 seconds to synchronously load lazily loaded font '../../../Engine/Content/Slate/Fonts/Roboto-Regular.ttf' (155K)
[2018.04.18-23.33.31:711][  0]LogSlate: Took 0.616076 seconds to synchronously load lazily loaded font '../../../Engine/Content/Slate/Fonts/Roboto-Bold.ttf' (160K)
[2018.04.18-23.33.31:775][  0]LogSlate: Took 0.016554 seconds to synchronously load lazily loaded font '../../../Engine/Content/Editor/Slate/Fonts/FontAwesome.ttf' (139K)
[2018.04.18-23.33.33:077][  0]LogRenderer: Reallocating scene render targets to support 964x448 Format 10 NumSamples 1 (Frame:1).
[2018.04.18-23.33.34:208][  0]LogContentBrowser: Native class hierarchy updated for 'HierarchicalLODOutliner' in 0.0007 seconds. Added 1 classes and 2 folders.
[2018.04.18-23.33.34:208][  0]LogLoad: (Engine Initialization) Total time: 165.21 seconds
[2018.04.18-23.33.34:209][  0]LogLoad: (Engine Initialization) Total Blueprint compile time: 0.00 seconds
[2018.04.18-23.33.34:239][  0]LogExternalProfiler: No external profilers were discovered.  External profiling features will not be available.
[2018.04.18-23.33.34:838][  0]LogContentStreaming: Texture pool size now 1000 MB
[2018.04.18-23.33.35:304][  0]LogSlate: Took 0.097783 seconds to synchronously load lazily loaded font '../../../Engine/Content/Slate/Fonts/Roboto-Light.ttf' (159K)
[2018.04.18-23.33.36:198][  3]LogAssetRegistry: Asset discovery search completed in 127.3000 seconds
[2018.04.18-23.33.36:200][  3]LogCollectionManager: Rebuilt the object cache for 0 collections in 0.000000 seconds (found 0 objects)
[2018.04.18-23.33.36:200][  3]LogCollectionManager: Fixed up redirectors for 0 collections in 0.000065 seconds (updated 0 objects)
[2018.04.18-23.33.40:520][ 16]LogFileCache: Retrieving MD5 hashes for directory 'C:/Users/isma0/Documents/Unreal Projects/RISE-Mobile/RISE_GAME/Content/' took 5.88s
[2018.04.18-23.39.34:008][614]LogSlate: Took 0.000204 seconds to synchronously load lazily loaded font '../../../Engine/Content/Slate/Fonts/Roboto-Light.ttf' (159K)
[2018.04.18-23.39.34:599][614]LogContentBrowser: Native class hierarchy updated for 'BlueprintGraph' in 0.0010 seconds. Added 113 classes and 0 folders.
[2018.04.18-23.39.35:519][614]LogSlate: Took 0.000149 seconds to synchronously load lazily loaded font '../../../Engine/Content/Slate/Fonts/Roboto-Regular.ttf' (155K)
[2018.04.18-23.39.35:828][614]LogSlate: Took 0.025578 seconds to synchronously load lazily loaded font '../../../Engine/Content/Editor/Slate/Fonts/Roboto-BoldCondensed.ttf' (158K)
[2018.04.18-23.39.36:071][615]LogSlate: Took 0.015801 seconds to synchronously load lazily loaded font '../../../Engine/Content/Editor/Slate/Fonts/Roboto-Italic.ttf' (157K)
[2018.04.18-23.40.04:751][966]LogRenderer: Reallocating scene render targets to support 1008x564 Format 10 NumSamples 1 (Frame:1).
[2018.04.18-23.42.35:919][950]BlueprintLog: New page: Compile OGSideScrollerGameMode
[2018.04.18-23.44.12:814][260]LogSlate: Took 0.000413 seconds to synchronously load lazily loaded font '../../../Engine/Content/Slate/Fonts/Roboto-Light.ttf' (159K)
[2018.04.18-23.44.22:061][287]LogSavePackage: Save=99.07ms
[2018.04.18-23.44.22:061][287]LogSavePackage: Moving '../../../../../../Users/isma0/Documents/Unreal Projects/RISE-Mobile/RISE_GAME/Saved/SideScrollerExampleMap_Auto122C47947465C5B1401C3B08180663F3B.tmp' to '../../../../../../Users/isma0/Documents/Unreal Projects/RISE-Mobile/RISE_GAME/Saved/Autosaves/Game/SideScrollerBP/Maps/SideScrollerExampleMap_Auto1.umap'
[2018.04.18-23.44.22:071][287]LogSavePackage: Display: Finished SavePackage ../../../../../../Users/isma0/Documents/Unreal Projects/RISE-Mobile/RISE_GAME/Saved/Autosaves/Game/SideScrollerBP/Maps/SideScrollerExampleMap_Auto1.umap
[2018.04.18-23.44.22:084][287]LogFileHelpers: Editor autosave (incl. sublevels) for '/Game/SideScrollerBP/Maps/SideScrollerExampleMap' took 0.246
[2018.04.18-23.44.22:084][287]LogFileHelpers: Editor autosave (incl. sublevels) for all levels took 0.246
[2018.04.18-23.44.22:087][287]OBJ SavePackage: Generating thumbnails for [0] asset(s) in package [/Game/RISE/OGSideScrollerGameMode] ([1] browsable assets)...
[2018.04.18-23.44.22:087][287]OBJ SavePackage: Finished generating thumbnails for package [/Game/RISE/OGSideScrollerGameMode]
[2018.04.18-23.44.22:177][287]LogSavePackage: Save=76.63ms
[2018.04.18-23.44.22:177][287]LogSavePackage: Moving '../../../../../../Users/isma0/Documents/Unreal Projects/RISE-Mobile/RISE_GAME/Saved/OGSideScrollerGameMode_Auto1482868E24D346E11ADC1ACBC0474A0C2.tmp' to '../../../../../../Users/isma0/Documents/Unreal Projects/RISE-Mobile/RISE_GAME/Saved/Autosaves/Game/RISE/OGSideScrollerGameMode_Auto1.uasset'
[2018.04.18-23.44.22:180][287]LogSavePackage: Display: Finished SavePackage ../../../../../../Users/isma0/Documents/Unreal Projects/RISE-Mobile/RISE_GAME/Saved/Autosaves/Game/RISE/OGSideScrollerGameMode_Auto1.uasset
[2018.04.18-23.44.22:180][287]LogFileHelpers: Auto-saving content packages took 0.095
[2018.04.19-00.00.24:609][328]BlueprintLog: New page: Compile OGSideScrollerGameMode
[2018.04.19-00.00.24:995][328]LogBlueprint: Error: [Compiler OGSideScrollerGameMode] Spawn node  SpawnActor NONE  must have a  Class  specified.
[2018.04.19-00.00.25:692][328]LogBlueprint: Warning: [Compiler OGSideScrollerGameMode] [1776.69] Compile of OGSideScrollerGameMode failed. 1 Fatal Issue(s) 0 Warning(s) [in 1,082 ms] (/Game/RISE/OGSideScrollerGameMode.OGSideScrollerGameMode)
[2018.04.19-00.00.48:180][661]BlueprintLog: New page: Compile OGSideScrollerGameMode
[2018.04.19-00.00.48:569][661]LogBlueprint: Error: [Compiler OGSideScrollerGameMode] The current value of the ' Spawn Transform ' pin is invalid: 'Spawn Transform' must have an input wired into it ("by ref" params expect a valid input to operate on).
[2018.04.19-00.00.48:569][661]LogBlueprint: Error: [Compiler OGSideScrollerGameMode] The current value of the ' Spawn Transform ' pin is invalid: 'Spawn Transform' must have an input wired into it ("by ref" params expect a valid input to operate on).
[2018.04.19-00.00.49:190][661]LogBlueprint: Warning: [Compiler OGSideScrollerGameMode] [1800.19] Compile of OGSideScrollerGameMode failed. 2 Fatal Issue(s) 0 Warning(s) [in 1,010 ms] (/Game/RISE/OGSideScrollerGameMode.OGSideScrollerGameMode)
[2018.04.19-00.03.37:347][457]BlueprintLog: New page: Compile OGSideScrollerGameMode
[2018.04.19-00.03.37:746][457]LogBlueprint: Error: [Compiler OGSideScrollerGameMode] The type of  Object  is undetermined.  Connect something to  Cast To OGSideScrollerCharacter  to imply a specific type.
[2018.04.19-00.03.37:777][457]LogBlueprint: Error: [Compiler OGSideScrollerGameMode] The current value of the ' Object ' pin is invalid: Unsupported type Wildcard on pin Object
[2018.04.19-00.03.38:415][457]LogBlueprint: Warning: [Compiler OGSideScrollerGameMode] [1969.41] Compile of OGSideScrollerGameMode failed. 2 Fatal Issue(s) 0 Warning(s) [in 1,067 ms] (/Game/RISE/OGSideScrollerGameMode.OGSideScrollerGameMode)
[2018.04.19-00.04.45:352][434]LogSavePackage: Save=86.50ms
[2018.04.19-00.04.45:352][434]LogSavePackage: Moving '../../../../../../Users/isma0/Documents/Unreal Projects/RISE-Mobile/RISE_GAME/Saved/SideScrollerExampleMap_Auto20937B29744F2A3E18AAC69BE163A5D12.tmp' to '../../../../../../Users/isma0/Documents/Unreal Projects/RISE-Mobile/RISE_GAME/Saved/Autosaves/Game/SideScrollerBP/Maps/SideScrollerExampleMap_Auto2.umap'
[2018.04.19-00.04.45:365][434]LogSavePackage: Display: Finished SavePackage ../../../../../../Users/isma0/Documents/Unreal Projects/RISE-Mobile/RISE_GAME/Saved/Autosaves/Game/SideScrollerBP/Maps/SideScrollerExampleMap_Auto2.umap
[2018.04.19-00.04.45:368][434]LogFileHelpers: Editor autosave (incl. sublevels) for '/Game/SideScrollerBP/Maps/SideScrollerExampleMap' took 0.159
[2018.04.19-00.04.45:368][434]LogFileHelpers: Editor autosave (incl. sublevels) for all levels took 0.159
[2018.04.19-00.04.45:371][434]OBJ SavePackage: Generating thumbnails for [0] asset(s) in package [/Game/RISE/OGSideScrollerGameMode] ([1] browsable assets)...
[2018.04.19-00.04.45:371][434]OBJ SavePackage: Finished generating thumbnails for package [/Game/RISE/OGSideScrollerGameMode]
[2018.04.19-00.04.45:455][434]LogSavePackage: Save=72.67ms
[2018.04.19-00.04.45:455][434]LogSavePackage: Moving '../../../../../../Users/isma0/Documents/Unreal Projects/RISE-Mobile/RISE_GAME/Saved/OGSideScrollerGameMode_Auto2EDA3F4414DDB98760A525BA3B8E53C4E.tmp' to '../../../../../../Users/isma0/Documents/Unreal Projects/RISE-Mobile/RISE_GAME/Saved/Autosaves/Game/RISE/OGSideScrollerGameMode_Auto2.uasset'
[2018.04.19-00.04.45:465][434]LogSavePackage: Display: Finished SavePackage ../../../../../../Users/isma0/Documents/Unreal Projects/RISE-Mobile/RISE_GAME/Saved/Autosaves/Game/RISE/OGSideScrollerGameMode_Auto2.uasset
[2018.04.19-00.04.45:465][434]LogFileHelpers: Auto-saving content packages took 0.096
[2018.04.19-00.05.01:929][410]BlueprintLog: New page: Compile OGSideScrollerGameMode
[2018.04.19-00.05.02:313][410]LogBlueprint: Warning: [Compiler OGSideScrollerGameMode] 'OGSide Scroller Character' does not inherit from 'Player Controller' ( Cast To OGSideScrollerCharacter  would always fail).
[2018.04.19-00.05.03:003][410]LogBlueprint: Warning: [Compiler OGSideScrollerGameMode] [2054.00] Compile of OGSideScrollerGameMode successful, but with 1 Warning(s) [in 1,073 ms] (/Game/RISE/OGSideScrollerGameMode.OGSideScrollerGameMode)
[2018.04.19-00.06.07:971][244]BlueprintLog: New page: Compile OGSideScrollerGameMode
[2018.04.19-00.06.08:346][244]LogBlueprint: Warning: [Compiler OGSideScrollerGameMode] 'OGSide Scroller Character' does not inherit from 'Game Mode Base' ( Cast To OGSideScrollerCharacter  would always fail).
[2018.04.19-00.06.09:326][244]LogBlueprint: Warning: [Compiler OGSideScrollerGameMode] [2120.32] Compile of OGSideScrollerGameMode successful, but with 1 Warning(s) [in 1,354 ms] (/Game/RISE/OGSideScrollerGameMode.OGSideScrollerGameMode)
[2018.04.19-00.06.55:190][969]BlueprintLog: New page: Compile OGSideScrollerGameMode
[2018.04.19-00.07.28:127][850]Cmd: OBJ SAVEPACKAGE PACKAGE="/Game/RISE/OGSideScrollerGameMode" FILE="../../../../../../Users/isma0/Documents/Unreal Projects/RISE-Mobile/RISE_GAME/Content/RISE/OGSideScrollerGameMode.uasset" SILENT=true
[2018.04.19-00.07.28:215][850]LogSavePackage: Save=77.35ms
[2018.04.19-00.07.28:215][850]LogSavePackage: Moving '../../../../../../Users/isma0/Documents/Unreal Projects/RISE-Mobile/RISE_GAME/Saved/OGSideScrollerGameModeCF2B20FA49FC1C777885D5810D3235E3.tmp' to '../../../../../../Users/isma0/Documents/Unreal Projects/RISE-Mobile/RISE_GAME/Content/RISE/OGSideScrollerGameMode.uasset'
[2018.04.19-00.07.28:221][850]LogSavePackage: Display: Finished SavePackage ../../../../../../Users/isma0/Documents/Unreal Projects/RISE-Mobile/RISE_GAME/Content/RISE/OGSideScrollerGameMode.uasset
[2018.04.19-00.08.48:178][632]Cmd: OBJ SAVEPACKAGE PACKAGE="/Game/RISE/LvlGenrating/BP_Level" FILE="../../../../../../Users/isma0/Documents/Unreal Projects/RISE-Mobile/RISE_GAME/Content/RISE/LvlGenrating/BP_Level.uasset" SILENT=true
[2018.04.19-00.08.48:570][632]LogSavePackage: Save=376.62ms
[2018.04.19-00.08.48:570][632]LogSavePackage: Moving '../../../../../../Users/isma0/Documents/Unreal Projects/RISE-Mobile/RISE_GAME/Saved/BP_Level5A6D75B9490A5D3CB4509FB694A3E03E.tmp' to '../../../../../../Users/isma0/Documents/Unreal Projects/RISE-Mobile/RISE_GAME/Content/RISE/LvlGenrating/BP_Level.uasset'
[2018.04.19-00.08.48:576][632]LogSavePackage: Display: Finished SavePackage ../../../../../../Users/isma0/Documents/Unreal Projects/RISE-Mobile/RISE_GAME/Content/RISE/LvlGenrating/BP_Level.uasset
[2018.04.19-00.10.36:042][913]BlueprintLog: New page: Compile OGSideScrollerGameMode
[2018.04.19-00.10.38:474][964]Cmd: OBJ SAVEPACKAGE PACKAGE="/Game/RISE/OGSideScrollerGameMode" FILE="../../../../../../Users/isma0/Documents/Unreal Projects/RISE-Mobile/RISE_GAME/Content/RISE/OGSideScrollerGameMode.uasset" SILENT=true
[2018.04.19-00.10.38:557][964]LogSavePackage: Save=69.66ms
[2018.04.19-00.10.38:557][964]LogSavePackage: Moving '../../../../../../Users/isma0/Documents/Unreal Projects/RISE-Mobile/RISE_GAME/Saved/OGSideScrollerGameMode25907153460F232F42408A9C0D7F4D39.tmp' to '../../../../../../Users/isma0/Documents/Unreal Projects/RISE-Mobile/RISE_GAME/Content/RISE/OGSideScrollerGameMode.uasset'
[2018.04.19-00.10.38:562][964]LogSavePackage: Display: Finished SavePackage ../../../../../../Users/isma0/Documents/Unreal Projects/RISE-Mobile/RISE_GAME/Content/RISE/OGSideScrollerGameMode.uasset
[2018.04.19-00.13.04:926][564]BlueprintLog: New page: Compile OGSideScrollerCharacter
[2018.04.19-00.13.05:356][564]LogBlueprint: Error: [Compiler OGSideScrollerCharacter] The type of  Object  is undetermined.  Connect something to  Cast To BP_Level  to imply a specific type.
[2018.04.19-00.13.05:384][564]LogBlueprint: Error: [Compiler OGSideScrollerCharacter] The current value of the ' Object ' pin is invalid: Unsupported type Wildcard on pin Object
[2018.04.19-00.13.06:579][564]LogBlueprint: Warning: [Compiler OGSideScrollerCharacter] [2537.58] Compile of OGSideScrollerCharacter failed. 2 Fatal Issue(s) 0 Warning(s) [in 1,652 ms] (/Game/SideScrollerBP/Blueprints/OGSideScrollerCharacter.OGSideScrollerCharacter)
[2018.04.19-00.13.21:498][431]BlueprintLog: New page: Compile OGSideScrollerCharacter
[2018.04.19-00.13.21:892][431]LogBlueprint: Warning: [Compiler OGSideScrollerCharacter] 'BP Level' does not inherit from 'Game Mode Base' ( Cast To BP_Level  would always fail).
[2018.04.19-00.13.23:105][431]LogBlueprint: Warning: [Compiler OGSideScrollerCharacter] [2554.10] Compile of OGSideScrollerCharacter successful, but with 1 Warning(s) [in 1,606 ms] (/Game/SideScrollerBP/Blueprints/OGSideScrollerCharacter.OGSideScrollerCharacter)
[2018.04.19-00.14.56:568][974]LogSlate: Warning: Prevented a slow task dialog from being summoned while a context menu was open
[2018.04.19-00.15.20:331][383]BlueprintLog: New page: Compile OGSideScrollerCharacter
[2018.04.19-00.16.06:806][ 48]LogSavePackage: Save=73.75ms
[2018.04.19-00.16.06:807][ 48]LogSavePackage: Moving '../../../../../../Users/isma0/Documents/Unreal Projects/RISE-Mobile/RISE_GAME/Saved/SideScrollerExampleMap_Auto334D6DAE3458C3C57285D20A6AEBC8C00.tmp' to '../../../../../../Users/isma0/Documents/Unreal Projects/RISE-Mobile/RISE_GAME/Saved/Autosaves/Game/SideScrollerBP/Maps/SideScrollerExampleMap_Auto3.umap'
[2018.04.19-00.16.06:812][ 48]LogSavePackage: Display: Finished SavePackage ../../../../../../Users/isma0/Documents/Unreal Projects/RISE-Mobile/RISE_GAME/Saved/Autosaves/Game/SideScrollerBP/Maps/SideScrollerExampleMap_Auto3.umap
[2018.04.19-00.16.06:815][ 48]LogFileHelpers: Editor autosave (incl. sublevels) for '/Game/SideScrollerBP/Maps/SideScrollerExampleMap' took 0.161
[2018.04.19-00.16.06:815][ 48]LogFileHelpers: Editor autosave (incl. sublevels) for all levels took 0.161
[2018.04.19-00.16.06:819][ 48]OBJ SavePackage: Generating thumbnails for [1] asset(s) in package [/Game/RISE/LvlGenrating/BP_Level] ([1] browsable assets)...
[2018.04.19-00.16.06:871][ 48]OBJ SavePackage:     Rendered thumbnail for [Blueprint /Game/RISE/LvlGenrating/BP_Level.BP_Level]
[2018.04.19-00.16.06:871][ 48]OBJ SavePackage: Finished generating thumbnails for package [/Game/RISE/LvlGenrating/BP_Level]
[2018.04.19-00.16.07:251][ 48]LogSavePackage: Save=367.88ms
[2018.04.19-00.16.07:251][ 48]LogSavePackage: Moving '../../../../../../Users/isma0/Documents/Unreal Projects/RISE-Mobile/RISE_GAME/Saved/BP_Level_Auto3C82F8BEA4C534717193FBA80D8DD739C.tmp' to '../../../../../../Users/isma0/Documents/Unreal Projects/RISE-Mobile/RISE_GAME/Saved/Autosaves/Game/RISE/LvlGenrating/BP_Level_Auto3.uasset'
[2018.04.19-00.16.07:255][ 48]LogSavePackage: Display: Finished SavePackage ../../../../../../Users/isma0/Documents/Unreal Projects/RISE-Mobile/RISE_GAME/Saved/Autosaves/Game/RISE/LvlGenrating/BP_Level_Auto3.uasset
[2018.04.19-00.16.07:257][ 48]OBJ SavePackage: Generating thumbnails for [1] asset(s) in package [/Game/SideScrollerBP/Blueprints/OGSideScrollerCharacter] ([1] browsable assets)...
[2018.04.19-00.16.07:312][ 48]OBJ SavePackage:     Rendered thumbnail for [Blueprint /Game/SideScrollerBP/Blueprints/OGSideScrollerCharacter.OGSideScrollerCharacter]
[2018.04.19-00.16.07:312][ 48]OBJ SavePackage: Finished generating thumbnails for package [/Game/SideScrollerBP/Blueprints/OGSideScrollerCharacter]
[2018.04.19-00.16.07:663][ 48]LogSavePackage: Save=335.92ms
[2018.04.19-00.16.07:663][ 48]LogSavePackage: Moving '../../../../../../Users/isma0/Documents/Unreal Projects/RISE-Mobile/RISE_GAME/Saved/OGSideScrollerCharacter_Auto3B2F87F26426BCF8ED30C239EB2CCED20.tmp' to '../../../../../../Users/isma0/Documents/Unreal Projects/RISE-Mobile/RISE_GAME/Saved/Autosaves/Game/SideScrollerBP/Blueprints/OGSideScrollerCharacter_Auto3.uasset'
[2018.04.19-00.16.07:666][ 48]LogSavePackage: Display: Finished SavePackage ../../../../../../Users/isma0/Documents/Unreal Projects/RISE-Mobile/RISE_GAME/Saved/Autosaves/Game/SideScrollerBP/Blueprints/OGSideScrollerCharacter_Auto3.uasset
[2018.04.19-00.16.07:666][ 48]LogFileHelpers: Auto-saving content packages took 0.850
[2018.04.19-00.18.13:290][563]BlueprintLog: New page: Compile OGSideScrollerCharacter
[2018.04.19-00.19.26:804][855]BlueprintLog: New page: Compile OGSideScrollerCharacter
[2018.04.19-00.22.49:234][841]Cmd: OBJ SAVEPACKAGE PACKAGE="/Game/RISE/LvlGenrating/BP_Level" FILE="../../../../../../Users/isma0/Documents/Unreal Projects/RISE-Mobile/RISE_GAME/Content/RISE/LvlGenrating/BP_Level.uasset" SILENT=true
[2018.04.19-00.22.49:636][841]LogSavePackage: Save=380.33ms
[2018.04.19-00.22.49:636][841]LogSavePackage: Moving '../../../../../../Users/isma0/Documents/Unreal Projects/RISE-Mobile/RISE_GAME/Saved/BP_Level06293B9E4A5BEC725E829AB8A8A2C0DD.tmp' to '../../../../../../Users/isma0/Documents/Unreal Projects/RISE-Mobile/RISE_GAME/Content/RISE/LvlGenrating/BP_Level.uasset'
[2018.04.19-00.22.49:642][841]LogSavePackage: Display: Finished SavePackage ../../../../../../Users/isma0/Documents/Unreal Projects/RISE-Mobile/RISE_GAME/Content/RISE/LvlGenrating/BP_Level.uasset
[2018.04.19-00.23.18:216][555]BlueprintLog: New page: Compile OGSideScrollerCharacter
[2018.04.19-00.23.30:081][142]LogSavePackage: Save=63.15ms
[2018.04.19-00.23.30:081][142]LogSavePackage: Moving '../../../../../../Users/isma0/Documents/Unreal Projects/RISE-Mobile/RISE_GAME/Saved/SideScrollerExampleMapF307009C4C8CF0ABFF14F28832A9F07D.tmp' to '../../../../../../Users/isma0/Documents/Unreal Projects/RISE-Mobile/RISE_GAME/Content/SideScrollerBP/Maps/SideScrollerExampleMap.umap'
[2018.04.19-00.23.30:088][142]LogSavePackage: Display: Finished SavePackage ../../../../../../Users/isma0/Documents/Unreal Projects/RISE-Mobile/RISE_GAME/Content/SideScrollerBP/Maps/SideScrollerExampleMap.umap
[2018.04.19-00.23.30:136][142]LogFileHelpers: Saving map 'SideScrollerExampleMap' took 0.261
[2018.04.19-00.23.30:552][142]LogSavePackage: Save=339.75ms
[2018.04.19-00.23.30:552][142]LogSavePackage: Moving '../../../../../../Users/isma0/Documents/Unreal Projects/RISE-Mobile/RISE_GAME/Saved/OGSideScrollerCharacter67E6EB1F45A5FB73522DA6905CBB217A.tmp' to '../../../../../../Users/isma0/Documents/Unreal Projects/RISE-Mobile/RISE_GAME/Content/SideScrollerBP/Blueprints/OGSideScrollerCharacter.uasset'
[2018.04.19-00.23.30:559][142]LogSavePackage: Display: Finished SavePackage ../../../../../../Users/isma0/Documents/Unreal Projects/RISE-Mobile/RISE_GAME/Content/SideScrollerBP/Blueprints/OGSideScrollerCharacter.uasset
[2018.04.19-00.33.00:073][257]BlueprintLog: New page: Compile BP_Level
[2018.04.19-00.35.52:032][451]LogFileHelpers: Editor autosave (incl. sublevels) for '/Game/SideScrollerBP/Maps/SideScrollerExampleMap' took 0.037
[2018.04.19-00.35.52:035][451]OBJ SavePackage: Generating thumbnails for [1] asset(s) in package [/Game/RISE/LvlGenrating/BP_Level] ([1] browsable assets)...
[2018.04.19-00.35.52:068][451]OBJ SavePackage:     Rendered thumbnail for [Blueprint /Game/RISE/LvlGenrating/BP_Level.BP_Level]
[2018.04.19-00.35.52:068][451]OBJ SavePackage: Finished generating thumbnails for package [/Game/RISE/LvlGenrating/BP_Level]
[2018.04.19-00.35.52:491][451]LogSavePackage: Save=403.69ms
[2018.04.19-00.35.52:491][451]LogSavePackage: Moving '../../../../../../Users/isma0/Documents/Unreal Projects/RISE-Mobile/RISE_GAME/Saved/BP_Level_Auto442710CD041D813C25E19A4A2FCE05195.tmp' to '../../../../../../Users/isma0/Documents/Unreal Projects/RISE-Mobile/RISE_GAME/Saved/Autosaves/Game/RISE/LvlGenrating/BP_Level_Auto4.uasset'
[2018.04.19-00.35.52:494][451]LogSavePackage: Display: Finished SavePackage ../../../../../../Users/isma0/Documents/Unreal Projects/RISE-Mobile/RISE_GAME/Saved/Autosaves/Game/RISE/LvlGenrating/BP_Level_Auto4.uasset
[2018.04.19-00.35.52:495][451]LogFileHelpers: Auto-saving content packages took 0.462
[2018.04.19-00.36.15:979][859]BlueprintLog: New page: Compile BP_Level
[2018.04.19-00.36.17:438][887]Cmd: OBJ SAVEPACKAGE PACKAGE="/Game/RISE/LvlGenrating/BP_Level" FILE="../../../../../../Users/isma0/Documents/Unreal Projects/RISE-Mobile/RISE_GAME/Content/RISE/LvlGenrating/BP_Level.uasset" SILENT=true
[2018.04.19-00.36.17:831][887]LogSavePackage: Save=381.12ms
[2018.04.19-00.36.17:831][887]LogSavePackage: Moving '../../../../../../Users/isma0/Documents/Unreal Projects/RISE-Mobile/RISE_GAME/Saved/BP_LevelCCEE839845A805E051B42DB51BC278D1.tmp' to '../../../../../../Users/isma0/Documents/Unreal Projects/RISE-Mobile/RISE_GAME/Content/RISE/LvlGenrating/BP_Level.uasset'
[2018.04.19-00.36.17:837][887]LogSavePackage: Display: Finished SavePackage ../../../../../../Users/isma0/Documents/Unreal Projects/RISE-Mobile/RISE_GAME/Content/RISE/LvlGenrating/BP_Level.uasset
[2018.04.19-00.36.27:980][493]BlueprintLog: New page: Compile BP_Level
[2018.04.19-00.39.22:201][639]BlueprintLog: New page: Compile BP_Level
[2018.04.19-00.39.54:198][487]BlueprintLog: New page: Compile OGSideScrollerCharacter
[2018.04.19-00.39.57:599][559]LogSavePackage: Save=337.13ms
[2018.04.19-00.39.57:599][559]LogSavePackage: Moving '../../../../../../Users/isma0/Documents/Unreal Projects/RISE-Mobile/RISE_GAME/Saved/OGSideScrollerCharacterB2F272614BF51A605BF626913B06942D.tmp' to '../../../../../../Users/isma0/Documents/Unreal Projects/RISE-Mobile/RISE_GAME/Content/SideScrollerBP/Blueprints/OGSideScrollerCharacter.uasset'
[2018.04.19-00.39.57:605][559]LogSavePackage: Display: Finished SavePackage ../../../../../../Users/isma0/Documents/Unreal Projects/RISE-Mobile/RISE_GAME/Content/SideScrollerBP/Blueprints/OGSideScrollerCharacter.uasset
[2018.04.19-00.40.30:415][504]BlueprintLog: New page: Compile OGSideScrollerCharacter
[2018.04.19-00.41.08:938][628]LogTemp: Dropped DoNotUse2 on Category Flooring
[2018.04.19-00.41.11:627][785]LogTemp: Dropped DoNotUse3 on Category Flooring
[2018.04.19-00.41.14:503][952]BlueprintLog: New page: Compile OGSideScrollerGameMode
[2018.04.19-00.41.18:983][106]LogSavePackage: Save=340.96ms
[2018.04.19-00.41.18:983][106]LogSavePackage: Moving '../../../../../../Users/isma0/Documents/Unreal Projects/RISE-Mobile/RISE_GAME/Saved/OGSideScrollerCharacter83B5A3A944BF420FC453658FDD0E836C.tmp' to '../../../../../../Users/isma0/Documents/Unreal Projects/RISE-Mobile/RISE_GAME/Content/SideScrollerBP/Blueprints/OGSideScrollerCharacter.uasset'
[2018.04.19-00.41.18:989][106]LogSavePackage: Display: Finished SavePackage ../../../../../../Users/isma0/Documents/Unreal Projects/RISE-Mobile/RISE_GAME/Content/SideScrollerBP/Blueprints/OGSideScrollerCharacter.uasset
[2018.04.19-00.41.19:814][148]Cmd: OBJ SAVEPACKAGE PACKAGE="/Game/RISE/LvlGenrating/BP_Level" FILE="../../../../../../Users/isma0/Documents/Unreal Projects/RISE-Mobile/RISE_GAME/Content/RISE/LvlGenrating/BP_Level.uasset" SILENT=true
[2018.04.19-00.41.20:211][148]LogSavePackage: Save=383.42ms
[2018.04.19-00.41.20:212][148]LogSavePackage: Moving '../../../../../../Users/isma0/Documents/Unreal Projects/RISE-Mobile/RISE_GAME/Saved/BP_Level7A418B9D457B2191D43047AA2080B9E1.tmp' to '../../../../../../Users/isma0/Documents/Unreal Projects/RISE-Mobile/RISE_GAME/Content/RISE/LvlGenrating/BP_Level.uasset'
[2018.04.19-00.41.20:218][148]LogSavePackage: Display: Finished SavePackage ../../../../../../Users/isma0/Documents/Unreal Projects/RISE-Mobile/RISE_GAME/Content/RISE/LvlGenrating/BP_Level.uasset
[2018.04.19-00.42.35:168][616]BlueprintLog: New page: Compile BP_Level
[2018.04.19-00.44.21:758][932]BlueprintLog: New page: Compile BP_Level
[2018.04.19-00.44.23:286][963]Cmd: OBJ SAVEPACKAGE PACKAGE="/Game/RISE/LvlGenrating/BP_Level" FILE="../../../../../../Users/isma0/Documents/Unreal Projects/RISE-Mobile/RISE_GAME/Content/RISE/LvlGenrating/BP_Level.uasset" SILENT=true
[2018.04.19-00.44.23:677][963]LogSavePackage: Save=376.41ms
[2018.04.19-00.44.23:677][963]LogSavePackage: Moving '../../../../../../Users/isma0/Documents/Unreal Projects/RISE-Mobile/RISE_GAME/Saved/BP_LevelFD5F16C94C1D4D5E534A47B0AD0CA1A3.tmp' to '../../../../../../Users/isma0/Documents/Unreal Projects/RISE-Mobile/RISE_GAME/Content/RISE/LvlGenrating/BP_Level.uasset'
[2018.04.19-00.44.23:683][963]LogSavePackage: Display: Finished SavePackage ../../../../../../Users/isma0/Documents/Unreal Projects/RISE-Mobile/RISE_GAME/Content/RISE/LvlGenrating/BP_Level.uasset
[2018.04.19-00.47.24:418][781]LogSavePackage: Save=64.38ms
[2018.04.19-00.47.24:419][781]LogSavePackage: Moving '../../../../../../Users/isma0/Documents/Unreal Projects/RISE-Mobile/RISE_GAME/Saved/SideScrollerExampleMap74646DA74C9C33C355B18FB7306C94F2.tmp' to '../../../../../../Users/isma0/Documents/Unreal Projects/RISE-Mobile/RISE_GAME/Content/SideScrollerBP/Maps/SideScrollerExampleMap.umap'
[2018.04.19-00.47.24:426][781]LogSavePackage: Display: Finished SavePackage ../../../../../../Users/isma0/Documents/Unreal Projects/RISE-Mobile/RISE_GAME/Content/SideScrollerBP/Maps/SideScrollerExampleMap.umap
[2018.04.19-00.47.24:471][781]LogFileHelpers: Saving map 'SideScrollerExampleMap' took 0.271
[2018.04.19-00.47.24:473][781]Cmd: OBJ SAVEPACKAGE PACKAGE="/Game/RISE/OGSideScrollerGameMode" FILE="../../../../../../Users/isma0/Documents/Unreal Projects/RISE-Mobile/RISE_GAME/Content/RISE/OGSideScrollerGameMode.uasset" SILENT=true
[2018.04.19-00.47.24:555][781]LogSavePackage: Save=70.27ms
[2018.04.19-00.47.24:555][781]LogSavePackage: Moving '../../../../../../Users/isma0/Documents/Unreal Projects/RISE-Mobile/RISE_GAME/Saved/OGSideScrollerGameMode2B81FB764338AA298366489B21C8DE18.tmp' to '../../../../../../Users/isma0/Documents/Unreal Projects/RISE-Mobile/RISE_GAME/Content/RISE/OGSideScrollerGameMode.uasset'
[2018.04.19-00.47.24:562][781]LogSavePackage: Display: Finished SavePackage ../../../../../../Users/isma0/Documents/Unreal Projects/RISE-Mobile/RISE_GAME/Content/RISE/OGSideScrollerGameMode.uasset
[2018.04.19-00.47.24:577][781]Cmd: OBJ SAVEPACKAGE PACKAGE="/Game/RISE/LvlGenrating/BP_Level" FILE="../../../../../../Users/isma0/Documents/Unreal Projects/RISE-Mobile/RISE_GAME/Content/RISE/LvlGenrating/BP_Level.uasset" SILENT=true
[2018.04.19-00.47.24:967][781]LogSavePackage: Save=377.98ms
[2018.04.19-00.47.24:967][781]LogSavePackage: Moving '../../../../../../Users/isma0/Documents/Unreal Projects/RISE-Mobile/RISE_GAME/Saved/BP_Level6D51335C44FAAB2A1981059F7F7E246C.tmp' to '../../../../../../Users/isma0/Documents/Unreal Projects/RISE-Mobile/RISE_GAME/Content/RISE/LvlGenrating/BP_Level.uasset'
[2018.04.19-00.47.24:974][781]LogSavePackage: Display: Finished SavePackage ../../../../../../Users/isma0/Documents/Unreal Projects/RISE-Mobile/RISE_GAME/Content/RISE/LvlGenrating/BP_Level.uasset
[2018.04.19-00.54.48:301][588]LogEditorTransaction: Undo Modify Component(s)
[2018.04.19-00.55.46:419][ 17]BlueprintLog: New page: Compile BP_Teleport
[2018.04.19-00.55.53:432][400]LogSavePackage: Save=28.80ms
[2018.04.19-00.55.53:432][400]LogSavePackage: Moving '../../../../../../Users/isma0/Documents/Unreal Projects/RISE-Mobile/RISE_GAME/Saved/BP_Teleport3F7135A44CE181B722F0CA9BE65614F7.tmp' to '../../../../../../Users/isma0/Documents/Unreal Projects/RISE-Mobile/RISE_GAME/Content/RISE/PowerUpsAndCoins/BP_Teleport.uasset'
[2018.04.19-00.55.53:438][400]LogSavePackage: Display: Finished SavePackage ../../../../../../Users/isma0/Documents/Unreal Projects/RISE-Mobile/RISE_GAME/Content/RISE/PowerUpsAndCoins/BP_Teleport.uasset
[2018.04.19-00.56.27:940][441]LogSlate: Warning: Prevented a slow task dialog from being summoned while a context menu was open
[2018.04.19-00.59.02:994][678]BlueprintLog: New page: Compile BP_Level
[2018.04.19-00.59.06:916][852]Cmd: OBJ SAVEPACKAGE PACKAGE="/Game/RISE/LvlGenrating/BP_Level" FILE="../../../../../../Users/isma0/Documents/Unreal Projects/RISE-Mobile/RISE_GAME/Content/RISE/LvlGenrating/BP_Level.uasset" SILENT=true
[2018.04.19-00.59.07:329][852]LogSavePackage: Save=397.25ms
[2018.04.19-00.59.07:329][852]LogSavePackage: Moving '../../../../../../Users/isma0/Documents/Unreal Projects/RISE-Mobile/RISE_GAME/Saved/BP_Level0AC2B75D4ABCC05FBFA8C2A6ACC47D95.tmp' to '../../../../../../Users/isma0/Documents/Unreal Projects/RISE-Mobile/RISE_GAME/Content/RISE/LvlGenrating/BP_Level.uasset'
[2018.04.19-00.59.07:336][852]LogSavePackage: Display: Finished SavePackage ../../../../../../Users/isma0/Documents/Unreal Projects/RISE-Mobile/RISE_GAME/Content/RISE/LvlGenrating/BP_Level.uasset
[2018.04.19-00.59.12:353][150]LogActorComponent: UnregisterComponent: (/Engine/Transient.EditorFloorComp) Not registered. Aborting.
[2018.04.19-00.59.13:239][199]LogActorComponent: UnregisterComponent: (/Engine/Transient.EditorFloorComp) Not registered. Aborting.
[2018.04.19-00.59.15:785][341]LogActorComponent: UnregisterComponent: (/Engine/Transient.EditorFloorComp) Not registered. Aborting.
[2018.04.19-00.59.18:689][488]Cmd: QUIT_EDITOR
[2018.04.19-00.59.18:721][488]LogWindowsTextInputMethodSystem: Display: IME system now deactivated.
[2018.04.19-00.59.18:724][488]LogWindowsTextInputMethodSystem: Display: IME system now deactivated.
[2018.04.19-00.59.18:740][488]LogExit: Preparing to exit.
[2018.04.19-00.59.19:230][488]LogDirectoryWatcher: A directory notification for 'C:/Users/isma0/Documents/Unreal Projects/RISE-Mobile/RISE_GAME/Content/' was aborted.
[2018.04.19-00.59.19:274][488]LogExit: Editor shut down
[2018.04.19-00.59.19:285][488]LogExit: Transaction tracking system shut down
[2018.04.19-00.59.19:406][488]LogDirectoryWatcher: A directory notification for '../../../Engine/Content/' was aborted.
[2018.04.19-00.59.19:406][488]LogDirectoryWatcher: A directory notification for '../../../../../../Users/isma0/Documents/Unreal Projects/RISE-Mobile/RISE_GAME/Content/' was aborted.
[2018.04.19-00.59.19:491][488]LogExit: Object subsystem successfully closed.
[2018.04.19-00.59.19:517][488]LogD3D11RHI: Shutdown
[2018.04.19-00.59.19:517][488]LogD3D11RHI: CleanupD3DDevice
[2018.04.19-00.59.19:651][488]LogD3D11RHI: ~FD3D11DynamicRHI
[2018.04.19-00.59.19:670][488]LogModuleManager: Shutting down and abandoning module HierarchicalLODUtilities (496)
[2018.04.19-00.59.19:670][488]LogModuleManager: Shutting down and abandoning module BlueprintGraph (494)
[2018.04.19-00.59.19:670][488]LogModuleManager: Shutting down and abandoning module BlueprintProfiler (492)
[2018.04.19-00.59.19:671][488]LogModuleManager: Shutting down and abandoning module HierarchicalLODOutliner (490)
[2018.04.19-00.59.19:671][488]LogModuleManager: Shutting down and abandoning module SceneOutliner (488)
[2018.04.19-00.59.19:671][488]LogModuleManager: Shutting down and abandoning module AddContentDialog (486)
[2018.04.19-00.59.19:671][488]LogDirectoryWatcher: A directory notification for 'C:/Program Files/Epic Games/UE_4.17/FeaturePacks/' was aborted.
[2018.04.19-00.59.19:672][488]LogModuleManager: Shutting down and abandoning module WidgetCarousel (485)
[2018.04.19-00.59.19:672][488]LogModuleManager: Shutting down and abandoning module EditorWidgets (482)
[2018.04.19-00.59.19:672][488]LogModuleManager: Shutting down and abandoning module CollectionManager (480)
[2018.04.19-00.59.19:672][488]LogDirectoryWatcher: A directory notification for 'C:/Users/isma0/Documents/Unreal Projects/RISE-Mobile/RISE_GAME/Content/Collections/' was aborted.
[2018.04.19-00.59.19:672][488]LogDirectoryWatcher: A directory notification for 'C:/Users/isma0/Documents/Unreal Projects/RISE-Mobile/RISE_GAME/Content/Developers/isma0/Collections/' was aborted.
[2018.04.19-00.59.19:672][488]LogDirectoryWatcher: A directory notification for 'C:/Users/isma0/Documents/Unreal Projects/RISE-Mobile/RISE_GAME/Saved/Collections/' was aborted.
[2018.04.19-00.59.19:672][488]LogModuleManager: Shutting down and abandoning module StatsViewer (478)
[2018.04.19-00.59.19:672][488]LogModuleManager: Shutting down and abandoning module FoliageEdit (476)
[2018.04.19-00.59.19:672][488]LogModuleManager: Shutting down and abandoning module LandscapeEditor (474)
[2018.04.19-00.59.19:672][488]LogModuleManager: Shutting down and abandoning module MeshPaintMode (472)
[2018.04.19-00.59.19:672][488]LogModuleManager: Shutting down and abandoning module MeshPaint (471)
[2018.04.19-00.59.19:672][488]LogModuleManager: Shutting down and abandoning module SceneDepthPickerMode (468)
[2018.04.19-00.59.19:672][488]LogModuleManager: Shutting down and abandoning module ActorPickerMode (466)
[2018.04.19-00.59.19:673][488]LogModuleManager: Shutting down and abandoning module GeometryMode (464)
[2018.04.19-00.59.19:673][488]LogModuleManager: Shutting down and abandoning module TextureAlignMode (462)
[2018.04.19-00.59.19:673][488]LogModuleManager: Shutting down and abandoning module BspMode (460)
[2018.04.19-00.59.19:673][488]LogModuleManager: Shutting down and abandoning module PIEPreviewDeviceProfileSelector (458)
[2018.04.19-00.59.19:673][488]LogModuleManager: Shutting down and abandoning module HardwareSurvey (456)
[2018.04.19-00.59.19:673][488]LogModuleManager: Shutting down and abandoning module SequenceRecorderSections (454)
[2018.04.19-00.59.19:673][488]LogModuleManager: Shutting down and abandoning module AutomationWorker (452)
[2018.04.19-00.59.19:673][488]LogModuleManager: Shutting down and abandoning module MatineeToLevelSequence (450)
[2018.04.19-00.59.19:673][488]LogModuleManager: Shutting down and abandoning module LevelSequenceEditor (448)
[2018.04.19-00.59.19:673][488]LogModuleManager: Shutting down and abandoning module PlacementMode (447)
[2018.04.19-00.59.19:673][488]LogModuleManager: Shutting down and abandoning module WmfMediaFactory (444)
[2018.04.19-00.59.19:673][488]LogModuleManager: Shutting down and abandoning module WmfMediaEditor (442)
[2018.04.19-00.59.19:673][488]LogModuleManager: Shutting down and abandoning module AndroidMediaFactory (440)
[2018.04.19-00.59.19:673][488]LogModuleManager: Shutting down and abandoning module Media (439)
[2018.04.19-00.59.19:673][488]LogModuleManager: Shutting down and abandoning module AndroidMediaEditor (436)
[2018.04.19-00.59.19:673][488]LogModuleManager: Shutting down and abandoning module CharacterAI (434)
[2018.04.19-00.59.19:673][488]LogModuleManager: Shutting down and abandoning module AudioCapture (432)
[2018.04.19-00.59.19:673][488]LogModuleManager: Shutting down and abandoning module SequenceRecorder (431)
[2018.04.19-00.59.19:673][488]LogModuleManager: Shutting down and abandoning module SessionServices (428)
[2018.04.19-00.59.19:673][488]LogModuleManager: Shutting down and abandoning module ViewportSnapping (426)
[2018.04.19-00.59.19:673][488]LogModuleManager: Shutting down and abandoning module ViewportInteraction (424)
[2018.04.19-00.59.19:673][488]LogModuleManager: Shutting down and abandoning module ClothPainter (422)
[2018.04.19-00.59.19:673][488]LogModuleManager: Shutting down and abandoning module LogVisualizer (420)
[2018.04.19-00.59.19:673][488]LogModuleManager: Shutting down and abandoning module IntroTutorials (418)
[2018.04.19-00.59.19:673][488]LogModuleManager: Shutting down and abandoning module GameProjectGeneration (417)
[2018.04.19-00.59.19:673][488]LogModuleManager: Shutting down and abandoning module IOSPlatformEditor (414)
[2018.04.19-00.59.19:673][488]LogModuleManager: Shutting down and abandoning module HTML5PlatformEditor (412)
[2018.04.19-00.59.19:673][488]LogModuleManager: Shutting down and abandoning module AndroidPlatformEditor (410)
[2018.04.19-00.59.19:673][488]LogModuleManager: Shutting down and abandoning module AndroidDeviceDetection (409)
[2018.04.19-00.59.20:368][488]LogModuleManager: Shutting down and abandoning module WindowsPlatformEditor (406)
[2018.04.19-00.59.20:368][488]LogModuleManager: Shutting down and abandoning module IOSRuntimeSettings (404)
[2018.04.19-00.59.20:368][488]LogModuleManager: Shutting down and abandoning module AndroidRuntimeSettings (402)
[2018.04.19-00.59.20:368][488]LogModuleManager: Shutting down and abandoning module InputBindingEditor (400)
[2018.04.19-00.59.20:368][488]LogModuleManager: Shutting down and abandoning module MergeActors (398)
[2018.04.19-00.59.20:368][488]LogModuleManager: Shutting down and abandoning module SizeMap (396)
[2018.04.19-00.59.20:368][488]LogModuleManager: Shutting down and abandoning module TreeMap (394)
[2018.04.19-00.59.20:371][488]LogModuleManager: Shutting down and abandoning module ReferenceViewer (392)
[2018.04.19-00.59.20:371][488]LogModuleManager: Shutting down and abandoning module LocalizationDashboard (390)
[2018.04.19-00.59.20:371][488]LogModuleManager: Shutting down and abandoning module LocalizationService (389)
[2018.04.19-00.59.20:372][488]LogModuleManager: Shutting down and abandoning module HardwareTargeting (386)
[2018.04.19-00.59.20:372][488]LogModuleManager: Shutting down and abandoning module DeviceProfileEditor (384)
[2018.04.19-00.59.20:372][488]LogModuleManager: Shutting down and abandoning module UndoHistory (382)
[2018.04.19-00.59.20:372][488]LogModuleManager: Shutting down and abandoning module XmlParser (380)
[2018.04.19-00.59.20:372][488]LogModuleManager: Shutting down and abandoning module Blutility (378)
[2018.04.19-00.59.20:385][488]LogModuleManager: Shutting down and abandoning module ProjectSettingsViewer (376)
[2018.04.19-00.59.20:385][488]LogModuleManager: Shutting down and abandoning module ProjectTargetPlatformEditor (375)
[2018.04.19-00.59.20:385][488]LogModuleManager: Shutting down and abandoning module EditorSettingsViewer (372)
[2018.04.19-00.59.20:387][488]LogModuleManager: Shutting down and abandoning module SettingsEditor (370)
[2018.04.19-00.59.20:387][488]LogModuleManager: Shutting down and abandoning module ProjectLauncher (368)
[2018.04.19-00.59.20:387][488]LogModuleManager: Shutting down and abandoning module SessionFrontend (366)
[2018.04.19-00.59.20:387][488]LogModuleManager: Shutting down and abandoning module ProfilerClient (364)
[2018.04.19-00.59.20:387][488]LogModuleManager: Shutting down and abandoning module DeviceManager (362)
[2018.04.19-00.59.20:387][488]LogModuleManager: Shutting down and abandoning module TargetDeviceServices (361)
[2018.04.19-00.59.20:453][488]LogModuleManager: Shutting down and abandoning module AutomationController (358)
[2018.04.19-00.59.20:453][488]LogModuleManager: Shutting down and abandoning module AutomationWindow (356)
[2018.04.19-00.59.20:453][488]LogModuleManager: Shutting down and abandoning module Layers (354)
[2018.04.19-00.59.20:453][488]LogModuleManager: Shutting down and abandoning module ComponentVisualizers (352)
[2018.04.19-00.59.20:453][488]LogModuleManager: Shutting down and abandoning module DetailCustomizations (350)
[2018.04.19-00.59.20:453][488]LogModuleManager: Shutting down and abandoning module PackagesDialog (348)
[2018.04.19-00.59.20:453][488]LogModuleManager: Shutting down and abandoning module Persona (346)
[2018.04.19-00.59.20:453][488]LogModuleManager: Shutting down and abandoning module AdvancedPreviewScene (345)
[2018.04.19-00.59.20:453][488]LogModuleManager: Shutting down and abandoning module AnimGraph (343)
[2018.04.19-00.59.20:453][488]LogModuleManager: Shutting down and abandoning module Kismet (340)
[2018.04.19-00.59.20:467][488]LogModuleManager: Shutting down and abandoning module LevelEditor (339)
[2018.04.19-00.59.20:468][488]LogModuleManager: Shutting down and abandoning module PixelInspectorModule (338)
[2018.04.19-00.59.20:468][488]LogModuleManager: Shutting down and abandoning module ClassViewer (334)
[2018.04.19-00.59.20:469][488]LogModuleManager: Shutting down and abandoning module Toolbox (332)
[2018.04.19-00.59.20:469][488]LogModuleManager: Shutting down and abandoning module ModuleUI (330)
[2018.04.19-00.59.20:470][488]LogModuleManager: Shutting down and abandoning module MovieSceneTools (328)
[2018.04.19-00.59.20:470][488]LogModuleManager: Shutting down and abandoning module OutputLog (326)
[2018.04.19-00.59.20:470][488]LogModuleManager: Shutting down and abandoning module GammaUI (324)
[2018.04.19-00.59.20:470][488]LogModuleManager: Shutting down and abandoning module Documentation (322)
[2018.04.19-00.59.20:470][488]LogModuleManager: Shutting down and abandoning module MovieSceneTracks (320)
[2018.04.19-00.59.20:470][488]LogModuleManager: Shutting down and abandoning module MovieScene (318)
[2018.04.19-00.59.20:470][488]LogModuleManager: Shutting down and abandoning module GeometryCache (316)
[2018.04.19-00.59.20:470][488]LogModuleManager: Shutting down and abandoning module GeometryCacheEd (315)
[2018.04.19-00.59.20:470][488]LogModuleManager: Shutting down and abandoning module Niagara (312)
[2018.04.19-00.59.20:470][488]LogModuleManager: Shutting down and abandoning module NiagaraEditor (311)
[2018.04.19-00.59.20:470][488]LogModuleManager: Shutting down and abandoning module StreamingPauseRendering (308)
[2018.04.19-00.59.20:470][488]LogModuleManager: Shutting down and abandoning module LauncherPlatform (306)
[2018.04.19-00.59.20:470][488]LogModuleManager: Shutting down and abandoning module AnalyticsET (304)
[2018.04.19-00.59.20:470][488]LogModuleManager: Shutting down and abandoning module PortalServices (302)
[2018.04.19-00.59.20:470][488]LogModuleManager: Shutting down and abandoning module PortalRpc (300)
[2018.04.19-00.59.20:470][488]LogModuleManager: Shutting down and abandoning module MessagingRpc (298)
[2018.04.19-00.59.20:470][488]LogModuleManager: Shutting down and abandoning module AIModule (296)
[2018.04.19-00.59.20:470][488]LogModuleManager: Shutting down and abandoning module GameplayDebugger (295)
[2018.04.19-00.59.20:470][488]LogModuleManager: Shutting down and abandoning module AITestSuite (293)
[2018.04.19-00.59.20:470][488]LogModuleManager: Shutting down and abandoning module ProfilerService (290)
[2018.04.19-00.59.20:614][488]LogModuleManager: Shutting down and abandoning module TaskGraph (288)
[2018.04.19-00.59.20:614][488]LogModuleManager: Shutting down and abandoning module SlateRemote (286)
[2018.04.19-00.59.20:616][488]LogModuleManager: Shutting down and abandoning module ProceduralMeshComponentEditor (284)
[2018.04.19-00.59.20:616][488]LogModuleManager: Shutting down and abandoning module ProceduralMeshComponent (282)
[2018.04.19-00.59.20:616][488]LogModuleManager: Shutting down and abandoning module MobilePatchingUtils (280)
[2018.04.19-00.59.20:616][488]LogModuleManager: Shutting down and abandoning module CableComponent (278)
[2018.04.19-00.59.20:617][488]LogModuleManager: Shutting down and abandoning module ArchVisCharacter (276)
[2018.04.19-00.59.20:617][488]LogModuleManager: Shutting down and abandoning module AndroidPermission (274)
[2018.04.19-00.59.20:617][488]LogModuleManager: Shutting down and abandoning module MediaPlayerEditor (270)
[2018.04.19-00.59.20:618][488]LogModuleManager: Shutting down and abandoning module SpeedTreeImporter (268)
[2018.04.19-00.59.20:618][488]LogModuleManager: Shutting down and abandoning module PluginBrowser (266)
[2018.04.19-00.59.20:619][488]LogModuleManager: Shutting down and abandoning module MainFrame (265)
[2018.04.19-00.59.20:619][488]LogModuleManager: Shutting down and abandoning module MobileLauncherProfileWizard (262)
[2018.04.19-00.59.20:620][488]LogModuleManager: Shutting down and abandoning module VisualStudioSourceCodeAccess (260)
[2018.04.19-00.59.20:620][488]LogModuleManager: Shutting down and abandoning module DesktopPlatform (259)
[2018.04.19-00.59.20:620][488]LogModuleManager: Shutting down and abandoning module HotReload (257)
[2018.04.19-00.59.20:623][488]LogModuleManager: Shutting down and abandoning module UObjectPlugin (254)
[2018.04.19-00.59.20:623][488]LogModuleManager: Shutting down and abandoning module SubversionSourceControl (252)
[2018.04.19-00.59.20:624][488]LogModuleManager: Shutting down and abandoning module PerforceSourceControl (250)
[2018.04.19-00.59.20:624][488]LogModuleManager: Shutting down and abandoning module GitSourceControl (248)
[2018.04.19-00.59.20:625][488]LogModuleManager: Shutting down and abandoning module SourceControl (247)
[2018.04.19-00.59.20:625][488]LogModuleManager: Shutting down and abandoning module LightPropagationVolumeEditor (244)
[2018.04.19-00.59.20:625][488]LogModuleManager: Shutting down and abandoning module RuntimePhysXCooking (242)
[2018.04.19-00.59.20:625][488]LogModuleManager: Shutting down and abandoning module LocationServicesBPLibrary (240)
[2018.04.19-00.59.20:625][488]LogModuleManager: Shutting down and abandoning module ImmediatePhysicsEditor (238)
[2018.04.19-00.59.20:625][488]LogModuleManager: Shutting down and abandoning module ImmediatePhysics (236)
[2018.04.19-00.59.20:626][488]LogModuleManager: Shutting down and abandoning module UdpMessaging (234)
[2018.04.19-00.59.20:727][488]LogModuleManager: Shutting down and abandoning module TcpMessaging (232)
[2018.04.19-00.59.20:828][488]LogModuleManager: Shutting down and abandoning module GameplayTagsEditor (230)
[2018.04.19-00.59.20:828][488]LogModuleManager: Shutting down and abandoning module AssetManagerEditor (228)
[2018.04.19-00.59.20:828][488]LogModuleManager: Shutting down and abandoning module GraphEditor (227)
[2018.04.19-00.59.20:829][488]LogModuleManager: Shutting down and abandoning module ContentBrowser (225)
[2018.04.19-00.59.20:833][488]LogModuleManager: Shutting down and abandoning module LightPropagationVolumeRuntime (222)
[2018.04.19-00.59.20:833][488]LogModuleManager: Shutting down and abandoning module WmfMedia (220)
[2018.04.19-00.59.20:843][488]LogModuleManager: Shutting down and abandoning module PacketHandler (218)
[2018.04.19-00.59.20:843][488]LogModuleManager: Shutting down and abandoning module ClothingSystemEditor (216)
[2018.04.19-00.59.20:843][488]LogModuleManager: Shutting down and abandoning module ClothingSystemRuntime (214)
[2018.04.19-00.59.20:844][488]LogModuleManager: Shutting down and abandoning module Overlay (212)
[2018.04.19-00.59.20:844][488]LogModuleManager: Shutting down and abandoning module OverlayEditor (211)
[2018.04.19-00.59.20:844][488]LogModuleManager: Shutting down and abandoning module MediaAssets (208)
[2018.04.19-00.59.20:844][488]LogModuleManager: Shutting down and abandoning module VREditor (206)
[2018.04.19-00.59.20:844][488]LogModuleManager: Shutting down and abandoning module StringTableEditor (204)
[2018.04.19-00.59.20:844][488]LogModuleManager: Shutting down and abandoning module GameplayTasksEditor (202)
[2018.04.19-00.59.20:844][488]LogModuleManager: Shutting down and abandoning module BehaviorTreeEditor (200)
[2018.04.19-00.59.20:844][488]LogModuleManager: Shutting down and abandoning module FunctionalTesting (198)
[2018.04.19-00.59.20:845][488]LogModuleManager: Shutting down and abandoning module CollisionAnalyzer (196)
[2018.04.19-00.59.20:845][488]LogModuleManager: Shutting down and abandoning module WorkspaceMenuStructure (195)
[2018.04.19-00.59.20:845][488]LogModuleManager: Shutting down and abandoning module UMG (192)
[2018.04.19-00.59.20:845][488]LogModuleManager: Shutting down and abandoning module UMGEditor (191)
[2018.04.19-00.59.20:845][488]LogModuleManager: Shutting down and abandoning module Sequencer (190)
[2018.04.19-00.59.20:846][488]LogModuleManager: Shutting down and abandoning module MessageLog (187)
[2018.04.19-00.59.20:846][488]LogModuleManager: Shutting down and abandoning module SlateReflector (182)
[2018.04.19-00.59.20:846][488]LogModuleManager: Shutting down and abandoning module Slate (180)
[2018.04.19-00.59.20:846][488]LogModuleManager: Shutting down and abandoning module EditorStyle (178)
[2018.04.19-00.59.20:859][488]LogModuleManager: Shutting down and abandoning module MRMesh (176)
[2018.04.19-00.59.20:859][488]LogModuleManager: Shutting down and abandoning module SourceCodeAccess (174)
[2018.04.19-00.59.20:859][488]LogModuleManager: Shutting down and abandoning module HeadMountedDisplay (172)
[2018.04.19-00.59.20:859][488]LogModuleManager: Shutting down and abandoning module XAudio2 (170)
[2018.04.19-00.59.20:859][488]LogModuleManager: Shutting down and abandoning module Networking (168)
[2018.04.19-00.59.20:859][488]LogModuleManager: Shutting down and abandoning module Core (164)
[2018.04.19-00.59.20:859][488]LogModuleManager: Shutting down and abandoning module KismetCompiler (160)
[2018.04.19-00.59.20:859][488]LogModuleManager: Shutting down and abandoning module LevelSequence (158)
[2018.04.19-00.59.20:859][488]LogModuleManager: Shutting down and abandoning module MeshUtilities (156)
[2018.04.19-00.59.20:860][488]LogModuleManager: Shutting down and abandoning module MeshMergeUtilities (155)
[2018.04.19-00.59.20:860][488]LogModuleManager: Shutting down and abandoning module MeshReductionInterface (154)
[2018.04.19-00.59.20:860][488]LogModuleManager: Shutting down and abandoning module SimplygonSwarm (153)
[2018.04.19-00.59.20:860][488]LogModuleManager: Shutting down and abandoning module SimplygonMeshReduction (151)
[2018.04.19-00.59.20:860][488]LogModuleManager: Shutting down and abandoning module QuadricMeshReduction (149)
[2018.04.19-00.59.20:860][488]LogModuleManager: Shutting down and abandoning module MaterialBaking (145)
[2018.04.19-00.59.20:860][488]LogModuleManager: Shutting down and abandoning module DirectoryWatcher (142)
[2018.04.19-00.59.20:862][488]LogModuleManager: Shutting down and abandoning module DerivedDataCache (140)
[2018.04.19-00.59.20:877][488]LogDerivedDataCache: Shutdown
[2018.04.19-00.59.20:877][488]LogModuleManager: Shutting down and abandoning module TargetPlatform (138)
[2018.04.19-00.59.20:877][488]LogModuleManager: Shutting down and abandoning module VulkanShaderFormat (137)
[2018.04.19-00.59.20:877][488]LogModuleManager: Shutting down and abandoning module ShaderFormatVectorVM (135)
[2018.04.19-00.59.20:877][488]LogModuleManager: Shutting down and abandoning module ShaderFormatOpenGL (133)
[2018.04.19-00.59.20:878][488]LogModuleManager: Shutting down and abandoning module ShaderFormatD3D (131)
[2018.04.19-00.59.20:878][488]LogModuleManager: Shutting down and abandoning module MetalShaderFormat (129)
[2018.04.19-00.59.20:878][488]LogModuleManager: Shutting down and abandoning module TextureFormatUncompressed (127)
[2018.04.19-00.59.20:878][488]LogModuleManager: Shutting down and abandoning module TextureFormatPVR (125)
[2018.04.19-00.59.20:878][488]LogModuleManager: Shutting down and abandoning module TextureFormatDXT (123)
[2018.04.19-00.59.20:878][488]LogModuleManager: Shutting down and abandoning module TextureFormatIntelISPCTexComp (121)
[2018.04.19-00.59.20:878][488]LogModuleManager: Shutting down and abandoning module TextureFormatASTC (119)
[2018.04.19-00.59.20:878][488]LogModuleManager: Shutting down and abandoning module ImageWrapper (118)
[2018.04.19-00.59.20:878][488]LogModuleManager: Shutting down and abandoning module TextureFormatAndroid (115)
[2018.04.19-00.59.20:878][488]LogModuleManager: Shutting down and abandoning module AudioFormatOpus (113)
[2018.04.19-00.59.20:878][488]LogModuleManager: Shutting down and abandoning module AudioFormatOgg (111)
[2018.04.19-00.59.20:878][488]LogModuleManager: Shutting down and abandoning module AudioFormatADPCM (109)
[2018.04.19-00.59.20:878][488]LogModuleManager: Shutting down and abandoning module LinuxTargetPlatform (107)
[2018.04.19-00.59.20:879][488]LogModuleManager: Shutting down and abandoning module LinuxServerTargetPlatform (105)
[2018.04.19-00.59.20:879][488]LogModuleManager: Shutting down and abandoning module LinuxNoEditorTargetPlatform (103)
[2018.04.19-00.59.20:879][488]LogModuleManager: Shutting down and abandoning module LinuxClientTargetPlatform (101)
[2018.04.19-00.59.20:879][488]LogModuleManager: Shutting down and abandoning module TVOSTargetPlatform (99)
[2018.04.19-00.59.20:879][488]LogModuleManager: Shutting down and abandoning module Messaging (97)
[2018.04.19-00.59.20:879][488]LogModuleManager: Shutting down and abandoning module IOSTargetPlatform (95)
[2018.04.19-00.59.20:879][488]LogModuleManager: Shutting down and abandoning module HTML5TargetPlatform (93)
[2018.04.19-00.59.20:879][488]LogModuleManager: Shutting down and abandoning module Android_PVRTCTargetPlatform (91)
[2018.04.19-00.59.20:879][488]LogModuleManager: Shutting down and abandoning module Android_MultiTargetPlatform (89)
[2018.04.19-00.59.20:879][488]LogModuleManager: Shutting down and abandoning module Android_ETC2TargetPlatform (87)
[2018.04.19-00.59.20:879][488]LogModuleManager: Shutting down and abandoning module Android_ETC1TargetPlatform (85)
[2018.04.19-00.59.20:879][488]LogModuleManager: Shutting down and abandoning module Android_DXTTargetPlatform (83)
[2018.04.19-00.59.20:879][488]LogModuleManager: Shutting down and abandoning module Android_ATCTargetPlatform (81)
[2018.04.19-00.59.20:879][488]LogModuleManager: Shutting down and abandoning module Android_ASTCTargetPlatform (79)
[2018.04.19-00.59.20:879][488]LogModuleManager: Shutting down and abandoning module AndroidTargetPlatform (77)
[2018.04.19-00.59.20:879][488]LogModuleManager: Shutting down and abandoning module WindowsTargetPlatform (75)
[2018.04.19-00.59.20:880][488]LogModuleManager: Shutting down and abandoning module WindowsServerTargetPlatform (73)
[2018.04.19-00.59.20:880][488]LogModuleManager: Shutting down and abandoning module WindowsNoEditorTargetPlatform (71)
[2018.04.19-00.59.20:880][488]LogModuleManager: Shutting down and abandoning module WindowsClientTargetPlatform (69)
[2018.04.19-00.59.20:880][488]LogModuleManager: Shutting down and abandoning module MacTargetPlatform (67)
[2018.04.19-00.59.20:880][488]LogModuleManager: Shutting down and abandoning module MacServerTargetPlatform (65)
[2018.04.19-00.59.20:880][488]LogModuleManager: Shutting down and abandoning module MacNoEditorTargetPlatform (63)
[2018.04.19-00.59.20:880][488]LogModuleManager: Shutting down and abandoning module MacClientTargetPlatform (61)
[2018.04.19-00.59.20:880][488]LogModuleManager: Shutting down and abandoning module AllDesktopTargetPlatform (59)
[2018.04.19-00.59.20:880][488]LogModuleManager: Shutting down and abandoning module InputCore (56)
[2018.04.19-00.59.20:881][488]LogModuleManager: Shutting down and abandoning module Settings (54)
[2018.04.19-00.59.20:881][488]LogModuleManager: Shutting down and abandoning module PhysXCooking (52)
[2018.04.19-00.59.20:881][488]LogModuleManager: Shutting down and abandoning module ExampleDeviceProfileSelector (50)
[2018.04.19-00.59.20:881][488]LogModuleManager: Shutting down and abandoning module OnlineBlueprintSupport (48)
[2018.04.19-00.59.20:881][488]LogModuleManager: Shutting down and abandoning module OnlineSubsystem (44)
[2018.04.19-00.59.20:881][488]LogOnline: Display: Unloading online subsystem: NULL
[2018.04.19-00.59.20:881][488]LogModuleManager: Shutting down and abandoning module XMPP (43)
[2018.04.19-00.59.20:881][488]LogModuleManager: Shutting down and abandoning module HTTP (41)
[2018.04.19-00.59.20:881][488]LogHttp: Display: Http module shutting down, but needs to wait on 1 outstanding Http requests:
[2018.04.19-00.59.20:881][488]LogHttp: Display: 	verb=[POST] url=[https://datarouter.ol.epicgames.com/datarouter/api/v1/public/data?SessionID=%7B9294F6EC-4949-4494-260C-01B14A1D87E7%7D&AppID=UEEditor.Rocket.Release&AppVersion=4.17.2-3658906%2B%2B%2BUE4%2BRelease-4.17&UserID=2d21c60542ace5f752753183dc8f18c2%7Ce5af69ae52c34ec8bca2a7c038d1ea3c%7C8aa367c0-17d2-4038-b458-d3f575842514&AppEnvironment=datacollector-binary&UploadType=eteventstream] status=Processing
[2018.04.19-00.59.20:908][488]LogModuleManager: Shutting down and abandoning module SSL (40)
[2018.04.19-00.59.20:911][488]LogModuleManager: Shutting down and abandoning module AnimationModifiers (36)
[2018.04.19-00.59.20:911][488]LogModuleManager: Shutting down and abandoning module PropertyEditor (35)
[2018.04.19-00.59.20:911][488]LogModuleManager: Shutting down and abandoning module AudioEditor (32)
[2018.04.19-00.59.20:911][488]LogModuleManager: Shutting down and abandoning module TextureCompressor (30)
[2018.04.19-00.59.20:911][488]LogModuleManager: Shutting down and abandoning module ShaderCore (28)
[2018.04.19-00.59.20:911][488]LogModuleManager: Shutting down and abandoning module Landscape (26)
[2018.04.19-00.59.20:911][488]LogModuleManager: Shutting down and abandoning module SlateRHIRenderer (24)
[2018.04.19-00.59.20:914][488]LogModuleManager: Shutting down and abandoning module OpenGLDrv (22)
[2018.04.19-00.59.20:914][488]LogModuleManager: Shutting down and abandoning module D3D11RHI (20)
[2018.04.19-00.59.20:914][488]LogModuleManager: Shutting down and abandoning module AnimGraphRuntime (18)
[2018.04.19-00.59.20:914][488]LogModuleManager: Shutting down and abandoning module Renderer (16)
[2018.04.19-00.59.20:914][488]LogModuleManager: Shutting down and abandoning module Engine (14)
[2018.04.19-00.59.20:914][488]LogModuleManager: Shutting down and abandoning module CoreUObject (12)
[2018.04.19-00.59.20:914][488]LogModuleManager: Shutting down and abandoning module NetworkFile (10)
[2018.04.19-00.59.20:914][488]LogModuleManager: Shutting down and abandoning module CookedIterativeFile (8)
[2018.04.19-00.59.20:914][488]LogModuleManager: Shutting down and abandoning module StreamingFile (6)
[2018.04.19-00.59.20:914][488]LogModuleManager: Shutting down and abandoning module SandboxFile (4)
[2018.04.19-00.59.20:914][488]LogModuleManager: Shutting down and abandoning module PakFile (2)
[2018.04.19-00.59.20:917][488]LogExit: Exiting.
[2018.04.19-00.59.20:936][488]Log file closed, 04/18/18 20:59:20
