Log file open, 05/13/18 21:13:07
LogWindows: Failed to load 'aqProf.dll' (GetLastError=126)
LogWindows: File 'aqProf.dll' does not exist
LogWindows: Failed to load 'VSPerf140.dll' (GetLastError=126)
LogWindows: File 'VSPerf140.dll' does not exist
LogWindows: Failed to load 'VtuneApi.dll' (GetLastError=126)
LogWindows: File 'VtuneApi.dll' does not exist
LogWindows: Failed to load 'VtuneApi32e.dll' (GetLastError=126)
LogWindows: File 'VtuneApi32e.dll' does not exist
LogInit: Display: Running engine for game: RISE_GAME
LogPlatformFile: Not using cached read wrapper
LogInit: Display: RandInit(-1523755117) SRandInit(-1523755117).
LogTaskGraph: Started task graph with 5 named threads and 8 total threads with 3 sets of task threads.
LogStats: Stats thread started at 56.773388
LogD3D11RHI: Aftermath initialized
LogPluginManager: Mounting plugin LightPropagationVolume
LogPluginManager: Mounting plugin GitSourceControl
LogPluginManager: Mounting plugin PerforceSourceControl
LogPluginManager: Mounting plugin SubversionSourceControl
LogPluginManager: Mounting plugin UObjectPlugin
LogPluginManager: Mounting plugin VisualStudioSourceCodeAccess
LogPluginManager: Mounting plugin AssetManagerEditor
LogPluginManager: Mounting plugin AudioCapture
LogPluginManager: Mounting plugin GameplayTagsEditor
LogPluginManager: Mounting plugin MobileLauncherProfileWizard
LogPluginManager: Mounting plugin PluginBrowser
LogPluginManager: Mounting plugin SpeedTreeImporter
LogPluginManager: Mounting plugin CharacterAI
LogPluginManager: Mounting plugin AndroidMedia
LogPluginManager: Mounting plugin MediaPlayerEditor
LogPluginManager: Mounting plugin WmfMedia
LogPluginManager: Mounting plugin TcpMessaging
LogPluginManager: Mounting plugin UdpMessaging
LogPluginManager: Mounting plugin LevelSequenceEditor
LogPluginManager: Mounting plugin MatineeToLevelSequence
LogPluginManager: Mounting plugin OnlineSubsystemGooglePlay
LogPluginManager: Mounting plugin OnlineSubsystem
LogPluginManager: Mounting plugin OnlineSubsystemNull
LogPluginManager: Mounting plugin OnlineSubsystemUtils
LogPluginManager: Mounting plugin AndroidDeviceProfileSelector
LogPluginManager: Mounting plugin AndroidMoviePlayer
LogPluginManager: Mounting plugin AndroidPermission
LogPluginManager: Mounting plugin ArchVisCharacter
LogPluginManager: Mounting plugin CableComponent
LogPluginManager: Mounting plugin ExampleDeviceProfileSelector
LogPluginManager: Mounting plugin ImmediatePhysics
LogPluginManager: Mounting plugin LocationServicesBPLibrary
LogPluginManager: Mounting plugin MobilePatchingUtils
LogPluginManager: Mounting plugin ProceduralMeshComponent
LogPluginManager: Mounting plugin RuntimePhysXCooking
LogPluginManager: Mounting plugin SlateRemote
LogInit: Using libcurl 7.47.1
LogInit:  - built for x86_64-pc-win32
LogInit:  - supports SSL with OpenSSL/1.0.2g
LogInit:  - supports HTTP deflate (compression) using libz 1.2.8
LogInit:  - other features:
LogInit:      CURL_VERSION_SSL
LogInit:      CURL_VERSION_LIBZ
LogInit:      CURL_VERSION_IPV6
LogInit:      CURL_VERSION_ASYNCHDNS
LogInit:      CURL_VERSION_LARGEFILE
LogInit:      CURL_VERSION_IDN
LogInit:  CurlRequestOptions (configurable via config and command line):
LogInit:  - bVerifyPeer = false  - Libcurl will NOT verify peer certificate
LogInit:  - bUseHttpProxy = false  - Libcurl will NOT use HTTP proxy
LogInit:  - bDontReuseConnections = false  - Libcurl will reuse connections
LogInit:  - CertBundlePath = nullptr  - Libcurl will use whatever was configured at build time.
LogInit: Build: ++UE4+Release-4.17-CL-3658906
LogInit: Engine Version: 4.17.2-3658906+++UE4+Release-4.17
LogInit: Compatible Engine Version: 4.17.0-3573198+++UE4+Release-4.17
LogInit: Net CL: 3573198
LogDevObjectVersion: Number of dev versions registered: 16
LogDevObjectVersion:   Dev-Blueprints (B0D832E4-1F89-4F0D-ACCF-7EB736FD4AA2): 10
LogDevObjectVersion:   Dev-Build (E1C64328-A22C-4D53-A36C-8E866417BD8C): 0
LogDevObjectVersion:   Dev-Core (375EC13C-06E4-48FB-B500-84F0262A717E): 2
LogDevObjectVersion:   Dev-Editor (E4B068ED-F494-42E9-A231-DA0B2E46BB41): 20
LogDevObjectVersion:   Dev-Framework (CFFC743F-43B0-4480-9391-14DF171D2073): 28
LogDevObjectVersion:   Dev-Mobile (B02B49B5-BB20-44E9-A304-32B752E40360): 0
LogDevObjectVersion:   Dev-Networking (A4E4105C-59A1-49B5-A7C5-40C4547EDFEE): 0
LogDevObjectVersion:   Dev-Online (39C831C9-5AE6-47DC-9A44-9C173E1C8E7C): 0
LogDevObjectVersion:   Dev-Physics (78F01B33-EBEA-4F98-B9B4-84EACCB95AA2): 0
LogDevObjectVersion:   Dev-Platform (6631380F-2D4D-43E0-8009-CF276956A95A): 0
LogDevObjectVersion:   Dev-Rendering (12F88B9F-8875-4AFC-A67C-D90C383ABD29): 19
LogDevObjectVersion:   Dev-Sequencer (7B5AE74C-D270-4C10-A958-57980B212A5A): 4
LogDevObjectVersion:   Dev-VR (D7296918-1DD6-4BDD-9DE2-64A83CC13884): 0
LogDevObjectVersion:   Dev-LoadTimes (C2A15278-BFE7-4AFE-6C17-90FF531DF755): 1
LogDevObjectVersion:   Private-Geometry (6EACA3D4-40EC-4CC1-B786-8BED09428FC5): 1
LogDevObjectVersion:   Dev-AnimPhys (29E575DD-E0A3-4627-9D10-D276232CDCEA): 7
LogInit: Compiled (64-bit): Sep 22 2017 13:47:16
LogInit: Compiled with Visual C++: 19.00.24215.01
LogInit: Build Configuration: Development
LogInit: Branch Name: ++UE4+Release-4.17
LogInit: Command line:  
LogInit: Base directory: C:/Program Files/Epic Games/UE_4.17/Engine/Binaries/Win64/
LogInit: Installed Engine Build: 1
LogInit: Presizing for max 8388607 objects, including 0 objects not considered by GC, pre-allocating 0 bytes for permanent pool.
LogInit: Object subsystem initialized
[2018.05.14-01.13.23:300][  0]LogInit: Selected Device Profile: [Windows]
[2018.05.14-01.13.23:300][  0]LogInit: Applying CVar settings loaded from the selected device profile: [Windows]
[2018.05.14-01.13.23:585][  0]LogInit: Computer: DESKTOP-SJI2LPG
[2018.05.14-01.13.23:585][  0]LogInit: User: isma0
[2018.05.14-01.13.23:585][  0]LogInit: CPU Page size=4096, Cores=2
[2018.05.14-01.13.23:585][  0]LogInit: High frequency timer resolution =2.531249 MHz
[2018.05.14-01.13.23:586][  0]LogMemory: Memory total: Physical=23.9GB (24GB approx)
[2018.05.14-01.13.23:586][  0]LogMemory: Platform Memory Stats for Windows
[2018.05.14-01.13.23:586][  0]LogMemory: Process Physical Memory: 275.98 MB used, 275.98 MB peak
[2018.05.14-01.13.23:586][  0]LogMemory: Process Virtual Memory: 275.59 MB used, 275.59 MB peak
[2018.05.14-01.13.23:586][  0]LogMemory: Physical Memory: 4103.84 MB used,  20336.11 MB free, 24439.95 MB total
[2018.05.14-01.13.23:586][  0]LogMemory: Virtual Memory: 4802.86 MB used,  20336.11 MB free, 134217728.00 MB total
[2018.05.14-01.13.34:977][  0]LogInit: Using OS detected language (en-US).
[2018.05.14-01.13.34:977][  0]LogInit: Using OS detected locale (en-US).
[2018.05.14-01.13.35:774][  0]LogTextLocalizationManager: No specific localization for 'en-US' exists, so the 'en' localization will be used.
[2018.05.14-01.14.04:512][  0]LogD3D11RHI: D3D11 adapters:
[2018.05.14-01.14.05:079][  0]LogD3D11RHI:    0. 'NVIDIA GeForce 940MX' (Feature Level 11_0)
[2018.05.14-01.14.05:080][  0]LogD3D11RHI:       2010/0/12219 MB DedicatedVideo/DedicatedSystem/SharedSystem, Outputs:1, VendorId:0x10de
[2018.05.14-01.14.05:208][  0]LogD3D11RHI:    1. 'Intel(R) HD Graphics 520' (Feature Level 11_0)
[2018.05.14-01.14.05:209][  0]LogD3D11RHI:       128/0/12219 MB DedicatedVideo/DedicatedSystem/SharedSystem, Outputs:0, VendorId:0x8086
[2018.05.14-01.14.05:212][  0]LogD3D11RHI:    2. 'Microsoft Basic Render Driver' (Feature Level 11_0)
[2018.05.14-01.14.05:212][  0]LogD3D11RHI:       0/0/12219 MB DedicatedVideo/DedicatedSystem/SharedSystem, Outputs:0, VendorId:0x1414
[2018.05.14-01.14.05:212][  0]LogD3D11RHI: Chosen D3D11 Adapter: 0
[2018.05.14-01.14.05:278][  0]LogD3D11RHI: Creating new Direct3DDevice
[2018.05.14-01.14.05:278][  0]LogD3D11RHI:     GPU DeviceId: 0x179c (for the marketing name, search the web for "GPU Device Id")
[2018.05.14-01.14.05:278][  0]LogWindows: EnumDisplayDevices:
[2018.05.14-01.14.05:278][  0]LogWindows:    0. 'Intel(R) HD Graphics 520' (P:1 D:1)
[2018.05.14-01.14.05:279][  0]LogWindows:    1. 'Intel(R) HD Graphics 520' (P:0 D:0)
[2018.05.14-01.14.05:279][  0]LogWindows:    2. 'Intel(R) HD Graphics 520' (P:0 D:0)
[2018.05.14-01.14.05:279][  0]LogWindows: DebugString: GetVideoDriverDetailsInvalid PrimaryIsNotTheChoosenAdapter GetVideoDriverDetailsInvalid PrimaryIsNotTheChoosenAdapter GetVideoDriverDetailsInvalid PrimaryIsNotTheChoosenAdapter FoundDriverCount:0 
[2018.05.14-01.14.05:279][  0]LogD3D11RHI:     Adapter Name: NVIDIA GeForce 940MX
[2018.05.14-01.14.05:279][  0]LogD3D11RHI:   Driver Version: Unknown (internal:Unknown, unified:Unknown)
[2018.05.14-01.14.05:279][  0]LogD3D11RHI:      Driver Date: Unknown
[2018.05.14-01.14.05:279][  0]LogRHI: Texture pool is 1361 MB (70% of 1945 MB)
[2018.05.14-01.14.05:491][  0]LogD3D11RHI: Async texture creation enabled
[2018.05.14-01.14.08:196][  0]LogD3D11RHI: GPU Timing Frequency: 1000.000000 (Debug: 2 2)
[2018.05.14-01.14.08:627][  0]LogShaderCompilers: Guid format shader working directory is -30 characters bigger than the processId version (../../../../../../Users/isma0/Documents/Unreal Projects/RISE-Mobile/RISE_GAME/Intermediate/Shaders/WorkingDirectory/884/).
[2018.05.14-01.14.08:627][  0]LogShaderCompilers: Cleaned the shader compiler working directory 'C:/Users/isma0/AppData/Local/Temp/UnrealShaderWorkingDir/4C24D03D483822DFE2B96089E9BB7A2A/'.
[2018.05.14-01.14.08:752][  0]LogShaderCompilers: Display: Using Local Shader Compiler.
[2018.05.14-01.14.41:102][  0]LogTemp: Display: Loaded TP AllDesktopTargetPlatform
[2018.05.14-01.14.41:208][  0]LogTemp: Display: Loaded TP MacClientTargetPlatform
[2018.05.14-01.14.41:289][  0]LogTemp: Display: Loaded TP MacNoEditorTargetPlatform
[2018.05.14-01.14.41:356][  0]LogTemp: Display: Loaded TP MacServerTargetPlatform
[2018.05.14-01.14.41:545][  0]LogTemp: Display: Loaded TP MacTargetPlatform
[2018.05.14-01.14.41:666][  0]LogTemp: Display: Loaded TP WindowsClientTargetPlatform
[2018.05.14-01.14.41:783][  0]LogTemp: Display: Loaded TP WindowsNoEditorTargetPlatform
[2018.05.14-01.14.41:899][  0]LogTemp: Display: Loaded TP WindowsServerTargetPlatform
[2018.05.14-01.14.42:116][  0]LogTemp: Display: Loaded TP WindowsTargetPlatform
[2018.05.14-01.14.42:347][  0]LogTemp: Display: Loaded TP AndroidTargetPlatform
[2018.05.14-01.14.42:542][  0]LogTemp: Display: Loaded TP Android_ASTCTargetPlatform
[2018.05.14-01.14.42:757][  0]LogTemp: Display: Loaded TP Android_ATCTargetPlatform
[2018.05.14-01.14.42:886][  0]LogTemp: Display: Loaded TP Android_DXTTargetPlatform
[2018.05.14-01.14.42:996][  0]LogTemp: Display: Loaded TP Android_ETC1TargetPlatform
[2018.05.14-01.14.43:112][  0]LogTemp: Display: Loaded TP Android_ETC2TargetPlatform
[2018.05.14-01.14.43:447][  0]LogTemp: Display: Loaded TP Android_MultiTargetPlatform
[2018.05.14-01.14.43:447][  0]LogTemp: Display: Loaded TP Android_PVRTCTargetPlatform
[2018.05.14-01.14.43:585][  0]LogTemp: Display: Loaded TP HTML5TargetPlatform
[2018.05.14-01.14.44:508][  0]LogTemp: Display: Loaded TP IOSTargetPlatform
[2018.05.14-01.14.44:573][  0]LogTemp: Display: Loaded TP TVOSTargetPlatform
[2018.05.14-01.14.44:726][  0]LogTemp: Display: Loaded TP LinuxClientTargetPlatform
[2018.05.14-01.14.44:827][  0]LogTemp: Display: Loaded TP LinuxNoEditorTargetPlatform
[2018.05.14-01.14.44:931][  0]LogTemp: Display: Loaded TP LinuxServerTargetPlatform
[2018.05.14-01.14.45:101][  0]LogTemp: Display: Loaded TP LinuxTargetPlatform
[2018.05.14-01.14.45:102][  0]LogTargetPlatformManager: Display: Building Assets For Windows
[2018.05.14-01.14.53:911][  0]LogDerivedDataCache: Display: Max Cache Size: 512 MB
[2018.05.14-01.15.39:302][  0]LogDerivedDataCache: Loaded boot cache 45.29s 92MB C:/Users/isma0/AppData/Local/UnrealEngine/4.17/DerivedDataCache/Boot.ddc.
[2018.05.14-01.15.39:303][  0]LogDerivedDataCache: Display: Loaded Boot cache: C:/Users/isma0/AppData/Local/UnrealEngine/4.17/DerivedDataCache/Boot.ddc
[2018.05.14-01.15.39:303][  0]LogDerivedDataCache: FDerivedDataBackendGraph:  Pak pak cache file ../../../../../../Users/isma0/Documents/Unreal Projects/RISE-Mobile/RISE_GAME/DerivedDataCache/DDC.ddp not found, will not use a pak cache.
[2018.05.14-01.15.39:303][  0]LogDerivedDataCache: Unable to find inner node Pak for hierarchical cache Hierarchy.
[2018.05.14-01.15.39:303][  0]LogDerivedDataCache: FDerivedDataBackendGraph:  CompressedPak pak cache file ../../../../../../Users/isma0/Documents/Unreal Projects/RISE-Mobile/RISE_GAME/DerivedDataCache/Compressed.ddp not found, will not use a pak cache.
[2018.05.14-01.15.39:303][  0]LogDerivedDataCache: Unable to find inner node CompressedPak for hierarchical cache Hierarchy.
[2018.05.14-01.15.39:597][  0]LogDerivedDataCache: Display: Pak cache opened for reading ../../../Engine/DerivedDataCache/Compressed.ddp.
[2018.05.14-01.15.39:609][  0]LogDerivedDataCache: Using Local data cache path C:/Users/isma0/AppData/Local/UnrealEngine/Common/DerivedDataCache: Writable
[2018.05.14-01.15.39:957][  0]LogMaterial: Verifying Global Shaders for PCD3D_SM5
[2018.05.14-01.15.40:399][  0]LogSlate: Using Freetype 2.6.0
[2018.05.14-01.15.40:794][  0]LogSlate: SlateFontCache - WITH_FREETYPE: 1, WITH_HARFBUZZ: 1
[2018.05.14-01.15.40:837][  0]LogSlate: SlateFontCache - WITH_FREETYPE: 1, WITH_HARFBUZZ: 1
[2018.05.14-01.16.24:195][  0]LogAssetRegistry: FAssetRegistry took 0.0898 seconds to start up
[2018.05.14-01.16.26:735][  0]LogInit: Selected Device Profile: [Windows]
[2018.05.14-01.16.37:290][  0]LogContentStreaming: Texture pool size is 0.00 MB
[2018.05.14-01.16.43:009][  0]LogSimplygon: Simplygon DLL not present - disabling.
[2018.05.14-01.16.43:348][  0]LogMeshReduction: Using SimplygonSwarm for distributed automatic mesh merging
[2018.05.14-01.16.43:386][  0]LogMeshReduction: Using QuadricMeshReduction for automatic static mesh reduction
[2018.05.14-01.16.43:386][  0]LogMeshReduction: No automatic skeletal mesh reduction module available
[2018.05.14-01.16.43:386][  0]LogMeshReduction: No automatic mesh merging module available
[2018.05.14-01.16.43:386][  0]LogMeshMerging: No automatic mesh merging module available
[2018.05.14-01.16.57:385][  0]LogNetVersion: RISE_GAME , NetCL: 3573198, EngineNetVer: 2, GameNetVer: 0 (Checksum: 1739909859)
[2018.05.14-01.17.03:174][  0]LogPackageLocalizationCache: Processed 2 localized package path(s) for 2 prioritized culture(s) in 0.298461 seconds
[2018.05.14-01.17.03:220][  0]LogUObjectArray: 35418 objects as part of root set at end of initial load.
[2018.05.14-01.17.03:221][  0]LogUObjectAllocator: 7448088 out of 0 bytes used by permanent object pool.
[2018.05.14-01.17.03:221][  0]LogUObjectArray: CloseDisregardForGC: 0/0 objects in disregard for GC pool
[2018.05.14-01.17.03:649][  0]LogInit: WinSock: version 1.1 (2.2), MaxSocks=32767, MaxUdp=65467
[2018.05.14-01.19.10:846][  0]LogTcpMessaging: Initializing TcpMessaging bridge
[2018.05.14-01.19.11:130][  0]LogUdpMessaging: Initializing bridge on interface 0.0.0.0:0 to multicast group 230.0.0.1:6666.
[2018.05.14-01.19.12:361][  0]SourceControl: Source control is disabled
[2018.05.14-01.19.12:361][  0]SourceControl: Source control is disabled
[2018.05.14-01.19.13:219][  0]SourceControl: Source control is disabled
[2018.05.14-01.19.13:449][  0]SourceControl: Source control is disabled
[2018.05.14-01.19.18:534][  0]LogAndroidPermission: UAndroidPermissionCallbackProxy::GetInstance
[2018.05.14-01.19.22:678][  0]LogEngine: Initializing Engine...
[2018.05.14-01.19.23:705][  0]LogStats: UGameplayTagsManager::ConstructGameplayTagTree: Construct from data asset -  0.000 s
[2018.05.14-01.19.23:738][  0]LogStats: UGameplayTagsManager::ConstructGameplayTagTree: GameplayTagTreeChangedEvent.Broadcast -  0.000 s
[2018.05.14-01.19.27:159][  0]LogAIModule: Creating AISystem for world Untitled
[2018.05.14-01.19.27:950][  0]LogInit: XAudio2 using 'Speakers (Realtek High Definition Audio)' : 2 channels at 48 kHz using 32 bits per sample (channel mask 0x3)
[2018.05.14-01.19.28:225][  0]LogInit: FAudioDevice initialized.
[2018.05.14-01.19.29:323][  0]LogDerivedDataCache: Saved boot cache 1.10s 92MB C:/Users/isma0/AppData/Local/UnrealEngine/4.17/DerivedDataCache/Boot.ddc.
[2018.05.14-01.19.29:341][  0]LogInit: Texture streaming: Enabled
[2018.05.14-01.19.29:462][  0]LogMaterial: Uniform references updated for custom material expression Custom.
[2018.05.14-01.19.31:733][  0]LogEngineSessionManager: EngineSessionManager initialized
[2018.05.14-01.19.37:014][  0]LogInit: Transaction tracking system initialized
[2018.05.14-01.19.42:519][  0]BlueprintLog: New page: Editor Load
[2018.05.14-01.19.52:448][  0]LocalizationService: Localization service is disabled
[2018.05.14-01.20.02:157][  0]LogConsoleResponse: Display: 
[2018.05.14-01.20.06:394][  0]LogFileCache: Scanning file cache for directory 'C:/Users/isma0/Documents/Unreal Projects/RISE-Mobile/RISE_GAME/Content/' took 0.02s
[2018.05.14-01.20.06:394][  0]LogCook: Display: Max memory allowance for cook 16384mb min free memory 0mb
[2018.05.14-01.20.06:395][  0]LogCook: Display: Mobile HDR setting 1
[2018.05.14-01.20.06:667][  0]LogGameplayTags: Display: UGameplayTagsManager::DoneAddingNativeTags. DelegateIsBound: 0
[2018.05.14-01.20.15:373][  0]SourceControl: Source control is disabled
[2018.05.14-01.20.15:604][  0]Cmd: MAP LOAD FILE="../../../../../../Users/isma0/Documents/Unreal Projects/RISE-Mobile/RISE_GAME/Content/SideScrollerBP/Maps/SideScrollerExampleMap.umap" TEMPLATE=0 SHOWPROGRESS=1 FEATURELEVEL=3
[2018.05.14-01.20.15:706][  0]LightingResults: New page: Lighting Build
[2018.05.14-01.20.16:230][  0]MapCheck: New page: Map Check
[2018.05.14-01.20.16:230][  0]LightingResults: New page: Lighting Build
[2018.05.14-01.20.37:680][  0]LogTexture: Display: Building textures: Torch_Basic_Color (AutoDXT, 512X512)
[2018.05.14-01.20.37:681][  0]LogTexture: Display: Building textures: Torch_holder_basic_color (AutoDXT, 512X512)
[2018.05.14-01.20.42:084][  0]LogMaterial: Missing cached shader map for material Torch, compiling. 
[2018.05.14-01.20.42:294][  0]LogMaterial: Missing cached shader map for material Metal_Holder, compiling. 
[2018.05.14-01.20.42:337][  0]LogStaticMesh: Building static mesh Torch_Rise...
[2018.05.14-01.20.42:472][  0]LogStaticMesh: Built static mesh [0.16s] /Game/RISE/Assets/3DModels/Torch_Rise.Torch_Rise
[2018.05.14-01.20.43:092][  0]LogAIModule: Creating AISystem for world SideScrollerExampleMap
[2018.05.14-01.20.45:572][  0]LogEditorServer: Finished looking for orphan Actors (0.000 secs)
[2018.05.14-01.20.46:245][  0]Cmd: MAP CHECKDEP NOCLEARLOG
[2018.05.14-01.20.46:344][  0]MapCheck: Map check complete: 0 Error(s), 0 Warning(s), took 97.985ms to complete.
[2018.05.14-01.20.46:344][  0]LogFileHelpers: Loading map 'SideScrollerExampleMap' took 30.855
[2018.05.14-01.20.55:896][  0]LogCollectionManager: Loaded 0 collections in 0.003308 seconds
[2018.05.14-01.20.57:202][  0]LogFileCache: Scanning file cache for directory 'C:/Users/isma0/Documents/Unreal Projects/RISE-Mobile/RISE_GAME/Saved/Collections/' took 0.01s
[2018.05.14-01.20.57:202][  0]LogFileCache: Scanning file cache for directory 'C:/Users/isma0/Documents/Unreal Projects/RISE-Mobile/RISE_GAME/Content/Developers/isma0/Collections/' took 0.01s
[2018.05.14-01.20.57:202][  0]LogFileCache: Scanning file cache for directory 'C:/Users/isma0/Documents/Unreal Projects/RISE-Mobile/RISE_GAME/Content/Collections/' took 0.01s
[2018.05.14-01.20.57:203][  0]LogCollectionManager: Rebuilt the GUID cache for 0 collections in 0.000002 seconds
[2018.05.14-01.20.57:372][  0]LogContentBrowser: Native class hierarchy populated in 0.0711 seconds. Added 2312 classes and 451 folders.
[2018.05.14-01.20.57:699][  0]LogContentBrowser: Native class hierarchy updated for 'WidgetCarousel' in 0.0069 seconds. Added 0 classes and 0 folders.
[2018.05.14-01.21.08:767][  0]LogContentBrowser: Native class hierarchy updated for 'AddContentDialog' in 0.0009 seconds. Added 0 classes and 0 folders.
[2018.05.14-01.21.09:542][  0]LogContentBrowser: Native class hierarchy updated for 'SceneOutliner' in 0.0015 seconds. Added 1 classes and 2 folders.
[2018.05.14-01.21.18:190][  0]LogContentBrowser: Native class hierarchy updated for 'HierarchicalLODOutliner' in 0.0029 seconds. Added 1 classes and 2 folders.
[2018.05.14-01.21.18:190][  0]LogLoad: (Engine Initialization) Total time: 608.82 seconds
[2018.05.14-01.21.18:190][  0]LogLoad: (Engine Initialization) Total Blueprint compile time: 0.00 seconds
[2018.05.14-01.21.18:191][  0]LogExternalProfiler: No external profilers were discovered.  External profiling features will not be available.
[2018.05.14-01.21.19:467][  0]LogContentStreaming: Texture pool size now 1000 MB
[2018.05.14-01.21.19:713][  0]LogSlate: Took 0.081278 seconds to synchronously load lazily loaded font '../../../Engine/Content/Slate/Fonts/Roboto-Regular.ttf' (155K)
[2018.05.14-01.21.19:797][  0]LogSlate: Took 0.076552 seconds to synchronously load lazily loaded font '../../../Engine/Content/Slate/Fonts/Roboto-Bold.ttf' (160K)
[2018.05.14-01.21.20:120][  0]LogSlate: Took 0.127907 seconds to synchronously load lazily loaded font '../../../Engine/Content/Editor/Slate/Fonts/FontAwesome.ttf' (139K)
[2018.05.14-01.21.21:498][  0]LogRenderer: Reallocating scene render targets to support 736x376 Format 10 NumSamples 1 (Frame:1).
[2018.05.14-01.21.21:499][  0]LogSlate: Took 0.061485 seconds to synchronously load lazily loaded font '../../../Engine/Content/Slate/Fonts/Roboto-Light.ttf' (159K)
[2018.05.14-01.21.21:710][  1]LogFileCache: Retrieving MD5 hashes for directory 'C:/Users/isma0/Documents/Unreal Projects/RISE-Mobile/RISE_GAME/Content/' took 3.15s
[2018.05.14-01.21.23:991][  2]LogAssetRegistry: Asset discovery search completed in 299.8182 seconds
[2018.05.14-01.21.23:993][  2]LogCollectionManager: Rebuilt the object cache for 0 collections in 0.000000 seconds (found 0 objects)
[2018.05.14-01.21.23:993][  2]LogCollectionManager: Fixed up redirectors for 0 collections in 0.000066 seconds (updated 0 objects)
[2018.05.14-01.21.24:047][  2]LogSlate: Took 0.000271 seconds to synchronously load lazily loaded font '../../../Engine/Content/Slate/Fonts/Roboto-Light.ttf' (159K)
[2018.05.14-01.25.18:309][986]LogSlate: Took 0.000262 seconds to synchronously load lazily loaded font '../../../Engine/Content/Slate/Fonts/Roboto-Light.ttf' (159K)
[2018.05.14-01.25.18:509][986]LogSlate: Took 0.000349 seconds to synchronously load lazily loaded font '../../../Engine/Content/Slate/Fonts/Roboto-Regular.ttf' (155K)
[2018.05.14-01.25.20:471][986]LogContentBrowser: Native class hierarchy updated for 'BlueprintGraph' in 0.0010 seconds. Added 113 classes and 0 folders.
[2018.05.14-01.25.23:274][986]LogSlate: Took 0.021043 seconds to synchronously load lazily loaded font '../../../Engine/Content/Editor/Slate/Fonts/Roboto-BoldCondensed.ttf' (158K)
[2018.05.14-01.25.24:752][987]LogSlate: Took 0.010212 seconds to synchronously load lazily loaded font '../../../Engine/Content/Editor/Slate/Fonts/Roboto-Italic.ttf' (157K)
[2018.05.14-01.25.58:976][333]LogRenderer: Reallocating scene render targets to support 964x448 Format 10 NumSamples 1 (Frame:291).
[2018.05.14-01.28.19:598][699]LogTemp: Repeating last play command: Selected Viewport
[2018.05.14-01.28.19:937][699]LogBlueprintUserMessages: Early PlayInEditor Detection: Level '/Game/SideScrollerBP/Maps/SideScrollerExampleMap.SideScrollerExampleMap:PersistentLevel' has LevelScriptBlueprint '/Game/SideScrollerBP/Maps/SideScrollerExampleMap.SideScrollerExampleMap:PersistentLevel.SideScrollerExampleMap' with GeneratedClass '/Game/SideScrollerBP/Maps/SideScrollerExampleMap.SideScrollerExampleMap_C' with ClassGeneratedBy '/Game/SideScrollerBP/Maps/SideScrollerExampleMap.SideScrollerExampleMap:PersistentLevel.SideScrollerExampleMap'
[2018.05.14-01.28.19:937][699]LogPlayLevel: PlayLevel: No blueprints needed recompiling
[2018.05.14-01.28.20:058][699]PIE: New page: PIE session: SideScrollerExampleMap (May 13, 2018, 5:28:19 PM)
[2018.05.14-01.28.20:059][699]LogPlayLevel: Creating play world package: /Game/SideScrollerBP/Maps/UEDPIE_0_SideScrollerExampleMap
[2018.05.14-01.28.20:145][699]LogPlayLevel: PIE: StaticDuplicateObject took: (0.086558s)
[2018.05.14-01.28.20:146][699]LogAIModule: Creating AISystem for world SideScrollerExampleMap
[2018.05.14-01.28.20:147][699]LogPlayLevel: PIE: World Init took: (0.001328s)
[2018.05.14-01.28.20:147][699]LogPlayLevel: PIE: Created PIE world by copying editor world from /Game/SideScrollerBP/Maps/SideScrollerExampleMap.SideScrollerExampleMap to /Game/SideScrollerBP/Maps/UEDPIE_0_SideScrollerExampleMap.SideScrollerExampleMap (0.088460s)
[2018.05.14-01.28.20:307][699]LogInit: XAudio2 using 'Speakers (Realtek High Definition Audio)' : 2 channels at 48 kHz using 32 bits per sample (channel mask 0x3)
[2018.05.14-01.28.20:345][699]LogInit: FAudioDevice initialized.
[2018.05.14-01.28.20:567][699]LogLoad: Game class is 'OGSideScrollerGameMode_C'
[2018.05.14-01.28.20:625][699]LogWorld: Bringing World /Game/SideScrollerBP/Maps/UEDPIE_0_SideScrollerExampleMap.SideScrollerExampleMap up for play (max tick rate 60) at 2018.05.13-21.28.20
[2018.05.14-01.28.20:652][699]LogWorld: Bringing up level for play took: 0.029884
[2018.05.14-01.28.20:864][699]LogContentBrowser: Native class hierarchy updated for 'MovieSceneCapture' in 0.0024 seconds. Added 11 classes and 0 folders.
[2018.05.14-01.28.21:444][699]PIE: Play in editor start time for /Game/SideScrollerBP/Maps/UEDPIE_0_SideScrollerExampleMap 1.1
[2018.05.14-01.28.21:444][699]LogBlueprintUserMessages: Late PlayInEditor Detection: Level '/Game/SideScrollerBP/Maps/SideScrollerExampleMap.SideScrollerExampleMap:PersistentLevel' has LevelScriptBlueprint '/Game/SideScrollerBP/Maps/SideScrollerExampleMap.SideScrollerExampleMap:PersistentLevel.SideScrollerExampleMap' with GeneratedClass '/Game/SideScrollerBP/Maps/SideScrollerExampleMap.SideScrollerExampleMap_C' with ClassGeneratedBy '/Game/SideScrollerBP/Maps/SideScrollerExampleMap.SideScrollerExampleMap:PersistentLevel.SideScrollerExampleMap'
[2018.05.14-01.28.46:511][ 39]LogBlueprintUserMessages: Early EndPlayMap Detection: Level '/Game/SideScrollerBP/Maps/SideScrollerExampleMap.SideScrollerExampleMap:PersistentLevel' has LevelScriptBlueprint '/Game/SideScrollerBP/Maps/SideScrollerExampleMap.SideScrollerExampleMap:PersistentLevel.SideScrollerExampleMap' with GeneratedClass '/Game/SideScrollerBP/Maps/SideScrollerExampleMap.SideScrollerExampleMap_C' with ClassGeneratedBy '/Game/SideScrollerBP/Maps/SideScrollerExampleMap.SideScrollerExampleMap:PersistentLevel.SideScrollerExampleMap'
[2018.05.14-01.28.46:715][ 39]LogBlueprintUserMessages: Late EndPlayMap Detection: Level '/Game/SideScrollerBP/Maps/SideScrollerExampleMap.SideScrollerExampleMap:PersistentLevel' has LevelScriptBlueprint '/Game/SideScrollerBP/Maps/SideScrollerExampleMap.SideScrollerExampleMap:PersistentLevel.SideScrollerExampleMap' with GeneratedClass '/Game/SideScrollerBP/Maps/SideScrollerExampleMap.SideScrollerExampleMap_C' with ClassGeneratedBy '/Game/SideScrollerBP/Maps/SideScrollerExampleMap.SideScrollerExampleMap:PersistentLevel.SideScrollerExampleMap'
[2018.05.14-01.31.26:824][964]LogSlate: Took 0.201252 seconds to synchronously load lazily loaded font '../../../Engine/Content/Slate/Fonts/DroidSansFallback.ttf' (3848K)
[2018.05.14-01.32.32:800][822]Cmd: OBJ SAVEPACKAGE PACKAGE="/Game/RISE/HUBs/BP_HUD" FILE="../../../../../../Users/isma0/Documents/Unreal Projects/RISE-Mobile/RISE_GAME/Content/RISE/HUBs/BP_HUD.uasset" SILENT=true
[2018.05.14-01.32.33:028][822]LogSavePackage: Save=210.48ms
[2018.05.14-01.32.33:028][822]LogSavePackage: Moving '../../../../../../Users/isma0/Documents/Unreal Projects/RISE-Mobile/RISE_GAME/Saved/BP_HUDB3DD3E00473D3B13C6B4078B5998092D.tmp' to '../../../../../../Users/isma0/Documents/Unreal Projects/RISE-Mobile/RISE_GAME/Content/RISE/HUBs/BP_HUD.uasset'
[2018.05.14-01.32.33:030][822]LogSavePackage: Display: Finished SavePackage ../../../../../../Users/isma0/Documents/Unreal Projects/RISE-Mobile/RISE_GAME/Content/RISE/HUBs/BP_HUD.uasset
[2018.05.14-01.32.36:679][ 40]LogTemp: Repeating last play command: Selected Viewport
[2018.05.14-01.32.36:714][ 40]LogBlueprintUserMessages: Early PlayInEditor Detection: Level '/Game/SideScrollerBP/Maps/SideScrollerExampleMap.SideScrollerExampleMap:PersistentLevel' has LevelScriptBlueprint '/Game/SideScrollerBP/Maps/SideScrollerExampleMap.SideScrollerExampleMap:PersistentLevel.SideScrollerExampleMap' with GeneratedClass '/Game/SideScrollerBP/Maps/SideScrollerExampleMap.SideScrollerExampleMap_C' with ClassGeneratedBy '/Game/SideScrollerBP/Maps/SideScrollerExampleMap.SideScrollerExampleMap:PersistentLevel.SideScrollerExampleMap'
[2018.05.14-01.32.36:714][ 40]LogPlayLevel: PlayLevel: No blueprints needed recompiling
[2018.05.14-01.32.36:714][ 40]PIE: New page: PIE session: SideScrollerExampleMap (May 13, 2018, 5:32:36 PM)
[2018.05.14-01.32.36:715][ 40]LogPlayLevel: Creating play world package: /Game/SideScrollerBP/Maps/UEDPIE_0_SideScrollerExampleMap
[2018.05.14-01.32.36:733][ 40]LogPlayLevel: PIE: StaticDuplicateObject took: (0.017433s)
[2018.05.14-01.32.36:734][ 40]LogAIModule: Creating AISystem for world SideScrollerExampleMap
[2018.05.14-01.32.36:734][ 40]LogPlayLevel: PIE: World Init took: (0.001406s)
[2018.05.14-01.32.36:735][ 40]LogPlayLevel: PIE: Created PIE world by copying editor world from /Game/SideScrollerBP/Maps/SideScrollerExampleMap.SideScrollerExampleMap to /Game/SideScrollerBP/Maps/UEDPIE_0_SideScrollerExampleMap.SideScrollerExampleMap (0.019306s)
[2018.05.14-01.32.36:771][ 40]LogInit: XAudio2 using 'Speakers (Realtek High Definition Audio)' : 2 channels at 48 kHz using 32 bits per sample (channel mask 0x3)
[2018.05.14-01.32.36:804][ 40]LogInit: FAudioDevice initialized.
[2018.05.14-01.32.36:856][ 40]LogLoad: Game class is 'OGSideScrollerGameMode_C'
[2018.05.14-01.32.36:859][ 40]LogWorld: Bringing World /Game/SideScrollerBP/Maps/UEDPIE_0_SideScrollerExampleMap.SideScrollerExampleMap up for play (max tick rate 60) at 2018.05.13-21.32.36
[2018.05.14-01.32.36:861][ 40]LogWorld: Bringing up level for play took: 0.003601
[2018.05.14-01.32.36:936][ 40]PIE: Play in editor start time for /Game/SideScrollerBP/Maps/UEDPIE_0_SideScrollerExampleMap 0.592
[2018.05.14-01.32.36:937][ 40]LogBlueprintUserMessages: Late PlayInEditor Detection: Level '/Game/SideScrollerBP/Maps/SideScrollerExampleMap.SideScrollerExampleMap:PersistentLevel' has LevelScriptBlueprint '/Game/SideScrollerBP/Maps/SideScrollerExampleMap.SideScrollerExampleMap:PersistentLevel.SideScrollerExampleMap' with GeneratedClass '/Game/SideScrollerBP/Maps/SideScrollerExampleMap.SideScrollerExampleMap_C' with ClassGeneratedBy '/Game/SideScrollerBP/Maps/SideScrollerExampleMap.SideScrollerExampleMap:PersistentLevel.SideScrollerExampleMap'
[2018.05.14-01.32.37:055][ 40]LogRenderer: Reallocating scene render targets to support 964x584 Format 10 NumSamples 1 (Frame:1).
[2018.05.14-01.33.30:383][162]LogBlueprintUserMessages: Early EndPlayMap Detection: Level '/Game/SideScrollerBP/Maps/SideScrollerExampleMap.SideScrollerExampleMap:PersistentLevel' has LevelScriptBlueprint '/Game/SideScrollerBP/Maps/SideScrollerExampleMap.SideScrollerExampleMap:PersistentLevel.SideScrollerExampleMap' with GeneratedClass '/Game/SideScrollerBP/Maps/SideScrollerExampleMap.SideScrollerExampleMap_C' with ClassGeneratedBy '/Game/SideScrollerBP/Maps/SideScrollerExampleMap.SideScrollerExampleMap:PersistentLevel.SideScrollerExampleMap'
[2018.05.14-01.33.31:130][162]LogBlueprintUserMessages: Late EndPlayMap Detection: Level '/Game/SideScrollerBP/Maps/SideScrollerExampleMap.SideScrollerExampleMap:PersistentLevel' has LevelScriptBlueprint '/Game/SideScrollerBP/Maps/SideScrollerExampleMap.SideScrollerExampleMap:PersistentLevel.SideScrollerExampleMap' with GeneratedClass '/Game/SideScrollerBP/Maps/SideScrollerExampleMap.SideScrollerExampleMap_C' with ClassGeneratedBy '/Game/SideScrollerBP/Maps/SideScrollerExampleMap.SideScrollerExampleMap:PersistentLevel.SideScrollerExampleMap'
[2018.05.14-01.35.27:317][687]BlueprintLog: New page: Compile BP_Level
[2018.05.14-01.35.35:020][ 92]LogTemp: Repeating last play command: Selected Viewport
[2018.05.14-01.35.35:050][ 92]LogBlueprintUserMessages: Early PlayInEditor Detection: Level '/Game/SideScrollerBP/Maps/SideScrollerExampleMap.SideScrollerExampleMap:PersistentLevel' has LevelScriptBlueprint '/Game/SideScrollerBP/Maps/SideScrollerExampleMap.SideScrollerExampleMap:PersistentLevel.SideScrollerExampleMap' with GeneratedClass '/Game/SideScrollerBP/Maps/SideScrollerExampleMap.SideScrollerExampleMap_C' with ClassGeneratedBy '/Game/SideScrollerBP/Maps/SideScrollerExampleMap.SideScrollerExampleMap:PersistentLevel.SideScrollerExampleMap'
[2018.05.14-01.35.35:050][ 92]LogPlayLevel: PlayLevel: No blueprints needed recompiling
[2018.05.14-01.35.35:050][ 92]PIE: New page: PIE session: SideScrollerExampleMap (May 13, 2018, 5:35:35 PM)
[2018.05.14-01.35.35:051][ 92]LogPlayLevel: Creating play world package: /Game/SideScrollerBP/Maps/UEDPIE_0_SideScrollerExampleMap
[2018.05.14-01.35.35:070][ 92]LogPlayLevel: PIE: StaticDuplicateObject took: (0.018721s)
[2018.05.14-01.35.35:071][ 92]LogAIModule: Creating AISystem for world SideScrollerExampleMap
[2018.05.14-01.35.35:071][ 92]LogPlayLevel: PIE: World Init took: (0.001269s)
[2018.05.14-01.35.35:072][ 92]LogPlayLevel: PIE: Created PIE world by copying editor world from /Game/SideScrollerBP/Maps/SideScrollerExampleMap.SideScrollerExampleMap to /Game/SideScrollerBP/Maps/UEDPIE_0_SideScrollerExampleMap.SideScrollerExampleMap (0.020473s)
[2018.05.14-01.35.35:103][ 92]LogInit: XAudio2 using 'Speakers (Realtek High Definition Audio)' : 2 channels at 48 kHz using 32 bits per sample (channel mask 0x3)
[2018.05.14-01.35.35:133][ 92]LogInit: FAudioDevice initialized.
[2018.05.14-01.35.35:184][ 92]LogLoad: Game class is 'OGSideScrollerGameMode_C'
[2018.05.14-01.35.35:186][ 92]LogWorld: Bringing World /Game/SideScrollerBP/Maps/UEDPIE_0_SideScrollerExampleMap.SideScrollerExampleMap up for play (max tick rate 60) at 2018.05.13-21.35.35
[2018.05.14-01.35.35:188][ 92]LogWorld: Bringing up level for play took: 0.003699
[2018.05.14-01.35.35:197][ 92]LogBlueprintUserMessages: [BP_Level_C_0] no point
[2018.05.14-01.35.35:240][ 92]PIE: Play in editor start time for /Game/SideScrollerBP/Maps/UEDPIE_0_SideScrollerExampleMap 0.895
[2018.05.14-01.35.35:241][ 92]LogBlueprintUserMessages: Late PlayInEditor Detection: Level '/Game/SideScrollerBP/Maps/SideScrollerExampleMap.SideScrollerExampleMap:PersistentLevel' has LevelScriptBlueprint '/Game/SideScrollerBP/Maps/SideScrollerExampleMap.SideScrollerExampleMap:PersistentLevel.SideScrollerExampleMap' with GeneratedClass '/Game/SideScrollerBP/Maps/SideScrollerExampleMap.SideScrollerExampleMap_C' with ClassGeneratedBy '/Game/SideScrollerBP/Maps/SideScrollerExampleMap.SideScrollerExampleMap:PersistentLevel.SideScrollerExampleMap'
[2018.05.14-01.35.47:213][759]LogBlueprintUserMessages: [BP_Level_C_1] point
[2018.05.14-01.35.47:282][762]LogBlueprintUserMessages: [BP_Level_C_6] no point
[2018.05.14-01.36.06:807][867]LogBlueprintUserMessages: [BP_Level_C_2] point
[2018.05.14-01.36.06:895][872]LogBlueprintUserMessages: [BP_Level_C_7] no point
[2018.05.14-01.36.21:061][711]LogBlueprintUserMessages: [BP_Level_C_3] point
[2018.05.14-01.36.27:122][ 68]LogBlueprintUserMessages: [BP_Level_C_8] no point
[2018.05.14-01.36.27:505][ 89]LogBlueprintUserMessages: [BP_Level_C_4] point
[2018.05.14-01.36.36:272][602]LogBlueprintUserMessages: [BP_Level_C_5] point
[2018.05.14-01.36.37:477][673]LogBlueprintUserMessages: [BP_Level_C_10] no point
[2018.05.14-01.36.42:097][946]LogBlueprintUserMessages: [BP_Level_C_11] no point
[2018.05.14-01.36.42:511][970]LogBlueprintUserMessages: [BP_Level_C_12] no point
[2018.05.14-01.36.48:774][343]LogBlueprintUserMessages: Early EndPlayMap Detection: Level '/Game/SideScrollerBP/Maps/SideScrollerExampleMap.SideScrollerExampleMap:PersistentLevel' has LevelScriptBlueprint '/Game/SideScrollerBP/Maps/SideScrollerExampleMap.SideScrollerExampleMap:PersistentLevel.SideScrollerExampleMap' with GeneratedClass '/Game/SideScrollerBP/Maps/SideScrollerExampleMap.SideScrollerExampleMap_C' with ClassGeneratedBy '/Game/SideScrollerBP/Maps/SideScrollerExampleMap.SideScrollerExampleMap:PersistentLevel.SideScrollerExampleMap'
[2018.05.14-01.36.48:835][343]LogBlueprintUserMessages: Late EndPlayMap Detection: Level '/Game/SideScrollerBP/Maps/SideScrollerExampleMap.SideScrollerExampleMap:PersistentLevel' has LevelScriptBlueprint '/Game/SideScrollerBP/Maps/SideScrollerExampleMap.SideScrollerExampleMap:PersistentLevel.SideScrollerExampleMap' with GeneratedClass '/Game/SideScrollerBP/Maps/SideScrollerExampleMap.SideScrollerExampleMap_C' with ClassGeneratedBy '/Game/SideScrollerBP/Maps/SideScrollerExampleMap.SideScrollerExampleMap:PersistentLevel.SideScrollerExampleMap'
[2018.05.14-01.37.33:425][148]LogFileHelpers: Editor autosave (incl. sublevels) for '/Game/SideScrollerBP/Maps/SideScrollerExampleMap' took 0.027
[2018.05.14-01.37.33:512][148]OBJ SavePackage: Generating thumbnails for [1] asset(s) in package [/Game/RISE/LvlGenrating/BP_Level] ([1] browsable assets)...
[2018.05.14-01.37.33:601][148]OBJ SavePackage:     Rendered thumbnail for [Blueprint /Game/RISE/LvlGenrating/BP_Level.BP_Level]
[2018.05.14-01.37.33:601][148]OBJ SavePackage: Finished generating thumbnails for package [/Game/RISE/LvlGenrating/BP_Level]
[2018.05.14-01.37.34:124][148]LogSavePackage: Save=476.07ms
[2018.05.14-01.37.34:124][148]LogSavePackage: Moving '../../../../../../Users/isma0/Documents/Unreal Projects/RISE-Mobile/RISE_GAME/Saved/BP_Level_Auto1F69DEBEF48B29AC533D5FAB61605ED3F.tmp' to '../../../../../../Users/isma0/Documents/Unreal Projects/RISE-Mobile/RISE_GAME/Saved/Autosaves/Game/RISE/LvlGenrating/BP_Level_Auto1.uasset'
[2018.05.14-01.37.34:127][148]LogSavePackage: Display: Finished SavePackage ../../../../../../Users/isma0/Documents/Unreal Projects/RISE-Mobile/RISE_GAME/Saved/Autosaves/Game/RISE/LvlGenrating/BP_Level_Auto1.uasset
[2018.05.14-01.37.34:127][148]LogFileHelpers: Auto-saving content packages took 0.702
[2018.05.14-01.38.18:200][548]LogRenderer: Reallocating scene render targets to support 1008x584 Format 10 NumSamples 1 (Frame:1).
[2018.05.14-01.38.39:585][723]BlueprintLog: New page: Compile BP_Coin
[2018.05.14-01.38.47:102][104]LogTemp: Repeating last play command: Selected Viewport
[2018.05.14-01.38.47:129][104]LogBlueprintUserMessages: Early PlayInEditor Detection: Level '/Game/SideScrollerBP/Maps/SideScrollerExampleMap.SideScrollerExampleMap:PersistentLevel' has LevelScriptBlueprint '/Game/SideScrollerBP/Maps/SideScrollerExampleMap.SideScrollerExampleMap:PersistentLevel.SideScrollerExampleMap' with GeneratedClass '/Game/SideScrollerBP/Maps/SideScrollerExampleMap.SideScrollerExampleMap_C' with ClassGeneratedBy '/Game/SideScrollerBP/Maps/SideScrollerExampleMap.SideScrollerExampleMap:PersistentLevel.SideScrollerExampleMap'
[2018.05.14-01.38.47:129][104]LogPlayLevel: PlayLevel: No blueprints needed recompiling
[2018.05.14-01.38.47:129][104]PIE: New page: PIE session: SideScrollerExampleMap (May 13, 2018, 5:38:47 PM)
[2018.05.14-01.38.47:130][104]LogPlayLevel: Creating play world package: /Game/SideScrollerBP/Maps/UEDPIE_0_SideScrollerExampleMap
[2018.05.14-01.38.47:148][104]LogPlayLevel: PIE: StaticDuplicateObject took: (0.017897s)
[2018.05.14-01.38.47:149][104]LogAIModule: Creating AISystem for world SideScrollerExampleMap
[2018.05.14-01.38.47:150][104]LogPlayLevel: PIE: World Init took: (0.001290s)
[2018.05.14-01.38.47:150][104]LogPlayLevel: PIE: Created PIE world by copying editor world from /Game/SideScrollerBP/Maps/SideScrollerExampleMap.SideScrollerExampleMap to /Game/SideScrollerBP/Maps/UEDPIE_0_SideScrollerExampleMap.SideScrollerExampleMap (0.019667s)
[2018.05.14-01.38.47:181][104]LogInit: XAudio2 using 'Speakers (Realtek High Definition Audio)' : 2 channels at 48 kHz using 32 bits per sample (channel mask 0x3)
[2018.05.14-01.38.47:215][104]LogInit: FAudioDevice initialized.
[2018.05.14-01.38.47:268][104]LogLoad: Game class is 'OGSideScrollerGameMode_C'
[2018.05.14-01.38.47:272][104]LogWorld: Bringing World /Game/SideScrollerBP/Maps/UEDPIE_0_SideScrollerExampleMap.SideScrollerExampleMap up for play (max tick rate 60) at 2018.05.13-21.38.47
[2018.05.14-01.38.47:273][104]LogWorld: Bringing up level for play took: 0.003901
[2018.05.14-01.38.47:287][104]LogBlueprintUserMessages: [BP_Level_C_0] point
[2018.05.14-01.38.47:340][104]PIE: Play in editor start time for /Game/SideScrollerBP/Maps/UEDPIE_0_SideScrollerExampleMap 0.995
[2018.05.14-01.38.47:340][104]LogBlueprintUserMessages: Late PlayInEditor Detection: Level '/Game/SideScrollerBP/Maps/SideScrollerExampleMap.SideScrollerExampleMap:PersistentLevel' has LevelScriptBlueprint '/Game/SideScrollerBP/Maps/SideScrollerExampleMap.SideScrollerExampleMap:PersistentLevel.SideScrollerExampleMap' with GeneratedClass '/Game/SideScrollerBP/Maps/SideScrollerExampleMap.SideScrollerExampleMap_C' with ClassGeneratedBy '/Game/SideScrollerBP/Maps/SideScrollerExampleMap.SideScrollerExampleMap:PersistentLevel.SideScrollerExampleMap'
[2018.05.14-01.38.52:478][385]LogBlueprintUserMessages: [BP_Level_C_1] point
[2018.05.14-01.38.56:008][585]LogBlueprintUserMessages: [BP_Level_C_2] point
[2018.05.14-01.38.59:524][793]LogBlueprintUserMessages: [BP_Level_C_3] point
[2018.05.14-01.39.11:783][509]LogBlueprintUserMessages: [BP_Level_C_4] point
[2018.05.14-01.39.14:483][669]LogBlueprintUserMessages: [BP_Level_C_5] point
[2018.05.14-01.39.17:350][836]LogBlueprintUserMessages: [BP_Level_C_6] point
[2018.05.14-01.39.21:242][ 60]LogBlueprintUserMessages: [BP_Level_C_7] point
[2018.05.14-01.39.23:217][177]LogBlueprintUserMessages: Early EndPlayMap Detection: Level '/Game/SideScrollerBP/Maps/SideScrollerExampleMap.SideScrollerExampleMap:PersistentLevel' has LevelScriptBlueprint '/Game/SideScrollerBP/Maps/SideScrollerExampleMap.SideScrollerExampleMap:PersistentLevel.SideScrollerExampleMap' with GeneratedClass '/Game/SideScrollerBP/Maps/SideScrollerExampleMap.SideScrollerExampleMap_C' with ClassGeneratedBy '/Game/SideScrollerBP/Maps/SideScrollerExampleMap.SideScrollerExampleMap:PersistentLevel.SideScrollerExampleMap'
[2018.05.14-01.39.23:297][177]LogBlueprintUserMessages: Late EndPlayMap Detection: Level '/Game/SideScrollerBP/Maps/SideScrollerExampleMap.SideScrollerExampleMap:PersistentLevel' has LevelScriptBlueprint '/Game/SideScrollerBP/Maps/SideScrollerExampleMap.SideScrollerExampleMap:PersistentLevel.SideScrollerExampleMap' with GeneratedClass '/Game/SideScrollerBP/Maps/SideScrollerExampleMap.SideScrollerExampleMap_C' with ClassGeneratedBy '/Game/SideScrollerBP/Maps/SideScrollerExampleMap.SideScrollerExampleMap:PersistentLevel.SideScrollerExampleMap'
[2018.05.14-01.41.07:682][ 38]BlueprintLog: New page: Compile BP_Level
[2018.05.14-01.41.13:912][386]LogSavePackage: Save=37.56ms
[2018.05.14-01.41.13:912][386]LogSavePackage: Moving '../../../../../../Users/isma0/Documents/Unreal Projects/RISE-Mobile/RISE_GAME/Saved/BP_CoinCE29DFFB40B1DADEAC85E7B11501B0B7.tmp' to '../../../../../../Users/isma0/Documents/Unreal Projects/RISE-Mobile/RISE_GAME/Content/RISE/PowerUpsAndCoins/BP_Coin.uasset'
[2018.05.14-01.41.13:915][386]LogSavePackage: Display: Finished SavePackage ../../../../../../Users/isma0/Documents/Unreal Projects/RISE-Mobile/RISE_GAME/Content/RISE/PowerUpsAndCoins/BP_Coin.uasset
[2018.05.14-01.41.36:688][616]Cmd: OBJ SAVEPACKAGE PACKAGE="/Game/RISE/LvlGenrating/BP_Level" FILE="../../../../../../Users/isma0/Documents/Unreal Projects/RISE-Mobile/RISE_GAME/Content/RISE/LvlGenrating/BP_Level.uasset" SILENT=true
[2018.05.14-01.41.37:760][616]LogSavePackage: Save=503.74ms
[2018.05.14-01.41.37:760][616]LogSavePackage: Moving '../../../../../../Users/isma0/Documents/Unreal Projects/RISE-Mobile/RISE_GAME/Saved/BP_LevelFE9B140B49733A1ABEBC62834CBC7B54.tmp' to '../../../../../../Users/isma0/Documents/Unreal Projects/RISE-Mobile/RISE_GAME/Content/RISE/LvlGenrating/BP_Level.uasset'
[2018.05.14-01.41.37:765][616]LogSavePackage: Display: Finished SavePackage ../../../../../../Users/isma0/Documents/Unreal Projects/RISE-Mobile/RISE_GAME/Content/RISE/LvlGenrating/BP_Level.uasset
[2018.05.14-01.42.36:452][115]LogActorComponent: UnregisterComponent: (/Engine/Transient.EditorFloorComp) Not registered. Aborting.
[2018.05.14-01.43.31:246][ 28]LogSavePackage: Save=23.19ms
[2018.05.14-01.43.31:246][ 28]LogSavePackage: Moving '../../../../../../Users/isma0/Documents/Unreal Projects/RISE-Mobile/RISE_GAME/Saved/BP_CoinEC1D82884AF65B495617AF810948AC60.tmp' to '../../../../../../Users/isma0/Documents/Unreal Projects/RISE-Mobile/RISE_GAME/Content/RISE/PowerUpsAndCoins/BP_Coin.uasset'
[2018.05.14-01.43.31:250][ 28]LogSavePackage: Display: Finished SavePackage ../../../../../../Users/isma0/Documents/Unreal Projects/RISE-Mobile/RISE_GAME/Content/RISE/PowerUpsAndCoins/BP_Coin.uasset
[2018.05.14-01.43.59:989][328]BlueprintLog: New page: Compile BP_Coin
[2018.05.14-01.44.03:592][572]LogTemp: Repeating last play command: Selected Viewport
[2018.05.14-01.44.03:616][572]LogBlueprintUserMessages: Early PlayInEditor Detection: Level '/Game/SideScrollerBP/Maps/SideScrollerExampleMap.SideScrollerExampleMap:PersistentLevel' has LevelScriptBlueprint '/Game/SideScrollerBP/Maps/SideScrollerExampleMap.SideScrollerExampleMap:PersistentLevel.SideScrollerExampleMap' with GeneratedClass '/Game/SideScrollerBP/Maps/SideScrollerExampleMap.SideScrollerExampleMap_C' with ClassGeneratedBy '/Game/SideScrollerBP/Maps/SideScrollerExampleMap.SideScrollerExampleMap:PersistentLevel.SideScrollerExampleMap'
[2018.05.14-01.44.03:616][572]LogPlayLevel: PlayLevel: No blueprints needed recompiling
[2018.05.14-01.44.03:616][572]PIE: New page: PIE session: SideScrollerExampleMap (May 13, 2018, 5:44:03 PM)
[2018.05.14-01.44.03:617][572]LogPlayLevel: Creating play world package: /Game/SideScrollerBP/Maps/UEDPIE_0_SideScrollerExampleMap
[2018.05.14-01.44.03:636][572]LogPlayLevel: PIE: StaticDuplicateObject took: (0.019127s)
[2018.05.14-01.44.03:637][572]LogAIModule: Creating AISystem for world SideScrollerExampleMap
[2018.05.14-01.44.03:638][572]LogPlayLevel: PIE: World Init took: (0.001256s)
[2018.05.14-01.44.03:638][572]LogPlayLevel: PIE: Created PIE world by copying editor world from /Game/SideScrollerBP/Maps/SideScrollerExampleMap.SideScrollerExampleMap to /Game/SideScrollerBP/Maps/UEDPIE_0_SideScrollerExampleMap.SideScrollerExampleMap (0.020922s)
[2018.05.14-01.44.03:680][572]LogInit: XAudio2 using 'Speakers (Realtek High Definition Audio)' : 2 channels at 48 kHz using 32 bits per sample (channel mask 0x3)
[2018.05.14-01.44.04:009][572]LogInit: FAudioDevice initialized.
[2018.05.14-01.44.04:085][572]LogLoad: Game class is 'OGSideScrollerGameMode_C'
[2018.05.14-01.44.04:088][572]LogWorld: Bringing World /Game/SideScrollerBP/Maps/UEDPIE_0_SideScrollerExampleMap.SideScrollerExampleMap up for play (max tick rate 0) at 2018.05.13-21.44.04
[2018.05.14-01.44.04:090][572]LogWorld: Bringing up level for play took: 0.004325
[2018.05.14-01.44.04:159][572]PIE: Play in editor start time for /Game/SideScrollerBP/Maps/UEDPIE_0_SideScrollerExampleMap -0.186
[2018.05.14-01.44.04:160][572]LogBlueprintUserMessages: Late PlayInEditor Detection: Level '/Game/SideScrollerBP/Maps/SideScrollerExampleMap.SideScrollerExampleMap:PersistentLevel' has LevelScriptBlueprint '/Game/SideScrollerBP/Maps/SideScrollerExampleMap.SideScrollerExampleMap:PersistentLevel.SideScrollerExampleMap' with GeneratedClass '/Game/SideScrollerBP/Maps/SideScrollerExampleMap.SideScrollerExampleMap_C' with ClassGeneratedBy '/Game/SideScrollerBP/Maps/SideScrollerExampleMap.SideScrollerExampleMap:PersistentLevel.SideScrollerExampleMap'
[2018.05.14-01.44.12:835][119]LogBlueprintUserMessages: Early EndPlayMap Detection: Level '/Game/SideScrollerBP/Maps/SideScrollerExampleMap.SideScrollerExampleMap:PersistentLevel' has LevelScriptBlueprint '/Game/SideScrollerBP/Maps/SideScrollerExampleMap.SideScrollerExampleMap:PersistentLevel.SideScrollerExampleMap' with GeneratedClass '/Game/SideScrollerBP/Maps/SideScrollerExampleMap.SideScrollerExampleMap_C' with ClassGeneratedBy '/Game/SideScrollerBP/Maps/SideScrollerExampleMap.SideScrollerExampleMap:PersistentLevel.SideScrollerExampleMap'
[2018.05.14-01.44.12:894][119]LogBlueprintUserMessages: Late EndPlayMap Detection: Level '/Game/SideScrollerBP/Maps/SideScrollerExampleMap.SideScrollerExampleMap:PersistentLevel' has LevelScriptBlueprint '/Game/SideScrollerBP/Maps/SideScrollerExampleMap.SideScrollerExampleMap:PersistentLevel.SideScrollerExampleMap' with GeneratedClass '/Game/SideScrollerBP/Maps/SideScrollerExampleMap.SideScrollerExampleMap_C' with ClassGeneratedBy '/Game/SideScrollerBP/Maps/SideScrollerExampleMap.SideScrollerExampleMap:PersistentLevel.SideScrollerExampleMap'
[2018.05.14-01.44.15:677][337]LogSavePackage: Save=27.08ms
[2018.05.14-01.44.15:677][337]LogSavePackage: Moving '../../../../../../Users/isma0/Documents/Unreal Projects/RISE-Mobile/RISE_GAME/Saved/BP_Coin5C63BA5742B723A09073389DC08D4D8E.tmp' to '../../../../../../Users/isma0/Documents/Unreal Projects/RISE-Mobile/RISE_GAME/Content/RISE/PowerUpsAndCoins/BP_Coin.uasset'
[2018.05.14-01.44.15:680][337]LogSavePackage: Display: Finished SavePackage ../../../../../../Users/isma0/Documents/Unreal Projects/RISE-Mobile/RISE_GAME/Content/RISE/PowerUpsAndCoins/BP_Coin.uasset
[2018.05.14-01.44.56:954][486]Cmd: QUIT_EDITOR
[2018.05.14-01.44.57:461][486]LogWindowsTextInputMethodSystem: Display: IME system now deactivated.
[2018.05.14-01.44.57:485][486]LogExit: Preparing to exit.
[2018.05.14-01.44.58:263][486]LogDirectoryWatcher: A directory notification for 'C:/Users/isma0/Documents/Unreal Projects/RISE-Mobile/RISE_GAME/Content/' was aborted.
[2018.05.14-01.44.58:443][486]LogExit: Editor shut down
[2018.05.14-01.44.58:454][486]LogExit: Transaction tracking system shut down
[2018.05.14-01.44.58:874][486]LogDirectoryWatcher: A directory notification for '../../../Engine/Content/' was aborted.
[2018.05.14-01.44.58:875][486]LogDirectoryWatcher: A directory notification for '../../../../../../Users/isma0/Documents/Unreal Projects/RISE-Mobile/RISE_GAME/Content/' was aborted.
[2018.05.14-01.44.59:671][486]LogExit: Object subsystem successfully closed.
[2018.05.14-01.44.59:844][486]LogD3D11RHI: Shutdown
[2018.05.14-01.44.59:844][486]LogD3D11RHI: CleanupD3DDevice
[2018.05.14-01.45.00:008][486]LogD3D11RHI: ~FD3D11DynamicRHI
[2018.05.14-01.45.00:229][486]LogModuleManager: Shutting down and abandoning module SequencerWidgets (498)
[2018.05.14-01.45.00:229][486]LogModuleManager: Shutting down and abandoning module MovieSceneCapture (496)
[2018.05.14-01.45.00:232][486]LogModuleManager: Shutting down and abandoning module BlueprintGraph (494)
[2018.05.14-01.45.00:232][486]LogModuleManager: Shutting down and abandoning module BlueprintProfiler (492)
[2018.05.14-01.45.00:249][486]LogModuleManager: Shutting down and abandoning module HierarchicalLODOutliner (490)
[2018.05.14-01.45.00:249][486]LogModuleManager: Shutting down and abandoning module SceneOutliner (488)
[2018.05.14-01.45.00:250][486]LogModuleManager: Shutting down and abandoning module AddContentDialog (486)
[2018.05.14-01.45.00:250][486]LogDirectoryWatcher: A directory notification for 'C:/Program Files/Epic Games/UE_4.17/FeaturePacks/' was aborted.
[2018.05.14-01.45.00:255][486]LogModuleManager: Shutting down and abandoning module WidgetCarousel (485)
[2018.05.14-01.45.00:255][486]LogModuleManager: Shutting down and abandoning module EditorWidgets (482)
[2018.05.14-01.45.00:255][486]LogModuleManager: Shutting down and abandoning module CollectionManager (480)
[2018.05.14-01.45.00:255][486]LogDirectoryWatcher: A directory notification for 'C:/Users/isma0/Documents/Unreal Projects/RISE-Mobile/RISE_GAME/Content/Collections/' was aborted.
[2018.05.14-01.45.00:256][486]LogDirectoryWatcher: A directory notification for 'C:/Users/isma0/Documents/Unreal Projects/RISE-Mobile/RISE_GAME/Content/Developers/isma0/Collections/' was aborted.
[2018.05.14-01.45.00:256][486]LogDirectoryWatcher: A directory notification for 'C:/Users/isma0/Documents/Unreal Projects/RISE-Mobile/RISE_GAME/Saved/Collections/' was aborted.
[2018.05.14-01.45.00:256][486]LogModuleManager: Shutting down and abandoning module StatsViewer (478)
[2018.05.14-01.45.00:257][486]LogModuleManager: Shutting down and abandoning module FoliageEdit (476)
[2018.05.14-01.45.00:257][486]LogModuleManager: Shutting down and abandoning module LandscapeEditor (474)
[2018.05.14-01.45.00:272][486]LogModuleManager: Shutting down and abandoning module MeshPaintMode (472)
[2018.05.14-01.45.00:272][486]LogModuleManager: Shutting down and abandoning module MeshPaint (471)
[2018.05.14-01.45.00:273][486]LogModuleManager: Shutting down and abandoning module SceneDepthPickerMode (468)
[2018.05.14-01.45.00:273][486]LogModuleManager: Shutting down and abandoning module ActorPickerMode (466)
[2018.05.14-01.45.00:273][486]LogModuleManager: Shutting down and abandoning module GeometryMode (464)
[2018.05.14-01.45.00:273][486]LogModuleManager: Shutting down and abandoning module TextureAlignMode (462)
[2018.05.14-01.45.00:273][486]LogModuleManager: Shutting down and abandoning module BspMode (460)
[2018.05.14-01.45.00:273][486]LogModuleManager: Shutting down and abandoning module PIEPreviewDeviceProfileSelector (458)
[2018.05.14-01.45.00:273][486]LogModuleManager: Shutting down and abandoning module HardwareSurvey (456)
[2018.05.14-01.45.00:273][486]LogModuleManager: Shutting down and abandoning module SequenceRecorderSections (454)
[2018.05.14-01.45.00:274][486]LogModuleManager: Shutting down and abandoning module AutomationWorker (452)
[2018.05.14-01.45.00:274][486]LogModuleManager: Shutting down and abandoning module MatineeToLevelSequence (450)
[2018.05.14-01.45.00:274][486]LogModuleManager: Shutting down and abandoning module LevelSequenceEditor (448)
[2018.05.14-01.45.00:281][486]LogModuleManager: Shutting down and abandoning module PlacementMode (447)
[2018.05.14-01.45.00:281][486]LogModuleManager: Shutting down and abandoning module WmfMediaFactory (444)
[2018.05.14-01.45.00:282][486]LogModuleManager: Shutting down and abandoning module WmfMediaEditor (442)
[2018.05.14-01.45.00:282][486]LogModuleManager: Shutting down and abandoning module AndroidMediaFactory (440)
[2018.05.14-01.45.00:282][486]LogModuleManager: Shutting down and abandoning module Media (439)
[2018.05.14-01.45.00:282][486]LogModuleManager: Shutting down and abandoning module AndroidMediaEditor (436)
[2018.05.14-01.45.00:282][486]LogModuleManager: Shutting down and abandoning module CharacterAI (434)
[2018.05.14-01.45.00:282][486]LogModuleManager: Shutting down and abandoning module AudioCapture (432)
[2018.05.14-01.45.00:282][486]LogModuleManager: Shutting down and abandoning module SequenceRecorder (431)
[2018.05.14-01.45.00:282][486]LogModuleManager: Shutting down and abandoning module SessionServices (428)
[2018.05.14-01.45.00:282][486]LogModuleManager: Shutting down and abandoning module ViewportSnapping (426)
[2018.05.14-01.45.00:283][486]LogModuleManager: Shutting down and abandoning module ViewportInteraction (424)
[2018.05.14-01.45.00:283][486]LogModuleManager: Shutting down and abandoning module ClothPainter (422)
[2018.05.14-01.45.00:297][486]LogModuleManager: Shutting down and abandoning module LogVisualizer (420)
[2018.05.14-01.45.00:297][486]LogModuleManager: Shutting down and abandoning module IntroTutorials (418)
[2018.05.14-01.45.00:298][486]LogModuleManager: Shutting down and abandoning module GameProjectGeneration (417)
[2018.05.14-01.45.00:314][486]LogModuleManager: Shutting down and abandoning module IOSPlatformEditor (414)
[2018.05.14-01.45.00:315][486]LogModuleManager: Shutting down and abandoning module HTML5PlatformEditor (412)
[2018.05.14-01.45.00:315][486]LogModuleManager: Shutting down and abandoning module AndroidPlatformEditor (410)
[2018.05.14-01.45.00:315][486]LogModuleManager: Shutting down and abandoning module AndroidDeviceDetection (409)
[2018.05.14-01.45.00:624][486]LogModuleManager: Shutting down and abandoning module WindowsPlatformEditor (406)
[2018.05.14-01.45.00:625][486]LogModuleManager: Shutting down and abandoning module IOSRuntimeSettings (404)
[2018.05.14-01.45.00:625][486]LogModuleManager: Shutting down and abandoning module AndroidRuntimeSettings (402)
[2018.05.14-01.45.00:625][486]LogModuleManager: Shutting down and abandoning module InputBindingEditor (400)
[2018.05.14-01.45.00:640][486]LogModuleManager: Shutting down and abandoning module MergeActors (398)
[2018.05.14-01.45.00:658][486]LogModuleManager: Shutting down and abandoning module SizeMap (396)
[2018.05.14-01.45.00:658][486]LogModuleManager: Shutting down and abandoning module TreeMap (394)
[2018.05.14-01.45.00:658][486]LogModuleManager: Shutting down and abandoning module ReferenceViewer (392)
[2018.05.14-01.45.00:658][486]LogModuleManager: Shutting down and abandoning module LocalizationDashboard (390)
[2018.05.14-01.45.00:671][486]LogModuleManager: Shutting down and abandoning module LocalizationService (389)
[2018.05.14-01.45.00:671][486]LogModuleManager: Shutting down and abandoning module HardwareTargeting (386)
[2018.05.14-01.45.00:671][486]LogModuleManager: Shutting down and abandoning module DeviceProfileEditor (384)
[2018.05.14-01.45.00:672][486]LogModuleManager: Shutting down and abandoning module UndoHistory (382)
[2018.05.14-01.45.00:672][486]LogModuleManager: Shutting down and abandoning module XmlParser (380)
[2018.05.14-01.45.00:672][486]LogModuleManager: Shutting down and abandoning module Blutility (378)
[2018.05.14-01.45.00:672][486]LogModuleManager: Shutting down and abandoning module ProjectSettingsViewer (376)
[2018.05.14-01.45.00:672][486]LogModuleManager: Shutting down and abandoning module ProjectTargetPlatformEditor (375)
[2018.05.14-01.45.00:672][486]LogModuleManager: Shutting down and abandoning module EditorSettingsViewer (372)
[2018.05.14-01.45.00:672][486]LogModuleManager: Shutting down and abandoning module SettingsEditor (370)
[2018.05.14-01.45.00:677][486]LogModuleManager: Shutting down and abandoning module ProjectLauncher (368)
[2018.05.14-01.45.00:690][486]LogModuleManager: Shutting down and abandoning module SessionFrontend (366)
[2018.05.14-01.45.00:691][486]LogModuleManager: Shutting down and abandoning module ProfilerClient (364)
[2018.05.14-01.45.00:701][486]LogModuleManager: Shutting down and abandoning module DeviceManager (362)
[2018.05.14-01.45.00:702][486]LogModuleManager: Shutting down and abandoning module TargetDeviceServices (361)
[2018.05.14-01.45.00:765][486]LogModuleManager: Shutting down and abandoning module AutomationController (358)
[2018.05.14-01.45.00:765][486]LogModuleManager: Shutting down and abandoning module AutomationWindow (356)
[2018.05.14-01.45.00:791][486]LogModuleManager: Shutting down and abandoning module Layers (354)
[2018.05.14-01.45.00:803][486]LogModuleManager: Shutting down and abandoning module ComponentVisualizers (352)
[2018.05.14-01.45.00:803][486]LogModuleManager: Shutting down and abandoning module DetailCustomizations (350)
[2018.05.14-01.45.00:803][486]LogModuleManager: Shutting down and abandoning module PackagesDialog (348)
[2018.05.14-01.45.00:804][486]LogModuleManager: Shutting down and abandoning module Persona (346)
[2018.05.14-01.45.00:820][486]LogModuleManager: Shutting down and abandoning module AdvancedPreviewScene (345)
[2018.05.14-01.45.00:820][486]LogModuleManager: Shutting down and abandoning module AnimGraph (343)
[2018.05.14-01.45.00:821][486]LogModuleManager: Shutting down and abandoning module Kismet (340)
[2018.05.14-01.45.00:845][486]LogModuleManager: Shutting down and abandoning module LevelEditor (339)
[2018.05.14-01.45.00:846][486]LogModuleManager: Shutting down and abandoning module PixelInspectorModule (338)
[2018.05.14-01.45.00:846][486]LogModuleManager: Shutting down and abandoning module ClassViewer (334)
[2018.05.14-01.45.00:846][486]LogModuleManager: Shutting down and abandoning module Toolbox (332)
[2018.05.14-01.45.00:846][486]LogModuleManager: Shutting down and abandoning module ModuleUI (330)
[2018.05.14-01.45.00:867][486]LogModuleManager: Shutting down and abandoning module MovieSceneTools (328)
[2018.05.14-01.45.00:880][486]LogModuleManager: Shutting down and abandoning module OutputLog (326)
[2018.05.14-01.45.00:880][486]LogModuleManager: Shutting down and abandoning module GammaUI (324)
[2018.05.14-01.45.00:890][486]LogModuleManager: Shutting down and abandoning module Documentation (322)
[2018.05.14-01.45.00:890][486]LogModuleManager: Shutting down and abandoning module MovieSceneTracks (320)
[2018.05.14-01.45.00:907][486]LogModuleManager: Shutting down and abandoning module MovieScene (318)
[2018.05.14-01.45.00:908][486]LogModuleManager: Shutting down and abandoning module GeometryCache (316)
[2018.05.14-01.45.00:908][486]LogModuleManager: Shutting down and abandoning module GeometryCacheEd (315)
[2018.05.14-01.45.00:908][486]LogModuleManager: Shutting down and abandoning module Niagara (312)
[2018.05.14-01.45.00:908][486]LogModuleManager: Shutting down and abandoning module NiagaraEditor (311)
[2018.05.14-01.45.00:916][486]LogModuleManager: Shutting down and abandoning module StreamingPauseRendering (308)
[2018.05.14-01.45.00:916][486]LogModuleManager: Shutting down and abandoning module LauncherPlatform (306)
[2018.05.14-01.45.00:916][486]LogModuleManager: Shutting down and abandoning module AnalyticsET (304)
[2018.05.14-01.45.00:916][486]LogModuleManager: Shutting down and abandoning module PortalServices (302)
[2018.05.14-01.45.00:916][486]LogModuleManager: Shutting down and abandoning module PortalRpc (300)
[2018.05.14-01.45.00:916][486]LogModuleManager: Shutting down and abandoning module MessagingRpc (298)
[2018.05.14-01.45.00:916][486]LogModuleManager: Shutting down and abandoning module AIModule (296)
[2018.05.14-01.45.00:916][486]LogModuleManager: Shutting down and abandoning module GameplayDebugger (295)
[2018.05.14-01.45.00:916][486]LogModuleManager: Shutting down and abandoning module AITestSuite (293)
[2018.05.14-01.45.00:916][486]LogModuleManager: Shutting down and abandoning module ProfilerService (290)
[2018.05.14-01.45.00:954][486]LogModuleManager: Shutting down and abandoning module TaskGraph (288)
[2018.05.14-01.45.00:974][486]LogModuleManager: Shutting down and abandoning module SlateRemote (286)
[2018.05.14-01.45.00:974][486]LogModuleManager: Shutting down and abandoning module ProceduralMeshComponentEditor (284)
[2018.05.14-01.45.00:974][486]LogModuleManager: Shutting down and abandoning module ProceduralMeshComponent (282)
[2018.05.14-01.45.00:975][486]LogModuleManager: Shutting down and abandoning module MobilePatchingUtils (280)
[2018.05.14-01.45.00:975][486]LogModuleManager: Shutting down and abandoning module CableComponent (278)
[2018.05.14-01.45.00:975][486]LogModuleManager: Shutting down and abandoning module ArchVisCharacter (276)
[2018.05.14-01.45.00:975][486]LogModuleManager: Shutting down and abandoning module AndroidPermission (274)
[2018.05.14-01.45.00:975][486]LogModuleManager: Shutting down and abandoning module MediaPlayerEditor (270)
[2018.05.14-01.45.00:992][486]LogModuleManager: Shutting down and abandoning module SpeedTreeImporter (268)
[2018.05.14-01.45.00:992][486]LogModuleManager: Shutting down and abandoning module PluginBrowser (266)
[2018.05.14-01.45.01:002][486]LogModuleManager: Shutting down and abandoning module MainFrame (265)
[2018.05.14-01.45.01:003][486]LogModuleManager: Shutting down and abandoning module MobileLauncherProfileWizard (262)
[2018.05.14-01.45.01:016][486]LogModuleManager: Shutting down and abandoning module VisualStudioSourceCodeAccess (260)
[2018.05.14-01.45.01:016][486]LogModuleManager: Shutting down and abandoning module DesktopPlatform (259)
[2018.05.14-01.45.01:016][486]LogModuleManager: Shutting down and abandoning module HotReload (257)
[2018.05.14-01.45.01:018][486]LogModuleManager: Shutting down and abandoning module UObjectPlugin (254)
[2018.05.14-01.45.01:018][486]LogModuleManager: Shutting down and abandoning module SubversionSourceControl (252)
[2018.05.14-01.45.01:018][486]LogModuleManager: Shutting down and abandoning module PerforceSourceControl (250)
[2018.05.14-01.45.01:018][486]LogModuleManager: Shutting down and abandoning module GitSourceControl (248)
[2018.05.14-01.45.01:018][486]LogModuleManager: Shutting down and abandoning module SourceControl (247)
[2018.05.14-01.45.01:024][486]LogModuleManager: Shutting down and abandoning module LightPropagationVolumeEditor (244)
[2018.05.14-01.45.01:024][486]LogModuleManager: Shutting down and abandoning module RuntimePhysXCooking (242)
[2018.05.14-01.45.01:024][486]LogModuleManager: Shutting down and abandoning module LocationServicesBPLibrary (240)
[2018.05.14-01.45.01:025][486]LogModuleManager: Shutting down and abandoning module ImmediatePhysicsEditor (238)
[2018.05.14-01.45.01:025][486]LogModuleManager: Shutting down and abandoning module ImmediatePhysics (236)
[2018.05.14-01.45.01:025][486]LogModuleManager: Shutting down and abandoning module UdpMessaging (234)
[2018.05.14-01.45.01:127][486]LogModuleManager: Shutting down and abandoning module TcpMessaging (232)
[2018.05.14-01.45.01:228][486]LogModuleManager: Shutting down and abandoning module GameplayTagsEditor (230)
[2018.05.14-01.45.01:249][486]LogModuleManager: Shutting down and abandoning module AssetManagerEditor (228)
[2018.05.14-01.45.01:249][486]LogModuleManager: Shutting down and abandoning module GraphEditor (227)
[2018.05.14-01.45.01:249][486]LogModuleManager: Shutting down and abandoning module ContentBrowser (225)
[2018.05.14-01.45.01:250][486]LogModuleManager: Shutting down and abandoning module LightPropagationVolumeRuntime (222)
[2018.05.14-01.45.01:250][486]LogModuleManager: Shutting down and abandoning module WmfMedia (220)
[2018.05.14-01.45.01:252][486]LogModuleManager: Shutting down and abandoning module PacketHandler (218)
[2018.05.14-01.45.01:252][486]LogModuleManager: Shutting down and abandoning module ClothingSystemEditor (216)
[2018.05.14-01.45.01:252][486]LogModuleManager: Shutting down and abandoning module ClothingSystemRuntime (214)
[2018.05.14-01.45.01:265][486]LogModuleManager: Shutting down and abandoning module Overlay (212)
[2018.05.14-01.45.01:265][486]LogModuleManager: Shutting down and abandoning module OverlayEditor (211)
[2018.05.14-01.45.01:265][486]LogModuleManager: Shutting down and abandoning module MediaAssets (208)
[2018.05.14-01.45.01:265][486]LogModuleManager: Shutting down and abandoning module VREditor (206)
[2018.05.14-01.45.01:279][486]LogModuleManager: Shutting down and abandoning module StringTableEditor (204)
[2018.05.14-01.45.01:280][486]LogModuleManager: Shutting down and abandoning module GameplayTasksEditor (202)
[2018.05.14-01.45.01:280][486]LogModuleManager: Shutting down and abandoning module BehaviorTreeEditor (200)
[2018.05.14-01.45.01:303][486]LogModuleManager: Shutting down and abandoning module FunctionalTesting (198)
[2018.05.14-01.45.01:303][486]LogModuleManager: Shutting down and abandoning module CollisionAnalyzer (196)
[2018.05.14-01.45.01:303][486]LogModuleManager: Shutting down and abandoning module WorkspaceMenuStructure (195)
[2018.05.14-01.45.01:304][486]LogModuleManager: Shutting down and abandoning module UMG (192)
[2018.05.14-01.45.01:304][486]LogModuleManager: Shutting down and abandoning module UMGEditor (191)
[2018.05.14-01.45.01:304][486]LogModuleManager: Shutting down and abandoning module Sequencer (190)
[2018.05.14-01.45.01:304][486]LogModuleManager: Shutting down and abandoning module MessageLog (187)
[2018.05.14-01.45.01:305][486]LogModuleManager: Shutting down and abandoning module SlateReflector (182)
[2018.05.14-01.45.01:319][486]LogModuleManager: Shutting down and abandoning module Slate (180)
[2018.05.14-01.45.01:319][486]LogModuleManager: Shutting down and abandoning module EditorStyle (178)
[2018.05.14-01.45.01:331][486]LogModuleManager: Shutting down and abandoning module MRMesh (176)
[2018.05.14-01.45.01:331][486]LogModuleManager: Shutting down and abandoning module SourceCodeAccess (174)
[2018.05.14-01.45.01:331][486]LogModuleManager: Shutting down and abandoning module HeadMountedDisplay (172)
[2018.05.14-01.45.01:331][486]LogModuleManager: Shutting down and abandoning module XAudio2 (170)
[2018.05.14-01.45.01:331][486]LogModuleManager: Shutting down and abandoning module Networking (168)
[2018.05.14-01.45.01:331][486]LogModuleManager: Shutting down and abandoning module Core (164)
[2018.05.14-01.45.01:331][486]LogModuleManager: Shutting down and abandoning module KismetCompiler (160)
[2018.05.14-01.45.01:331][486]LogModuleManager: Shutting down and abandoning module LevelSequence (158)
[2018.05.14-01.45.01:331][486]LogModuleManager: Shutting down and abandoning module MeshUtilities (156)
[2018.05.14-01.45.01:331][486]LogModuleManager: Shutting down and abandoning module MeshMergeUtilities (155)
[2018.05.14-01.45.01:359][486]LogModuleManager: Shutting down and abandoning module MeshReductionInterface (154)
[2018.05.14-01.45.01:359][486]LogModuleManager: Shutting down and abandoning module SimplygonSwarm (153)
[2018.05.14-01.45.01:372][486]LogModuleManager: Shutting down and abandoning module SimplygonMeshReduction (151)
[2018.05.14-01.45.01:372][486]LogModuleManager: Shutting down and abandoning module QuadricMeshReduction (149)
[2018.05.14-01.45.01:372][486]LogModuleManager: Shutting down and abandoning module MaterialBaking (145)
[2018.05.14-01.45.01:372][486]LogModuleManager: Shutting down and abandoning module DirectoryWatcher (142)
[2018.05.14-01.45.01:374][486]LogModuleManager: Shutting down and abandoning module DerivedDataCache (140)
[2018.05.14-01.45.01:402][486]LogDerivedDataCache: Shutdown
[2018.05.14-01.45.01:402][486]LogModuleManager: Shutting down and abandoning module TargetPlatform (138)
[2018.05.14-01.45.01:402][486]LogModuleManager: Shutting down and abandoning module VulkanShaderFormat (137)
[2018.05.14-01.45.01:402][486]LogModuleManager: Shutting down and abandoning module ShaderFormatVectorVM (135)
[2018.05.14-01.45.01:414][486]LogModuleManager: Shutting down and abandoning module ShaderFormatOpenGL (133)
[2018.05.14-01.45.01:420][486]LogModuleManager: Shutting down and abandoning module ShaderFormatD3D (131)
[2018.05.14-01.45.01:420][486]LogModuleManager: Shutting down and abandoning module MetalShaderFormat (129)
[2018.05.14-01.45.01:430][486]LogModuleManager: Shutting down and abandoning module TextureFormatUncompressed (127)
[2018.05.14-01.45.01:430][486]LogModuleManager: Shutting down and abandoning module TextureFormatPVR (125)
[2018.05.14-01.45.01:430][486]LogModuleManager: Shutting down and abandoning module TextureFormatDXT (123)
[2018.05.14-01.45.01:430][486]LogModuleManager: Shutting down and abandoning module TextureFormatIntelISPCTexComp (121)
[2018.05.14-01.45.01:431][486]LogModuleManager: Shutting down and abandoning module TextureFormatASTC (119)
[2018.05.14-01.45.01:431][486]LogModuleManager: Shutting down and abandoning module ImageWrapper (118)
[2018.05.14-01.45.01:431][486]LogModuleManager: Shutting down and abandoning module TextureFormatAndroid (115)
[2018.05.14-01.45.01:431][486]LogModuleManager: Shutting down and abandoning module AudioFormatOpus (113)
[2018.05.14-01.45.01:431][486]LogModuleManager: Shutting down and abandoning module AudioFormatOgg (111)
[2018.05.14-01.45.01:431][486]LogModuleManager: Shutting down and abandoning module AudioFormatADPCM (109)
[2018.05.14-01.45.01:431][486]LogModuleManager: Shutting down and abandoning module LinuxTargetPlatform (107)
[2018.05.14-01.45.01:431][486]LogModuleManager: Shutting down and abandoning module LinuxServerTargetPlatform (105)
[2018.05.14-01.45.01:431][486]LogModuleManager: Shutting down and abandoning module LinuxNoEditorTargetPlatform (103)
[2018.05.14-01.45.01:431][486]LogModuleManager: Shutting down and abandoning module LinuxClientTargetPlatform (101)
[2018.05.14-01.45.01:432][486]LogModuleManager: Shutting down and abandoning module TVOSTargetPlatform (99)
[2018.05.14-01.45.01:432][486]LogModuleManager: Shutting down and abandoning module Messaging (97)
[2018.05.14-01.45.01:432][486]LogModuleManager: Shutting down and abandoning module IOSTargetPlatform (95)
[2018.05.14-01.45.01:432][486]LogModuleManager: Shutting down and abandoning module HTML5TargetPlatform (93)
[2018.05.14-01.45.01:432][486]LogModuleManager: Shutting down and abandoning module Android_PVRTCTargetPlatform (91)
[2018.05.14-01.45.01:432][486]LogModuleManager: Shutting down and abandoning module Android_MultiTargetPlatform (89)
[2018.05.14-01.45.01:432][486]LogModuleManager: Shutting down and abandoning module Android_ETC2TargetPlatform (87)
[2018.05.14-01.45.01:432][486]LogModuleManager: Shutting down and abandoning module Android_ETC1TargetPlatform (85)
[2018.05.14-01.45.01:432][486]LogModuleManager: Shutting down and abandoning module Android_DXTTargetPlatform (83)
[2018.05.14-01.45.01:433][486]LogModuleManager: Shutting down and abandoning module Android_ATCTargetPlatform (81)
[2018.05.14-01.45.01:433][486]LogModuleManager: Shutting down and abandoning module Android_ASTCTargetPlatform (79)
[2018.05.14-01.45.01:433][486]LogModuleManager: Shutting down and abandoning module AndroidTargetPlatform (77)
[2018.05.14-01.45.01:433][486]LogModuleManager: Shutting down and abandoning module WindowsTargetPlatform (75)
[2018.05.14-01.45.01:433][486]LogModuleManager: Shutting down and abandoning module WindowsServerTargetPlatform (73)
[2018.05.14-01.45.01:433][486]LogModuleManager: Shutting down and abandoning module WindowsNoEditorTargetPlatform (71)
[2018.05.14-01.45.01:433][486]LogModuleManager: Shutting down and abandoning module WindowsClientTargetPlatform (69)
[2018.05.14-01.45.01:433][486]LogModuleManager: Shutting down and abandoning module MacTargetPlatform (67)
[2018.05.14-01.45.01:433][486]LogModuleManager: Shutting down and abandoning module MacServerTargetPlatform (65)
[2018.05.14-01.45.01:433][486]LogModuleManager: Shutting down and abandoning module MacNoEditorTargetPlatform (63)
[2018.05.14-01.45.01:434][486]LogModuleManager: Shutting down and abandoning module MacClientTargetPlatform (61)
[2018.05.14-01.45.01:434][486]LogModuleManager: Shutting down and abandoning module AllDesktopTargetPlatform (59)
[2018.05.14-01.45.01:434][486]LogModuleManager: Shutting down and abandoning module InputCore (56)
[2018.05.14-01.45.01:434][486]LogModuleManager: Shutting down and abandoning module Settings (54)
[2018.05.14-01.45.01:434][486]LogModuleManager: Shutting down and abandoning module PhysXCooking (52)
[2018.05.14-01.45.01:434][486]LogModuleManager: Shutting down and abandoning module ExampleDeviceProfileSelector (50)
[2018.05.14-01.45.01:434][486]LogModuleManager: Shutting down and abandoning module OnlineBlueprintSupport (48)
[2018.05.14-01.45.01:434][486]LogModuleManager: Shutting down and abandoning module OnlineSubsystem (44)
[2018.05.14-01.45.01:434][486]LogOnline: Display: Unloading online subsystem: NULL
[2018.05.14-01.45.01:456][486]LogModuleManager: Shutting down and abandoning module XMPP (43)
[2018.05.14-01.45.01:465][486]LogModuleManager: Shutting down and abandoning module HTTP (41)
[2018.05.14-01.45.01:465][486]LogHttp: Display: Http module shutting down, but needs to wait on 1 outstanding Http requests:
[2018.05.14-01.45.01:465][486]LogHttp: Display: 	verb=[POST] url=[https://datarouter.ol.epicgames.com/datarouter/api/v1/public/data?SessionID=%7BB7454049-4876-744D-883C-E18012E9B337%7D&AppID=UEEditor.Rocket.Release&AppVersion=4.17.2-3658906%2B%2B%2BUE4%2BRelease-4.17&UserID=2d21c60542ace5f752753183dc8f18c2%7Ce5af69ae52c34ec8bca2a7c038d1ea3c%7C8aa367c0-17d2-4038-b458-d3f575842514&AppEnvironment=datacollector-binary&UploadType=eteventstream] status=Processing
[2018.05.14-01.45.01:474][486]LogModuleManager: Shutting down and abandoning module SSL (40)
[2018.05.14-01.45.01:479][486]LogModuleManager: Shutting down and abandoning module AnimationModifiers (36)
[2018.05.14-01.45.01:479][486]LogModuleManager: Shutting down and abandoning module PropertyEditor (35)
[2018.05.14-01.45.01:479][486]LogModuleManager: Shutting down and abandoning module AudioEditor (32)
[2018.05.14-01.45.01:488][486]LogModuleManager: Shutting down and abandoning module TextureCompressor (30)
[2018.05.14-01.45.01:488][486]LogModuleManager: Shutting down and abandoning module ShaderCore (28)
[2018.05.14-01.45.01:488][486]LogModuleManager: Shutting down and abandoning module Landscape (26)
[2018.05.14-01.45.01:488][486]LogModuleManager: Shutting down and abandoning module SlateRHIRenderer (24)
[2018.05.14-01.45.01:505][486]LogModuleManager: Shutting down and abandoning module OpenGLDrv (22)
[2018.05.14-01.45.01:515][486]LogModuleManager: Shutting down and abandoning module D3D11RHI (20)
[2018.05.14-01.45.01:515][486]LogModuleManager: Shutting down and abandoning module AnimGraphRuntime (18)
[2018.05.14-01.45.01:515][486]LogModuleManager: Shutting down and abandoning module Renderer (16)
[2018.05.14-01.45.01:515][486]LogModuleManager: Shutting down and abandoning module Engine (14)
[2018.05.14-01.45.01:515][486]LogModuleManager: Shutting down and abandoning module CoreUObject (12)
[2018.05.14-01.45.01:515][486]LogModuleManager: Shutting down and abandoning module NetworkFile (10)
[2018.05.14-01.45.01:515][486]LogModuleManager: Shutting down and abandoning module CookedIterativeFile (8)
[2018.05.14-01.45.01:515][486]LogModuleManager: Shutting down and abandoning module StreamingFile (6)
[2018.05.14-01.45.01:515][486]LogModuleManager: Shutting down and abandoning module SandboxFile (4)
[2018.05.14-01.45.01:515][486]LogModuleManager: Shutting down and abandoning module PakFile (2)
[2018.05.14-01.45.01:520][486]LogExit: Exiting.
[2018.05.14-01.45.01:550][486]Log file closed, 05/13/18 21:45:01
