Log file open, 03/09/18 21:10:08
LogWindows: Failed to load 'aqProf.dll' (GetLastError=126)
LogWindows: File 'aqProf.dll' does not exist
LogWindows: Failed to load 'VSPerf140.dll' (GetLastError=126)
LogWindows: File 'VSPerf140.dll' does not exist
LogWindows: Failed to load 'VtuneApi.dll' (GetLastError=126)
LogWindows: File 'VtuneApi.dll' does not exist
LogWindows: Failed to load 'VtuneApi32e.dll' (GetLastError=126)
LogWindows: File 'VtuneApi32e.dll' does not exist
LogInit: Display: Running engine for game: RISE_GAME
LogPlatformFile: Not using cached read wrapper
LogInit: Display: RandInit(-198271921) SRandInit(-198271921).
LogTaskGraph: Started task graph with 5 named threads and 14 total threads with 3 sets of task threads.
LogStats: Stats thread started at 0.276260
LogD3D11RHI: Aftermath initialized
LogPluginManager: Mounting plugin Paper2D
LogPluginManager: Mounting plugin LightPropagationVolume
LogPluginManager: Mounting plugin CodeLiteSourceCodeAccess
LogPluginManager: Mounting plugin GitSourceControl
LogPluginManager: Mounting plugin KDevelopSourceCodeAccess
LogPluginManager: Mounting plugin NullSourceCodeAccess
LogPluginManager: Mounting plugin PerforceSourceControl
LogPluginManager: Mounting plugin SubversionSourceControl
LogPluginManager: Mounting plugin UObjectPlugin
LogPluginManager: Mounting plugin VisualStudioSourceCodeAccess
LogPluginManager: Mounting plugin XCodeSourceCodeAccess
LogPluginManager: Mounting plugin AssetManagerEditor
LogPluginManager: Mounting plugin AudioCapture
LogPluginManager: Mounting plugin FacialAnimation
LogPluginManager: Mounting plugin GameplayTagsEditor
LogPluginManager: Mounting plugin MobileLauncherProfileWizard
LogPluginManager: Mounting plugin PluginBrowser
LogPluginManager: Mounting plugin SpeedTreeImporter
LogPluginManager: Mounting plugin AlembicImporter
LogPluginManager: Mounting plugin CharacterAI
LogPluginManager: Mounting plugin HTML5Networking
LogPluginManager: Mounting plugin AndroidMedia
LogPluginManager: Mounting plugin AvfMedia
LogPluginManager: Mounting plugin MediaPlayerEditor
LogPluginManager: Mounting plugin WmfMedia
LogPluginManager: Mounting plugin TcpMessaging
LogPluginManager: Mounting plugin UdpMessaging
LogPluginManager: Mounting plugin LevelSequenceEditor
LogPluginManager: Mounting plugin MatineeToLevelSequence
LogPluginManager: Mounting plugin OnlineSubsystemGooglePlay
LogPluginManager: Mounting plugin OnlineSubsystemIOS
LogPluginManager: Mounting plugin OnlineSubsystem
LogPluginManager: Mounting plugin OnlineSubsystemNull
LogPluginManager: Mounting plugin OnlineSubsystemUtils
LogPluginManager: Mounting plugin AndroidDeviceProfileSelector
LogPluginManager: Mounting plugin AndroidMoviePlayer
LogPluginManager: Mounting plugin AndroidPermission
LogPluginManager: Mounting plugin AppleMoviePlayer
LogPluginManager: Mounting plugin ArchVisCharacter
LogPluginManager: Mounting plugin CableComponent
LogPluginManager: Mounting plugin CustomMeshComponent
LogPluginManager: Mounting plugin ExampleDeviceProfileSelector
LogPluginManager: Mounting plugin GoogleCloudMessaging
LogPluginManager: Mounting plugin ImmediatePhysics
LogPluginManager: Mounting plugin IOSDeviceProfileSelector
LogPluginManager: Mounting plugin LinuxDeviceProfileSelector
LogPluginManager: Mounting plugin LocationServicesBPLibrary
LogPluginManager: Mounting plugin MobilePatchingUtils
LogPluginManager: Mounting plugin OculusVR
LogPluginManager: Mounting plugin PhysXVehicles
LogPluginManager: Mounting plugin ProceduralMeshComponent
LogPluginManager: Mounting plugin RuntimePhysXCooking
LogPluginManager: Mounting plugin SteamVR
LogPluginManager: Mounting plugin WindowsMoviePlayer
LogInit: Using libcurl 7.47.1
LogInit:  - built for x86_64-pc-win32
LogInit:  - supports SSL with OpenSSL/1.0.2g
LogInit:  - supports HTTP deflate (compression) using libz 1.2.8
LogInit:  - other features:
LogInit:      CURL_VERSION_SSL
LogInit:      CURL_VERSION_LIBZ
LogInit:      CURL_VERSION_IPV6
LogInit:      CURL_VERSION_ASYNCHDNS
LogInit:      CURL_VERSION_LARGEFILE
LogInit:      CURL_VERSION_IDN
LogInit:  CurlRequestOptions (configurable via config and command line):
LogInit:  - bVerifyPeer = false  - Libcurl will NOT verify peer certificate
LogInit:  - bUseHttpProxy = false  - Libcurl will NOT use HTTP proxy
LogInit:  - bDontReuseConnections = false  - Libcurl will reuse connections
LogInit:  - CertBundlePath = nullptr  - Libcurl will use whatever was configured at build time.
LogInit: Build: ++UE4+Release-4.17-CL-3658906
LogInit: Engine Version: 4.17.2-3658906+++UE4+Release-4.17
LogInit: Compatible Engine Version: 4.17.0-3573198+++UE4+Release-4.17
LogInit: Net CL: 3573198
LogDevObjectVersion: Number of dev versions registered: 16
LogDevObjectVersion:   Dev-Blueprints (B0D832E4-1F89-4F0D-ACCF-7EB736FD4AA2): 10
LogDevObjectVersion:   Dev-Build (E1C64328-A22C-4D53-A36C-8E866417BD8C): 0
LogDevObjectVersion:   Dev-Core (375EC13C-06E4-48FB-B500-84F0262A717E): 2
LogDevObjectVersion:   Dev-Editor (E4B068ED-F494-42E9-A231-DA0B2E46BB41): 20
LogDevObjectVersion:   Dev-Framework (CFFC743F-43B0-4480-9391-14DF171D2073): 28
LogDevObjectVersion:   Dev-Mobile (B02B49B5-BB20-44E9-A304-32B752E40360): 0
LogDevObjectVersion:   Dev-Networking (A4E4105C-59A1-49B5-A7C5-40C4547EDFEE): 0
LogDevObjectVersion:   Dev-Online (39C831C9-5AE6-47DC-9A44-9C173E1C8E7C): 0
LogDevObjectVersion:   Dev-Physics (78F01B33-EBEA-4F98-B9B4-84EACCB95AA2): 0
LogDevObjectVersion:   Dev-Platform (6631380F-2D4D-43E0-8009-CF276956A95A): 0
LogDevObjectVersion:   Dev-Rendering (12F88B9F-8875-4AFC-A67C-D90C383ABD29): 19
LogDevObjectVersion:   Dev-Sequencer (7B5AE74C-D270-4C10-A958-57980B212A5A): 4
LogDevObjectVersion:   Dev-VR (D7296918-1DD6-4BDD-9DE2-64A83CC13884): 0
LogDevObjectVersion:   Dev-LoadTimes (C2A15278-BFE7-4AFE-6C17-90FF531DF755): 1
LogDevObjectVersion:   Private-Geometry (6EACA3D4-40EC-4CC1-B786-8BED09428FC5): 1
LogDevObjectVersion:   Dev-AnimPhys (29E575DD-E0A3-4627-9D10-D276232CDCEA): 7
LogInit: Compiled (64-bit): Sep 22 2017 13:47:16
LogInit: Compiled with Visual C++: 19.00.24215.01
LogInit: Build Configuration: Development
LogInit: Branch Name: ++UE4+Release-4.17
LogInit: Command line:  
LogInit: Base directory: C:/Program Files/Epic Games/UE_4.17/Engine/Binaries/Win64/
LogInit: Installed Engine Build: 1
LogInit: Presizing for max 8388607 objects, including 0 objects not considered by GC, pre-allocating 0 bytes for permanent pool.
LogInit: Object subsystem initialized
[2018.03.10-01.10.09:604][  0]LogInit: Selected Device Profile: [Windows]
[2018.03.10-01.10.09:604][  0]LogInit: Applying CVar settings loaded from the selected device profile: [Windows]
[2018.03.10-01.10.09:630][  0]LogInit: Computer: LAPTOP-EBH0JGK7
[2018.03.10-01.10.09:630][  0]LogInit: User: MoltenOwl
[2018.03.10-01.10.09:630][  0]LogInit: CPU Page size=4096, Cores=4
[2018.03.10-01.10.09:630][  0]LogInit: High frequency timer resolution =2.339361 MHz
[2018.03.10-01.10.09:631][  0]LogMemory: Memory total: Physical=11.5GB (12GB approx)
[2018.03.10-01.10.09:631][  0]LogMemory: Platform Memory Stats for Windows
[2018.03.10-01.10.09:631][  0]LogMemory: Process Physical Memory: 278.37 MB used, 278.37 MB peak
[2018.03.10-01.10.09:631][  0]LogMemory: Process Virtual Memory: 274.07 MB used, 274.07 MB peak
[2018.03.10-01.10.09:631][  0]LogMemory: Physical Memory: 3423.37 MB used,  8319.75 MB free, 11743.12 MB total
[2018.03.10-01.10.09:631][  0]LogMemory: Virtual Memory: 667.91 MB used,  8319.75 MB free, 134217728.00 MB total
[2018.03.10-01.10.10:093][  0]LogInit: Using OS detected language (en-US).
[2018.03.10-01.10.10:093][  0]LogInit: Using OS detected locale (en-US).
[2018.03.10-01.10.10:100][  0]LogTextLocalizationManager: No specific localization for 'en-US' exists, so the 'en' localization will be used.
[2018.03.10-01.10.11:380][  0]LogD3D11RHI: D3D11 adapters:
[2018.03.10-01.10.11:404][  0]LogD3D11RHI:    0. 'AMD Radeon(TM) R5 Graphics' (Feature Level 11_0)
[2018.03.10-01.10.11:404][  0]LogD3D11RHI:       499/0/5871 MB DedicatedVideo/DedicatedSystem/SharedSystem, Outputs:1, VendorId:0x1002
[2018.03.10-01.10.11:407][  0]LogD3D11RHI:    1. 'Microsoft Basic Render Driver' (Feature Level 11_0)
[2018.03.10-01.10.11:407][  0]LogD3D11RHI:       0/0/5871 MB DedicatedVideo/DedicatedSystem/SharedSystem, Outputs:0, VendorId:0x1414
[2018.03.10-01.10.11:407][  0]LogD3D11RHI: Chosen D3D11 Adapter: 0
[2018.03.10-01.10.11:422][  0]LogD3D11RHI: Creating new Direct3DDevice
[2018.03.10-01.10.11:422][  0]LogD3D11RHI:     GPU DeviceId: 0x9874 (for the marketing name, search the web for "GPU Device Id")
[2018.03.10-01.10.11:422][  0]LogWindows: EnumDisplayDevices:
[2018.03.10-01.10.11:424][  0]LogWindows:    0. 'AMD Radeon(TM) R5 Graphics' (P:1 D:1)
[2018.03.10-01.10.11:424][  0]LogWindows:    1. 'AMD Radeon(TM) R5 Graphics' (P:0 D:0)
[2018.03.10-01.10.11:424][  0]LogWindows:    2. 'AMD Radeon(TM) R5 Graphics' (P:0 D:0)
[2018.03.10-01.10.11:424][  0]LogWindows: DebugString: FoundDriverCount:3 
[2018.03.10-01.10.11:424][  0]LogD3D11RHI:     Adapter Name: AMD Radeon(TM) R5 Graphics
[2018.03.10-01.10.11:424][  0]LogD3D11RHI:   Driver Version: Crimson 16.6 (internal:16.300.2701.0, unified:16.300.2701.0)
[2018.03.10-01.10.11:424][  0]LogD3D11RHI:      Driver Date: 8-9-2016
[2018.03.10-01.10.11:424][  0]LogRHI: Texture pool is 349 MB (70% of 499 MB)
[2018.03.10-01.10.11:477][  0]LogD3D11RHI: Async texture creation enabled
[2018.03.10-01.10.11:496][  0]LogD3D11RHI: GPU Timing Frequency: 100.000000 (Debug: 2 1)
[2018.03.10-01.10.11:498][  0]LogShaderCompilers: Guid format shader working directory is -22 characters bigger than the processId version (../../../../../../Users/MoltenOwl/Documents/GitHub/RISE-Mobile/RISE_GAME/Intermediate/Shaders/WorkingDirectory/5140/).
[2018.03.10-01.10.11:498][  0]LogShaderCompilers: Cleaned the shader compiler working directory 'C:/Users/MoltenOwl/AppData/Local/Temp/UnrealShaderWorkingDir/4BD356644D593AC7E79509AD87AF080B/'.
[2018.03.10-01.10.11:498][  0]LogShaderCompilers: Display: Using Local Shader Compiler.
[2018.03.10-01.10.13:999][  0]LogTemp: Display: Loaded TP AllDesktopTargetPlatform
[2018.03.10-01.10.14:161][  0]LogTemp: Display: Loaded TP MacClientTargetPlatform
[2018.03.10-01.10.14:332][  0]LogTemp: Display: Loaded TP MacNoEditorTargetPlatform
[2018.03.10-01.10.14:512][  0]LogTemp: Display: Loaded TP MacServerTargetPlatform
[2018.03.10-01.10.14:677][  0]LogTemp: Display: Loaded TP MacTargetPlatform
[2018.03.10-01.10.14:850][  0]LogTemp: Display: Loaded TP WindowsClientTargetPlatform
[2018.03.10-01.10.15:026][  0]LogTemp: Display: Loaded TP WindowsNoEditorTargetPlatform
[2018.03.10-01.10.15:189][  0]LogTemp: Display: Loaded TP WindowsServerTargetPlatform
[2018.03.10-01.10.15:329][  0]LogTemp: Display: Loaded TP WindowsTargetPlatform
[2018.03.10-01.10.15:485][  0]LogTemp: Display: Loaded TP AndroidTargetPlatform
[2018.03.10-01.10.15:649][  0]LogTemp: Display: Loaded TP Android_ASTCTargetPlatform
[2018.03.10-01.10.15:804][  0]LogTemp: Display: Loaded TP Android_ATCTargetPlatform
[2018.03.10-01.10.15:958][  0]LogTemp: Display: Loaded TP Android_DXTTargetPlatform
[2018.03.10-01.10.16:113][  0]LogTemp: Display: Loaded TP Android_ETC1TargetPlatform
[2018.03.10-01.10.16:271][  0]LogTemp: Display: Loaded TP Android_ETC2TargetPlatform
[2018.03.10-01.10.16:575][  0]LogTemp: Display: Loaded TP Android_MultiTargetPlatform
[2018.03.10-01.10.16:575][  0]LogTemp: Display: Loaded TP Android_PVRTCTargetPlatform
[2018.03.10-01.10.16:706][  0]LogTemp: Display: Loaded TP HTML5TargetPlatform
[2018.03.10-01.10.16:954][  0]LogTemp: Display: Loaded TP IOSTargetPlatform
[2018.03.10-01.10.17:043][  0]LogTemp: Display: Loaded TP TVOSTargetPlatform
[2018.03.10-01.10.17:202][  0]LogTemp: Display: Loaded TP LinuxClientTargetPlatform
[2018.03.10-01.10.17:356][  0]LogTemp: Display: Loaded TP LinuxNoEditorTargetPlatform
[2018.03.10-01.10.17:513][  0]LogTemp: Display: Loaded TP LinuxServerTargetPlatform
[2018.03.10-01.10.17:673][  0]LogTemp: Display: Loaded TP LinuxTargetPlatform
[2018.03.10-01.10.17:673][  0]LogTargetPlatformManager: Display: Building Assets For Windows
[2018.03.10-01.10.19:236][  0]LogDerivedDataCache: Display: Max Cache Size: 512 MB
[2018.03.10-01.10.19:531][  0]LogDerivedDataCache: Loaded boot cache 0.29s 93MB C:/Users/MoltenOwl/AppData/Local/UnrealEngine/4.17/DerivedDataCache/Boot.ddc.
[2018.03.10-01.10.19:531][  0]LogDerivedDataCache: Display: Loaded Boot cache: C:/Users/MoltenOwl/AppData/Local/UnrealEngine/4.17/DerivedDataCache/Boot.ddc
[2018.03.10-01.10.19:531][  0]LogDerivedDataCache: FDerivedDataBackendGraph:  Pak pak cache file ../../../../../../Users/MoltenOwl/Documents/GitHub/RISE-Mobile/RISE_GAME/DerivedDataCache/DDC.ddp not found, will not use a pak cache.
[2018.03.10-01.10.19:531][  0]LogDerivedDataCache: Unable to find inner node Pak for hierarchical cache Hierarchy.
[2018.03.10-01.10.19:532][  0]LogDerivedDataCache: FDerivedDataBackendGraph:  CompressedPak pak cache file ../../../../../../Users/MoltenOwl/Documents/GitHub/RISE-Mobile/RISE_GAME/DerivedDataCache/Compressed.ddp not found, will not use a pak cache.
[2018.03.10-01.10.19:532][  0]LogDerivedDataCache: Unable to find inner node CompressedPak for hierarchical cache Hierarchy.
[2018.03.10-01.10.19:565][  0]LogDerivedDataCache: Display: Pak cache opened for reading ../../../Engine/DerivedDataCache/Compressed.ddp.
[2018.03.10-01.10.19:579][  0]LogDerivedDataCache: Using Local data cache path C:/Users/MoltenOwl/AppData/Local/UnrealEngine/Common/DerivedDataCache: Writable
[2018.03.10-01.10.19:608][  0]LogMaterial: Verifying Global Shaders for PCD3D_SM5
[2018.03.10-01.10.19:609][  0]LogSlate: Using Freetype 2.6.0
[2018.03.10-01.10.19:611][  0]LogSlate: SlateFontCache - WITH_FREETYPE: 1, WITH_HARFBUZZ: 1
[2018.03.10-01.10.19:611][  0]LogSlate: SlateFontCache - WITH_FREETYPE: 1, WITH_HARFBUZZ: 1
[2018.03.10-01.10.20:283][  0]LogAssetRegistry: FAssetRegistry took 0.0346 seconds to start up
[2018.03.10-01.10.20:645][  0]LogInit: Selected Device Profile: [Windows]
[2018.03.10-01.10.21:089][  0]LogContentStreaming: Texture pool size is 0.00 MB
[2018.03.10-01.10.21:927][  0]LogSimplygon: Simplygon DLL not present - disabling.
[2018.03.10-01.10.22:024][  0]LogMeshReduction: Using SimplygonSwarm for distributed automatic mesh merging
[2018.03.10-01.10.22:024][  0]LogMeshReduction: Using QuadricMeshReduction for automatic static mesh reduction
[2018.03.10-01.10.22:024][  0]LogMeshReduction: No automatic skeletal mesh reduction module available
[2018.03.10-01.10.22:024][  0]LogMeshReduction: No automatic mesh merging module available
[2018.03.10-01.10.22:024][  0]LogMeshMerging: No automatic mesh merging module available
[2018.03.10-01.10.22:735][  0]LogNetVersion: RISE_GAME , NetCL: 3573198, EngineNetVer: 2, GameNetVer: 0 (Checksum: 1739909859)
[2018.03.10-01.10.23:201][  0]LogPackageLocalizationCache: Processed 5 localized package path(s) for 2 prioritized culture(s) in 0.098572 seconds
[2018.03.10-01.10.23:213][  0]LogUObjectArray: 35825 objects as part of root set at end of initial load.
[2018.03.10-01.10.23:213][  0]LogUObjectAllocator: 7529112 out of 0 bytes used by permanent object pool.
[2018.03.10-01.10.23:213][  0]LogUObjectArray: CloseDisregardForGC: 0/0 objects in disregard for GC pool
[2018.03.10-01.10.23:366][  0]LogInit: WinSock: version 1.1 (2.2), MaxSocks=32767, MaxUdp=65467
[2018.03.10-01.10.30:164][  0]LogTcpMessaging: Initializing TcpMessaging bridge
[2018.03.10-01.10.30:267][  0]LogUdpMessaging: Initializing bridge on interface 0.0.0.0:0 to multicast group 230.0.0.1:6666.
[2018.03.10-01.10.32:096][  0]LogMaterial: Uniform references updated for custom material expression Custom.
[2018.03.10-01.10.33:495][  0]SourceControl: Source control is disabled
[2018.03.10-01.10.33:495][  0]SourceControl: Source control is disabled
[2018.03.10-01.10.33:659][  0]SourceControl: Source control is disabled
[2018.03.10-01.10.33:810][  0]SourceControl: Source control is disabled
[2018.03.10-01.10.35:663][  0]LogAndroidPermission: UAndroidPermissionCallbackProxy::GetInstance
[2018.03.10-01.10.36:430][  0]LogOcInput: OculusInput pre-init called
[2018.03.10-01.10.37:189][  0]LogEngine: Initializing Engine...
[2018.03.10-01.10.37:193][  0]LogHMD: Failed to initialize OpenVR with code 110
[2018.03.10-01.10.37:812][  0]LogStats: UGameplayTagsManager::ConstructGameplayTagTree: Construct from data asset -  0.000 s
[2018.03.10-01.10.37:812][  0]LogStats: UGameplayTagsManager::ConstructGameplayTagTree: GameplayTagTreeChangedEvent.Broadcast -  0.000 s
[2018.03.10-01.10.38:211][  0]LogAIModule: Creating AISystem for world Untitled
[2018.03.10-01.10.38:224][  0]LogInit: XAudio2 using 'Speaker/Headphone (Realtek High Definition Audio)' : 2 channels at 48 kHz using 32 bits per sample (channel mask 0x3)
[2018.03.10-01.10.38:505][  0]LogInit: FAudioDevice initialized.
[2018.03.10-01.10.38:782][  0]LogDerivedDataCache: Saved boot cache 0.28s 93MB C:/Users/MoltenOwl/AppData/Local/UnrealEngine/4.17/DerivedDataCache/Boot.ddc.
[2018.03.10-01.10.38:838][  0]LogInit: Texture streaming: Enabled
[2018.03.10-01.10.39:171][  0]LogEngineSessionManager: EngineSessionManager initialized
[2018.03.10-01.10.39:783][  0]LogInit: Transaction tracking system initialized
[2018.03.10-01.10.40:670][  0]BlueprintLog: New page: Editor Load
[2018.03.10-01.10.43:260][  0]LocalizationService: Localization service is disabled
[2018.03.10-01.10.45:338][  0]LogConsoleResponse: Display: 
[2018.03.10-01.10.45:796][  0]LogCook: Display: Max memory allowance for cook 16384mb min free memory 0mb
[2018.03.10-01.10.45:796][  0]LogCook: Display: Mobile HDR setting 1
[2018.03.10-01.10.45:796][  0]LogGameplayTags: Display: UGameplayTagsManager::DoneAddingNativeTags. DelegateIsBound: 0
[2018.03.10-01.10.45:977][  0]LogFileCache: Scanning file cache for directory 'C:/Users/MoltenOwl/Documents/GitHub/RISE-Mobile/RISE_GAME/Content/' took 0.02s
[2018.03.10-01.10.49:019][  0]SourceControl: Source control is disabled
[2018.03.10-01.10.49:019][  0]Cmd: MAP LOAD FILE="../../../../../../Users/MoltenOwl/Documents/GitHub/RISE-Mobile/RISE_GAME/Content/SideScrollerBP/Maps/SideScrollerExampleMap.umap" TEMPLATE=0 SHOWPROGRESS=1 FEATURELEVEL=3
[2018.03.10-01.10.49:021][  0]LightingResults: New page: Lighting Build
[2018.03.10-01.10.49:152][  0]MapCheck: New page: Map Check
[2018.03.10-01.10.49:152][  0]LightingResults: New page: Lighting Build
[2018.03.10-01.10.51:617][  0]LogAIModule: Creating AISystem for world SideScrollerExampleMap
[2018.03.10-01.10.51:647][  0]LogEditorServer: Finished looking for orphan Actors (0.000 secs)
[2018.03.10-01.10.51:730][  0]Cmd: MAP CHECKDEP NOCLEARLOG
[2018.03.10-01.10.51:889][  0]MapCheck: Map check complete: 0 Error(s), 0 Warning(s), took 159.114ms to complete.
[2018.03.10-01.10.51:889][  0]LogFileHelpers: Loading map 'SideScrollerExampleMap' took 2.870
[2018.03.10-01.10.51:965][  0]LogWindowsTextInputMethodSystem: Display: IME system now deactivated.
[2018.03.10-01.10.51:966][  0]LogWindowsTextInputMethodSystem: Display: IME system now deactivated.
[2018.03.10-01.10.52:179][  0]LogCollectionManager: Loaded 0 collections in 0.003904 seconds
[2018.03.10-01.10.52:345][  0]LogFileCache: Scanning file cache for directory 'C:/Users/MoltenOwl/Documents/GitHub/RISE-Mobile/RISE_GAME/Saved/Collections/' took 0.01s
[2018.03.10-01.10.52:345][  0]LogFileCache: Scanning file cache for directory 'C:/Users/MoltenOwl/Documents/GitHub/RISE-Mobile/RISE_GAME/Content/Developers/MoltenOwl/Collections/' took 0.01s
[2018.03.10-01.10.52:346][  0]LogFileCache: Scanning file cache for directory 'C:/Users/MoltenOwl/Documents/GitHub/RISE-Mobile/RISE_GAME/Content/Collections/' took 0.01s
[2018.03.10-01.10.52:346][  0]LogCollectionManager: Rebuilt the GUID cache for 0 collections in 0.000001 seconds
[2018.03.10-01.10.52:367][  0]LogContentBrowser: Native class hierarchy populated in 0.0206 seconds. Added 2386 classes and 500 folders.
[2018.03.10-01.10.52:550][  0]LogContentBrowser: Native class hierarchy updated for 'WidgetCarousel' in 0.0014 seconds. Added 0 classes and 0 folders.
[2018.03.10-01.10.52:653][  0]LogContentBrowser: Native class hierarchy updated for 'AddContentDialog' in 0.0014 seconds. Added 0 classes and 0 folders.
[2018.03.10-01.10.52:777][  0]LogContentBrowser: Native class hierarchy updated for 'SceneOutliner' in 0.0014 seconds. Added 1 classes and 2 folders.
[2018.03.10-01.10.52:848][  0]LogSlate: Took 0.000614 seconds to synchronously load lazily loaded font '../../../Engine/Content/Slate/Fonts/Roboto-Regular.ttf' (155K)
[2018.03.10-01.10.52:853][  0]LogSlate: Took 0.000644 seconds to synchronously load lazily loaded font '../../../Engine/Content/Slate/Fonts/Roboto-Bold.ttf' (160K)
[2018.03.10-01.10.52:862][  0]LogSlate: Took 0.000604 seconds to synchronously load lazily loaded font '../../../Engine/Content/Editor/Slate/Fonts/FontAwesome.ttf' (139K)
[2018.03.10-01.10.52:868][  0]LogSlate: Took 0.000615 seconds to synchronously load lazily loaded font '../../../Engine/Content/Editor/Slate/Fonts/Roboto-BoldCondensed.ttf' (158K)
[2018.03.10-01.10.53:073][  0]LogRenderer: Reallocating scene render targets to support 856x236 Format 10 NumSamples 1 (Frame:1).
[2018.03.10-01.10.54:059][  0]LogContentBrowser: Native class hierarchy updated for 'HierarchicalLODOutliner' in 0.0015 seconds. Added 1 classes and 2 folders.
[2018.03.10-01.10.54:059][  0]LogLoad: (Engine Initialization) Total time: 48.49 seconds
[2018.03.10-01.10.54:060][  0]LogLoad: (Engine Initialization) Total Blueprint compile time: 0.00 seconds
[2018.03.10-01.10.54:060][  0]LogExternalProfiler: No external profilers were discovered.  External profiling features will not be available.
[2018.03.10-01.10.54:114][  0]LogContentStreaming: Texture pool size now 1000 MB
[2018.03.10-01.10.54:214][  0]LogSlate: Took 0.000570 seconds to synchronously load lazily loaded font '../../../Engine/Content/Slate/Fonts/Roboto-Light.ttf' (159K)
[2018.03.10-01.10.54:320][  2]LogRenderer: Reallocating scene render targets to support 856x256 Format 10 NumSamples 1 (Frame:1).
[2018.03.10-01.10.54:345][  2]LogAssetRegistry: Asset discovery search completed in 34.0842 seconds
[2018.03.10-01.10.54:349][  2]LogCollectionManager: Rebuilt the object cache for 0 collections in 0.000001 seconds (found 0 objects)
[2018.03.10-01.10.54:349][  2]LogCollectionManager: Fixed up redirectors for 0 collections in 0.000170 seconds (updated 0 objects)
[2018.03.10-01.10.55:194][  5]LogSlate: Took 0.000642 seconds to synchronously load lazily loaded font '../../../Engine/Content/Slate/Fonts/Roboto-Light.ttf' (159K)
[2018.03.10-01.11.42:932][682]LogRenderer: Reallocating scene render targets to support 856x264 Format 10 NumSamples 1 (Frame:621).
[2018.03.10-01.11.43:091][683]LogRenderer: Reallocating scene render targets to support 856x268 Format 10 NumSamples 1 (Frame:623).
[2018.03.10-01.11.43:362][685]LogRenderer: Reallocating scene render targets to support 856x272 Format 10 NumSamples 1 (Frame:625).
[2018.03.10-01.11.43:570][686]LogRenderer: Reallocating scene render targets to support 856x308 Format 10 NumSamples 1 (Frame:627).
[2018.03.10-01.11.43:705][687]LogRenderer: Reallocating scene render targets to support 856x324 Format 10 NumSamples 1 (Frame:629).
[2018.03.10-01.11.46:633][718]LogWindowsTextInputMethodSystem: Display: IME system now deactivated.
[2018.03.10-01.11.46:634][718]LogWindowsTextInputMethodSystem: Display: IME system now deactivated.
[2018.03.10-01.11.46:938][719]Cmd: QUIT_EDITOR
[2018.03.10-01.11.47:022][719]LogExit: Preparing to exit.
[2018.03.10-01.11.47:380][719]LogDirectoryWatcher: A directory notification for 'C:/Users/MoltenOwl/Documents/GitHub/RISE-Mobile/RISE_GAME/Content/' was aborted.
[2018.03.10-01.11.47:436][719]LogExit: Editor shut down
[2018.03.10-01.11.47:448][719]LogExit: Transaction tracking system shut down
[2018.03.10-01.11.47:695][719]LogDirectoryWatcher: A directory notification for '../../../Engine/Content/' was aborted.
[2018.03.10-01.11.47:695][719]LogDirectoryWatcher: A directory notification for '../../../../../../Users/MoltenOwl/Documents/GitHub/RISE-Mobile/RISE_GAME/Content/' was aborted.
[2018.03.10-01.11.47:695][719]LogDirectoryWatcher: A directory notification for '../../../Engine/Plugins/2D/Paper2D/Content/' was aborted.
[2018.03.10-01.11.47:695][719]LogDirectoryWatcher: A directory notification for '../../../Engine/Plugins/Runtime/Oculus/OculusVR/Content/' was aborted.
[2018.03.10-01.11.47:696][719]LogDirectoryWatcher: A directory notification for '../../../Engine/Plugins/Runtime/Steam/SteamVR/Content/' was aborted.
[2018.03.10-01.11.47:828][719]LogExit: Object subsystem successfully closed.
[2018.03.10-01.11.47:862][719]LogD3D11RHI: Shutdown
[2018.03.10-01.11.47:862][719]LogD3D11RHI: CleanupD3DDevice
[2018.03.10-01.11.48:503][719]LogD3D11RHI: ~FD3D11DynamicRHI
[2018.03.10-01.11.48:570][719]LogModuleManager: Shutting down and abandoning module HierarchicalLODOutliner (530)
[2018.03.10-01.11.48:570][719]LogModuleManager: Shutting down and abandoning module SceneOutliner (528)
[2018.03.10-01.11.48:570][719]LogModuleManager: Shutting down and abandoning module AddContentDialog (526)
[2018.03.10-01.11.48:570][719]LogDirectoryWatcher: A directory notification for 'C:/Program Files/Epic Games/UE_4.17/FeaturePacks/' was aborted.
[2018.03.10-01.11.48:574][719]LogModuleManager: Shutting down and abandoning module WidgetCarousel (525)
[2018.03.10-01.11.48:574][719]LogModuleManager: Shutting down and abandoning module EditorWidgets (522)
[2018.03.10-01.11.48:574][719]LogModuleManager: Shutting down and abandoning module CollectionManager (520)
[2018.03.10-01.11.48:575][719]LogDirectoryWatcher: A directory notification for 'C:/Users/MoltenOwl/Documents/GitHub/RISE-Mobile/RISE_GAME/Content/Collections/' was aborted.
[2018.03.10-01.11.48:575][719]LogDirectoryWatcher: A directory notification for 'C:/Users/MoltenOwl/Documents/GitHub/RISE-Mobile/RISE_GAME/Content/Developers/MoltenOwl/Collections/' was aborted.
[2018.03.10-01.11.48:575][719]LogDirectoryWatcher: A directory notification for 'C:/Users/MoltenOwl/Documents/GitHub/RISE-Mobile/RISE_GAME/Saved/Collections/' was aborted.
[2018.03.10-01.11.48:575][719]LogModuleManager: Shutting down and abandoning module StatsViewer (518)
[2018.03.10-01.11.48:575][719]LogModuleManager: Shutting down and abandoning module FoliageEdit (516)
[2018.03.10-01.11.48:575][719]LogModuleManager: Shutting down and abandoning module LandscapeEditor (514)
[2018.03.10-01.11.48:576][719]LogModuleManager: Shutting down and abandoning module MeshPaintMode (512)
[2018.03.10-01.11.48:576][719]LogModuleManager: Shutting down and abandoning module SceneDepthPickerMode (510)
[2018.03.10-01.11.48:576][719]LogModuleManager: Shutting down and abandoning module ActorPickerMode (508)
[2018.03.10-01.11.48:576][719]LogModuleManager: Shutting down and abandoning module GeometryMode (506)
[2018.03.10-01.11.48:576][719]LogModuleManager: Shutting down and abandoning module TextureAlignMode (504)
[2018.03.10-01.11.48:576][719]LogModuleManager: Shutting down and abandoning module BspMode (502)
[2018.03.10-01.11.48:576][719]LogModuleManager: Shutting down and abandoning module PIEPreviewDeviceProfileSelector (500)
[2018.03.10-01.11.48:576][719]LogModuleManager: Shutting down and abandoning module HardwareSurvey (498)
[2018.03.10-01.11.48:576][719]LogModuleManager: Shutting down and abandoning module SequenceRecorderSections (496)
[2018.03.10-01.11.48:576][719]LogModuleManager: Shutting down and abandoning module AutomationWorker (494)
[2018.03.10-01.11.48:576][719]LogModuleManager: Shutting down and abandoning module MatineeToLevelSequence (492)
[2018.03.10-01.11.48:576][719]LogModuleManager: Shutting down and abandoning module LevelSequenceEditor (490)
[2018.03.10-01.11.48:576][719]LogModuleManager: Shutting down and abandoning module PlacementMode (489)
[2018.03.10-01.11.48:577][719]LogModuleManager: Shutting down and abandoning module WmfMediaFactory (486)
[2018.03.10-01.11.48:577][719]LogModuleManager: Shutting down and abandoning module WmfMediaEditor (484)
[2018.03.10-01.11.48:577][719]LogModuleManager: Shutting down and abandoning module AvfMediaFactory (482)
[2018.03.10-01.11.48:577][719]LogModuleManager: Shutting down and abandoning module AvfMediaEditor (480)
[2018.03.10-01.11.48:577][719]LogModuleManager: Shutting down and abandoning module AndroidMediaFactory (478)
[2018.03.10-01.11.48:577][719]LogModuleManager: Shutting down and abandoning module Media (477)
[2018.03.10-01.11.48:577][719]LogModuleManager: Shutting down and abandoning module AndroidMediaEditor (474)
[2018.03.10-01.11.48:577][719]LogModuleManager: Shutting down and abandoning module CharacterAI (472)
[2018.03.10-01.11.48:577][719]LogModuleManager: Shutting down and abandoning module AudioCapture (470)
[2018.03.10-01.11.48:578][719]LogModuleManager: Shutting down and abandoning module SequenceRecorder (469)
[2018.03.10-01.11.48:578][719]LogModuleManager: Shutting down and abandoning module SmartSnapping (466)
[2018.03.10-01.11.48:578][719]LogModuleManager: Shutting down and abandoning module SessionServices (464)
[2018.03.10-01.11.48:578][719]LogModuleManager: Shutting down and abandoning module ViewportSnapping (462)
[2018.03.10-01.11.48:578][719]LogModuleManager: Shutting down and abandoning module ViewportInteraction (460)
[2018.03.10-01.11.48:578][719]LogModuleManager: Shutting down and abandoning module ClothPainter (458)
[2018.03.10-01.11.48:578][719]LogModuleManager: Shutting down and abandoning module LogVisualizer (456)
[2018.03.10-01.11.48:578][719]LogModuleManager: Shutting down and abandoning module IntroTutorials (454)
[2018.03.10-01.11.48:578][719]LogModuleManager: Shutting down and abandoning module GameProjectGeneration (453)
[2018.03.10-01.11.48:579][719]LogModuleManager: Shutting down and abandoning module IOSPlatformEditor (450)
[2018.03.10-01.11.48:579][719]LogModuleManager: Shutting down and abandoning module HTML5PlatformEditor (448)
[2018.03.10-01.11.48:579][719]LogModuleManager: Shutting down and abandoning module AndroidPlatformEditor (446)
[2018.03.10-01.11.48:579][719]LogModuleManager: Shutting down and abandoning module AndroidDeviceDetection (445)
[2018.03.10-01.11.49:446][719]LogModuleManager: Shutting down and abandoning module WindowsPlatformEditor (442)
[2018.03.10-01.11.49:446][719]LogModuleManager: Shutting down and abandoning module IOSRuntimeSettings (440)
[2018.03.10-01.11.49:447][719]LogModuleManager: Shutting down and abandoning module AndroidRuntimeSettings (438)
[2018.03.10-01.11.49:447][719]LogModuleManager: Shutting down and abandoning module InputBindingEditor (436)
[2018.03.10-01.11.49:447][719]LogModuleManager: Shutting down and abandoning module MergeActors (434)
[2018.03.10-01.11.49:447][719]LogModuleManager: Shutting down and abandoning module SizeMap (432)
[2018.03.10-01.11.49:447][719]LogModuleManager: Shutting down and abandoning module TreeMap (430)
[2018.03.10-01.11.49:447][719]LogModuleManager: Shutting down and abandoning module ReferenceViewer (428)
[2018.03.10-01.11.49:447][719]LogModuleManager: Shutting down and abandoning module LocalizationDashboard (426)
[2018.03.10-01.11.49:447][719]LogModuleManager: Shutting down and abandoning module LocalizationService (425)
[2018.03.10-01.11.49:447][719]LogModuleManager: Shutting down and abandoning module HardwareTargeting (422)
[2018.03.10-01.11.49:447][719]LogModuleManager: Shutting down and abandoning module DeviceProfileEditor (420)
[2018.03.10-01.11.49:447][719]LogModuleManager: Shutting down and abandoning module UndoHistory (418)
[2018.03.10-01.11.49:447][719]LogModuleManager: Shutting down and abandoning module XmlParser (416)
[2018.03.10-01.11.49:447][719]LogModuleManager: Shutting down and abandoning module Blutility (414)
[2018.03.10-01.11.49:447][719]LogModuleManager: Shutting down and abandoning module ProjectSettingsViewer (412)
[2018.03.10-01.11.49:447][719]LogModuleManager: Shutting down and abandoning module ProjectTargetPlatformEditor (411)
[2018.03.10-01.11.49:448][719]LogModuleManager: Shutting down and abandoning module EditorSettingsViewer (408)
[2018.03.10-01.11.49:448][719]LogModuleManager: Shutting down and abandoning module SettingsEditor (406)
[2018.03.10-01.11.49:448][719]LogModuleManager: Shutting down and abandoning module ProjectLauncher (404)
[2018.03.10-01.11.49:448][719]LogModuleManager: Shutting down and abandoning module SessionFrontend (402)
[2018.03.10-01.11.49:448][719]LogModuleManager: Shutting down and abandoning module ProfilerClient (400)
[2018.03.10-01.11.49:448][719]LogModuleManager: Shutting down and abandoning module DeviceManager (398)
[2018.03.10-01.11.49:448][719]LogModuleManager: Shutting down and abandoning module TargetDeviceServices (397)
[2018.03.10-01.11.49:502][719]LogModuleManager: Shutting down and abandoning module AutomationController (394)
[2018.03.10-01.11.49:502][719]LogModuleManager: Shutting down and abandoning module AutomationWindow (392)
[2018.03.10-01.11.49:502][719]LogModuleManager: Shutting down and abandoning module Layers (390)
[2018.03.10-01.11.49:502][719]LogModuleManager: Shutting down and abandoning module ComponentVisualizers (388)
[2018.03.10-01.11.49:502][719]LogModuleManager: Shutting down and abandoning module DetailCustomizations (386)
[2018.03.10-01.11.49:502][719]LogModuleManager: Shutting down and abandoning module PackagesDialog (384)
[2018.03.10-01.11.49:502][719]LogModuleManager: Shutting down and abandoning module Persona (382)
[2018.03.10-01.11.49:503][719]LogModuleManager: Shutting down and abandoning module AdvancedPreviewScene (381)
[2018.03.10-01.11.49:503][719]LogModuleManager: Shutting down and abandoning module AnimGraph (379)
[2018.03.10-01.11.49:503][719]LogModuleManager: Shutting down and abandoning module Kismet (376)
[2018.03.10-01.11.49:506][719]LogModuleManager: Shutting down and abandoning module ClassViewer (374)
[2018.03.10-01.11.49:506][719]LogModuleManager: Shutting down and abandoning module Toolbox (372)
[2018.03.10-01.11.49:506][719]LogModuleManager: Shutting down and abandoning module ModuleUI (370)
[2018.03.10-01.11.49:506][719]LogModuleManager: Shutting down and abandoning module MovieSceneTools (368)
[2018.03.10-01.11.49:506][719]LogModuleManager: Shutting down and abandoning module OutputLog (366)
[2018.03.10-01.11.49:506][719]LogModuleManager: Shutting down and abandoning module GammaUI (364)
[2018.03.10-01.11.49:506][719]LogModuleManager: Shutting down and abandoning module Documentation (362)
[2018.03.10-01.11.49:506][719]LogModuleManager: Shutting down and abandoning module MovieSceneTracks (360)
[2018.03.10-01.11.49:506][719]LogModuleManager: Shutting down and abandoning module MovieScene (358)
[2018.03.10-01.11.49:506][719]LogModuleManager: Shutting down and abandoning module Niagara (356)
[2018.03.10-01.11.49:506][719]LogModuleManager: Shutting down and abandoning module NiagaraEditor (355)
[2018.03.10-01.11.49:506][719]LogModuleManager: Shutting down and abandoning module StreamingPauseRendering (352)
[2018.03.10-01.11.49:506][719]LogModuleManager: Shutting down and abandoning module LauncherPlatform (350)
[2018.03.10-01.11.49:506][719]LogModuleManager: Shutting down and abandoning module AnalyticsET (348)
[2018.03.10-01.11.49:507][719]LogModuleManager: Shutting down and abandoning module PortalServices (346)
[2018.03.10-01.11.49:507][719]LogModuleManager: Shutting down and abandoning module PortalRpc (344)
[2018.03.10-01.11.49:507][719]LogModuleManager: Shutting down and abandoning module MessagingRpc (342)
[2018.03.10-01.11.49:507][719]LogModuleManager: Shutting down and abandoning module AIModule (340)
[2018.03.10-01.11.49:507][719]LogModuleManager: Shutting down and abandoning module GameplayDebugger (339)
[2018.03.10-01.11.49:507][719]LogModuleManager: Shutting down and abandoning module AITestSuite (337)
[2018.03.10-01.11.49:507][719]LogModuleManager: Shutting down and abandoning module ProfilerService (334)
[2018.03.10-01.11.49:731][719]LogModuleManager: Shutting down and abandoning module TaskGraph (332)
[2018.03.10-01.11.49:731][719]LogModuleManager: Shutting down and abandoning module SteamVRController (330)
[2018.03.10-01.11.49:731][719]LogModuleManager: Shutting down and abandoning module ProceduralMeshComponentEditor (328)
[2018.03.10-01.11.49:731][719]LogModuleManager: Shutting down and abandoning module ProceduralMeshComponent (326)
[2018.03.10-01.11.49:731][719]LogModuleManager: Shutting down and abandoning module OculusInput (324)
[2018.03.10-01.11.49:731][719]LogModuleManager: Shutting down and abandoning module MobilePatchingUtils (322)
[2018.03.10-01.11.49:731][719]LogModuleManager: Shutting down and abandoning module CustomMeshComponent (320)
[2018.03.10-01.11.49:731][719]LogModuleManager: Shutting down and abandoning module CableComponent (318)
[2018.03.10-01.11.49:731][719]LogModuleManager: Shutting down and abandoning module ArchVisCharacter (316)
[2018.03.10-01.11.49:731][719]LogModuleManager: Shutting down and abandoning module AndroidPermission (314)
[2018.03.10-01.11.49:731][719]LogModuleManager: Shutting down and abandoning module MediaPlayerEditor (310)
[2018.03.10-01.11.49:732][719]LogModuleManager: Shutting down and abandoning module HTML5Networking (308)
[2018.03.10-01.11.49:732][719]LogModuleManager: Shutting down and abandoning module AlembicImporter (306)
[2018.03.10-01.11.49:732][719]LogModuleManager: Shutting down and abandoning module AlembicLibrary (305)
[2018.03.10-01.11.49:732][719]LogModuleManager: Shutting down and abandoning module GeometryCache (304)
[2018.03.10-01.11.49:732][719]LogModuleManager: Shutting down and abandoning module GeometryCacheEd (303)
[2018.03.10-01.11.49:732][719]LogModuleManager: Shutting down and abandoning module SpeedTreeImporter (298)
[2018.03.10-01.11.49:732][719]LogModuleManager: Shutting down and abandoning module PluginBrowser (296)
[2018.03.10-01.11.49:732][719]LogModuleManager: Shutting down and abandoning module MobileLauncherProfileWizard (294)
[2018.03.10-01.11.49:732][719]LogModuleManager: Shutting down and abandoning module VisualStudioSourceCodeAccess (292)
[2018.03.10-01.11.49:732][719]LogModuleManager: Shutting down and abandoning module DesktopPlatform (291)
[2018.03.10-01.11.49:732][719]LogModuleManager: Shutting down and abandoning module UObjectPlugin (288)
[2018.03.10-01.11.49:732][719]LogModuleManager: Shutting down and abandoning module SubversionSourceControl (286)
[2018.03.10-01.11.49:733][719]LogModuleManager: Shutting down and abandoning module PerforceSourceControl (284)
[2018.03.10-01.11.49:733][719]LogModuleManager: Shutting down and abandoning module GitSourceControl (282)
[2018.03.10-01.11.49:733][719]LogModuleManager: Shutting down and abandoning module SourceControl (281)
[2018.03.10-01.11.49:733][719]LogModuleManager: Shutting down and abandoning module LightPropagationVolumeEditor (278)
[2018.03.10-01.11.49:733][719]LogModuleManager: Shutting down and abandoning module PaperTiledImporter (276)
[2018.03.10-01.11.49:733][719]LogModuleManager: Shutting down and abandoning module PaperSpriteSheetImporter (274)
[2018.03.10-01.11.49:733][719]LogModuleManager: Shutting down and abandoning module Paper2DEditor (272)
[2018.03.10-01.11.49:733][719]LogModuleManager: Shutting down and abandoning module MeshPaint (271)
[2018.03.10-01.11.49:733][719]LogModuleManager: Shutting down and abandoning module LevelEditor (269)
[2018.03.10-01.11.49:735][719]LogModuleManager: Shutting down and abandoning module PixelInspectorModule (268)
[2018.03.10-01.11.49:735][719]LogModuleManager: Shutting down and abandoning module MainFrame (266)
[2018.03.10-01.11.49:736][719]LogModuleManager: Shutting down and abandoning module HotReload (265)
[2018.03.10-01.11.49:737][719]LogModuleManager: Shutting down and abandoning module RuntimePhysXCooking (260)
[2018.03.10-01.11.49:737][719]LogModuleManager: Shutting down and abandoning module PhysXVehiclesEditor (258)
[2018.03.10-01.11.49:738][719]LogModuleManager: Shutting down and abandoning module PhysXVehicles (256)
[2018.03.10-01.11.49:738][719]LogModuleManager: Shutting down and abandoning module OculusEditor (254)
[2018.03.10-01.11.49:738][719]LogModuleManager: Shutting down and abandoning module LocationServicesBPLibrary (252)
[2018.03.10-01.11.49:738][719]LogModuleManager: Shutting down and abandoning module ImmediatePhysicsEditor (250)
[2018.03.10-01.11.49:738][719]LogModuleManager: Shutting down and abandoning module ImmediatePhysics (248)
[2018.03.10-01.11.49:738][719]LogModuleManager: Shutting down and abandoning module UdpMessaging (246)
[2018.03.10-01.11.49:840][719]LogModuleManager: Shutting down and abandoning module TcpMessaging (244)
[2018.03.10-01.11.49:965][719]LogModuleManager: Shutting down and abandoning module GameplayTagsEditor (242)
[2018.03.10-01.11.49:965][719]LogModuleManager: Shutting down and abandoning module FacialAnimationEditor (240)
[2018.03.10-01.11.49:966][719]LogModuleManager: Shutting down and abandoning module FacialAnimation (238)
[2018.03.10-01.11.49:966][719]LogModuleManager: Shutting down and abandoning module AssetManagerEditor (236)
[2018.03.10-01.11.49:966][719]LogModuleManager: Shutting down and abandoning module GraphEditor (235)
[2018.03.10-01.11.49:966][719]LogModuleManager: Shutting down and abandoning module ContentBrowser (233)
[2018.03.10-01.11.49:969][719]LogModuleManager: Shutting down and abandoning module LightPropagationVolumeRuntime (230)
[2018.03.10-01.11.49:969][719]LogModuleManager: Shutting down and abandoning module Paper2D (228)
[2018.03.10-01.11.49:969][719]LogModuleManager: Shutting down and abandoning module WindowsMoviePlayer (226)
[2018.03.10-01.11.49:970][719]LogModuleManager: Shutting down and abandoning module WmfMedia (224)
[2018.03.10-01.11.49:970][719]LogModuleManager: Shutting down and abandoning module PacketHandler (222)
[2018.03.10-01.11.49:970][719]LogModuleManager: Shutting down and abandoning module ClothingSystemEditor (220)
[2018.03.10-01.11.49:970][719]LogModuleManager: Shutting down and abandoning module ClothingSystemRuntime (218)
[2018.03.10-01.11.49:970][719]LogModuleManager: Shutting down and abandoning module Overlay (216)
[2018.03.10-01.11.49:970][719]LogModuleManager: Shutting down and abandoning module OverlayEditor (215)
[2018.03.10-01.11.49:970][719]LogModuleManager: Shutting down and abandoning module MediaAssets (212)
[2018.03.10-01.11.49:970][719]LogModuleManager: Shutting down and abandoning module VREditor (210)
[2018.03.10-01.11.49:970][719]LogModuleManager: Shutting down and abandoning module StringTableEditor (208)
[2018.03.10-01.11.49:970][719]LogModuleManager: Shutting down and abandoning module GameplayTasksEditor (206)
[2018.03.10-01.11.49:970][719]LogModuleManager: Shutting down and abandoning module BehaviorTreeEditor (204)
[2018.03.10-01.11.49:971][719]LogModuleManager: Shutting down and abandoning module FunctionalTesting (202)
[2018.03.10-01.11.49:971][719]LogModuleManager: Shutting down and abandoning module CollisionAnalyzer (200)
[2018.03.10-01.11.49:971][719]LogModuleManager: Shutting down and abandoning module WorkspaceMenuStructure (199)
[2018.03.10-01.11.49:971][719]LogModuleManager: Shutting down and abandoning module UMG (196)
[2018.03.10-01.11.49:971][719]LogModuleManager: Shutting down and abandoning module UMGEditor (195)
[2018.03.10-01.11.49:971][719]LogModuleManager: Shutting down and abandoning module Sequencer (194)
[2018.03.10-01.11.49:971][719]LogModuleManager: Shutting down and abandoning module MessageLog (191)
[2018.03.10-01.11.49:972][719]LogModuleManager: Shutting down and abandoning module SlateReflector (186)
[2018.03.10-01.11.49:972][719]LogModuleManager: Shutting down and abandoning module Slate (184)
[2018.03.10-01.11.49:972][719]LogModuleManager: Shutting down and abandoning module EditorStyle (182)
[2018.03.10-01.11.49:980][719]LogModuleManager: Shutting down and abandoning module MRMesh (180)
[2018.03.10-01.11.49:982][719]LogModuleManager: Shutting down and abandoning module SourceCodeAccess (178)
[2018.03.10-01.11.49:982][719]LogModuleManager: Shutting down and abandoning module HeadMountedDisplay (176)
[2018.03.10-01.11.49:982][719]LogModuleManager: Shutting down and abandoning module XAudio2 (174)
[2018.03.10-01.11.49:983][719]LogModuleManager: Shutting down and abandoning module Networking (172)
[2018.03.10-01.11.49:983][719]LogModuleManager: Shutting down and abandoning module Core (168)
[2018.03.10-01.11.49:983][719]LogModuleManager: Shutting down and abandoning module KismetCompiler (164)
[2018.03.10-01.11.49:983][719]LogModuleManager: Shutting down and abandoning module LevelSequence (162)
[2018.03.10-01.11.49:983][719]LogModuleManager: Shutting down and abandoning module MeshUtilities (160)
[2018.03.10-01.11.49:983][719]LogModuleManager: Shutting down and abandoning module MeshMergeUtilities (159)
[2018.03.10-01.11.49:983][719]LogModuleManager: Shutting down and abandoning module MeshReductionInterface (158)
[2018.03.10-01.11.49:983][719]LogModuleManager: Shutting down and abandoning module SimplygonSwarm (157)
[2018.03.10-01.11.49:983][719]LogModuleManager: Shutting down and abandoning module SimplygonMeshReduction (155)
[2018.03.10-01.11.49:983][719]LogModuleManager: Shutting down and abandoning module QuadricMeshReduction (153)
[2018.03.10-01.11.49:983][719]LogModuleManager: Shutting down and abandoning module MaterialBaking (149)
[2018.03.10-01.11.49:983][719]LogModuleManager: Shutting down and abandoning module DirectoryWatcher (146)
[2018.03.10-01.11.49:985][719]LogModuleManager: Shutting down and abandoning module DerivedDataCache (144)
[2018.03.10-01.11.50:160][719]LogDerivedDataCache: Shutdown
[2018.03.10-01.11.50:160][719]LogModuleManager: Shutting down and abandoning module TargetPlatform (142)
[2018.03.10-01.11.50:160][719]LogModuleManager: Shutting down and abandoning module VulkanShaderFormat (141)
[2018.03.10-01.11.50:160][719]LogModuleManager: Shutting down and abandoning module ShaderFormatVectorVM (139)
[2018.03.10-01.11.50:160][719]LogModuleManager: Shutting down and abandoning module ShaderFormatOpenGL (137)
[2018.03.10-01.11.50:160][719]LogModuleManager: Shutting down and abandoning module ShaderFormatD3D (135)
[2018.03.10-01.11.50:160][719]LogModuleManager: Shutting down and abandoning module MetalShaderFormat (133)
[2018.03.10-01.11.50:160][719]LogModuleManager: Shutting down and abandoning module TextureFormatUncompressed (131)
[2018.03.10-01.11.50:160][719]LogModuleManager: Shutting down and abandoning module TextureFormatPVR (129)
[2018.03.10-01.11.50:160][719]LogModuleManager: Shutting down and abandoning module TextureFormatDXT (127)
[2018.03.10-01.11.50:161][719]LogModuleManager: Shutting down and abandoning module TextureFormatIntelISPCTexComp (125)
[2018.03.10-01.11.50:161][719]LogModuleManager: Shutting down and abandoning module TextureFormatASTC (123)
[2018.03.10-01.11.50:161][719]LogModuleManager: Shutting down and abandoning module ImageWrapper (122)
[2018.03.10-01.11.50:161][719]LogModuleManager: Shutting down and abandoning module TextureFormatAndroid (119)
[2018.03.10-01.11.50:161][719]LogModuleManager: Shutting down and abandoning module AudioFormatOpus (117)
[2018.03.10-01.11.50:161][719]LogModuleManager: Shutting down and abandoning module AudioFormatOgg (115)
[2018.03.10-01.11.50:161][719]LogModuleManager: Shutting down and abandoning module AudioFormatADPCM (113)
[2018.03.10-01.11.50:161][719]LogModuleManager: Shutting down and abandoning module LinuxTargetPlatform (111)
[2018.03.10-01.11.50:161][719]LogModuleManager: Shutting down and abandoning module LinuxServerTargetPlatform (109)
[2018.03.10-01.11.50:161][719]LogModuleManager: Shutting down and abandoning module LinuxNoEditorTargetPlatform (107)
[2018.03.10-01.11.50:161][719]LogModuleManager: Shutting down and abandoning module LinuxClientTargetPlatform (105)
[2018.03.10-01.11.50:161][719]LogModuleManager: Shutting down and abandoning module TVOSTargetPlatform (103)
[2018.03.10-01.11.50:161][719]LogModuleManager: Shutting down and abandoning module Messaging (101)
[2018.03.10-01.11.50:161][719]LogModuleManager: Shutting down and abandoning module IOSTargetPlatform (99)
[2018.03.10-01.11.50:161][719]LogModuleManager: Shutting down and abandoning module HTML5TargetPlatform (97)
[2018.03.10-01.11.50:161][719]LogModuleManager: Shutting down and abandoning module Android_PVRTCTargetPlatform (95)
[2018.03.10-01.11.50:161][719]LogModuleManager: Shutting down and abandoning module Android_MultiTargetPlatform (93)
[2018.03.10-01.11.50:161][719]LogModuleManager: Shutting down and abandoning module Android_ETC2TargetPlatform (91)
[2018.03.10-01.11.50:161][719]LogModuleManager: Shutting down and abandoning module Android_ETC1TargetPlatform (89)
[2018.03.10-01.11.50:161][719]LogModuleManager: Shutting down and abandoning module Android_DXTTargetPlatform (87)
[2018.03.10-01.11.50:162][719]LogModuleManager: Shutting down and abandoning module Android_ATCTargetPlatform (85)
[2018.03.10-01.11.50:162][719]LogModuleManager: Shutting down and abandoning module Android_ASTCTargetPlatform (83)
[2018.03.10-01.11.50:162][719]LogModuleManager: Shutting down and abandoning module AndroidTargetPlatform (81)
[2018.03.10-01.11.50:162][719]LogModuleManager: Shutting down and abandoning module WindowsTargetPlatform (79)
[2018.03.10-01.11.50:162][719]LogModuleManager: Shutting down and abandoning module WindowsServerTargetPlatform (77)
[2018.03.10-01.11.50:162][719]LogModuleManager: Shutting down and abandoning module WindowsNoEditorTargetPlatform (75)
[2018.03.10-01.11.50:162][719]LogModuleManager: Shutting down and abandoning module WindowsClientTargetPlatform (73)
[2018.03.10-01.11.50:162][719]LogModuleManager: Shutting down and abandoning module MacTargetPlatform (71)
[2018.03.10-01.11.50:162][719]LogModuleManager: Shutting down and abandoning module MacServerTargetPlatform (69)
[2018.03.10-01.11.50:162][719]LogModuleManager: Shutting down and abandoning module MacNoEditorTargetPlatform (67)
[2018.03.10-01.11.50:162][719]LogModuleManager: Shutting down and abandoning module MacClientTargetPlatform (65)
[2018.03.10-01.11.50:162][719]LogModuleManager: Shutting down and abandoning module AllDesktopTargetPlatform (63)
[2018.03.10-01.11.50:162][719]LogModuleManager: Shutting down and abandoning module InputCore (60)
[2018.03.10-01.11.50:162][719]LogModuleManager: Shutting down and abandoning module Settings (58)
[2018.03.10-01.11.50:162][719]LogModuleManager: Shutting down and abandoning module PhysXCooking (56)
[2018.03.10-01.11.50:162][719]LogModuleManager: Shutting down and abandoning module SteamVR (54)
[2018.03.10-01.11.50:162][719]LogModuleManager: Shutting down and abandoning module OculusHMD (52)
[2018.03.10-01.11.50:162][719]LogModuleManager: Shutting down and abandoning module ExampleDeviceProfileSelector (50)
[2018.03.10-01.11.50:162][719]LogModuleManager: Shutting down and abandoning module OnlineBlueprintSupport (48)
[2018.03.10-01.11.50:162][719]LogModuleManager: Shutting down and abandoning module OnlineSubsystem (44)
[2018.03.10-01.11.50:162][719]LogOnline: Display: Unloading online subsystem: NULL
[2018.03.10-01.11.50:162][719]LogModuleManager: Shutting down and abandoning module XMPP (43)
[2018.03.10-01.11.50:163][719]LogModuleManager: Shutting down and abandoning module HTTP (41)
[2018.03.10-01.11.50:163][719]LogHttp: Display: Http module shutting down, but needs to wait on 1 outstanding Http requests:
[2018.03.10-01.11.50:163][719]LogHttp: Display: 	verb=[POST] url=[https://datarouter.ol.epicgames.com/datarouter/api/v1/public/data?SessionID=%7B97E3E82C-4F66-C87D-5B46-0195A1939D48%7D&AppID=UEEditor.Rocket.Release&AppVersion=4.17.2-3658906%2B%2B%2BUE4%2BRelease-4.17&UserID=330c018a40119ac8aa6082a42e8f404e%7C88057b4134714c0f98d798880975d3e9%7C63e0c156-2a72-4222-bd44-364fd265f9e2&AppEnvironment=datacollector-binary&UploadType=eteventstream] status=Processing
[2018.03.10-01.11.50:163][719]LogHttp: Display: Sleeping 0.5s to wait for 1 outstanding Http requests.
[2018.03.10-01.11.50:664][719]LogHttp: Display: Sleeping 0.5s to wait for 1 outstanding Http requests.
[2018.03.10-01.11.51:165][719]LogHttp: Display: Sleeping 0.5s to wait for 1 outstanding Http requests.
[2018.03.10-01.11.51:665][719]LogHttp: Display: Sleeping 0.5s to wait for 1 outstanding Http requests.
[2018.03.10-01.11.52:166][719]LogHttp: Display: Sleeping 0.5s to wait for 1 outstanding Http requests.
[2018.03.10-01.11.52:667][719]LogHttp: Display: Sleeping 0.5s to wait for 1 outstanding Http requests.
[2018.03.10-01.11.53:168][719]LogHttp: Display: Sleeping 0.5s to wait for 1 outstanding Http requests.
[2018.03.10-01.11.53:699][719]LogHttp: Display: Sleeping 0.5s to wait for 1 outstanding Http requests.
[2018.03.10-01.11.54:207][719]LogHttp: Display: Sleeping 0.5s to wait for 1 outstanding Http requests.
[2018.03.10-01.11.54:707][719]LogHttp: Display: Sleeping 0.5s to wait for 1 outstanding Http requests.
[2018.03.10-01.11.55:208][719]LogHttp: Display: Sleeping 0.5s to wait for 1 outstanding Http requests.
[2018.03.10-01.11.55:709][719]LogHttp: Display: Sleeping 0.5s to wait for 1 outstanding Http requests.
[2018.03.10-01.11.56:210][719]LogHttp: Display: Sleeping 0.5s to wait for 1 outstanding Http requests.
[2018.03.10-01.11.56:710][719]LogHttp: Display: Sleeping 0.5s to wait for 1 outstanding Http requests.
[2018.03.10-01.11.57:211][719]LogHttp: Display: Sleeping 0.5s to wait for 1 outstanding Http requests.
[2018.03.10-01.11.57:712][719]LogHttp: Display: Sleeping 0.5s to wait for 1 outstanding Http requests.
[2018.03.10-01.11.58:213][719]LogHttp: Display: Sleeping 0.5s to wait for 1 outstanding Http requests.
[2018.03.10-01.11.58:713][719]LogHttp: Display: Sleeping 0.5s to wait for 1 outstanding Http requests.
[2018.03.10-01.11.59:214][719]LogHttp: Display: Sleeping 0.5s to wait for 1 outstanding Http requests.
[2018.03.10-01.11.59:714][719]LogHttp: Display: Sleeping 0.5s to wait for 1 outstanding Http requests.
[2018.03.10-01.12.00:215][719]LogHttp: Display: Sleeping 0.5s to wait for 1 outstanding Http requests.
[2018.03.10-01.12.00:716][719]LogHttp: Display: Sleeping 0.5s to wait for 1 outstanding Http requests.
[2018.03.10-01.12.01:217][719]LogHttp: Display: Sleeping 0.5s to wait for 1 outstanding Http requests.
[2018.03.10-01.12.01:718][719]LogHttp: Display: Sleeping 0.5s to wait for 1 outstanding Http requests.
[2018.03.10-01.12.02:218][719]LogHttp: Display: Sleeping 0.5s to wait for 1 outstanding Http requests.
[2018.03.10-01.12.02:719][719]LogHttp: Display: Sleeping 0.5s to wait for 1 outstanding Http requests.
[2018.03.10-01.12.03:219][719]LogHttp: Display: Sleeping 0.5s to wait for 1 outstanding Http requests.
[2018.03.10-01.12.03:720][719]LogHttp: Display: Sleeping 0.5s to wait for 1 outstanding Http requests.
[2018.03.10-01.12.04:221][719]LogHttp: Display: Sleeping 0.5s to wait for 1 outstanding Http requests.
[2018.03.10-01.12.04:721][719]LogHttp: Display: Sleeping 0.5s to wait for 1 outstanding Http requests.
[2018.03.10-01.12.05:221][719]LogHttp: Display: Sleeping 0.5s to wait for 1 outstanding Http requests.
[2018.03.10-01.12.05:722][719]LogHttp: Display: Sleeping 0.5s to wait for 1 outstanding Http requests.
[2018.03.10-01.12.06:222][719]LogHttp: Display: Sleeping 0.5s to wait for 1 outstanding Http requests.
[2018.03.10-01.12.06:723][719]LogHttp: Display: Sleeping 0.5s to wait for 1 outstanding Http requests.
[2018.03.10-01.12.07:223][719]LogHttp: Display: Sleeping 0.5s to wait for 1 outstanding Http requests.
[2018.03.10-01.12.07:733][719]LogModuleManager: Shutting down and abandoning module SSL (40)
[2018.03.10-01.12.07:736][719]LogModuleManager: Shutting down and abandoning module AnimationModifiers (36)
[2018.03.10-01.12.07:736][719]LogModuleManager: Shutting down and abandoning module PropertyEditor (35)
[2018.03.10-01.12.07:736][719]LogModuleManager: Shutting down and abandoning module AudioEditor (32)
[2018.03.10-01.12.07:736][719]LogModuleManager: Shutting down and abandoning module TextureCompressor (30)
[2018.03.10-01.12.07:736][719]LogModuleManager: Shutting down and abandoning module ShaderCore (28)
[2018.03.10-01.12.07:736][719]LogModuleManager: Shutting down and abandoning module Landscape (26)
[2018.03.10-01.12.07:736][719]LogModuleManager: Shutting down and abandoning module SlateRHIRenderer (24)
[2018.03.10-01.12.07:739][719]LogModuleManager: Shutting down and abandoning module OpenGLDrv (22)
[2018.03.10-01.12.07:739][719]LogModuleManager: Shutting down and abandoning module D3D11RHI (20)
[2018.03.10-01.12.07:739][719]LogModuleManager: Shutting down and abandoning module AnimGraphRuntime (18)
[2018.03.10-01.12.07:739][719]LogModuleManager: Shutting down and abandoning module Renderer (16)
[2018.03.10-01.12.07:739][719]LogModuleManager: Shutting down and abandoning module Engine (14)
[2018.03.10-01.12.07:739][719]LogModuleManager: Shutting down and abandoning module CoreUObject (12)
[2018.03.10-01.12.07:739][719]LogModuleManager: Shutting down and abandoning module NetworkFile (10)
[2018.03.10-01.12.07:739][719]LogModuleManager: Shutting down and abandoning module CookedIterativeFile (8)
[2018.03.10-01.12.07:739][719]LogModuleManager: Shutting down and abandoning module StreamingFile (6)
[2018.03.10-01.12.07:739][719]LogModuleManager: Shutting down and abandoning module SandboxFile (4)
[2018.03.10-01.12.07:739][719]LogModuleManager: Shutting down and abandoning module PakFile (2)
[2018.03.10-01.12.07:746][719]LogExit: Exiting.
[2018.03.10-01.12.07:790][719]Log file closed, 03/09/18 21:12:07
