Log file open, 03/28/18 19:01:50
LogWindows: Failed to load 'aqProf.dll' (GetLastError=126)
LogWindows: File 'aqProf.dll' does not exist
LogWindows: Failed to load 'VSPerf140.dll' (GetLastError=126)
LogWindows: File 'VSPerf140.dll' does not exist
LogWindows: Failed to load 'VtuneApi.dll' (GetLastError=126)
LogWindows: File 'VtuneApi.dll' does not exist
LogWindows: Failed to load 'VtuneApi32e.dll' (GetLastError=126)
LogWindows: File 'VtuneApi32e.dll' does not exist
LogInit: Display: Running engine for game: RISE_GAME
LogPlatformFile: Not using cached read wrapper
LogInit: Display: RandInit(359908230) SRandInit(359908230).
LogTaskGraph: Started task graph with 5 named threads and 14 total threads with 3 sets of task threads.
LogStats: Stats thread started at 20.816006
LogD3D11RHI: Aftermath initialized
LogPluginManager: Mounting plugin Paper2D
LogPluginManager: Mounting plugin LightPropagationVolume
LogPluginManager: Mounting plugin CodeLiteSourceCodeAccess
LogPluginManager: Mounting plugin GitSourceControl
LogPluginManager: Mounting plugin KDevelopSourceCodeAccess
LogPluginManager: Mounting plugin NullSourceCodeAccess
LogPluginManager: Mounting plugin PerforceSourceControl
LogPluginManager: Mounting plugin SubversionSourceControl
LogPluginManager: Mounting plugin UObjectPlugin
LogPluginManager: Mounting plugin VisualStudioSourceCodeAccess
LogPluginManager: Mounting plugin XCodeSourceCodeAccess
LogPluginManager: Mounting plugin AssetManagerEditor
LogPluginManager: Mounting plugin AudioCapture
LogPluginManager: Mounting plugin FacialAnimation
LogPluginManager: Mounting plugin GameplayTagsEditor
LogPluginManager: Mounting plugin MobileLauncherProfileWizard
LogPluginManager: Mounting plugin PluginBrowser
LogPluginManager: Mounting plugin SpeedTreeImporter
LogPluginManager: Mounting plugin AlembicImporter
LogPluginManager: Mounting plugin CharacterAI
LogPluginManager: Mounting plugin HTML5Networking
LogPluginManager: Mounting plugin AndroidMedia
LogPluginManager: Mounting plugin AvfMedia
LogPluginManager: Mounting plugin MediaPlayerEditor
LogPluginManager: Mounting plugin WmfMedia
LogPluginManager: Mounting plugin TcpMessaging
LogPluginManager: Mounting plugin UdpMessaging
LogPluginManager: Mounting plugin LevelSequenceEditor
LogPluginManager: Mounting plugin MatineeToLevelSequence
LogPluginManager: Mounting plugin OnlineSubsystemGooglePlay
LogPluginManager: Mounting plugin OnlineSubsystemIOS
LogPluginManager: Mounting plugin OnlineSubsystem
LogPluginManager: Mounting plugin OnlineSubsystemNull
LogPluginManager: Mounting plugin OnlineSubsystemUtils
LogPluginManager: Mounting plugin AndroidDeviceProfileSelector
LogPluginManager: Mounting plugin AndroidMoviePlayer
LogPluginManager: Mounting plugin AndroidPermission
LogPluginManager: Mounting plugin AppleMoviePlayer
LogPluginManager: Mounting plugin ArchVisCharacter
LogPluginManager: Mounting plugin CableComponent
LogPluginManager: Mounting plugin CustomMeshComponent
LogPluginManager: Mounting plugin ExampleDeviceProfileSelector
LogPluginManager: Mounting plugin GoogleCloudMessaging
LogPluginManager: Mounting plugin ImmediatePhysics
LogPluginManager: Mounting plugin IOSDeviceProfileSelector
LogPluginManager: Mounting plugin LinuxDeviceProfileSelector
LogPluginManager: Mounting plugin LocationServicesBPLibrary
LogPluginManager: Mounting plugin MobilePatchingUtils
LogPluginManager: Mounting plugin OculusVR
LogPluginManager: Mounting plugin PhysXVehicles
LogPluginManager: Mounting plugin ProceduralMeshComponent
LogPluginManager: Mounting plugin RuntimePhysXCooking
LogPluginManager: Mounting plugin SteamVR
LogPluginManager: Mounting plugin WindowsMoviePlayer
LogPluginManager: Mounting plugin SlateRemote
LogInit: Using libcurl 7.47.1
LogInit:  - built for x86_64-pc-win32
LogInit:  - supports SSL with OpenSSL/1.0.2g
LogInit:  - supports HTTP deflate (compression) using libz 1.2.8
LogInit:  - other features:
LogInit:      CURL_VERSION_SSL
LogInit:      CURL_VERSION_LIBZ
LogInit:      CURL_VERSION_IPV6
LogInit:      CURL_VERSION_ASYNCHDNS
LogInit:      CURL_VERSION_LARGEFILE
LogInit:      CURL_VERSION_IDN
LogInit:  CurlRequestOptions (configurable via config and command line):
LogInit:  - bVerifyPeer = false  - Libcurl will NOT verify peer certificate
LogInit:  - bUseHttpProxy = false  - Libcurl will NOT use HTTP proxy
LogInit:  - bDontReuseConnections = false  - Libcurl will reuse connections
LogInit:  - CertBundlePath = nullptr  - Libcurl will use whatever was configured at build time.
LogInit: Build: ++UE4+Release-4.17-CL-3658906
LogInit: Engine Version: 4.17.2-3658906+++UE4+Release-4.17
LogInit: Compatible Engine Version: 4.17.0-3573198+++UE4+Release-4.17
LogInit: Net CL: 3573198
LogDevObjectVersion: Number of dev versions registered: 16
LogDevObjectVersion:   Dev-Blueprints (B0D832E4-1F89-4F0D-ACCF-7EB736FD4AA2): 10
LogDevObjectVersion:   Dev-Build (E1C64328-A22C-4D53-A36C-8E866417BD8C): 0
LogDevObjectVersion:   Dev-Core (375EC13C-06E4-48FB-B500-84F0262A717E): 2
LogDevObjectVersion:   Dev-Editor (E4B068ED-F494-42E9-A231-DA0B2E46BB41): 20
LogDevObjectVersion:   Dev-Framework (CFFC743F-43B0-4480-9391-14DF171D2073): 28
LogDevObjectVersion:   Dev-Mobile (B02B49B5-BB20-44E9-A304-32B752E40360): 0
LogDevObjectVersion:   Dev-Networking (A4E4105C-59A1-49B5-A7C5-40C4547EDFEE): 0
LogDevObjectVersion:   Dev-Online (39C831C9-5AE6-47DC-9A44-9C173E1C8E7C): 0
LogDevObjectVersion:   Dev-Physics (78F01B33-EBEA-4F98-B9B4-84EACCB95AA2): 0
LogDevObjectVersion:   Dev-Platform (6631380F-2D4D-43E0-8009-CF276956A95A): 0
LogDevObjectVersion:   Dev-Rendering (12F88B9F-8875-4AFC-A67C-D90C383ABD29): 19
LogDevObjectVersion:   Dev-Sequencer (7B5AE74C-D270-4C10-A958-57980B212A5A): 4
LogDevObjectVersion:   Dev-VR (D7296918-1DD6-4BDD-9DE2-64A83CC13884): 0
LogDevObjectVersion:   Dev-LoadTimes (C2A15278-BFE7-4AFE-6C17-90FF531DF755): 1
LogDevObjectVersion:   Private-Geometry (6EACA3D4-40EC-4CC1-B786-8BED09428FC5): 1
LogDevObjectVersion:   Dev-AnimPhys (29E575DD-E0A3-4627-9D10-D276232CDCEA): 7
LogInit: Compiled (64-bit): Sep 22 2017 13:47:16
LogInit: Compiled with Visual C++: 19.00.24215.01
LogInit: Build Configuration: Development
LogInit: Branch Name: ++UE4+Release-4.17
LogInit: Command line:  
LogInit: Base directory: C:/Program Files/Epic Games/UE_4.17/Engine/Binaries/Win64/
LogInit: Installed Engine Build: 1
LogInit: Presizing for max 8388607 objects, including 0 objects not considered by GC, pre-allocating 0 bytes for permanent pool.
LogInit: Object subsystem initialized
[2018.03.28-23.02.04:263][  0]LogInit: Selected Device Profile: [Windows]
[2018.03.28-23.02.04:263][  0]LogInit: Applying CVar settings loaded from the selected device profile: [Windows]
[2018.03.28-23.02.04:534][  0]LogInit: Computer: LAPTOP-EBH0JGK7
[2018.03.28-23.02.04:534][  0]LogInit: User: MoltenOwl
[2018.03.28-23.02.04:534][  0]LogInit: CPU Page size=4096, Cores=4
[2018.03.28-23.02.04:534][  0]LogInit: High frequency timer resolution =2.339359 MHz
[2018.03.28-23.02.04:534][  0]LogMemory: Memory total: Physical=11.5GB (12GB approx)
[2018.03.28-23.02.04:534][  0]LogMemory: Platform Memory Stats for Windows
[2018.03.28-23.02.04:534][  0]LogMemory: Process Physical Memory: 280.67 MB used, 280.67 MB peak
[2018.03.28-23.02.04:534][  0]LogMemory: Process Virtual Memory: 274.23 MB used, 274.23 MB peak
[2018.03.28-23.02.04:534][  0]LogMemory: Physical Memory: 4971.56 MB used,  6771.55 MB free, 11743.12 MB total
[2018.03.28-23.02.04:534][  0]LogMemory: Virtual Memory: 706.59 MB used,  6771.55 MB free, 134217728.00 MB total
[2018.03.28-23.02.17:608][  0]LogInit: Using OS detected language (en-US).
[2018.03.28-23.02.17:608][  0]LogInit: Using OS detected locale (en-US).
[2018.03.28-23.02.18:357][  0]LogTextLocalizationManager: No specific localization for 'en-US' exists, so the 'en' localization will be used.
[2018.03.28-23.02.51:082][  0]LogD3D11RHI: D3D11 adapters:
[2018.03.28-23.02.51:153][  0]LogD3D11RHI:    0. 'AMD Radeon(TM) R5 Graphics' (Feature Level 11_0)
[2018.03.28-23.02.51:154][  0]LogD3D11RHI:       499/0/5871 MB DedicatedVideo/DedicatedSystem/SharedSystem, Outputs:1, VendorId:0x1002
[2018.03.28-23.02.51:158][  0]LogD3D11RHI:    1. 'Microsoft Basic Render Driver' (Feature Level 11_0)
[2018.03.28-23.02.51:158][  0]LogD3D11RHI:       0/0/5871 MB DedicatedVideo/DedicatedSystem/SharedSystem, Outputs:0, VendorId:0x1414
[2018.03.28-23.02.51:158][  0]LogD3D11RHI: Chosen D3D11 Adapter: 0
[2018.03.28-23.02.51:174][  0]LogD3D11RHI: Creating new Direct3DDevice
[2018.03.28-23.02.51:174][  0]LogD3D11RHI:     GPU DeviceId: 0x9874 (for the marketing name, search the web for "GPU Device Id")
[2018.03.28-23.02.51:174][  0]LogWindows: EnumDisplayDevices:
[2018.03.28-23.02.51:175][  0]LogWindows:    0. 'AMD Radeon(TM) R5 Graphics' (P:1 D:1)
[2018.03.28-23.02.51:175][  0]LogWindows:    1. 'AMD Radeon(TM) R5 Graphics' (P:0 D:0)
[2018.03.28-23.02.51:175][  0]LogWindows:    2. 'AMD Radeon(TM) R5 Graphics' (P:0 D:0)
[2018.03.28-23.02.51:175][  0]LogWindows: DebugString: GetVideoDriverDetailsInvalid PrimaryIsNotTheChoosenAdapter GetVideoDriverDetailsInvalid PrimaryIsNotTheChoosenAdapter GetVideoDriverDetailsInvalid PrimaryIsNotTheChoosenAdapter FoundDriverCount:0 
[2018.03.28-23.02.51:175][  0]LogD3D11RHI:     Adapter Name: AMD Radeon(TM) R5 Graphics
[2018.03.28-23.02.51:175][  0]LogD3D11RHI:   Driver Version: Unknown (internal:Unknown, unified:Unknown)
[2018.03.28-23.02.51:175][  0]LogD3D11RHI:      Driver Date: Unknown
[2018.03.28-23.02.51:175][  0]LogRHI: Texture pool is 349 MB (70% of 499 MB)
[2018.03.28-23.02.51:388][  0]LogD3D11RHI: Async texture creation enabled
[2018.03.28-23.02.52:010][  0]LogD3D11RHI: GPU Timing Frequency: 100.000000 (Debug: 2 1)
[2018.03.28-23.02.52:241][  0]LogShaderCompilers: Guid format shader working directory is -23 characters bigger than the processId version (../../../../../../Users/MoltenOwl/Documents/GitHub/RISE-Mobile/RISE_GAME/Intermediate/Shaders/WorkingDirectory/23300/).
[2018.03.28-23.02.52:242][  0]LogShaderCompilers: Cleaned the shader compiler working directory 'C:/Users/MoltenOwl/AppData/Local/Temp/UnrealShaderWorkingDir/BB8D84854FAB0F9465F2739C159590D5/'.
[2018.03.28-23.02.52:271][  0]LogShaderCompilers: Display: Using Local Shader Compiler.
[2018.03.28-23.03.01:985][  0]LogTemp: Display: Loaded TP AllDesktopTargetPlatform
[2018.03.28-23.03.02:210][  0]LogTemp: Display: Loaded TP MacClientTargetPlatform
[2018.03.28-23.03.02:387][  0]LogTemp: Display: Loaded TP MacNoEditorTargetPlatform
[2018.03.28-23.03.02:702][  0]LogTemp: Display: Loaded TP MacServerTargetPlatform
[2018.03.28-23.03.02:953][  0]LogTemp: Display: Loaded TP MacTargetPlatform
[2018.03.28-23.03.03:183][  0]LogTemp: Display: Loaded TP WindowsClientTargetPlatform
[2018.03.28-23.03.03:421][  0]LogTemp: Display: Loaded TP WindowsNoEditorTargetPlatform
[2018.03.28-23.03.03:658][  0]LogTemp: Display: Loaded TP WindowsServerTargetPlatform
[2018.03.28-23.03.03:904][  0]LogTemp: Display: Loaded TP WindowsTargetPlatform
[2018.03.28-23.03.04:150][  0]LogTemp: Display: Loaded TP AndroidTargetPlatform
[2018.03.28-23.03.04:472][  0]LogTemp: Display: Loaded TP Android_ASTCTargetPlatform
[2018.03.28-23.03.04:643][  0]LogTemp: Display: Loaded TP Android_ATCTargetPlatform
[2018.03.28-23.03.04:914][  0]LogTemp: Display: Loaded TP Android_DXTTargetPlatform
[2018.03.28-23.03.05:117][  0]LogTemp: Display: Loaded TP Android_ETC1TargetPlatform
[2018.03.28-23.03.05:424][  0]LogTemp: Display: Loaded TP Android_ETC2TargetPlatform
[2018.03.28-23.03.05:864][  0]LogTemp: Display: Loaded TP Android_MultiTargetPlatform
[2018.03.28-23.03.05:864][  0]LogTemp: Display: Loaded TP Android_PVRTCTargetPlatform
[2018.03.28-23.03.06:041][  0]LogTemp: Display: Loaded TP HTML5TargetPlatform
[2018.03.28-23.03.06:690][  0]LogTemp: Display: Loaded TP IOSTargetPlatform
[2018.03.28-23.03.06:780][  0]LogTemp: Display: Loaded TP TVOSTargetPlatform
[2018.03.28-23.03.06:975][  0]LogTemp: Display: Loaded TP LinuxClientTargetPlatform
[2018.03.28-23.03.07:113][  0]LogTemp: Display: Loaded TP LinuxNoEditorTargetPlatform
[2018.03.28-23.03.07:255][  0]LogTemp: Display: Loaded TP LinuxServerTargetPlatform
[2018.03.28-23.03.07:556][  0]LogTemp: Display: Loaded TP LinuxTargetPlatform
[2018.03.28-23.03.07:556][  0]LogTargetPlatformManager: Display: Building Assets For Windows
[2018.03.28-23.03.10:950][  0]LogDerivedDataCache: Display: Max Cache Size: 512 MB
[2018.03.28-23.03.12:525][  0]LogDerivedDataCache: Loaded boot cache 1.57s 93MB C:/Users/MoltenOwl/AppData/Local/UnrealEngine/4.17/DerivedDataCache/Boot.ddc.
[2018.03.28-23.03.12:525][  0]LogDerivedDataCache: Display: Loaded Boot cache: C:/Users/MoltenOwl/AppData/Local/UnrealEngine/4.17/DerivedDataCache/Boot.ddc
[2018.03.28-23.03.12:526][  0]LogDerivedDataCache: FDerivedDataBackendGraph:  Pak pak cache file ../../../../../../Users/MoltenOwl/Documents/GitHub/RISE-Mobile/RISE_GAME/DerivedDataCache/DDC.ddp not found, will not use a pak cache.
[2018.03.28-23.03.12:526][  0]LogDerivedDataCache: Unable to find inner node Pak for hierarchical cache Hierarchy.
[2018.03.28-23.03.12:526][  0]LogDerivedDataCache: FDerivedDataBackendGraph:  CompressedPak pak cache file ../../../../../../Users/MoltenOwl/Documents/GitHub/RISE-Mobile/RISE_GAME/DerivedDataCache/Compressed.ddp not found, will not use a pak cache.
[2018.03.28-23.03.12:526][  0]LogDerivedDataCache: Unable to find inner node CompressedPak for hierarchical cache Hierarchy.
[2018.03.28-23.03.12:600][  0]LogDerivedDataCache: Display: Pak cache opened for reading ../../../Engine/DerivedDataCache/Compressed.ddp.
[2018.03.28-23.03.12:623][  0]LogDerivedDataCache: Using Local data cache path C:/Users/MoltenOwl/AppData/Local/UnrealEngine/Common/DerivedDataCache: Writable
[2018.03.28-23.03.12:745][  0]LogMaterial: Verifying Global Shaders for PCD3D_SM5
[2018.03.28-23.03.12:945][  0]LogSlate: Using Freetype 2.6.0
[2018.03.28-23.03.13:029][  0]LogSlate: SlateFontCache - WITH_FREETYPE: 1, WITH_HARFBUZZ: 1
[2018.03.28-23.03.13:041][  0]LogSlate: SlateFontCache - WITH_FREETYPE: 1, WITH_HARFBUZZ: 1
[2018.03.28-23.03.22:715][  0]LogAssetRegistry: FAssetRegistry took 0.0365 seconds to start up
[2018.03.28-23.03.25:298][  0]LogInit: Selected Device Profile: [Windows]
[2018.03.28-23.03.31:912][  0]LogContentStreaming: Texture pool size is 0.00 MB
[2018.03.28-23.03.35:273][  0]LogSimplygon: Simplygon DLL not present - disabling.
[2018.03.28-23.03.35:559][  0]LogMeshReduction: Using SimplygonSwarm for distributed automatic mesh merging
[2018.03.28-23.03.35:591][  0]LogMeshReduction: Using QuadricMeshReduction for automatic static mesh reduction
[2018.03.28-23.03.35:591][  0]LogMeshReduction: No automatic skeletal mesh reduction module available
[2018.03.28-23.03.35:592][  0]LogMeshReduction: No automatic mesh merging module available
[2018.03.28-23.03.35:592][  0]LogMeshMerging: No automatic mesh merging module available
[2018.03.28-23.03.43:481][  0]LogNetVersion: RISE_GAME , NetCL: 3573198, EngineNetVer: 2, GameNetVer: 0 (Checksum: 1739909859)
[2018.03.28-23.03.50:296][  0]LogPackageLocalizationCache: Processed 5 localized package path(s) for 2 prioritized culture(s) in 0.246317 seconds
[2018.03.28-23.03.50:338][  0]LogUObjectArray: 35825 objects as part of root set at end of initial load.
[2018.03.28-23.03.50:338][  0]LogUObjectAllocator: 7529104 out of 0 bytes used by permanent object pool.
[2018.03.28-23.03.50:339][  0]LogUObjectArray: CloseDisregardForGC: 0/0 objects in disregard for GC pool
[2018.03.28-23.03.50:569][  0]LogInit: WinSock: version 1.1 (2.2), MaxSocks=32767, MaxUdp=65467
[2018.03.28-23.04.31:489][  0]LogTcpMessaging: Initializing TcpMessaging bridge
[2018.03.28-23.04.31:648][  0]LogUdpMessaging: Initializing bridge on interface 0.0.0.0:0 to multicast group 230.0.0.1:6666.
[2018.03.28-23.04.34:487][  0]LogMaterial: Uniform references updated for custom material expression Custom.
[2018.03.28-23.04.36:009][  0]SourceControl: Source control is disabled
[2018.03.28-23.04.36:009][  0]SourceControl: Source control is disabled
[2018.03.28-23.04.36:245][  0]SourceControl: Source control is disabled
[2018.03.28-23.04.36:446][  0]SourceControl: Source control is disabled
[2018.03.28-23.04.39:035][  0]LogAndroidPermission: UAndroidPermissionCallbackProxy::GetInstance
[2018.03.28-23.04.39:926][  0]LogOcInput: OculusInput pre-init called
[2018.03.28-23.04.41:919][  0]LogEngine: Initializing Engine...
[2018.03.28-23.04.41:948][  0]LogHMD: Failed to initialize OpenVR with code 110
[2018.03.28-23.04.42:740][  0]LogStats: UGameplayTagsManager::ConstructGameplayTagTree: Construct from data asset -  0.000 s
[2018.03.28-23.04.42:741][  0]LogStats: UGameplayTagsManager::ConstructGameplayTagTree: GameplayTagTreeChangedEvent.Broadcast -  0.000 s
[2018.03.28-23.04.43:394][  0]LogAIModule: Creating AISystem for world Untitled
[2018.03.28-23.04.43:606][  0]LogInit: XAudio2 using 'Speaker/Headphone (Realtek High Definition Audio)' : 2 channels at 48 kHz using 32 bits per sample (channel mask 0x3)
[2018.03.28-23.04.43:988][  0]LogInit: FAudioDevice initialized.
[2018.03.28-23.04.44:260][  0]LogDerivedDataCache: Saved boot cache 0.27s 93MB C:/Users/MoltenOwl/AppData/Local/UnrealEngine/4.17/DerivedDataCache/Boot.ddc.
[2018.03.28-23.04.44:296][  0]LogInit: Texture streaming: Enabled
[2018.03.28-23.04.44:770][  0]LogEngineSessionManager: EngineSessionManager initialized
[2018.03.28-23.04.46:920][  0]LogInit: Transaction tracking system initialized
[2018.03.28-23.04.49:316][  0]BlueprintLog: New page: Editor Load
[2018.03.28-23.04.57:324][  0]LocalizationService: Localization service is disabled
[2018.03.28-23.05.02:064][  0]LogConsoleResponse: Display: 
[2018.03.28-23.05.04:628][  0]LogFileCache: Scanning file cache for directory 'C:/Users/MoltenOwl/Documents/GitHub/RISE-Mobile/RISE_GAME/Content/' took 0.03s
[2018.03.28-23.05.04:628][  0]LogCook: Display: Max memory allowance for cook 16384mb min free memory 0mb
[2018.03.28-23.05.04:628][  0]LogCook: Display: Mobile HDR setting 1
[2018.03.28-23.05.04:745][  0]LogGameplayTags: Display: UGameplayTagsManager::DoneAddingNativeTags. DelegateIsBound: 0
[2018.03.28-23.05.13:139][  0]SourceControl: Source control is disabled
[2018.03.28-23.05.13:333][  0]Cmd: MAP LOAD FILE="../../../../../../Users/MoltenOwl/Documents/GitHub/RISE-Mobile/RISE_GAME/Content/SideScrollerBP/Maps/SideScrollerExampleMap.umap" TEMPLATE=0 SHOWPROGRESS=1 FEATURELEVEL=3
[2018.03.28-23.05.13:382][  0]LightingResults: New page: Lighting Build
[2018.03.28-23.05.13:719][  0]MapCheck: New page: Map Check
[2018.03.28-23.05.13:719][  0]LightingResults: New page: Lighting Build
[2018.03.28-23.05.27:203][  0]LogAIModule: Creating AISystem for world SideScrollerExampleMap
[2018.03.28-23.05.28:002][  0]LogEditorServer: Finished looking for orphan Actors (0.000 secs)
[2018.03.28-23.05.28:369][  0]Cmd: MAP CHECKDEP NOCLEARLOG
[2018.03.28-23.05.28:557][  0]MapCheck: Map check complete: 0 Error(s), 0 Warning(s), took 187.626ms to complete.
[2018.03.28-23.05.28:557][  0]LogFileHelpers: Loading map 'SideScrollerExampleMap' took 15.320
[2018.03.28-23.05.31:641][  0]LogCollectionManager: Loaded 0 collections in 0.004474 seconds
[2018.03.28-23.05.32:841][  0]LogFileCache: Scanning file cache for directory 'C:/Users/MoltenOwl/Documents/GitHub/RISE-Mobile/RISE_GAME/Saved/Collections/' took 0.01s
[2018.03.28-23.05.32:841][  0]LogFileCache: Scanning file cache for directory 'C:/Users/MoltenOwl/Documents/GitHub/RISE-Mobile/RISE_GAME/Content/Developers/MoltenOwl/Collections/' took 0.01s
[2018.03.28-23.05.32:841][  0]LogFileCache: Scanning file cache for directory 'C:/Users/MoltenOwl/Documents/GitHub/RISE-Mobile/RISE_GAME/Content/Collections/' took 0.01s
[2018.03.28-23.05.32:841][  0]LogCollectionManager: Rebuilt the GUID cache for 0 collections in 0.000001 seconds
[2018.03.28-23.05.32:897][  0]LogContentBrowser: Native class hierarchy populated in 0.0320 seconds. Added 2387 classes and 504 folders.
[2018.03.28-23.05.33:270][  0]LogContentBrowser: Native class hierarchy updated for 'WidgetCarousel' in 0.0161 seconds. Added 0 classes and 0 folders.
[2018.03.28-23.05.35:904][  0]LogContentBrowser: Native class hierarchy updated for 'AddContentDialog' in 0.0021 seconds. Added 0 classes and 0 folders.
[2018.03.28-23.05.36:673][  0]LogContentBrowser: Native class hierarchy updated for 'SceneOutliner' in 0.0017 seconds. Added 1 classes and 2 folders.
[2018.03.28-23.05.39:358][  0]LogSlate: Took 0.030091 seconds to synchronously load lazily loaded font '../../../Engine/Content/Slate/Fonts/Roboto-Regular.ttf' (155K)
[2018.03.28-23.05.39:419][  0]LogSlate: Took 0.022535 seconds to synchronously load lazily loaded font '../../../Engine/Content/Slate/Fonts/Roboto-Bold.ttf' (160K)
[2018.03.28-23.05.39:575][  0]LogSlate: Took 0.064298 seconds to synchronously load lazily loaded font '../../../Engine/Content/Editor/Slate/Fonts/FontAwesome.ttf' (139K)
[2018.03.28-23.05.40:738][  0]LogRenderer: Reallocating scene render targets to support 732x360 Format 10 NumSamples 1 (Frame:1).
[2018.03.28-23.05.43:445][  0]LogContentBrowser: Native class hierarchy updated for 'HierarchicalLODOutliner' in 0.0013 seconds. Added 1 classes and 2 folders.
[2018.03.28-23.05.43:445][  0]LogLoad: (Engine Initialization) Total time: 291.46 seconds
[2018.03.28-23.05.43:445][  0]LogLoad: (Engine Initialization) Total Blueprint compile time: 0.00 seconds
[2018.03.28-23.05.43:446][  0]LogExternalProfiler: No external profilers were discovered.  External profiling features will not be available.
[2018.03.28-23.05.44:070][  0]LogContentStreaming: Texture pool size now 1000 MB
[2018.03.28-23.05.44:524][  0]LogSlate: Took 0.033312 seconds to synchronously load lazily loaded font '../../../Engine/Content/Slate/Fonts/Roboto-Light.ttf' (159K)
[2018.03.28-23.05.44:578][  1]LogFileCache: Retrieving MD5 hashes for directory 'C:/Users/MoltenOwl/Documents/GitHub/RISE-Mobile/RISE_GAME/Content/' took 0.75s
[2018.03.28-23.05.45:548][  6]LogAssetRegistry: Asset discovery search completed in 142.8565 seconds
[2018.03.28-23.05.45:553][  6]LogCollectionManager: Rebuilt the object cache for 0 collections in 0.000001 seconds (found 0 objects)
[2018.03.28-23.05.45:553][  6]LogCollectionManager: Fixed up redirectors for 0 collections in 0.000190 seconds (updated 0 objects)
[2018.03.28-23.09.37:199][312]LogTemp: Executing iPhonePackager certificates Engine -bundlename com.YourCompany.RISEGAME
[2018.03.28-23.09.37:199][312]LogTemp: CWD: C:\Program Files\Epic Games\UE_4.17\Engine\Binaries\DotNET\IOS
[2018.03.28-23.09.37:199][312]LogTemp: Initial Dir: C:\Program Files\Epic Games\UE_4.17
[2018.03.28-23.09.37:199][312]LogTemp: Env CWD: C:\Program Files\Epic Games\UE_4.17\Engine\Binaries\DotNET\IOS
[2018.03.28-23.09.37:210][312]LogTemp: BranchPath = LAPTOP-EBH0JGK7/C/Program Files/Epic Games/UE_4.17/Engine/Binaries --- GameBranchPath = LAPTOP-EBH0JGK7/C/Program Files/Epic Games/UE_4.17/Engine/Binaries
[2018.03.28-23.09.37:305][314]LogTemp: IPP ERROR: Could not find provision directory 'C:\Users\MoltenOwl\AppData\Local/Apple Computer/MobileDevice/Provisioning Profiles/'.
[2018.03.28-23.10.55:265][728]LogTemp: Executing iPhonePackager certificates Engine -bundlename com.YourCompany.RISEGAME
[2018.03.28-23.10.55:265][728]LogTemp: CWD: C:\Program Files\Epic Games\UE_4.17\Engine\Binaries\DotNET\IOS
[2018.03.28-23.10.55:265][728]LogTemp: Initial Dir: C:\Program Files\Epic Games\UE_4.17
[2018.03.28-23.10.55:265][728]LogTemp: Env CWD: C:\Program Files\Epic Games\UE_4.17\Engine\Binaries\DotNET\IOS
[2018.03.28-23.10.55:288][729]LogTemp: BranchPath = LAPTOP-EBH0JGK7/C/Program Files/Epic Games/UE_4.17/Engine/Binaries --- GameBranchPath = LAPTOP-EBH0JGK7/C/Program Files/Epic Games/UE_4.17/Engine/Binaries
[2018.03.28-23.10.55:333][731]LogTemp: IPP ERROR: Could not find provision directory 'C:\Users\MoltenOwl\AppData\Local/Apple Computer/MobileDevice/Provisioning Profiles/'.
[2018.03.28-23.12.13:595][160]LogSlate: Took 0.008081 seconds to synchronously load lazily loaded font '../../../Engine/Content/Slate/Fonts/Roboto-Light.ttf' (159K)
[2018.03.28-23.14.01:318][708]LogDirectoryWatcher: Warning: Failed to begin reading directory changes for ../../../../../../Users/MoltenOwl/Documents/GitHub/RISE-Mobile/RISE_GAME/Plugins/. Error: The system cannot find the file specified. (0x00000002)
[2018.03.28-23.17.09:888][709]LogDirectoryWatcher: A directory notification for '../../../Engine/Plugins/' was aborted.
[2018.03.28-23.18.00:706][866]LogSlate: Took 0.000371 seconds to synchronously load lazily loaded font '../../../Engine/Content/Slate/Fonts/Roboto-Light.ttf' (159K)
[2018.03.28-23.18.00:876][866]LogContentBrowser: Native class hierarchy updated for 'TextureEditor' in 0.0012 seconds. Added 1 classes and 2 folders.
[2018.03.28-23.18.26:420][111]Cmd: QUIT_EDITOR
[2018.03.28-23.18.26:584][111]LogWindowsTextInputMethodSystem: Display: IME system now deactivated.
[2018.03.28-23.18.26:584][111]LogWindowsTextInputMethodSystem: Display: IME system now deactivated.
[2018.03.28-23.18.26:616][111]LogExit: Preparing to exit.
[2018.03.28-23.18.27:218][111]LogDirectoryWatcher: A directory notification for 'C:/Users/MoltenOwl/Documents/GitHub/RISE-Mobile/RISE_GAME/Content/' was aborted.
[2018.03.28-23.18.27:289][111]LogExit: Editor shut down
[2018.03.28-23.18.27:331][111]LogExit: Transaction tracking system shut down
[2018.03.28-23.18.27:726][111]LogDirectoryWatcher: A directory notification for '../../../Engine/Content/' was aborted.
[2018.03.28-23.18.27:726][111]LogDirectoryWatcher: A directory notification for '../../../../../../Users/MoltenOwl/Documents/GitHub/RISE-Mobile/RISE_GAME/Content/' was aborted.
[2018.03.28-23.18.27:726][111]LogDirectoryWatcher: A directory notification for '../../../Engine/Plugins/2D/Paper2D/Content/' was aborted.
[2018.03.28-23.18.27:726][111]LogDirectoryWatcher: A directory notification for '../../../Engine/Plugins/Runtime/Oculus/OculusVR/Content/' was aborted.
[2018.03.28-23.18.27:726][111]LogDirectoryWatcher: A directory notification for '../../../Engine/Plugins/Runtime/Steam/SteamVR/Content/' was aborted.
[2018.03.28-23.18.29:142][111]LogExit: Object subsystem successfully closed.
[2018.03.28-23.18.29:916][111]LogD3D11RHI: Shutdown
[2018.03.28-23.18.29:917][111]LogD3D11RHI: CleanupD3DDevice
[2018.03.28-23.18.30:349][111]LogD3D11RHI: ~FD3D11DynamicRHI
[2018.03.28-23.18.30:703][111]LogModuleManager: Shutting down and abandoning module TextureEditor (536)
[2018.03.28-23.18.30:703][111]LogModuleManager: Shutting down and abandoning module ExternalImagePicker (534)
[2018.03.28-23.18.30:703][111]LogModuleManager: Shutting down and abandoning module HierarchicalLODOutliner (532)
[2018.03.28-23.18.30:703][111]LogModuleManager: Shutting down and abandoning module SceneOutliner (530)
[2018.03.28-23.18.30:703][111]LogModuleManager: Shutting down and abandoning module AddContentDialog (528)
[2018.03.28-23.18.30:703][111]LogDirectoryWatcher: A directory notification for 'C:/Program Files/Epic Games/UE_4.17/FeaturePacks/' was aborted.
[2018.03.28-23.18.30:706][111]LogModuleManager: Shutting down and abandoning module WidgetCarousel (527)
[2018.03.28-23.18.30:706][111]LogModuleManager: Shutting down and abandoning module EditorWidgets (524)
[2018.03.28-23.18.30:706][111]LogModuleManager: Shutting down and abandoning module CollectionManager (522)
[2018.03.28-23.18.30:706][111]LogDirectoryWatcher: A directory notification for 'C:/Users/MoltenOwl/Documents/GitHub/RISE-Mobile/RISE_GAME/Content/Collections/' was aborted.
[2018.03.28-23.18.30:706][111]LogDirectoryWatcher: A directory notification for 'C:/Users/MoltenOwl/Documents/GitHub/RISE-Mobile/RISE_GAME/Content/Developers/MoltenOwl/Collections/' was aborted.
[2018.03.28-23.18.30:706][111]LogDirectoryWatcher: A directory notification for 'C:/Users/MoltenOwl/Documents/GitHub/RISE-Mobile/RISE_GAME/Saved/Collections/' was aborted.
[2018.03.28-23.18.30:706][111]LogModuleManager: Shutting down and abandoning module StatsViewer (520)
[2018.03.28-23.18.30:706][111]LogModuleManager: Shutting down and abandoning module FoliageEdit (518)
[2018.03.28-23.18.30:706][111]LogModuleManager: Shutting down and abandoning module LandscapeEditor (516)
[2018.03.28-23.18.30:737][111]LogModuleManager: Shutting down and abandoning module MeshPaintMode (514)
[2018.03.28-23.18.30:737][111]LogModuleManager: Shutting down and abandoning module SceneDepthPickerMode (512)
[2018.03.28-23.18.30:738][111]LogModuleManager: Shutting down and abandoning module ActorPickerMode (510)
[2018.03.28-23.18.30:738][111]LogModuleManager: Shutting down and abandoning module GeometryMode (508)
[2018.03.28-23.18.30:738][111]LogModuleManager: Shutting down and abandoning module TextureAlignMode (506)
[2018.03.28-23.18.30:738][111]LogModuleManager: Shutting down and abandoning module BspMode (504)
[2018.03.28-23.18.30:738][111]LogModuleManager: Shutting down and abandoning module PIEPreviewDeviceProfileSelector (502)
[2018.03.28-23.18.30:738][111]LogModuleManager: Shutting down and abandoning module HardwareSurvey (500)
[2018.03.28-23.18.30:738][111]LogModuleManager: Shutting down and abandoning module SequenceRecorderSections (498)
[2018.03.28-23.18.30:738][111]LogModuleManager: Shutting down and abandoning module AutomationWorker (496)
[2018.03.28-23.18.30:738][111]LogModuleManager: Shutting down and abandoning module MatineeToLevelSequence (494)
[2018.03.28-23.18.30:738][111]LogModuleManager: Shutting down and abandoning module LevelSequenceEditor (492)
[2018.03.28-23.18.30:795][111]LogModuleManager: Shutting down and abandoning module PlacementMode (491)
[2018.03.28-23.18.30:796][111]LogModuleManager: Shutting down and abandoning module WmfMediaFactory (488)
[2018.03.28-23.18.30:796][111]LogModuleManager: Shutting down and abandoning module WmfMediaEditor (486)
[2018.03.28-23.18.30:796][111]LogModuleManager: Shutting down and abandoning module AvfMediaFactory (484)
[2018.03.28-23.18.30:796][111]LogModuleManager: Shutting down and abandoning module AvfMediaEditor (482)
[2018.03.28-23.18.30:796][111]LogModuleManager: Shutting down and abandoning module AndroidMediaFactory (480)
[2018.03.28-23.18.30:796][111]LogModuleManager: Shutting down and abandoning module Media (479)
[2018.03.28-23.18.30:796][111]LogModuleManager: Shutting down and abandoning module AndroidMediaEditor (476)
[2018.03.28-23.18.30:796][111]LogModuleManager: Shutting down and abandoning module CharacterAI (474)
[2018.03.28-23.18.30:796][111]LogModuleManager: Shutting down and abandoning module AudioCapture (472)
[2018.03.28-23.18.30:796][111]LogModuleManager: Shutting down and abandoning module SequenceRecorder (471)
[2018.03.28-23.18.30:796][111]LogModuleManager: Shutting down and abandoning module SmartSnapping (468)
[2018.03.28-23.18.30:796][111]LogModuleManager: Shutting down and abandoning module SessionServices (466)
[2018.03.28-23.18.30:796][111]LogModuleManager: Shutting down and abandoning module ViewportSnapping (464)
[2018.03.28-23.18.30:796][111]LogModuleManager: Shutting down and abandoning module ViewportInteraction (462)
[2018.03.28-23.18.30:796][111]LogModuleManager: Shutting down and abandoning module ClothPainter (460)
[2018.03.28-23.18.30:828][111]LogModuleManager: Shutting down and abandoning module LogVisualizer (458)
[2018.03.28-23.18.30:828][111]LogModuleManager: Shutting down and abandoning module IntroTutorials (456)
[2018.03.28-23.18.30:828][111]LogModuleManager: Shutting down and abandoning module GameProjectGeneration (455)
[2018.03.28-23.18.30:878][111]LogModuleManager: Shutting down and abandoning module IOSPlatformEditor (452)
[2018.03.28-23.18.30:879][111]LogModuleManager: Shutting down and abandoning module HTML5PlatformEditor (450)
[2018.03.28-23.18.30:879][111]LogModuleManager: Shutting down and abandoning module AndroidPlatformEditor (448)
[2018.03.28-23.18.30:879][111]LogModuleManager: Shutting down and abandoning module AndroidDeviceDetection (447)
[2018.03.28-23.18.30:925][111]LogModuleManager: Shutting down and abandoning module WindowsPlatformEditor (444)
[2018.03.28-23.18.30:926][111]LogModuleManager: Shutting down and abandoning module IOSRuntimeSettings (442)
[2018.03.28-23.18.30:926][111]LogModuleManager: Shutting down and abandoning module AndroidRuntimeSettings (440)
[2018.03.28-23.18.30:926][111]LogModuleManager: Shutting down and abandoning module InputBindingEditor (438)
[2018.03.28-23.18.30:965][111]LogModuleManager: Shutting down and abandoning module MergeActors (436)
[2018.03.28-23.18.30:985][111]LogModuleManager: Shutting down and abandoning module SizeMap (434)
[2018.03.28-23.18.30:985][111]LogModuleManager: Shutting down and abandoning module TreeMap (432)
[2018.03.28-23.18.30:986][111]LogModuleManager: Shutting down and abandoning module ReferenceViewer (430)
[2018.03.28-23.18.30:986][111]LogModuleManager: Shutting down and abandoning module LocalizationDashboard (428)
[2018.03.28-23.18.30:993][111]LogModuleManager: Shutting down and abandoning module LocalizationService (427)
[2018.03.28-23.18.30:993][111]LogModuleManager: Shutting down and abandoning module HardwareTargeting (424)
[2018.03.28-23.18.30:993][111]LogModuleManager: Shutting down and abandoning module DeviceProfileEditor (422)
[2018.03.28-23.18.30:993][111]LogModuleManager: Shutting down and abandoning module UndoHistory (420)
[2018.03.28-23.18.30:993][111]LogModuleManager: Shutting down and abandoning module XmlParser (418)
[2018.03.28-23.18.30:993][111]LogModuleManager: Shutting down and abandoning module Blutility (416)
[2018.03.28-23.18.30:993][111]LogModuleManager: Shutting down and abandoning module ProjectSettingsViewer (414)
[2018.03.28-23.18.30:993][111]LogModuleManager: Shutting down and abandoning module ProjectTargetPlatformEditor (413)
[2018.03.28-23.18.30:993][111]LogModuleManager: Shutting down and abandoning module EditorSettingsViewer (410)
[2018.03.28-23.18.30:994][111]LogModuleManager: Shutting down and abandoning module SettingsEditor (408)
[2018.03.28-23.18.30:994][111]LogModuleManager: Shutting down and abandoning module ProjectLauncher (406)
[2018.03.28-23.18.31:056][111]LogModuleManager: Shutting down and abandoning module SessionFrontend (404)
[2018.03.28-23.18.31:056][111]LogModuleManager: Shutting down and abandoning module ProfilerClient (402)
[2018.03.28-23.18.31:076][111]LogModuleManager: Shutting down and abandoning module DeviceManager (400)
[2018.03.28-23.18.31:076][111]LogModuleManager: Shutting down and abandoning module TargetDeviceServices (399)
[2018.03.28-23.18.31:133][111]LogModuleManager: Shutting down and abandoning module AutomationController (396)
[2018.03.28-23.18.31:133][111]LogModuleManager: Shutting down and abandoning module AutomationWindow (394)
[2018.03.28-23.18.31:224][111]LogModuleManager: Shutting down and abandoning module Layers (392)
[2018.03.28-23.18.31:290][111]LogModuleManager: Shutting down and abandoning module ComponentVisualizers (390)
[2018.03.28-23.18.31:290][111]LogModuleManager: Shutting down and abandoning module DetailCustomizations (388)
[2018.03.28-23.18.31:290][111]LogModuleManager: Shutting down and abandoning module PackagesDialog (386)
[2018.03.28-23.18.31:316][111]LogModuleManager: Shutting down and abandoning module Persona (384)
[2018.03.28-23.18.31:368][111]LogModuleManager: Shutting down and abandoning module AdvancedPreviewScene (383)
[2018.03.28-23.18.31:368][111]LogModuleManager: Shutting down and abandoning module AnimGraph (381)
[2018.03.28-23.18.31:368][111]LogModuleManager: Shutting down and abandoning module Kismet (378)
[2018.03.28-23.18.31:372][111]LogModuleManager: Shutting down and abandoning module ClassViewer (376)
[2018.03.28-23.18.31:372][111]LogModuleManager: Shutting down and abandoning module Toolbox (374)
[2018.03.28-23.18.31:372][111]LogModuleManager: Shutting down and abandoning module ModuleUI (372)
[2018.03.28-23.18.31:399][111]LogModuleManager: Shutting down and abandoning module MovieSceneTools (370)
[2018.03.28-23.18.31:411][111]LogModuleManager: Shutting down and abandoning module OutputLog (368)
[2018.03.28-23.18.31:411][111]LogModuleManager: Shutting down and abandoning module GammaUI (366)
[2018.03.28-23.18.31:420][111]LogModuleManager: Shutting down and abandoning module Documentation (364)
[2018.03.28-23.18.31:421][111]LogModuleManager: Shutting down and abandoning module MovieSceneTracks (362)
[2018.03.28-23.18.31:435][111]LogModuleManager: Shutting down and abandoning module MovieScene (360)
[2018.03.28-23.18.31:435][111]LogModuleManager: Shutting down and abandoning module Niagara (358)
[2018.03.28-23.18.31:435][111]LogModuleManager: Shutting down and abandoning module NiagaraEditor (357)
[2018.03.28-23.18.31:471][111]LogModuleManager: Shutting down and abandoning module StreamingPauseRendering (354)
[2018.03.28-23.18.31:471][111]LogModuleManager: Shutting down and abandoning module LauncherPlatform (352)
[2018.03.28-23.18.31:471][111]LogModuleManager: Shutting down and abandoning module AnalyticsET (350)
[2018.03.28-23.18.31:471][111]LogModuleManager: Shutting down and abandoning module PortalServices (348)
[2018.03.28-23.18.31:471][111]LogModuleManager: Shutting down and abandoning module PortalRpc (346)
[2018.03.28-23.18.31:471][111]LogModuleManager: Shutting down and abandoning module MessagingRpc (344)
[2018.03.28-23.18.31:472][111]LogModuleManager: Shutting down and abandoning module AIModule (342)
[2018.03.28-23.18.31:472][111]LogModuleManager: Shutting down and abandoning module GameplayDebugger (341)
[2018.03.28-23.18.31:472][111]LogModuleManager: Shutting down and abandoning module AITestSuite (339)
[2018.03.28-23.18.31:472][111]LogModuleManager: Shutting down and abandoning module ProfilerService (336)
[2018.03.28-23.18.31:580][111]LogModuleManager: Shutting down and abandoning module TaskGraph (334)
[2018.03.28-23.18.31:900][111]LogModuleManager: Shutting down and abandoning module SlateRemote (332)
[2018.03.28-23.18.31:900][111]LogModuleManager: Shutting down and abandoning module SteamVRController (330)
[2018.03.28-23.18.31:900][111]LogModuleManager: Shutting down and abandoning module ProceduralMeshComponentEditor (328)
[2018.03.28-23.18.31:900][111]LogModuleManager: Shutting down and abandoning module ProceduralMeshComponent (326)
[2018.03.28-23.18.31:900][111]LogModuleManager: Shutting down and abandoning module OculusInput (324)
[2018.03.28-23.18.31:900][111]LogModuleManager: Shutting down and abandoning module MobilePatchingUtils (322)
[2018.03.28-23.18.31:900][111]LogModuleManager: Shutting down and abandoning module CustomMeshComponent (320)
[2018.03.28-23.18.31:900][111]LogModuleManager: Shutting down and abandoning module CableComponent (318)
[2018.03.28-23.18.31:901][111]LogModuleManager: Shutting down and abandoning module ArchVisCharacter (316)
[2018.03.28-23.18.31:901][111]LogModuleManager: Shutting down and abandoning module AndroidPermission (314)
[2018.03.28-23.18.31:901][111]LogModuleManager: Shutting down and abandoning module MediaPlayerEditor (310)
[2018.03.28-23.18.31:927][111]LogModuleManager: Shutting down and abandoning module HTML5Networking (308)
[2018.03.28-23.18.31:927][111]LogModuleManager: Shutting down and abandoning module AlembicImporter (306)
[2018.03.28-23.18.31:963][111]LogModuleManager: Shutting down and abandoning module AlembicLibrary (305)
[2018.03.28-23.18.31:963][111]LogModuleManager: Shutting down and abandoning module GeometryCache (304)
[2018.03.28-23.18.31:963][111]LogModuleManager: Shutting down and abandoning module GeometryCacheEd (303)
[2018.03.28-23.18.31:963][111]LogModuleManager: Shutting down and abandoning module SpeedTreeImporter (298)
[2018.03.28-23.18.31:963][111]LogModuleManager: Shutting down and abandoning module PluginBrowser (296)
[2018.03.28-23.18.31:963][111]LogModuleManager: Shutting down and abandoning module MobileLauncherProfileWizard (294)
[2018.03.28-23.18.31:991][111]LogModuleManager: Shutting down and abandoning module VisualStudioSourceCodeAccess (292)
[2018.03.28-23.18.31:992][111]LogModuleManager: Shutting down and abandoning module DesktopPlatform (291)
[2018.03.28-23.18.31:992][111]LogModuleManager: Shutting down and abandoning module UObjectPlugin (288)
[2018.03.28-23.18.31:992][111]LogModuleManager: Shutting down and abandoning module SubversionSourceControl (286)
[2018.03.28-23.18.31:992][111]LogModuleManager: Shutting down and abandoning module PerforceSourceControl (284)
[2018.03.28-23.18.31:992][111]LogModuleManager: Shutting down and abandoning module GitSourceControl (282)
[2018.03.28-23.18.31:992][111]LogModuleManager: Shutting down and abandoning module SourceControl (281)
[2018.03.28-23.18.32:019][111]LogModuleManager: Shutting down and abandoning module LightPropagationVolumeEditor (278)
[2018.03.28-23.18.32:019][111]LogModuleManager: Shutting down and abandoning module PaperTiledImporter (276)
[2018.03.28-23.18.32:019][111]LogModuleManager: Shutting down and abandoning module PaperSpriteSheetImporter (274)
[2018.03.28-23.18.32:019][111]LogModuleManager: Shutting down and abandoning module Paper2DEditor (272)
[2018.03.28-23.18.32:019][111]LogModuleManager: Shutting down and abandoning module MeshPaint (271)
[2018.03.28-23.18.32:019][111]LogModuleManager: Shutting down and abandoning module LevelEditor (269)
[2018.03.28-23.18.32:022][111]LogModuleManager: Shutting down and abandoning module PixelInspectorModule (268)
[2018.03.28-23.18.32:022][111]LogModuleManager: Shutting down and abandoning module MainFrame (266)
[2018.03.28-23.18.32:022][111]LogModuleManager: Shutting down and abandoning module HotReload (265)
[2018.03.28-23.18.32:023][111]LogModuleManager: Shutting down and abandoning module RuntimePhysXCooking (260)
[2018.03.28-23.18.32:024][111]LogModuleManager: Shutting down and abandoning module PhysXVehiclesEditor (258)
[2018.03.28-23.18.32:024][111]LogModuleManager: Shutting down and abandoning module PhysXVehicles (256)
[2018.03.28-23.18.32:024][111]LogModuleManager: Shutting down and abandoning module OculusEditor (254)
[2018.03.28-23.18.32:024][111]LogModuleManager: Shutting down and abandoning module LocationServicesBPLibrary (252)
[2018.03.28-23.18.32:024][111]LogModuleManager: Shutting down and abandoning module ImmediatePhysicsEditor (250)
[2018.03.28-23.18.32:024][111]LogModuleManager: Shutting down and abandoning module ImmediatePhysics (248)
[2018.03.28-23.18.32:024][111]LogModuleManager: Shutting down and abandoning module UdpMessaging (246)
[2018.03.28-23.18.32:125][111]LogModuleManager: Shutting down and abandoning module TcpMessaging (244)
[2018.03.28-23.18.32:246][111]LogModuleManager: Shutting down and abandoning module GameplayTagsEditor (242)
[2018.03.28-23.18.32:246][111]LogModuleManager: Shutting down and abandoning module FacialAnimationEditor (240)
[2018.03.28-23.18.32:247][111]LogModuleManager: Shutting down and abandoning module FacialAnimation (238)
[2018.03.28-23.18.32:247][111]LogModuleManager: Shutting down and abandoning module AssetManagerEditor (236)
[2018.03.28-23.18.32:247][111]LogModuleManager: Shutting down and abandoning module GraphEditor (235)
[2018.03.28-23.18.32:331][111]LogModuleManager: Shutting down and abandoning module ContentBrowser (233)
[2018.03.28-23.18.32:332][111]LogModuleManager: Shutting down and abandoning module LightPropagationVolumeRuntime (230)
[2018.03.28-23.18.32:332][111]LogModuleManager: Shutting down and abandoning module Paper2D (228)
[2018.03.28-23.18.32:332][111]LogModuleManager: Shutting down and abandoning module WindowsMoviePlayer (226)
[2018.03.28-23.18.32:333][111]LogModuleManager: Shutting down and abandoning module WmfMedia (224)
[2018.03.28-23.18.32:337][111]LogModuleManager: Shutting down and abandoning module PacketHandler (222)
[2018.03.28-23.18.32:337][111]LogModuleManager: Shutting down and abandoning module ClothingSystemEditor (220)
[2018.03.28-23.18.32:338][111]LogModuleManager: Shutting down and abandoning module ClothingSystemRuntime (218)
[2018.03.28-23.18.32:338][111]LogModuleManager: Shutting down and abandoning module Overlay (216)
[2018.03.28-23.18.32:338][111]LogModuleManager: Shutting down and abandoning module OverlayEditor (215)
[2018.03.28-23.18.32:338][111]LogModuleManager: Shutting down and abandoning module MediaAssets (212)
[2018.03.28-23.18.32:338][111]LogModuleManager: Shutting down and abandoning module VREditor (210)
[2018.03.28-23.18.32:352][111]LogModuleManager: Shutting down and abandoning module StringTableEditor (208)
[2018.03.28-23.18.32:352][111]LogModuleManager: Shutting down and abandoning module GameplayTasksEditor (206)
[2018.03.28-23.18.32:352][111]LogModuleManager: Shutting down and abandoning module BehaviorTreeEditor (204)
[2018.03.28-23.18.32:400][111]LogModuleManager: Shutting down and abandoning module FunctionalTesting (202)
[2018.03.28-23.18.32:400][111]LogModuleManager: Shutting down and abandoning module CollisionAnalyzer (200)
[2018.03.28-23.18.32:400][111]LogModuleManager: Shutting down and abandoning module WorkspaceMenuStructure (199)
[2018.03.28-23.18.32:400][111]LogModuleManager: Shutting down and abandoning module UMG (196)
[2018.03.28-23.18.32:426][111]LogModuleManager: Shutting down and abandoning module UMGEditor (195)
[2018.03.28-23.18.32:439][111]LogModuleManager: Shutting down and abandoning module Sequencer (194)
[2018.03.28-23.18.32:450][111]LogModuleManager: Shutting down and abandoning module MessageLog (191)
[2018.03.28-23.18.32:450][111]LogModuleManager: Shutting down and abandoning module SlateReflector (186)
[2018.03.28-23.18.32:501][111]LogModuleManager: Shutting down and abandoning module Slate (184)
[2018.03.28-23.18.32:501][111]LogModuleManager: Shutting down and abandoning module EditorStyle (182)
[2018.03.28-23.18.32:506][111]LogModuleManager: Shutting down and abandoning module MRMesh (180)
[2018.03.28-23.18.32:506][111]LogModuleManager: Shutting down and abandoning module SourceCodeAccess (178)
[2018.03.28-23.18.32:506][111]LogModuleManager: Shutting down and abandoning module HeadMountedDisplay (176)
[2018.03.28-23.18.32:506][111]LogModuleManager: Shutting down and abandoning module XAudio2 (174)
[2018.03.28-23.18.32:506][111]LogModuleManager: Shutting down and abandoning module Networking (172)
[2018.03.28-23.18.32:506][111]LogModuleManager: Shutting down and abandoning module Core (168)
[2018.03.28-23.18.32:506][111]LogModuleManager: Shutting down and abandoning module KismetCompiler (164)
[2018.03.28-23.18.32:506][111]LogModuleManager: Shutting down and abandoning module LevelSequence (162)
[2018.03.28-23.18.32:506][111]LogModuleManager: Shutting down and abandoning module MeshUtilities (160)
[2018.03.28-23.18.32:548][111]LogModuleManager: Shutting down and abandoning module MeshMergeUtilities (159)
[2018.03.28-23.18.32:570][111]LogModuleManager: Shutting down and abandoning module MeshReductionInterface (158)
[2018.03.28-23.18.32:570][111]LogModuleManager: Shutting down and abandoning module SimplygonSwarm (157)
[2018.03.28-23.18.32:580][111]LogModuleManager: Shutting down and abandoning module SimplygonMeshReduction (155)
[2018.03.28-23.18.32:580][111]LogModuleManager: Shutting down and abandoning module QuadricMeshReduction (153)
[2018.03.28-23.18.32:580][111]LogModuleManager: Shutting down and abandoning module MaterialBaking (149)
[2018.03.28-23.18.32:580][111]LogModuleManager: Shutting down and abandoning module DirectoryWatcher (146)
[2018.03.28-23.18.32:582][111]LogModuleManager: Shutting down and abandoning module DerivedDataCache (144)
[2018.03.28-23.18.32:665][111]LogDerivedDataCache: Shutdown
[2018.03.28-23.18.32:666][111]LogModuleManager: Shutting down and abandoning module TargetPlatform (142)
[2018.03.28-23.18.32:666][111]LogModuleManager: Shutting down and abandoning module VulkanShaderFormat (141)
[2018.03.28-23.18.32:666][111]LogModuleManager: Shutting down and abandoning module ShaderFormatVectorVM (139)
[2018.03.28-23.18.32:682][111]LogModuleManager: Shutting down and abandoning module ShaderFormatOpenGL (137)
[2018.03.28-23.18.32:690][111]LogModuleManager: Shutting down and abandoning module ShaderFormatD3D (135)
[2018.03.28-23.18.32:691][111]LogModuleManager: Shutting down and abandoning module MetalShaderFormat (133)
[2018.03.28-23.18.32:704][111]LogModuleManager: Shutting down and abandoning module TextureFormatUncompressed (131)
[2018.03.28-23.18.32:704][111]LogModuleManager: Shutting down and abandoning module TextureFormatPVR (129)
[2018.03.28-23.18.32:704][111]LogModuleManager: Shutting down and abandoning module TextureFormatDXT (127)
[2018.03.28-23.18.32:704][111]LogModuleManager: Shutting down and abandoning module TextureFormatIntelISPCTexComp (125)
[2018.03.28-23.18.32:718][111]LogModuleManager: Shutting down and abandoning module TextureFormatASTC (123)
[2018.03.28-23.18.32:718][111]LogModuleManager: Shutting down and abandoning module ImageWrapper (122)
[2018.03.28-23.18.32:718][111]LogModuleManager: Shutting down and abandoning module TextureFormatAndroid (119)
[2018.03.28-23.18.32:718][111]LogModuleManager: Shutting down and abandoning module AudioFormatOpus (117)
[2018.03.28-23.18.32:718][111]LogModuleManager: Shutting down and abandoning module AudioFormatOgg (115)
[2018.03.28-23.18.32:718][111]LogModuleManager: Shutting down and abandoning module AudioFormatADPCM (113)
[2018.03.28-23.18.32:718][111]LogModuleManager: Shutting down and abandoning module LinuxTargetPlatform (111)
[2018.03.28-23.18.32:718][111]LogModuleManager: Shutting down and abandoning module LinuxServerTargetPlatform (109)
[2018.03.28-23.18.32:718][111]LogModuleManager: Shutting down and abandoning module LinuxNoEditorTargetPlatform (107)
[2018.03.28-23.18.32:718][111]LogModuleManager: Shutting down and abandoning module LinuxClientTargetPlatform (105)
[2018.03.28-23.18.32:718][111]LogModuleManager: Shutting down and abandoning module TVOSTargetPlatform (103)
[2018.03.28-23.18.32:718][111]LogModuleManager: Shutting down and abandoning module Messaging (101)
[2018.03.28-23.18.32:718][111]LogModuleManager: Shutting down and abandoning module IOSTargetPlatform (99)
[2018.03.28-23.18.32:718][111]LogModuleManager: Shutting down and abandoning module HTML5TargetPlatform (97)
[2018.03.28-23.18.32:718][111]LogModuleManager: Shutting down and abandoning module Android_PVRTCTargetPlatform (95)
[2018.03.28-23.18.32:719][111]LogModuleManager: Shutting down and abandoning module Android_MultiTargetPlatform (93)
[2018.03.28-23.18.32:719][111]LogModuleManager: Shutting down and abandoning module Android_ETC2TargetPlatform (91)
[2018.03.28-23.18.32:719][111]LogModuleManager: Shutting down and abandoning module Android_ETC1TargetPlatform (89)
[2018.03.28-23.18.32:719][111]LogModuleManager: Shutting down and abandoning module Android_DXTTargetPlatform (87)
[2018.03.28-23.18.32:719][111]LogModuleManager: Shutting down and abandoning module Android_ATCTargetPlatform (85)
[2018.03.28-23.18.32:719][111]LogModuleManager: Shutting down and abandoning module Android_ASTCTargetPlatform (83)
[2018.03.28-23.18.32:719][111]LogModuleManager: Shutting down and abandoning module AndroidTargetPlatform (81)
[2018.03.28-23.18.32:719][111]LogModuleManager: Shutting down and abandoning module WindowsTargetPlatform (79)
[2018.03.28-23.18.32:719][111]LogModuleManager: Shutting down and abandoning module WindowsServerTargetPlatform (77)
[2018.03.28-23.18.32:719][111]LogModuleManager: Shutting down and abandoning module WindowsNoEditorTargetPlatform (75)
[2018.03.28-23.18.32:719][111]LogModuleManager: Shutting down and abandoning module WindowsClientTargetPlatform (73)
[2018.03.28-23.18.32:719][111]LogModuleManager: Shutting down and abandoning module MacTargetPlatform (71)
[2018.03.28-23.18.32:719][111]LogModuleManager: Shutting down and abandoning module MacServerTargetPlatform (69)
[2018.03.28-23.18.32:719][111]LogModuleManager: Shutting down and abandoning module MacNoEditorTargetPlatform (67)
[2018.03.28-23.18.32:719][111]LogModuleManager: Shutting down and abandoning module MacClientTargetPlatform (65)
[2018.03.28-23.18.32:719][111]LogModuleManager: Shutting down and abandoning module AllDesktopTargetPlatform (63)
[2018.03.28-23.18.32:719][111]LogModuleManager: Shutting down and abandoning module InputCore (60)
[2018.03.28-23.18.32:719][111]LogModuleManager: Shutting down and abandoning module Settings (58)
[2018.03.28-23.18.32:719][111]LogModuleManager: Shutting down and abandoning module PhysXCooking (56)
[2018.03.28-23.18.32:719][111]LogModuleManager: Shutting down and abandoning module SteamVR (54)
[2018.03.28-23.18.32:719][111]LogModuleManager: Shutting down and abandoning module OculusHMD (52)
[2018.03.28-23.18.32:719][111]LogModuleManager: Shutting down and abandoning module ExampleDeviceProfileSelector (50)
[2018.03.28-23.18.32:719][111]LogModuleManager: Shutting down and abandoning module OnlineBlueprintSupport (48)
[2018.03.28-23.18.32:719][111]LogModuleManager: Shutting down and abandoning module OnlineSubsystem (44)
[2018.03.28-23.18.32:719][111]LogOnline: Display: Unloading online subsystem: NULL
[2018.03.28-23.18.32:775][111]LogModuleManager: Shutting down and abandoning module XMPP (43)
[2018.03.28-23.18.32:793][111]LogModuleManager: Shutting down and abandoning module HTTP (41)
[2018.03.28-23.18.32:793][111]LogHttp: Display: Http module shutting down, but needs to wait on 1 outstanding Http requests:
[2018.03.28-23.18.32:793][111]LogHttp: Display: 	verb=[POST] url=[https://datarouter.ol.epicgames.com/datarouter/api/v1/public/data?SessionID=%7B8E6106D2-4DF2-3AC8-9688-18BAE09B2E35%7D&AppID=UEEditor.Rocket.Release&AppVersion=4.17.2-3658906%2B%2B%2BUE4%2BRelease-4.17&UserID=330c018a40119ac8aa6082a42e8f404e%7C88057b4134714c0f98d798880975d3e9%7C63e0c156-2a72-4222-bd44-364fd265f9e2&AppEnvironment=datacollector-binary&UploadType=eteventstream] status=Processing
[2018.03.28-23.18.32:803][111]LogModuleManager: Shutting down and abandoning module SSL (40)
[2018.03.28-23.18.32:808][111]LogModuleManager: Shutting down and abandoning module AnimationModifiers (36)
[2018.03.28-23.18.32:808][111]LogModuleManager: Shutting down and abandoning module PropertyEditor (35)
[2018.03.28-23.18.32:808][111]LogModuleManager: Shutting down and abandoning module AudioEditor (32)
[2018.03.28-23.18.32:831][111]LogModuleManager: Shutting down and abandoning module TextureCompressor (30)
[2018.03.28-23.18.32:831][111]LogModuleManager: Shutting down and abandoning module ShaderCore (28)
[2018.03.28-23.18.32:832][111]LogModuleManager: Shutting down and abandoning module Landscape (26)
[2018.03.28-23.18.32:832][111]LogModuleManager: Shutting down and abandoning module SlateRHIRenderer (24)
[2018.03.28-23.18.32:856][111]LogModuleManager: Shutting down and abandoning module OpenGLDrv (22)
[2018.03.28-23.18.32:872][111]LogModuleManager: Shutting down and abandoning module D3D11RHI (20)
[2018.03.28-23.18.32:872][111]LogModuleManager: Shutting down and abandoning module AnimGraphRuntime (18)
[2018.03.28-23.18.32:872][111]LogModuleManager: Shutting down and abandoning module Renderer (16)
[2018.03.28-23.18.32:872][111]LogModuleManager: Shutting down and abandoning module Engine (14)
[2018.03.28-23.18.32:872][111]LogModuleManager: Shutting down and abandoning module CoreUObject (12)
[2018.03.28-23.18.32:872][111]LogModuleManager: Shutting down and abandoning module NetworkFile (10)
[2018.03.28-23.18.32:874][111]LogModuleManager: Shutting down and abandoning module CookedIterativeFile (8)
[2018.03.28-23.18.32:874][111]LogModuleManager: Shutting down and abandoning module StreamingFile (6)
[2018.03.28-23.18.32:874][111]LogModuleManager: Shutting down and abandoning module SandboxFile (4)
[2018.03.28-23.18.32:874][111]LogModuleManager: Shutting down and abandoning module PakFile (2)
[2018.03.28-23.18.32:886][111]LogExit: Exiting.
[2018.03.28-23.18.32:930][111]Log file closed, 03/28/18 19:18:32
