Log file open, 04/16/18 19:59:03
LogWindows: Failed to load 'aqProf.dll' (GetLastError=126)
LogWindows: File 'aqProf.dll' does not exist
LogWindows: Failed to load 'VSPerf140.dll' (GetLastError=126)
LogWindows: File 'VSPerf140.dll' does not exist
LogWindows: Failed to load 'VtuneApi.dll' (GetLastError=126)
LogWindows: File 'VtuneApi.dll' does not exist
LogWindows: Failed to load 'VtuneApi32e.dll' (GetLastError=126)
LogWindows: File 'VtuneApi32e.dll' does not exist
LogInit: Display: Running engine for game: RISE_GAME
LogPlatformFile: Not using cached read wrapper
LogInit: Display: RandInit(-2133928299) SRandInit(-2133928299).
LogTaskGraph: Started task graph with 5 named threads and 8 total threads with 3 sets of task threads.
LogStats: Stats thread started at 0.154281
LogD3D11RHI: Aftermath initialized
LogPluginManager: Mounting plugin LightPropagationVolume
LogPluginManager: Mounting plugin GitSourceControl
LogPluginManager: Mounting plugin PerforceSourceControl
LogPluginManager: Mounting plugin SubversionSourceControl
LogPluginManager: Mounting plugin UObjectPlugin
LogPluginManager: Mounting plugin VisualStudioSourceCodeAccess
LogPluginManager: Mounting plugin AssetManagerEditor
LogPluginManager: Mounting plugin AudioCapture
LogPluginManager: Mounting plugin GameplayTagsEditor
LogPluginManager: Mounting plugin MobileLauncherProfileWizard
LogPluginManager: Mounting plugin PluginBrowser
LogPluginManager: Mounting plugin SpeedTreeImporter
LogPluginManager: Mounting plugin CharacterAI
LogPluginManager: Mounting plugin AndroidMedia
LogPluginManager: Mounting plugin MediaPlayerEditor
LogPluginManager: Mounting plugin WmfMedia
LogPluginManager: Mounting plugin TcpMessaging
LogPluginManager: Mounting plugin UdpMessaging
LogPluginManager: Mounting plugin LevelSequenceEditor
LogPluginManager: Mounting plugin MatineeToLevelSequence
LogPluginManager: Mounting plugin OnlineSubsystemGooglePlay
LogPluginManager: Mounting plugin OnlineSubsystem
LogPluginManager: Mounting plugin OnlineSubsystemNull
LogPluginManager: Mounting plugin OnlineSubsystemUtils
LogPluginManager: Mounting plugin AndroidDeviceProfileSelector
LogPluginManager: Mounting plugin AndroidMoviePlayer
LogPluginManager: Mounting plugin AndroidPermission
LogPluginManager: Mounting plugin ArchVisCharacter
LogPluginManager: Mounting plugin CableComponent
LogPluginManager: Mounting plugin ExampleDeviceProfileSelector
LogPluginManager: Mounting plugin ImmediatePhysics
LogPluginManager: Mounting plugin LocationServicesBPLibrary
LogPluginManager: Mounting plugin MobilePatchingUtils
LogPluginManager: Mounting plugin ProceduralMeshComponent
LogPluginManager: Mounting plugin RuntimePhysXCooking
LogPluginManager: Mounting plugin SlateRemote
LogInit: Using libcurl 7.47.1
LogInit:  - built for x86_64-pc-win32
LogInit:  - supports SSL with OpenSSL/1.0.2g
LogInit:  - supports HTTP deflate (compression) using libz 1.2.8
LogInit:  - other features:
LogInit:      CURL_VERSION_SSL
LogInit:      CURL_VERSION_LIBZ
LogInit:      CURL_VERSION_IPV6
LogInit:      CURL_VERSION_ASYNCHDNS
LogInit:      CURL_VERSION_LARGEFILE
LogInit:      CURL_VERSION_IDN
LogInit:  CurlRequestOptions (configurable via config and command line):
LogInit:  - bVerifyPeer = false  - Libcurl will NOT verify peer certificate
LogInit:  - bUseHttpProxy = false  - Libcurl will NOT use HTTP proxy
LogInit:  - bDontReuseConnections = false  - Libcurl will reuse connections
LogInit:  - CertBundlePath = nullptr  - Libcurl will use whatever was configured at build time.
LogInit: Build: ++UE4+Release-4.17-CL-3658906
LogInit: Engine Version: 4.17.2-3658906+++UE4+Release-4.17
LogInit: Compatible Engine Version: 4.17.0-3573198+++UE4+Release-4.17
LogInit: Net CL: 3573198
LogDevObjectVersion: Number of dev versions registered: 16
LogDevObjectVersion:   Dev-Blueprints (B0D832E4-1F89-4F0D-ACCF-7EB736FD4AA2): 10
LogDevObjectVersion:   Dev-Build (E1C64328-A22C-4D53-A36C-8E866417BD8C): 0
LogDevObjectVersion:   Dev-Core (375EC13C-06E4-48FB-B500-84F0262A717E): 2
LogDevObjectVersion:   Dev-Editor (E4B068ED-F494-42E9-A231-DA0B2E46BB41): 20
LogDevObjectVersion:   Dev-Framework (CFFC743F-43B0-4480-9391-14DF171D2073): 28
LogDevObjectVersion:   Dev-Mobile (B02B49B5-BB20-44E9-A304-32B752E40360): 0
LogDevObjectVersion:   Dev-Networking (A4E4105C-59A1-49B5-A7C5-40C4547EDFEE): 0
LogDevObjectVersion:   Dev-Online (39C831C9-5AE6-47DC-9A44-9C173E1C8E7C): 0
LogDevObjectVersion:   Dev-Physics (78F01B33-EBEA-4F98-B9B4-84EACCB95AA2): 0
LogDevObjectVersion:   Dev-Platform (6631380F-2D4D-43E0-8009-CF276956A95A): 0
LogDevObjectVersion:   Dev-Rendering (12F88B9F-8875-4AFC-A67C-D90C383ABD29): 19
LogDevObjectVersion:   Dev-Sequencer (7B5AE74C-D270-4C10-A958-57980B212A5A): 4
LogDevObjectVersion:   Dev-VR (D7296918-1DD6-4BDD-9DE2-64A83CC13884): 0
LogDevObjectVersion:   Dev-LoadTimes (C2A15278-BFE7-4AFE-6C17-90FF531DF755): 1
LogDevObjectVersion:   Private-Geometry (6EACA3D4-40EC-4CC1-B786-8BED09428FC5): 1
LogDevObjectVersion:   Dev-AnimPhys (29E575DD-E0A3-4627-9D10-D276232CDCEA): 7
LogInit: Compiled (64-bit): Sep 22 2017 13:47:16
LogInit: Compiled with Visual C++: 19.00.24215.01
LogInit: Build Configuration: Development
LogInit: Branch Name: ++UE4+Release-4.17
LogInit: Command line:  
LogInit: Base directory: C:/Program Files/Epic Games/UE_4.17/Engine/Binaries/Win64/
LogInit: Installed Engine Build: 1
LogInit: Presizing for max 8388607 objects, including 0 objects not considered by GC, pre-allocating 0 bytes for permanent pool.
LogInit: Object subsystem initialized
[2018.04.16-23.59.04:057][  0]LogInit: Selected Device Profile: [Windows]
[2018.04.16-23.59.04:057][  0]LogInit: Applying CVar settings loaded from the selected device profile: [Windows]
[2018.04.16-23.59.04:127][  0]LogInit: Computer: DESKTOP-SJI2LPG
[2018.04.16-23.59.04:127][  0]LogInit: User: isma0
[2018.04.16-23.59.04:127][  0]LogInit: CPU Page size=4096, Cores=2
[2018.04.16-23.59.04:127][  0]LogInit: High frequency timer resolution =2.531249 MHz
[2018.04.16-23.59.04:128][  0]LogMemory: Memory total: Physical=23.9GB (24GB approx)
[2018.04.16-23.59.04:128][  0]LogMemory: Platform Memory Stats for Windows
[2018.04.16-23.59.04:128][  0]LogMemory: Process Physical Memory: 276.36 MB used, 276.36 MB peak
[2018.04.16-23.59.04:128][  0]LogMemory: Process Virtual Memory: 275.57 MB used, 275.57 MB peak
[2018.04.16-23.59.04:128][  0]LogMemory: Physical Memory: 4021.71 MB used,  20418.24 MB free, 24439.95 MB total
[2018.04.16-23.59.04:128][  0]LogMemory: Virtual Memory: 701.51 MB used,  20418.24 MB free, 134217728.00 MB total
[2018.04.16-23.59.04:717][  0]LogInit: Using OS detected language (en-US).
[2018.04.16-23.59.04:717][  0]LogInit: Using OS detected locale (en-US).
[2018.04.16-23.59.04:843][  0]LogTextLocalizationManager: No specific localization for 'en-US' exists, so the 'en' localization will be used.
[2018.04.16-23.59.06:773][  0]LogD3D11RHI: D3D11 adapters:
[2018.04.16-23.59.07:436][  0]LogD3D11RHI:    0. 'NVIDIA GeForce 940MX' (Feature Level 11_0)
[2018.04.16-23.59.07:436][  0]LogD3D11RHI:       2010/0/12219 MB DedicatedVideo/DedicatedSystem/SharedSystem, Outputs:1, VendorId:0x10de
[2018.04.16-23.59.07:445][  0]LogD3D11RHI:    1. 'Intel(R) HD Graphics 520' (Feature Level 11_0)
[2018.04.16-23.59.07:445][  0]LogD3D11RHI:       128/0/12219 MB DedicatedVideo/DedicatedSystem/SharedSystem, Outputs:0, VendorId:0x8086
[2018.04.16-23.59.07:448][  0]LogD3D11RHI:    2. 'Microsoft Basic Render Driver' (Feature Level 11_0)
[2018.04.16-23.59.07:448][  0]LogD3D11RHI:       0/0/12219 MB DedicatedVideo/DedicatedSystem/SharedSystem, Outputs:0, VendorId:0x1414
[2018.04.16-23.59.07:448][  0]LogD3D11RHI: Chosen D3D11 Adapter: 0
[2018.04.16-23.59.07:455][  0]LogD3D11RHI: Creating new Direct3DDevice
[2018.04.16-23.59.07:455][  0]LogD3D11RHI:     GPU DeviceId: 0x179c (for the marketing name, search the web for "GPU Device Id")
[2018.04.16-23.59.07:455][  0]LogWindows: EnumDisplayDevices:
[2018.04.16-23.59.07:455][  0]LogWindows:    0. 'Intel(R) HD Graphics 520' (P:1 D:1)
[2018.04.16-23.59.07:455][  0]LogWindows:    1. 'Intel(R) HD Graphics 520' (P:0 D:0)
[2018.04.16-23.59.07:456][  0]LogWindows:    2. 'Intel(R) HD Graphics 520' (P:0 D:0)
[2018.04.16-23.59.07:456][  0]LogWindows: DebugString: GetVideoDriverDetailsInvalid PrimaryIsNotTheChoosenAdapter GetVideoDriverDetailsInvalid PrimaryIsNotTheChoosenAdapter GetVideoDriverDetailsInvalid PrimaryIsNotTheChoosenAdapter FoundDriverCount:0 
[2018.04.16-23.59.07:456][  0]LogD3D11RHI:     Adapter Name: NVIDIA GeForce 940MX
[2018.04.16-23.59.07:456][  0]LogD3D11RHI:   Driver Version: Unknown (internal:Unknown, unified:Unknown)
[2018.04.16-23.59.07:456][  0]LogD3D11RHI:      Driver Date: Unknown
[2018.04.16-23.59.07:456][  0]LogRHI: Texture pool is 1361 MB (70% of 1945 MB)
[2018.04.16-23.59.07:496][  0]LogD3D11RHI: Async texture creation enabled
[2018.04.16-23.59.07:516][  0]LogD3D11RHI: GPU Timing Frequency: 1000.000000 (Debug: 2 2)
[2018.04.16-23.59.07:517][  0]LogShaderCompilers: Guid format shader working directory is -32 characters bigger than the processId version (../../../../../../Users/isma0/Documents/Unreal Projects/RISE-Mobile/RISE_GAME/Intermediate/Shaders/WorkingDirectory/16372/).
[2018.04.16-23.59.07:517][  0]LogShaderCompilers: Cleaned the shader compiler working directory 'C:/Users/isma0/AppData/Local/Temp/UnrealShaderWorkingDir/52261D11446EADE427FD54B20DA743CD/'.
[2018.04.16-23.59.07:517][  0]LogShaderCompilers: Display: Using Local Shader Compiler.
[2018.04.16-23.59.10:902][  0]LogTemp: Display: Loaded TP AllDesktopTargetPlatform
[2018.04.16-23.59.10:949][  0]LogTemp: Display: Loaded TP MacClientTargetPlatform
[2018.04.16-23.59.10:996][  0]LogTemp: Display: Loaded TP MacNoEditorTargetPlatform
[2018.04.16-23.59.11:043][  0]LogTemp: Display: Loaded TP MacServerTargetPlatform
[2018.04.16-23.59.11:112][  0]LogTemp: Display: Loaded TP MacTargetPlatform
[2018.04.16-23.59.11:159][  0]LogTemp: Display: Loaded TP WindowsClientTargetPlatform
[2018.04.16-23.59.11:207][  0]LogTemp: Display: Loaded TP WindowsNoEditorTargetPlatform
[2018.04.16-23.59.11:254][  0]LogTemp: Display: Loaded TP WindowsServerTargetPlatform
[2018.04.16-23.59.11:295][  0]LogTemp: Display: Loaded TP WindowsTargetPlatform
[2018.04.16-23.59.11:369][  0]LogTemp: Display: Loaded TP AndroidTargetPlatform
[2018.04.16-23.59.11:416][  0]LogTemp: Display: Loaded TP Android_ASTCTargetPlatform
[2018.04.16-23.59.11:462][  0]LogTemp: Display: Loaded TP Android_ATCTargetPlatform
[2018.04.16-23.59.11:509][  0]LogTemp: Display: Loaded TP Android_DXTTargetPlatform
[2018.04.16-23.59.11:555][  0]LogTemp: Display: Loaded TP Android_ETC1TargetPlatform
[2018.04.16-23.59.11:600][  0]LogTemp: Display: Loaded TP Android_ETC2TargetPlatform
[2018.04.16-23.59.11:698][  0]LogTemp: Display: Loaded TP Android_MultiTargetPlatform
[2018.04.16-23.59.11:698][  0]LogTemp: Display: Loaded TP Android_PVRTCTargetPlatform
[2018.04.16-23.59.11:733][  0]LogTemp: Display: Loaded TP HTML5TargetPlatform
[2018.04.16-23.59.11:838][  0]LogTemp: Display: Loaded TP IOSTargetPlatform
[2018.04.16-23.59.11:865][  0]LogTemp: Display: Loaded TP TVOSTargetPlatform
[2018.04.16-23.59.11:917][  0]LogTemp: Display: Loaded TP LinuxClientTargetPlatform
[2018.04.16-23.59.11:970][  0]LogTemp: Display: Loaded TP LinuxNoEditorTargetPlatform
[2018.04.16-23.59.12:025][  0]LogTemp: Display: Loaded TP LinuxServerTargetPlatform
[2018.04.16-23.59.12:082][  0]LogTemp: Display: Loaded TP LinuxTargetPlatform
[2018.04.16-23.59.12:082][  0]LogTargetPlatformManager: Display: Building Assets For Windows
[2018.04.16-23.59.12:775][  0]LogDerivedDataCache: Display: Max Cache Size: 512 MB
[2018.04.16-23.59.13:784][  0]LogDerivedDataCache: Loaded boot cache 1.01s 94MB C:/Users/isma0/AppData/Local/UnrealEngine/4.17/DerivedDataCache/Boot.ddc.
[2018.04.16-23.59.13:785][  0]LogDerivedDataCache: Display: Loaded Boot cache: C:/Users/isma0/AppData/Local/UnrealEngine/4.17/DerivedDataCache/Boot.ddc
[2018.04.16-23.59.13:785][  0]LogDerivedDataCache: FDerivedDataBackendGraph:  Pak pak cache file ../../../../../../Users/isma0/Documents/Unreal Projects/RISE-Mobile/RISE_GAME/DerivedDataCache/DDC.ddp not found, will not use a pak cache.
[2018.04.16-23.59.13:785][  0]LogDerivedDataCache: Unable to find inner node Pak for hierarchical cache Hierarchy.
[2018.04.16-23.59.13:785][  0]LogDerivedDataCache: FDerivedDataBackendGraph:  CompressedPak pak cache file ../../../../../../Users/isma0/Documents/Unreal Projects/RISE-Mobile/RISE_GAME/DerivedDataCache/Compressed.ddp not found, will not use a pak cache.
[2018.04.16-23.59.13:785][  0]LogDerivedDataCache: Unable to find inner node CompressedPak for hierarchical cache Hierarchy.
[2018.04.16-23.59.13:845][  0]LogDerivedDataCache: Display: Pak cache opened for reading ../../../Engine/DerivedDataCache/Compressed.ddp.
[2018.04.16-23.59.13:858][  0]LogDerivedDataCache: Using Local data cache path C:/Users/isma0/AppData/Local/UnrealEngine/Common/DerivedDataCache: Writable
[2018.04.16-23.59.13:869][  0]LogMaterial: Verifying Global Shaders for PCD3D_SM5
[2018.04.16-23.59.13:869][  0]LogSlate: Using Freetype 2.6.0
[2018.04.16-23.59.13:895][  0]LogSlate: SlateFontCache - WITH_FREETYPE: 1, WITH_HARFBUZZ: 1
[2018.04.16-23.59.13:895][  0]LogSlate: SlateFontCache - WITH_FREETYPE: 1, WITH_HARFBUZZ: 1
[2018.04.16-23.59.16:881][  0]LogAssetRegistry: FAssetRegistry took 0.0272 seconds to start up
[2018.04.16-23.59.17:147][  0]LogInit: Selected Device Profile: [Windows]
[2018.04.16-23.59.19:283][  0]LogContentStreaming: Texture pool size is 0.00 MB
[2018.04.16-23.59.19:640][  0]LogSimplygon: Simplygon DLL not present - disabling.
[2018.04.16-23.59.19:681][  0]LogMeshReduction: Using SimplygonSwarm for distributed automatic mesh merging
[2018.04.16-23.59.19:681][  0]LogMeshReduction: Using QuadricMeshReduction for automatic static mesh reduction
[2018.04.16-23.59.19:681][  0]LogMeshReduction: No automatic skeletal mesh reduction module available
[2018.04.16-23.59.19:681][  0]LogMeshReduction: No automatic mesh merging module available
[2018.04.16-23.59.19:681][  0]LogMeshMerging: No automatic mesh merging module available
[2018.04.16-23.59.22:020][  0]LogNetVersion: RISE_GAME , NetCL: 3573198, EngineNetVer: 2, GameNetVer: 0 (Checksum: 1739909859)
[2018.04.16-23.59.22:559][  0]LogPackageLocalizationCache: Processed 2 localized package path(s) for 2 prioritized culture(s) in 0.029186 seconds
[2018.04.16-23.59.22:565][  0]LogUObjectArray: 35418 objects as part of root set at end of initial load.
[2018.04.16-23.59.22:565][  0]LogUObjectAllocator: 7448088 out of 0 bytes used by permanent object pool.
[2018.04.16-23.59.22:565][  0]LogUObjectArray: CloseDisregardForGC: 0/0 objects in disregard for GC pool
[2018.04.16-23.59.22:666][  0]LogInit: WinSock: version 1.1 (2.2), MaxSocks=32767, MaxUdp=65467
[2018.04.17-00.00.12:630][  0]LogTcpMessaging: Initializing TcpMessaging bridge
[2018.04.17-00.00.12:667][  0]LogUdpMessaging: Initializing bridge on interface 0.0.0.0:0 to multicast group 230.0.0.1:6666.
[2018.04.17-00.00.13:049][  0]SourceControl: Source control is disabled
[2018.04.17-00.00.13:049][  0]SourceControl: Source control is disabled
[2018.04.17-00.00.13:113][  0]SourceControl: Source control is disabled
[2018.04.17-00.00.13:191][  0]SourceControl: Source control is disabled
[2018.04.17-00.00.13:924][  0]LogAndroidPermission: UAndroidPermissionCallbackProxy::GetInstance
[2018.04.17-00.00.14:378][  0]LogEngine: Initializing Engine...
[2018.04.17-00.00.14:656][  0]LogStats: UGameplayTagsManager::ConstructGameplayTagTree: Construct from data asset -  0.000 s
[2018.04.17-00.00.14:656][  0]LogStats: UGameplayTagsManager::ConstructGameplayTagTree: GameplayTagTreeChangedEvent.Broadcast -  0.000 s
[2018.04.17-00.00.14:795][  0]LogAIModule: Creating AISystem for world Untitled
[2018.04.17-00.00.14:812][  0]LogInit: XAudio2 using 'Speakers (Realtek High Definition Audio)' : 2 channels at 48 kHz using 32 bits per sample (channel mask 0x3)
[2018.04.17-00.00.15:011][  0]LogInit: FAudioDevice initialized.
[2018.04.17-00.00.15:148][  0]LogDerivedDataCache: Saved boot cache 0.14s 92MB C:/Users/isma0/AppData/Local/UnrealEngine/4.17/DerivedDataCache/Boot.ddc.
[2018.04.17-00.00.15:158][  0]LogInit: Texture streaming: Enabled
[2018.04.17-00.00.15:337][  0]LogMaterial: Uniform references updated for custom material expression Custom.
[2018.04.17-00.00.15:785][  0]LogEngineSessionManager: EngineSessionManager initialized
[2018.04.17-00.00.16:281][  0]LogInit: Transaction tracking system initialized
[2018.04.17-00.00.16:722][  0]BlueprintLog: New page: Editor Load
[2018.04.17-00.00.17:754][  0]LocalizationService: Localization service is disabled
[2018.04.17-00.00.18:692][  0]LogConsoleResponse: Display: 
[2018.04.17-00.00.20:905][  0]LogCook: Display: Max memory allowance for cook 16384mb min free memory 0mb
[2018.04.17-00.00.20:906][  0]LogCook: Display: Mobile HDR setting 1
[2018.04.17-00.00.20:906][  0]LogGameplayTags: Display: UGameplayTagsManager::DoneAddingNativeTags. DelegateIsBound: 0
[2018.04.17-00.00.22:029][  0]LogFileCache: Scanning file cache for directory 'C:/Users/isma0/Documents/Unreal Projects/RISE-Mobile/RISE_GAME/Content/' took 0.02s
[2018.04.17-00.00.23:045][  0]SourceControl: Source control is disabled
[2018.04.17-00.00.23:045][  0]Cmd: MAP LOAD FILE="../../../../../../Users/isma0/Documents/Unreal Projects/RISE-Mobile/RISE_GAME/Content/SideScrollerBP/Maps/SideScrollerExampleMap.umap" TEMPLATE=0 SHOWPROGRESS=1 FEATURELEVEL=3
[2018.04.17-00.00.23:045][  0]LightingResults: New page: Lighting Build
[2018.04.17-00.00.23:085][  0]MapCheck: New page: Map Check
[2018.04.17-00.00.23:085][  0]LightingResults: New page: Lighting Build
[2018.04.17-00.00.41:783][  0]LogAIModule: Creating AISystem for world SideScrollerExampleMap
[2018.04.17-00.00.41:857][  0]LogEditorServer: Finished looking for orphan Actors (0.000 secs)
[2018.04.17-00.00.41:889][  0]Cmd: MAP CHECKDEP NOCLEARLOG
[2018.04.17-00.00.41:950][  0]MapCheck: Map check complete: 0 Error(s), 0 Warning(s), took 60.783ms to complete.
[2018.04.17-00.00.41:950][  0]LogFileHelpers: Loading map 'SideScrollerExampleMap' took 18.906
[2018.04.17-00.00.42:171][  0]LogCollectionManager: Loaded 0 collections in 0.002495 seconds
[2018.04.17-00.00.42:253][  0]LogFileCache: Scanning file cache for directory 'C:/Users/isma0/Documents/Unreal Projects/RISE-Mobile/RISE_GAME/Saved/Collections/' took 0.01s
[2018.04.17-00.00.42:253][  0]LogFileCache: Scanning file cache for directory 'C:/Users/isma0/Documents/Unreal Projects/RISE-Mobile/RISE_GAME/Content/Developers/isma0/Collections/' took 0.01s
[2018.04.17-00.00.42:253][  0]LogFileCache: Scanning file cache for directory 'C:/Users/isma0/Documents/Unreal Projects/RISE-Mobile/RISE_GAME/Content/Collections/' took 0.01s
[2018.04.17-00.00.42:253][  0]LogCollectionManager: Rebuilt the GUID cache for 0 collections in 0.000000 seconds
[2018.04.17-00.00.42:265][  0]LogContentBrowser: Native class hierarchy populated in 0.0120 seconds. Added 2312 classes and 451 folders.
[2018.04.17-00.00.42:334][  0]LogContentBrowser: Native class hierarchy updated for 'WidgetCarousel' in 0.0007 seconds. Added 0 classes and 0 folders.
[2018.04.17-00.00.48:205][  0]LogContentBrowser: Native class hierarchy updated for 'AddContentDialog' in 0.0009 seconds. Added 0 classes and 0 folders.
[2018.04.17-00.00.48:251][  0]LogContentBrowser: Native class hierarchy updated for 'SceneOutliner' in 0.0008 seconds. Added 1 classes and 2 folders.
[2018.04.17-00.00.48:398][  0]LogSlate: Took 0.056324 seconds to synchronously load lazily loaded font '../../../Engine/Content/Slate/Fonts/Roboto-Regular.ttf' (155K)
[2018.04.17-00.00.48:557][  0]LogSlate: Took 0.157502 seconds to synchronously load lazily loaded font '../../../Engine/Content/Slate/Fonts/Roboto-Bold.ttf' (160K)
[2018.04.17-00.00.48:787][  0]LogSlate: Took 0.225468 seconds to synchronously load lazily loaded font '../../../Engine/Content/Editor/Slate/Fonts/FontAwesome.ttf' (139K)
[2018.04.17-00.00.49:069][  0]LogRenderer: Reallocating scene render targets to support 964x448 Format 10 NumSamples 1 (Frame:1).
[2018.04.17-00.00.50:287][  0]LogContentBrowser: Native class hierarchy updated for 'HierarchicalLODOutliner' in 0.0013 seconds. Added 1 classes and 2 folders.
[2018.04.17-00.00.50:287][  0]LogLoad: (Engine Initialization) Total time: 110.65 seconds
[2018.04.17-00.00.50:287][  0]LogLoad: (Engine Initialization) Total Blueprint compile time: 0.00 seconds
[2018.04.17-00.00.50:288][  0]LogExternalProfiler: No external profilers were discovered.  External profiling features will not be available.
[2018.04.17-00.00.51:225][  0]LogContentStreaming: Texture pool size now 1000 MB
[2018.04.17-00.00.51:385][  0]LogSlate: Took 0.079003 seconds to synchronously load lazily loaded font '../../../Engine/Content/Slate/Fonts/Roboto-Light.ttf' (159K)
[2018.04.17-00.00.51:835][  1]LogAssetRegistry: Asset discovery search completed in 94.9765 seconds
[2018.04.17-00.00.51:838][  1]LogCollectionManager: Rebuilt the object cache for 0 collections in 0.000000 seconds (found 0 objects)
[2018.04.17-00.00.51:838][  1]LogCollectionManager: Fixed up redirectors for 0 collections in 0.000102 seconds (updated 0 objects)
[2018.04.17-00.00.56:662][ 12]LogFileCache: Retrieving MD5 hashes for directory 'C:/Users/isma0/Documents/Unreal Projects/RISE-Mobile/RISE_GAME/Content/' took 6.02s
[2018.04.17-00.00.58:669][ 18]LogStreaming: Warning: Failed to open ANSI TEXT file C:/Users/isma0/Documents/Unreal Projects/RISE-Mobile/RISE_GAME/Saved/HardwareSurvey/dxdiag.txt
[2018.04.17-00.00.58:684][ 19]LogStreaming: Warning: Failed to open ANSI TEXT file C:/Users/isma0/Documents/Unreal Projects/RISE-Mobile/RISE_GAME/Saved/HardwareSurvey/dxdiag.txt
[2018.04.17-00.00.59:022][ 20]LogWindows: Warning: FWindowsPlatformSurvey::TickSurveyHardware() failed to parse available memory from dxdiag report
[2018.04.17-00.00.59:043][ 20]LogSynthBenchmark: Display: FSynthBenchmark (V0.95):  requested WorkScale=5.00
[2018.04.17-00.00.59:043][ 20]LogSynthBenchmark: Display: ===============
[2018.04.17-00.00.59:043][ 20]LogSynthBenchmark: Display: Main Processor:
[2018.04.17-00.00.59:286][ 20]LogSynthBenchmark: Display:          ... 0.024754 s/Run 'RayIntersect'
[2018.04.17-00.00.59:286][ 20]LogSynthBenchmark: Display:          ... 0.023964 s/Run 'Fractal'
[2018.04.17-00.00.59:286][ 20]LogSynthBenchmark: Display: 
[2018.04.17-00.00.59:286][ 20]LogSynthBenchmark: Display:   CompiledTarget_x_Bits: 64
[2018.04.17-00.00.59:287][ 20]LogSynthBenchmark: Display:   UE_BUILD_SHIPPING: 0
[2018.04.17-00.00.59:287][ 20]LogSynthBenchmark: Display:   UE_BUILD_TEST: 0
[2018.04.17-00.00.59:287][ 20]LogSynthBenchmark: Display:   UE_BUILD_DEBUG: 0
[2018.04.17-00.00.59:287][ 20]LogSynthBenchmark: Display:   TotalPhysicalGBRam: 24
[2018.04.17-00.00.59:287][ 20]LogSynthBenchmark: Display:   NumberOfCores (physical): 2
[2018.04.17-00.00.59:287][ 20]LogSynthBenchmark: Display:   NumberOfCores (logical): 4
[2018.04.17-00.00.59:287][ 20]LogSynthBenchmark: Display:   CPU Perf Index 0: 103.5 (weight 1.00)
[2018.04.17-00.00.59:287][ 20]LogSynthBenchmark: Display:   CPU Perf Index 1: 119.3 (weight 1.50)
[2018.04.17-00.00.59:287][ 20]LogSynthBenchmark: Display:  
[2018.04.17-00.00.59:287][ 20]LogSynthBenchmark: Display: Graphics:
[2018.04.17-00.00.59:287][ 20]LogSynthBenchmark: Display:   Adapter Name: 'NVIDIA GeForce 940MX'
[2018.04.17-00.00.59:287][ 20]LogSynthBenchmark: Display:   (On Optimus the name might be wrong, memory should be ok)
[2018.04.17-00.00.59:287][ 20]LogSynthBenchmark: Display:   Vendor Id: 0x10DE
[2018.04.17-00.00.59:287][ 20]LogSynthBenchmark: Display:   Device Id: 0x179C
[2018.04.17-00.00.59:287][ 20]LogSynthBenchmark: Display:   Device Revision: 0xA2
[2018.04.17-00.00.59:287][ 20]LogSynthBenchmark: Display:   GPU Memory: 2011/0/12220 MB
[2018.04.17-00.00.59:782][ 20]LogSynthBenchmark: Display:   GPU first test: 0.14s
[2018.04.17-00.00.59:782][ 20]LogSynthBenchmark: Display:          ... 0.949 s/GigaPix, Confidence=100% 'ALUHeavyNoise' (likely to be very inaccurate)
[2018.04.17-00.00.59:782][ 20]LogSynthBenchmark: Display:          ... 0.866 s/GigaPix, Confidence=100% 'TexHeavy' (likely to be very inaccurate)
[2018.04.17-00.00.59:782][ 20]LogSynthBenchmark: Display:          ... 0.790 s/GigaPix, Confidence=100% 'DepTexHeavy' (likely to be very inaccurate)
[2018.04.17-00.00.59:782][ 20]LogSynthBenchmark: Display:          ... 3.300 s/GigaPix, Confidence=100% 'FillOnly' (likely to be very inaccurate)
[2018.04.17-00.00.59:782][ 20]LogSynthBenchmark: Display:          ... 0.113 s/GigaPix, Confidence=100% 'Bandwidth' (likely to be very inaccurate)
[2018.04.17-00.00.59:782][ 20]LogSynthBenchmark: Display:          ... 0.132 s/GigaVert, Confidence=100% 'VertThroughPut1' (likely to be very inaccurate)
[2018.04.17-00.00.59:782][ 20]LogSynthBenchmark: Display:          ... 0.656 s/GigaVert, Confidence=100% 'VertThroughPut2' (likely to be very inaccurate)
[2018.04.17-00.00.59:782][ 20]LogSynthBenchmark: Display:   GPU Final Results:
[2018.04.17-00.00.59:782][ 20]LogSynthBenchmark: Display:          ... 0.949 s/GigaPix, Confidence=100% 'ALUHeavyNoise'
[2018.04.17-00.00.59:782][ 20]LogSynthBenchmark: Display:          ... 0.866 s/GigaPix, Confidence=100% 'TexHeavy'
[2018.04.17-00.00.59:783][ 20]LogSynthBenchmark: Display:          ... 0.790 s/GigaPix, Confidence=100% 'DepTexHeavy'
[2018.04.17-00.00.59:783][ 20]LogSynthBenchmark: Display:          ... 3.300 s/GigaPix, Confidence=100% 'FillOnly'
[2018.04.17-00.00.59:783][ 20]LogSynthBenchmark: Display:          ... 0.113 s/GigaPix, Confidence=100% 'Bandwidth'
[2018.04.17-00.00.59:783][ 20]LogSynthBenchmark: Display:          ... 0.132 s/GigaVert, Confidence=100% 'VertThroughPut1'
[2018.04.17-00.00.59:783][ 20]LogSynthBenchmark: Display:          ... 0.656 s/GigaVert, Confidence=100% 'VertThroughPut2'
[2018.04.17-00.00.59:783][ 20]LogSynthBenchmark: Display: 
[2018.04.17-00.00.59:783][ 20]LogSynthBenchmark: Display:   GPU Perf Index 0: 20.6 (weight 1.00)
[2018.04.17-00.00.59:783][ 20]LogSynthBenchmark: Display:   GPU Perf Index 1: 11.6 (weight 0.10)
[2018.04.17-00.00.59:783][ 20]LogSynthBenchmark: Display:   GPU Perf Index 2: 20.5 (weight 0.10)
[2018.04.17-00.00.59:783][ 20]LogSynthBenchmark: Display:   GPU Perf Index 3: 13.0 (weight 3.00)
[2018.04.17-00.00.59:783][ 20]LogSynthBenchmark: Display:   GPU Perf Index 4: 10.5 (weight 1.00)
[2018.04.17-00.00.59:783][ 20]LogSynthBenchmark: Display:   GPU Perf Index 5: 8.6 (weight 0.00)
[2018.04.17-00.00.59:783][ 20]LogSynthBenchmark: Display:   GPU Perf Index 6: 37.1 (weight 0.00)
[2018.04.17-00.00.59:783][ 20]LogSynthBenchmark: Display:   CPUIndex: 113.0
[2018.04.17-00.00.59:783][ 20]LogSynthBenchmark: Display:   GPUIndex: 14.1
[2018.04.17-00.00.59:783][ 20]LogSynthBenchmark: Display: 
[2018.04.17-00.00.59:783][ 20]LogSynthBenchmark: Display:          ... Total Time: 0.740133 sec
[2018.04.17-00.01.00:390][ 20]LogWindows: FWindowsPlatformSurvey::TickSurveyHardware() WinSAT assessment state is out-of-date. Unable to examine some hardware metrics. Run the Windows Experience Index Assessment.
[2018.04.17-00.01.16:401][ 68]LogTemp: Repeating last play command: Selected Viewport
[2018.04.17-00.01.16:481][ 68]LogBlueprintUserMessages: Early PlayInEditor Detection: Level '/Game/SideScrollerBP/Maps/SideScrollerExampleMap.SideScrollerExampleMap:PersistentLevel' has LevelScriptBlueprint '/Game/SideScrollerBP/Maps/SideScrollerExampleMap.SideScrollerExampleMap:PersistentLevel.SideScrollerExampleMap' with GeneratedClass '/Game/SideScrollerBP/Maps/SideScrollerExampleMap.SideScrollerExampleMap_C' with ClassGeneratedBy '/Game/SideScrollerBP/Maps/SideScrollerExampleMap.SideScrollerExampleMap:PersistentLevel.SideScrollerExampleMap'
[2018.04.17-00.01.16:481][ 68]LogPlayLevel: PlayLevel: No blueprints needed recompiling
[2018.04.17-00.01.16:482][ 68]PIE: New page: PIE session: SideScrollerExampleMap (Apr 16, 2018, 4:01:16 PM)
[2018.04.17-00.01.16:483][ 68]LogPlayLevel: Creating play world package: /Game/SideScrollerBP/Maps/UEDPIE_0_SideScrollerExampleMap
[2018.04.17-00.01.16:503][ 68]LogPlayLevel: PIE: StaticDuplicateObject took: (0.019915s)
[2018.04.17-00.01.16:504][ 68]LogAIModule: Creating AISystem for world SideScrollerExampleMap
[2018.04.17-00.01.16:504][ 68]LogPlayLevel: PIE: World Init took: (0.001654s)
[2018.04.17-00.01.16:505][ 68]LogPlayLevel: PIE: Created PIE world by copying editor world from /Game/SideScrollerBP/Maps/SideScrollerExampleMap.SideScrollerExampleMap to /Game/SideScrollerBP/Maps/UEDPIE_0_SideScrollerExampleMap.SideScrollerExampleMap (0.022111s)
[2018.04.17-00.01.16:527][ 68]LogInit: XAudio2 using 'Speakers (Realtek High Definition Audio)' : 2 channels at 48 kHz using 32 bits per sample (channel mask 0x3)
[2018.04.17-00.01.16:563][ 68]LogInit: FAudioDevice initialized.
[2018.04.17-00.01.16:621][ 68]LogLoad: Game class is 'OGSideScrollerGameMode_C'
[2018.04.17-00.01.16:625][ 68]LogWorld: Bringing World /Game/SideScrollerBP/Maps/UEDPIE_0_SideScrollerExampleMap.SideScrollerExampleMap up for play (max tick rate 0) at 2018.04.16-20.01.16
[2018.04.17-00.01.16:627][ 68]LogWorld: Bringing up level for play took: 0.004250
[2018.04.17-00.01.16:666][ 68]LogContentBrowser: Native class hierarchy updated for 'MovieSceneCapture' in 0.0007 seconds. Added 11 classes and 0 folders.
[2018.04.17-00.01.16:766][ 68]PIE: Play in editor start time for /Game/SideScrollerBP/Maps/UEDPIE_0_SideScrollerExampleMap -0.435
[2018.04.17-00.01.16:766][ 68]LogBlueprintUserMessages: Late PlayInEditor Detection: Level '/Game/SideScrollerBP/Maps/SideScrollerExampleMap.SideScrollerExampleMap:PersistentLevel' has LevelScriptBlueprint '/Game/SideScrollerBP/Maps/SideScrollerExampleMap.SideScrollerExampleMap:PersistentLevel.SideScrollerExampleMap' with GeneratedClass '/Game/SideScrollerBP/Maps/SideScrollerExampleMap.SideScrollerExampleMap_C' with ClassGeneratedBy '/Game/SideScrollerBP/Maps/SideScrollerExampleMap.SideScrollerExampleMap:PersistentLevel.SideScrollerExampleMap'
[2018.04.17-00.03.12:638][198]LogNet: Browse: /Game/SideScrollerBP/Maps/SideScrollerExampleMap
[2018.04.17-00.03.12:650][198]LogLoad: LoadMap: /Game/SideScrollerBP/Maps/SideScrollerExampleMap
[2018.04.17-00.03.12:755][198]Cmd: MEM
[2018.04.17-00.03.12:769][198]LogMemory: Platform Memory Stats for Windows
[2018.04.17-00.03.12:769][198]LogMemory: Process Physical Memory: 1295.29 MB used, 1375.17 MB peak
[2018.04.17-00.03.12:769][198]LogMemory: Process Virtual Memory: 1720.66 MB used, 1761.07 MB peak
[2018.04.17-00.03.12:769][198]LogMemory: Physical Memory: 5522.22 MB used,  18917.73 MB free, 24439.95 MB total
[2018.04.17-00.03.12:769][198]LogMemory: Virtual Memory: 2628.11 MB used,  18917.73 MB free, 134217728.00 MB total
[2018.04.17-00.03.12:769][198]LogMemory: 
[2018.04.17-00.03.12:769][198]Allocator Stats for TBB: (not implemented)
[2018.04.17-00.03.12:769][198]LogPlayLevel: Creating play world package: /Game/SideScrollerBP/Maps/UEDPIE_0_SideScrollerExampleMap
[2018.04.17-00.03.12:789][198]LogPlayLevel: PIE: StaticDuplicateObject took: (0.019181s)
[2018.04.17-00.03.12:790][198]LogAIModule: Creating AISystem for world SideScrollerExampleMap
[2018.04.17-00.03.12:790][198]LogPlayLevel: PIE: World Init took: (0.001257s)
[2018.04.17-00.03.12:791][198]LogPlayLevel: PIE: Created PIE world by copying editor world from /Game/SideScrollerBP/Maps/SideScrollerExampleMap.SideScrollerExampleMap to /Game/SideScrollerBP/Maps/UEDPIE_0_SideScrollerExampleMap.SideScrollerExampleMap (0.020970s)
[2018.04.17-00.03.12:791][198]LogLoad: Game class is 'OGSideScrollerGameMode_C'
[2018.04.17-00.03.12:812][198]LogWorld: Bringing World /Game/SideScrollerBP/Maps/UEDPIE_0_SideScrollerExampleMap.SideScrollerExampleMap up for play (max tick rate 0) at 2018.04.16-20.03.12
[2018.04.17-00.03.12:815][198]LogWorld: Bringing up level for play took: 0.022843
[2018.04.17-00.03.12:860][198]LogLoad: Took 0.210424 seconds to LoadMap(/Game/SideScrollerBP/Maps/UEDPIE_0_SideScrollerExampleMap)
[2018.04.17-00.06.09:579][386]LogNet: Browse: /Game/SideScrollerBP/Maps/SideScrollerExampleMap
[2018.04.17-00.06.09:589][386]LogLoad: LoadMap: /Game/SideScrollerBP/Maps/SideScrollerExampleMap
[2018.04.17-00.06.09:663][386]Cmd: MEM
[2018.04.17-00.06.09:677][386]LogMemory: Platform Memory Stats for Windows
[2018.04.17-00.06.09:677][386]LogMemory: Process Physical Memory: 1297.73 MB used, 1375.17 MB peak
[2018.04.17-00.06.09:677][386]LogMemory: Process Virtual Memory: 1685.72 MB used, 1854.32 MB peak
[2018.04.17-00.06.09:677][386]LogMemory: Physical Memory: 5507.99 MB used,  18931.96 MB free, 24439.95 MB total
[2018.04.17-00.06.09:677][386]LogMemory: Virtual Memory: 2694.86 MB used,  18931.96 MB free, 134217728.00 MB total
[2018.04.17-00.06.09:677][386]LogMemory: 
[2018.04.17-00.06.09:677][386]Allocator Stats for TBB: (not implemented)
[2018.04.17-00.06.09:677][386]LogPlayLevel: Creating play world package: /Game/SideScrollerBP/Maps/UEDPIE_0_SideScrollerExampleMap
[2018.04.17-00.06.09:696][386]LogPlayLevel: PIE: StaticDuplicateObject took: (0.018834s)
[2018.04.17-00.06.09:697][386]LogAIModule: Creating AISystem for world SideScrollerExampleMap
[2018.04.17-00.06.09:697][386]LogPlayLevel: PIE: World Init took: (0.001368s)
[2018.04.17-00.06.09:697][386]LogPlayLevel: PIE: Created PIE world by copying editor world from /Game/SideScrollerBP/Maps/SideScrollerExampleMap.SideScrollerExampleMap to /Game/SideScrollerBP/Maps/UEDPIE_0_SideScrollerExampleMap.SideScrollerExampleMap (0.020736s)
[2018.04.17-00.06.09:698][386]LogLoad: Game class is 'OGSideScrollerGameMode_C'
[2018.04.17-00.06.09:718][386]LogWorld: Bringing World /Game/SideScrollerBP/Maps/UEDPIE_0_SideScrollerExampleMap.SideScrollerExampleMap up for play (max tick rate 0) at 2018.04.16-20.06.09
[2018.04.17-00.06.09:719][386]LogWorld: Bringing up level for play took: 0.021017
[2018.04.17-00.06.09:763][386]LogLoad: Took 0.173805 seconds to LoadMap(/Game/SideScrollerBP/Maps/UEDPIE_0_SideScrollerExampleMap)
[2018.04.17-00.06.10:984][476]LogBlueprintUserMessages: Early EndPlayMap Detection: Level '/Game/SideScrollerBP/Maps/SideScrollerExampleMap.SideScrollerExampleMap:PersistentLevel' has LevelScriptBlueprint '/Game/SideScrollerBP/Maps/SideScrollerExampleMap.SideScrollerExampleMap:PersistentLevel.SideScrollerExampleMap' with GeneratedClass '/Game/SideScrollerBP/Maps/SideScrollerExampleMap.SideScrollerExampleMap_C' with ClassGeneratedBy '/Game/SideScrollerBP/Maps/SideScrollerExampleMap.SideScrollerExampleMap:PersistentLevel.SideScrollerExampleMap'
[2018.04.17-00.06.11:030][476]LogBlueprintUserMessages: Late EndPlayMap Detection: Level '/Game/SideScrollerBP/Maps/SideScrollerExampleMap.SideScrollerExampleMap:PersistentLevel' has LevelScriptBlueprint '/Game/SideScrollerBP/Maps/SideScrollerExampleMap.SideScrollerExampleMap:PersistentLevel.SideScrollerExampleMap' with GeneratedClass '/Game/SideScrollerBP/Maps/SideScrollerExampleMap.SideScrollerExampleMap_C' with ClassGeneratedBy '/Game/SideScrollerBP/Maps/SideScrollerExampleMap.SideScrollerExampleMap:PersistentLevel.SideScrollerExampleMap'
[2018.04.17-00.06.18:770][918]LogSlate: Took 0.000152 seconds to synchronously load lazily loaded font '../../../Engine/Content/Slate/Fonts/Roboto-Light.ttf' (159K)
[2018.04.17-00.06.19:225][918]LogContentBrowser: Native class hierarchy updated for 'BlueprintGraph' in 0.0011 seconds. Added 113 classes and 0 folders.
[2018.04.17-00.06.19:924][918]LogSlate: Took 0.000782 seconds to synchronously load lazily loaded font '../../../Engine/Content/Slate/Fonts/Roboto-Regular.ttf' (155K)
[2018.04.17-00.06.20:059][918]LogSlate: Took 0.025997 seconds to synchronously load lazily loaded font '../../../Engine/Content/Editor/Slate/Fonts/Roboto-BoldCondensed.ttf' (158K)
[2018.04.17-00.06.20:213][919]LogSlate: Took 0.013933 seconds to synchronously load lazily loaded font '../../../Engine/Content/Editor/Slate/Fonts/Roboto-Italic.ttf' (157K)
[2018.04.17-00.07.29:611][329]BlueprintLog: New page: Compile OGSideScrollerGameMode
[2018.04.17-00.07.33:325][422]BlueprintLog: New page: Compile OGSideScrollerGameMode
[2018.04.17-00.07.35:395][482]Cmd: OBJ SAVEPACKAGE PACKAGE="/Game/RISE/OGSideScrollerGameMode" FILE="../../../../../../Users/isma0/Documents/Unreal Projects/RISE-Mobile/RISE_GAME/Content/RISE/OGSideScrollerGameMode.uasset" SILENT=true
[2018.04.17-00.07.35:482][482]LogSavePackage: Save=71.12ms
[2018.04.17-00.07.35:483][482]LogSavePackage: Moving '../../../../../../Users/isma0/Documents/Unreal Projects/RISE-Mobile/RISE_GAME/Saved/OGSideScrollerGameMode468A32E44F0FA028BC860984062D8D4F.tmp' to '../../../../../../Users/isma0/Documents/Unreal Projects/RISE-Mobile/RISE_GAME/Content/RISE/OGSideScrollerGameMode.uasset'
[2018.04.17-00.07.35:488][482]LogSavePackage: Display: Finished SavePackage ../../../../../../Users/isma0/Documents/Unreal Projects/RISE-Mobile/RISE_GAME/Content/RISE/OGSideScrollerGameMode.uasset
[2018.04.17-00.07.40:845][794]LogTemp: Repeating last play command: Selected Viewport
[2018.04.17-00.07.40:889][794]LogBlueprintUserMessages: Early PlayInEditor Detection: Level '/Game/SideScrollerBP/Maps/SideScrollerExampleMap.SideScrollerExampleMap:PersistentLevel' has LevelScriptBlueprint '/Game/SideScrollerBP/Maps/SideScrollerExampleMap.SideScrollerExampleMap:PersistentLevel.SideScrollerExampleMap' with GeneratedClass '/Game/SideScrollerBP/Maps/SideScrollerExampleMap.SideScrollerExampleMap_C' with ClassGeneratedBy '/Game/SideScrollerBP/Maps/SideScrollerExampleMap.SideScrollerExampleMap:PersistentLevel.SideScrollerExampleMap'
[2018.04.17-00.07.40:890][794]LogPlayLevel: PlayLevel: No blueprints needed recompiling
[2018.04.17-00.07.40:890][794]PIE: New page: PIE session: SideScrollerExampleMap (Apr 16, 2018, 4:07:40 PM)
[2018.04.17-00.07.40:891][794]LogPlayLevel: Creating play world package: /Game/SideScrollerBP/Maps/UEDPIE_0_SideScrollerExampleMap
[2018.04.17-00.07.40:912][794]LogPlayLevel: PIE: StaticDuplicateObject took: (0.021120s)
[2018.04.17-00.07.40:913][794]LogAIModule: Creating AISystem for world SideScrollerExampleMap
[2018.04.17-00.07.40:913][794]LogPlayLevel: PIE: World Init took: (0.001526s)
[2018.04.17-00.07.40:914][794]LogPlayLevel: PIE: Created PIE world by copying editor world from /Game/SideScrollerBP/Maps/SideScrollerExampleMap.SideScrollerExampleMap to /Game/SideScrollerBP/Maps/UEDPIE_0_SideScrollerExampleMap.SideScrollerExampleMap (0.023387s)
[2018.04.17-00.07.40:985][794]LogInit: XAudio2 using 'Speakers (Realtek High Definition Audio)' : 2 channels at 48 kHz using 32 bits per sample (channel mask 0x3)
[2018.04.17-00.07.41:020][794]LogInit: FAudioDevice initialized.
[2018.04.17-00.07.41:065][794]LogLoad: Game class is 'OGSideScrollerGameMode_C'
[2018.04.17-00.07.41:072][794]LogWorld: Bringing World /Game/SideScrollerBP/Maps/UEDPIE_0_SideScrollerExampleMap.SideScrollerExampleMap up for play (max tick rate 0) at 2018.04.16-20.07.41
[2018.04.17-00.07.41:075][794]LogWorld: Bringing up level for play took: 0.008634
[2018.04.17-00.07.41:122][794]PIE: Play in editor start time for /Game/SideScrollerBP/Maps/UEDPIE_0_SideScrollerExampleMap -0.079
[2018.04.17-00.07.41:122][794]LogBlueprintUserMessages: Late PlayInEditor Detection: Level '/Game/SideScrollerBP/Maps/SideScrollerExampleMap.SideScrollerExampleMap:PersistentLevel' has LevelScriptBlueprint '/Game/SideScrollerBP/Maps/SideScrollerExampleMap.SideScrollerExampleMap:PersistentLevel.SideScrollerExampleMap' with GeneratedClass '/Game/SideScrollerBP/Maps/SideScrollerExampleMap.SideScrollerExampleMap_C' with ClassGeneratedBy '/Game/SideScrollerBP/Maps/SideScrollerExampleMap.SideScrollerExampleMap:PersistentLevel.SideScrollerExampleMap'
[2018.04.17-00.08.00:516][766]LogBlueprintUserMessages: Early EndPlayMap Detection: Level '/Game/SideScrollerBP/Maps/SideScrollerExampleMap.SideScrollerExampleMap:PersistentLevel' has LevelScriptBlueprint '/Game/SideScrollerBP/Maps/SideScrollerExampleMap.SideScrollerExampleMap:PersistentLevel.SideScrollerExampleMap' with GeneratedClass '/Game/SideScrollerBP/Maps/SideScrollerExampleMap.SideScrollerExampleMap_C' with ClassGeneratedBy '/Game/SideScrollerBP/Maps/SideScrollerExampleMap.SideScrollerExampleMap:PersistentLevel.SideScrollerExampleMap'
[2018.04.17-00.08.00:580][766]LogBlueprintUserMessages: Late EndPlayMap Detection: Level '/Game/SideScrollerBP/Maps/SideScrollerExampleMap.SideScrollerExampleMap:PersistentLevel' has LevelScriptBlueprint '/Game/SideScrollerBP/Maps/SideScrollerExampleMap.SideScrollerExampleMap:PersistentLevel.SideScrollerExampleMap' with GeneratedClass '/Game/SideScrollerBP/Maps/SideScrollerExampleMap.SideScrollerExampleMap_C' with ClassGeneratedBy '/Game/SideScrollerBP/Maps/SideScrollerExampleMap.SideScrollerExampleMap:PersistentLevel.SideScrollerExampleMap'
[2018.04.17-00.08.10:849][352]BlueprintLog: New page: Compile OGSideScrollerGameMode
[2018.04.17-00.09.28:569][ 62]BlueprintLog: New page: Compile BP_MainMenu
[2018.04.17-00.09.31:990][169]LogTemp: Repeating last play command: Selected Viewport
[2018.04.17-00.09.32:033][169]LogBlueprintUserMessages: Early PlayInEditor Detection: Level '/Game/SideScrollerBP/Maps/SideScrollerExampleMap.SideScrollerExampleMap:PersistentLevel' has LevelScriptBlueprint '/Game/SideScrollerBP/Maps/SideScrollerExampleMap.SideScrollerExampleMap:PersistentLevel.SideScrollerExampleMap' with GeneratedClass '/Game/SideScrollerBP/Maps/SideScrollerExampleMap.SideScrollerExampleMap_C' with ClassGeneratedBy '/Game/SideScrollerBP/Maps/SideScrollerExampleMap.SideScrollerExampleMap:PersistentLevel.SideScrollerExampleMap'
[2018.04.17-00.09.32:033][169]LogPlayLevel: PlayLevel: No blueprints needed recompiling
[2018.04.17-00.09.32:033][169]PIE: New page: PIE session: SideScrollerExampleMap (Apr 16, 2018, 4:09:32 PM)
[2018.04.17-00.09.32:034][169]LogPlayLevel: Creating play world package: /Game/SideScrollerBP/Maps/UEDPIE_0_SideScrollerExampleMap
[2018.04.17-00.09.32:056][169]LogPlayLevel: PIE: StaticDuplicateObject took: (0.021073s)
[2018.04.17-00.09.32:057][169]LogAIModule: Creating AISystem for world SideScrollerExampleMap
[2018.04.17-00.09.32:058][169]LogPlayLevel: PIE: World Init took: (0.002051s)
[2018.04.17-00.09.32:058][169]LogPlayLevel: PIE: Created PIE world by copying editor world from /Game/SideScrollerBP/Maps/SideScrollerExampleMap.SideScrollerExampleMap to /Game/SideScrollerBP/Maps/UEDPIE_0_SideScrollerExampleMap.SideScrollerExampleMap (0.023976s)
[2018.04.17-00.09.32:112][169]LogInit: XAudio2 using 'Speakers (Realtek High Definition Audio)' : 2 channels at 48 kHz using 32 bits per sample (channel mask 0x3)
[2018.04.17-00.09.32:148][169]LogInit: FAudioDevice initialized.
[2018.04.17-00.09.32:194][169]LogLoad: Game class is 'OGSideScrollerGameMode_C'
[2018.04.17-00.09.32:203][169]LogWorld: Bringing World /Game/SideScrollerBP/Maps/UEDPIE_0_SideScrollerExampleMap.SideScrollerExampleMap up for play (max tick rate 0) at 2018.04.16-20.09.32
[2018.04.17-00.09.32:208][169]LogWorld: Bringing up level for play took: 0.010881
[2018.04.17-00.09.32:259][169]PIE: Play in editor start time for /Game/SideScrollerBP/Maps/UEDPIE_0_SideScrollerExampleMap 1.058
[2018.04.17-00.09.32:260][169]LogBlueprintUserMessages: Late PlayInEditor Detection: Level '/Game/SideScrollerBP/Maps/SideScrollerExampleMap.SideScrollerExampleMap:PersistentLevel' has LevelScriptBlueprint '/Game/SideScrollerBP/Maps/SideScrollerExampleMap.SideScrollerExampleMap:PersistentLevel.SideScrollerExampleMap' with GeneratedClass '/Game/SideScrollerBP/Maps/SideScrollerExampleMap.SideScrollerExampleMap_C' with ClassGeneratedBy '/Game/SideScrollerBP/Maps/SideScrollerExampleMap.SideScrollerExampleMap:PersistentLevel.SideScrollerExampleMap'
[2018.04.17-00.11.49:084][171]LogNet: Browse: /Game/SideScrollerBP/Maps/SideScrollerExampleMap
[2018.04.17-00.11.49:085][171]LogLoad: LoadMap: /Game/SideScrollerBP/Maps/SideScrollerExampleMap
[2018.04.17-00.11.49:192][171]Cmd: MEM
[2018.04.17-00.11.49:215][171]LogMemory: Platform Memory Stats for Windows
[2018.04.17-00.11.49:216][171]LogMemory: Process Physical Memory: 3474.11 MB used, 3566.27 MB peak
[2018.04.17-00.11.49:216][171]LogMemory: Process Virtual Memory: 4479.88 MB used, 4575.05 MB peak
[2018.04.17-00.11.49:216][171]LogMemory: Physical Memory: 7671.58 MB used,  16768.37 MB free, 24439.95 MB total
[2018.04.17-00.11.49:216][171]LogMemory: Virtual Memory: 5393.73 MB used,  16768.37 MB free, 134217728.00 MB total
[2018.04.17-00.11.49:216][171]LogMemory: 
[2018.04.17-00.11.49:216][171]Allocator Stats for TBB: (not implemented)
[2018.04.17-00.11.49:216][171]LogPlayLevel: Creating play world package: /Game/SideScrollerBP/Maps/UEDPIE_0_SideScrollerExampleMap
[2018.04.17-00.11.49:233][171]LogPlayLevel: PIE: StaticDuplicateObject took: (0.017195s)
[2018.04.17-00.11.49:234][171]LogAIModule: Creating AISystem for world SideScrollerExampleMap
[2018.04.17-00.11.49:235][171]LogPlayLevel: PIE: World Init took: (0.001460s)
[2018.04.17-00.11.49:235][171]LogPlayLevel: PIE: Created PIE world by copying editor world from /Game/SideScrollerBP/Maps/SideScrollerExampleMap.SideScrollerExampleMap to /Game/SideScrollerBP/Maps/UEDPIE_0_SideScrollerExampleMap.SideScrollerExampleMap (0.019233s)
[2018.04.17-00.11.49:235][171]LogLoad: Game class is 'OGSideScrollerGameMode_C'
[2018.04.17-00.11.49:252][171]LogWorld: Bringing World /Game/SideScrollerBP/Maps/UEDPIE_0_SideScrollerExampleMap.SideScrollerExampleMap up for play (max tick rate 0) at 2018.04.16-20.11.49
[2018.04.17-00.11.49:254][171]LogWorld: Bringing up level for play took: 0.017905
[2018.04.17-00.11.49:297][171]LogLoad: Took 0.211325 seconds to LoadMap(/Game/SideScrollerBP/Maps/UEDPIE_0_SideScrollerExampleMap)
[2018.04.17-00.13.06:686][645]LogBlueprintUserMessages: Early EndPlayMap Detection: Level '/Game/SideScrollerBP/Maps/SideScrollerExampleMap.SideScrollerExampleMap:PersistentLevel' has LevelScriptBlueprint '/Game/SideScrollerBP/Maps/SideScrollerExampleMap.SideScrollerExampleMap:PersistentLevel.SideScrollerExampleMap' with GeneratedClass '/Game/SideScrollerBP/Maps/SideScrollerExampleMap.SideScrollerExampleMap_C' with ClassGeneratedBy '/Game/SideScrollerBP/Maps/SideScrollerExampleMap.SideScrollerExampleMap:PersistentLevel.SideScrollerExampleMap'
[2018.04.17-00.13.06:766][645]LogBlueprintUserMessages: Late EndPlayMap Detection: Level '/Game/SideScrollerBP/Maps/SideScrollerExampleMap.SideScrollerExampleMap:PersistentLevel' has LevelScriptBlueprint '/Game/SideScrollerBP/Maps/SideScrollerExampleMap.SideScrollerExampleMap:PersistentLevel.SideScrollerExampleMap' with GeneratedClass '/Game/SideScrollerBP/Maps/SideScrollerExampleMap.SideScrollerExampleMap_C' with ClassGeneratedBy '/Game/SideScrollerBP/Maps/SideScrollerExampleMap.SideScrollerExampleMap:PersistentLevel.SideScrollerExampleMap'
[2018.04.17-00.13.17:492][ 59]BlueprintLog: New page: Compile BP_MainMenu
[2018.04.17-00.14.02:228][745]BlueprintLog: New page: Compile OGSideScrollerCharacter
[2018.04.17-00.14.04:364][745]BlueprintLog: New page: Compile OGSideScrollerCharacter
[2018.04.17-00.14.08:635][966]LogSavePackage: Save=325.98ms
[2018.04.17-00.14.08:635][966]LogSavePackage: Moving '../../../../../../Users/isma0/Documents/Unreal Projects/RISE-Mobile/RISE_GAME/Saved/OGSideScrollerCharacterAA79E1E744452CE4A349159F4C3EF6A1.tmp' to '../../../../../../Users/isma0/Documents/Unreal Projects/RISE-Mobile/RISE_GAME/Content/SideScrollerBP/Blueprints/OGSideScrollerCharacter.uasset'
[2018.04.17-00.14.08:641][966]LogSavePackage: Display: Finished SavePackage ../../../../../../Users/isma0/Documents/Unreal Projects/RISE-Mobile/RISE_GAME/Content/SideScrollerBP/Blueprints/OGSideScrollerCharacter.uasset
[2018.04.17-00.14.12:469][411]Cmd: OBJ SAVEPACKAGE PACKAGE="/Game/RISE/HUBs/BP_MainMenu" FILE="../../../../../../Users/isma0/Documents/Unreal Projects/RISE-Mobile/RISE_GAME/Content/RISE/HUBs/BP_MainMenu.uasset" SILENT=true
[2018.04.17-00.14.12:557][411]LogSavePackage: Save=73.57ms
[2018.04.17-00.14.12:558][411]LogSavePackage: Moving '../../../../../../Users/isma0/Documents/Unreal Projects/RISE-Mobile/RISE_GAME/Saved/BP_MainMenuB5A052D8477DE61F1ECB079745D4282D.tmp' to '../../../../../../Users/isma0/Documents/Unreal Projects/RISE-Mobile/RISE_GAME/Content/RISE/HUBs/BP_MainMenu.uasset'
[2018.04.17-00.14.12:564][411]LogSavePackage: Display: Finished SavePackage ../../../../../../Users/isma0/Documents/Unreal Projects/RISE-Mobile/RISE_GAME/Content/RISE/HUBs/BP_MainMenu.uasset
[2018.04.17-00.14.16:734][714]LogSavePackage: Save=63.40ms
[2018.04.17-00.14.16:734][714]LogSavePackage: Moving '../../../../../../Users/isma0/Documents/Unreal Projects/RISE-Mobile/RISE_GAME/Saved/SideScrollerExampleMap6EE9F4B14502396CAFF47BBF612F650F.tmp' to '../../../../../../Users/isma0/Documents/Unreal Projects/RISE-Mobile/RISE_GAME/Content/SideScrollerBP/Maps/SideScrollerExampleMap.umap'
[2018.04.17-00.14.16:740][714]LogSavePackage: Display: Finished SavePackage ../../../../../../Users/isma0/Documents/Unreal Projects/RISE-Mobile/RISE_GAME/Content/SideScrollerBP/Maps/SideScrollerExampleMap.umap
[2018.04.17-00.14.16:796][714]LogFileHelpers: Saving map 'SideScrollerExampleMap' took 0.239
[2018.04.17-00.14.16:799][714]Cmd: OBJ SAVEPACKAGE PACKAGE="/Game/RISE/OGSideScrollerGameMode" FILE="../../../../../../Users/isma0/Documents/Unreal Projects/RISE-Mobile/RISE_GAME/Content/RISE/OGSideScrollerGameMode.uasset" SILENT=true
[2018.04.17-00.14.16:882][714]LogSavePackage: Save=71.48ms
[2018.04.17-00.14.16:882][714]LogSavePackage: Moving '../../../../../../Users/isma0/Documents/Unreal Projects/RISE-Mobile/RISE_GAME/Saved/OGSideScrollerGameMode5330646D43ADF837307BD1A72A1A3EF5.tmp' to '../../../../../../Users/isma0/Documents/Unreal Projects/RISE-Mobile/RISE_GAME/Content/RISE/OGSideScrollerGameMode.uasset'
[2018.04.17-00.14.16:887][714]LogSavePackage: Display: Finished SavePackage ../../../../../../Users/isma0/Documents/Unreal Projects/RISE-Mobile/RISE_GAME/Content/RISE/OGSideScrollerGameMode.uasset
[2018.04.17-00.14.18:660][847]LogTemp: Repeating last play command: Selected Viewport
[2018.04.17-00.14.18:695][847]LogBlueprintUserMessages: Early PlayInEditor Detection: Level '/Game/SideScrollerBP/Maps/SideScrollerExampleMap.SideScrollerExampleMap:PersistentLevel' has LevelScriptBlueprint '/Game/SideScrollerBP/Maps/SideScrollerExampleMap.SideScrollerExampleMap:PersistentLevel.SideScrollerExampleMap' with GeneratedClass '/Game/SideScrollerBP/Maps/SideScrollerExampleMap.SideScrollerExampleMap_C' with ClassGeneratedBy '/Game/SideScrollerBP/Maps/SideScrollerExampleMap.SideScrollerExampleMap:PersistentLevel.SideScrollerExampleMap'
[2018.04.17-00.14.18:695][847]LogPlayLevel: PlayLevel: No blueprints needed recompiling
[2018.04.17-00.14.18:695][847]PIE: New page: PIE session: SideScrollerExampleMap (Apr 16, 2018, 4:14:18 PM)
[2018.04.17-00.14.18:696][847]LogPlayLevel: Creating play world package: /Game/SideScrollerBP/Maps/UEDPIE_0_SideScrollerExampleMap
[2018.04.17-00.14.18:715][847]LogPlayLevel: PIE: StaticDuplicateObject took: (0.019016s)
[2018.04.17-00.14.18:717][847]LogAIModule: Creating AISystem for world SideScrollerExampleMap
[2018.04.17-00.14.18:717][847]LogPlayLevel: PIE: World Init took: (0.001820s)
[2018.04.17-00.14.18:717][847]LogPlayLevel: PIE: Created PIE world by copying editor world from /Game/SideScrollerBP/Maps/SideScrollerExampleMap.SideScrollerExampleMap to /Game/SideScrollerBP/Maps/UEDPIE_0_SideScrollerExampleMap.SideScrollerExampleMap (0.021419s)
[2018.04.17-00.14.18:752][847]LogInit: XAudio2 using 'Speakers (Realtek High Definition Audio)' : 2 channels at 48 kHz using 32 bits per sample (channel mask 0x3)
[2018.04.17-00.14.18:788][847]LogInit: FAudioDevice initialized.
[2018.04.17-00.14.18:825][847]LogLoad: Game class is 'OGSideScrollerGameMode_C'
[2018.04.17-00.14.18:827][847]LogWorld: Bringing World /Game/SideScrollerBP/Maps/UEDPIE_0_SideScrollerExampleMap.SideScrollerExampleMap up for play (max tick rate 0) at 2018.04.16-20.14.18
[2018.04.17-00.14.18:829][847]LogWorld: Bringing up level for play took: 0.003730
[2018.04.17-00.14.18:869][847]PIE: Play in editor start time for /Game/SideScrollerBP/Maps/UEDPIE_0_SideScrollerExampleMap -0.332
[2018.04.17-00.14.18:869][847]LogBlueprintUserMessages: Late PlayInEditor Detection: Level '/Game/SideScrollerBP/Maps/SideScrollerExampleMap.SideScrollerExampleMap:PersistentLevel' has LevelScriptBlueprint '/Game/SideScrollerBP/Maps/SideScrollerExampleMap.SideScrollerExampleMap:PersistentLevel.SideScrollerExampleMap' with GeneratedClass '/Game/SideScrollerBP/Maps/SideScrollerExampleMap.SideScrollerExampleMap_C' with ClassGeneratedBy '/Game/SideScrollerBP/Maps/SideScrollerExampleMap.SideScrollerExampleMap:PersistentLevel.SideScrollerExampleMap'
[2018.04.17-00.20.45:142][920]LogNet: Browse: /Game/SideScrollerBP/Maps/SideScrollerExampleMap
[2018.04.17-00.20.45:156][920]LogLoad: LoadMap: /Game/SideScrollerBP/Maps/SideScrollerExampleMap
[2018.04.17-00.20.45:191][920]Cmd: MEM
[2018.04.17-00.20.45:214][920]LogMemory: Platform Memory Stats for Windows
[2018.04.17-00.20.45:214][920]LogMemory: Process Physical Memory: 2030.86 MB used, 3616.53 MB peak
[2018.04.17-00.20.45:214][920]LogMemory: Process Virtual Memory: 3315.12 MB used, 4878.38 MB peak
[2018.04.17-00.20.45:214][920]LogMemory: Physical Memory: 6250.98 MB used,  18188.97 MB free, 24439.95 MB total
[2018.04.17-00.20.45:214][920]LogMemory: Virtual Memory: 4230.09 MB used,  18188.97 MB free, 134217728.00 MB total
[2018.04.17-00.20.45:214][920]LogMemory: 
[2018.04.17-00.20.45:214][920]Allocator Stats for TBB: (not implemented)
[2018.04.17-00.20.45:214][920]LogPlayLevel: Creating play world package: /Game/SideScrollerBP/Maps/UEDPIE_0_SideScrollerExampleMap
[2018.04.17-00.20.45:233][920]LogPlayLevel: PIE: StaticDuplicateObject took: (0.018332s)
[2018.04.17-00.20.45:234][920]LogAIModule: Creating AISystem for world SideScrollerExampleMap
[2018.04.17-00.20.45:234][920]LogPlayLevel: PIE: World Init took: (0.001429s)
[2018.04.17-00.20.45:235][920]LogPlayLevel: PIE: Created PIE world by copying editor world from /Game/SideScrollerBP/Maps/SideScrollerExampleMap.SideScrollerExampleMap to /Game/SideScrollerBP/Maps/UEDPIE_0_SideScrollerExampleMap.SideScrollerExampleMap (0.020377s)
[2018.04.17-00.20.45:235][920]LogLoad: Game class is 'OGSideScrollerGameMode_C'
[2018.04.17-00.20.45:259][920]LogWorld: Bringing World /Game/SideScrollerBP/Maps/UEDPIE_0_SideScrollerExampleMap.SideScrollerExampleMap up for play (max tick rate 0) at 2018.04.16-20.20.45
[2018.04.17-00.20.45:260][920]LogWorld: Bringing up level for play took: 0.024426
[2018.04.17-00.20.45:305][920]LogLoad: Took 0.149812 seconds to LoadMap(/Game/SideScrollerBP/Maps/UEDPIE_0_SideScrollerExampleMap)
[2018.04.17-00.20.47:861][126]LogBlueprintUserMessages: Early EndPlayMap Detection: Level '/Game/SideScrollerBP/Maps/SideScrollerExampleMap.SideScrollerExampleMap:PersistentLevel' has LevelScriptBlueprint '/Game/SideScrollerBP/Maps/SideScrollerExampleMap.SideScrollerExampleMap:PersistentLevel.SideScrollerExampleMap' with GeneratedClass '/Game/SideScrollerBP/Maps/SideScrollerExampleMap.SideScrollerExampleMap_C' with ClassGeneratedBy '/Game/SideScrollerBP/Maps/SideScrollerExampleMap.SideScrollerExampleMap:PersistentLevel.SideScrollerExampleMap'
[2018.04.17-00.20.47:902][126]LogBlueprintUserMessages: Late EndPlayMap Detection: Level '/Game/SideScrollerBP/Maps/SideScrollerExampleMap.SideScrollerExampleMap:PersistentLevel' has LevelScriptBlueprint '/Game/SideScrollerBP/Maps/SideScrollerExampleMap.SideScrollerExampleMap:PersistentLevel.SideScrollerExampleMap' with GeneratedClass '/Game/SideScrollerBP/Maps/SideScrollerExampleMap.SideScrollerExampleMap_C' with ClassGeneratedBy '/Game/SideScrollerBP/Maps/SideScrollerExampleMap.SideScrollerExampleMap:PersistentLevel.SideScrollerExampleMap'
[2018.04.17-00.48.04:227][495]LogActorComponent: UnregisterComponent: (/Engine/Transient.EditorFloorComp) Not registered. Aborting.
[2018.04.17-00.53.59:378][893]Cmd: QUIT_EDITOR
[2018.04.17-00.54.00:330][893]LogWindowsTextInputMethodSystem: Display: IME system now deactivated.
[2018.04.17-00.54.00:330][893]LogWindowsTextInputMethodSystem: Display: IME system now deactivated.
[2018.04.17-00.54.00:348][893]LogExit: Preparing to exit.
[2018.04.17-00.54.00:868][893]LogDirectoryWatcher: A directory notification for 'C:/Users/isma0/Documents/Unreal Projects/RISE-Mobile/RISE_GAME/Content/' was aborted.
[2018.04.17-00.54.00:908][893]LogExit: Editor shut down
[2018.04.17-00.54.00:920][893]LogExit: Transaction tracking system shut down
[2018.04.17-00.54.01:034][893]LogDirectoryWatcher: A directory notification for '../../../Engine/Content/' was aborted.
[2018.04.17-00.54.01:034][893]LogDirectoryWatcher: A directory notification for '../../../../../../Users/isma0/Documents/Unreal Projects/RISE-Mobile/RISE_GAME/Content/' was aborted.
[2018.04.17-00.54.01:126][893]LogExit: Object subsystem successfully closed.
[2018.04.17-00.54.01:151][893]LogD3D11RHI: Shutdown
[2018.04.17-00.54.01:151][893]LogD3D11RHI: CleanupD3DDevice
[2018.04.17-00.54.01:299][893]LogD3D11RHI: ~FD3D11DynamicRHI
[2018.04.17-00.54.01:321][893]LogModuleManager: Shutting down and abandoning module SequencerWidgets (500)
[2018.04.17-00.54.01:321][893]LogModuleManager: Shutting down and abandoning module BlueprintGraph (498)
[2018.04.17-00.54.01:321][893]LogModuleManager: Shutting down and abandoning module BlueprintProfiler (496)
[2018.04.17-00.54.01:321][893]LogModuleManager: Shutting down and abandoning module MovieSceneCapture (494)
[2018.04.17-00.54.01:321][893]LogModuleManager: Shutting down and abandoning module SynthBenchmark (492)
[2018.04.17-00.54.01:321][893]LogModuleManager: Shutting down and abandoning module HierarchicalLODOutliner (490)
[2018.04.17-00.54.01:321][893]LogModuleManager: Shutting down and abandoning module SceneOutliner (488)
[2018.04.17-00.54.01:321][893]LogModuleManager: Shutting down and abandoning module AddContentDialog (486)
[2018.04.17-00.54.01:321][893]LogDirectoryWatcher: A directory notification for 'C:/Program Files/Epic Games/UE_4.17/FeaturePacks/' was aborted.
[2018.04.17-00.54.01:322][893]LogModuleManager: Shutting down and abandoning module WidgetCarousel (485)
[2018.04.17-00.54.01:322][893]LogModuleManager: Shutting down and abandoning module EditorWidgets (482)
[2018.04.17-00.54.01:322][893]LogModuleManager: Shutting down and abandoning module CollectionManager (480)
[2018.04.17-00.54.01:322][893]LogDirectoryWatcher: A directory notification for 'C:/Users/isma0/Documents/Unreal Projects/RISE-Mobile/RISE_GAME/Content/Collections/' was aborted.
[2018.04.17-00.54.01:322][893]LogDirectoryWatcher: A directory notification for 'C:/Users/isma0/Documents/Unreal Projects/RISE-Mobile/RISE_GAME/Content/Developers/isma0/Collections/' was aborted.
[2018.04.17-00.54.01:322][893]LogDirectoryWatcher: A directory notification for 'C:/Users/isma0/Documents/Unreal Projects/RISE-Mobile/RISE_GAME/Saved/Collections/' was aborted.
[2018.04.17-00.54.01:322][893]LogModuleManager: Shutting down and abandoning module StatsViewer (478)
[2018.04.17-00.54.01:322][893]LogModuleManager: Shutting down and abandoning module FoliageEdit (476)
[2018.04.17-00.54.01:322][893]LogModuleManager: Shutting down and abandoning module LandscapeEditor (474)
[2018.04.17-00.54.01:322][893]LogModuleManager: Shutting down and abandoning module MeshPaintMode (472)
[2018.04.17-00.54.01:323][893]LogModuleManager: Shutting down and abandoning module MeshPaint (471)
[2018.04.17-00.54.01:323][893]LogModuleManager: Shutting down and abandoning module SceneDepthPickerMode (468)
[2018.04.17-00.54.01:323][893]LogModuleManager: Shutting down and abandoning module ActorPickerMode (466)
[2018.04.17-00.54.01:323][893]LogModuleManager: Shutting down and abandoning module GeometryMode (464)
[2018.04.17-00.54.01:323][893]LogModuleManager: Shutting down and abandoning module TextureAlignMode (462)
[2018.04.17-00.54.01:323][893]LogModuleManager: Shutting down and abandoning module BspMode (460)
[2018.04.17-00.54.01:323][893]LogModuleManager: Shutting down and abandoning module PIEPreviewDeviceProfileSelector (458)
[2018.04.17-00.54.01:323][893]LogModuleManager: Shutting down and abandoning module HardwareSurvey (456)
[2018.04.17-00.54.01:323][893]LogModuleManager: Shutting down and abandoning module SequenceRecorderSections (454)
[2018.04.17-00.54.01:323][893]LogModuleManager: Shutting down and abandoning module AutomationWorker (452)
[2018.04.17-00.54.01:323][893]LogModuleManager: Shutting down and abandoning module MatineeToLevelSequence (450)
[2018.04.17-00.54.01:323][893]LogModuleManager: Shutting down and abandoning module LevelSequenceEditor (448)
[2018.04.17-00.54.01:323][893]LogModuleManager: Shutting down and abandoning module PlacementMode (447)
[2018.04.17-00.54.01:323][893]LogModuleManager: Shutting down and abandoning module WmfMediaFactory (444)
[2018.04.17-00.54.01:323][893]LogModuleManager: Shutting down and abandoning module WmfMediaEditor (442)
[2018.04.17-00.54.01:323][893]LogModuleManager: Shutting down and abandoning module AndroidMediaFactory (440)
[2018.04.17-00.54.01:323][893]LogModuleManager: Shutting down and abandoning module Media (439)
[2018.04.17-00.54.01:323][893]LogModuleManager: Shutting down and abandoning module AndroidMediaEditor (436)
[2018.04.17-00.54.01:323][893]LogModuleManager: Shutting down and abandoning module CharacterAI (434)
[2018.04.17-00.54.01:323][893]LogModuleManager: Shutting down and abandoning module AudioCapture (432)
[2018.04.17-00.54.01:323][893]LogModuleManager: Shutting down and abandoning module SequenceRecorder (431)
[2018.04.17-00.54.01:323][893]LogModuleManager: Shutting down and abandoning module SessionServices (428)
[2018.04.17-00.54.01:323][893]LogModuleManager: Shutting down and abandoning module ViewportSnapping (426)
[2018.04.17-00.54.01:323][893]LogModuleManager: Shutting down and abandoning module ViewportInteraction (424)
[2018.04.17-00.54.01:323][893]LogModuleManager: Shutting down and abandoning module ClothPainter (422)
[2018.04.17-00.54.01:323][893]LogModuleManager: Shutting down and abandoning module LogVisualizer (420)
[2018.04.17-00.54.01:323][893]LogModuleManager: Shutting down and abandoning module IntroTutorials (418)
[2018.04.17-00.54.01:323][893]LogModuleManager: Shutting down and abandoning module GameProjectGeneration (417)
[2018.04.17-00.54.01:323][893]LogModuleManager: Shutting down and abandoning module IOSPlatformEditor (414)
[2018.04.17-00.54.01:323][893]LogModuleManager: Shutting down and abandoning module HTML5PlatformEditor (412)
[2018.04.17-00.54.01:323][893]LogModuleManager: Shutting down and abandoning module AndroidPlatformEditor (410)
[2018.04.17-00.54.01:323][893]LogModuleManager: Shutting down and abandoning module AndroidDeviceDetection (409)
[2018.04.17-00.54.01:509][893]LogModuleManager: Shutting down and abandoning module WindowsPlatformEditor (406)
[2018.04.17-00.54.01:509][893]LogModuleManager: Shutting down and abandoning module IOSRuntimeSettings (404)
[2018.04.17-00.54.01:510][893]LogModuleManager: Shutting down and abandoning module AndroidRuntimeSettings (402)
[2018.04.17-00.54.01:510][893]LogModuleManager: Shutting down and abandoning module InputBindingEditor (400)
[2018.04.17-00.54.01:510][893]LogModuleManager: Shutting down and abandoning module MergeActors (398)
[2018.04.17-00.54.01:510][893]LogModuleManager: Shutting down and abandoning module SizeMap (396)
[2018.04.17-00.54.01:510][893]LogModuleManager: Shutting down and abandoning module TreeMap (394)
[2018.04.17-00.54.01:510][893]LogModuleManager: Shutting down and abandoning module ReferenceViewer (392)
[2018.04.17-00.54.01:510][893]LogModuleManager: Shutting down and abandoning module LocalizationDashboard (390)
[2018.04.17-00.54.01:510][893]LogModuleManager: Shutting down and abandoning module LocalizationService (389)
[2018.04.17-00.54.01:511][893]LogModuleManager: Shutting down and abandoning module HardwareTargeting (386)
[2018.04.17-00.54.01:511][893]LogModuleManager: Shutting down and abandoning module DeviceProfileEditor (384)
[2018.04.17-00.54.01:511][893]LogModuleManager: Shutting down and abandoning module UndoHistory (382)
[2018.04.17-00.54.01:511][893]LogModuleManager: Shutting down and abandoning module XmlParser (380)
[2018.04.17-00.54.01:511][893]LogModuleManager: Shutting down and abandoning module Blutility (378)
[2018.04.17-00.54.01:511][893]LogModuleManager: Shutting down and abandoning module ProjectSettingsViewer (376)
[2018.04.17-00.54.01:511][893]LogModuleManager: Shutting down and abandoning module ProjectTargetPlatformEditor (375)
[2018.04.17-00.54.01:512][893]LogModuleManager: Shutting down and abandoning module EditorSettingsViewer (372)
[2018.04.17-00.54.01:512][893]LogModuleManager: Shutting down and abandoning module SettingsEditor (370)
[2018.04.17-00.54.01:512][893]LogModuleManager: Shutting down and abandoning module ProjectLauncher (368)
[2018.04.17-00.54.01:512][893]LogModuleManager: Shutting down and abandoning module SessionFrontend (366)
[2018.04.17-00.54.01:512][893]LogModuleManager: Shutting down and abandoning module ProfilerClient (364)
[2018.04.17-00.54.01:512][893]LogModuleManager: Shutting down and abandoning module DeviceManager (362)
[2018.04.17-00.54.01:512][893]LogModuleManager: Shutting down and abandoning module TargetDeviceServices (361)
[2018.04.17-00.54.01:578][893]LogModuleManager: Shutting down and abandoning module AutomationController (358)
[2018.04.17-00.54.01:578][893]LogModuleManager: Shutting down and abandoning module AutomationWindow (356)
[2018.04.17-00.54.01:578][893]LogModuleManager: Shutting down and abandoning module Layers (354)
[2018.04.17-00.54.01:578][893]LogModuleManager: Shutting down and abandoning module ComponentVisualizers (352)
[2018.04.17-00.54.01:578][893]LogModuleManager: Shutting down and abandoning module DetailCustomizations (350)
[2018.04.17-00.54.01:578][893]LogModuleManager: Shutting down and abandoning module PackagesDialog (348)
[2018.04.17-00.54.01:578][893]LogModuleManager: Shutting down and abandoning module Persona (346)
[2018.04.17-00.54.01:579][893]LogModuleManager: Shutting down and abandoning module AdvancedPreviewScene (345)
[2018.04.17-00.54.01:579][893]LogModuleManager: Shutting down and abandoning module AnimGraph (343)
[2018.04.17-00.54.01:579][893]LogModuleManager: Shutting down and abandoning module Kismet (340)
[2018.04.17-00.54.01:590][893]LogModuleManager: Shutting down and abandoning module LevelEditor (339)
[2018.04.17-00.54.01:591][893]LogModuleManager: Shutting down and abandoning module PixelInspectorModule (338)
[2018.04.17-00.54.01:591][893]LogModuleManager: Shutting down and abandoning module ClassViewer (334)
[2018.04.17-00.54.01:591][893]LogModuleManager: Shutting down and abandoning module Toolbox (332)
[2018.04.17-00.54.01:591][893]LogModuleManager: Shutting down and abandoning module ModuleUI (330)
[2018.04.17-00.54.01:591][893]LogModuleManager: Shutting down and abandoning module MovieSceneTools (328)
[2018.04.17-00.54.01:591][893]LogModuleManager: Shutting down and abandoning module OutputLog (326)
[2018.04.17-00.54.01:591][893]LogModuleManager: Shutting down and abandoning module GammaUI (324)
[2018.04.17-00.54.01:591][893]LogModuleManager: Shutting down and abandoning module Documentation (322)
[2018.04.17-00.54.01:591][893]LogModuleManager: Shutting down and abandoning module MovieSceneTracks (320)
[2018.04.17-00.54.01:591][893]LogModuleManager: Shutting down and abandoning module MovieScene (318)
[2018.04.17-00.54.01:591][893]LogModuleManager: Shutting down and abandoning module GeometryCache (316)
[2018.04.17-00.54.01:591][893]LogModuleManager: Shutting down and abandoning module GeometryCacheEd (315)
[2018.04.17-00.54.01:591][893]LogModuleManager: Shutting down and abandoning module Niagara (312)
[2018.04.17-00.54.01:591][893]LogModuleManager: Shutting down and abandoning module NiagaraEditor (311)
[2018.04.17-00.54.01:592][893]LogModuleManager: Shutting down and abandoning module StreamingPauseRendering (308)
[2018.04.17-00.54.01:592][893]LogModuleManager: Shutting down and abandoning module LauncherPlatform (306)
[2018.04.17-00.54.01:592][893]LogModuleManager: Shutting down and abandoning module AnalyticsET (304)
[2018.04.17-00.54.01:592][893]LogModuleManager: Shutting down and abandoning module PortalServices (302)
[2018.04.17-00.54.01:592][893]LogModuleManager: Shutting down and abandoning module PortalRpc (300)
[2018.04.17-00.54.01:592][893]LogModuleManager: Shutting down and abandoning module MessagingRpc (298)
[2018.04.17-00.54.01:592][893]LogModuleManager: Shutting down and abandoning module AIModule (296)
[2018.04.17-00.54.01:592][893]LogModuleManager: Shutting down and abandoning module GameplayDebugger (295)
[2018.04.17-00.54.01:592][893]LogModuleManager: Shutting down and abandoning module AITestSuite (293)
[2018.04.17-00.54.01:592][893]LogModuleManager: Shutting down and abandoning module ProfilerService (290)
[2018.04.17-00.54.01:820][893]LogModuleManager: Shutting down and abandoning module TaskGraph (288)
[2018.04.17-00.54.01:820][893]LogModuleManager: Shutting down and abandoning module SlateRemote (286)
[2018.04.17-00.54.01:821][893]LogModuleManager: Shutting down and abandoning module ProceduralMeshComponentEditor (284)
[2018.04.17-00.54.01:821][893]LogModuleManager: Shutting down and abandoning module ProceduralMeshComponent (282)
[2018.04.17-00.54.01:821][893]LogModuleManager: Shutting down and abandoning module MobilePatchingUtils (280)
[2018.04.17-00.54.01:821][893]LogModuleManager: Shutting down and abandoning module CableComponent (278)
[2018.04.17-00.54.01:821][893]LogModuleManager: Shutting down and abandoning module ArchVisCharacter (276)
[2018.04.17-00.54.01:821][893]LogModuleManager: Shutting down and abandoning module AndroidPermission (274)
[2018.04.17-00.54.01:821][893]LogModuleManager: Shutting down and abandoning module MediaPlayerEditor (270)
[2018.04.17-00.54.01:821][893]LogModuleManager: Shutting down and abandoning module SpeedTreeImporter (268)
[2018.04.17-00.54.01:821][893]LogModuleManager: Shutting down and abandoning module PluginBrowser (266)
[2018.04.17-00.54.01:821][893]LogModuleManager: Shutting down and abandoning module MainFrame (265)
[2018.04.17-00.54.01:821][893]LogModuleManager: Shutting down and abandoning module MobileLauncherProfileWizard (262)
[2018.04.17-00.54.01:821][893]LogModuleManager: Shutting down and abandoning module VisualStudioSourceCodeAccess (260)
[2018.04.17-00.54.01:821][893]LogModuleManager: Shutting down and abandoning module DesktopPlatform (259)
[2018.04.17-00.54.01:821][893]LogModuleManager: Shutting down and abandoning module HotReload (257)
[2018.04.17-00.54.01:822][893]LogModuleManager: Shutting down and abandoning module UObjectPlugin (254)
[2018.04.17-00.54.01:822][893]LogModuleManager: Shutting down and abandoning module SubversionSourceControl (252)
[2018.04.17-00.54.01:822][893]LogModuleManager: Shutting down and abandoning module PerforceSourceControl (250)
[2018.04.17-00.54.01:822][893]LogModuleManager: Shutting down and abandoning module GitSourceControl (248)
[2018.04.17-00.54.01:822][893]LogModuleManager: Shutting down and abandoning module SourceControl (247)
[2018.04.17-00.54.01:822][893]LogModuleManager: Shutting down and abandoning module LightPropagationVolumeEditor (244)
[2018.04.17-00.54.01:822][893]LogModuleManager: Shutting down and abandoning module RuntimePhysXCooking (242)
[2018.04.17-00.54.01:822][893]LogModuleManager: Shutting down and abandoning module LocationServicesBPLibrary (240)
[2018.04.17-00.54.01:822][893]LogModuleManager: Shutting down and abandoning module ImmediatePhysicsEditor (238)
[2018.04.17-00.54.01:822][893]LogModuleManager: Shutting down and abandoning module ImmediatePhysics (236)
[2018.04.17-00.54.01:822][893]LogModuleManager: Shutting down and abandoning module UdpMessaging (234)
[2018.04.17-00.54.01:923][893]LogModuleManager: Shutting down and abandoning module TcpMessaging (232)
[2018.04.17-00.54.02:023][893]LogModuleManager: Shutting down and abandoning module GameplayTagsEditor (230)
[2018.04.17-00.54.02:023][893]LogModuleManager: Shutting down and abandoning module AssetManagerEditor (228)
[2018.04.17-00.54.02:023][893]LogModuleManager: Shutting down and abandoning module GraphEditor (227)
[2018.04.17-00.54.02:023][893]LogModuleManager: Shutting down and abandoning module ContentBrowser (225)
[2018.04.17-00.54.02:024][893]LogModuleManager: Shutting down and abandoning module LightPropagationVolumeRuntime (222)
[2018.04.17-00.54.02:024][893]LogModuleManager: Shutting down and abandoning module WmfMedia (220)
[2018.04.17-00.54.02:026][893]LogModuleManager: Shutting down and abandoning module PacketHandler (218)
[2018.04.17-00.54.02:026][893]LogModuleManager: Shutting down and abandoning module ClothingSystemEditor (216)
[2018.04.17-00.54.02:026][893]LogModuleManager: Shutting down and abandoning module ClothingSystemRuntime (214)
[2018.04.17-00.54.02:027][893]LogModuleManager: Shutting down and abandoning module Overlay (212)
[2018.04.17-00.54.02:027][893]LogModuleManager: Shutting down and abandoning module OverlayEditor (211)
[2018.04.17-00.54.02:027][893]LogModuleManager: Shutting down and abandoning module MediaAssets (208)
[2018.04.17-00.54.02:027][893]LogModuleManager: Shutting down and abandoning module VREditor (206)
[2018.04.17-00.54.02:027][893]LogModuleManager: Shutting down and abandoning module StringTableEditor (204)
[2018.04.17-00.54.02:027][893]LogModuleManager: Shutting down and abandoning module GameplayTasksEditor (202)
[2018.04.17-00.54.02:027][893]LogModuleManager: Shutting down and abandoning module BehaviorTreeEditor (200)
[2018.04.17-00.54.02:027][893]LogModuleManager: Shutting down and abandoning module FunctionalTesting (198)
[2018.04.17-00.54.02:027][893]LogModuleManager: Shutting down and abandoning module CollisionAnalyzer (196)
[2018.04.17-00.54.02:027][893]LogModuleManager: Shutting down and abandoning module WorkspaceMenuStructure (195)
[2018.04.17-00.54.02:027][893]LogModuleManager: Shutting down and abandoning module UMG (192)
[2018.04.17-00.54.02:027][893]LogModuleManager: Shutting down and abandoning module UMGEditor (191)
[2018.04.17-00.54.02:027][893]LogModuleManager: Shutting down and abandoning module Sequencer (190)
[2018.04.17-00.54.02:027][893]LogModuleManager: Shutting down and abandoning module MessageLog (187)
[2018.04.17-00.54.02:027][893]LogModuleManager: Shutting down and abandoning module SlateReflector (182)
[2018.04.17-00.54.02:027][893]LogModuleManager: Shutting down and abandoning module Slate (180)
[2018.04.17-00.54.02:027][893]LogModuleManager: Shutting down and abandoning module EditorStyle (178)
[2018.04.17-00.54.02:030][893]LogModuleManager: Shutting down and abandoning module MRMesh (176)
[2018.04.17-00.54.02:030][893]LogModuleManager: Shutting down and abandoning module SourceCodeAccess (174)
[2018.04.17-00.54.02:030][893]LogModuleManager: Shutting down and abandoning module HeadMountedDisplay (172)
[2018.04.17-00.54.02:030][893]LogModuleManager: Shutting down and abandoning module XAudio2 (170)
[2018.04.17-00.54.02:030][893]LogModuleManager: Shutting down and abandoning module Networking (168)
[2018.04.17-00.54.02:030][893]LogModuleManager: Shutting down and abandoning module Core (164)
[2018.04.17-00.54.02:030][893]LogModuleManager: Shutting down and abandoning module KismetCompiler (160)
[2018.04.17-00.54.02:030][893]LogModuleManager: Shutting down and abandoning module LevelSequence (158)
[2018.04.17-00.54.02:030][893]LogModuleManager: Shutting down and abandoning module MeshUtilities (156)
[2018.04.17-00.54.02:030][893]LogModuleManager: Shutting down and abandoning module MeshMergeUtilities (155)
[2018.04.17-00.54.02:030][893]LogModuleManager: Shutting down and abandoning module MeshReductionInterface (154)
[2018.04.17-00.54.02:030][893]LogModuleManager: Shutting down and abandoning module SimplygonSwarm (153)
[2018.04.17-00.54.02:030][893]LogModuleManager: Shutting down and abandoning module SimplygonMeshReduction (151)
[2018.04.17-00.54.02:030][893]LogModuleManager: Shutting down and abandoning module QuadricMeshReduction (149)
[2018.04.17-00.54.02:030][893]LogModuleManager: Shutting down and abandoning module MaterialBaking (145)
[2018.04.17-00.54.02:030][893]LogModuleManager: Shutting down and abandoning module DirectoryWatcher (142)
[2018.04.17-00.54.02:031][893]LogModuleManager: Shutting down and abandoning module DerivedDataCache (140)
[2018.04.17-00.54.02:119][893]LogDerivedDataCache: Shutdown
[2018.04.17-00.54.02:119][893]LogModuleManager: Shutting down and abandoning module TargetPlatform (138)
[2018.04.17-00.54.02:119][893]LogModuleManager: Shutting down and abandoning module VulkanShaderFormat (137)
[2018.04.17-00.54.02:119][893]LogModuleManager: Shutting down and abandoning module ShaderFormatVectorVM (135)
[2018.04.17-00.54.02:119][893]LogModuleManager: Shutting down and abandoning module ShaderFormatOpenGL (133)
[2018.04.17-00.54.02:119][893]LogModuleManager: Shutting down and abandoning module ShaderFormatD3D (131)
[2018.04.17-00.54.02:119][893]LogModuleManager: Shutting down and abandoning module MetalShaderFormat (129)
[2018.04.17-00.54.02:120][893]LogModuleManager: Shutting down and abandoning module TextureFormatUncompressed (127)
[2018.04.17-00.54.02:120][893]LogModuleManager: Shutting down and abandoning module TextureFormatPVR (125)
[2018.04.17-00.54.02:120][893]LogModuleManager: Shutting down and abandoning module TextureFormatDXT (123)
[2018.04.17-00.54.02:120][893]LogModuleManager: Shutting down and abandoning module TextureFormatIntelISPCTexComp (121)
[2018.04.17-00.54.02:120][893]LogModuleManager: Shutting down and abandoning module TextureFormatASTC (119)
[2018.04.17-00.54.02:120][893]LogModuleManager: Shutting down and abandoning module ImageWrapper (118)
[2018.04.17-00.54.02:120][893]LogModuleManager: Shutting down and abandoning module TextureFormatAndroid (115)
[2018.04.17-00.54.02:120][893]LogModuleManager: Shutting down and abandoning module AudioFormatOpus (113)
[2018.04.17-00.54.02:120][893]LogModuleManager: Shutting down and abandoning module AudioFormatOgg (111)
[2018.04.17-00.54.02:120][893]LogModuleManager: Shutting down and abandoning module AudioFormatADPCM (109)
[2018.04.17-00.54.02:120][893]LogModuleManager: Shutting down and abandoning module LinuxTargetPlatform (107)
[2018.04.17-00.54.02:120][893]LogModuleManager: Shutting down and abandoning module LinuxServerTargetPlatform (105)
[2018.04.17-00.54.02:120][893]LogModuleManager: Shutting down and abandoning module LinuxNoEditorTargetPlatform (103)
[2018.04.17-00.54.02:120][893]LogModuleManager: Shutting down and abandoning module LinuxClientTargetPlatform (101)
[2018.04.17-00.54.02:120][893]LogModuleManager: Shutting down and abandoning module TVOSTargetPlatform (99)
[2018.04.17-00.54.02:120][893]LogModuleManager: Shutting down and abandoning module Messaging (97)
[2018.04.17-00.54.02:120][893]LogModuleManager: Shutting down and abandoning module IOSTargetPlatform (95)
[2018.04.17-00.54.02:120][893]LogModuleManager: Shutting down and abandoning module HTML5TargetPlatform (93)
[2018.04.17-00.54.02:120][893]LogModuleManager: Shutting down and abandoning module Android_PVRTCTargetPlatform (91)
[2018.04.17-00.54.02:120][893]LogModuleManager: Shutting down and abandoning module Android_MultiTargetPlatform (89)
[2018.04.17-00.54.02:120][893]LogModuleManager: Shutting down and abandoning module Android_ETC2TargetPlatform (87)
[2018.04.17-00.54.02:120][893]LogModuleManager: Shutting down and abandoning module Android_ETC1TargetPlatform (85)
[2018.04.17-00.54.02:120][893]LogModuleManager: Shutting down and abandoning module Android_DXTTargetPlatform (83)
[2018.04.17-00.54.02:120][893]LogModuleManager: Shutting down and abandoning module Android_ATCTargetPlatform (81)
[2018.04.17-00.54.02:120][893]LogModuleManager: Shutting down and abandoning module Android_ASTCTargetPlatform (79)
[2018.04.17-00.54.02:120][893]LogModuleManager: Shutting down and abandoning module AndroidTargetPlatform (77)
[2018.04.17-00.54.02:120][893]LogModuleManager: Shutting down and abandoning module WindowsTargetPlatform (75)
[2018.04.17-00.54.02:120][893]LogModuleManager: Shutting down and abandoning module WindowsServerTargetPlatform (73)
[2018.04.17-00.54.02:120][893]LogModuleManager: Shutting down and abandoning module WindowsNoEditorTargetPlatform (71)
[2018.04.17-00.54.02:120][893]LogModuleManager: Shutting down and abandoning module WindowsClientTargetPlatform (69)
[2018.04.17-00.54.02:120][893]LogModuleManager: Shutting down and abandoning module MacTargetPlatform (67)
[2018.04.17-00.54.02:120][893]LogModuleManager: Shutting down and abandoning module MacServerTargetPlatform (65)
[2018.04.17-00.54.02:120][893]LogModuleManager: Shutting down and abandoning module MacNoEditorTargetPlatform (63)
[2018.04.17-00.54.02:120][893]LogModuleManager: Shutting down and abandoning module MacClientTargetPlatform (61)
[2018.04.17-00.54.02:121][893]LogModuleManager: Shutting down and abandoning module AllDesktopTargetPlatform (59)
[2018.04.17-00.54.02:121][893]LogModuleManager: Shutting down and abandoning module InputCore (56)
[2018.04.17-00.54.02:121][893]LogModuleManager: Shutting down and abandoning module Settings (54)
[2018.04.17-00.54.02:121][893]LogModuleManager: Shutting down and abandoning module PhysXCooking (52)
[2018.04.17-00.54.02:121][893]LogModuleManager: Shutting down and abandoning module ExampleDeviceProfileSelector (50)
[2018.04.17-00.54.02:121][893]LogModuleManager: Shutting down and abandoning module OnlineBlueprintSupport (48)
[2018.04.17-00.54.02:121][893]LogModuleManager: Shutting down and abandoning module OnlineSubsystem (44)
[2018.04.17-00.54.02:121][893]LogOnline: Display: Unloading online subsystem: NULL
[2018.04.17-00.54.02:121][893]LogModuleManager: Shutting down and abandoning module XMPP (43)
[2018.04.17-00.54.02:121][893]LogModuleManager: Shutting down and abandoning module HTTP (41)
[2018.04.17-00.54.02:121][893]LogHttp: Display: Http module shutting down, but needs to wait on 1 outstanding Http requests:
[2018.04.17-00.54.02:121][893]LogHttp: Display: 	verb=[POST] url=[https://datarouter.ol.epicgames.com/datarouter/api/v1/public/data?SessionID=%7B40E4D06B-4BAC-1844-E63F-0AA13722E78C%7D&AppID=UEEditor.Rocket.Release&AppVersion=4.17.2-3658906%2B%2B%2BUE4%2BRelease-4.17&UserID=2d21c60542ace5f752753183dc8f18c2%7Ce5af69ae52c34ec8bca2a7c038d1ea3c%7C8aa367c0-17d2-4038-b458-d3f575842514&AppEnvironment=datacollector-binary&UploadType=eteventstream] status=Processing
[2018.04.17-00.54.02:146][893]LogModuleManager: Shutting down and abandoning module SSL (40)
[2018.04.17-00.54.02:148][893]LogModuleManager: Shutting down and abandoning module AnimationModifiers (36)
[2018.04.17-00.54.02:148][893]LogModuleManager: Shutting down and abandoning module PropertyEditor (35)
[2018.04.17-00.54.02:148][893]LogModuleManager: Shutting down and abandoning module AudioEditor (32)
[2018.04.17-00.54.02:148][893]LogModuleManager: Shutting down and abandoning module TextureCompressor (30)
[2018.04.17-00.54.02:148][893]LogModuleManager: Shutting down and abandoning module ShaderCore (28)
[2018.04.17-00.54.02:148][893]LogModuleManager: Shutting down and abandoning module Landscape (26)
[2018.04.17-00.54.02:148][893]LogModuleManager: Shutting down and abandoning module SlateRHIRenderer (24)
[2018.04.17-00.54.02:150][893]LogModuleManager: Shutting down and abandoning module OpenGLDrv (22)
[2018.04.17-00.54.02:150][893]LogModuleManager: Shutting down and abandoning module D3D11RHI (20)
[2018.04.17-00.54.02:151][893]LogModuleManager: Shutting down and abandoning module AnimGraphRuntime (18)
[2018.04.17-00.54.02:151][893]LogModuleManager: Shutting down and abandoning module Renderer (16)
[2018.04.17-00.54.02:151][893]LogModuleManager: Shutting down and abandoning module Engine (14)
[2018.04.17-00.54.02:151][893]LogModuleManager: Shutting down and abandoning module CoreUObject (12)
[2018.04.17-00.54.02:151][893]LogModuleManager: Shutting down and abandoning module NetworkFile (10)
[2018.04.17-00.54.02:151][893]LogModuleManager: Shutting down and abandoning module CookedIterativeFile (8)
[2018.04.17-00.54.02:151][893]LogModuleManager: Shutting down and abandoning module StreamingFile (6)
[2018.04.17-00.54.02:151][893]LogModuleManager: Shutting down and abandoning module SandboxFile (4)
[2018.04.17-00.54.02:151][893]LogModuleManager: Shutting down and abandoning module PakFile (2)
[2018.04.17-00.54.02:153][893]LogExit: Exiting.
[2018.04.17-00.54.02:176][893]Log file closed, 04/16/18 20:54:02
