Log file open, 02/28/18 21:22:51
LogWindows: Failed to load 'aqProf.dll' (GetLastError=126)
LogWindows: File 'aqProf.dll' does not exist
LogWindows: Failed to load 'VSPerf140.dll' (GetLastError=126)
LogWindows: File 'VSPerf140.dll' does not exist
LogWindows: Failed to load 'VtuneApi.dll' (GetLastError=126)
LogWindows: File 'VtuneApi.dll' does not exist
LogWindows: Failed to load 'VtuneApi32e.dll' (GetLastError=126)
LogWindows: File 'VtuneApi32e.dll' does not exist
LogInit: Display: Running engine for game: RISE_GAME
LogPlatformFile: Not using cached read wrapper
LogInit: Display: RandInit(-856958018) SRandInit(-856958018).
LogTaskGraph: Started task graph with 5 named threads and 14 total threads with 3 sets of task threads.
LogStats: Stats thread started at 0.263577
LogD3D11RHI: Aftermath initialized
LogPluginManager: Mounting plugin Paper2D
LogPluginManager: Mounting plugin LightPropagationVolume
LogPluginManager: Mounting plugin CodeLiteSourceCodeAccess
LogPluginManager: Mounting plugin GitSourceControl
LogPluginManager: Mounting plugin KDevelopSourceCodeAccess
LogPluginManager: Mounting plugin NullSourceCodeAccess
LogPluginManager: Mounting plugin PerforceSourceControl
LogPluginManager: Mounting plugin SubversionSourceControl
LogPluginManager: Mounting plugin UObjectPlugin
LogPluginManager: Mounting plugin VisualStudioSourceCodeAccess
LogPluginManager: Mounting plugin XCodeSourceCodeAccess
LogPluginManager: Mounting plugin AssetManagerEditor
LogPluginManager: Mounting plugin AudioCapture
LogPluginManager: Mounting plugin FacialAnimation
LogPluginManager: Mounting plugin GameplayTagsEditor
LogPluginManager: Mounting plugin MobileLauncherProfileWizard
LogPluginManager: Mounting plugin PluginBrowser
LogPluginManager: Mounting plugin SpeedTreeImporter
LogPluginManager: Mounting plugin AlembicImporter
LogPluginManager: Mounting plugin CharacterAI
LogPluginManager: Mounting plugin HTML5Networking
LogPluginManager: Mounting plugin AndroidMedia
LogPluginManager: Mounting plugin AvfMedia
LogPluginManager: Mounting plugin MediaPlayerEditor
LogPluginManager: Mounting plugin WmfMedia
LogPluginManager: Mounting plugin TcpMessaging
LogPluginManager: Mounting plugin UdpMessaging
LogPluginManager: Mounting plugin LevelSequenceEditor
LogPluginManager: Mounting plugin MatineeToLevelSequence
LogPluginManager: Mounting plugin OnlineSubsystemGooglePlay
LogPluginManager: Mounting plugin OnlineSubsystemIOS
LogPluginManager: Mounting plugin OnlineSubsystem
LogPluginManager: Mounting plugin OnlineSubsystemNull
LogPluginManager: Mounting plugin OnlineSubsystemUtils
LogPluginManager: Mounting plugin AndroidDeviceProfileSelector
LogPluginManager: Mounting plugin AndroidMoviePlayer
LogPluginManager: Mounting plugin AndroidPermission
LogPluginManager: Mounting plugin AppleMoviePlayer
LogPluginManager: Mounting plugin ArchVisCharacter
LogPluginManager: Mounting plugin CableComponent
LogPluginManager: Mounting plugin CustomMeshComponent
LogPluginManager: Mounting plugin ExampleDeviceProfileSelector
LogPluginManager: Mounting plugin GoogleCloudMessaging
LogPluginManager: Mounting plugin ImmediatePhysics
LogPluginManager: Mounting plugin IOSDeviceProfileSelector
LogPluginManager: Mounting plugin LinuxDeviceProfileSelector
LogPluginManager: Mounting plugin LocationServicesBPLibrary
LogPluginManager: Mounting plugin MobilePatchingUtils
LogPluginManager: Mounting plugin OculusVR
LogPluginManager: Mounting plugin PhysXVehicles
LogPluginManager: Mounting plugin ProceduralMeshComponent
LogPluginManager: Mounting plugin RuntimePhysXCooking
LogPluginManager: Mounting plugin SteamVR
LogPluginManager: Mounting plugin WindowsMoviePlayer
LogInit: Using libcurl 7.47.1
LogInit:  - built for x86_64-pc-win32
LogInit:  - supports SSL with OpenSSL/1.0.2g
LogInit:  - supports HTTP deflate (compression) using libz 1.2.8
LogInit:  - other features:
LogInit:      CURL_VERSION_SSL
LogInit:      CURL_VERSION_LIBZ
LogInit:      CURL_VERSION_IPV6
LogInit:      CURL_VERSION_ASYNCHDNS
LogInit:      CURL_VERSION_LARGEFILE
LogInit:      CURL_VERSION_IDN
LogInit:  CurlRequestOptions (configurable via config and command line):
LogInit:  - bVerifyPeer = false  - Libcurl will NOT verify peer certificate
LogInit:  - bUseHttpProxy = false  - Libcurl will NOT use HTTP proxy
LogInit:  - bDontReuseConnections = false  - Libcurl will reuse connections
LogInit:  - CertBundlePath = nullptr  - Libcurl will use whatever was configured at build time.
LogInit: Build: ++UE4+Release-4.17-CL-3658906
LogInit: Engine Version: 4.17.2-3658906+++UE4+Release-4.17
LogInit: Compatible Engine Version: 4.17.0-3573198+++UE4+Release-4.17
LogInit: Net CL: 3573198
LogDevObjectVersion: Number of dev versions registered: 16
LogDevObjectVersion:   Dev-Blueprints (B0D832E4-1F89-4F0D-ACCF-7EB736FD4AA2): 10
LogDevObjectVersion:   Dev-Build (E1C64328-A22C-4D53-A36C-8E866417BD8C): 0
LogDevObjectVersion:   Dev-Core (375EC13C-06E4-48FB-B500-84F0262A717E): 2
LogDevObjectVersion:   Dev-Editor (E4B068ED-F494-42E9-A231-DA0B2E46BB41): 20
LogDevObjectVersion:   Dev-Framework (CFFC743F-43B0-4480-9391-14DF171D2073): 28
LogDevObjectVersion:   Dev-Mobile (B02B49B5-BB20-44E9-A304-32B752E40360): 0
LogDevObjectVersion:   Dev-Networking (A4E4105C-59A1-49B5-A7C5-40C4547EDFEE): 0
LogDevObjectVersion:   Dev-Online (39C831C9-5AE6-47DC-9A44-9C173E1C8E7C): 0
LogDevObjectVersion:   Dev-Physics (78F01B33-EBEA-4F98-B9B4-84EACCB95AA2): 0
LogDevObjectVersion:   Dev-Platform (6631380F-2D4D-43E0-8009-CF276956A95A): 0
LogDevObjectVersion:   Dev-Rendering (12F88B9F-8875-4AFC-A67C-D90C383ABD29): 19
LogDevObjectVersion:   Dev-Sequencer (7B5AE74C-D270-4C10-A958-57980B212A5A): 4
LogDevObjectVersion:   Dev-VR (D7296918-1DD6-4BDD-9DE2-64A83CC13884): 0
LogDevObjectVersion:   Dev-LoadTimes (C2A15278-BFE7-4AFE-6C17-90FF531DF755): 1
LogDevObjectVersion:   Private-Geometry (6EACA3D4-40EC-4CC1-B786-8BED09428FC5): 1
LogDevObjectVersion:   Dev-AnimPhys (29E575DD-E0A3-4627-9D10-D276232CDCEA): 7
LogInit: Compiled (64-bit): Sep 22 2017 13:47:16
LogInit: Compiled with Visual C++: 19.00.24215.01
LogInit: Build Configuration: Development
LogInit: Branch Name: ++UE4+Release-4.17
LogInit: Command line:  
LogInit: Base directory: C:/Program Files/Epic Games/UE_4.17/Engine/Binaries/Win64/
LogInit: Installed Engine Build: 1
LogInit: Presizing for max 8388607 objects, including 0 objects not considered by GC, pre-allocating 0 bytes for permanent pool.
LogInit: Object subsystem initialized
[2018.03.01-05.22.52:638][  0]LogInit: Selected Device Profile: [Windows]
[2018.03.01-05.22.52:638][  0]LogInit: Applying CVar settings loaded from the selected device profile: [Windows]
[2018.03.01-05.22.52:684][  0]LogInit: Computer: LAPTOP-EBH0JGK7
[2018.03.01-05.22.52:684][  0]LogInit: User: MoltenOwl
[2018.03.01-05.22.52:684][  0]LogInit: CPU Page size=4096, Cores=4
[2018.03.01-05.22.52:684][  0]LogInit: High frequency timer resolution =2.339361 MHz
[2018.03.01-05.22.52:685][  0]LogMemory: Memory total: Physical=11.5GB (12GB approx)
[2018.03.01-05.22.52:685][  0]LogMemory: Platform Memory Stats for Windows
[2018.03.01-05.22.52:685][  0]LogMemory: Process Physical Memory: 278.07 MB used, 278.07 MB peak
[2018.03.01-05.22.52:685][  0]LogMemory: Process Virtual Memory: 274.12 MB used, 274.12 MB peak
[2018.03.01-05.22.52:685][  0]LogMemory: Physical Memory: 2558.85 MB used,  9184.27 MB free, 11743.12 MB total
[2018.03.01-05.22.52:685][  0]LogMemory: Virtual Memory: 667.90 MB used,  9184.27 MB free, 134217728.00 MB total
[2018.03.01-05.22.53:186][  0]LogInit: Using OS detected language (en-US).
[2018.03.01-05.22.53:186][  0]LogInit: Using OS detected locale (en-US).
[2018.03.01-05.22.53:193][  0]LogTextLocalizationManager: No specific localization for 'en-US' exists, so the 'en' localization will be used.
[2018.03.01-05.22.54:669][  0]LogD3D11RHI: D3D11 adapters:
[2018.03.01-05.22.54:704][  0]LogD3D11RHI:    0. 'AMD Radeon(TM) R5 Graphics' (Feature Level 11_0)
[2018.03.01-05.22.54:705][  0]LogD3D11RHI:       499/0/5871 MB DedicatedVideo/DedicatedSystem/SharedSystem, Outputs:1, VendorId:0x1002
[2018.03.01-05.22.54:708][  0]LogD3D11RHI:    1. 'Microsoft Basic Render Driver' (Feature Level 11_0)
[2018.03.01-05.22.54:708][  0]LogD3D11RHI:       0/0/5871 MB DedicatedVideo/DedicatedSystem/SharedSystem, Outputs:0, VendorId:0x1414
[2018.03.01-05.22.54:708][  0]LogD3D11RHI: Chosen D3D11 Adapter: 0
[2018.03.01-05.22.54:725][  0]LogD3D11RHI: Creating new Direct3DDevice
[2018.03.01-05.22.54:725][  0]LogD3D11RHI:     GPU DeviceId: 0x9874 (for the marketing name, search the web for "GPU Device Id")
[2018.03.01-05.22.54:725][  0]LogWindows: EnumDisplayDevices:
[2018.03.01-05.22.54:725][  0]LogWindows:    0. 'AMD Radeon(TM) R5 Graphics' (P:1 D:1)
[2018.03.01-05.22.54:726][  0]LogWindows:    1. 'AMD Radeon(TM) R5 Graphics' (P:0 D:0)
[2018.03.01-05.22.54:726][  0]LogWindows:    2. 'AMD Radeon(TM) R5 Graphics' (P:0 D:0)
[2018.03.01-05.22.54:727][  0]LogWindows: DebugString: FoundDriverCount:3 
[2018.03.01-05.22.54:727][  0]LogD3D11RHI:     Adapter Name: AMD Radeon(TM) R5 Graphics
[2018.03.01-05.22.54:727][  0]LogD3D11RHI:   Driver Version: Crimson 16.6 (internal:16.300.2701.0, unified:16.300.2701.0)
[2018.03.01-05.22.54:727][  0]LogD3D11RHI:      Driver Date: 8-9-2016
[2018.03.01-05.22.54:727][  0]LogRHI: Texture pool is 349 MB (70% of 499 MB)
[2018.03.01-05.22.54:793][  0]LogD3D11RHI: Async texture creation enabled
[2018.03.01-05.22.54:816][  0]LogD3D11RHI: GPU Timing Frequency: 100.000000 (Debug: 2 1)
[2018.03.01-05.22.54:819][  0]LogShaderCompilers: Guid format shader working directory is -22 characters bigger than the processId version (../../../../../../Users/MoltenOwl/Documents/GitHub/RISE-Mobile/RISE_GAME/Intermediate/Shaders/WorkingDirectory/9520/).
[2018.03.01-05.22.54:819][  0]LogShaderCompilers: Cleaned the shader compiler working directory 'C:/Users/MoltenOwl/AppData/Local/Temp/UnrealShaderWorkingDir/77C301134166267434CAF190490D125A/'.
[2018.03.01-05.22.54:819][  0]LogShaderCompilers: Display: Using Local Shader Compiler.
[2018.03.01-05.22.58:354][  0]LogTemp: Display: Loaded TP AllDesktopTargetPlatform
[2018.03.01-05.22.58:497][  0]LogTemp: Display: Loaded TP MacClientTargetPlatform
[2018.03.01-05.22.58:645][  0]LogTemp: Display: Loaded TP MacNoEditorTargetPlatform
[2018.03.01-05.22.58:789][  0]LogTemp: Display: Loaded TP MacServerTargetPlatform
[2018.03.01-05.22.58:931][  0]LogTemp: Display: Loaded TP MacTargetPlatform
[2018.03.01-05.22.59:077][  0]LogTemp: Display: Loaded TP WindowsClientTargetPlatform
[2018.03.01-05.22.59:223][  0]LogTemp: Display: Loaded TP WindowsNoEditorTargetPlatform
[2018.03.01-05.22.59:368][  0]LogTemp: Display: Loaded TP WindowsServerTargetPlatform
[2018.03.01-05.22.59:495][  0]LogTemp: Display: Loaded TP WindowsTargetPlatform
[2018.03.01-05.22.59:635][  0]LogTemp: Display: Loaded TP AndroidTargetPlatform
[2018.03.01-05.22.59:775][  0]LogTemp: Display: Loaded TP Android_ASTCTargetPlatform
[2018.03.01-05.22.59:913][  0]LogTemp: Display: Loaded TP Android_ATCTargetPlatform
[2018.03.01-05.23.00:076][  0]LogTemp: Display: Loaded TP Android_DXTTargetPlatform
[2018.03.01-05.23.00:214][  0]LogTemp: Display: Loaded TP Android_ETC1TargetPlatform
[2018.03.01-05.23.00:364][  0]LogTemp: Display: Loaded TP Android_ETC2TargetPlatform
[2018.03.01-05.23.00:665][  0]LogTemp: Display: Loaded TP Android_MultiTargetPlatform
[2018.03.01-05.23.00:665][  0]LogTemp: Display: Loaded TP Android_PVRTCTargetPlatform
[2018.03.01-05.23.00:792][  0]LogTemp: Display: Loaded TP HTML5TargetPlatform
[2018.03.01-05.23.01:077][  0]LogTemp: Display: Loaded TP IOSTargetPlatform
[2018.03.01-05.23.01:217][  0]LogTemp: Display: Loaded TP TVOSTargetPlatform
[2018.03.01-05.23.01:378][  0]LogTemp: Display: Loaded TP LinuxClientTargetPlatform
[2018.03.01-05.23.01:535][  0]LogTemp: Display: Loaded TP LinuxNoEditorTargetPlatform
[2018.03.01-05.23.01:713][  0]LogTemp: Display: Loaded TP LinuxServerTargetPlatform
[2018.03.01-05.23.01:865][  0]LogTemp: Display: Loaded TP LinuxTargetPlatform
[2018.03.01-05.23.01:865][  0]LogTargetPlatformManager: Display: Building Assets For Windows
[2018.03.01-05.23.03:274][  0]LogDerivedDataCache: Display: Max Cache Size: 512 MB
[2018.03.01-05.23.03:597][  0]LogDerivedDataCache: Loaded boot cache 0.32s 93MB C:/Users/MoltenOwl/AppData/Local/UnrealEngine/4.17/DerivedDataCache/Boot.ddc.
[2018.03.01-05.23.03:597][  0]LogDerivedDataCache: Display: Loaded Boot cache: C:/Users/MoltenOwl/AppData/Local/UnrealEngine/4.17/DerivedDataCache/Boot.ddc
[2018.03.01-05.23.03:597][  0]LogDerivedDataCache: FDerivedDataBackendGraph:  Pak pak cache file ../../../../../../Users/MoltenOwl/Documents/GitHub/RISE-Mobile/RISE_GAME/DerivedDataCache/DDC.ddp not found, will not use a pak cache.
[2018.03.01-05.23.03:597][  0]LogDerivedDataCache: Unable to find inner node Pak for hierarchical cache Hierarchy.
[2018.03.01-05.23.03:597][  0]LogDerivedDataCache: FDerivedDataBackendGraph:  CompressedPak pak cache file ../../../../../../Users/MoltenOwl/Documents/GitHub/RISE-Mobile/RISE_GAME/DerivedDataCache/Compressed.ddp not found, will not use a pak cache.
[2018.03.01-05.23.03:598][  0]LogDerivedDataCache: Unable to find inner node CompressedPak for hierarchical cache Hierarchy.
[2018.03.01-05.23.03:628][  0]LogDerivedDataCache: Display: Pak cache opened for reading ../../../Engine/DerivedDataCache/Compressed.ddp.
[2018.03.01-05.23.03:641][  0]LogDerivedDataCache: Using Local data cache path C:/Users/MoltenOwl/AppData/Local/UnrealEngine/Common/DerivedDataCache: Writable
[2018.03.01-05.23.03:668][  0]LogMaterial: Verifying Global Shaders for PCD3D_SM5
[2018.03.01-05.23.03:669][  0]LogSlate: Using Freetype 2.6.0
[2018.03.01-05.23.03:670][  0]LogSlate: SlateFontCache - WITH_FREETYPE: 1, WITH_HARFBUZZ: 1
[2018.03.01-05.23.03:671][  0]LogSlate: SlateFontCache - WITH_FREETYPE: 1, WITH_HARFBUZZ: 1
[2018.03.01-05.23.04:283][  0]LogAssetRegistry: FAssetRegistry took 0.0333 seconds to start up
[2018.03.01-05.23.04:639][  0]LogInit: Selected Device Profile: [Windows]
[2018.03.01-05.23.05:212][  0]LogContentStreaming: Texture pool size is 0.00 MB
[2018.03.01-05.23.06:313][  0]LogSimplygon: Simplygon DLL not present - disabling.
[2018.03.01-05.23.06:447][  0]LogMeshReduction: Using SimplygonSwarm for distributed automatic mesh merging
[2018.03.01-05.23.06:447][  0]LogMeshReduction: Using QuadricMeshReduction for automatic static mesh reduction
[2018.03.01-05.23.06:447][  0]LogMeshReduction: No automatic skeletal mesh reduction module available
[2018.03.01-05.23.06:447][  0]LogMeshReduction: No automatic mesh merging module available
[2018.03.01-05.23.06:447][  0]LogMeshMerging: No automatic mesh merging module available
[2018.03.01-05.23.07:225][  0]LogNetVersion: RISE_GAME , NetCL: 3573198, EngineNetVer: 2, GameNetVer: 0 (Checksum: 1739909859)
[2018.03.01-05.23.07:759][  0]LogPackageLocalizationCache: Processed 5 localized package path(s) for 2 prioritized culture(s) in 0.113076 seconds
[2018.03.01-05.23.07:771][  0]LogUObjectArray: 35825 objects as part of root set at end of initial load.
[2018.03.01-05.23.07:772][  0]LogUObjectAllocator: 7529112 out of 0 bytes used by permanent object pool.
[2018.03.01-05.23.07:772][  0]LogUObjectArray: CloseDisregardForGC: 0/0 objects in disregard for GC pool
[2018.03.01-05.23.07:953][  0]LogInit: WinSock: version 1.1 (2.2), MaxSocks=32767, MaxUdp=65467
[2018.03.01-05.23.14:209][  0]LogTcpMessaging: Initializing TcpMessaging bridge
[2018.03.01-05.23.14:278][  0]LogUdpMessaging: Initializing bridge on interface 0.0.0.0:0 to multicast group 230.0.0.1:6666.
[2018.03.01-05.23.15:658][  0]LogMaterial: Uniform references updated for custom material expression Custom.
[2018.03.01-05.23.16:496][  0]SourceControl: Source control is disabled
[2018.03.01-05.23.16:496][  0]SourceControl: Source control is disabled
[2018.03.01-05.23.16:603][  0]SourceControl: Source control is disabled
[2018.03.01-05.23.16:713][  0]SourceControl: Source control is disabled
[2018.03.01-05.23.17:985][  0]LogAndroidPermission: UAndroidPermissionCallbackProxy::GetInstance
[2018.03.01-05.23.18:529][  0]LogOcInput: OculusInput pre-init called
[2018.03.01-05.23.19:080][  0]LogEngine: Initializing Engine...
[2018.03.01-05.23.19:083][  0]LogHMD: Failed to initialize OpenVR with code 110
[2018.03.01-05.23.19:556][  0]LogStats: UGameplayTagsManager::ConstructGameplayTagTree: Construct from data asset -  0.000 s
[2018.03.01-05.23.19:556][  0]LogStats: UGameplayTagsManager::ConstructGameplayTagTree: GameplayTagTreeChangedEvent.Broadcast -  0.000 s
[2018.03.01-05.23.19:888][  0]LogAIModule: Creating AISystem for world Untitled
[2018.03.01-05.23.19:900][  0]LogInit: XAudio2 using 'Speaker/Headphone (Realtek High Definition Audio)' : 2 channels at 48 kHz using 32 bits per sample (channel mask 0x3)
[2018.03.01-05.23.20:189][  0]LogInit: FAudioDevice initialized.
[2018.03.01-05.23.20:458][  0]LogDerivedDataCache: Saved boot cache 0.27s 93MB C:/Users/MoltenOwl/AppData/Local/UnrealEngine/4.17/DerivedDataCache/Boot.ddc.
[2018.03.01-05.23.20:530][  0]LogInit: Texture streaming: Enabled
[2018.03.01-05.23.20:883][  0]LogEngineSessionManager: EngineSessionManager initialized
[2018.03.01-05.23.21:399][  0]LogInit: Transaction tracking system initialized
[2018.03.01-05.23.22:129][  0]BlueprintLog: New page: Editor Load
[2018.03.01-05.23.24:353][  0]LocalizationService: Localization service is disabled
[2018.03.01-05.23.26:037][  0]LogConsoleResponse: Display: 
[2018.03.01-05.23.26:424][  0]LogCook: Display: Max memory allowance for cook 16384mb min free memory 0mb
[2018.03.01-05.23.26:424][  0]LogCook: Display: Mobile HDR setting 1
[2018.03.01-05.23.26:424][  0]LogGameplayTags: Display: UGameplayTagsManager::DoneAddingNativeTags. DelegateIsBound: 0
[2018.03.01-05.23.27:124][  0]LogFileCache: Scanning file cache for directory 'C:/Users/MoltenOwl/Documents/GitHub/RISE-Mobile/RISE_GAME/Content/' took 0.02s
[2018.03.01-05.23.28:972][  0]SourceControl: Source control is disabled
[2018.03.01-05.23.28:972][  0]Cmd: MAP LOAD FILE="../../../../../../Users/MoltenOwl/Documents/GitHub/RISE-Mobile/RISE_GAME/Content/SideScrollerBP/Maps/SideScrollerExampleMap.umap" TEMPLATE=0 SHOWPROGRESS=1 FEATURELEVEL=3
[2018.03.01-05.23.28:973][  0]LightingResults: New page: Lighting Build
[2018.03.01-05.23.29:066][  0]MapCheck: New page: Map Check
[2018.03.01-05.23.29:066][  0]LightingResults: New page: Lighting Build
[2018.03.01-05.23.30:939][  0]LogAIModule: Creating AISystem for world SideScrollerExampleMap
[2018.03.01-05.23.30:963][  0]LogEditorServer: Finished looking for orphan Actors (0.000 secs)
[2018.03.01-05.23.31:043][  0]Cmd: MAP CHECKDEP NOCLEARLOG
[2018.03.01-05.23.31:199][  0]MapCheck: Map check complete: 0 Error(s), 0 Warning(s), took 156.391ms to complete.
[2018.03.01-05.23.31:199][  0]LogFileHelpers: Loading map 'SideScrollerExampleMap' took 2.228
[2018.03.01-05.23.31:282][  0]LogWindowsTextInputMethodSystem: Display: IME system now deactivated.
[2018.03.01-05.23.31:282][  0]LogWindowsTextInputMethodSystem: Display: IME system now deactivated.
[2018.03.01-05.23.31:474][  0]LogCollectionManager: Loaded 0 collections in 0.003222 seconds
[2018.03.01-05.23.31:634][  0]LogFileCache: Scanning file cache for directory 'C:/Users/MoltenOwl/Documents/GitHub/RISE-Mobile/RISE_GAME/Saved/Collections/' took 0.01s
[2018.03.01-05.23.31:634][  0]LogFileCache: Scanning file cache for directory 'C:/Users/MoltenOwl/Documents/GitHub/RISE-Mobile/RISE_GAME/Content/Developers/MoltenOwl/Collections/' took 0.01s
[2018.03.01-05.23.31:634][  0]LogFileCache: Scanning file cache for directory 'C:/Users/MoltenOwl/Documents/GitHub/RISE-Mobile/RISE_GAME/Content/Collections/' took 0.01s
[2018.03.01-05.23.31:634][  0]LogCollectionManager: Rebuilt the GUID cache for 0 collections in 0.000001 seconds
[2018.03.01-05.23.31:654][  0]LogContentBrowser: Native class hierarchy populated in 0.0192 seconds. Added 2386 classes and 500 folders.
[2018.03.01-05.23.31:841][  0]LogContentBrowser: Native class hierarchy updated for 'WidgetCarousel' in 0.0012 seconds. Added 0 classes and 0 folders.
[2018.03.01-05.23.31:943][  0]LogContentBrowser: Native class hierarchy updated for 'AddContentDialog' in 0.0012 seconds. Added 0 classes and 0 folders.
[2018.03.01-05.23.32:059][  0]LogContentBrowser: Native class hierarchy updated for 'SceneOutliner' in 0.0012 seconds. Added 1 classes and 2 folders.
[2018.03.01-05.23.32:102][  0]LogSlate: Took 0.000420 seconds to synchronously load lazily loaded font '../../../Engine/Content/Slate/Fonts/Roboto-Regular.ttf' (155K)
[2018.03.01-05.23.32:106][  0]LogSlate: Took 0.000726 seconds to synchronously load lazily loaded font '../../../Engine/Content/Slate/Fonts/Roboto-Bold.ttf' (160K)
[2018.03.01-05.23.32:114][  0]LogSlate: Took 0.000549 seconds to synchronously load lazily loaded font '../../../Engine/Content/Editor/Slate/Fonts/FontAwesome.ttf' (139K)
[2018.03.01-05.23.32:308][  0]LogRenderer: Reallocating scene render targets to support 856x328 Format 10 NumSamples 1 (Frame:1).
[2018.03.01-05.23.33:119][  0]LogContentBrowser: Native class hierarchy updated for 'HierarchicalLODOutliner' in 0.0012 seconds. Added 1 classes and 2 folders.
[2018.03.01-05.23.33:119][  0]LogLoad: (Engine Initialization) Total time: 44.06 seconds
[2018.03.01-05.23.33:119][  0]LogLoad: (Engine Initialization) Total Blueprint compile time: 0.00 seconds
[2018.03.01-05.23.33:119][  0]LogExternalProfiler: No external profilers were discovered.  External profiling features will not be available.
[2018.03.01-05.23.33:182][  0]LogContentStreaming: Texture pool size now 1000 MB
[2018.03.01-05.23.33:273][  0]LogSlate: Took 0.000424 seconds to synchronously load lazily loaded font '../../../Engine/Content/Slate/Fonts/Roboto-Light.ttf' (159K)
[2018.03.01-05.23.33:281][  1]LogFileCache: Retrieving MD5 hashes for directory 'C:/Users/MoltenOwl/Documents/GitHub/RISE-Mobile/RISE_GAME/Content/' took 0.12s
[2018.03.01-05.23.33:363][  2]LogAssetRegistry: Asset discovery search completed in 29.1031 seconds
[2018.03.01-05.23.33:368][  2]LogCollectionManager: Rebuilt the object cache for 0 collections in 0.000001 seconds (found 0 objects)
[2018.03.01-05.23.33:368][  2]LogCollectionManager: Fixed up redirectors for 0 collections in 0.000351 seconds (updated 0 objects)
[2018.03.01-05.23.34:225][ 19]LogSlate: Took 0.000544 seconds to synchronously load lazily loaded font '../../../Engine/Content/Slate/Fonts/Roboto-Light.ttf' (159K)
[2018.03.01-05.24.00:719][968]LogSlate: Took 0.000461 seconds to synchronously load lazily loaded font '../../../Engine/Content/Slate/Fonts/Roboto-Light.ttf' (159K)
[2018.03.01-05.24.01:321][968]LogSlate: Took 0.000435 seconds to synchronously load lazily loaded font '../../../Engine/Content/Slate/Fonts/Roboto-Regular.ttf' (155K)
[2018.03.01-05.24.01:602][968]LogContentBrowser: Native class hierarchy updated for 'BlueprintGraph' in 0.0022 seconds. Added 113 classes and 0 folders.
[2018.03.01-05.24.03:182][968]LogSlate: Took 0.000599 seconds to synchronously load lazily loaded font '../../../Engine/Content/Editor/Slate/Fonts/Roboto-BoldCondensed.ttf' (158K)
[2018.03.01-05.24.03:792][969]LogSlate: Took 0.000671 seconds to synchronously load lazily loaded font '../../../Engine/Content/Editor/Slate/Fonts/Roboto-Italic.ttf' (157K)
[2018.03.01-05.25.21:809][357]LogSlate: Took 0.000549 seconds to synchronously load lazily loaded font '../../../Engine/Content/Editor/Slate/Fonts/Roboto-BoldCondensedItalic.ttf' (160K)
[2018.03.01-05.25.37:595][148]BlueprintLog: New page: Compile BP_Level
[2018.03.01-05.25.37:827][148]LogBlueprint: Error: [Compiler BP_Level] This blueprint (self) is not a OGSideScrollerGameMode_C, therefore ' Target ' must have a connection.
[2018.03.01-05.25.37:827][148]LogBlueprint: Error: [Compiler BP_Level] This blueprint (self) is not a OGSideScrollerGameMode_C, therefore ' Target ' must have a connection.
[2018.03.01-05.25.37:827][148]LogBlueprint: Error: [Compiler BP_Level] This blueprint (self) is not a OGSideScrollerGameMode_C, therefore ' Target ' must have a connection.
[2018.03.01-05.25.37:828][148]LogBlueprint: Error: [Compiler BP_Level] This blueprint (self) is not a OGSideScrollerGameMode_C, therefore ' Target ' must have a connection.
[2018.03.01-05.25.37:828][148]LogBlueprint: Error: [Compiler BP_Level] This blueprint (self) is not a OGSideScrollerGameMode_C, therefore ' Target ' must have a connection.
[2018.03.01-05.25.37:838][148]LogBlueprint: Error: [Compiler BP_Level] Variable node  Set PwrUpPositionProbability  uses an invalid target.  It may depend on a node that is not connected to the execution chain, and got purged.
[2018.03.01-05.25.37:838][148]LogBlueprint: Error: [Compiler BP_Level] Variable node  Set PowerUpPosEnPiso  uses an invalid target.  It may depend on a node that is not connected to the execution chain, and got purged.
[2018.03.01-05.25.37:838][148]LogBlueprint: Error: [Compiler BP_Level] Variable node  Set PwrUpPositionProbability  uses an invalid target.  It may depend on a node that is not connected to the execution chain, and got purged.
[2018.03.01-05.25.37:838][148]LogBlueprint: Error: [Compiler BP_Level] Variable node  Set PowerUpPosEnPiso  uses an invalid target.  It may depend on a node that is not connected to the execution chain, and got purged.
[2018.03.01-05.25.37:838][148]LogBlueprint: Error: [Compiler BP_Level] Variable node  Get PowerUpPosEnPiso  uses an invalid target.  It may depend on a node that is not connected to the execution chain, and got purged.
[2018.03.01-05.25.38:118][148]LogBlueprint: Warning: [Compiler BP_Level] [0169.06] Compile of BP_Level failed. 10 Fatal Issue(s) 0 Warning(s) [in 522 ms] (/Game/RISE/LvlGenrating/BP_Level.BP_Level)
[2018.03.01-05.25.39:326][186]Cmd: OBJ SAVEPACKAGE PACKAGE="/Game/RISE/LvlGenrating/BP_Level" FILE="../../../../../../Users/MoltenOwl/Documents/GitHub/RISE-Mobile/RISE_GAME/Content/RISE/LvlGenrating/BP_Level.uasset" SILENT=true
[2018.03.01-05.25.39:692][186]LogSavePackage: Save=332.44ms
[2018.03.01-05.25.39:692][186]LogSavePackage: Moving '../../../../../../Users/MoltenOwl/Documents/GitHub/RISE-Mobile/RISE_GAME/Saved/BP_Level51604BA642437EDEBC49ACB577EFA9F0.tmp' to '../../../../../../Users/MoltenOwl/Documents/GitHub/RISE-Mobile/RISE_GAME/Content/RISE/LvlGenrating/BP_Level.uasset'
[2018.03.01-05.25.39:699][186]LogSavePackage: Display: Finished SavePackage ../../../../../../Users/MoltenOwl/Documents/GitHub/RISE-Mobile/RISE_GAME/Content/RISE/LvlGenrating/BP_Level.uasset
[2018.03.01-05.25.50:330][811]LogHttp: Warning: 0000024A84CEF280: request failed, libcurl error: 6 (Couldn't resolve host name)
[2018.03.01-05.25.50:330][811]LogHttp: Warning: 0000024A84CEF280: libcurl info message cache 0 (Found bundle for host datarouter.ol.epicgames.com: 0x24aefcf3fe8 [can pipeline])
[2018.03.01-05.25.50:330][811]LogHttp: Warning: 0000024A84CEF280: libcurl info message cache 1 (Re-using existing connection! (#0) with host datarouter.ol.epicgames.com)
[2018.03.01-05.25.50:330][811]LogHttp: Warning: 0000024A84CEF280: libcurl info message cache 2 (Connected to datarouter.ol.epicgames.com (34.204.29.66) port 443 (#0))
[2018.03.01-05.25.50:330][811]LogHttp: Warning: 0000024A84CEF280: libcurl info message cache 3 (upload completely sent off: 1218 out of 1218 bytes)
[2018.03.01-05.25.50:330][811]LogHttp: Warning: 0000024A84CEF280: libcurl info message cache 4 (TLSv1.2 (IN), TLS alert, Client hello (1):)
[2018.03.01-05.25.50:330][811]LogHttp: Warning: 0000024A84CEF280: libcurl info message cache 5 (Connection died, retrying a fresh connect)
[2018.03.01-05.25.50:330][811]LogHttp: Warning: 0000024A84CEF280: libcurl info message cache 6 (Closing connection 0)
[2018.03.01-05.25.50:330][811]LogHttp: Warning: 0000024A84CEF280: libcurl info message cache 7 (TLSv1.2 (OUT), TLS alert, Client hello (1):)
[2018.03.01-05.25.50:330][811]LogHttp: Warning: 0000024A84CEF280: libcurl info message cache 8 (Issue another request to this URL: 'https://datarouter.ol.epicgames.com/datarouter/api/v1/public/data?SessionID=%7B343BAD98-4B9F-9B4E-124C-71BCA4F016A3%7D&AppID=UEEditor.Rocket.Release&AppVersion=4.17.2-3658906%2B%2B%2BUE4%2BRelease-4.17&UserID=330c018a40119ac8aa6082a42e8f404e%7C88057b4134714c0f98d798880975d3e9%7C63e0c156-2a72-4222-bd44-364fd265f9e2&AppEnvironment=datacollector-binary&UploadType=eteventstream')
[2018.03.01-05.25.50:331][811]LogHttp: Warning: 0000024A84CEF280: libcurl info message cache 9 (Could not resolve host: datarouter.ol.epicgames.com)
[2018.03.01-05.25.50:331][811]LogHttp: Warning: 0000024A84CEF280: libcurl info message cache 10 (Closing connection 1)
[2018.03.01-05.25.54:305][ 48]BlueprintLog: New page: Compile BP_Level
[2018.03.01-05.25.55:898][ 83]Cmd: OBJ SAVEPACKAGE PACKAGE="/Game/RISE/LvlGenrating/BP_Level" FILE="../../../../../../Users/MoltenOwl/Documents/GitHub/RISE-Mobile/RISE_GAME/Content/RISE/LvlGenrating/BP_Level.uasset" SILENT=true
[2018.03.01-05.25.56:248][ 83]LogSavePackage: Save=330.96ms
[2018.03.01-05.25.56:248][ 83]LogSavePackage: Moving '../../../../../../Users/MoltenOwl/Documents/GitHub/RISE-Mobile/RISE_GAME/Saved/BP_Level02850DC74C788DC4EB273FA0FF62F116.tmp' to '../../../../../../Users/MoltenOwl/Documents/GitHub/RISE-Mobile/RISE_GAME/Content/RISE/LvlGenrating/BP_Level.uasset'
[2018.03.01-05.25.56:256][ 83]LogSavePackage: Display: Finished SavePackage ../../../../../../Users/MoltenOwl/Documents/GitHub/RISE-Mobile/RISE_GAME/Content/RISE/LvlGenrating/BP_Level.uasset
[2018.03.01-05.28.56:133][422]Cmd: OBJ SAVEPACKAGE PACKAGE="/Game/RISE/LvlGenrating/BP_Level" FILE="../../../../../../Users/MoltenOwl/Documents/GitHub/RISE-Mobile/RISE_GAME/Content/RISE/LvlGenrating/BP_Level.uasset" SILENT=true
[2018.03.01-05.28.56:542][422]LogSavePackage: Save=387.48ms
[2018.03.01-05.28.56:542][422]LogSavePackage: Moving '../../../../../../Users/MoltenOwl/Documents/GitHub/RISE-Mobile/RISE_GAME/Saved/BP_Level37C58549445B9100148EDE82E07418E3.tmp' to '../../../../../../Users/MoltenOwl/Documents/GitHub/RISE-Mobile/RISE_GAME/Content/RISE/LvlGenrating/BP_Level.uasset'
[2018.03.01-05.28.56:552][422]LogSavePackage: Display: Finished SavePackage ../../../../../../Users/MoltenOwl/Documents/GitHub/RISE-Mobile/RISE_GAME/Content/RISE/LvlGenrating/BP_Level.uasset
[2018.03.01-05.30.36:561][756]LogWindows: Error: === Critical error: ===
[2018.03.01-05.30.36:561][756]LogWindows: Error: 
[2018.03.01-05.30.36:561][756]LogWindows: Error: Fatal error!
[2018.03.01-05.30.36:561][756]LogWindows: Error: 
[2018.03.01-05.30.36:561][756]LogWindows: Error: Unhandled Exception: EXCEPTION_ACCESS_VIOLATION reading address 0x00000000
[2018.03.01-05.30.36:561][756]LogWindows: Error: 
[2018.03.01-05.30.36:561][756]LogWindows: Error: UE4Editor-GraphEditor.dll!0x0000000042994A71
[2018.03.01-05.30.36:561][756]LogWindows: Error: UE4Editor-GraphEditor.dll!0x0000000042A1F10D
[2018.03.01-05.30.36:561][756]LogWindows: Error: UE4Editor-GraphEditor.dll!0x00000000429D345B
[2018.03.01-05.30.36:561][756]LogWindows: Error: UE4Editor-Slate.dll!0x00000000512FE57E
[2018.03.01-05.30.36:562][756]LogWindows: Error: UE4Editor-Slate.dll!0x00000000512FD2E6
[2018.03.01-05.30.36:562][756]LogWindows: Error: UE4Editor-Slate.dll!0x00000000512239A4
[2018.03.01-05.30.36:562][756]LogWindows: Error: UE4Editor-Slate.dll!0x00000000511F89B5
[2018.03.01-05.30.36:562][756]LogWindows: Error: UE4Editor-SlateCore.dll!0x0000000056C2357A
[2018.03.01-05.30.36:562][756]LogWindows: Error: UE4Editor-SlateCore.dll!0x0000000056CBB90D
[2018.03.01-05.30.36:562][756]LogWindows: Error: UE4Editor-SlateCore.dll!0x0000000056CBB90D
[2018.03.01-05.30.36:562][756]LogWindows: Error: UE4Editor-SlateCore.dll!0x0000000056CBB90D
[2018.03.01-05.30.36:562][756]LogWindows: Error: UE4Editor-SlateCore.dll!0x0000000056CBB90D
[2018.03.01-05.30.36:562][756]LogWindows: Error: UE4Editor-GraphEditor.dll!0x0000000042A3E2C2
[2018.03.01-05.30.36:562][756]LogWindows: Error: UE4Editor-Slate.dll!0x0000000051304DB1
[2018.03.01-05.30.36:562][756]LogWindows: Error: UE4Editor-Slate.dll!0x00000000510654F5
[2018.03.01-05.30.36:562][756]LogWindows: Error: UE4Editor-Slate.dll!0x00000000510369FE
[2018.03.01-05.30.36:562][756]LogWindows: Error: UE4Editor-Slate.dll!0x00000000510CF678
[2018.03.01-05.30.36:562][756]LogWindows: Error: UE4Editor-Slate.dll!0x00000000510BAADB
[2018.03.01-05.30.36:562][756]LogWindows: Error: UE4Editor-Slate.dll!0x00000000510AB9AB
[2018.03.01-05.30.36:562][756]LogWindows: Error: UE4Editor-Core.dll!0x000000004D02B87E
[2018.03.01-05.30.36:562][756]LogWindows: Error: UE4Editor-Core.dll!0x000000004D02AB10
[2018.03.01-05.30.36:562][756]LogWindows: Error: UE4Editor-Slate.dll!0x00000000510DC6CA
[2018.03.01-05.30.36:562][756]LogWindows: Error: UE4Editor-Slate.dll!0x00000000510DB326
[2018.03.01-05.30.36:563][756]LogWindows: Error: UE4Editor.exe!0x0000000011715DFD
[2018.03.01-05.30.36:563][756]LogWindows: Error: UE4Editor.exe!0x0000000011723970
[2018.03.01-05.30.36:563][756]LogWindows: Error: UE4Editor.exe!0x00000000117239EA
[2018.03.01-05.30.36:563][756]LogWindows: Error: UE4Editor.exe!0x00000000117302D9
[2018.03.01-05.30.36:563][756]LogWindows: Error: UE4Editor.exe!0x0000000011731C47
[2018.03.01-05.30.36:563][756]LogWindows: Error: KERNEL32.DLL!0x0000000083372774
[2018.03.01-05.30.36:563][756]LogWindows: Error: ntdll.dll!0x0000000085A90D51
[2018.03.01-05.30.36:563][756]LogWindows: Error: ntdll.dll!0x0000000085A90D51
[2018.03.01-05.30.36:563][756]LogWindows: Error: 
[2018.03.01-05.30.36:602][756]LogExit: Executing StaticShutdownAfterError
[2018.03.01-05.30.36:616][756]LogWindows: FPlatformMisc::RequestExit(1)
[2018.03.01-05.30.36:617][756]Log file closed, 02/28/18 21:30:36
