Log file open, 03/05/18 19:31:29
LogWindows: Failed to load 'aqProf.dll' (GetLastError=126)
LogWindows: File 'aqProf.dll' does not exist
LogWindows: Failed to load 'VSPerf140.dll' (GetLastError=126)
LogWindows: File 'VSPerf140.dll' does not exist
LogWindows: Failed to load 'VtuneApi.dll' (GetLastError=126)
LogWindows: File 'VtuneApi.dll' does not exist
LogWindows: Failed to load 'VtuneApi32e.dll' (GetLastError=126)
LogWindows: File 'VtuneApi32e.dll' does not exist
LogInit: Display: Running engine for game: RISE_GAME
LogPlatformFile: Not using cached read wrapper
LogInit: Display: RandInit(2024056027) SRandInit(2024056027).
LogTaskGraph: Started task graph with 5 named threads and 14 total threads with 3 sets of task threads.
LogStats: Stats thread started at 0.419804
LogD3D11RHI: Aftermath initialized
LogPluginManager: Mounting plugin Paper2D
LogPluginManager: Mounting plugin LightPropagationVolume
LogPluginManager: Mounting plugin CodeLiteSourceCodeAccess
LogPluginManager: Mounting plugin GitSourceControl
LogPluginManager: Mounting plugin KDevelopSourceCodeAccess
LogPluginManager: Mounting plugin NullSourceCodeAccess
LogPluginManager: Mounting plugin PerforceSourceControl
LogPluginManager: Mounting plugin SubversionSourceControl
LogPluginManager: Mounting plugin UObjectPlugin
LogPluginManager: Mounting plugin VisualStudioSourceCodeAccess
LogPluginManager: Mounting plugin XCodeSourceCodeAccess
LogPluginManager: Mounting plugin AssetManagerEditor
LogPluginManager: Mounting plugin AudioCapture
LogPluginManager: Mounting plugin FacialAnimation
LogPluginManager: Mounting plugin GameplayTagsEditor
LogPluginManager: Mounting plugin MobileLauncherProfileWizard
LogPluginManager: Mounting plugin PluginBrowser
LogPluginManager: Mounting plugin SpeedTreeImporter
LogPluginManager: Mounting plugin AlembicImporter
LogPluginManager: Mounting plugin CharacterAI
LogPluginManager: Mounting plugin HTML5Networking
LogPluginManager: Mounting plugin AndroidMedia
LogPluginManager: Mounting plugin AvfMedia
LogPluginManager: Mounting plugin MediaPlayerEditor
LogPluginManager: Mounting plugin WmfMedia
LogPluginManager: Mounting plugin TcpMessaging
LogPluginManager: Mounting plugin UdpMessaging
LogPluginManager: Mounting plugin LevelSequenceEditor
LogPluginManager: Mounting plugin MatineeToLevelSequence
LogPluginManager: Mounting plugin OnlineSubsystemGooglePlay
LogPluginManager: Mounting plugin OnlineSubsystemIOS
LogPluginManager: Mounting plugin OnlineSubsystem
LogPluginManager: Mounting plugin OnlineSubsystemNull
LogPluginManager: Mounting plugin OnlineSubsystemUtils
LogPluginManager: Mounting plugin AndroidDeviceProfileSelector
LogPluginManager: Mounting plugin AndroidMoviePlayer
LogPluginManager: Mounting plugin AndroidPermission
LogPluginManager: Mounting plugin AppleMoviePlayer
LogPluginManager: Mounting plugin ArchVisCharacter
LogPluginManager: Mounting plugin CableComponent
LogPluginManager: Mounting plugin CustomMeshComponent
LogPluginManager: Mounting plugin ExampleDeviceProfileSelector
LogPluginManager: Mounting plugin GoogleCloudMessaging
LogPluginManager: Mounting plugin ImmediatePhysics
LogPluginManager: Mounting plugin IOSDeviceProfileSelector
LogPluginManager: Mounting plugin LinuxDeviceProfileSelector
LogPluginManager: Mounting plugin LocationServicesBPLibrary
LogPluginManager: Mounting plugin MobilePatchingUtils
LogPluginManager: Mounting plugin OculusVR
LogPluginManager: Mounting plugin PhysXVehicles
LogPluginManager: Mounting plugin ProceduralMeshComponent
LogPluginManager: Mounting plugin RuntimePhysXCooking
LogPluginManager: Mounting plugin SteamVR
LogPluginManager: Mounting plugin WindowsMoviePlayer
LogInit: Using libcurl 7.47.1
LogInit:  - built for x86_64-pc-win32
LogInit:  - supports SSL with OpenSSL/1.0.2g
LogInit:  - supports HTTP deflate (compression) using libz 1.2.8
LogInit:  - other features:
LogInit:      CURL_VERSION_SSL
LogInit:      CURL_VERSION_LIBZ
LogInit:      CURL_VERSION_IPV6
LogInit:      CURL_VERSION_ASYNCHDNS
LogInit:      CURL_VERSION_LARGEFILE
LogInit:      CURL_VERSION_IDN
LogInit:  CurlRequestOptions (configurable via config and command line):
LogInit:  - bVerifyPeer = false  - Libcurl will NOT verify peer certificate
LogInit:  - bUseHttpProxy = false  - Libcurl will NOT use HTTP proxy
LogInit:  - bDontReuseConnections = false  - Libcurl will reuse connections
LogInit:  - CertBundlePath = nullptr  - Libcurl will use whatever was configured at build time.
LogInit: Build: ++UE4+Release-4.17-CL-3658906
LogInit: Engine Version: 4.17.2-3658906+++UE4+Release-4.17
LogInit: Compatible Engine Version: 4.17.0-3573198+++UE4+Release-4.17
LogInit: Net CL: 3573198
LogDevObjectVersion: Number of dev versions registered: 16
LogDevObjectVersion:   Dev-Blueprints (B0D832E4-1F89-4F0D-ACCF-7EB736FD4AA2): 10
LogDevObjectVersion:   Dev-Build (E1C64328-A22C-4D53-A36C-8E866417BD8C): 0
LogDevObjectVersion:   Dev-Core (375EC13C-06E4-48FB-B500-84F0262A717E): 2
LogDevObjectVersion:   Dev-Editor (E4B068ED-F494-42E9-A231-DA0B2E46BB41): 20
LogDevObjectVersion:   Dev-Framework (CFFC743F-43B0-4480-9391-14DF171D2073): 28
LogDevObjectVersion:   Dev-Mobile (B02B49B5-BB20-44E9-A304-32B752E40360): 0
LogDevObjectVersion:   Dev-Networking (A4E4105C-59A1-49B5-A7C5-40C4547EDFEE): 0
LogDevObjectVersion:   Dev-Online (39C831C9-5AE6-47DC-9A44-9C173E1C8E7C): 0
LogDevObjectVersion:   Dev-Physics (78F01B33-EBEA-4F98-B9B4-84EACCB95AA2): 0
LogDevObjectVersion:   Dev-Platform (6631380F-2D4D-43E0-8009-CF276956A95A): 0
LogDevObjectVersion:   Dev-Rendering (12F88B9F-8875-4AFC-A67C-D90C383ABD29): 19
LogDevObjectVersion:   Dev-Sequencer (7B5AE74C-D270-4C10-A958-57980B212A5A): 4
LogDevObjectVersion:   Dev-VR (D7296918-1DD6-4BDD-9DE2-64A83CC13884): 0
LogDevObjectVersion:   Dev-LoadTimes (C2A15278-BFE7-4AFE-6C17-90FF531DF755): 1
LogDevObjectVersion:   Private-Geometry (6EACA3D4-40EC-4CC1-B786-8BED09428FC5): 1
LogDevObjectVersion:   Dev-AnimPhys (29E575DD-E0A3-4627-9D10-D276232CDCEA): 7
LogInit: Compiled (64-bit): Sep 22 2017 13:47:16
LogInit: Compiled with Visual C++: 19.00.24215.01
LogInit: Build Configuration: Development
LogInit: Branch Name: ++UE4+Release-4.17
LogInit: Command line:  
LogInit: Base directory: C:/Program Files/Epic Games/UE_4.17/Engine/Binaries/Win64/
LogInit: Installed Engine Build: 1
LogInit: Presizing for max 8388607 objects, including 0 objects not considered by GC, pre-allocating 0 bytes for permanent pool.
LogInit: Object subsystem initialized
[2018.03.05-23.31.31:760][  0]LogInit: Selected Device Profile: [Windows]
[2018.03.05-23.31.31:760][  0]LogInit: Applying CVar settings loaded from the selected device profile: [Windows]
[2018.03.05-23.31.31:891][  0]LogInit: Computer: LAPTOP-EBH0JGK7
[2018.03.05-23.31.31:891][  0]LogInit: User: MoltenOwl
[2018.03.05-23.31.31:891][  0]LogInit: CPU Page size=4096, Cores=4
[2018.03.05-23.31.31:891][  0]LogInit: High frequency timer resolution =2.339361 MHz
[2018.03.05-23.31.31:891][  0]LogMemory: Memory total: Physical=11.5GB (12GB approx)
[2018.03.05-23.31.31:891][  0]LogMemory: Platform Memory Stats for Windows
[2018.03.05-23.31.31:891][  0]LogMemory: Process Physical Memory: 278.15 MB used, 278.15 MB peak
[2018.03.05-23.31.31:891][  0]LogMemory: Process Virtual Memory: 274.13 MB used, 274.13 MB peak
[2018.03.05-23.31.31:891][  0]LogMemory: Physical Memory: 3200.34 MB used,  8542.78 MB free, 11743.12 MB total
[2018.03.05-23.31.31:891][  0]LogMemory: Virtual Memory: 667.91 MB used,  8542.78 MB free, 134217728.00 MB total
[2018.03.05-23.31.32:995][  0]LogInit: Using OS detected language (en-US).
[2018.03.05-23.31.32:995][  0]LogInit: Using OS detected locale (en-US).
[2018.03.05-23.31.33:388][  0]LogTextLocalizationManager: No specific localization for 'en-US' exists, so the 'en' localization will be used.
[2018.03.05-23.31.45:750][  0]LogD3D11RHI: D3D11 adapters:
[2018.03.05-23.31.45:775][  0]LogD3D11RHI:    0. 'AMD Radeon(TM) R5 Graphics' (Feature Level 11_0)
[2018.03.05-23.31.45:775][  0]LogD3D11RHI:       499/0/5871 MB DedicatedVideo/DedicatedSystem/SharedSystem, Outputs:1, VendorId:0x1002
[2018.03.05-23.31.45:778][  0]LogD3D11RHI:    1. 'Microsoft Basic Render Driver' (Feature Level 11_0)
[2018.03.05-23.31.45:778][  0]LogD3D11RHI:       0/0/5871 MB DedicatedVideo/DedicatedSystem/SharedSystem, Outputs:0, VendorId:0x1414
[2018.03.05-23.31.45:778][  0]LogD3D11RHI: Chosen D3D11 Adapter: 0
[2018.03.05-23.31.45:792][  0]LogD3D11RHI: Creating new Direct3DDevice
[2018.03.05-23.31.45:792][  0]LogD3D11RHI:     GPU DeviceId: 0x9874 (for the marketing name, search the web for "GPU Device Id")
[2018.03.05-23.31.45:792][  0]LogWindows: EnumDisplayDevices:
[2018.03.05-23.31.45:793][  0]LogWindows:    0. 'AMD Radeon(TM) R5 Graphics' (P:1 D:1)
[2018.03.05-23.31.45:793][  0]LogWindows:    1. 'AMD Radeon(TM) R5 Graphics' (P:0 D:0)
[2018.03.05-23.31.45:794][  0]LogWindows:    2. 'AMD Radeon(TM) R5 Graphics' (P:0 D:0)
[2018.03.05-23.31.45:794][  0]LogWindows: DebugString: FoundDriverCount:3 
[2018.03.05-23.31.45:794][  0]LogD3D11RHI:     Adapter Name: AMD Radeon(TM) R5 Graphics
[2018.03.05-23.31.45:794][  0]LogD3D11RHI:   Driver Version: Crimson 16.6 (internal:16.300.2701.0, unified:16.300.2701.0)
[2018.03.05-23.31.45:794][  0]LogD3D11RHI:      Driver Date: 8-9-2016
[2018.03.05-23.31.45:794][  0]LogRHI: Texture pool is 349 MB (70% of 499 MB)
[2018.03.05-23.31.45:842][  0]LogD3D11RHI: Async texture creation enabled
[2018.03.05-23.31.45:863][  0]LogD3D11RHI: GPU Timing Frequency: 100.000000 (Debug: 2 1)
[2018.03.05-23.31.45:865][  0]LogShaderCompilers: Guid format shader working directory is -22 characters bigger than the processId version (../../../../../../Users/MoltenOwl/Documents/GitHub/RISE-Mobile/RISE_GAME/Intermediate/Shaders/WorkingDirectory/5828/).
[2018.03.05-23.31.45:865][  0]LogShaderCompilers: Cleaned the shader compiler working directory 'C:/Users/MoltenOwl/AppData/Local/Temp/UnrealShaderWorkingDir/219BBBB449E972E332AA38B0D08ADF3F/'.
[2018.03.05-23.31.45:865][  0]LogShaderCompilers: Display: Using Local Shader Compiler.
[2018.03.05-23.31.52:934][  0]LogTemp: Display: Loaded TP AllDesktopTargetPlatform
[2018.03.05-23.31.53:051][  0]LogTemp: Display: Loaded TP MacClientTargetPlatform
[2018.03.05-23.31.53:167][  0]LogTemp: Display: Loaded TP MacNoEditorTargetPlatform
[2018.03.05-23.31.53:314][  0]LogTemp: Display: Loaded TP MacServerTargetPlatform
[2018.03.05-23.31.53:440][  0]LogTemp: Display: Loaded TP MacTargetPlatform
[2018.03.05-23.31.53:558][  0]LogTemp: Display: Loaded TP WindowsClientTargetPlatform
[2018.03.05-23.31.53:679][  0]LogTemp: Display: Loaded TP WindowsNoEditorTargetPlatform
[2018.03.05-23.31.53:784][  0]LogTemp: Display: Loaded TP WindowsServerTargetPlatform
[2018.03.05-23.31.53:887][  0]LogTemp: Display: Loaded TP WindowsTargetPlatform
[2018.03.05-23.31.54:016][  0]LogTemp: Display: Loaded TP AndroidTargetPlatform
[2018.03.05-23.31.54:126][  0]LogTemp: Display: Loaded TP Android_ASTCTargetPlatform
[2018.03.05-23.31.54:228][  0]LogTemp: Display: Loaded TP Android_ATCTargetPlatform
[2018.03.05-23.31.54:329][  0]LogTemp: Display: Loaded TP Android_DXTTargetPlatform
[2018.03.05-23.31.54:425][  0]LogTemp: Display: Loaded TP Android_ETC1TargetPlatform
[2018.03.05-23.31.54:532][  0]LogTemp: Display: Loaded TP Android_ETC2TargetPlatform
[2018.03.05-23.31.54:759][  0]LogTemp: Display: Loaded TP Android_MultiTargetPlatform
[2018.03.05-23.31.54:759][  0]LogTemp: Display: Loaded TP Android_PVRTCTargetPlatform
[2018.03.05-23.31.54:851][  0]LogTemp: Display: Loaded TP HTML5TargetPlatform
[2018.03.05-23.31.55:129][  0]LogTemp: Display: Loaded TP IOSTargetPlatform
[2018.03.05-23.31.55:191][  0]LogTemp: Display: Loaded TP TVOSTargetPlatform
[2018.03.05-23.31.55:298][  0]LogTemp: Display: Loaded TP LinuxClientTargetPlatform
[2018.03.05-23.31.55:401][  0]LogTemp: Display: Loaded TP LinuxNoEditorTargetPlatform
[2018.03.05-23.31.55:518][  0]LogTemp: Display: Loaded TP LinuxServerTargetPlatform
[2018.03.05-23.31.55:676][  0]LogTemp: Display: Loaded TP LinuxTargetPlatform
[2018.03.05-23.31.55:676][  0]LogTargetPlatformManager: Display: Building Assets For Windows
[2018.03.05-23.31.57:253][  0]LogDerivedDataCache: Display: Max Cache Size: 512 MB
[2018.03.05-23.31.58:334][  0]LogDerivedDataCache: Loaded boot cache 1.06s 93MB C:/Users/MoltenOwl/AppData/Local/UnrealEngine/4.17/DerivedDataCache/Boot.ddc.
[2018.03.05-23.31.58:334][  0]LogDerivedDataCache: Display: Loaded Boot cache: C:/Users/MoltenOwl/AppData/Local/UnrealEngine/4.17/DerivedDataCache/Boot.ddc
[2018.03.05-23.31.58:334][  0]LogDerivedDataCache: FDerivedDataBackendGraph:  Pak pak cache file ../../../../../../Users/MoltenOwl/Documents/GitHub/RISE-Mobile/RISE_GAME/DerivedDataCache/DDC.ddp not found, will not use a pak cache.
[2018.03.05-23.31.58:334][  0]LogDerivedDataCache: Unable to find inner node Pak for hierarchical cache Hierarchy.
[2018.03.05-23.31.58:334][  0]LogDerivedDataCache: FDerivedDataBackendGraph:  CompressedPak pak cache file ../../../../../../Users/MoltenOwl/Documents/GitHub/RISE-Mobile/RISE_GAME/DerivedDataCache/Compressed.ddp not found, will not use a pak cache.
[2018.03.05-23.31.58:334][  0]LogDerivedDataCache: Unable to find inner node CompressedPak for hierarchical cache Hierarchy.
[2018.03.05-23.31.58:395][  0]LogDerivedDataCache: Display: Pak cache opened for reading ../../../Engine/DerivedDataCache/Compressed.ddp.
[2018.03.05-23.31.58:431][  0]LogDerivedDataCache: Using Local data cache path C:/Users/MoltenOwl/AppData/Local/UnrealEngine/Common/DerivedDataCache: Writable
[2018.03.05-23.31.58:452][  0]LogMaterial: Verifying Global Shaders for PCD3D_SM5
[2018.03.05-23.31.58:453][  0]LogSlate: Using Freetype 2.6.0
[2018.03.05-23.31.58:548][  0]LogSlate: SlateFontCache - WITH_FREETYPE: 1, WITH_HARFBUZZ: 1
[2018.03.05-23.31.58:548][  0]LogSlate: SlateFontCache - WITH_FREETYPE: 1, WITH_HARFBUZZ: 1
[2018.03.05-23.32.03:205][  0]LogAssetRegistry: FAssetRegistry took 0.0318 seconds to start up
[2018.03.05-23.32.03:894][  0]LogInit: Selected Device Profile: [Windows]
[2018.03.05-23.32.08:181][  0]LogContentStreaming: Texture pool size is 0.00 MB
[2018.03.05-23.32.09:908][  0]LogSimplygon: Simplygon DLL not present - disabling.
[2018.03.05-23.32.10:053][  0]LogMeshReduction: Using SimplygonSwarm for distributed automatic mesh merging
[2018.03.05-23.32.10:053][  0]LogMeshReduction: Using QuadricMeshReduction for automatic static mesh reduction
[2018.03.05-23.32.10:053][  0]LogMeshReduction: No automatic skeletal mesh reduction module available
[2018.03.05-23.32.10:053][  0]LogMeshReduction: No automatic mesh merging module available
[2018.03.05-23.32.10:053][  0]LogMeshMerging: No automatic mesh merging module available
[2018.03.05-23.32.12:905][  0]LogNetVersion: RISE_GAME , NetCL: 3573198, EngineNetVer: 2, GameNetVer: 0 (Checksum: 1739909859)
[2018.03.05-23.32.14:732][  0]LogPackageLocalizationCache: Processed 5 localized package path(s) for 2 prioritized culture(s) in 0.184079 seconds
[2018.03.05-23.32.14:744][  0]LogUObjectArray: 35825 objects as part of root set at end of initial load.
[2018.03.05-23.32.14:744][  0]LogUObjectAllocator: 7529104 out of 0 bytes used by permanent object pool.
[2018.03.05-23.32.14:744][  0]LogUObjectArray: CloseDisregardForGC: 0/0 objects in disregard for GC pool
[2018.03.05-23.32.14:898][  0]LogInit: WinSock: version 1.1 (2.2), MaxSocks=32767, MaxUdp=65467
[2018.03.05-23.32.38:918][  0]LogTcpMessaging: Initializing TcpMessaging bridge
[2018.03.05-23.32.39:000][  0]LogUdpMessaging: Initializing bridge on interface 0.0.0.0:0 to multicast group 230.0.0.1:6666.
[2018.03.05-23.32.40:792][  0]LogMaterial: Uniform references updated for custom material expression Custom.
[2018.03.05-23.32.42:067][  0]SourceControl: Source control is disabled
[2018.03.05-23.32.42:067][  0]SourceControl: Source control is disabled
[2018.03.05-23.32.42:203][  0]SourceControl: Source control is disabled
[2018.03.05-23.32.42:329][  0]SourceControl: Source control is disabled
[2018.03.05-23.32.44:069][  0]LogAndroidPermission: UAndroidPermissionCallbackProxy::GetInstance
[2018.03.05-23.32.44:902][  0]LogOcInput: OculusInput pre-init called
[2018.03.05-23.32.46:166][  0]LogEngine: Initializing Engine...
[2018.03.05-23.32.46:170][  0]LogHMD: Failed to initialize OpenVR with code 110
[2018.03.05-23.32.47:460][  0]LogStats: UGameplayTagsManager::ConstructGameplayTagTree: Construct from data asset -  0.000 s
[2018.03.05-23.32.47:460][  0]LogStats: UGameplayTagsManager::ConstructGameplayTagTree: GameplayTagTreeChangedEvent.Broadcast -  0.000 s
[2018.03.05-23.32.47:801][  0]LogAIModule: Creating AISystem for world Untitled
[2018.03.05-23.32.47:812][  0]LogInit: XAudio2 using 'Speaker/Headphone (Realtek High Definition Audio)' : 2 channels at 48 kHz using 32 bits per sample (channel mask 0x3)
[2018.03.05-23.32.48:200][  0]LogInit: FAudioDevice initialized.
[2018.03.05-23.32.48:458][  0]LogDerivedDataCache: Saved boot cache 0.26s 93MB C:/Users/MoltenOwl/AppData/Local/UnrealEngine/4.17/DerivedDataCache/Boot.ddc.
[2018.03.05-23.32.48:487][  0]LogInit: Texture streaming: Enabled
[2018.03.05-23.32.48:772][  0]LogEngineSessionManager: EngineSessionManager initialized
[2018.03.05-23.32.49:465][  0]LogInit: Transaction tracking system initialized
[2018.03.05-23.32.50:455][  0]BlueprintLog: New page: Editor Load
[2018.03.05-23.32.53:305][  0]LocalizationService: Localization service is disabled
[2018.03.05-23.32.55:391][  0]LogConsoleResponse: Display: 
[2018.03.05-23.32.59:542][  0]LogCook: Display: Max memory allowance for cook 16384mb min free memory 0mb
[2018.03.05-23.32.59:542][  0]LogCook: Display: Mobile HDR setting 1
[2018.03.05-23.32.59:542][  0]LogGameplayTags: Display: UGameplayTagsManager::DoneAddingNativeTags. DelegateIsBound: 0
[2018.03.05-23.33.00:262][  0]LogFileCache: Scanning file cache for directory 'C:/Users/MoltenOwl/Documents/GitHub/RISE-Mobile/RISE_GAME/Content/' took 0.05s
[2018.03.05-23.33.04:631][  0]SourceControl: Source control is disabled
[2018.03.05-23.33.04:631][  0]Cmd: MAP LOAD FILE="../../../../../../Users/MoltenOwl/Documents/GitHub/RISE-Mobile/RISE_GAME/Content/SideScrollerBP/Maps/SideScrollerExampleMap.umap" TEMPLATE=0 SHOWPROGRESS=1 FEATURELEVEL=3
[2018.03.05-23.33.04:706][  0]LightingResults: New page: Lighting Build
[2018.03.05-23.33.04:828][  0]MapCheck: New page: Map Check
[2018.03.05-23.33.04:828][  0]LightingResults: New page: Lighting Build
[2018.03.05-23.33.19:433][  0]LogAIModule: Creating AISystem for world SideScrollerExampleMap
[2018.03.05-23.33.19:490][  0]LogEditorServer: Finished looking for orphan Actors (0.000 secs)
[2018.03.05-23.33.19:557][  0]Cmd: MAP CHECKDEP NOCLEARLOG
[2018.03.05-23.33.19:687][  0]MapCheck: Map check complete: 0 Error(s), 0 Warning(s), took 129.876ms to complete.
[2018.03.05-23.33.19:687][  0]LogFileHelpers: Loading map 'SideScrollerExampleMap' took 15.056
[2018.03.05-23.33.20:191][  0]LogCollectionManager: Loaded 0 collections in 0.002988 seconds
[2018.03.05-23.33.20:350][  0]LogFileCache: Scanning file cache for directory 'C:/Users/MoltenOwl/Documents/GitHub/RISE-Mobile/RISE_GAME/Saved/Collections/' took 0.01s
[2018.03.05-23.33.20:351][  0]LogFileCache: Scanning file cache for directory 'C:/Users/MoltenOwl/Documents/GitHub/RISE-Mobile/RISE_GAME/Content/Developers/MoltenOwl/Collections/' took 0.01s
[2018.03.05-23.33.20:351][  0]LogFileCache: Scanning file cache for directory 'C:/Users/MoltenOwl/Documents/GitHub/RISE-Mobile/RISE_GAME/Content/Collections/' took 0.01s
[2018.03.05-23.33.20:351][  0]LogCollectionManager: Rebuilt the GUID cache for 0 collections in 0.000001 seconds
[2018.03.05-23.33.20:368][  0]LogContentBrowser: Native class hierarchy populated in 0.0172 seconds. Added 2386 classes and 500 folders.
[2018.03.05-23.33.20:522][  0]LogContentBrowser: Native class hierarchy updated for 'WidgetCarousel' in 0.0012 seconds. Added 0 classes and 0 folders.
[2018.03.05-23.33.22:107][  0]LogContentBrowser: Native class hierarchy updated for 'AddContentDialog' in 0.0019 seconds. Added 0 classes and 0 folders.
[2018.03.05-23.33.22:245][  0]LogContentBrowser: Native class hierarchy updated for 'SceneOutliner' in 0.0012 seconds. Added 1 classes and 2 folders.
[2018.03.05-23.33.22:316][  0]LogSlate: Took 0.023671 seconds to synchronously load lazily loaded font '../../../Engine/Content/Slate/Fonts/Roboto-Regular.ttf' (155K)
[2018.03.05-23.33.22:336][  0]LogSlate: Took 0.016921 seconds to synchronously load lazily loaded font '../../../Engine/Content/Slate/Fonts/Roboto-Bold.ttf' (160K)
[2018.03.05-23.33.22:358][  0]LogSlate: Took 0.014952 seconds to synchronously load lazily loaded font '../../../Engine/Content/Editor/Slate/Fonts/FontAwesome.ttf' (139K)
[2018.03.05-23.33.22:757][  0]LogRenderer: Reallocating scene render targets to support 856x528 Format 10 NumSamples 1 (Frame:1).
[2018.03.05-23.33.23:536][  0]LogContentBrowser: Native class hierarchy updated for 'HierarchicalLODOutliner' in 0.0014 seconds. Added 1 classes and 2 folders.
[2018.03.05-23.33.23:536][  0]LogLoad: (Engine Initialization) Total time: 120.63 seconds
[2018.03.05-23.33.23:536][  0]LogLoad: (Engine Initialization) Total Blueprint compile time: 0.00 seconds
[2018.03.05-23.33.23:537][  0]LogExternalProfiler: No external profilers were discovered.  External profiling features will not be available.
[2018.03.05-23.33.24:029][  0]LogContentStreaming: Texture pool size now 1000 MB
[2018.03.05-23.33.24:201][  0]LogSlate: Took 0.023447 seconds to synchronously load lazily loaded font '../../../Engine/Content/Slate/Fonts/Roboto-Light.ttf' (159K)
[2018.03.05-23.33.24:232][  1]LogFileCache: Retrieving MD5 hashes for directory 'C:/Users/MoltenOwl/Documents/GitHub/RISE-Mobile/RISE_GAME/Content/' took 0.25s
[2018.03.05-23.33.24:907][  3]LogAssetRegistry: Asset discovery search completed in 81.7237 seconds
[2018.03.05-23.33.24:910][  3]LogCollectionManager: Rebuilt the object cache for 0 collections in 0.000001 seconds (found 0 objects)
[2018.03.05-23.33.24:910][  3]LogCollectionManager: Fixed up redirectors for 0 collections in 0.000141 seconds (updated 0 objects)
[2018.03.05-23.33.24:956][  3]LogSlate: Took 0.000672 seconds to synchronously load lazily loaded font '../../../Engine/Content/Slate/Fonts/Roboto-Light.ttf' (159K)
[2018.03.05-23.33.45:856][850]LogSlate: Took 0.000453 seconds to synchronously load lazily loaded font '../../../Engine/Content/Slate/Fonts/Roboto-Light.ttf' (159K)
[2018.03.05-23.33.46:674][850]LogSlate: Took 0.000392 seconds to synchronously load lazily loaded font '../../../Engine/Content/Slate/Fonts/Roboto-Regular.ttf' (155K)
[2018.03.05-23.33.47:069][850]LogContentBrowser: Native class hierarchy updated for 'BlueprintGraph' in 0.0015 seconds. Added 113 classes and 0 folders.
[2018.03.05-23.33.48:835][850]LogSlate: Took 0.022652 seconds to synchronously load lazily loaded font '../../../Engine/Content/Editor/Slate/Fonts/Roboto-BoldCondensed.ttf' (158K)
[2018.03.05-23.33.54:807][118]LogSlate: Took 0.065158 seconds to synchronously load lazily loaded font '../../../Engine/Content/Editor/Slate/Fonts/Roboto-Italic.ttf' (157K)
[2018.03.05-23.33.56:496][204]LogTemp: Repeating last play command: Selected Viewport
[2018.03.05-23.33.56:718][204]LogBlueprintUserMessages: Early PlayInEditor Detection: Level '/Game/SideScrollerBP/Maps/SideScrollerExampleMap.SideScrollerExampleMap:PersistentLevel' has LevelScriptBlueprint '/Game/SideScrollerBP/Maps/SideScrollerExampleMap.SideScrollerExampleMap:PersistentLevel.SideScrollerExampleMap' with GeneratedClass '/Game/SideScrollerBP/Maps/SideScrollerExampleMap.SideScrollerExampleMap_C' with ClassGeneratedBy '/Game/SideScrollerBP/Maps/SideScrollerExampleMap.SideScrollerExampleMap:PersistentLevel.SideScrollerExampleMap'
[2018.03.05-23.33.56:718][204]LogPlayLevel: PlayLevel: No blueprints needed recompiling
[2018.03.05-23.33.56:728][204]PIE: New page: PIE session: SideScrollerExampleMap (Mar 5, 2018, 3:33:56 PM)
[2018.03.05-23.33.56:730][204]LogPlayLevel: Creating play world package: /Game/SideScrollerBP/Maps/UEDPIE_0_SideScrollerExampleMap
[2018.03.05-23.33.56:785][204]LogPlayLevel: PIE: StaticDuplicateObject took: (0.055257s)
[2018.03.05-23.33.56:788][204]LogAIModule: Creating AISystem for world SideScrollerExampleMap
[2018.03.05-23.33.56:788][204]LogPlayLevel: PIE: World Init took: (0.002826s)
[2018.03.05-23.33.56:789][204]LogPlayLevel: PIE: Created PIE world by copying editor world from /Game/SideScrollerBP/Maps/SideScrollerExampleMap.SideScrollerExampleMap to /Game/SideScrollerBP/Maps/UEDPIE_0_SideScrollerExampleMap.SideScrollerExampleMap (0.058881s)
[2018.03.05-23.33.56:841][204]LogInit: XAudio2 using 'Speaker/Headphone (Realtek High Definition Audio)' : 2 channels at 48 kHz using 32 bits per sample (channel mask 0x3)
[2018.03.05-23.33.56:871][204]LogInit: FAudioDevice initialized.
[2018.03.05-23.33.56:975][204]LogLoad: Game class is 'OGSideScrollerGameMode_C'
[2018.03.05-23.33.57:004][204]LogWorld: Bringing World /Game/SideScrollerBP/Maps/UEDPIE_0_SideScrollerExampleMap.SideScrollerExampleMap up for play (max tick rate 0) at 2018.03.05-19.33.57
[2018.03.05-23.33.57:007][204]LogWorld: Bringing up level for play took: 0.007195
[2018.03.05-23.33.57:183][204]LogContentBrowser: Native class hierarchy updated for 'MovieSceneCapture' in 0.0017 seconds. Added 11 classes and 0 folders.
[2018.03.05-23.33.57:279][204]PIE: Play in editor start time for /Game/SideScrollerBP/Maps/UEDPIE_0_SideScrollerExampleMap 1.288
[2018.03.05-23.33.57:280][204]LogBlueprintUserMessages: Late PlayInEditor Detection: Level '/Game/SideScrollerBP/Maps/SideScrollerExampleMap.SideScrollerExampleMap:PersistentLevel' has LevelScriptBlueprint '/Game/SideScrollerBP/Maps/SideScrollerExampleMap.SideScrollerExampleMap:PersistentLevel.SideScrollerExampleMap' with GeneratedClass '/Game/SideScrollerBP/Maps/SideScrollerExampleMap.SideScrollerExampleMap_C' with ClassGeneratedBy '/Game/SideScrollerBP/Maps/SideScrollerExampleMap.SideScrollerExampleMap:PersistentLevel.SideScrollerExampleMap'
[2018.03.05-23.33.57:387][204]LogRenderer: Reallocating scene render targets to support 856x604 Format 10 NumSamples 1 (Frame:1).
[2018.03.05-23.33.59:957][291]LogBlueprintUserMessages: Early EndPlayMap Detection: Level '/Game/SideScrollerBP/Maps/SideScrollerExampleMap.SideScrollerExampleMap:PersistentLevel' has LevelScriptBlueprint '/Game/SideScrollerBP/Maps/SideScrollerExampleMap.SideScrollerExampleMap:PersistentLevel.SideScrollerExampleMap' with GeneratedClass '/Game/SideScrollerBP/Maps/SideScrollerExampleMap.SideScrollerExampleMap_C' with ClassGeneratedBy '/Game/SideScrollerBP/Maps/SideScrollerExampleMap.SideScrollerExampleMap:PersistentLevel.SideScrollerExampleMap'
[2018.03.05-23.34.00:054][291]LogBlueprintUserMessages: Late EndPlayMap Detection: Level '/Game/SideScrollerBP/Maps/SideScrollerExampleMap.SideScrollerExampleMap:PersistentLevel' has LevelScriptBlueprint '/Game/SideScrollerBP/Maps/SideScrollerExampleMap.SideScrollerExampleMap:PersistentLevel.SideScrollerExampleMap' with GeneratedClass '/Game/SideScrollerBP/Maps/SideScrollerExampleMap.SideScrollerExampleMap_C' with ClassGeneratedBy '/Game/SideScrollerBP/Maps/SideScrollerExampleMap.SideScrollerExampleMap:PersistentLevel.SideScrollerExampleMap'
[2018.03.05-23.34.23:602][184]LogHttp: Warning: 0000022515CAD000: request failed, libcurl error: 6 (Couldn't resolve host name)
[2018.03.05-23.34.23:602][184]LogHttp: Warning: 0000022515CAD000: libcurl info message cache 0 (Could not resolve host: datarouter.ol.epicgames.com)
[2018.03.05-23.34.23:602][184]LogHttp: Warning: 0000022515CAD000: libcurl info message cache 1 (Closing connection 0)
[2018.03.05-23.34.31:364][533]LogTemp: Repeating last play command: Selected Viewport
[2018.03.05-23.34.31:418][533]LogBlueprintUserMessages: Early PlayInEditor Detection: Level '/Game/SideScrollerBP/Maps/SideScrollerExampleMap.SideScrollerExampleMap:PersistentLevel' has LevelScriptBlueprint '/Game/SideScrollerBP/Maps/SideScrollerExampleMap.SideScrollerExampleMap:PersistentLevel.SideScrollerExampleMap' with GeneratedClass '/Game/SideScrollerBP/Maps/SideScrollerExampleMap.SideScrollerExampleMap_C' with ClassGeneratedBy '/Game/SideScrollerBP/Maps/SideScrollerExampleMap.SideScrollerExampleMap:PersistentLevel.SideScrollerExampleMap'
[2018.03.05-23.34.31:418][533]LogPlayLevel: PlayLevel: No blueprints needed recompiling
[2018.03.05-23.34.31:419][533]PIE: New page: PIE session: SideScrollerExampleMap (Mar 5, 2018, 3:34:31 PM)
[2018.03.05-23.34.31:420][533]LogPlayLevel: Creating play world package: /Game/SideScrollerBP/Maps/UEDPIE_0_SideScrollerExampleMap
[2018.03.05-23.34.31:466][533]LogPlayLevel: PIE: StaticDuplicateObject took: (0.046127s)
[2018.03.05-23.34.31:469][533]LogAIModule: Creating AISystem for world SideScrollerExampleMap
[2018.03.05-23.34.31:470][533]LogPlayLevel: PIE: World Init took: (0.003427s)
[2018.03.05-23.34.31:471][533]LogPlayLevel: PIE: Created PIE world by copying editor world from /Game/SideScrollerBP/Maps/SideScrollerExampleMap.SideScrollerExampleMap to /Game/SideScrollerBP/Maps/UEDPIE_0_SideScrollerExampleMap.SideScrollerExampleMap (0.050422s)
[2018.03.05-23.34.31:513][533]LogInit: XAudio2 using 'Speaker/Headphone (Realtek High Definition Audio)' : 2 channels at 48 kHz using 32 bits per sample (channel mask 0x3)
[2018.03.05-23.34.31:538][533]LogInit: FAudioDevice initialized.
[2018.03.05-23.34.31:611][533]LogLoad: Game class is 'OGSideScrollerGameMode_C'
[2018.03.05-23.34.31:615][533]LogWorld: Bringing World /Game/SideScrollerBP/Maps/UEDPIE_0_SideScrollerExampleMap.SideScrollerExampleMap up for play (max tick rate 0) at 2018.03.05-19.34.31
[2018.03.05-23.34.31:617][533]LogWorld: Bringing up level for play took: 0.005148
[2018.03.05-23.34.31:687][533]PIE: Play in editor start time for /Game/SideScrollerBP/Maps/UEDPIE_0_SideScrollerExampleMap -0.303
[2018.03.05-23.34.31:688][533]LogBlueprintUserMessages: Late PlayInEditor Detection: Level '/Game/SideScrollerBP/Maps/SideScrollerExampleMap.SideScrollerExampleMap:PersistentLevel' has LevelScriptBlueprint '/Game/SideScrollerBP/Maps/SideScrollerExampleMap.SideScrollerExampleMap:PersistentLevel.SideScrollerExampleMap' with GeneratedClass '/Game/SideScrollerBP/Maps/SideScrollerExampleMap.SideScrollerExampleMap_C' with ClassGeneratedBy '/Game/SideScrollerBP/Maps/SideScrollerExampleMap.SideScrollerExampleMap:PersistentLevel.SideScrollerExampleMap'
[2018.03.05-23.34.31:837][533]LogRenderer: Reallocating scene render targets to support 1012x604 Format 10 NumSamples 1 (Frame:1).
[2018.03.05-23.34.39:892][737]LogBlueprintUserMessages: Early EndPlayMap Detection: Level '/Game/SideScrollerBP/Maps/SideScrollerExampleMap.SideScrollerExampleMap:PersistentLevel' has LevelScriptBlueprint '/Game/SideScrollerBP/Maps/SideScrollerExampleMap.SideScrollerExampleMap:PersistentLevel.SideScrollerExampleMap' with GeneratedClass '/Game/SideScrollerBP/Maps/SideScrollerExampleMap.SideScrollerExampleMap_C' with ClassGeneratedBy '/Game/SideScrollerBP/Maps/SideScrollerExampleMap.SideScrollerExampleMap:PersistentLevel.SideScrollerExampleMap'
[2018.03.05-23.34.39:991][737]LogBlueprintUserMessages: Late EndPlayMap Detection: Level '/Game/SideScrollerBP/Maps/SideScrollerExampleMap.SideScrollerExampleMap:PersistentLevel' has LevelScriptBlueprint '/Game/SideScrollerBP/Maps/SideScrollerExampleMap.SideScrollerExampleMap:PersistentLevel.SideScrollerExampleMap' with GeneratedClass '/Game/SideScrollerBP/Maps/SideScrollerExampleMap.SideScrollerExampleMap_C' with ClassGeneratedBy '/Game/SideScrollerBP/Maps/SideScrollerExampleMap.SideScrollerExampleMap:PersistentLevel.SideScrollerExampleMap'
[2018.03.05-23.34.44:092][912]LogTemp: Repeating last play command: Selected Viewport
[2018.03.05-23.34.44:146][912]LogBlueprintUserMessages: Early PlayInEditor Detection: Level '/Game/SideScrollerBP/Maps/SideScrollerExampleMap.SideScrollerExampleMap:PersistentLevel' has LevelScriptBlueprint '/Game/SideScrollerBP/Maps/SideScrollerExampleMap.SideScrollerExampleMap:PersistentLevel.SideScrollerExampleMap' with GeneratedClass '/Game/SideScrollerBP/Maps/SideScrollerExampleMap.SideScrollerExampleMap_C' with ClassGeneratedBy '/Game/SideScrollerBP/Maps/SideScrollerExampleMap.SideScrollerExampleMap:PersistentLevel.SideScrollerExampleMap'
[2018.03.05-23.34.44:147][912]LogPlayLevel: PlayLevel: No blueprints needed recompiling
[2018.03.05-23.34.44:147][912]PIE: New page: PIE session: SideScrollerExampleMap (Mar 5, 2018, 3:34:44 PM)
[2018.03.05-23.34.44:149][912]LogPlayLevel: Creating play world package: /Game/SideScrollerBP/Maps/UEDPIE_0_SideScrollerExampleMap
[2018.03.05-23.34.44:198][912]LogPlayLevel: PIE: StaticDuplicateObject took: (0.049274s)
[2018.03.05-23.34.44:201][912]LogAIModule: Creating AISystem for world SideScrollerExampleMap
[2018.03.05-23.34.44:201][912]LogPlayLevel: PIE: World Init took: (0.002842s)
[2018.03.05-23.34.44:202][912]LogPlayLevel: PIE: Created PIE world by copying editor world from /Game/SideScrollerBP/Maps/SideScrollerExampleMap.SideScrollerExampleMap to /Game/SideScrollerBP/Maps/UEDPIE_0_SideScrollerExampleMap.SideScrollerExampleMap (0.053008s)
[2018.03.05-23.34.44:264][912]LogInit: XAudio2 using 'Speaker/Headphone (Realtek High Definition Audio)' : 2 channels at 48 kHz using 32 bits per sample (channel mask 0x3)
[2018.03.05-23.34.44:297][912]LogInit: FAudioDevice initialized.
[2018.03.05-23.34.44:345][912]LogLoad: Game class is 'OGSideScrollerGameMode_C'
[2018.03.05-23.34.44:350][912]LogWorld: Bringing World /Game/SideScrollerBP/Maps/UEDPIE_0_SideScrollerExampleMap.SideScrollerExampleMap up for play (max tick rate 0) at 2018.03.05-19.34.44
[2018.03.05-23.34.44:353][912]LogWorld: Bringing up level for play took: 0.005790
[2018.03.05-23.34.44:410][912]PIE: Play in editor start time for /Game/SideScrollerBP/Maps/UEDPIE_0_SideScrollerExampleMap 0.419
[2018.03.05-23.34.44:410][912]LogBlueprintUserMessages: Late PlayInEditor Detection: Level '/Game/SideScrollerBP/Maps/SideScrollerExampleMap.SideScrollerExampleMap:PersistentLevel' has LevelScriptBlueprint '/Game/SideScrollerBP/Maps/SideScrollerExampleMap.SideScrollerExampleMap:PersistentLevel.SideScrollerExampleMap' with GeneratedClass '/Game/SideScrollerBP/Maps/SideScrollerExampleMap.SideScrollerExampleMap_C' with ClassGeneratedBy '/Game/SideScrollerBP/Maps/SideScrollerExampleMap.SideScrollerExampleMap:PersistentLevel.SideScrollerExampleMap'
[2018.03.05-23.34.51:319][293]Set new viewmode: Wireframe
[2018.03.05-23.35.03:373][217]LogBlueprintUserMessages: Early EndPlayMap Detection: Level '/Game/SideScrollerBP/Maps/SideScrollerExampleMap.SideScrollerExampleMap:PersistentLevel' has LevelScriptBlueprint '/Game/SideScrollerBP/Maps/SideScrollerExampleMap.SideScrollerExampleMap:PersistentLevel.SideScrollerExampleMap' with GeneratedClass '/Game/SideScrollerBP/Maps/SideScrollerExampleMap.SideScrollerExampleMap_C' with ClassGeneratedBy '/Game/SideScrollerBP/Maps/SideScrollerExampleMap.SideScrollerExampleMap:PersistentLevel.SideScrollerExampleMap'
[2018.03.05-23.35.03:492][217]LogBlueprintUserMessages: Late EndPlayMap Detection: Level '/Game/SideScrollerBP/Maps/SideScrollerExampleMap.SideScrollerExampleMap:PersistentLevel' has LevelScriptBlueprint '/Game/SideScrollerBP/Maps/SideScrollerExampleMap.SideScrollerExampleMap:PersistentLevel.SideScrollerExampleMap' with GeneratedClass '/Game/SideScrollerBP/Maps/SideScrollerExampleMap.SideScrollerExampleMap_C' with ClassGeneratedBy '/Game/SideScrollerBP/Maps/SideScrollerExampleMap.SideScrollerExampleMap:PersistentLevel.SideScrollerExampleMap'
[2018.03.05-23.35.03:577][218]Cmd: SELECT NONE
[2018.03.05-23.35.09:626][462]LogTemp: Repeating last play command: Selected Viewport
[2018.03.05-23.35.09:683][462]LogBlueprintUserMessages: Early PlayInEditor Detection: Level '/Game/SideScrollerBP/Maps/SideScrollerExampleMap.SideScrollerExampleMap:PersistentLevel' has LevelScriptBlueprint '/Game/SideScrollerBP/Maps/SideScrollerExampleMap.SideScrollerExampleMap:PersistentLevel.SideScrollerExampleMap' with GeneratedClass '/Game/SideScrollerBP/Maps/SideScrollerExampleMap.SideScrollerExampleMap_C' with ClassGeneratedBy '/Game/SideScrollerBP/Maps/SideScrollerExampleMap.SideScrollerExampleMap:PersistentLevel.SideScrollerExampleMap'
[2018.03.05-23.35.09:683][462]LogPlayLevel: PlayLevel: No blueprints needed recompiling
[2018.03.05-23.35.09:684][462]PIE: New page: PIE session: SideScrollerExampleMap (Mar 5, 2018, 3:35:09 PM)
[2018.03.05-23.35.09:686][462]LogPlayLevel: Creating play world package: /Game/SideScrollerBP/Maps/UEDPIE_0_SideScrollerExampleMap
[2018.03.05-23.35.09:735][462]LogPlayLevel: PIE: StaticDuplicateObject took: (0.049351s)
[2018.03.05-23.35.09:737][462]LogAIModule: Creating AISystem for world SideScrollerExampleMap
[2018.03.05-23.35.09:738][462]LogPlayLevel: PIE: World Init took: (0.002533s)
[2018.03.05-23.35.09:738][462]LogPlayLevel: PIE: Created PIE world by copying editor world from /Game/SideScrollerBP/Maps/SideScrollerExampleMap.SideScrollerExampleMap to /Game/SideScrollerBP/Maps/UEDPIE_0_SideScrollerExampleMap.SideScrollerExampleMap (0.052661s)
[2018.03.05-23.35.09:783][462]LogInit: XAudio2 using 'Speaker/Headphone (Realtek High Definition Audio)' : 2 channels at 48 kHz using 32 bits per sample (channel mask 0x3)
[2018.03.05-23.35.09:808][462]LogInit: FAudioDevice initialized.
[2018.03.05-23.35.09:851][462]LogLoad: Game class is 'OGSideScrollerGameMode_C'
[2018.03.05-23.35.09:855][462]LogWorld: Bringing World /Game/SideScrollerBP/Maps/UEDPIE_0_SideScrollerExampleMap.SideScrollerExampleMap up for play (max tick rate 0) at 2018.03.05-19.35.09
[2018.03.05-23.35.09:857][462]LogWorld: Bringing up level for play took: 0.004903
[2018.03.05-23.35.09:903][462]PIE: Play in editor start time for /Game/SideScrollerBP/Maps/UEDPIE_0_SideScrollerExampleMap -0.088
[2018.03.05-23.35.09:903][462]LogBlueprintUserMessages: Late PlayInEditor Detection: Level '/Game/SideScrollerBP/Maps/SideScrollerExampleMap.SideScrollerExampleMap:PersistentLevel' has LevelScriptBlueprint '/Game/SideScrollerBP/Maps/SideScrollerExampleMap.SideScrollerExampleMap:PersistentLevel.SideScrollerExampleMap' with GeneratedClass '/Game/SideScrollerBP/Maps/SideScrollerExampleMap.SideScrollerExampleMap_C' with ClassGeneratedBy '/Game/SideScrollerBP/Maps/SideScrollerExampleMap.SideScrollerExampleMap:PersistentLevel.SideScrollerExampleMap'
[2018.03.05-23.36.23:646][644]LogHttp: Warning: 00000224CA662200: request failed, libcurl error: 6 (Couldn't resolve host name)
[2018.03.05-23.36.23:646][644]LogHttp: Warning: 00000224CA662200: libcurl info message cache 0 (Could not resolve host: datarouter.ol.epicgames.com)
[2018.03.05-23.36.23:646][644]LogHttp: Warning: 00000224CA662200: libcurl info message cache 1 (Closing connection 1)
[2018.03.05-23.36.49:242][708]LogBlueprintUserMessages: Early EndPlayMap Detection: Level '/Game/SideScrollerBP/Maps/SideScrollerExampleMap.SideScrollerExampleMap:PersistentLevel' has LevelScriptBlueprint '/Game/SideScrollerBP/Maps/SideScrollerExampleMap.SideScrollerExampleMap:PersistentLevel.SideScrollerExampleMap' with GeneratedClass '/Game/SideScrollerBP/Maps/SideScrollerExampleMap.SideScrollerExampleMap_C' with ClassGeneratedBy '/Game/SideScrollerBP/Maps/SideScrollerExampleMap.SideScrollerExampleMap:PersistentLevel.SideScrollerExampleMap'
[2018.03.05-23.36.49:303][708]LogBlueprintUserMessages: Late EndPlayMap Detection: Level '/Game/SideScrollerBP/Maps/SideScrollerExampleMap.SideScrollerExampleMap:PersistentLevel' has LevelScriptBlueprint '/Game/SideScrollerBP/Maps/SideScrollerExampleMap.SideScrollerExampleMap:PersistentLevel.SideScrollerExampleMap' with GeneratedClass '/Game/SideScrollerBP/Maps/SideScrollerExampleMap.SideScrollerExampleMap_C' with ClassGeneratedBy '/Game/SideScrollerBP/Maps/SideScrollerExampleMap.SideScrollerExampleMap:PersistentLevel.SideScrollerExampleMap'
[2018.03.05-23.37.54:599][914]LogEditorTransaction: Undo Move Nodes
[2018.03.05-23.38.23:717][ 79]LogHttp: Warning: 00000224C17C9C00: request failed, libcurl error: 6 (Couldn't resolve host name)
[2018.03.05-23.38.23:717][ 79]LogHttp: Warning: 00000224C17C9C00: libcurl info message cache 0 (Could not resolve host: datarouter.ol.epicgames.com)
[2018.03.05-23.38.23:717][ 79]LogHttp: Warning: 00000224C17C9C00: libcurl info message cache 1 (Closing connection 2)
[2018.03.05-23.40.23:746][931]LogHttp: Warning: 000002250D3E7700: request failed, libcurl error: 6 (Couldn't resolve host name)
[2018.03.05-23.40.23:746][931]LogHttp: Warning: 000002250D3E7700: libcurl info message cache 0 (Could not resolve host: datarouter.ol.epicgames.com)
[2018.03.05-23.40.23:746][931]LogHttp: Warning: 000002250D3E7700: libcurl info message cache 1 (Closing connection 3)
[2018.03.05-23.41.51:442][585]LogEditorTransaction: Undo Rename Node
[2018.03.05-23.41.52:474][586]LogEditorTransaction: Undo Rename Node
[2018.03.05-23.41.52:575][586]LogEditorTransaction: Undo Resize Node
[2018.03.05-23.41.52:610][586]LogEditorTransaction: Undo Rename Node
[2018.03.05-23.41.52:647][586]LogEditorTransaction: Undo Add Node
[2018.03.05-23.41.52:684][586]LogEditorTransaction: Undo Move Node
[2018.03.05-23.41.53:941][598]LogEditorTransaction: Undo Move Node
[2018.03.05-23.41.54:843][599]LogEditorTransaction: Undo Move Nodes
[2018.03.05-23.41.54:953][599]LogEditorTransaction: Undo Move Nodes
[2018.03.05-23.41.54:990][599]LogEditorTransaction: Undo Move Node
[2018.03.05-23.41.56:372][619]LogEditorTransaction: Undo Move Node
[2018.03.05-23.41.57:318][620]LogEditorTransaction: Undo Move Node
[2018.03.05-23.41.57:427][620]LogEditorTransaction: Undo Move Node
[2018.03.05-23.41.57:463][620]LogEditorTransaction: Undo Move Node
[2018.03.05-23.41.57:498][620]LogEditorTransaction: Undo Move Node
[2018.03.05-23.41.58:801][636]LogEditorTransaction: Undo Move Node
[2018.03.05-23.41.59:704][637]LogEditorTransaction: Undo Move Node
[2018.03.05-23.41.59:818][637]LogEditorTransaction: Undo Move Nodes
[2018.03.05-23.41.59:857][637]LogEditorTransaction: Undo Move Node
[2018.03.05-23.41.59:893][637]LogEditorTransaction: Undo Move Node
[2018.03.05-23.42.00:918][638]LogEditorTransaction: Undo Move Node
[2018.03.05-23.42.01:025][638]LogEditorTransaction: Undo Rename Node
[2018.03.05-23.42.01:064][638]LogEditorTransaction: Undo Rename Node
[2018.03.05-23.42.01:102][638]LogEditorTransaction: Undo Resize Node
[2018.03.05-23.42.01:139][638]LogEditorTransaction: Undo Resize Node
[2018.03.05-23.42.05:853][699]Cmd: QUIT_EDITOR
[2018.03.05-23.42.06:271][699]LogWindowsTextInputMethodSystem: Display: IME system now deactivated.
[2018.03.05-23.42.06:271][699]LogWindowsTextInputMethodSystem: Display: IME system now deactivated.
[2018.03.05-23.42.06:314][699]LogExit: Preparing to exit.
[2018.03.05-23.42.07:491][699]LogDirectoryWatcher: A directory notification for 'C:/Users/MoltenOwl/Documents/GitHub/RISE-Mobile/RISE_GAME/Content/' was aborted.
[2018.03.05-23.42.07:576][699]LogExit: Editor shut down
[2018.03.05-23.42.07:597][699]LogExit: Transaction tracking system shut down
[2018.03.05-23.42.07:863][699]LogDirectoryWatcher: A directory notification for '../../../Engine/Content/' was aborted.
[2018.03.05-23.42.07:863][699]LogDirectoryWatcher: A directory notification for '../../../../../../Users/MoltenOwl/Documents/GitHub/RISE-Mobile/RISE_GAME/Content/' was aborted.
[2018.03.05-23.42.07:863][699]LogDirectoryWatcher: A directory notification for '../../../Engine/Plugins/2D/Paper2D/Content/' was aborted.
[2018.03.05-23.42.07:863][699]LogDirectoryWatcher: A directory notification for '../../../Engine/Plugins/Runtime/Oculus/OculusVR/Content/' was aborted.
[2018.03.05-23.42.07:864][699]LogDirectoryWatcher: A directory notification for '../../../Engine/Plugins/Runtime/Steam/SteamVR/Content/' was aborted.
[2018.03.05-23.42.08:028][699]LogExit: Object subsystem successfully closed.
[2018.03.05-23.42.08:052][699]LogD3D11RHI: Shutdown
[2018.03.05-23.42.08:053][699]LogD3D11RHI: CleanupD3DDevice
[2018.03.05-23.42.08:327][699]LogD3D11RHI: ~FD3D11DynamicRHI
[2018.03.05-23.42.08:359][699]LogModuleManager: Shutting down and abandoning module MovieSceneCapture (536)
[2018.03.05-23.42.08:359][699]LogModuleManager: Shutting down and abandoning module BlueprintGraph (534)
[2018.03.05-23.42.08:359][699]LogModuleManager: Shutting down and abandoning module BlueprintProfiler (532)
[2018.03.05-23.42.08:359][699]LogModuleManager: Shutting down and abandoning module HierarchicalLODOutliner (530)
[2018.03.05-23.42.08:359][699]LogModuleManager: Shutting down and abandoning module SceneOutliner (528)
[2018.03.05-23.42.08:359][699]LogModuleManager: Shutting down and abandoning module AddContentDialog (526)
[2018.03.05-23.42.08:359][699]LogDirectoryWatcher: A directory notification for 'C:/Program Files/Epic Games/UE_4.17/FeaturePacks/' was aborted.
[2018.03.05-23.42.08:361][699]LogModuleManager: Shutting down and abandoning module WidgetCarousel (525)
[2018.03.05-23.42.08:361][699]LogModuleManager: Shutting down and abandoning module EditorWidgets (522)
[2018.03.05-23.42.08:362][699]LogModuleManager: Shutting down and abandoning module CollectionManager (520)
[2018.03.05-23.42.08:362][699]LogDirectoryWatcher: A directory notification for 'C:/Users/MoltenOwl/Documents/GitHub/RISE-Mobile/RISE_GAME/Content/Collections/' was aborted.
[2018.03.05-23.42.08:362][699]LogDirectoryWatcher: A directory notification for 'C:/Users/MoltenOwl/Documents/GitHub/RISE-Mobile/RISE_GAME/Content/Developers/MoltenOwl/Collections/' was aborted.
[2018.03.05-23.42.08:362][699]LogDirectoryWatcher: A directory notification for 'C:/Users/MoltenOwl/Documents/GitHub/RISE-Mobile/RISE_GAME/Saved/Collections/' was aborted.
[2018.03.05-23.42.08:362][699]LogModuleManager: Shutting down and abandoning module StatsViewer (518)
[2018.03.05-23.42.08:362][699]LogModuleManager: Shutting down and abandoning module FoliageEdit (516)
[2018.03.05-23.42.08:362][699]LogModuleManager: Shutting down and abandoning module LandscapeEditor (514)
[2018.03.05-23.42.08:362][699]LogModuleManager: Shutting down and abandoning module MeshPaintMode (512)
[2018.03.05-23.42.08:362][699]LogModuleManager: Shutting down and abandoning module SceneDepthPickerMode (510)
[2018.03.05-23.42.08:363][699]LogModuleManager: Shutting down and abandoning module ActorPickerMode (508)
[2018.03.05-23.42.08:363][699]LogModuleManager: Shutting down and abandoning module GeometryMode (506)
[2018.03.05-23.42.08:363][699]LogModuleManager: Shutting down and abandoning module TextureAlignMode (504)
[2018.03.05-23.42.08:363][699]LogModuleManager: Shutting down and abandoning module BspMode (502)
[2018.03.05-23.42.08:363][699]LogModuleManager: Shutting down and abandoning module PIEPreviewDeviceProfileSelector (500)
[2018.03.05-23.42.08:363][699]LogModuleManager: Shutting down and abandoning module HardwareSurvey (498)
[2018.03.05-23.42.08:363][699]LogModuleManager: Shutting down and abandoning module SequenceRecorderSections (496)
[2018.03.05-23.42.08:363][699]LogModuleManager: Shutting down and abandoning module AutomationWorker (494)
[2018.03.05-23.42.08:363][699]LogModuleManager: Shutting down and abandoning module MatineeToLevelSequence (492)
[2018.03.05-23.42.08:363][699]LogModuleManager: Shutting down and abandoning module LevelSequenceEditor (490)
[2018.03.05-23.42.08:363][699]LogModuleManager: Shutting down and abandoning module PlacementMode (489)
[2018.03.05-23.42.08:363][699]LogModuleManager: Shutting down and abandoning module WmfMediaFactory (486)
[2018.03.05-23.42.08:363][699]LogModuleManager: Shutting down and abandoning module WmfMediaEditor (484)
[2018.03.05-23.42.08:363][699]LogModuleManager: Shutting down and abandoning module AvfMediaFactory (482)
[2018.03.05-23.42.08:364][699]LogModuleManager: Shutting down and abandoning module AvfMediaEditor (480)
[2018.03.05-23.42.08:364][699]LogModuleManager: Shutting down and abandoning module AndroidMediaFactory (478)
[2018.03.05-23.42.08:364][699]LogModuleManager: Shutting down and abandoning module Media (477)
[2018.03.05-23.42.08:364][699]LogModuleManager: Shutting down and abandoning module AndroidMediaEditor (474)
[2018.03.05-23.42.08:364][699]LogModuleManager: Shutting down and abandoning module CharacterAI (472)
[2018.03.05-23.42.08:364][699]LogModuleManager: Shutting down and abandoning module AudioCapture (470)
[2018.03.05-23.42.08:364][699]LogModuleManager: Shutting down and abandoning module SequenceRecorder (469)
[2018.03.05-23.42.08:364][699]LogModuleManager: Shutting down and abandoning module SmartSnapping (466)
[2018.03.05-23.42.08:364][699]LogModuleManager: Shutting down and abandoning module SessionServices (464)
[2018.03.05-23.42.08:364][699]LogModuleManager: Shutting down and abandoning module ViewportSnapping (462)
[2018.03.05-23.42.08:364][699]LogModuleManager: Shutting down and abandoning module ViewportInteraction (460)
[2018.03.05-23.42.08:364][699]LogModuleManager: Shutting down and abandoning module ClothPainter (458)
[2018.03.05-23.42.08:364][699]LogModuleManager: Shutting down and abandoning module LogVisualizer (456)
[2018.03.05-23.42.08:364][699]LogModuleManager: Shutting down and abandoning module IntroTutorials (454)
[2018.03.05-23.42.08:364][699]LogModuleManager: Shutting down and abandoning module GameProjectGeneration (453)
[2018.03.05-23.42.08:364][699]LogModuleManager: Shutting down and abandoning module IOSPlatformEditor (450)
[2018.03.05-23.42.08:365][699]LogModuleManager: Shutting down and abandoning module HTML5PlatformEditor (448)
[2018.03.05-23.42.08:365][699]LogModuleManager: Shutting down and abandoning module AndroidPlatformEditor (446)
[2018.03.05-23.42.08:365][699]LogModuleManager: Shutting down and abandoning module AndroidDeviceDetection (445)
[2018.03.05-23.42.08:611][699]LogModuleManager: Shutting down and abandoning module WindowsPlatformEditor (442)
[2018.03.05-23.42.08:611][699]LogModuleManager: Shutting down and abandoning module IOSRuntimeSettings (440)
[2018.03.05-23.42.08:611][699]LogModuleManager: Shutting down and abandoning module AndroidRuntimeSettings (438)
[2018.03.05-23.42.08:611][699]LogModuleManager: Shutting down and abandoning module InputBindingEditor (436)
[2018.03.05-23.42.08:612][699]LogModuleManager: Shutting down and abandoning module MergeActors (434)
[2018.03.05-23.42.08:612][699]LogModuleManager: Shutting down and abandoning module SizeMap (432)
[2018.03.05-23.42.08:612][699]LogModuleManager: Shutting down and abandoning module TreeMap (430)
[2018.03.05-23.42.08:612][699]LogModuleManager: Shutting down and abandoning module ReferenceViewer (428)
[2018.03.05-23.42.08:612][699]LogModuleManager: Shutting down and abandoning module LocalizationDashboard (426)
[2018.03.05-23.42.08:612][699]LogModuleManager: Shutting down and abandoning module LocalizationService (425)
[2018.03.05-23.42.08:612][699]LogModuleManager: Shutting down and abandoning module HardwareTargeting (422)
[2018.03.05-23.42.08:612][699]LogModuleManager: Shutting down and abandoning module DeviceProfileEditor (420)
[2018.03.05-23.42.08:612][699]LogModuleManager: Shutting down and abandoning module UndoHistory (418)
[2018.03.05-23.42.08:612][699]LogModuleManager: Shutting down and abandoning module XmlParser (416)
[2018.03.05-23.42.08:612][699]LogModuleManager: Shutting down and abandoning module Blutility (414)
[2018.03.05-23.42.08:613][699]LogModuleManager: Shutting down and abandoning module ProjectSettingsViewer (412)
[2018.03.05-23.42.08:613][699]LogModuleManager: Shutting down and abandoning module ProjectTargetPlatformEditor (411)
[2018.03.05-23.42.08:613][699]LogModuleManager: Shutting down and abandoning module EditorSettingsViewer (408)
[2018.03.05-23.42.08:614][699]LogModuleManager: Shutting down and abandoning module SettingsEditor (406)
[2018.03.05-23.42.08:614][699]LogModuleManager: Shutting down and abandoning module ProjectLauncher (404)
[2018.03.05-23.42.08:614][699]LogModuleManager: Shutting down and abandoning module SessionFrontend (402)
[2018.03.05-23.42.08:614][699]LogModuleManager: Shutting down and abandoning module ProfilerClient (400)
[2018.03.05-23.42.08:614][699]LogModuleManager: Shutting down and abandoning module DeviceManager (398)
[2018.03.05-23.42.08:614][699]LogModuleManager: Shutting down and abandoning module TargetDeviceServices (397)
[2018.03.05-23.42.08:667][699]LogModuleManager: Shutting down and abandoning module AutomationController (394)
[2018.03.05-23.42.08:667][699]LogModuleManager: Shutting down and abandoning module AutomationWindow (392)
[2018.03.05-23.42.08:667][699]LogModuleManager: Shutting down and abandoning module Layers (390)
[2018.03.05-23.42.08:667][699]LogModuleManager: Shutting down and abandoning module ComponentVisualizers (388)
[2018.03.05-23.42.08:667][699]LogModuleManager: Shutting down and abandoning module DetailCustomizations (386)
[2018.03.05-23.42.08:667][699]LogModuleManager: Shutting down and abandoning module PackagesDialog (384)
[2018.03.05-23.42.08:668][699]LogModuleManager: Shutting down and abandoning module Persona (382)
[2018.03.05-23.42.08:668][699]LogModuleManager: Shutting down and abandoning module AdvancedPreviewScene (381)
[2018.03.05-23.42.08:668][699]LogModuleManager: Shutting down and abandoning module AnimGraph (379)
[2018.03.05-23.42.08:668][699]LogModuleManager: Shutting down and abandoning module Kismet (376)
[2018.03.05-23.42.08:693][699]LogModuleManager: Shutting down and abandoning module ClassViewer (374)
[2018.03.05-23.42.08:694][699]LogModuleManager: Shutting down and abandoning module Toolbox (372)
[2018.03.05-23.42.08:694][699]LogModuleManager: Shutting down and abandoning module ModuleUI (370)
[2018.03.05-23.42.08:694][699]LogModuleManager: Shutting down and abandoning module MovieSceneTools (368)
[2018.03.05-23.42.08:694][699]LogModuleManager: Shutting down and abandoning module OutputLog (366)
[2018.03.05-23.42.08:694][699]LogModuleManager: Shutting down and abandoning module GammaUI (364)
[2018.03.05-23.42.08:694][699]LogModuleManager: Shutting down and abandoning module Documentation (362)
[2018.03.05-23.42.08:694][699]LogModuleManager: Shutting down and abandoning module MovieSceneTracks (360)
[2018.03.05-23.42.08:694][699]LogModuleManager: Shutting down and abandoning module MovieScene (358)
[2018.03.05-23.42.08:695][699]LogModuleManager: Shutting down and abandoning module Niagara (356)
[2018.03.05-23.42.08:695][699]LogModuleManager: Shutting down and abandoning module NiagaraEditor (355)
[2018.03.05-23.42.08:695][699]LogModuleManager: Shutting down and abandoning module StreamingPauseRendering (352)
[2018.03.05-23.42.08:695][699]LogModuleManager: Shutting down and abandoning module LauncherPlatform (350)
[2018.03.05-23.42.08:695][699]LogModuleManager: Shutting down and abandoning module AnalyticsET (348)
[2018.03.05-23.42.08:695][699]LogModuleManager: Shutting down and abandoning module PortalServices (346)
[2018.03.05-23.42.08:695][699]LogModuleManager: Shutting down and abandoning module PortalRpc (344)
[2018.03.05-23.42.08:695][699]LogModuleManager: Shutting down and abandoning module MessagingRpc (342)
[2018.03.05-23.42.08:695][699]LogModuleManager: Shutting down and abandoning module AIModule (340)
[2018.03.05-23.42.08:695][699]LogModuleManager: Shutting down and abandoning module GameplayDebugger (339)
[2018.03.05-23.42.08:695][699]LogModuleManager: Shutting down and abandoning module AITestSuite (337)
[2018.03.05-23.42.08:695][699]LogModuleManager: Shutting down and abandoning module ProfilerService (334)
[2018.03.05-23.42.08:933][699]LogModuleManager: Shutting down and abandoning module TaskGraph (332)
[2018.03.05-23.42.08:934][699]LogModuleManager: Shutting down and abandoning module SteamVRController (330)
[2018.03.05-23.42.08:934][699]LogModuleManager: Shutting down and abandoning module ProceduralMeshComponentEditor (328)
[2018.03.05-23.42.08:934][699]LogModuleManager: Shutting down and abandoning module ProceduralMeshComponent (326)
[2018.03.05-23.42.08:934][699]LogModuleManager: Shutting down and abandoning module OculusInput (324)
[2018.03.05-23.42.08:934][699]LogModuleManager: Shutting down and abandoning module MobilePatchingUtils (322)
[2018.03.05-23.42.08:934][699]LogModuleManager: Shutting down and abandoning module CustomMeshComponent (320)
[2018.03.05-23.42.08:934][699]LogModuleManager: Shutting down and abandoning module CableComponent (318)
[2018.03.05-23.42.08:934][699]LogModuleManager: Shutting down and abandoning module ArchVisCharacter (316)
[2018.03.05-23.42.08:934][699]LogModuleManager: Shutting down and abandoning module AndroidPermission (314)
[2018.03.05-23.42.08:934][699]LogModuleManager: Shutting down and abandoning module MediaPlayerEditor (310)
[2018.03.05-23.42.08:934][699]LogModuleManager: Shutting down and abandoning module HTML5Networking (308)
[2018.03.05-23.42.08:934][699]LogModuleManager: Shutting down and abandoning module AlembicImporter (306)
[2018.03.05-23.42.08:934][699]LogModuleManager: Shutting down and abandoning module AlembicLibrary (305)
[2018.03.05-23.42.08:934][699]LogModuleManager: Shutting down and abandoning module GeometryCache (304)
[2018.03.05-23.42.08:934][699]LogModuleManager: Shutting down and abandoning module GeometryCacheEd (303)
[2018.03.05-23.42.08:934][699]LogModuleManager: Shutting down and abandoning module SpeedTreeImporter (298)
[2018.03.05-23.42.08:934][699]LogModuleManager: Shutting down and abandoning module PluginBrowser (296)
[2018.03.05-23.42.08:934][699]LogModuleManager: Shutting down and abandoning module MobileLauncherProfileWizard (294)
[2018.03.05-23.42.08:934][699]LogModuleManager: Shutting down and abandoning module VisualStudioSourceCodeAccess (292)
[2018.03.05-23.42.08:934][699]LogModuleManager: Shutting down and abandoning module DesktopPlatform (291)
[2018.03.05-23.42.08:934][699]LogModuleManager: Shutting down and abandoning module UObjectPlugin (288)
[2018.03.05-23.42.08:934][699]LogModuleManager: Shutting down and abandoning module SubversionSourceControl (286)
[2018.03.05-23.42.08:935][699]LogModuleManager: Shutting down and abandoning module PerforceSourceControl (284)
[2018.03.05-23.42.08:935][699]LogModuleManager: Shutting down and abandoning module GitSourceControl (282)
[2018.03.05-23.42.08:935][699]LogModuleManager: Shutting down and abandoning module SourceControl (281)
[2018.03.05-23.42.08:935][699]LogModuleManager: Shutting down and abandoning module LightPropagationVolumeEditor (278)
[2018.03.05-23.42.08:935][699]LogModuleManager: Shutting down and abandoning module PaperTiledImporter (276)
[2018.03.05-23.42.08:935][699]LogModuleManager: Shutting down and abandoning module PaperSpriteSheetImporter (274)
[2018.03.05-23.42.08:935][699]LogModuleManager: Shutting down and abandoning module Paper2DEditor (272)
[2018.03.05-23.42.08:935][699]LogModuleManager: Shutting down and abandoning module MeshPaint (271)
[2018.03.05-23.42.08:935][699]LogModuleManager: Shutting down and abandoning module LevelEditor (269)
[2018.03.05-23.42.08:935][699]LogModuleManager: Shutting down and abandoning module PixelInspectorModule (268)
[2018.03.05-23.42.08:935][699]LogModuleManager: Shutting down and abandoning module MainFrame (266)
[2018.03.05-23.42.08:935][699]LogModuleManager: Shutting down and abandoning module HotReload (265)
[2018.03.05-23.42.08:936][699]LogModuleManager: Shutting down and abandoning module RuntimePhysXCooking (260)
[2018.03.05-23.42.08:936][699]LogModuleManager: Shutting down and abandoning module PhysXVehiclesEditor (258)
[2018.03.05-23.42.08:936][699]LogModuleManager: Shutting down and abandoning module PhysXVehicles (256)
[2018.03.05-23.42.08:936][699]LogModuleManager: Shutting down and abandoning module OculusEditor (254)
[2018.03.05-23.42.08:936][699]LogModuleManager: Shutting down and abandoning module LocationServicesBPLibrary (252)
[2018.03.05-23.42.08:936][699]LogModuleManager: Shutting down and abandoning module ImmediatePhysicsEditor (250)
[2018.03.05-23.42.08:936][699]LogModuleManager: Shutting down and abandoning module ImmediatePhysics (248)
[2018.03.05-23.42.08:936][699]LogModuleManager: Shutting down and abandoning module UdpMessaging (246)
[2018.03.05-23.42.09:065][699]LogModuleManager: Shutting down and abandoning module TcpMessaging (244)
[2018.03.05-23.42.09:170][699]LogModuleManager: Shutting down and abandoning module GameplayTagsEditor (242)
[2018.03.05-23.42.09:170][699]LogModuleManager: Shutting down and abandoning module FacialAnimationEditor (240)
[2018.03.05-23.42.09:170][699]LogModuleManager: Shutting down and abandoning module FacialAnimation (238)
[2018.03.05-23.42.09:170][699]LogModuleManager: Shutting down and abandoning module AssetManagerEditor (236)
[2018.03.05-23.42.09:170][699]LogModuleManager: Shutting down and abandoning module GraphEditor (235)
[2018.03.05-23.42.09:170][699]LogModuleManager: Shutting down and abandoning module ContentBrowser (233)
[2018.03.05-23.42.09:172][699]LogModuleManager: Shutting down and abandoning module LightPropagationVolumeRuntime (230)
[2018.03.05-23.42.09:172][699]LogModuleManager: Shutting down and abandoning module Paper2D (228)
[2018.03.05-23.42.09:172][699]LogModuleManager: Shutting down and abandoning module WindowsMoviePlayer (226)
[2018.03.05-23.42.09:172][699]LogModuleManager: Shutting down and abandoning module WmfMedia (224)
[2018.03.05-23.42.09:173][699]LogModuleManager: Shutting down and abandoning module PacketHandler (222)
[2018.03.05-23.42.09:173][699]LogModuleManager: Shutting down and abandoning module ClothingSystemEditor (220)
[2018.03.05-23.42.09:173][699]LogModuleManager: Shutting down and abandoning module ClothingSystemRuntime (218)
[2018.03.05-23.42.09:173][699]LogModuleManager: Shutting down and abandoning module Overlay (216)
[2018.03.05-23.42.09:173][699]LogModuleManager: Shutting down and abandoning module OverlayEditor (215)
[2018.03.05-23.42.09:173][699]LogModuleManager: Shutting down and abandoning module MediaAssets (212)
[2018.03.05-23.42.09:173][699]LogModuleManager: Shutting down and abandoning module VREditor (210)
[2018.03.05-23.42.09:173][699]LogModuleManager: Shutting down and abandoning module StringTableEditor (208)
[2018.03.05-23.42.09:173][699]LogModuleManager: Shutting down and abandoning module GameplayTasksEditor (206)
[2018.03.05-23.42.09:174][699]LogModuleManager: Shutting down and abandoning module BehaviorTreeEditor (204)
[2018.03.05-23.42.09:174][699]LogModuleManager: Shutting down and abandoning module FunctionalTesting (202)
[2018.03.05-23.42.09:174][699]LogModuleManager: Shutting down and abandoning module CollisionAnalyzer (200)
[2018.03.05-23.42.09:174][699]LogModuleManager: Shutting down and abandoning module WorkspaceMenuStructure (199)
[2018.03.05-23.42.09:174][699]LogModuleManager: Shutting down and abandoning module UMG (196)
[2018.03.05-23.42.09:174][699]LogModuleManager: Shutting down and abandoning module UMGEditor (195)
[2018.03.05-23.42.09:174][699]LogModuleManager: Shutting down and abandoning module Sequencer (194)
[2018.03.05-23.42.09:174][699]LogModuleManager: Shutting down and abandoning module MessageLog (191)
[2018.03.05-23.42.09:174][699]LogModuleManager: Shutting down and abandoning module SlateReflector (186)
[2018.03.05-23.42.09:174][699]LogModuleManager: Shutting down and abandoning module Slate (184)
[2018.03.05-23.42.09:174][699]LogModuleManager: Shutting down and abandoning module EditorStyle (182)
[2018.03.05-23.42.09:179][699]LogModuleManager: Shutting down and abandoning module MRMesh (180)
[2018.03.05-23.42.09:180][699]LogModuleManager: Shutting down and abandoning module SourceCodeAccess (178)
[2018.03.05-23.42.09:180][699]LogModuleManager: Shutting down and abandoning module HeadMountedDisplay (176)
[2018.03.05-23.42.09:180][699]LogModuleManager: Shutting down and abandoning module XAudio2 (174)
[2018.03.05-23.42.09:180][699]LogModuleManager: Shutting down and abandoning module Networking (172)
[2018.03.05-23.42.09:180][699]LogModuleManager: Shutting down and abandoning module Core (168)
[2018.03.05-23.42.09:180][699]LogModuleManager: Shutting down and abandoning module KismetCompiler (164)
[2018.03.05-23.42.09:180][699]LogModuleManager: Shutting down and abandoning module LevelSequence (162)
[2018.03.05-23.42.09:180][699]LogModuleManager: Shutting down and abandoning module MeshUtilities (160)
[2018.03.05-23.42.09:180][699]LogModuleManager: Shutting down and abandoning module MeshMergeUtilities (159)
[2018.03.05-23.42.09:181][699]LogModuleManager: Shutting down and abandoning module MeshReductionInterface (158)
[2018.03.05-23.42.09:181][699]LogModuleManager: Shutting down and abandoning module SimplygonSwarm (157)
[2018.03.05-23.42.09:181][699]LogModuleManager: Shutting down and abandoning module SimplygonMeshReduction (155)
[2018.03.05-23.42.09:181][699]LogModuleManager: Shutting down and abandoning module QuadricMeshReduction (153)
[2018.03.05-23.42.09:181][699]LogModuleManager: Shutting down and abandoning module MaterialBaking (149)
[2018.03.05-23.42.09:181][699]LogModuleManager: Shutting down and abandoning module DirectoryWatcher (146)
[2018.03.05-23.42.09:185][699]LogModuleManager: Shutting down and abandoning module DerivedDataCache (144)
[2018.03.05-23.42.09:270][699]LogDerivedDataCache: Shutdown
[2018.03.05-23.42.09:271][699]LogModuleManager: Shutting down and abandoning module TargetPlatform (142)
[2018.03.05-23.42.09:271][699]LogModuleManager: Shutting down and abandoning module VulkanShaderFormat (141)
[2018.03.05-23.42.09:271][699]LogModuleManager: Shutting down and abandoning module ShaderFormatVectorVM (139)
[2018.03.05-23.42.09:271][699]LogModuleManager: Shutting down and abandoning module ShaderFormatOpenGL (137)
[2018.03.05-23.42.09:271][699]LogModuleManager: Shutting down and abandoning module ShaderFormatD3D (135)
[2018.03.05-23.42.09:271][699]LogModuleManager: Shutting down and abandoning module MetalShaderFormat (133)
[2018.03.05-23.42.09:271][699]LogModuleManager: Shutting down and abandoning module TextureFormatUncompressed (131)
[2018.03.05-23.42.09:271][699]LogModuleManager: Shutting down and abandoning module TextureFormatPVR (129)
[2018.03.05-23.42.09:271][699]LogModuleManager: Shutting down and abandoning module TextureFormatDXT (127)
[2018.03.05-23.42.09:271][699]LogModuleManager: Shutting down and abandoning module TextureFormatIntelISPCTexComp (125)
[2018.03.05-23.42.09:271][699]LogModuleManager: Shutting down and abandoning module TextureFormatASTC (123)
[2018.03.05-23.42.09:271][699]LogModuleManager: Shutting down and abandoning module ImageWrapper (122)
[2018.03.05-23.42.09:271][699]LogModuleManager: Shutting down and abandoning module TextureFormatAndroid (119)
[2018.03.05-23.42.09:271][699]LogModuleManager: Shutting down and abandoning module AudioFormatOpus (117)
[2018.03.05-23.42.09:271][699]LogModuleManager: Shutting down and abandoning module AudioFormatOgg (115)
[2018.03.05-23.42.09:271][699]LogModuleManager: Shutting down and abandoning module AudioFormatADPCM (113)
[2018.03.05-23.42.09:271][699]LogModuleManager: Shutting down and abandoning module LinuxTargetPlatform (111)
[2018.03.05-23.42.09:271][699]LogModuleManager: Shutting down and abandoning module LinuxServerTargetPlatform (109)
[2018.03.05-23.42.09:271][699]LogModuleManager: Shutting down and abandoning module LinuxNoEditorTargetPlatform (107)
[2018.03.05-23.42.09:271][699]LogModuleManager: Shutting down and abandoning module LinuxClientTargetPlatform (105)
[2018.03.05-23.42.09:271][699]LogModuleManager: Shutting down and abandoning module TVOSTargetPlatform (103)
[2018.03.05-23.42.09:271][699]LogModuleManager: Shutting down and abandoning module Messaging (101)
[2018.03.05-23.42.09:271][699]LogModuleManager: Shutting down and abandoning module IOSTargetPlatform (99)
[2018.03.05-23.42.09:271][699]LogModuleManager: Shutting down and abandoning module HTML5TargetPlatform (97)
[2018.03.05-23.42.09:271][699]LogModuleManager: Shutting down and abandoning module Android_PVRTCTargetPlatform (95)
[2018.03.05-23.42.09:272][699]LogModuleManager: Shutting down and abandoning module Android_MultiTargetPlatform (93)
[2018.03.05-23.42.09:272][699]LogModuleManager: Shutting down and abandoning module Android_ETC2TargetPlatform (91)
[2018.03.05-23.42.09:272][699]LogModuleManager: Shutting down and abandoning module Android_ETC1TargetPlatform (89)
[2018.03.05-23.42.09:272][699]LogModuleManager: Shutting down and abandoning module Android_DXTTargetPlatform (87)
[2018.03.05-23.42.09:272][699]LogModuleManager: Shutting down and abandoning module Android_ATCTargetPlatform (85)
[2018.03.05-23.42.09:272][699]LogModuleManager: Shutting down and abandoning module Android_ASTCTargetPlatform (83)
[2018.03.05-23.42.09:272][699]LogModuleManager: Shutting down and abandoning module AndroidTargetPlatform (81)
[2018.03.05-23.42.09:272][699]LogModuleManager: Shutting down and abandoning module WindowsTargetPlatform (79)
[2018.03.05-23.42.09:272][699]LogModuleManager: Shutting down and abandoning module WindowsServerTargetPlatform (77)
[2018.03.05-23.42.09:272][699]LogModuleManager: Shutting down and abandoning module WindowsNoEditorTargetPlatform (75)
[2018.03.05-23.42.09:272][699]LogModuleManager: Shutting down and abandoning module WindowsClientTargetPlatform (73)
[2018.03.05-23.42.09:272][699]LogModuleManager: Shutting down and abandoning module MacTargetPlatform (71)
[2018.03.05-23.42.09:272][699]LogModuleManager: Shutting down and abandoning module MacServerTargetPlatform (69)
[2018.03.05-23.42.09:272][699]LogModuleManager: Shutting down and abandoning module MacNoEditorTargetPlatform (67)
[2018.03.05-23.42.09:272][699]LogModuleManager: Shutting down and abandoning module MacClientTargetPlatform (65)
[2018.03.05-23.42.09:272][699]LogModuleManager: Shutting down and abandoning module AllDesktopTargetPlatform (63)
[2018.03.05-23.42.09:272][699]LogModuleManager: Shutting down and abandoning module InputCore (60)
[2018.03.05-23.42.09:272][699]LogModuleManager: Shutting down and abandoning module Settings (58)
[2018.03.05-23.42.09:272][699]LogModuleManager: Shutting down and abandoning module PhysXCooking (56)
[2018.03.05-23.42.09:272][699]LogModuleManager: Shutting down and abandoning module SteamVR (54)
[2018.03.05-23.42.09:272][699]LogModuleManager: Shutting down and abandoning module OculusHMD (52)
[2018.03.05-23.42.09:272][699]LogModuleManager: Shutting down and abandoning module ExampleDeviceProfileSelector (50)
[2018.03.05-23.42.09:272][699]LogModuleManager: Shutting down and abandoning module OnlineBlueprintSupport (48)
[2018.03.05-23.42.09:272][699]LogModuleManager: Shutting down and abandoning module OnlineSubsystem (44)
[2018.03.05-23.42.09:272][699]LogOnline: Display: Unloading online subsystem: NULL
[2018.03.05-23.42.09:272][699]LogModuleManager: Shutting down and abandoning module XMPP (43)
[2018.03.05-23.42.09:272][699]LogModuleManager: Shutting down and abandoning module HTTP (41)
[2018.03.05-23.42.09:272][699]LogHttp: Display: Http module shutting down, but needs to wait on 1 outstanding Http requests:
[2018.03.05-23.42.09:273][699]LogHttp: Display: 	verb=[POST] url=[https://datarouter.ol.epicgames.com/datarouter/api/v1/public/data?SessionID=%7B0ED12DC5-4DFD-8013-4E60-30A167E67FAF%7D&AppID=UEEditor.Rocket.Release&AppVersion=4.17.2-3658906%2B%2B%2BUE4%2BRelease-4.17&UserID=330c018a40119ac8aa6082a42e8f404e%7C88057b4134714c0f98d798880975d3e9%7C63e0c156-2a72-4222-bd44-364fd265f9e2&AppEnvironment=datacollector-binary&UploadType=eteventstream] status=Processing
[2018.03.05-23.42.09:273][699]LogHttp: Warning: 0000022505FF0280: request failed, libcurl error: 6 (Couldn't resolve host name)
[2018.03.05-23.42.09:273][699]LogHttp: Warning: 0000022505FF0280: libcurl info message cache 0 (Could not resolve host: datarouter.ol.epicgames.com)
[2018.03.05-23.42.09:273][699]LogHttp: Warning: 0000022505FF0280: libcurl info message cache 1 (Closing connection 4)
[2018.03.05-23.42.09:298][699]LogModuleManager: Shutting down and abandoning module SSL (40)
[2018.03.05-23.42.09:300][699]LogModuleManager: Shutting down and abandoning module AnimationModifiers (36)
[2018.03.05-23.42.09:301][699]LogModuleManager: Shutting down and abandoning module PropertyEditor (35)
[2018.03.05-23.42.09:301][699]LogModuleManager: Shutting down and abandoning module AudioEditor (32)
[2018.03.05-23.42.09:301][699]LogModuleManager: Shutting down and abandoning module TextureCompressor (30)
[2018.03.05-23.42.09:301][699]LogModuleManager: Shutting down and abandoning module ShaderCore (28)
[2018.03.05-23.42.09:301][699]LogModuleManager: Shutting down and abandoning module Landscape (26)
[2018.03.05-23.42.09:301][699]LogModuleManager: Shutting down and abandoning module SlateRHIRenderer (24)
[2018.03.05-23.42.09:304][699]LogModuleManager: Shutting down and abandoning module OpenGLDrv (22)
[2018.03.05-23.42.09:304][699]LogModuleManager: Shutting down and abandoning module D3D11RHI (20)
[2018.03.05-23.42.09:304][699]LogModuleManager: Shutting down and abandoning module AnimGraphRuntime (18)
[2018.03.05-23.42.09:304][699]LogModuleManager: Shutting down and abandoning module Renderer (16)
[2018.03.05-23.42.09:304][699]LogModuleManager: Shutting down and abandoning module Engine (14)
[2018.03.05-23.42.09:304][699]LogModuleManager: Shutting down and abandoning module CoreUObject (12)
[2018.03.05-23.42.09:304][699]LogModuleManager: Shutting down and abandoning module NetworkFile (10)
[2018.03.05-23.42.09:304][699]LogModuleManager: Shutting down and abandoning module CookedIterativeFile (8)
[2018.03.05-23.42.09:304][699]LogModuleManager: Shutting down and abandoning module StreamingFile (6)
[2018.03.05-23.42.09:304][699]LogModuleManager: Shutting down and abandoning module SandboxFile (4)
[2018.03.05-23.42.09:304][699]LogModuleManager: Shutting down and abandoning module PakFile (2)
[2018.03.05-23.42.09:311][699]LogExit: Exiting.
[2018.03.05-23.42.09:354][699]Log file closed, 03/05/18 19:42:09
