Log file open, 04/30/18 19:13:18
LogWindows: Failed to load 'aqProf.dll' (GetLastError=126)
LogWindows: File 'aqProf.dll' does not exist
LogWindows: Failed to load 'VSPerf140.dll' (GetLastError=126)
LogWindows: File 'VSPerf140.dll' does not exist
LogWindows: Failed to load 'VtuneApi.dll' (GetLastError=126)
LogWindows: File 'VtuneApi.dll' does not exist
LogWindows: Failed to load 'VtuneApi32e.dll' (GetLastError=126)
LogWindows: File 'VtuneApi32e.dll' does not exist
LogInit: Display: Running engine for game: RISE_GAME
LogPlatformFile: Not using cached read wrapper
LogInit: Display: RandInit(-1566477393) SRandInit(-1566477393).
LogTaskGraph: Started task graph with 5 named threads and 14 total threads with 3 sets of task threads.
LogStats: Stats thread started at 17.199686
LogD3D11RHI: Aftermath initialized
LogPluginManager: Mounting plugin LightPropagationVolume
LogPluginManager: Mounting plugin GitSourceControl
LogPluginManager: Mounting plugin PerforceSourceControl
LogPluginManager: Mounting plugin SubversionSourceControl
LogPluginManager: Mounting plugin UObjectPlugin
LogPluginManager: Mounting plugin VisualStudioSourceCodeAccess
LogPluginManager: Mounting plugin AssetManagerEditor
LogPluginManager: Mounting plugin AudioCapture
LogPluginManager: Mounting plugin GameplayTagsEditor
LogPluginManager: Mounting plugin MobileLauncherProfileWizard
LogPluginManager: Mounting plugin PluginBrowser
LogPluginManager: Mounting plugin SpeedTreeImporter
LogPluginManager: Mounting plugin CharacterAI
LogPluginManager: Mounting plugin AndroidMedia
LogPluginManager: Mounting plugin MediaPlayerEditor
LogPluginManager: Mounting plugin WmfMedia
LogPluginManager: Mounting plugin TcpMessaging
LogPluginManager: Mounting plugin UdpMessaging
LogPluginManager: Mounting plugin LevelSequenceEditor
LogPluginManager: Mounting plugin MatineeToLevelSequence
LogPluginManager: Mounting plugin OnlineSubsystemGooglePlay
LogPluginManager: Mounting plugin OnlineSubsystem
LogPluginManager: Mounting plugin OnlineSubsystemNull
LogPluginManager: Mounting plugin OnlineSubsystemUtils
LogPluginManager: Mounting plugin AndroidDeviceProfileSelector
LogPluginManager: Mounting plugin AndroidMoviePlayer
LogPluginManager: Mounting plugin AndroidPermission
LogPluginManager: Mounting plugin ArchVisCharacter
LogPluginManager: Mounting plugin CableComponent
LogPluginManager: Mounting plugin ExampleDeviceProfileSelector
LogPluginManager: Mounting plugin ImmediatePhysics
LogPluginManager: Mounting plugin LocationServicesBPLibrary
LogPluginManager: Mounting plugin MobilePatchingUtils
LogPluginManager: Mounting plugin ProceduralMeshComponent
LogPluginManager: Mounting plugin RuntimePhysXCooking
LogPluginManager: Mounting plugin SlateRemote
LogInit: Using libcurl 7.47.1
LogInit:  - built for x86_64-pc-win32
LogInit:  - supports SSL with OpenSSL/1.0.2g
LogInit:  - supports HTTP deflate (compression) using libz 1.2.8
LogInit:  - other features:
LogInit:      CURL_VERSION_SSL
LogInit:      CURL_VERSION_LIBZ
LogInit:      CURL_VERSION_IPV6
LogInit:      CURL_VERSION_ASYNCHDNS
LogInit:      CURL_VERSION_LARGEFILE
LogInit:      CURL_VERSION_IDN
LogInit:  CurlRequestOptions (configurable via config and command line):
LogInit:  - bVerifyPeer = false  - Libcurl will NOT verify peer certificate
LogInit:  - bUseHttpProxy = false  - Libcurl will NOT use HTTP proxy
LogInit:  - bDontReuseConnections = false  - Libcurl will reuse connections
LogInit:  - CertBundlePath = nullptr  - Libcurl will use whatever was configured at build time.
LogInit: Build: ++UE4+Release-4.17-CL-3658906
LogInit: Engine Version: 4.17.2-3658906+++UE4+Release-4.17
LogInit: Compatible Engine Version: 4.17.0-3573198+++UE4+Release-4.17
LogInit: Net CL: 3573198
LogDevObjectVersion: Number of dev versions registered: 16
LogDevObjectVersion:   Dev-Blueprints (B0D832E4-1F89-4F0D-ACCF-7EB736FD4AA2): 10
LogDevObjectVersion:   Dev-Build (E1C64328-A22C-4D53-A36C-8E866417BD8C): 0
LogDevObjectVersion:   Dev-Core (375EC13C-06E4-48FB-B500-84F0262A717E): 2
LogDevObjectVersion:   Dev-Editor (E4B068ED-F494-42E9-A231-DA0B2E46BB41): 20
LogDevObjectVersion:   Dev-Framework (CFFC743F-43B0-4480-9391-14DF171D2073): 28
LogDevObjectVersion:   Dev-Mobile (B02B49B5-BB20-44E9-A304-32B752E40360): 0
LogDevObjectVersion:   Dev-Networking (A4E4105C-59A1-49B5-A7C5-40C4547EDFEE): 0
LogDevObjectVersion:   Dev-Online (39C831C9-5AE6-47DC-9A44-9C173E1C8E7C): 0
LogDevObjectVersion:   Dev-Physics (78F01B33-EBEA-4F98-B9B4-84EACCB95AA2): 0
LogDevObjectVersion:   Dev-Platform (6631380F-2D4D-43E0-8009-CF276956A95A): 0
LogDevObjectVersion:   Dev-Rendering (12F88B9F-8875-4AFC-A67C-D90C383ABD29): 19
LogDevObjectVersion:   Dev-Sequencer (7B5AE74C-D270-4C10-A958-57980B212A5A): 4
LogDevObjectVersion:   Dev-VR (D7296918-1DD6-4BDD-9DE2-64A83CC13884): 0
LogDevObjectVersion:   Dev-LoadTimes (C2A15278-BFE7-4AFE-6C17-90FF531DF755): 1
LogDevObjectVersion:   Private-Geometry (6EACA3D4-40EC-4CC1-B786-8BED09428FC5): 1
LogDevObjectVersion:   Dev-AnimPhys (29E575DD-E0A3-4627-9D10-D276232CDCEA): 7
LogInit: Compiled (64-bit): Sep 22 2017 13:47:16
LogInit: Compiled with Visual C++: 19.00.24215.01
LogInit: Build Configuration: Development
LogInit: Branch Name: ++UE4+Release-4.17
LogInit: Command line:  
LogInit: Base directory: C:/Program Files/Epic Games/UE_4.17/Engine/Binaries/Win64/
LogInit: Installed Engine Build: 1
LogInit: Presizing for max 8388607 objects, including 0 objects not considered by GC, pre-allocating 0 bytes for permanent pool.
LogInit: Object subsystem initialized
[2018.04.30-23.13.23:488][  0]LogInit: Selected Device Profile: [Windows]
[2018.04.30-23.13.23:488][  0]LogInit: Applying CVar settings loaded from the selected device profile: [Windows]
[2018.04.30-23.13.23:648][  0]LogInit: Computer: LAPTOP-EBH0JGK7
[2018.04.30-23.13.23:648][  0]LogInit: User: MoltenOwl
[2018.04.30-23.13.23:648][  0]LogInit: CPU Page size=4096, Cores=4
[2018.04.30-23.13.23:648][  0]LogInit: High frequency timer resolution =2.339357 MHz
[2018.04.30-23.13.23:649][  0]LogMemory: Memory total: Physical=11.5GB (12GB approx)
[2018.04.30-23.13.23:649][  0]LogMemory: Platform Memory Stats for Windows
[2018.04.30-23.13.23:649][  0]LogMemory: Process Physical Memory: 277.36 MB used, 277.36 MB peak
[2018.04.30-23.13.23:649][  0]LogMemory: Process Virtual Memory: 273.85 MB used, 273.85 MB peak
[2018.04.30-23.13.23:649][  0]LogMemory: Physical Memory: 3653.66 MB used,  8089.46 MB free, 11743.12 MB total
[2018.04.30-23.13.23:649][  0]LogMemory: Virtual Memory: 702.71 MB used,  8089.46 MB free, 134217728.00 MB total
[2018.04.30-23.13.26:278][  0]LogInit: Using OS detected language (en-US).
[2018.04.30-23.13.26:278][  0]LogInit: Using OS detected locale (en-US).
[2018.04.30-23.13.26:893][  0]LogTextLocalizationManager: No specific localization for 'en-US' exists, so the 'en' localization will be used.
[2018.04.30-23.13.41:505][  0]LogD3D11RHI: D3D11 adapters:
[2018.04.30-23.13.41:578][  0]LogD3D11RHI:    0. 'AMD Radeon(TM) R5 Graphics' (Feature Level 11_0)
[2018.04.30-23.13.41:578][  0]LogD3D11RHI:       499/0/5871 MB DedicatedVideo/DedicatedSystem/SharedSystem, Outputs:1, VendorId:0x1002
[2018.04.30-23.13.41:692][  0]LogD3D11RHI:    1. 'Microsoft Basic Render Driver' (Feature Level 11_0)
[2018.04.30-23.13.41:692][  0]LogD3D11RHI:       0/0/5871 MB DedicatedVideo/DedicatedSystem/SharedSystem, Outputs:0, VendorId:0x1414
[2018.04.30-23.13.41:692][  0]LogD3D11RHI: Chosen D3D11 Adapter: 0
[2018.04.30-23.13.41:724][  0]LogD3D11RHI: Creating new Direct3DDevice
[2018.04.30-23.13.41:724][  0]LogD3D11RHI:     GPU DeviceId: 0x9874 (for the marketing name, search the web for "GPU Device Id")
[2018.04.30-23.13.41:724][  0]LogWindows: EnumDisplayDevices:
[2018.04.30-23.13.41:724][  0]LogWindows:    0. 'AMD Radeon(TM) R5 Graphics' (P:1 D:1)
[2018.04.30-23.13.41:725][  0]LogWindows:    1. 'AMD Radeon(TM) R5 Graphics' (P:0 D:0)
[2018.04.30-23.13.41:725][  0]LogWindows:    2. 'AMD Radeon(TM) R5 Graphics' (P:0 D:0)
[2018.04.30-23.13.41:725][  0]LogWindows: DebugString: GetVideoDriverDetailsInvalid PrimaryIsNotTheChoosenAdapter GetVideoDriverDetailsInvalid PrimaryIsNotTheChoosenAdapter GetVideoDriverDetailsInvalid PrimaryIsNotTheChoosenAdapter FoundDriverCount:0 
[2018.04.30-23.13.41:725][  0]LogD3D11RHI:     Adapter Name: AMD Radeon(TM) R5 Graphics
[2018.04.30-23.13.41:725][  0]LogD3D11RHI:   Driver Version: Unknown (internal:Unknown, unified:Unknown)
[2018.04.30-23.13.41:725][  0]LogD3D11RHI:      Driver Date: Unknown
[2018.04.30-23.13.41:725][  0]LogRHI: Texture pool is 349 MB (70% of 499 MB)
[2018.04.30-23.13.42:022][  0]LogD3D11RHI: Async texture creation enabled
[2018.04.30-23.13.42:438][  0]LogD3D11RHI: GPU Timing Frequency: 100.000000 (Debug: 2 1)
[2018.04.30-23.13.42:688][  0]LogShaderCompilers: Guid format shader working directory is -22 characters bigger than the processId version (../../../../../../Users/MoltenOwl/Documents/GitHub/RISE-Mobile/RISE_GAME/Intermediate/Shaders/WorkingDirectory/2376/).
[2018.04.30-23.13.42:688][  0]LogShaderCompilers: Cleaned the shader compiler working directory 'C:/Users/MoltenOwl/AppData/Local/Temp/UnrealShaderWorkingDir/93D61B4C472C4C3C45A22C968B5D47E4/'.
[2018.04.30-23.13.42:762][  0]LogShaderCompilers: Display: Using Local Shader Compiler.
[2018.04.30-23.13.58:749][  0]LogTemp: Display: Loaded TP AllDesktopTargetPlatform
[2018.04.30-23.13.58:962][  0]LogTemp: Display: Loaded TP MacClientTargetPlatform
[2018.04.30-23.13.59:142][  0]LogTemp: Display: Loaded TP MacNoEditorTargetPlatform
[2018.04.30-23.13.59:317][  0]LogTemp: Display: Loaded TP MacServerTargetPlatform
[2018.04.30-23.13.59:696][  0]LogTemp: Display: Loaded TP MacTargetPlatform
[2018.04.30-23.14.00:068][  0]LogTemp: Display: Loaded TP WindowsClientTargetPlatform
[2018.04.30-23.14.00:269][  0]LogTemp: Display: Loaded TP WindowsNoEditorTargetPlatform
[2018.04.30-23.14.00:418][  0]LogTemp: Display: Loaded TP WindowsServerTargetPlatform
[2018.04.30-23.14.00:649][  0]LogTemp: Display: Loaded TP WindowsTargetPlatform
[2018.04.30-23.14.00:845][  0]LogTemp: Display: Loaded TP AndroidTargetPlatform
[2018.04.30-23.14.01:089][  0]LogTemp: Display: Loaded TP Android_ASTCTargetPlatform
[2018.04.30-23.14.01:286][  0]LogTemp: Display: Loaded TP Android_ATCTargetPlatform
[2018.04.30-23.14.01:496][  0]LogTemp: Display: Loaded TP Android_DXTTargetPlatform
[2018.04.30-23.14.01:646][  0]LogTemp: Display: Loaded TP Android_ETC1TargetPlatform
[2018.04.30-23.14.01:868][  0]LogTemp: Display: Loaded TP Android_ETC2TargetPlatform
[2018.04.30-23.14.02:472][  0]LogTemp: Display: Loaded TP Android_MultiTargetPlatform
[2018.04.30-23.14.02:472][  0]LogTemp: Display: Loaded TP Android_PVRTCTargetPlatform
[2018.04.30-23.14.02:666][  0]LogTemp: Display: Loaded TP HTML5TargetPlatform
[2018.04.30-23.14.03:290][  0]LogTemp: Display: Loaded TP IOSTargetPlatform
[2018.04.30-23.14.03:425][  0]LogTemp: Display: Loaded TP TVOSTargetPlatform
[2018.04.30-23.14.03:592][  0]LogTemp: Display: Loaded TP LinuxClientTargetPlatform
[2018.04.30-23.14.03:824][  0]LogTemp: Display: Loaded TP LinuxNoEditorTargetPlatform
[2018.04.30-23.14.04:037][  0]LogTemp: Display: Loaded TP LinuxServerTargetPlatform
[2018.04.30-23.14.04:285][  0]LogTemp: Display: Loaded TP LinuxTargetPlatform
[2018.04.30-23.14.04:285][  0]LogTargetPlatformManager: Display: Building Assets For Windows
[2018.04.30-23.14.07:764][  0]LogDerivedDataCache: Display: Max Cache Size: 512 MB
[2018.04.30-23.14.10:104][  0]LogDerivedDataCache: Loaded boot cache 2.34s 93MB C:/Users/MoltenOwl/AppData/Local/UnrealEngine/4.17/DerivedDataCache/Boot.ddc.
[2018.04.30-23.14.10:104][  0]LogDerivedDataCache: Display: Loaded Boot cache: C:/Users/MoltenOwl/AppData/Local/UnrealEngine/4.17/DerivedDataCache/Boot.ddc
[2018.04.30-23.14.10:105][  0]LogDerivedDataCache: FDerivedDataBackendGraph:  Pak pak cache file ../../../../../../Users/MoltenOwl/Documents/GitHub/RISE-Mobile/RISE_GAME/DerivedDataCache/DDC.ddp not found, will not use a pak cache.
[2018.04.30-23.14.10:105][  0]LogDerivedDataCache: Unable to find inner node Pak for hierarchical cache Hierarchy.
[2018.04.30-23.14.10:105][  0]LogDerivedDataCache: FDerivedDataBackendGraph:  CompressedPak pak cache file ../../../../../../Users/MoltenOwl/Documents/GitHub/RISE-Mobile/RISE_GAME/DerivedDataCache/Compressed.ddp not found, will not use a pak cache.
[2018.04.30-23.14.10:105][  0]LogDerivedDataCache: Unable to find inner node CompressedPak for hierarchical cache Hierarchy.
[2018.04.30-23.14.10:265][  0]LogDerivedDataCache: Display: Pak cache opened for reading ../../../Engine/DerivedDataCache/Compressed.ddp.
[2018.04.30-23.14.10:306][  0]LogDerivedDataCache: Using Local data cache path C:/Users/MoltenOwl/AppData/Local/UnrealEngine/Common/DerivedDataCache: Writable
[2018.04.30-23.14.10:428][  0]LogMaterial: Verifying Global Shaders for PCD3D_SM5
[2018.04.30-23.14.10:512][  0]LogSlate: Using Freetype 2.6.0
[2018.04.30-23.14.10:655][  0]LogSlate: SlateFontCache - WITH_FREETYPE: 1, WITH_HARFBUZZ: 1
[2018.04.30-23.14.10:662][  0]LogSlate: SlateFontCache - WITH_FREETYPE: 1, WITH_HARFBUZZ: 1
[2018.04.30-23.14.19:648][  0]LogAssetRegistry: FAssetRegistry took 0.0782 seconds to start up
[2018.04.30-23.14.21:820][  0]LogInit: Selected Device Profile: [Windows]
[2018.04.30-23.14.27:737][  0]LogContentStreaming: Texture pool size is 0.00 MB
[2018.04.30-23.14.29:886][  0]LogSimplygon: Simplygon DLL not present - disabling.
[2018.04.30-23.14.30:100][  0]LogMeshReduction: Using SimplygonSwarm for distributed automatic mesh merging
[2018.04.30-23.14.30:132][  0]LogMeshReduction: Using QuadricMeshReduction for automatic static mesh reduction
[2018.04.30-23.14.30:132][  0]LogMeshReduction: No automatic skeletal mesh reduction module available
[2018.04.30-23.14.30:132][  0]LogMeshReduction: No automatic mesh merging module available
[2018.04.30-23.14.30:132][  0]LogMeshMerging: No automatic mesh merging module available
[2018.04.30-23.14.34:923][  0]LogNetVersion: RISE_GAME , NetCL: 3573198, EngineNetVer: 2, GameNetVer: 0 (Checksum: 1739909859)
[2018.04.30-23.14.37:185][  0]LogPackageLocalizationCache: Processed 2 localized package path(s) for 2 prioritized culture(s) in 0.130873 seconds
[2018.04.30-23.14.37:210][  0]LogUObjectArray: 35418 objects as part of root set at end of initial load.
[2018.04.30-23.14.37:210][  0]LogUObjectAllocator: 7448088 out of 0 bytes used by permanent object pool.
[2018.04.30-23.14.37:210][  0]LogUObjectArray: CloseDisregardForGC: 0/0 objects in disregard for GC pool
[2018.04.30-23.14.37:393][  0]LogInit: WinSock: version 1.1 (2.2), MaxSocks=32767, MaxUdp=65467
[2018.04.30-23.15.17:663][  0]LogTcpMessaging: Initializing TcpMessaging bridge
[2018.04.30-23.15.17:797][  0]LogUdpMessaging: Initializing bridge on interface 0.0.0.0:0 to multicast group 230.0.0.1:6666.
[2018.04.30-23.15.19:218][  0]SourceControl: Source control is disabled
[2018.04.30-23.15.19:218][  0]SourceControl: Source control is disabled
[2018.04.30-23.15.19:481][  0]SourceControl: Source control is disabled
[2018.04.30-23.15.19:683][  0]SourceControl: Source control is disabled
[2018.04.30-23.15.21:889][  0]LogAndroidPermission: UAndroidPermissionCallbackProxy::GetInstance
[2018.04.30-23.15.23:687][  0]LogEngine: Initializing Engine...
[2018.04.30-23.15.24:509][  0]LogStats: UGameplayTagsManager::ConstructGameplayTagTree: Construct from data asset -  0.000 s
[2018.04.30-23.15.24:510][  0]LogStats: UGameplayTagsManager::ConstructGameplayTagTree: GameplayTagTreeChangedEvent.Broadcast -  0.000 s
[2018.04.30-23.15.25:367][  0]LogAIModule: Creating AISystem for world Untitled
[2018.04.30-23.15.25:551][  0]LogInit: XAudio2 using 'Speaker/Headphone (Realtek High Definition Audio)' : 2 channels at 48 kHz using 32 bits per sample (channel mask 0x3)
[2018.04.30-23.15.26:287][  0]LogInit: FAudioDevice initialized.
[2018.04.30-23.15.26:754][  0]LogDerivedDataCache: Saved boot cache 0.47s 93MB C:/Users/MoltenOwl/AppData/Local/UnrealEngine/4.17/DerivedDataCache/Boot.ddc.
[2018.04.30-23.15.26:785][  0]LogInit: Texture streaming: Enabled
[2018.04.30-23.15.26:893][  0]LogMaterial: Uniform references updated for custom material expression Custom.
[2018.04.30-23.15.28:388][  0]LogEngineSessionManager: EngineSessionManager initialized
[2018.04.30-23.15.30:947][  0]LogInit: Transaction tracking system initialized
[2018.04.30-23.15.34:847][  0]BlueprintLog: New page: Editor Load
[2018.04.30-23.15.41:649][  0]LocalizationService: Localization service is disabled
[2018.04.30-23.15.45:616][  0]LogConsoleResponse: Display: 
[2018.04.30-23.15.48:156][  0]LogFileCache: Scanning file cache for directory 'C:/Users/MoltenOwl/Documents/GitHub/RISE-Mobile/RISE_GAME/Content/' took 0.03s
[2018.04.30-23.15.48:156][  0]LogCook: Display: Max memory allowance for cook 16384mb min free memory 0mb
[2018.04.30-23.15.48:156][  0]LogCook: Display: Mobile HDR setting 1
[2018.04.30-23.15.48:343][  0]LogGameplayTags: Display: UGameplayTagsManager::DoneAddingNativeTags. DelegateIsBound: 0
[2018.04.30-23.15.57:031][  0]SourceControl: Source control is disabled
[2018.04.30-23.15.57:191][  0]Cmd: MAP LOAD FILE="../../../../../../Users/MoltenOwl/Documents/GitHub/RISE-Mobile/RISE_GAME/Content/SideScrollerBP/Maps/SideScrollerExampleMap.umap" TEMPLATE=0 SHOWPROGRESS=1 FEATURELEVEL=3
[2018.04.30-23.15.57:307][  0]LightingResults: New page: Lighting Build
[2018.04.30-23.15.57:623][  0]MapCheck: New page: Map Check
[2018.04.30-23.15.57:623][  0]LightingResults: New page: Lighting Build
[2018.04.30-23.16.10:190][  0]LogAIModule: Creating AISystem for world SideScrollerExampleMap
[2018.04.30-23.16.11:511][  0]LogEditorServer: Finished looking for orphan Actors (0.000 secs)
[2018.04.30-23.16.11:751][  0]Cmd: MAP CHECKDEP NOCLEARLOG
[2018.04.30-23.16.11:933][  0]MapCheck: Map check complete: 0 Error(s), 0 Warning(s), took 181.882ms to complete.
[2018.04.30-23.16.11:933][  0]LogFileHelpers: Loading map 'SideScrollerExampleMap' took 14.828
[2018.04.30-23.16.14:923][  0]LogCollectionManager: Loaded 0 collections in 0.004597 seconds
[2018.04.30-23.16.15:854][  0]LogFileCache: Scanning file cache for directory 'C:/Users/MoltenOwl/Documents/GitHub/RISE-Mobile/RISE_GAME/Saved/Collections/' took 0.01s
[2018.04.30-23.16.15:854][  0]LogFileCache: Scanning file cache for directory 'C:/Users/MoltenOwl/Documents/GitHub/RISE-Mobile/RISE_GAME/Content/Developers/MoltenOwl/Collections/' took 0.01s
[2018.04.30-23.16.15:854][  0]LogFileCache: Scanning file cache for directory 'C:/Users/MoltenOwl/Documents/GitHub/RISE-Mobile/RISE_GAME/Content/Collections/' took 0.01s
[2018.04.30-23.16.15:855][  0]LogCollectionManager: Rebuilt the GUID cache for 0 collections in 0.000001 seconds
[2018.04.30-23.16.15:905][  0]LogContentBrowser: Native class hierarchy populated in 0.0332 seconds. Added 2312 classes and 451 folders.
[2018.04.30-23.16.16:263][  0]LogContentBrowser: Native class hierarchy updated for 'WidgetCarousel' in 0.0251 seconds. Added 0 classes and 0 folders.
[2018.04.30-23.16.18:583][  0]LogContentBrowser: Native class hierarchy updated for 'AddContentDialog' in 0.0017 seconds. Added 0 classes and 0 folders.
[2018.04.30-23.16.19:558][  0]LogContentBrowser: Native class hierarchy updated for 'SceneOutliner' in 0.0019 seconds. Added 1 classes and 2 folders.
[2018.04.30-23.16.22:524][  0]LogSlate: Took 0.023743 seconds to synchronously load lazily loaded font '../../../Engine/Content/Slate/Fonts/Roboto-Regular.ttf' (155K)
[2018.04.30-23.16.22:604][  0]LogSlate: Took 0.034260 seconds to synchronously load lazily loaded font '../../../Engine/Content/Slate/Fonts/Roboto-Bold.ttf' (160K)
[2018.04.30-23.16.22:750][  0]LogSlate: Took 0.035424 seconds to synchronously load lazily loaded font '../../../Engine/Content/Editor/Slate/Fonts/FontAwesome.ttf' (139K)
[2018.04.30-23.16.23:595][  0]LogRenderer: Reallocating scene render targets to support 732x360 Format 10 NumSamples 1 (Frame:1).
[2018.04.30-23.16.26:566][  0]LogContentBrowser: Native class hierarchy updated for 'HierarchicalLODOutliner' in 0.0017 seconds. Added 1 classes and 2 folders.
[2018.04.30-23.16.26:566][  0]LogLoad: (Engine Initialization) Total time: 227.42 seconds
[2018.04.30-23.16.26:566][  0]LogLoad: (Engine Initialization) Total Blueprint compile time: 0.00 seconds
[2018.04.30-23.16.26:567][  0]LogExternalProfiler: No external profilers were discovered.  External profiling features will not be available.
[2018.04.30-23.16.27:159][  0]LogContentStreaming: Texture pool size now 1000 MB
[2018.04.30-23.16.27:649][  0]LogSlate: Took 0.057645 seconds to synchronously load lazily loaded font '../../../Engine/Content/Slate/Fonts/Roboto-Light.ttf' (159K)
[2018.04.30-23.16.27:716][  1]LogFileCache: Retrieving MD5 hashes for directory 'C:/Users/MoltenOwl/Documents/GitHub/RISE-Mobile/RISE_GAME/Content/' took 0.77s
[2018.04.30-23.16.29:394][  6]LogAssetRegistry: Asset discovery search completed in 129.7695 seconds
[2018.04.30-23.16.29:397][  6]LogCollectionManager: Rebuilt the object cache for 0 collections in 0.000001 seconds (found 0 objects)
[2018.04.30-23.16.29:397][  6]LogCollectionManager: Fixed up redirectors for 0 collections in 0.000101 seconds (updated 0 objects)
[2018.04.30-23.16.59:501][171]LogTemp: Repeating last play command: Selected Viewport
[2018.04.30-23.16.59:722][171]LogBlueprintUserMessages: Early PlayInEditor Detection: Level '/Game/SideScrollerBP/Maps/SideScrollerExampleMap.SideScrollerExampleMap:PersistentLevel' has LevelScriptBlueprint '/Game/SideScrollerBP/Maps/SideScrollerExampleMap.SideScrollerExampleMap:PersistentLevel.SideScrollerExampleMap' with GeneratedClass '/Game/SideScrollerBP/Maps/SideScrollerExampleMap.SideScrollerExampleMap_C' with ClassGeneratedBy '/Game/SideScrollerBP/Maps/SideScrollerExampleMap.SideScrollerExampleMap:PersistentLevel.SideScrollerExampleMap'
[2018.04.30-23.16.59:722][171]LogPlayLevel: PlayLevel: No blueprints needed recompiling
[2018.04.30-23.16.59:750][171]PIE: New page: PIE session: SideScrollerExampleMap (Apr 30, 2018, 3:16:59 PM)
[2018.04.30-23.16.59:752][171]LogPlayLevel: Creating play world package: /Game/SideScrollerBP/Maps/UEDPIE_0_SideScrollerExampleMap
[2018.04.30-23.16.59:820][171]LogPlayLevel: PIE: StaticDuplicateObject took: (0.067837s)
[2018.04.30-23.16.59:821][171]LogAIModule: Creating AISystem for world SideScrollerExampleMap
[2018.04.30-23.16.59:822][171]LogPlayLevel: PIE: World Init took: (0.001667s)
[2018.04.30-23.16.59:822][171]LogPlayLevel: PIE: Created PIE world by copying editor world from /Game/SideScrollerBP/Maps/SideScrollerExampleMap.SideScrollerExampleMap to /Game/SideScrollerBP/Maps/UEDPIE_0_SideScrollerExampleMap.SideScrollerExampleMap (0.070581s)
[2018.04.30-23.16.59:872][171]LogInit: XAudio2 using 'Speaker/Headphone (Realtek High Definition Audio)' : 2 channels at 48 kHz using 32 bits per sample (channel mask 0x3)
[2018.04.30-23.16.59:898][171]LogInit: FAudioDevice initialized.
[2018.04.30-23.16.59:996][171]LogLoad: Game class is 'OGSideScrollerGameMode_C'
[2018.04.30-23.17.00:024][171]LogWorld: Bringing World /Game/SideScrollerBP/Maps/UEDPIE_0_SideScrollerExampleMap.SideScrollerExampleMap up for play (max tick rate 0) at 2018.04.30-19.17.00
[2018.04.30-23.17.00:039][171]LogWorld: Bringing up level for play took: 0.018415
[2018.04.30-23.17.00:208][171]LogContentBrowser: Native class hierarchy updated for 'MovieSceneCapture' in 0.0017 seconds. Added 11 classes and 0 folders.
[2018.04.30-23.17.00:585][171]PIE: Play in editor start time for /Game/SideScrollerBP/Maps/UEDPIE_0_SideScrollerExampleMap 1.048
[2018.04.30-23.17.00:586][171]LogBlueprintUserMessages: Late PlayInEditor Detection: Level '/Game/SideScrollerBP/Maps/SideScrollerExampleMap.SideScrollerExampleMap:PersistentLevel' has LevelScriptBlueprint '/Game/SideScrollerBP/Maps/SideScrollerExampleMap.SideScrollerExampleMap:PersistentLevel.SideScrollerExampleMap' with GeneratedClass '/Game/SideScrollerBP/Maps/SideScrollerExampleMap.SideScrollerExampleMap_C' with ClassGeneratedBy '/Game/SideScrollerBP/Maps/SideScrollerExampleMap.SideScrollerExampleMap:PersistentLevel.SideScrollerExampleMap'
[2018.04.30-23.17.02:131][242]LogBlueprintUserMessages: Early EndPlayMap Detection: Level '/Game/SideScrollerBP/Maps/SideScrollerExampleMap.SideScrollerExampleMap:PersistentLevel' has LevelScriptBlueprint '/Game/SideScrollerBP/Maps/SideScrollerExampleMap.SideScrollerExampleMap:PersistentLevel.SideScrollerExampleMap' with GeneratedClass '/Game/SideScrollerBP/Maps/SideScrollerExampleMap.SideScrollerExampleMap_C' with ClassGeneratedBy '/Game/SideScrollerBP/Maps/SideScrollerExampleMap.SideScrollerExampleMap:PersistentLevel.SideScrollerExampleMap'
[2018.04.30-23.17.02:217][242]LogBlueprintUserMessages: Late EndPlayMap Detection: Level '/Game/SideScrollerBP/Maps/SideScrollerExampleMap.SideScrollerExampleMap:PersistentLevel' has LevelScriptBlueprint '/Game/SideScrollerBP/Maps/SideScrollerExampleMap.SideScrollerExampleMap:PersistentLevel.SideScrollerExampleMap' with GeneratedClass '/Game/SideScrollerBP/Maps/SideScrollerExampleMap.SideScrollerExampleMap_C' with ClassGeneratedBy '/Game/SideScrollerBP/Maps/SideScrollerExampleMap.SideScrollerExampleMap:PersistentLevel.SideScrollerExampleMap'
[2018.04.30-23.17.04:533][267]LogSlate: Took 0.000361 seconds to synchronously load lazily loaded font '../../../Engine/Content/Slate/Fonts/Roboto-Light.ttf' (159K)
[2018.04.30-23.17.05:260][267]LogSlate: Took 0.000411 seconds to synchronously load lazily loaded font '../../../Engine/Content/Slate/Fonts/Roboto-Regular.ttf' (155K)
[2018.04.30-23.17.05:742][267]LogContentBrowser: Native class hierarchy updated for 'BlueprintGraph' in 0.0020 seconds. Added 113 classes and 0 folders.
[2018.04.30-23.17.07:847][267]LogSlate: Took 0.021656 seconds to synchronously load lazily loaded font '../../../Engine/Content/Editor/Slate/Fonts/Roboto-BoldCondensed.ttf' (158K)
[2018.04.30-23.17.10:347][367]LogTemp: Repeating last play command: Selected Viewport
[2018.04.30-23.17.10:415][367]LogBlueprintUserMessages: Early PlayInEditor Detection: Level '/Game/SideScrollerBP/Maps/SideScrollerExampleMap.SideScrollerExampleMap:PersistentLevel' has LevelScriptBlueprint '/Game/SideScrollerBP/Maps/SideScrollerExampleMap.SideScrollerExampleMap:PersistentLevel.SideScrollerExampleMap' with GeneratedClass '/Game/SideScrollerBP/Maps/SideScrollerExampleMap.SideScrollerExampleMap_C' with ClassGeneratedBy '/Game/SideScrollerBP/Maps/SideScrollerExampleMap.SideScrollerExampleMap:PersistentLevel.SideScrollerExampleMap'
[2018.04.30-23.17.10:416][367]LogPlayLevel: PlayLevel: No blueprints needed recompiling
[2018.04.30-23.17.10:416][367]PIE: New page: PIE session: SideScrollerExampleMap (Apr 30, 2018, 3:17:10 PM)
[2018.04.30-23.17.10:418][367]LogPlayLevel: Creating play world package: /Game/SideScrollerBP/Maps/UEDPIE_0_SideScrollerExampleMap
[2018.04.30-23.17.10:455][367]LogPlayLevel: PIE: StaticDuplicateObject took: (0.036665s)
[2018.04.30-23.17.10:458][367]LogAIModule: Creating AISystem for world SideScrollerExampleMap
[2018.04.30-23.17.10:458][367]LogPlayLevel: PIE: World Init took: (0.003729s)
[2018.04.30-23.17.10:459][367]LogPlayLevel: PIE: Created PIE world by copying editor world from /Game/SideScrollerBP/Maps/SideScrollerExampleMap.SideScrollerExampleMap to /Game/SideScrollerBP/Maps/UEDPIE_0_SideScrollerExampleMap.SideScrollerExampleMap (0.041184s)
[2018.04.30-23.17.10:539][367]LogInit: XAudio2 using 'Speaker/Headphone (Realtek High Definition Audio)' : 2 channels at 48 kHz using 32 bits per sample (channel mask 0x3)
[2018.04.30-23.17.10:563][367]LogInit: FAudioDevice initialized.
[2018.04.30-23.17.10:637][367]LogLoad: Game class is 'OGSideScrollerGameMode_C'
[2018.04.30-23.17.10:642][367]LogWorld: Bringing World /Game/SideScrollerBP/Maps/UEDPIE_0_SideScrollerExampleMap.SideScrollerExampleMap up for play (max tick rate 0) at 2018.04.30-19.17.10
[2018.04.30-23.17.10:645][367]LogWorld: Bringing up level for play took: 0.006929
[2018.04.30-23.17.10:770][367]PIE: Play in editor start time for /Game/SideScrollerBP/Maps/UEDPIE_0_SideScrollerExampleMap 1.233
[2018.04.30-23.17.10:771][367]LogBlueprintUserMessages: Late PlayInEditor Detection: Level '/Game/SideScrollerBP/Maps/SideScrollerExampleMap.SideScrollerExampleMap:PersistentLevel' has LevelScriptBlueprint '/Game/SideScrollerBP/Maps/SideScrollerExampleMap.SideScrollerExampleMap:PersistentLevel.SideScrollerExampleMap' with GeneratedClass '/Game/SideScrollerBP/Maps/SideScrollerExampleMap.SideScrollerExampleMap_C' with ClassGeneratedBy '/Game/SideScrollerBP/Maps/SideScrollerExampleMap.SideScrollerExampleMap:PersistentLevel.SideScrollerExampleMap'
[2018.04.30-23.17.10:884][367]LogRenderer: Reallocating scene render targets to support 732x584 Format 10 NumSamples 1 (Frame:1).
[2018.04.30-23.17.11:017][368]LogSynthBenchmark: Display: FSynthBenchmark (V0.95):  requested WorkScale=5.00
[2018.04.30-23.17.11:017][368]LogSynthBenchmark: Display: ===============
[2018.04.30-23.17.11:017][368]LogSynthBenchmark: Display: Main Processor:
[2018.04.30-23.17.11:436][368]LogSynthBenchmark: Display:          ... 0.049448 s/Run 'RayIntersect'
[2018.04.30-23.17.11:436][368]LogSynthBenchmark: Display:          ... 0.034219 s/Run 'Fractal'
[2018.04.30-23.17.11:436][368]LogSynthBenchmark: Display: 
[2018.04.30-23.17.11:436][368]LogSynthBenchmark: Display:   CompiledTarget_x_Bits: 64
[2018.04.30-23.17.11:437][368]LogSynthBenchmark: Display:   UE_BUILD_SHIPPING: 0
[2018.04.30-23.17.11:437][368]LogSynthBenchmark: Display:   UE_BUILD_TEST: 0
[2018.04.30-23.17.11:437][368]LogSynthBenchmark: Display:   UE_BUILD_DEBUG: 0
[2018.04.30-23.17.11:437][368]LogSynthBenchmark: Display:   TotalPhysicalGBRam: 12
[2018.04.30-23.17.11:437][368]LogSynthBenchmark: Display:   NumberOfCores (physical): 4
[2018.04.30-23.17.11:437][368]LogSynthBenchmark: Display:   NumberOfCores (logical): 4
[2018.04.30-23.17.11:437][368]LogSynthBenchmark: Display:   CPU Perf Index 0: 51.8 (weight 1.00)
[2018.04.30-23.17.11:437][368]LogSynthBenchmark: Display:   CPU Perf Index 1: 83.6 (weight 1.50)
[2018.04.30-23.17.11:437][368]LogSynthBenchmark: Display:  
[2018.04.30-23.17.11:437][368]LogSynthBenchmark: Display: Graphics:
[2018.04.30-23.17.11:437][368]LogSynthBenchmark: Display:   Adapter Name: 'AMD Radeon(TM) R5 Graphics'
[2018.04.30-23.17.11:437][368]LogSynthBenchmark: Display:   (On Optimus the name might be wrong, memory should be ok)
[2018.04.30-23.17.11:437][368]LogSynthBenchmark: Display:   Vendor Id: 0x1002
[2018.04.30-23.17.11:437][368]LogSynthBenchmark: Display:   Device Id: 0x9874
[2018.04.30-23.17.11:437][368]LogSynthBenchmark: Display:   Device Revision: 0xCA
[2018.04.30-23.17.11:437][368]LogSynthBenchmark: Display:   GPU Memory: 500/0/5872 MB
[2018.04.30-23.17.11:750][368]LogSynthBenchmark: Display:   GPU first test: 0.16s
[2018.04.30-23.17.11:750][368]LogSynthBenchmark: Display:          ... 0.928 s/GigaPix, Confidence=100% 'ALUHeavyNoise' (likely to be very inaccurate)
[2018.04.30-23.17.11:750][368]LogSynthBenchmark: Display:          ... 0.709 s/GigaPix, Confidence=100% 'TexHeavy' (likely to be very inaccurate)
[2018.04.30-23.17.11:750][368]LogSynthBenchmark: Display:          ... 0.674 s/GigaPix, Confidence=89% 'DepTexHeavy' (likely to be very inaccurate)
[2018.04.30-23.17.11:750][368]LogSynthBenchmark: Display:          ... 2.422 s/GigaPix, Confidence=89% 'FillOnly' (likely to be very inaccurate)
[2018.04.30-23.17.11:751][368]LogSynthBenchmark: Display:          ... 0.055 s/GigaPix, Confidence=89% 'Bandwidth' (likely to be very inaccurate)
[2018.04.30-23.17.11:751][368]LogSynthBenchmark: Display:          ... 0.238 s/GigaVert, Confidence=100% 'VertThroughPut1' (likely to be very inaccurate)
[2018.04.30-23.17.11:751][368]LogSynthBenchmark: Display:          ... 0.498 s/GigaVert, Confidence=100% 'VertThroughPut2' (likely to be very inaccurate)
[2018.04.30-23.17.11:751][368]LogSynthBenchmark: Display:   GPU Final Results:
[2018.04.30-23.17.11:751][368]LogSynthBenchmark: Display:          ... 0.928 s/GigaPix, Confidence=100% 'ALUHeavyNoise'
[2018.04.30-23.17.11:751][368]LogSynthBenchmark: Display:          ... 0.709 s/GigaPix, Confidence=100% 'TexHeavy'
[2018.04.30-23.17.11:751][368]LogSynthBenchmark: Display:          ... 0.674 s/GigaPix, Confidence=89% 'DepTexHeavy'
[2018.04.30-23.17.11:751][368]LogSynthBenchmark: Display:          ... 2.422 s/GigaPix, Confidence=89% 'FillOnly'
[2018.04.30-23.17.11:751][368]LogSynthBenchmark: Display:          ... 0.055 s/GigaPix, Confidence=89% 'Bandwidth'
[2018.04.30-23.17.11:751][368]LogSynthBenchmark: Display:          ... 0.238 s/GigaVert, Confidence=100% 'VertThroughPut1'
[2018.04.30-23.17.11:751][368]LogSynthBenchmark: Display:          ... 0.498 s/GigaVert, Confidence=100% 'VertThroughPut2'
[2018.04.30-23.17.11:751][368]LogSynthBenchmark: Display: 
[2018.04.30-23.17.11:751][368]LogSynthBenchmark: Display:   GPU Perf Index 0: 20.2 (weight 1.00)
[2018.04.30-23.17.11:751][368]LogSynthBenchmark: Display:   GPU Perf Index 1: 9.5 (weight 0.10)
[2018.04.30-23.17.11:751][368]LogSynthBenchmark: Display:   GPU Perf Index 2: 17.5 (weight 0.10)
[2018.04.30-23.17.11:751][368]LogSynthBenchmark: Display:   GPU Perf Index 3: 9.5 (weight 3.00)
[2018.04.30-23.17.11:751][368]LogSynthBenchmark: Display:   GPU Perf Index 4: 5.1 (weight 1.00)
[2018.04.30-23.17.11:751][368]LogSynthBenchmark: Display:   GPU Perf Index 5: 15.5 (weight 0.00)
[2018.04.30-23.17.11:751][368]LogSynthBenchmark: Display:   GPU Perf Index 6: 28.2 (weight 0.00)
[2018.04.30-23.17.11:751][368]LogSynthBenchmark: Display:   CPUIndex: 70.9
[2018.04.30-23.17.11:751][368]LogSynthBenchmark: Display:   GPUIndex: 10.9
[2018.04.30-23.17.11:751][368]LogSynthBenchmark: Display: 
[2018.04.30-23.17.11:751][368]LogSynthBenchmark: Display:          ... Total Time: 0.734031 sec
[2018.04.30-23.17.21:454][645]LogNet: Browse: /Game/SideScrollerBP/Maps/SideScrollerExampleMap
[2018.04.30-23.17.21:497][645]LogLoad: LoadMap: /Game/SideScrollerBP/Maps/SideScrollerExampleMap
[2018.04.30-23.17.21:573][645]Cmd: MEM
[2018.04.30-23.17.21:656][645]LogMemory: Platform Memory Stats for Windows
[2018.04.30-23.17.21:656][645]LogMemory: Process Physical Memory: 1784.80 MB used, 1818.92 MB peak
[2018.04.30-23.17.21:657][645]LogMemory: Process Virtual Memory: 2206.14 MB used, 2249.16 MB peak
[2018.04.30-23.17.21:657][645]LogMemory: Physical Memory: 5356.79 MB used,  6386.33 MB free, 11743.12 MB total
[2018.04.30-23.17.21:657][645]LogMemory: Virtual Memory: 3042.51 MB used,  6386.33 MB free, 134217728.00 MB total
[2018.04.30-23.17.21:657][645]LogMemory: 
[2018.04.30-23.17.21:657][645]Allocator Stats for TBB: (not implemented)
[2018.04.30-23.17.21:657][645]LogPlayLevel: Creating play world package: /Game/SideScrollerBP/Maps/UEDPIE_0_SideScrollerExampleMap
[2018.04.30-23.17.21:699][645]LogPlayLevel: PIE: StaticDuplicateObject took: (0.041697s)
[2018.04.30-23.17.21:701][645]LogAIModule: Creating AISystem for world SideScrollerExampleMap
[2018.04.30-23.17.21:701][645]LogPlayLevel: PIE: World Init took: (0.002065s)
[2018.04.30-23.17.21:701][645]LogPlayLevel: PIE: Created PIE world by copying editor world from /Game/SideScrollerBP/Maps/SideScrollerExampleMap.SideScrollerExampleMap to /Game/SideScrollerBP/Maps/UEDPIE_0_SideScrollerExampleMap.SideScrollerExampleMap (0.044349s)
[2018.04.30-23.17.21:701][645]LogLoad: Game class is 'OGSideScrollerGameMode_C'
[2018.04.30-23.17.21:709][645]LogWorld: Bringing World /Game/SideScrollerBP/Maps/UEDPIE_0_SideScrollerExampleMap.SideScrollerExampleMap up for play (max tick rate 0) at 2018.04.30-19.17.21
[2018.04.30-23.17.21:712][645]LogWorld: Bringing up level for play took: 0.007153
[2018.04.30-23.17.21:820][645]LogLoad: Took 0.323523 seconds to LoadMap(/Game/SideScrollerBP/Maps/UEDPIE_0_SideScrollerExampleMap)
[2018.04.30-23.17.29:970][ 25]LogBlueprintUserMessages: Early EndPlayMap Detection: Level '/Game/SideScrollerBP/Maps/SideScrollerExampleMap.SideScrollerExampleMap:PersistentLevel' has LevelScriptBlueprint '/Game/SideScrollerBP/Maps/SideScrollerExampleMap.SideScrollerExampleMap:PersistentLevel.SideScrollerExampleMap' with GeneratedClass '/Game/SideScrollerBP/Maps/SideScrollerExampleMap.SideScrollerExampleMap_C' with ClassGeneratedBy '/Game/SideScrollerBP/Maps/SideScrollerExampleMap.SideScrollerExampleMap:PersistentLevel.SideScrollerExampleMap'
[2018.04.30-23.17.30:071][ 25]LogBlueprintUserMessages: Late EndPlayMap Detection: Level '/Game/SideScrollerBP/Maps/SideScrollerExampleMap.SideScrollerExampleMap:PersistentLevel' has LevelScriptBlueprint '/Game/SideScrollerBP/Maps/SideScrollerExampleMap.SideScrollerExampleMap:PersistentLevel.SideScrollerExampleMap' with GeneratedClass '/Game/SideScrollerBP/Maps/SideScrollerExampleMap.SideScrollerExampleMap_C' with ClassGeneratedBy '/Game/SideScrollerBP/Maps/SideScrollerExampleMap.SideScrollerExampleMap:PersistentLevel.SideScrollerExampleMap'
[2018.04.30-23.21.56:995][624]LogWindowsTextInputMethodSystem: Display: IME system now deactivated.
[2018.04.30-23.21.56:995][624]LogWindowsTextInputMethodSystem: Display: IME system now deactivated.
[2018.04.30-23.21.57:385][625]Cmd: QUIT_EDITOR
[2018.04.30-23.21.58:186][625]LogExit: Preparing to exit.
[2018.04.30-23.21.59:167][625]LogDirectoryWatcher: A directory notification for 'C:/Users/MoltenOwl/Documents/GitHub/RISE-Mobile/RISE_GAME/Content/' was aborted.
[2018.04.30-23.21.59:332][625]LogExit: Editor shut down
[2018.04.30-23.21.59:346][625]LogExit: Transaction tracking system shut down
[2018.04.30-23.21.59:503][625]LogDirectoryWatcher: A directory notification for '../../../Engine/Content/' was aborted.
[2018.04.30-23.21.59:503][625]LogDirectoryWatcher: A directory notification for '../../../../../../Users/MoltenOwl/Documents/GitHub/RISE-Mobile/RISE_GAME/Content/' was aborted.
[2018.04.30-23.21.59:922][625]LogExit: Object subsystem successfully closed.
[2018.04.30-23.21.59:965][625]LogD3D11RHI: Shutdown
[2018.04.30-23.21.59:965][625]LogD3D11RHI: CleanupD3DDevice
[2018.04.30-23.22.00:320][625]LogD3D11RHI: ~FD3D11DynamicRHI
[2018.04.30-23.22.00:530][625]LogModuleManager: Shutting down and abandoning module SequencerWidgets (500)
[2018.04.30-23.22.00:530][625]LogModuleManager: Shutting down and abandoning module SynthBenchmark (498)
[2018.04.30-23.22.00:531][625]LogModuleManager: Shutting down and abandoning module BlueprintGraph (496)
[2018.04.30-23.22.00:531][625]LogModuleManager: Shutting down and abandoning module BlueprintProfiler (494)
[2018.04.30-23.22.00:547][625]LogModuleManager: Shutting down and abandoning module MovieSceneCapture (492)
[2018.04.30-23.22.00:548][625]LogModuleManager: Shutting down and abandoning module HierarchicalLODOutliner (490)
[2018.04.30-23.22.00:548][625]LogModuleManager: Shutting down and abandoning module SceneOutliner (488)
[2018.04.30-23.22.00:548][625]LogModuleManager: Shutting down and abandoning module AddContentDialog (486)
[2018.04.30-23.22.00:548][625]LogDirectoryWatcher: A directory notification for 'C:/Program Files/Epic Games/UE_4.17/FeaturePacks/' was aborted.
[2018.04.30-23.22.00:551][625]LogModuleManager: Shutting down and abandoning module WidgetCarousel (485)
[2018.04.30-23.22.00:551][625]LogModuleManager: Shutting down and abandoning module EditorWidgets (482)
[2018.04.30-23.22.00:552][625]LogModuleManager: Shutting down and abandoning module CollectionManager (480)
[2018.04.30-23.22.00:552][625]LogDirectoryWatcher: A directory notification for 'C:/Users/MoltenOwl/Documents/GitHub/RISE-Mobile/RISE_GAME/Content/Collections/' was aborted.
[2018.04.30-23.22.00:552][625]LogDirectoryWatcher: A directory notification for 'C:/Users/MoltenOwl/Documents/GitHub/RISE-Mobile/RISE_GAME/Content/Developers/MoltenOwl/Collections/' was aborted.
[2018.04.30-23.22.00:552][625]LogDirectoryWatcher: A directory notification for 'C:/Users/MoltenOwl/Documents/GitHub/RISE-Mobile/RISE_GAME/Saved/Collections/' was aborted.
[2018.04.30-23.22.00:552][625]LogModuleManager: Shutting down and abandoning module StatsViewer (478)
[2018.04.30-23.22.00:552][625]LogModuleManager: Shutting down and abandoning module FoliageEdit (476)
[2018.04.30-23.22.00:552][625]LogModuleManager: Shutting down and abandoning module LandscapeEditor (474)
[2018.04.30-23.22.00:565][625]LogModuleManager: Shutting down and abandoning module MeshPaintMode (472)
[2018.04.30-23.22.00:565][625]LogModuleManager: Shutting down and abandoning module MeshPaint (471)
[2018.04.30-23.22.00:565][625]LogModuleManager: Shutting down and abandoning module SceneDepthPickerMode (468)
[2018.04.30-23.22.00:565][625]LogModuleManager: Shutting down and abandoning module ActorPickerMode (466)
[2018.04.30-23.22.00:565][625]LogModuleManager: Shutting down and abandoning module GeometryMode (464)
[2018.04.30-23.22.00:565][625]LogModuleManager: Shutting down and abandoning module TextureAlignMode (462)
[2018.04.30-23.22.00:565][625]LogModuleManager: Shutting down and abandoning module BspMode (460)
[2018.04.30-23.22.00:565][625]LogModuleManager: Shutting down and abandoning module PIEPreviewDeviceProfileSelector (458)
[2018.04.30-23.22.00:565][625]LogModuleManager: Shutting down and abandoning module HardwareSurvey (456)
[2018.04.30-23.22.00:565][625]LogModuleManager: Shutting down and abandoning module SequenceRecorderSections (454)
[2018.04.30-23.22.00:566][625]LogModuleManager: Shutting down and abandoning module AutomationWorker (452)
[2018.04.30-23.22.00:566][625]LogModuleManager: Shutting down and abandoning module MatineeToLevelSequence (450)
[2018.04.30-23.22.00:566][625]LogModuleManager: Shutting down and abandoning module LevelSequenceEditor (448)
[2018.04.30-23.22.00:578][625]LogModuleManager: Shutting down and abandoning module PlacementMode (447)
[2018.04.30-23.22.00:578][625]LogModuleManager: Shutting down and abandoning module WmfMediaFactory (444)
[2018.04.30-23.22.00:578][625]LogModuleManager: Shutting down and abandoning module WmfMediaEditor (442)
[2018.04.30-23.22.00:578][625]LogModuleManager: Shutting down and abandoning module AndroidMediaFactory (440)
[2018.04.30-23.22.00:578][625]LogModuleManager: Shutting down and abandoning module Media (439)
[2018.04.30-23.22.00:578][625]LogModuleManager: Shutting down and abandoning module AndroidMediaEditor (436)
[2018.04.30-23.22.00:578][625]LogModuleManager: Shutting down and abandoning module CharacterAI (434)
[2018.04.30-23.22.00:578][625]LogModuleManager: Shutting down and abandoning module AudioCapture (432)
[2018.04.30-23.22.00:578][625]LogModuleManager: Shutting down and abandoning module SequenceRecorder (431)
[2018.04.30-23.22.00:578][625]LogModuleManager: Shutting down and abandoning module SessionServices (428)
[2018.04.30-23.22.00:578][625]LogModuleManager: Shutting down and abandoning module ViewportSnapping (426)
[2018.04.30-23.22.00:578][625]LogModuleManager: Shutting down and abandoning module ViewportInteraction (424)
[2018.04.30-23.22.00:578][625]LogModuleManager: Shutting down and abandoning module ClothPainter (422)
[2018.04.30-23.22.00:588][625]LogModuleManager: Shutting down and abandoning module LogVisualizer (420)
[2018.04.30-23.22.00:589][625]LogModuleManager: Shutting down and abandoning module IntroTutorials (418)
[2018.04.30-23.22.00:589][625]LogModuleManager: Shutting down and abandoning module GameProjectGeneration (417)
[2018.04.30-23.22.00:597][625]LogModuleManager: Shutting down and abandoning module IOSPlatformEditor (414)
[2018.04.30-23.22.00:597][625]LogModuleManager: Shutting down and abandoning module HTML5PlatformEditor (412)
[2018.04.30-23.22.00:597][625]LogModuleManager: Shutting down and abandoning module AndroidPlatformEditor (410)
[2018.04.30-23.22.00:597][625]LogModuleManager: Shutting down and abandoning module AndroidDeviceDetection (409)
[2018.04.30-23.22.01:469][625]LogModuleManager: Shutting down and abandoning module WindowsPlatformEditor (406)
[2018.04.30-23.22.01:469][625]LogModuleManager: Shutting down and abandoning module IOSRuntimeSettings (404)
[2018.04.30-23.22.01:470][625]LogModuleManager: Shutting down and abandoning module AndroidRuntimeSettings (402)
[2018.04.30-23.22.01:470][625]LogModuleManager: Shutting down and abandoning module InputBindingEditor (400)
[2018.04.30-23.22.01:470][625]LogModuleManager: Shutting down and abandoning module MergeActors (398)
[2018.04.30-23.22.01:480][625]LogModuleManager: Shutting down and abandoning module SizeMap (396)
[2018.04.30-23.22.01:480][625]LogModuleManager: Shutting down and abandoning module TreeMap (394)
[2018.04.30-23.22.01:480][625]LogModuleManager: Shutting down and abandoning module ReferenceViewer (392)
[2018.04.30-23.22.01:480][625]LogModuleManager: Shutting down and abandoning module LocalizationDashboard (390)
[2018.04.30-23.22.01:483][625]LogModuleManager: Shutting down and abandoning module LocalizationService (389)
[2018.04.30-23.22.01:484][625]LogModuleManager: Shutting down and abandoning module HardwareTargeting (386)
[2018.04.30-23.22.01:484][625]LogModuleManager: Shutting down and abandoning module DeviceProfileEditor (384)
[2018.04.30-23.22.01:484][625]LogModuleManager: Shutting down and abandoning module UndoHistory (382)
[2018.04.30-23.22.01:484][625]LogModuleManager: Shutting down and abandoning module XmlParser (380)
[2018.04.30-23.22.01:484][625]LogModuleManager: Shutting down and abandoning module Blutility (378)
[2018.04.30-23.22.01:484][625]LogModuleManager: Shutting down and abandoning module ProjectSettingsViewer (376)
[2018.04.30-23.22.01:484][625]LogModuleManager: Shutting down and abandoning module ProjectTargetPlatformEditor (375)
[2018.04.30-23.22.01:484][625]LogModuleManager: Shutting down and abandoning module EditorSettingsViewer (372)
[2018.04.30-23.22.01:484][625]LogModuleManager: Shutting down and abandoning module SettingsEditor (370)
[2018.04.30-23.22.01:496][625]LogModuleManager: Shutting down and abandoning module ProjectLauncher (368)
[2018.04.30-23.22.01:507][625]LogModuleManager: Shutting down and abandoning module SessionFrontend (366)
[2018.04.30-23.22.01:507][625]LogModuleManager: Shutting down and abandoning module ProfilerClient (364)
[2018.04.30-23.22.01:513][625]LogModuleManager: Shutting down and abandoning module DeviceManager (362)
[2018.04.30-23.22.01:513][625]LogModuleManager: Shutting down and abandoning module TargetDeviceServices (361)
[2018.04.30-23.22.01:568][625]LogModuleManager: Shutting down and abandoning module AutomationController (358)
[2018.04.30-23.22.01:568][625]LogModuleManager: Shutting down and abandoning module AutomationWindow (356)
[2018.04.30-23.22.01:597][625]LogModuleManager: Shutting down and abandoning module Layers (354)
[2018.04.30-23.22.01:637][625]LogModuleManager: Shutting down and abandoning module ComponentVisualizers (352)
[2018.04.30-23.22.01:638][625]LogModuleManager: Shutting down and abandoning module DetailCustomizations (350)
[2018.04.30-23.22.01:638][625]LogModuleManager: Shutting down and abandoning module PackagesDialog (348)
[2018.04.30-23.22.01:648][625]LogModuleManager: Shutting down and abandoning module Persona (346)
[2018.04.30-23.22.01:663][625]LogModuleManager: Shutting down and abandoning module AdvancedPreviewScene (345)
[2018.04.30-23.22.01:663][625]LogModuleManager: Shutting down and abandoning module AnimGraph (343)
[2018.04.30-23.22.01:663][625]LogModuleManager: Shutting down and abandoning module Kismet (340)
[2018.04.30-23.22.01:678][625]LogModuleManager: Shutting down and abandoning module LevelEditor (339)
[2018.04.30-23.22.01:680][625]LogModuleManager: Shutting down and abandoning module PixelInspectorModule (338)
[2018.04.30-23.22.01:680][625]LogModuleManager: Shutting down and abandoning module ClassViewer (334)
[2018.04.30-23.22.01:680][625]LogModuleManager: Shutting down and abandoning module Toolbox (332)
[2018.04.30-23.22.01:680][625]LogModuleManager: Shutting down and abandoning module ModuleUI (330)
[2018.04.30-23.22.01:685][625]LogModuleManager: Shutting down and abandoning module MovieSceneTools (328)
[2018.04.30-23.22.01:689][625]LogModuleManager: Shutting down and abandoning module OutputLog (326)
[2018.04.30-23.22.01:690][625]LogModuleManager: Shutting down and abandoning module GammaUI (324)
[2018.04.30-23.22.01:696][625]LogModuleManager: Shutting down and abandoning module Documentation (322)
[2018.04.30-23.22.01:696][625]LogModuleManager: Shutting down and abandoning module MovieSceneTracks (320)
[2018.04.30-23.22.01:703][625]LogModuleManager: Shutting down and abandoning module MovieScene (318)
[2018.04.30-23.22.01:703][625]LogModuleManager: Shutting down and abandoning module GeometryCache (316)
[2018.04.30-23.22.01:703][625]LogModuleManager: Shutting down and abandoning module GeometryCacheEd (315)
[2018.04.30-23.22.01:703][625]LogModuleManager: Shutting down and abandoning module Niagara (312)
[2018.04.30-23.22.01:703][625]LogModuleManager: Shutting down and abandoning module NiagaraEditor (311)
[2018.04.30-23.22.01:715][625]LogModuleManager: Shutting down and abandoning module StreamingPauseRendering (308)
[2018.04.30-23.22.01:716][625]LogModuleManager: Shutting down and abandoning module LauncherPlatform (306)
[2018.04.30-23.22.01:716][625]LogModuleManager: Shutting down and abandoning module AnalyticsET (304)
[2018.04.30-23.22.01:716][625]LogModuleManager: Shutting down and abandoning module PortalServices (302)
[2018.04.30-23.22.01:716][625]LogModuleManager: Shutting down and abandoning module PortalRpc (300)
[2018.04.30-23.22.01:716][625]LogModuleManager: Shutting down and abandoning module MessagingRpc (298)
[2018.04.30-23.22.01:716][625]LogModuleManager: Shutting down and abandoning module AIModule (296)
[2018.04.30-23.22.01:716][625]LogModuleManager: Shutting down and abandoning module GameplayDebugger (295)
[2018.04.30-23.22.01:716][625]LogModuleManager: Shutting down and abandoning module AITestSuite (293)
[2018.04.30-23.22.01:716][625]LogModuleManager: Shutting down and abandoning module ProfilerService (290)
[2018.04.30-23.22.01:803][625]LogModuleManager: Shutting down and abandoning module TaskGraph (288)
[2018.04.30-23.22.01:806][625]LogModuleManager: Shutting down and abandoning module SlateRemote (286)
[2018.04.30-23.22.01:807][625]LogModuleManager: Shutting down and abandoning module ProceduralMeshComponentEditor (284)
[2018.04.30-23.22.01:807][625]LogModuleManager: Shutting down and abandoning module ProceduralMeshComponent (282)
[2018.04.30-23.22.01:807][625]LogModuleManager: Shutting down and abandoning module MobilePatchingUtils (280)
[2018.04.30-23.22.01:807][625]LogModuleManager: Shutting down and abandoning module CableComponent (278)
[2018.04.30-23.22.01:807][625]LogModuleManager: Shutting down and abandoning module ArchVisCharacter (276)
[2018.04.30-23.22.01:807][625]LogModuleManager: Shutting down and abandoning module AndroidPermission (274)
[2018.04.30-23.22.01:807][625]LogModuleManager: Shutting down and abandoning module MediaPlayerEditor (270)
[2018.04.30-23.22.01:823][625]LogModuleManager: Shutting down and abandoning module SpeedTreeImporter (268)
[2018.04.30-23.22.01:823][625]LogModuleManager: Shutting down and abandoning module PluginBrowser (266)
[2018.04.30-23.22.01:833][625]LogModuleManager: Shutting down and abandoning module MainFrame (265)
[2018.04.30-23.22.01:834][625]LogModuleManager: Shutting down and abandoning module MobileLauncherProfileWizard (262)
[2018.04.30-23.22.01:842][625]LogModuleManager: Shutting down and abandoning module VisualStudioSourceCodeAccess (260)
[2018.04.30-23.22.01:842][625]LogModuleManager: Shutting down and abandoning module DesktopPlatform (259)
[2018.04.30-23.22.01:843][625]LogModuleManager: Shutting down and abandoning module HotReload (257)
[2018.04.30-23.22.01:843][625]LogModuleManager: Shutting down and abandoning module UObjectPlugin (254)
[2018.04.30-23.22.01:843][625]LogModuleManager: Shutting down and abandoning module SubversionSourceControl (252)
[2018.04.30-23.22.01:843][625]LogModuleManager: Shutting down and abandoning module PerforceSourceControl (250)
[2018.04.30-23.22.01:844][625]LogModuleManager: Shutting down and abandoning module GitSourceControl (248)
[2018.04.30-23.22.01:844][625]LogModuleManager: Shutting down and abandoning module SourceControl (247)
[2018.04.30-23.22.01:852][625]LogModuleManager: Shutting down and abandoning module LightPropagationVolumeEditor (244)
[2018.04.30-23.22.01:852][625]LogModuleManager: Shutting down and abandoning module RuntimePhysXCooking (242)
[2018.04.30-23.22.01:852][625]LogModuleManager: Shutting down and abandoning module LocationServicesBPLibrary (240)
[2018.04.30-23.22.01:852][625]LogModuleManager: Shutting down and abandoning module ImmediatePhysicsEditor (238)
[2018.04.30-23.22.01:852][625]LogModuleManager: Shutting down and abandoning module ImmediatePhysics (236)
[2018.04.30-23.22.01:852][625]LogModuleManager: Shutting down and abandoning module UdpMessaging (234)
[2018.04.30-23.22.01:954][625]LogModuleManager: Shutting down and abandoning module TcpMessaging (232)
[2018.04.30-23.22.02:054][625]LogModuleManager: Shutting down and abandoning module GameplayTagsEditor (230)
[2018.04.30-23.22.02:066][625]LogModuleManager: Shutting down and abandoning module AssetManagerEditor (228)
[2018.04.30-23.22.02:066][625]LogModuleManager: Shutting down and abandoning module GraphEditor (227)
[2018.04.30-23.22.02:067][625]LogModuleManager: Shutting down and abandoning module ContentBrowser (225)
[2018.04.30-23.22.02:068][625]LogModuleManager: Shutting down and abandoning module LightPropagationVolumeRuntime (222)
[2018.04.30-23.22.02:068][625]LogModuleManager: Shutting down and abandoning module WmfMedia (220)
[2018.04.30-23.22.02:072][625]LogModuleManager: Shutting down and abandoning module PacketHandler (218)
[2018.04.30-23.22.02:072][625]LogModuleManager: Shutting down and abandoning module ClothingSystemEditor (216)
[2018.04.30-23.22.02:072][625]LogModuleManager: Shutting down and abandoning module ClothingSystemRuntime (214)
[2018.04.30-23.22.02:076][625]LogModuleManager: Shutting down and abandoning module Overlay (212)
[2018.04.30-23.22.02:076][625]LogModuleManager: Shutting down and abandoning module OverlayEditor (211)
[2018.04.30-23.22.02:076][625]LogModuleManager: Shutting down and abandoning module MediaAssets (208)
[2018.04.30-23.22.02:076][625]LogModuleManager: Shutting down and abandoning module VREditor (206)
[2018.04.30-23.22.02:088][625]LogModuleManager: Shutting down and abandoning module StringTableEditor (204)
[2018.04.30-23.22.02:088][625]LogModuleManager: Shutting down and abandoning module GameplayTasksEditor (202)
[2018.04.30-23.22.02:088][625]LogModuleManager: Shutting down and abandoning module BehaviorTreeEditor (200)
[2018.04.30-23.22.02:107][625]LogModuleManager: Shutting down and abandoning module FunctionalTesting (198)
[2018.04.30-23.22.02:107][625]LogModuleManager: Shutting down and abandoning module CollisionAnalyzer (196)
[2018.04.30-23.22.02:107][625]LogModuleManager: Shutting down and abandoning module WorkspaceMenuStructure (195)
[2018.04.30-23.22.02:108][625]LogModuleManager: Shutting down and abandoning module UMG (192)
[2018.04.30-23.22.02:108][625]LogModuleManager: Shutting down and abandoning module UMGEditor (191)
[2018.04.30-23.22.02:108][625]LogModuleManager: Shutting down and abandoning module Sequencer (190)
[2018.04.30-23.22.02:108][625]LogModuleManager: Shutting down and abandoning module MessageLog (187)
[2018.04.30-23.22.02:108][625]LogModuleManager: Shutting down and abandoning module SlateReflector (182)
[2018.04.30-23.22.02:120][625]LogModuleManager: Shutting down and abandoning module Slate (180)
[2018.04.30-23.22.02:120][625]LogModuleManager: Shutting down and abandoning module EditorStyle (178)
[2018.04.30-23.22.02:124][625]LogModuleManager: Shutting down and abandoning module MRMesh (176)
[2018.04.30-23.22.02:124][625]LogModuleManager: Shutting down and abandoning module SourceCodeAccess (174)
[2018.04.30-23.22.02:124][625]LogModuleManager: Shutting down and abandoning module HeadMountedDisplay (172)
[2018.04.30-23.22.02:124][625]LogModuleManager: Shutting down and abandoning module XAudio2 (170)
[2018.04.30-23.22.02:124][625]LogModuleManager: Shutting down and abandoning module Networking (168)
[2018.04.30-23.22.02:124][625]LogModuleManager: Shutting down and abandoning module Core (164)
[2018.04.30-23.22.02:124][625]LogModuleManager: Shutting down and abandoning module KismetCompiler (160)
[2018.04.30-23.22.02:124][625]LogModuleManager: Shutting down and abandoning module LevelSequence (158)
[2018.04.30-23.22.02:124][625]LogModuleManager: Shutting down and abandoning module MeshUtilities (156)
[2018.04.30-23.22.02:129][625]LogModuleManager: Shutting down and abandoning module MeshMergeUtilities (155)
[2018.04.30-23.22.02:139][625]LogModuleManager: Shutting down and abandoning module MeshReductionInterface (154)
[2018.04.30-23.22.02:139][625]LogModuleManager: Shutting down and abandoning module SimplygonSwarm (153)
[2018.04.30-23.22.02:143][625]LogModuleManager: Shutting down and abandoning module SimplygonMeshReduction (151)
[2018.04.30-23.22.02:144][625]LogModuleManager: Shutting down and abandoning module QuadricMeshReduction (149)
[2018.04.30-23.22.02:144][625]LogModuleManager: Shutting down and abandoning module MaterialBaking (145)
[2018.04.30-23.22.02:144][625]LogModuleManager: Shutting down and abandoning module DirectoryWatcher (142)
[2018.04.30-23.22.02:145][625]LogModuleManager: Shutting down and abandoning module DerivedDataCache (140)
[2018.04.30-23.22.02:162][625]LogDerivedDataCache: Shutdown
[2018.04.30-23.22.02:163][625]LogModuleManager: Shutting down and abandoning module TargetPlatform (138)
[2018.04.30-23.22.02:163][625]LogModuleManager: Shutting down and abandoning module VulkanShaderFormat (137)
[2018.04.30-23.22.02:163][625]LogModuleManager: Shutting down and abandoning module ShaderFormatVectorVM (135)
[2018.04.30-23.22.02:167][625]LogModuleManager: Shutting down and abandoning module ShaderFormatOpenGL (133)
[2018.04.30-23.22.02:173][625]LogModuleManager: Shutting down and abandoning module ShaderFormatD3D (131)
[2018.04.30-23.22.02:173][625]LogModuleManager: Shutting down and abandoning module MetalShaderFormat (129)
[2018.04.30-23.22.02:180][625]LogModuleManager: Shutting down and abandoning module TextureFormatUncompressed (127)
[2018.04.30-23.22.02:180][625]LogModuleManager: Shutting down and abandoning module TextureFormatPVR (125)
[2018.04.30-23.22.02:180][625]LogModuleManager: Shutting down and abandoning module TextureFormatDXT (123)
[2018.04.30-23.22.02:180][625]LogModuleManager: Shutting down and abandoning module TextureFormatIntelISPCTexComp (121)
[2018.04.30-23.22.02:187][625]LogModuleManager: Shutting down and abandoning module TextureFormatASTC (119)
[2018.04.30-23.22.02:188][625]LogModuleManager: Shutting down and abandoning module ImageWrapper (118)
[2018.04.30-23.22.02:188][625]LogModuleManager: Shutting down and abandoning module TextureFormatAndroid (115)
[2018.04.30-23.22.02:188][625]LogModuleManager: Shutting down and abandoning module AudioFormatOpus (113)
[2018.04.30-23.22.02:188][625]LogModuleManager: Shutting down and abandoning module AudioFormatOgg (111)
[2018.04.30-23.22.02:188][625]LogModuleManager: Shutting down and abandoning module AudioFormatADPCM (109)
[2018.04.30-23.22.02:188][625]LogModuleManager: Shutting down and abandoning module LinuxTargetPlatform (107)
[2018.04.30-23.22.02:188][625]LogModuleManager: Shutting down and abandoning module LinuxServerTargetPlatform (105)
[2018.04.30-23.22.02:188][625]LogModuleManager: Shutting down and abandoning module LinuxNoEditorTargetPlatform (103)
[2018.04.30-23.22.02:188][625]LogModuleManager: Shutting down and abandoning module LinuxClientTargetPlatform (101)
[2018.04.30-23.22.02:188][625]LogModuleManager: Shutting down and abandoning module TVOSTargetPlatform (99)
[2018.04.30-23.22.02:188][625]LogModuleManager: Shutting down and abandoning module Messaging (97)
[2018.04.30-23.22.02:188][625]LogModuleManager: Shutting down and abandoning module IOSTargetPlatform (95)
[2018.04.30-23.22.02:188][625]LogModuleManager: Shutting down and abandoning module HTML5TargetPlatform (93)
[2018.04.30-23.22.02:188][625]LogModuleManager: Shutting down and abandoning module Android_PVRTCTargetPlatform (91)
[2018.04.30-23.22.02:188][625]LogModuleManager: Shutting down and abandoning module Android_MultiTargetPlatform (89)
[2018.04.30-23.22.02:188][625]LogModuleManager: Shutting down and abandoning module Android_ETC2TargetPlatform (87)
[2018.04.30-23.22.02:188][625]LogModuleManager: Shutting down and abandoning module Android_ETC1TargetPlatform (85)
[2018.04.30-23.22.02:188][625]LogModuleManager: Shutting down and abandoning module Android_DXTTargetPlatform (83)
[2018.04.30-23.22.02:188][625]LogModuleManager: Shutting down and abandoning module Android_ATCTargetPlatform (81)
[2018.04.30-23.22.02:188][625]LogModuleManager: Shutting down and abandoning module Android_ASTCTargetPlatform (79)
[2018.04.30-23.22.02:189][625]LogModuleManager: Shutting down and abandoning module AndroidTargetPlatform (77)
[2018.04.30-23.22.02:189][625]LogModuleManager: Shutting down and abandoning module WindowsTargetPlatform (75)
[2018.04.30-23.22.02:189][625]LogModuleManager: Shutting down and abandoning module WindowsServerTargetPlatform (73)
[2018.04.30-23.22.02:189][625]LogModuleManager: Shutting down and abandoning module WindowsNoEditorTargetPlatform (71)
[2018.04.30-23.22.02:189][625]LogModuleManager: Shutting down and abandoning module WindowsClientTargetPlatform (69)
[2018.04.30-23.22.02:189][625]LogModuleManager: Shutting down and abandoning module MacTargetPlatform (67)
[2018.04.30-23.22.02:189][625]LogModuleManager: Shutting down and abandoning module MacServerTargetPlatform (65)
[2018.04.30-23.22.02:189][625]LogModuleManager: Shutting down and abandoning module MacNoEditorTargetPlatform (63)
[2018.04.30-23.22.02:189][625]LogModuleManager: Shutting down and abandoning module MacClientTargetPlatform (61)
[2018.04.30-23.22.02:189][625]LogModuleManager: Shutting down and abandoning module AllDesktopTargetPlatform (59)
[2018.04.30-23.22.02:189][625]LogModuleManager: Shutting down and abandoning module InputCore (56)
[2018.04.30-23.22.02:189][625]LogModuleManager: Shutting down and abandoning module Settings (54)
[2018.04.30-23.22.02:189][625]LogModuleManager: Shutting down and abandoning module PhysXCooking (52)
[2018.04.30-23.22.02:189][625]LogModuleManager: Shutting down and abandoning module ExampleDeviceProfileSelector (50)
[2018.04.30-23.22.02:189][625]LogModuleManager: Shutting down and abandoning module OnlineBlueprintSupport (48)
[2018.04.30-23.22.02:189][625]LogModuleManager: Shutting down and abandoning module OnlineSubsystem (44)
[2018.04.30-23.22.02:189][625]LogOnline: Display: Unloading online subsystem: NULL
[2018.04.30-23.22.02:211][625]LogModuleManager: Shutting down and abandoning module XMPP (43)
[2018.04.30-23.22.02:222][625]LogModuleManager: Shutting down and abandoning module HTTP (41)
[2018.04.30-23.22.02:222][625]LogHttp: Display: Http module shutting down, but needs to wait on 1 outstanding Http requests:
[2018.04.30-23.22.02:222][625]LogHttp: Display: 	verb=[POST] url=[https://datarouter.ol.epicgames.com/datarouter/api/v1/public/data?SessionID=%7B7E0E67D5-49AB-DE7B-4E00-14BEA7F540C9%7D&AppID=UEEditor.Rocket.Release&AppVersion=4.17.2-3658906%2B%2B%2BUE4%2BRelease-4.17&UserID=330c018a40119ac8aa6082a42e8f404e%7C88057b4134714c0f98d798880975d3e9%7C63e0c156-2a72-4222-bd44-364fd265f9e2&AppEnvironment=datacollector-binary&UploadType=eteventstream] status=Processing
[2018.04.30-23.22.02:243][625]LogModuleManager: Shutting down and abandoning module SSL (40)
[2018.04.30-23.22.02:246][625]LogModuleManager: Shutting down and abandoning module AnimationModifiers (36)
[2018.04.30-23.22.02:246][625]LogModuleManager: Shutting down and abandoning module PropertyEditor (35)
[2018.04.30-23.22.02:246][625]LogModuleManager: Shutting down and abandoning module AudioEditor (32)
[2018.04.30-23.22.02:253][625]LogModuleManager: Shutting down and abandoning module TextureCompressor (30)
[2018.04.30-23.22.02:254][625]LogModuleManager: Shutting down and abandoning module ShaderCore (28)
[2018.04.30-23.22.02:254][625]LogModuleManager: Shutting down and abandoning module Landscape (26)
[2018.04.30-23.22.02:254][625]LogModuleManager: Shutting down and abandoning module SlateRHIRenderer (24)
[2018.04.30-23.22.02:265][625]LogModuleManager: Shutting down and abandoning module OpenGLDrv (22)
[2018.04.30-23.22.02:267][625]LogModuleManager: Shutting down and abandoning module D3D11RHI (20)
[2018.04.30-23.22.02:267][625]LogModuleManager: Shutting down and abandoning module AnimGraphRuntime (18)
[2018.04.30-23.22.02:267][625]LogModuleManager: Shutting down and abandoning module Renderer (16)
[2018.04.30-23.22.02:267][625]LogModuleManager: Shutting down and abandoning module Engine (14)
[2018.04.30-23.22.02:267][625]LogModuleManager: Shutting down and abandoning module CoreUObject (12)
[2018.04.30-23.22.02:268][625]LogModuleManager: Shutting down and abandoning module NetworkFile (10)
[2018.04.30-23.22.02:268][625]LogModuleManager: Shutting down and abandoning module CookedIterativeFile (8)
[2018.04.30-23.22.02:268][625]LogModuleManager: Shutting down and abandoning module StreamingFile (6)
[2018.04.30-23.22.02:268][625]LogModuleManager: Shutting down and abandoning module SandboxFile (4)
[2018.04.30-23.22.02:268][625]LogModuleManager: Shutting down and abandoning module PakFile (2)
[2018.04.30-23.22.02:276][625]LogExit: Exiting.
[2018.04.30-23.22.02:319][625]Log file closed, 04/30/18 19:22:02
