Log file open, 01/26/18 20:06:02
LogWindows: Failed to load 'aqProf.dll' (GetLastError=126)
LogWindows: File 'aqProf.dll' does not exist
LogWindows: Failed to load 'VSPerf140.dll' (GetLastError=126)
LogWindows: File 'VSPerf140.dll' does not exist
LogWindows: Failed to load 'VtuneApi.dll' (GetLastError=126)
LogWindows: File 'VtuneApi.dll' does not exist
LogWindows: Failed to load 'VtuneApi32e.dll' (GetLastError=126)
LogWindows: File 'VtuneApi32e.dll' does not exist
LogInit: Display: Running engine for game: RISE_GAME
LogPlatformFile: Not using cached read wrapper
LogInit: Display: RandInit(-1487143646) SRandInit(-1487143645).
LogTaskGraph: Started task graph with 5 named threads and 14 total threads with 3 sets of task threads.
LogStats: Stats thread started at 0.364489
LogD3D11RHI: Aftermath initialized
LogPluginManager: Mounting plugin Paper2D
LogPluginManager: Mounting plugin LightPropagationVolume
LogPluginManager: Mounting plugin CodeLiteSourceCodeAccess
LogPluginManager: Mounting plugin GitSourceControl
LogPluginManager: Mounting plugin KDevelopSourceCodeAccess
LogPluginManager: Mounting plugin NullSourceCodeAccess
LogPluginManager: Mounting plugin PerforceSourceControl
LogPluginManager: Mounting plugin SubversionSourceControl
LogPluginManager: Mounting plugin UObjectPlugin
LogPluginManager: Mounting plugin VisualStudioSourceCodeAccess
LogPluginManager: Mounting plugin XCodeSourceCodeAccess
LogPluginManager: Mounting plugin AssetManagerEditor
LogPluginManager: Mounting plugin AudioCapture
LogPluginManager: Mounting plugin FacialAnimation
LogPluginManager: Mounting plugin GameplayTagsEditor
LogPluginManager: Mounting plugin MobileLauncherProfileWizard
LogPluginManager: Mounting plugin PluginBrowser
LogPluginManager: Mounting plugin SpeedTreeImporter
LogPluginManager: Mounting plugin AlembicImporter
LogPluginManager: Mounting plugin CharacterAI
LogPluginManager: Mounting plugin HTML5Networking
LogPluginManager: Mounting plugin AndroidMedia
LogPluginManager: Mounting plugin AvfMedia
LogPluginManager: Mounting plugin MediaPlayerEditor
LogPluginManager: Mounting plugin WmfMedia
LogPluginManager: Mounting plugin TcpMessaging
LogPluginManager: Mounting plugin UdpMessaging
LogPluginManager: Mounting plugin LevelSequenceEditor
LogPluginManager: Mounting plugin MatineeToLevelSequence
LogPluginManager: Mounting plugin OnlineSubsystemGooglePlay
LogPluginManager: Mounting plugin OnlineSubsystemIOS
LogPluginManager: Mounting plugin OnlineSubsystem
LogPluginManager: Mounting plugin OnlineSubsystemNull
LogPluginManager: Mounting plugin OnlineSubsystemUtils
LogPluginManager: Mounting plugin AndroidDeviceProfileSelector
LogPluginManager: Mounting plugin AndroidMoviePlayer
LogPluginManager: Mounting plugin AndroidPermission
LogPluginManager: Mounting plugin AppleMoviePlayer
LogPluginManager: Mounting plugin ArchVisCharacter
LogPluginManager: Mounting plugin CableComponent
LogPluginManager: Mounting plugin CustomMeshComponent
LogPluginManager: Mounting plugin ExampleDeviceProfileSelector
LogPluginManager: Mounting plugin GoogleCloudMessaging
LogPluginManager: Mounting plugin ImmediatePhysics
LogPluginManager: Mounting plugin IOSDeviceProfileSelector
LogPluginManager: Mounting plugin LinuxDeviceProfileSelector
LogPluginManager: Mounting plugin LocationServicesBPLibrary
LogPluginManager: Mounting plugin MobilePatchingUtils
LogPluginManager: Mounting plugin OculusVR
LogPluginManager: Mounting plugin PhysXVehicles
LogPluginManager: Mounting plugin ProceduralMeshComponent
LogPluginManager: Mounting plugin RuntimePhysXCooking
LogPluginManager: Mounting plugin SteamVR
LogPluginManager: Mounting plugin WindowsMoviePlayer
LogInit: Using libcurl 7.47.1
LogInit:  - built for x86_64-pc-win32
LogInit:  - supports SSL with OpenSSL/1.0.2g
LogInit:  - supports HTTP deflate (compression) using libz 1.2.8
LogInit:  - other features:
LogInit:      CURL_VERSION_SSL
LogInit:      CURL_VERSION_LIBZ
LogInit:      CURL_VERSION_IPV6
LogInit:      CURL_VERSION_ASYNCHDNS
LogInit:      CURL_VERSION_LARGEFILE
LogInit:      CURL_VERSION_IDN
LogInit:  CurlRequestOptions (configurable via config and command line):
LogInit:  - bVerifyPeer = false  - Libcurl will NOT verify peer certificate
LogInit:  - bUseHttpProxy = false  - Libcurl will NOT use HTTP proxy
LogInit:  - bDontReuseConnections = false  - Libcurl will reuse connections
LogInit:  - CertBundlePath = nullptr  - Libcurl will use whatever was configured at build time.
LogInit: Build: ++UE4+Release-4.17-CL-3658906
LogInit: Engine Version: 4.17.2-3658906+++UE4+Release-4.17
LogInit: Compatible Engine Version: 4.17.0-3573198+++UE4+Release-4.17
LogInit: Net CL: 3573198
LogDevObjectVersion: Number of dev versions registered: 16
LogDevObjectVersion:   Dev-Blueprints (B0D832E4-1F89-4F0D-ACCF-7EB736FD4AA2): 10
LogDevObjectVersion:   Dev-Build (E1C64328-A22C-4D53-A36C-8E866417BD8C): 0
LogDevObjectVersion:   Dev-Core (375EC13C-06E4-48FB-B500-84F0262A717E): 2
LogDevObjectVersion:   Dev-Editor (E4B068ED-F494-42E9-A231-DA0B2E46BB41): 20
LogDevObjectVersion:   Dev-Framework (CFFC743F-43B0-4480-9391-14DF171D2073): 28
LogDevObjectVersion:   Dev-Mobile (B02B49B5-BB20-44E9-A304-32B752E40360): 0
LogDevObjectVersion:   Dev-Networking (A4E4105C-59A1-49B5-A7C5-40C4547EDFEE): 0
LogDevObjectVersion:   Dev-Online (39C831C9-5AE6-47DC-9A44-9C173E1C8E7C): 0
LogDevObjectVersion:   Dev-Physics (78F01B33-EBEA-4F98-B9B4-84EACCB95AA2): 0
LogDevObjectVersion:   Dev-Platform (6631380F-2D4D-43E0-8009-CF276956A95A): 0
LogDevObjectVersion:   Dev-Rendering (12F88B9F-8875-4AFC-A67C-D90C383ABD29): 19
LogDevObjectVersion:   Dev-Sequencer (7B5AE74C-D270-4C10-A958-57980B212A5A): 4
LogDevObjectVersion:   Dev-VR (D7296918-1DD6-4BDD-9DE2-64A83CC13884): 0
LogDevObjectVersion:   Dev-LoadTimes (C2A15278-BFE7-4AFE-6C17-90FF531DF755): 1
LogDevObjectVersion:   Private-Geometry (6EACA3D4-40EC-4CC1-B786-8BED09428FC5): 1
LogDevObjectVersion:   Dev-AnimPhys (29E575DD-E0A3-4627-9D10-D276232CDCEA): 7
LogInit: Compiled (64-bit): Sep 22 2017 13:47:16
LogInit: Compiled with Visual C++: 19.00.24215.01
LogInit: Build Configuration: Development
LogInit: Branch Name: ++UE4+Release-4.17
LogInit: Command line:  
LogInit: Base directory: C:/Program Files/Epic Games/UE_4.17/Engine/Binaries/Win64/
LogInit: Installed Engine Build: 1
LogInit: Presizing for max 8388607 objects, including 0 objects not considered by GC, pre-allocating 0 bytes for permanent pool.
LogInit: Object subsystem initialized
[2018.01.27-00.06.05:425][  0]LogInit: Selected Device Profile: [Windows]
[2018.01.27-00.06.05:425][  0]LogInit: Applying CVar settings loaded from the selected device profile: [Windows]
[2018.01.27-00.06.05:636][  0]LogInit: Computer: LAPTOP-FV6L4TLG
[2018.01.27-00.06.05:636][  0]LogInit: User: kreye
[2018.01.27-00.06.05:636][  0]LogInit: CPU Page size=4096, Cores=4
[2018.01.27-00.06.05:636][  0]LogInit: High frequency timer resolution =2.339359 MHz
[2018.01.27-00.06.05:637][  0]LogMemory: Memory total: Physical=11.5GB (12GB approx)
[2018.01.27-00.06.05:637][  0]LogMemory: Platform Memory Stats for Windows
[2018.01.27-00.06.05:637][  0]LogMemory: Process Physical Memory: 277.92 MB used, 277.92 MB peak
[2018.01.27-00.06.05:637][  0]LogMemory: Process Virtual Memory: 273.97 MB used, 273.97 MB peak
[2018.01.27-00.06.05:637][  0]LogMemory: Physical Memory: 3434.70 MB used,  8308.42 MB free, 11743.12 MB total
[2018.01.27-00.06.05:637][  0]LogMemory: Virtual Memory: 667.89 MB used,  8308.42 MB free, 134217728.00 MB total
[2018.01.27-00.06.07:258][  0]LogInit: Using OS detected language (en-US).
[2018.01.27-00.06.07:258][  0]LogInit: Using OS detected locale (en-US).
[2018.01.27-00.06.07:786][  0]LogTextLocalizationManager: No specific localization for 'en-US' exists, so the 'en' localization will be used.
[2018.01.27-00.06.20:644][  0]LogD3D11RHI: D3D11 adapters:
[2018.01.27-00.06.20:692][  0]LogD3D11RHI:    0. 'AMD Radeon(TM) R5 Graphics' (Feature Level 11_0)
[2018.01.27-00.06.20:692][  0]LogD3D11RHI:       499/0/5871 MB DedicatedVideo/DedicatedSystem/SharedSystem, Outputs:1, VendorId:0x1002
[2018.01.27-00.06.20:697][  0]LogD3D11RHI:    1. 'Microsoft Basic Render Driver' (Feature Level 11_0)
[2018.01.27-00.06.20:697][  0]LogD3D11RHI:       0/0/5871 MB DedicatedVideo/DedicatedSystem/SharedSystem, Outputs:0, VendorId:0x1414
[2018.01.27-00.06.20:697][  0]LogD3D11RHI: Chosen D3D11 Adapter: 0
[2018.01.27-00.06.20:731][  0]LogD3D11RHI: Creating new Direct3DDevice
[2018.01.27-00.06.20:732][  0]LogD3D11RHI:     GPU DeviceId: 0x9874 (for the marketing name, search the web for "GPU Device Id")
[2018.01.27-00.06.20:732][  0]LogWindows: EnumDisplayDevices:
[2018.01.27-00.06.20:732][  0]LogWindows:    0. 'AMD Radeon(TM) R5 Graphics' (P:1 D:1)
[2018.01.27-00.06.20:733][  0]LogWindows:    1. 'AMD Radeon(TM) R5 Graphics' (P:0 D:0)
[2018.01.27-00.06.20:734][  0]LogWindows:    2. 'AMD Radeon(TM) R5 Graphics' (P:0 D:0)
[2018.01.27-00.06.20:735][  0]LogWindows: DebugString: FoundDriverCount:3 
[2018.01.27-00.06.20:735][  0]LogD3D11RHI:     Adapter Name: AMD Radeon(TM) R5 Graphics
[2018.01.27-00.06.20:735][  0]LogD3D11RHI:   Driver Version: Crimson 16.6 (internal:16.300.2701.0, unified:16.300.2701.0)
[2018.01.27-00.06.20:735][  0]LogD3D11RHI:      Driver Date: 8-9-2016
[2018.01.27-00.06.20:735][  0]LogRHI: Texture pool is 349 MB (70% of 499 MB)
[2018.01.27-00.06.20:817][  0]LogD3D11RHI: Async texture creation enabled
[2018.01.27-00.06.20:983][  0]LogD3D11RHI: GPU Timing Frequency: 100.000000 (Debug: 2 1)
[2018.01.27-00.06.21:008][  0]LogShaderCompilers: Guid format shader working directory is 15 characters bigger than the processId version (G:/GitHub/RISE-Mobile/RISE_GAME/Intermediate/Shaders/WorkingDirectory/2244/).
[2018.01.27-00.06.21:008][  0]LogShaderCompilers: Cleaned the shader compiler working directory 'C:/Users/kreye/AppData/Local/Temp/UnrealShaderWorkingDir/2489D6F44A87DAB9CF71CAB2B0C35823/'.
[2018.01.27-00.06.21:009][  0]LogShaderCompilers: Display: Using Local Shader Compiler.
[2018.01.27-00.06.32:635][  0]LogTemp: Display: Loaded TP AllDesktopTargetPlatform
[2018.01.27-00.06.32:796][  0]LogTemp: Display: Loaded TP MacClientTargetPlatform
[2018.01.27-00.06.32:937][  0]LogTemp: Display: Loaded TP MacNoEditorTargetPlatform
[2018.01.27-00.06.33:087][  0]LogTemp: Display: Loaded TP MacServerTargetPlatform
[2018.01.27-00.06.33:297][  0]LogTemp: Display: Loaded TP MacTargetPlatform
[2018.01.27-00.06.33:496][  0]LogTemp: Display: Loaded TP WindowsClientTargetPlatform
[2018.01.27-00.06.33:696][  0]LogTemp: Display: Loaded TP WindowsNoEditorTargetPlatform
[2018.01.27-00.06.33:881][  0]LogTemp: Display: Loaded TP WindowsServerTargetPlatform
[2018.01.27-00.06.34:021][  0]LogTemp: Display: Loaded TP WindowsTargetPlatform
[2018.01.27-00.06.34:273][  0]LogTemp: Display: Loaded TP AndroidTargetPlatform
[2018.01.27-00.06.34:471][  0]LogTemp: Display: Loaded TP Android_ASTCTargetPlatform
[2018.01.27-00.06.34:610][  0]LogTemp: Display: Loaded TP Android_ATCTargetPlatform
[2018.01.27-00.06.34:772][  0]LogTemp: Display: Loaded TP Android_DXTTargetPlatform
[2018.01.27-00.06.34:922][  0]LogTemp: Display: Loaded TP Android_ETC1TargetPlatform
[2018.01.27-00.06.35:069][  0]LogTemp: Display: Loaded TP Android_ETC2TargetPlatform
[2018.01.27-00.06.35:357][  0]LogTemp: Display: Loaded TP Android_MultiTargetPlatform
[2018.01.27-00.06.35:357][  0]LogTemp: Display: Loaded TP Android_PVRTCTargetPlatform
[2018.01.27-00.06.35:495][  0]LogTemp: Display: Loaded TP HTML5TargetPlatform
[2018.01.27-00.06.35:887][  0]LogTemp: Display: Loaded TP IOSTargetPlatform
[2018.01.27-00.06.35:989][  0]LogTemp: Display: Loaded TP TVOSTargetPlatform
[2018.01.27-00.06.36:144][  0]LogTemp: Display: Loaded TP LinuxClientTargetPlatform
[2018.01.27-00.06.36:288][  0]LogTemp: Display: Loaded TP LinuxNoEditorTargetPlatform
[2018.01.27-00.06.36:427][  0]LogTemp: Display: Loaded TP LinuxServerTargetPlatform
[2018.01.27-00.06.36:604][  0]LogTemp: Display: Loaded TP LinuxTargetPlatform
[2018.01.27-00.06.36:604][  0]LogTargetPlatformManager: Display: Building Assets For Windows
[2018.01.27-00.06.38:991][  0]LogDerivedDataCache: Display: Max Cache Size: 512 MB
[2018.01.27-00.06.40:115][  0]LogDerivedDataCache: Loaded boot cache 1.11s 93MB C:/Users/kreye/AppData/Local/UnrealEngine/4.17/DerivedDataCache/Boot.ddc.
[2018.01.27-00.06.40:115][  0]LogDerivedDataCache: Display: Loaded Boot cache: C:/Users/kreye/AppData/Local/UnrealEngine/4.17/DerivedDataCache/Boot.ddc
[2018.01.27-00.06.40:116][  0]LogDerivedDataCache: FDerivedDataBackendGraph:  Pak pak cache file G:/GitHub/RISE-Mobile/RISE_GAME/DerivedDataCache/DDC.ddp not found, will not use a pak cache.
[2018.01.27-00.06.40:116][  0]LogDerivedDataCache: Unable to find inner node Pak for hierarchical cache Hierarchy.
[2018.01.27-00.06.40:116][  0]LogDerivedDataCache: FDerivedDataBackendGraph:  CompressedPak pak cache file G:/GitHub/RISE-Mobile/RISE_GAME/DerivedDataCache/Compressed.ddp not found, will not use a pak cache.
[2018.01.27-00.06.40:116][  0]LogDerivedDataCache: Unable to find inner node CompressedPak for hierarchical cache Hierarchy.
[2018.01.27-00.06.40:249][  0]LogDerivedDataCache: Display: Pak cache opened for reading ../../../Engine/DerivedDataCache/Compressed.ddp.
[2018.01.27-00.06.40:273][  0]LogDerivedDataCache: Using Local data cache path C:/Users/kreye/AppData/Local/UnrealEngine/Common/DerivedDataCache: Writable
[2018.01.27-00.06.40:299][  0]LogMaterial: Verifying Global Shaders for PCD3D_SM5
[2018.01.27-00.06.40:319][  0]LogSlate: Using Freetype 2.6.0
[2018.01.27-00.06.40:428][  0]LogSlate: SlateFontCache - WITH_FREETYPE: 1, WITH_HARFBUZZ: 1
[2018.01.27-00.06.40:428][  0]LogSlate: SlateFontCache - WITH_FREETYPE: 1, WITH_HARFBUZZ: 1
[2018.01.27-00.06.49:461][  0]LogAssetRegistry: FAssetRegistry took 0.0461 seconds to start up
[2018.01.27-00.06.50:619][  0]LogInit: Selected Device Profile: [Windows]
[2018.01.27-00.06.52:410][  0]LogContentStreaming: Texture pool size is 0.00 MB
[2018.01.27-00.06.53:844][  0]LogSimplygon: Simplygon DLL not present - disabling.
[2018.01.27-00.06.54:031][  0]LogMeshReduction: Using SimplygonSwarm for distributed automatic mesh merging
[2018.01.27-00.06.54:049][  0]LogMeshReduction: Using QuadricMeshReduction for automatic static mesh reduction
[2018.01.27-00.06.54:050][  0]LogMeshReduction: No automatic skeletal mesh reduction module available
[2018.01.27-00.06.54:050][  0]LogMeshReduction: No automatic mesh merging module available
[2018.01.27-00.06.54:050][  0]LogMeshMerging: No automatic mesh merging module available
[2018.01.27-00.06.56:617][  0]LogNetVersion: RISE_GAME , NetCL: 3573198, EngineNetVer: 2, GameNetVer: 0 (Checksum: 1739909859)
[2018.01.27-00.06.58:705][  0]LogPackageLocalizationCache: Processed 5 localized package path(s) for 2 prioritized culture(s) in 0.419504 seconds
[2018.01.27-00.06.58:725][  0]LogUObjectArray: 35825 objects as part of root set at end of initial load.
[2018.01.27-00.06.58:725][  0]LogUObjectAllocator: 7529112 out of 0 bytes used by permanent object pool.
[2018.01.27-00.06.58:725][  0]LogUObjectArray: CloseDisregardForGC: 0/0 objects in disregard for GC pool
[2018.01.27-00.06.59:021][  0]LogInit: WinSock: version 1.1 (2.2), MaxSocks=32767, MaxUdp=65467
[2018.01.27-00.07.38:322][  0]LogTcpMessaging: Initializing TcpMessaging bridge
[2018.01.27-00.07.38:442][  0]LogUdpMessaging: Initializing bridge on interface 0.0.0.0:0 to multicast group 230.0.0.1:6666.
[2018.01.27-00.07.41:377][  0]LogMaterial: Uniform references updated for custom material expression Custom.
[2018.01.27-00.07.43:198][  0]SourceControl: Source control is disabled
[2018.01.27-00.07.43:199][  0]SourceControl: Source control is disabled
[2018.01.27-00.07.43:418][  0]SourceControl: Source control is disabled
[2018.01.27-00.07.43:616][  0]SourceControl: Source control is disabled
[2018.01.27-00.07.46:303][  0]LogAndroidPermission: UAndroidPermissionCallbackProxy::GetInstance
[2018.01.27-00.07.47:100][  0]LogOcInput: OculusInput pre-init called
[2018.01.27-00.07.48:295][  0]LogEngine: Initializing Engine...
[2018.01.27-00.07.48:323][  0]LogHMD: Failed to initialize OpenVR with code 110
[2018.01.27-00.07.49:607][  0]LogStats: UGameplayTagsManager::ConstructGameplayTagTree: Construct from data asset -  0.000 s
[2018.01.27-00.07.49:608][  0]LogStats: UGameplayTagsManager::ConstructGameplayTagTree: GameplayTagTreeChangedEvent.Broadcast -  0.000 s
[2018.01.27-00.07.50:100][  0]LogAIModule: Creating AISystem for world Untitled
[2018.01.27-00.07.50:139][  0]LogInit: XAudio2 using 'Speaker/Headphone (Realtek High Definition Audio)' : 2 channels at 48 kHz using 32 bits per sample (channel mask 0x3)
[2018.01.27-00.07.50:439][  0]LogInit: FAudioDevice initialized.
[2018.01.27-00.07.50:744][  0]LogDerivedDataCache: Saved boot cache 0.30s 93MB C:/Users/kreye/AppData/Local/UnrealEngine/4.17/DerivedDataCache/Boot.ddc.
[2018.01.27-00.07.50:835][  0]LogInit: Texture streaming: Enabled
[2018.01.27-00.07.51:642][  0]LogEngineSessionManager: EngineSessionManager initialized
[2018.01.27-00.07.53:721][  0]LogInit: Transaction tracking system initialized
[2018.01.27-00.07.56:650][  0]BlueprintLog: New page: Editor Load
[2018.01.27-00.08.02:094][  0]LocalizationService: Localization service is disabled
[2018.01.27-00.08.06:567][  0]LogConsoleResponse: Display: 
[2018.01.27-00.08.10:596][  0]LogFileCache: Scanning file cache for directory 'G:/GitHub/RISE-Mobile/RISE_GAME/Content/' took 0.03s
[2018.01.27-00.08.10:596][  0]LogCook: Display: Max memory allowance for cook 16384mb min free memory 0mb
[2018.01.27-00.08.10:597][  0]LogCook: Display: Mobile HDR setting 1
[2018.01.27-00.08.10:597][  0]LogGameplayTags: Display: UGameplayTagsManager::DoneAddingNativeTags. DelegateIsBound: 0
[2018.01.27-00.08.20:927][  0]SourceControl: Source control is disabled
[2018.01.27-00.08.20:956][  0]Cmd: MAP LOAD FILE="G:/GitHub/RISE-Mobile/RISE_GAME/Content/SideScrollerBP/Maps/SideScrollerExampleMap.umap" TEMPLATE=0 SHOWPROGRESS=1 FEATURELEVEL=3
[2018.01.27-00.08.21:090][  0]LightingResults: New page: Lighting Build
[2018.01.27-00.08.21:373][  0]MapCheck: New page: Map Check
[2018.01.27-00.08.21:373][  0]LightingResults: New page: Lighting Build
[2018.01.27-00.08.22:724][  0]LogLinker: Warning: Can't find file '/Game/StarterContent/Materials/M_Concrete_Panels'
[2018.01.27-00.08.22:725][  0]LogLinker: Warning: Can't find file for asset '/Game/StarterContent/Materials/M_Concrete_Panels' while loading G:/GitHub/RISE-Mobile/RISE_GAME/Content/RISE/3DModels/Greek_Pillar.uasset.
[2018.01.27-00.08.22:725][  0]LoadErrors: Error: /Game/RISE/3DModels/Greek_Pillar : Can't find file for asset. /Game/StarterContent/Materials/M_Concrete_Panels
[2018.01.27-00.08.22:725][  0]LogLinker: Warning: Can't find file '/Game/StarterContent/Materials/M_Rock_Slate'
[2018.01.27-00.08.22:725][  0]LogLinker: Warning: Can't find file for asset '/Game/StarterContent/Materials/M_Rock_Slate' while loading G:/GitHub/RISE-Mobile/RISE_GAME/Content/RISE/3DModels/Greek_Pillar.uasset.
[2018.01.27-00.08.22:725][  0]LoadErrors: Error: /Game/RISE/3DModels/Greek_Pillar : Can't find file for asset. /Game/StarterContent/Materials/M_Rock_Slate
[2018.01.27-00.08.22:725][  0]LogLinker: Warning: Can't find file '/Game/StarterContent/Materials/M_Concrete_Panels'
[2018.01.27-00.08.22:726][  0]LogLinker: Warning: Can't find file for asset '/Game/StarterContent/Materials/M_Concrete_Panels' while loading G:/GitHub/RISE-Mobile/RISE_GAME/Content/RISE/3DModels/Greek_Pillar.uasset.
[2018.01.27-00.08.22:726][  0]LoadErrors: Error: /Game/RISE/3DModels/Greek_Pillar : Can't find file for asset. /Game/StarterContent/Materials/M_Concrete_Panels
[2018.01.27-00.08.22:726][  0]LogLinker: Warning: Can't find file '/Game/StarterContent/Materials/M_Rock_Slate'
[2018.01.27-00.08.22:726][  0]LogLinker: Warning: Can't find file for asset '/Game/StarterContent/Materials/M_Rock_Slate' while loading G:/GitHub/RISE-Mobile/RISE_GAME/Content/RISE/3DModels/Greek_Pillar.uasset.
[2018.01.27-00.08.22:726][  0]LoadErrors: Error: /Game/RISE/3DModels/Greek_Pillar : Can't find file for asset. /Game/StarterContent/Materials/M_Rock_Slate
[2018.01.27-00.08.26:092][  0]LogLinker: Warning: Can't find file '/Game/StarterContent/Materials/M_Rock_Slate'
[2018.01.27-00.08.26:092][  0]LoadErrors: Failed to load /Game/StarterContent/Materials/M_Rock_Slate.M_Rock_Slate Referenced by Greek_Pillar
[2018.01.27-00.08.26:092][  0]LogLinker: Warning: Can't find file for asset '/Game/StarterContent/Materials/M_Rock_Slate' while loading NULL.
[2018.01.27-00.08.26:092][  0]LoadErrors: Failed to load /Game/StarterContent/Materials/M_Rock_Slate.M_Rock_Slate Referenced by Greek_Pillar
[2018.01.27-00.08.26:093][  0]LogLinker: Warning: Can't find file '/Game/StarterContent/Materials/M_Concrete_Panels'
[2018.01.27-00.08.26:093][  0]LoadErrors: Failed to load /Game/StarterContent/Materials/M_Concrete_Panels.M_Concrete_Panels Referenced by Greek_Pillar
[2018.01.27-00.08.26:093][  0]LogLinker: Warning: Can't find file for asset '/Game/StarterContent/Materials/M_Concrete_Panels' while loading NULL.
[2018.01.27-00.08.26:093][  0]LoadErrors: Failed to load /Game/StarterContent/Materials/M_Concrete_Panels.M_Concrete_Panels Referenced by Greek_Pillar
[2018.01.27-00.08.26:094][  0]LogLinker: Warning: Can't find file '/Game/StarterContent/Materials/M_Rock_Slate'
[2018.01.27-00.08.26:094][  0]LoadErrors: Failed to load /Game/StarterContent/Materials/M_Rock_Slate.M_Rock_Slate Referenced by Greek_Pillar
[2018.01.27-00.08.26:094][  0]LogLinker: Warning: Can't find file for asset '/Game/StarterContent/Materials/M_Rock_Slate' while loading NULL.
[2018.01.27-00.08.26:094][  0]LoadErrors: Failed to load /Game/StarterContent/Materials/M_Rock_Slate.M_Rock_Slate Referenced by Greek_Pillar
[2018.01.27-00.08.26:094][  0]LogLinker: Warning: Can't find file '/Game/StarterContent/Materials/M_Concrete_Panels'
[2018.01.27-00.08.26:094][  0]LoadErrors: Failed to load /Game/StarterContent/Materials/M_Concrete_Panels.M_Concrete_Panels Referenced by Greek_Pillar
[2018.01.27-00.08.26:095][  0]LogLinker: Warning: Can't find file for asset '/Game/StarterContent/Materials/M_Concrete_Panels' while loading NULL.
[2018.01.27-00.08.26:095][  0]LoadErrors: Failed to load /Game/StarterContent/Materials/M_Concrete_Panels.M_Concrete_Panels Referenced by Greek_Pillar
[2018.01.27-00.08.29:303][  0]LogAIModule: Creating AISystem for world SideScrollerExampleMap
[2018.01.27-00.08.29:381][  0]LogEditorServer: Finished looking for orphan Actors (0.000 secs)
[2018.01.27-00.08.29:463][  0]Cmd: MAP CHECKDEP NOCLEARLOG
[2018.01.27-00.08.29:624][  0]MapCheck: Map check complete: 0 Error(s), 0 Warning(s), took 160.134ms to complete.
[2018.01.27-00.08.29:624][  0]LogFileHelpers: Loading map 'SideScrollerExampleMap' took 8.668
[2018.01.27-00.08.30:960][  0]LogCollectionManager: Loaded 0 collections in 0.006230 seconds
[2018.01.27-00.08.31:317][  0]LogFileCache: Scanning file cache for directory 'G:/GitHub/RISE-Mobile/RISE_GAME/Saved/Collections/' took 0.01s
[2018.01.27-00.08.31:317][  0]LogFileCache: Scanning file cache for directory 'G:/GitHub/RISE-Mobile/RISE_GAME/Content/Developers/kreye/Collections/' took 0.01s
[2018.01.27-00.08.31:317][  0]LogFileCache: Scanning file cache for directory 'G:/GitHub/RISE-Mobile/RISE_GAME/Content/Collections/' took 0.01s
[2018.01.27-00.08.31:317][  0]LogCollectionManager: Rebuilt the GUID cache for 0 collections in 0.000002 seconds
[2018.01.27-00.08.31:339][  0]LogContentBrowser: Native class hierarchy populated in 0.0216 seconds. Added 2386 classes and 500 folders.
[2018.01.27-00.08.31:608][  0]LogContentBrowser: Native class hierarchy updated for 'WidgetCarousel' in 0.0029 seconds. Added 0 classes and 0 folders.
[2018.01.27-00.08.34:792][  0]LogContentBrowser: Native class hierarchy updated for 'AddContentDialog' in 0.0019 seconds. Added 0 classes and 0 folders.
[2018.01.27-00.08.35:048][  0]LogContentBrowser: Native class hierarchy updated for 'SceneOutliner' in 0.0033 seconds. Added 1 classes and 2 folders.
[2018.01.27-00.08.35:644][  0]LogSlate: Took 0.039577 seconds to synchronously load lazily loaded font '../../../Engine/Content/Slate/Fonts/Roboto-Regular.ttf' (155K)
[2018.01.27-00.08.35:675][  0]LogSlate: Took 0.025212 seconds to synchronously load lazily loaded font '../../../Engine/Content/Slate/Fonts/Roboto-Bold.ttf' (160K)
[2018.01.27-00.08.35:734][  0]LogSlate: Took 0.047970 seconds to synchronously load lazily loaded font '../../../Engine/Content/Editor/Slate/Fonts/FontAwesome.ttf' (139K)
[2018.01.27-00.08.36:179][  0]LogRenderer: Reallocating scene render targets to support 920x316 Format 10 NumSamples 1 (Frame:1).
[2018.01.27-00.08.37:911][  0]LogContentBrowser: Native class hierarchy updated for 'HierarchicalLODOutliner' in 0.0020 seconds. Added 1 classes and 2 folders.
[2018.01.27-00.08.37:911][  0]LogLoad: (Engine Initialization) Total time: 163.97 seconds
[2018.01.27-00.08.37:911][  0]LogLoad: (Engine Initialization) Total Blueprint compile time: 0.00 seconds
[2018.01.27-00.08.37:912][  0]LogExternalProfiler: No external profilers were discovered.  External profiling features will not be available.
[2018.01.27-00.08.38:315][  0]LogContentStreaming: Texture pool size now 1000 MB
[2018.01.27-00.08.38:673][  0]LogRenderer: Reallocating scene render targets to support 920x368 Format 10 NumSamples 1 (Frame:2).
[2018.01.27-00.08.38:674][  0]LogSlate: Took 0.068131 seconds to synchronously load lazily loaded font '../../../Engine/Content/Slate/Fonts/Roboto-Light.ttf' (159K)
[2018.01.27-00.08.39:793][  3]LogSlate: Took 0.001487 seconds to synchronously load lazily loaded font '../../../Engine/Content/Slate/Fonts/Roboto-Light.ttf' (159K)
[2018.01.27-00.08.40:430][  5]LogAssetRegistry: Asset discovery search completed in 110.9915 seconds
[2018.01.27-00.08.40:434][  5]LogCollectionManager: Rebuilt the object cache for 0 collections in 0.000001 seconds (found 0 objects)
[2018.01.27-00.08.40:434][  5]LogCollectionManager: Fixed up redirectors for 0 collections in 0.000146 seconds (updated 0 objects)
[2018.01.27-00.09.06:910][179]LogSlate: Took 0.000521 seconds to synchronously load lazily loaded font '../../../Engine/Content/Slate/Fonts/Roboto-Light.ttf' (159K)
[2018.01.27-00.09.07:920][179]LogSlate: Took 0.000660 seconds to synchronously load lazily loaded font '../../../Engine/Content/Slate/Fonts/Roboto-Regular.ttf' (155K)
[2018.01.27-00.09.08:934][179]LogContentBrowser: Native class hierarchy updated for 'BlueprintGraph' in 0.0036 seconds. Added 113 classes and 0 folders.
[2018.01.27-00.09.11:879][179]LogSlate: Took 0.029913 seconds to synchronously load lazily loaded font '../../../Engine/Content/Editor/Slate/Fonts/Roboto-BoldCondensed.ttf' (158K)
[2018.01.27-00.09.12:255][180]LogSlate: Took 0.032369 seconds to synchronously load lazily loaded font '../../../Engine/Content/Editor/Slate/Fonts/Roboto-Italic.ttf' (157K)
[2018.01.27-00.09.23:650][418]LogRenderer: Reallocating scene render targets to support 920x652 Format 10 NumSamples 1 (Frame:1).
[2018.01.27-00.09.43:846][904]Cmd: OBJ SAVEPACKAGE PACKAGE="/Game/RISE/3DModels/Greek_Pillar" FILE="G:/GitHub/RISE-Mobile/RISE_GAME/Content/RISE/3DModels/Greek_Pillar.uasset" SILENT=true
[2018.01.27-00.09.44:031][904]LogSavePackage: Save=36.86ms
[2018.01.27-00.09.44:031][904]LogSavePackage: Moving 'G:/GitHub/RISE-Mobile/RISE_GAME/Saved/Greek_PillarF90B992C47F51F1E42959B86A50E5A16.tmp' to 'G:/GitHub/RISE-Mobile/RISE_GAME/Content/RISE/3DModels/Greek_Pillar.uasset'
[2018.01.27-00.09.44:044][904]LogSavePackage: Display: Finished SavePackage G:/GitHub/RISE-Mobile/RISE_GAME/Content/RISE/3DModels/Greek_Pillar.uasset
[2018.01.27-00.11.39:869][920]LogSlate: Took 0.090431 seconds to synchronously load lazily loaded font '../../../Engine/Content/Slate/Fonts/DroidSansFallback.ttf' (3848K)
[2018.01.27-00.12.14:413][501]LogFactory: FactoryCreateFile: SoundWave with ReimportSoundFactory (0 0 ../../../../../../Users/kreye/Desktop/song temp.wav)
[2018.01.27-00.12.14:507][501]LogAudioDerivedData: Display: Building compressed audio format OGG wave song_temp...
[2018.01.27-00.12.14:861][501]LogAudioDerivedData: Updated SoundWave->RawPCMDataSize during cooking SoundWave /Game/RISE/song_temp.song_temp.
[2018.01.27-00.13.08:403][984]BlueprintLog: New page: Compile OGSideScrollerCharacter
[2018.01.27-00.13.11:517][  9]Cmd: OBJ SAVEPACKAGE PACKAGE="/Game/SideScrollerBP/Blueprints/OGSideScrollerCharacter" FILE="G:/GitHub/RISE-Mobile/RISE_GAME/Content/SideScrollerBP/Blueprints/OGSideScrollerCharacter.uasset" SILENT=true
[2018.01.27-00.13.12:053][  9]LogSavePackage: Save=454.86ms
[2018.01.27-00.13.12:053][  9]LogSavePackage: Moving 'G:/GitHub/RISE-Mobile/RISE_GAME/Saved/OGSideScrollerCharacter5FBB619440CD9C4C2B66BDAADCC17A83.tmp' to 'G:/GitHub/RISE-Mobile/RISE_GAME/Content/SideScrollerBP/Blueprints/OGSideScrollerCharacter.uasset'
[2018.01.27-00.13.12:062][  9]LogSavePackage: Display: Finished SavePackage G:/GitHub/RISE-Mobile/RISE_GAME/Content/SideScrollerBP/Blueprints/OGSideScrollerCharacter.uasset
[2018.01.27-00.13.12:901][ 57]LogTemp: Repeating last play command: Selected Viewport
[2018.01.27-00.13.13:280][ 57]LogBlueprintUserMessages: Early PlayInEditor Detection: Level '/Game/SideScrollerBP/Maps/SideScrollerExampleMap.SideScrollerExampleMap:PersistentLevel' has LevelScriptBlueprint '/Game/SideScrollerBP/Maps/SideScrollerExampleMap.SideScrollerExampleMap:PersistentLevel.SideScrollerExampleMap' with GeneratedClass '/Game/SideScrollerBP/Maps/SideScrollerExampleMap.SideScrollerExampleMap_C' with ClassGeneratedBy '/Game/SideScrollerBP/Maps/SideScrollerExampleMap.SideScrollerExampleMap:PersistentLevel.SideScrollerExampleMap'
[2018.01.27-00.13.13:281][ 57]LogPlayLevel: PlayLevel: No blueprints needed recompiling
[2018.01.27-00.13.13:362][ 57]PIE: New page: PIE session: SideScrollerExampleMap (Jan 26, 2018, 4:13:13 PM)
[2018.01.27-00.13.13:364][ 57]LogPlayLevel: Creating play world package: /Game/SideScrollerBP/Maps/UEDPIE_0_SideScrollerExampleMap
[2018.01.27-00.13.13:413][ 57]LogPlayLevel: PIE: StaticDuplicateObject took: (0.049163s)
[2018.01.27-00.13.13:416][ 57]LogAIModule: Creating AISystem for world SideScrollerExampleMap
[2018.01.27-00.13.13:416][ 57]LogPlayLevel: PIE: World Init took: (0.002767s)
[2018.01.27-00.13.13:417][ 57]LogPlayLevel: PIE: Created PIE world by copying editor world from /Game/SideScrollerBP/Maps/SideScrollerExampleMap.SideScrollerExampleMap to /Game/SideScrollerBP/Maps/UEDPIE_0_SideScrollerExampleMap.SideScrollerExampleMap (0.052902s)
[2018.01.27-00.13.13:536][ 57]LogInit: XAudio2 using 'Speaker/Headphone (Realtek High Definition Audio)' : 2 channels at 48 kHz using 32 bits per sample (channel mask 0x3)
[2018.01.27-00.13.13:561][ 57]LogInit: FAudioDevice initialized.
[2018.01.27-00.13.13:668][ 57]LogLoad: Game class is 'OGSideScrollerGameMode_C'
[2018.01.27-00.13.13:682][ 57]LogWorld: Bringing World /Game/SideScrollerBP/Maps/UEDPIE_0_SideScrollerExampleMap.SideScrollerExampleMap up for play (max tick rate 60) at 2018.01.26-20.13.13
[2018.01.27-00.13.13:684][ 57]LogWorld: Bringing up level for play took: 0.005562
[2018.01.27-00.13.13:847][ 57]LogContentBrowser: Native class hierarchy updated for 'MovieSceneCapture' in 0.0021 seconds. Added 11 classes and 0 folders.
[2018.01.27-00.13.13:937][ 57]PIE: Play in editor start time for /Game/SideScrollerBP/Maps/UEDPIE_0_SideScrollerExampleMap -0.075
[2018.01.27-00.13.13:938][ 57]LogBlueprintUserMessages: Late PlayInEditor Detection: Level '/Game/SideScrollerBP/Maps/SideScrollerExampleMap.SideScrollerExampleMap:PersistentLevel' has LevelScriptBlueprint '/Game/SideScrollerBP/Maps/SideScrollerExampleMap.SideScrollerExampleMap:PersistentLevel.SideScrollerExampleMap' with GeneratedClass '/Game/SideScrollerBP/Maps/SideScrollerExampleMap.SideScrollerExampleMap_C' with ClassGeneratedBy '/Game/SideScrollerBP/Maps/SideScrollerExampleMap.SideScrollerExampleMap:PersistentLevel.SideScrollerExampleMap'
[2018.01.27-00.13.14:084][ 57]LogRenderer: Reallocating scene render targets to support 1292x756 Format 10 NumSamples 1 (Frame:1).
[2018.01.27-00.13.31:679][400]LogBlueprintUserMessages: Early EndPlayMap Detection: Level '/Game/SideScrollerBP/Maps/SideScrollerExampleMap.SideScrollerExampleMap:PersistentLevel' has LevelScriptBlueprint '/Game/SideScrollerBP/Maps/SideScrollerExampleMap.SideScrollerExampleMap:PersistentLevel.SideScrollerExampleMap' with GeneratedClass '/Game/SideScrollerBP/Maps/SideScrollerExampleMap.SideScrollerExampleMap_C' with ClassGeneratedBy '/Game/SideScrollerBP/Maps/SideScrollerExampleMap.SideScrollerExampleMap:PersistentLevel.SideScrollerExampleMap'
[2018.01.27-00.13.31:839][400]LogBlueprintUserMessages: Late EndPlayMap Detection: Level '/Game/SideScrollerBP/Maps/SideScrollerExampleMap.SideScrollerExampleMap:PersistentLevel' has LevelScriptBlueprint '/Game/SideScrollerBP/Maps/SideScrollerExampleMap.SideScrollerExampleMap:PersistentLevel.SideScrollerExampleMap' with GeneratedClass '/Game/SideScrollerBP/Maps/SideScrollerExampleMap.SideScrollerExampleMap_C' with ClassGeneratedBy '/Game/SideScrollerBP/Maps/SideScrollerExampleMap.SideScrollerExampleMap:PersistentLevel.SideScrollerExampleMap'
[2018.01.27-00.16.26:782][727]Cmd: OBJ SAVEPACKAGE PACKAGE="/Game/SideScrollerBP/Blueprints/OGSideScrollerCharacter" FILE="G:/GitHub/RISE-Mobile/RISE_GAME/Content/SideScrollerBP/Blueprints/OGSideScrollerCharacter.uasset" SILENT=true
[2018.01.27-00.16.27:666][727]LogSavePackage: Save=472.29ms
[2018.01.27-00.16.27:666][727]LogSavePackage: Moving 'G:/GitHub/RISE-Mobile/RISE_GAME/Saved/OGSideScrollerCharacter661622AD4EF85B1B5A325993D7AAD559.tmp' to 'G:/GitHub/RISE-Mobile/RISE_GAME/Content/SideScrollerBP/Blueprints/OGSideScrollerCharacter.uasset'
[2018.01.27-00.16.27:675][727]LogSavePackage: Display: Finished SavePackage G:/GitHub/RISE-Mobile/RISE_GAME/Content/SideScrollerBP/Blueprints/OGSideScrollerCharacter.uasset
[2018.01.27-00.16.28:266][727]LogSavePackage: Save=260.49ms
[2018.01.27-00.16.28:266][727]LogSavePackage: Moving 'G:/GitHub/RISE-Mobile/RISE_GAME/Saved/SideScrollerExampleMapF63C51F44505A56E5EB84799F637CBC4.tmp' to 'G:/GitHub/RISE-Mobile/RISE_GAME/Content/SideScrollerBP/Maps/SideScrollerExampleMap.umap'
[2018.01.27-00.16.28:277][727]LogSavePackage: Display: Finished SavePackage G:/GitHub/RISE-Mobile/RISE_GAME/Content/SideScrollerBP/Maps/SideScrollerExampleMap.umap
[2018.01.27-00.16.28:837][727]LogFileHelpers: Saving map 'SideScrollerExampleMap' took 1.157
[2018.01.27-00.17.52:357][186]LogTemp: Executing iPhonePackager certificates Engine -bundlename com.YourCompany.RISEGAME
[2018.01.27-00.17.52:357][186]LogTemp: CWD: C:\Program Files\Epic Games\UE_4.17\Engine\Binaries\DotNET\IOS
[2018.01.27-00.17.52:357][186]LogTemp: Initial Dir: C:\Program Files\Epic Games\UE_4.17
[2018.01.27-00.17.52:357][186]LogTemp: Env CWD: C:\Program Files\Epic Games\UE_4.17\Engine\Binaries\DotNET\IOS
[2018.01.27-00.17.52:369][186]LogTemp: BranchPath = LAPTOP-FV6L4TLG/C/Program Files/Epic Games/UE_4.17/Engine/Binaries --- GameBranchPath = LAPTOP-FV6L4TLG/C/Program Files/Epic Games/UE_4.17/Engine/Binaries
[2018.01.27-00.17.52:493][189]LogTemp: IPP ERROR: Could not find provision directory 'C:\Users\kreye\AppData\Local/Apple Computer/MobileDevice/Provisioning Profiles/'.
[2018.01.27-00.18.48:508][424]LogTemp: Repeating last play command: Selected Viewport
[2018.01.27-00.18.48:561][424]LogBlueprintUserMessages: Early PlayInEditor Detection: Level '/Game/SideScrollerBP/Maps/SideScrollerExampleMap.SideScrollerExampleMap:PersistentLevel' has LevelScriptBlueprint '/Game/SideScrollerBP/Maps/SideScrollerExampleMap.SideScrollerExampleMap:PersistentLevel.SideScrollerExampleMap' with GeneratedClass '/Game/SideScrollerBP/Maps/SideScrollerExampleMap.SideScrollerExampleMap_C' with ClassGeneratedBy '/Game/SideScrollerBP/Maps/SideScrollerExampleMap.SideScrollerExampleMap:PersistentLevel.SideScrollerExampleMap'
[2018.01.27-00.18.48:562][424]BlueprintLog: New page: Pre-Play auto-recompile
[2018.01.27-00.18.48:650][424]LogPlayLevel: [PlayLevel] Compiling BP_Level before play...
[2018.01.27-00.18.48:714][424]LogPlayLevel: [PlayLevel]   Compiling SpikeLog as a dependent...
[2018.01.27-00.18.48:761][424]LogPlayLevel: [PlayLevel]   Compiling BP_HUD as a dependent...
[2018.01.27-00.18.48:818][424]LogPlayLevel: [PlayLevel]   Compiling BP_Restart as a dependent...
[2018.01.27-00.18.48:843][424]LogPlayLevel: [PlayLevel]   Compiling CameraBP as a dependent...
[2018.01.27-00.18.48:879][424]LogPlayLevel: [PlayLevel]   Compiling OGSideScrollerCharacter as a dependent...
[2018.01.27-00.18.49:995][424]LogPlayLevel: PlayLevel: Blueprint regeneration took 1432 ms (6 blueprints)
[2018.01.27-00.18.49:995][424]PIE: New page: PIE session: SideScrollerExampleMap (Jan 26, 2018, 4:18:49 PM)
[2018.01.27-00.18.49:999][424]LogPlayLevel: Creating play world package: /Game/SideScrollerBP/Maps/UEDPIE_0_SideScrollerExampleMap
[2018.01.27-00.18.50:050][424]LogPlayLevel: PIE: StaticDuplicateObject took: (0.050196s)
[2018.01.27-00.18.50:051][424]LogAIModule: Creating AISystem for world SideScrollerExampleMap
[2018.01.27-00.18.50:052][424]LogPlayLevel: PIE: World Init took: (0.002098s)
[2018.01.27-00.18.50:052][424]LogPlayLevel: PIE: Created PIE world by copying editor world from /Game/SideScrollerBP/Maps/SideScrollerExampleMap.SideScrollerExampleMap to /Game/SideScrollerBP/Maps/UEDPIE_0_SideScrollerExampleMap.SideScrollerExampleMap (0.053089s)
[2018.01.27-00.18.50:099][424]LogInit: XAudio2 using 'Speaker/Headphone (Realtek High Definition Audio)' : 2 channels at 48 kHz using 32 bits per sample (channel mask 0x3)
[2018.01.27-00.18.50:123][424]LogInit: FAudioDevice initialized.
[2018.01.27-00.18.50:165][424]LogLoad: Game class is 'OGSideScrollerGameMode_C'
[2018.01.27-00.18.50:169][424]LogWorld: Bringing World /Game/SideScrollerBP/Maps/UEDPIE_0_SideScrollerExampleMap.SideScrollerExampleMap up for play (max tick rate 60) at 2018.01.26-20.18.50
[2018.01.27-00.18.50:171][424]LogWorld: Bringing up level for play took: 0.004443
[2018.01.27-00.18.50:225][424]PIE: Play in editor start time for /Game/SideScrollerBP/Maps/UEDPIE_0_SideScrollerExampleMap 2.212
[2018.01.27-00.18.50:225][424]LogBlueprintUserMessages: Late PlayInEditor Detection: Level '/Game/SideScrollerBP/Maps/SideScrollerExampleMap.SideScrollerExampleMap:PersistentLevel' has LevelScriptBlueprint '/Game/SideScrollerBP/Maps/SideScrollerExampleMap.SideScrollerExampleMap:PersistentLevel.SideScrollerExampleMap' with GeneratedClass '/Game/SideScrollerBP/Maps/SideScrollerExampleMap.SideScrollerExampleMap_C' with ClassGeneratedBy '/Game/SideScrollerBP/Maps/SideScrollerExampleMap.SideScrollerExampleMap:PersistentLevel.SideScrollerExampleMap'
[2018.01.27-00.18.52:289][494]LogBlueprintUserMessages: Early EndPlayMap Detection: Level '/Game/SideScrollerBP/Maps/SideScrollerExampleMap.SideScrollerExampleMap:PersistentLevel' has LevelScriptBlueprint '/Game/SideScrollerBP/Maps/SideScrollerExampleMap.SideScrollerExampleMap:PersistentLevel.SideScrollerExampleMap' with GeneratedClass '/Game/SideScrollerBP/Maps/SideScrollerExampleMap.SideScrollerExampleMap_C' with ClassGeneratedBy '/Game/SideScrollerBP/Maps/SideScrollerExampleMap.SideScrollerExampleMap:PersistentLevel.SideScrollerExampleMap'
[2018.01.27-00.18.52:394][494]LogBlueprintUserMessages: Late EndPlayMap Detection: Level '/Game/SideScrollerBP/Maps/SideScrollerExampleMap.SideScrollerExampleMap:PersistentLevel' has LevelScriptBlueprint '/Game/SideScrollerBP/Maps/SideScrollerExampleMap.SideScrollerExampleMap:PersistentLevel.SideScrollerExampleMap' with GeneratedClass '/Game/SideScrollerBP/Maps/SideScrollerExampleMap.SideScrollerExampleMap_C' with ClassGeneratedBy '/Game/SideScrollerBP/Maps/SideScrollerExampleMap.SideScrollerExampleMap:PersistentLevel.SideScrollerExampleMap'
[2018.01.27-00.18.55:348][585]LogTemp: Repeating last play command: Selected Viewport
[2018.01.27-00.18.55:407][585]LogBlueprintUserMessages: Early PlayInEditor Detection: Level '/Game/SideScrollerBP/Maps/SideScrollerExampleMap.SideScrollerExampleMap:PersistentLevel' has LevelScriptBlueprint '/Game/SideScrollerBP/Maps/SideScrollerExampleMap.SideScrollerExampleMap:PersistentLevel.SideScrollerExampleMap' with GeneratedClass '/Game/SideScrollerBP/Maps/SideScrollerExampleMap.SideScrollerExampleMap_C' with ClassGeneratedBy '/Game/SideScrollerBP/Maps/SideScrollerExampleMap.SideScrollerExampleMap:PersistentLevel.SideScrollerExampleMap'
[2018.01.27-00.18.55:407][585]LogPlayLevel: PlayLevel: No blueprints needed recompiling
[2018.01.27-00.18.55:408][585]PIE: New page: PIE session: SideScrollerExampleMap (Jan 26, 2018, 4:18:55 PM)
[2018.01.27-00.18.55:410][585]LogPlayLevel: Creating play world package: /Game/SideScrollerBP/Maps/UEDPIE_0_SideScrollerExampleMap
[2018.01.27-00.18.55:464][585]LogPlayLevel: PIE: StaticDuplicateObject took: (0.054503s)
[2018.01.27-00.18.55:466][585]LogAIModule: Creating AISystem for world SideScrollerExampleMap
[2018.01.27-00.18.55:466][585]LogPlayLevel: PIE: World Init took: (0.002162s)
[2018.01.27-00.18.55:467][585]LogPlayLevel: PIE: Created PIE world by copying editor world from /Game/SideScrollerBP/Maps/SideScrollerExampleMap.SideScrollerExampleMap to /Game/SideScrollerBP/Maps/UEDPIE_0_SideScrollerExampleMap.SideScrollerExampleMap (0.057416s)
[2018.01.27-00.18.55:524][585]LogInit: XAudio2 using 'Speaker/Headphone (Realtek High Definition Audio)' : 2 channels at 48 kHz using 32 bits per sample (channel mask 0x3)
[2018.01.27-00.18.55:550][585]LogInit: FAudioDevice initialized.
[2018.01.27-00.18.55:636][585]LogLoad: Game class is 'OGSideScrollerGameMode_C'
[2018.01.27-00.18.55:641][585]LogWorld: Bringing World /Game/SideScrollerBP/Maps/UEDPIE_0_SideScrollerExampleMap.SideScrollerExampleMap up for play (max tick rate 60) at 2018.01.26-20.18.55
[2018.01.27-00.18.55:643][585]LogWorld: Bringing up level for play took: 0.005219
[2018.01.27-00.18.55:736][585]PIE: Play in editor start time for /Game/SideScrollerBP/Maps/UEDPIE_0_SideScrollerExampleMap -0.276
[2018.01.27-00.18.55:738][585]LogBlueprintUserMessages: Late PlayInEditor Detection: Level '/Game/SideScrollerBP/Maps/SideScrollerExampleMap.SideScrollerExampleMap:PersistentLevel' has LevelScriptBlueprint '/Game/SideScrollerBP/Maps/SideScrollerExampleMap.SideScrollerExampleMap:PersistentLevel.SideScrollerExampleMap' with GeneratedClass '/Game/SideScrollerBP/Maps/SideScrollerExampleMap.SideScrollerExampleMap_C' with ClassGeneratedBy '/Game/SideScrollerBP/Maps/SideScrollerExampleMap.SideScrollerExampleMap:PersistentLevel.SideScrollerExampleMap'
[2018.01.27-00.18.55:862][585]LogRenderer: Reallocating scene render targets to support 1292x1956 Format 10 NumSamples 1 (Frame:1).
[2018.01.27-00.18.57:996][611]LogBlueprintUserMessages: Early EndPlayMap Detection: Level '/Game/SideScrollerBP/Maps/SideScrollerExampleMap.SideScrollerExampleMap:PersistentLevel' has LevelScriptBlueprint '/Game/SideScrollerBP/Maps/SideScrollerExampleMap.SideScrollerExampleMap:PersistentLevel.SideScrollerExampleMap' with GeneratedClass '/Game/SideScrollerBP/Maps/SideScrollerExampleMap.SideScrollerExampleMap_C' with ClassGeneratedBy '/Game/SideScrollerBP/Maps/SideScrollerExampleMap.SideScrollerExampleMap:PersistentLevel.SideScrollerExampleMap'
[2018.01.27-00.18.58:115][611]LogBlueprintUserMessages: Late EndPlayMap Detection: Level '/Game/SideScrollerBP/Maps/SideScrollerExampleMap.SideScrollerExampleMap:PersistentLevel' has LevelScriptBlueprint '/Game/SideScrollerBP/Maps/SideScrollerExampleMap.SideScrollerExampleMap:PersistentLevel.SideScrollerExampleMap' with GeneratedClass '/Game/SideScrollerBP/Maps/SideScrollerExampleMap.SideScrollerExampleMap_C' with ClassGeneratedBy '/Game/SideScrollerBP/Maps/SideScrollerExampleMap.SideScrollerExampleMap:PersistentLevel.SideScrollerExampleMap'
[2018.01.27-00.19.31:161][106]LogTemp: Repeating last play command: Selected Viewport
[2018.01.27-00.19.31:207][106]LogBlueprintUserMessages: Early PlayInEditor Detection: Level '/Game/SideScrollerBP/Maps/SideScrollerExampleMap.SideScrollerExampleMap:PersistentLevel' has LevelScriptBlueprint '/Game/SideScrollerBP/Maps/SideScrollerExampleMap.SideScrollerExampleMap:PersistentLevel.SideScrollerExampleMap' with GeneratedClass '/Game/SideScrollerBP/Maps/SideScrollerExampleMap.SideScrollerExampleMap_C' with ClassGeneratedBy '/Game/SideScrollerBP/Maps/SideScrollerExampleMap.SideScrollerExampleMap:PersistentLevel.SideScrollerExampleMap'
[2018.01.27-00.19.31:208][106]LogPlayLevel: PlayLevel: No blueprints needed recompiling
[2018.01.27-00.19.31:208][106]PIE: New page: PIE session: SideScrollerExampleMap (Jan 26, 2018, 4:19:31 PM)
[2018.01.27-00.19.31:210][106]LogPlayLevel: Creating play world package: /Game/SideScrollerBP/Maps/UEDPIE_0_SideScrollerExampleMap
[2018.01.27-00.19.31:260][106]LogPlayLevel: PIE: StaticDuplicateObject took: (0.050616s)
[2018.01.27-00.19.31:262][106]LogAIModule: Creating AISystem for world SideScrollerExampleMap
[2018.01.27-00.19.31:263][106]LogPlayLevel: PIE: World Init took: (0.002122s)
[2018.01.27-00.19.31:263][106]LogPlayLevel: PIE: Created PIE world by copying editor world from /Game/SideScrollerBP/Maps/SideScrollerExampleMap.SideScrollerExampleMap to /Game/SideScrollerBP/Maps/UEDPIE_0_SideScrollerExampleMap.SideScrollerExampleMap (0.053413s)
[2018.01.27-00.19.31:321][106]LogInit: XAudio2 using 'Speaker/Headphone (Realtek High Definition Audio)' : 2 channels at 48 kHz using 32 bits per sample (channel mask 0x3)
[2018.01.27-00.19.31:347][106]LogInit: FAudioDevice initialized.
[2018.01.27-00.19.31:425][106]LogLoad: Game class is 'OGSideScrollerGameMode_C'
[2018.01.27-00.19.31:430][106]LogWorld: Bringing World /Game/SideScrollerBP/Maps/UEDPIE_0_SideScrollerExampleMap.SideScrollerExampleMap up for play (max tick rate 60) at 2018.01.26-20.19.31
[2018.01.27-00.19.31:432][106]LogWorld: Bringing up level for play took: 0.006694
[2018.01.27-00.19.31:509][106]PIE: Play in editor start time for /Game/SideScrollerBP/Maps/UEDPIE_0_SideScrollerExampleMap -0.503
[2018.01.27-00.19.31:510][106]LogBlueprintUserMessages: Late PlayInEditor Detection: Level '/Game/SideScrollerBP/Maps/SideScrollerExampleMap.SideScrollerExampleMap:PersistentLevel' has LevelScriptBlueprint '/Game/SideScrollerBP/Maps/SideScrollerExampleMap.SideScrollerExampleMap:PersistentLevel.SideScrollerExampleMap' with GeneratedClass '/Game/SideScrollerBP/Maps/SideScrollerExampleMap.SideScrollerExampleMap_C' with ClassGeneratedBy '/Game/SideScrollerBP/Maps/SideScrollerExampleMap.SideScrollerExampleMap:PersistentLevel.SideScrollerExampleMap'
[2018.01.27-00.19.33:669][154]LogBlueprintUserMessages: Early EndPlayMap Detection: Level '/Game/SideScrollerBP/Maps/SideScrollerExampleMap.SideScrollerExampleMap:PersistentLevel' has LevelScriptBlueprint '/Game/SideScrollerBP/Maps/SideScrollerExampleMap.SideScrollerExampleMap:PersistentLevel.SideScrollerExampleMap' with GeneratedClass '/Game/SideScrollerBP/Maps/SideScrollerExampleMap.SideScrollerExampleMap_C' with ClassGeneratedBy '/Game/SideScrollerBP/Maps/SideScrollerExampleMap.SideScrollerExampleMap:PersistentLevel.SideScrollerExampleMap'
[2018.01.27-00.19.33:748][154]LogBlueprintUserMessages: Late EndPlayMap Detection: Level '/Game/SideScrollerBP/Maps/SideScrollerExampleMap.SideScrollerExampleMap:PersistentLevel' has LevelScriptBlueprint '/Game/SideScrollerBP/Maps/SideScrollerExampleMap.SideScrollerExampleMap:PersistentLevel.SideScrollerExampleMap' with GeneratedClass '/Game/SideScrollerBP/Maps/SideScrollerExampleMap.SideScrollerExampleMap_C' with ClassGeneratedBy '/Game/SideScrollerBP/Maps/SideScrollerExampleMap.SideScrollerExampleMap:PersistentLevel.SideScrollerExampleMap'
[2018.01.27-00.19.41:782][496]LogTemp: Repeating last play command: Selected Viewport
[2018.01.27-00.19.41:843][496]LogBlueprintUserMessages: Early PlayInEditor Detection: Level '/Game/SideScrollerBP/Maps/SideScrollerExampleMap.SideScrollerExampleMap:PersistentLevel' has LevelScriptBlueprint '/Game/SideScrollerBP/Maps/SideScrollerExampleMap.SideScrollerExampleMap:PersistentLevel.SideScrollerExampleMap' with GeneratedClass '/Game/SideScrollerBP/Maps/SideScrollerExampleMap.SideScrollerExampleMap_C' with ClassGeneratedBy '/Game/SideScrollerBP/Maps/SideScrollerExampleMap.SideScrollerExampleMap:PersistentLevel.SideScrollerExampleMap'
[2018.01.27-00.19.41:843][496]LogPlayLevel: PlayLevel: No blueprints needed recompiling
[2018.01.27-00.19.41:844][496]PIE: New page: PIE session: SideScrollerExampleMap (Jan 26, 2018, 4:19:41 PM)
[2018.01.27-00.19.41:846][496]LogPlayLevel: Creating play world package: /Game/SideScrollerBP/Maps/UEDPIE_0_SideScrollerExampleMap
[2018.01.27-00.19.41:913][496]LogPlayLevel: PIE: StaticDuplicateObject took: (0.067231s)
[2018.01.27-00.19.41:915][496]LogAIModule: Creating AISystem for world SideScrollerExampleMap
[2018.01.27-00.19.41:916][496]LogPlayLevel: PIE: World Init took: (0.001955s)
[2018.01.27-00.19.41:916][496]LogPlayLevel: PIE: Created PIE world by copying editor world from /Game/SideScrollerBP/Maps/SideScrollerExampleMap.SideScrollerExampleMap to /Game/SideScrollerBP/Maps/UEDPIE_0_SideScrollerExampleMap.SideScrollerExampleMap (0.070020s)
[2018.01.27-00.19.41:971][496]LogInit: XAudio2 using 'Speaker/Headphone (Realtek High Definition Audio)' : 2 channels at 48 kHz using 32 bits per sample (channel mask 0x3)
[2018.01.27-00.19.41:995][496]LogInit: FAudioDevice initialized.
[2018.01.27-00.19.42:065][496]LogLoad: Game class is 'OGSideScrollerGameMode_C'
[2018.01.27-00.19.42:070][496]LogWorld: Bringing World /Game/SideScrollerBP/Maps/UEDPIE_0_SideScrollerExampleMap.SideScrollerExampleMap up for play (max tick rate 60) at 2018.01.26-20.19.42
[2018.01.27-00.19.42:072][496]LogWorld: Bringing up level for play took: 0.005516
[2018.01.27-00.19.42:160][496]PIE: Play in editor start time for /Game/SideScrollerBP/Maps/UEDPIE_0_SideScrollerExampleMap 0.148
[2018.01.27-00.19.42:162][496]LogBlueprintUserMessages: Late PlayInEditor Detection: Level '/Game/SideScrollerBP/Maps/SideScrollerExampleMap.SideScrollerExampleMap:PersistentLevel' has LevelScriptBlueprint '/Game/SideScrollerBP/Maps/SideScrollerExampleMap.SideScrollerExampleMap:PersistentLevel.SideScrollerExampleMap' with GeneratedClass '/Game/SideScrollerBP/Maps/SideScrollerExampleMap.SideScrollerExampleMap_C' with ClassGeneratedBy '/Game/SideScrollerBP/Maps/SideScrollerExampleMap.SideScrollerExampleMap:PersistentLevel.SideScrollerExampleMap'
[2018.01.27-00.19.48:661][661]LogBlueprintUserMessages: Early EndPlayMap Detection: Level '/Game/SideScrollerBP/Maps/SideScrollerExampleMap.SideScrollerExampleMap:PersistentLevel' has LevelScriptBlueprint '/Game/SideScrollerBP/Maps/SideScrollerExampleMap.SideScrollerExampleMap:PersistentLevel.SideScrollerExampleMap' with GeneratedClass '/Game/SideScrollerBP/Maps/SideScrollerExampleMap.SideScrollerExampleMap_C' with ClassGeneratedBy '/Game/SideScrollerBP/Maps/SideScrollerExampleMap.SideScrollerExampleMap:PersistentLevel.SideScrollerExampleMap'
[2018.01.27-00.19.48:744][661]LogBlueprintUserMessages: Late EndPlayMap Detection: Level '/Game/SideScrollerBP/Maps/SideScrollerExampleMap.SideScrollerExampleMap:PersistentLevel' has LevelScriptBlueprint '/Game/SideScrollerBP/Maps/SideScrollerExampleMap.SideScrollerExampleMap:PersistentLevel.SideScrollerExampleMap' with GeneratedClass '/Game/SideScrollerBP/Maps/SideScrollerExampleMap.SideScrollerExampleMap_C' with ClassGeneratedBy '/Game/SideScrollerBP/Maps/SideScrollerExampleMap.SideScrollerExampleMap:PersistentLevel.SideScrollerExampleMap'
[2018.01.27-00.20.05:820][420]LogTemp: Repeating last play command: Selected Viewport
[2018.01.27-00.20.05:869][420]LogBlueprintUserMessages: Early PlayInEditor Detection: Level '/Game/SideScrollerBP/Maps/SideScrollerExampleMap.SideScrollerExampleMap:PersistentLevel' has LevelScriptBlueprint '/Game/SideScrollerBP/Maps/SideScrollerExampleMap.SideScrollerExampleMap:PersistentLevel.SideScrollerExampleMap' with GeneratedClass '/Game/SideScrollerBP/Maps/SideScrollerExampleMap.SideScrollerExampleMap_C' with ClassGeneratedBy '/Game/SideScrollerBP/Maps/SideScrollerExampleMap.SideScrollerExampleMap:PersistentLevel.SideScrollerExampleMap'
[2018.01.27-00.20.05:869][420]LogPlayLevel: PlayLevel: No blueprints needed recompiling
[2018.01.27-00.20.05:870][420]PIE: New page: PIE session: SideScrollerExampleMap (Jan 26, 2018, 4:20:05 PM)
[2018.01.27-00.20.05:871][420]LogPlayLevel: Creating play world package: /Game/SideScrollerBP/Maps/UEDPIE_0_SideScrollerExampleMap
[2018.01.27-00.20.05:926][420]LogPlayLevel: PIE: StaticDuplicateObject took: (0.054135s)
[2018.01.27-00.20.05:927][420]LogAIModule: Creating AISystem for world SideScrollerExampleMap
[2018.01.27-00.20.05:928][420]LogPlayLevel: PIE: World Init took: (0.001691s)
[2018.01.27-00.20.05:928][420]LogPlayLevel: PIE: Created PIE world by copying editor world from /Game/SideScrollerBP/Maps/SideScrollerExampleMap.SideScrollerExampleMap to /Game/SideScrollerBP/Maps/UEDPIE_0_SideScrollerExampleMap.SideScrollerExampleMap (0.056444s)
[2018.01.27-00.20.05:981][420]LogInit: XAudio2 using 'Speaker/Headphone (Realtek High Definition Audio)' : 2 channels at 48 kHz using 32 bits per sample (channel mask 0x3)
[2018.01.27-00.20.06:007][420]LogInit: FAudioDevice initialized.
[2018.01.27-00.20.06:083][420]LogLoad: Game class is 'OGSideScrollerGameMode_C'
[2018.01.27-00.20.06:087][420]LogWorld: Bringing World /Game/SideScrollerBP/Maps/UEDPIE_0_SideScrollerExampleMap.SideScrollerExampleMap up for play (max tick rate 60) at 2018.01.26-20.20.06
[2018.01.27-00.20.06:089][420]LogWorld: Bringing up level for play took: 0.005373
[2018.01.27-00.20.06:166][420]PIE: Play in editor start time for /Game/SideScrollerBP/Maps/UEDPIE_0_SideScrollerExampleMap 0.154
[2018.01.27-00.20.06:167][420]LogBlueprintUserMessages: Late PlayInEditor Detection: Level '/Game/SideScrollerBP/Maps/SideScrollerExampleMap.SideScrollerExampleMap:PersistentLevel' has LevelScriptBlueprint '/Game/SideScrollerBP/Maps/SideScrollerExampleMap.SideScrollerExampleMap:PersistentLevel.SideScrollerExampleMap' with GeneratedClass '/Game/SideScrollerBP/Maps/SideScrollerExampleMap.SideScrollerExampleMap_C' with ClassGeneratedBy '/Game/SideScrollerBP/Maps/SideScrollerExampleMap.SideScrollerExampleMap:PersistentLevel.SideScrollerExampleMap'
[2018.01.27-00.20.39:671][400]LogBlueprintUserMessages: Early EndPlayMap Detection: Level '/Game/SideScrollerBP/Maps/SideScrollerExampleMap.SideScrollerExampleMap:PersistentLevel' has LevelScriptBlueprint '/Game/SideScrollerBP/Maps/SideScrollerExampleMap.SideScrollerExampleMap:PersistentLevel.SideScrollerExampleMap' with GeneratedClass '/Game/SideScrollerBP/Maps/SideScrollerExampleMap.SideScrollerExampleMap_C' with ClassGeneratedBy '/Game/SideScrollerBP/Maps/SideScrollerExampleMap.SideScrollerExampleMap:PersistentLevel.SideScrollerExampleMap'
[2018.01.27-00.20.40:019][400]LogBlueprintUserMessages: Late EndPlayMap Detection: Level '/Game/SideScrollerBP/Maps/SideScrollerExampleMap.SideScrollerExampleMap:PersistentLevel' has LevelScriptBlueprint '/Game/SideScrollerBP/Maps/SideScrollerExampleMap.SideScrollerExampleMap:PersistentLevel.SideScrollerExampleMap' with GeneratedClass '/Game/SideScrollerBP/Maps/SideScrollerExampleMap.SideScrollerExampleMap_C' with ClassGeneratedBy '/Game/SideScrollerBP/Maps/SideScrollerExampleMap.SideScrollerExampleMap:PersistentLevel.SideScrollerExampleMap'
[2018.01.27-00.20.44:788][469]LogSavePackage: Save=160.57ms
[2018.01.27-00.20.44:788][469]LogSavePackage: Moving 'G:/GitHub/RISE-Mobile/RISE_GAME/Saved/SideScrollerExampleMap18E0A58D4A2D5FCD24AC008F1F8125A4.tmp' to 'G:/GitHub/RISE-Mobile/RISE_GAME/Content/SideScrollerBP/Maps/SideScrollerExampleMap.umap'
[2018.01.27-00.20.44:799][469]LogSavePackage: Display: Finished SavePackage G:/GitHub/RISE-Mobile/RISE_GAME/Content/SideScrollerBP/Maps/SideScrollerExampleMap.umap
[2018.01.27-00.20.45:005][469]LogFileHelpers: Saving map 'SideScrollerExampleMap' took 0.674
[2018.01.27-00.30.09:617][202]LogWindowsTextInputMethodSystem: Display: IME system now deactivated.
[2018.01.27-00.30.09:617][202]LogWindowsTextInputMethodSystem: Display: IME system now deactivated.
[2018.01.27-00.30.10:012][203]Cmd: QUIT_EDITOR
[2018.01.27-00.30.10:586][203]LogExit: Preparing to exit.
[2018.01.27-00.30.11:741][203]LogExit: Editor shut down
[2018.01.27-00.30.11:753][203]LogExit: Transaction tracking system shut down
[2018.01.27-00.30.12:166][203]LogDirectoryWatcher: A directory notification for '../../../Engine/Content/' was aborted.
[2018.01.27-00.30.12:166][203]LogDirectoryWatcher: A directory notification for 'G:/GitHub/RISE-Mobile/RISE_GAME/Content/' was aborted.
[2018.01.27-00.30.12:166][203]LogDirectoryWatcher: A directory notification for '../../../Engine/Plugins/2D/Paper2D/Content/' was aborted.
[2018.01.27-00.30.12:167][203]LogDirectoryWatcher: A directory notification for '../../../Engine/Plugins/Runtime/Oculus/OculusVR/Content/' was aborted.
[2018.01.27-00.30.12:167][203]LogDirectoryWatcher: A directory notification for '../../../Engine/Plugins/Runtime/Steam/SteamVR/Content/' was aborted.
[2018.01.27-00.30.13:522][203]LogExit: Object subsystem successfully closed.
[2018.01.27-00.30.13:753][203]LogD3D11RHI: Shutdown
[2018.01.27-00.30.13:786][203]LogD3D11RHI: CleanupD3DDevice
[2018.01.27-00.30.14:870][203]LogD3D11RHI: ~FD3D11DynamicRHI
[2018.01.27-00.30.16:210][203]LogModuleManager: Shutting down and abandoning module ExternalImagePicker (542)
[2018.01.27-00.30.16:210][203]LogModuleManager: Shutting down and abandoning module MovieSceneCapture (540)
[2018.01.27-00.30.16:210][203]LogModuleManager: Shutting down and abandoning module SequencerWidgets (538)
[2018.01.27-00.30.16:210][203]LogModuleManager: Shutting down and abandoning module StaticMeshEditor (536)
[2018.01.27-00.30.16:210][203]LogModuleManager: Shutting down and abandoning module BlueprintGraph (534)
[2018.01.27-00.30.16:210][203]LogModuleManager: Shutting down and abandoning module BlueprintProfiler (532)
[2018.01.27-00.30.16:262][203]LogModuleManager: Shutting down and abandoning module HierarchicalLODOutliner (530)
[2018.01.27-00.30.16:262][203]LogModuleManager: Shutting down and abandoning module SceneOutliner (528)
[2018.01.27-00.30.16:291][203]LogModuleManager: Shutting down and abandoning module AddContentDialog (526)
[2018.01.27-00.30.16:291][203]LogDirectoryWatcher: A directory notification for 'C:/Program Files/Epic Games/UE_4.17/FeaturePacks/' was aborted.
[2018.01.27-00.30.16:293][203]LogModuleManager: Shutting down and abandoning module WidgetCarousel (525)
[2018.01.27-00.30.16:294][203]LogModuleManager: Shutting down and abandoning module EditorWidgets (522)
[2018.01.27-00.30.16:294][203]LogModuleManager: Shutting down and abandoning module CollectionManager (520)
[2018.01.27-00.30.16:294][203]LogDirectoryWatcher: A directory notification for 'G:/GitHub/RISE-Mobile/RISE_GAME/Content/Collections/' was aborted.
[2018.01.27-00.30.16:294][203]LogDirectoryWatcher: A directory notification for 'G:/GitHub/RISE-Mobile/RISE_GAME/Content/Developers/kreye/Collections/' was aborted.
[2018.01.27-00.30.16:294][203]LogDirectoryWatcher: A directory notification for 'G:/GitHub/RISE-Mobile/RISE_GAME/Saved/Collections/' was aborted.
[2018.01.27-00.30.16:294][203]LogModuleManager: Shutting down and abandoning module StatsViewer (518)
[2018.01.27-00.30.16:317][203]LogModuleManager: Shutting down and abandoning module FoliageEdit (516)
[2018.01.27-00.30.16:317][203]LogModuleManager: Shutting down and abandoning module LandscapeEditor (514)
[2018.01.27-00.30.16:371][203]LogModuleManager: Shutting down and abandoning module MeshPaintMode (512)
[2018.01.27-00.30.16:371][203]LogModuleManager: Shutting down and abandoning module SceneDepthPickerMode (510)
[2018.01.27-00.30.16:372][203]LogModuleManager: Shutting down and abandoning module ActorPickerMode (508)
[2018.01.27-00.30.16:372][203]LogModuleManager: Shutting down and abandoning module GeometryMode (506)
[2018.01.27-00.30.16:372][203]LogModuleManager: Shutting down and abandoning module TextureAlignMode (504)
[2018.01.27-00.30.16:372][203]LogModuleManager: Shutting down and abandoning module BspMode (502)
[2018.01.27-00.30.16:372][203]LogModuleManager: Shutting down and abandoning module PIEPreviewDeviceProfileSelector (500)
[2018.01.27-00.30.16:372][203]LogModuleManager: Shutting down and abandoning module HardwareSurvey (498)
[2018.01.27-00.30.16:372][203]LogModuleManager: Shutting down and abandoning module SequenceRecorderSections (496)
[2018.01.27-00.30.16:372][203]LogModuleManager: Shutting down and abandoning module AutomationWorker (494)
[2018.01.27-00.30.16:372][203]LogModuleManager: Shutting down and abandoning module MatineeToLevelSequence (492)
[2018.01.27-00.30.16:372][203]LogModuleManager: Shutting down and abandoning module LevelSequenceEditor (490)
[2018.01.27-00.30.16:392][203]LogModuleManager: Shutting down and abandoning module PlacementMode (489)
[2018.01.27-00.30.16:392][203]LogModuleManager: Shutting down and abandoning module WmfMediaFactory (486)
[2018.01.27-00.30.16:392][203]LogModuleManager: Shutting down and abandoning module WmfMediaEditor (484)
[2018.01.27-00.30.16:392][203]LogModuleManager: Shutting down and abandoning module AvfMediaFactory (482)
[2018.01.27-00.30.16:392][203]LogModuleManager: Shutting down and abandoning module AvfMediaEditor (480)
[2018.01.27-00.30.16:392][203]LogModuleManager: Shutting down and abandoning module AndroidMediaFactory (478)
[2018.01.27-00.30.16:392][203]LogModuleManager: Shutting down and abandoning module Media (477)
[2018.01.27-00.30.16:392][203]LogModuleManager: Shutting down and abandoning module AndroidMediaEditor (474)
[2018.01.27-00.30.16:392][203]LogModuleManager: Shutting down and abandoning module CharacterAI (472)
[2018.01.27-00.30.16:392][203]LogModuleManager: Shutting down and abandoning module AudioCapture (470)
[2018.01.27-00.30.16:392][203]LogModuleManager: Shutting down and abandoning module SequenceRecorder (469)
[2018.01.27-00.30.16:397][203]LogModuleManager: Shutting down and abandoning module SmartSnapping (466)
[2018.01.27-00.30.16:398][203]LogModuleManager: Shutting down and abandoning module SessionServices (464)
[2018.01.27-00.30.16:398][203]LogModuleManager: Shutting down and abandoning module ViewportSnapping (462)
[2018.01.27-00.30.16:398][203]LogModuleManager: Shutting down and abandoning module ViewportInteraction (460)
[2018.01.27-00.30.16:398][203]LogModuleManager: Shutting down and abandoning module ClothPainter (458)
[2018.01.27-00.30.16:421][203]LogModuleManager: Shutting down and abandoning module LogVisualizer (456)
[2018.01.27-00.30.16:421][203]LogModuleManager: Shutting down and abandoning module IntroTutorials (454)
[2018.01.27-00.30.16:453][203]LogModuleManager: Shutting down and abandoning module GameProjectGeneration (453)
[2018.01.27-00.30.16:486][203]LogModuleManager: Shutting down and abandoning module IOSPlatformEditor (450)
[2018.01.27-00.30.16:486][203]LogModuleManager: Shutting down and abandoning module HTML5PlatformEditor (448)
[2018.01.27-00.30.16:486][203]LogModuleManager: Shutting down and abandoning module AndroidPlatformEditor (446)
[2018.01.27-00.30.16:486][203]LogModuleManager: Shutting down and abandoning module AndroidDeviceDetection (445)
[2018.01.27-00.30.17:122][203]LogModuleManager: Shutting down and abandoning module WindowsPlatformEditor (442)
[2018.01.27-00.30.17:122][203]LogModuleManager: Shutting down and abandoning module IOSRuntimeSettings (440)
[2018.01.27-00.30.17:122][203]LogModuleManager: Shutting down and abandoning module AndroidRuntimeSettings (438)
[2018.01.27-00.30.17:122][203]LogModuleManager: Shutting down and abandoning module InputBindingEditor (436)
[2018.01.27-00.30.17:122][203]LogModuleManager: Shutting down and abandoning module MergeActors (434)
[2018.01.27-00.30.17:133][203]LogModuleManager: Shutting down and abandoning module SizeMap (432)
[2018.01.27-00.30.17:133][203]LogModuleManager: Shutting down and abandoning module TreeMap (430)
[2018.01.27-00.30.17:133][203]LogModuleManager: Shutting down and abandoning module ReferenceViewer (428)
[2018.01.27-00.30.17:134][203]LogModuleManager: Shutting down and abandoning module LocalizationDashboard (426)
[2018.01.27-00.30.17:175][203]LogModuleManager: Shutting down and abandoning module LocalizationService (425)
[2018.01.27-00.30.17:176][203]LogModuleManager: Shutting down and abandoning module HardwareTargeting (422)
[2018.01.27-00.30.17:176][203]LogModuleManager: Shutting down and abandoning module DeviceProfileEditor (420)
[2018.01.27-00.30.17:200][203]LogModuleManager: Shutting down and abandoning module UndoHistory (418)
[2018.01.27-00.30.17:200][203]LogModuleManager: Shutting down and abandoning module XmlParser (416)
[2018.01.27-00.30.17:200][203]LogModuleManager: Shutting down and abandoning module Blutility (414)
[2018.01.27-00.30.17:200][203]LogModuleManager: Shutting down and abandoning module ProjectSettingsViewer (412)
[2018.01.27-00.30.17:200][203]LogModuleManager: Shutting down and abandoning module ProjectTargetPlatformEditor (411)
[2018.01.27-00.30.17:202][203]LogModuleManager: Shutting down and abandoning module EditorSettingsViewer (408)
[2018.01.27-00.30.17:202][203]LogModuleManager: Shutting down and abandoning module SettingsEditor (406)
[2018.01.27-00.30.17:202][203]LogModuleManager: Shutting down and abandoning module ProjectLauncher (404)
[2018.01.27-00.30.17:222][203]LogModuleManager: Shutting down and abandoning module SessionFrontend (402)
[2018.01.27-00.30.17:223][203]LogModuleManager: Shutting down and abandoning module ProfilerClient (400)
[2018.01.27-00.30.17:245][203]LogModuleManager: Shutting down and abandoning module DeviceManager (398)
[2018.01.27-00.30.17:245][203]LogModuleManager: Shutting down and abandoning module TargetDeviceServices (397)
[2018.01.27-00.30.17:315][203]LogModuleManager: Shutting down and abandoning module AutomationController (394)
[2018.01.27-00.30.17:330][203]LogModuleManager: Shutting down and abandoning module AutomationWindow (392)
[2018.01.27-00.30.17:399][203]LogModuleManager: Shutting down and abandoning module Layers (390)
[2018.01.27-00.30.17:440][203]LogModuleManager: Shutting down and abandoning module ComponentVisualizers (388)
[2018.01.27-00.30.17:440][203]LogModuleManager: Shutting down and abandoning module DetailCustomizations (386)
[2018.01.27-00.30.17:444][203]LogModuleManager: Shutting down and abandoning module PackagesDialog (384)
[2018.01.27-00.30.17:445][203]LogModuleManager: Shutting down and abandoning module Persona (382)
[2018.01.27-00.30.17:452][203]LogModuleManager: Shutting down and abandoning module AdvancedPreviewScene (381)
[2018.01.27-00.30.17:452][203]LogModuleManager: Shutting down and abandoning module AnimGraph (379)
[2018.01.27-00.30.17:452][203]LogModuleManager: Shutting down and abandoning module Kismet (376)
[2018.01.27-00.30.17:471][203]LogModuleManager: Shutting down and abandoning module ClassViewer (374)
[2018.01.27-00.30.17:471][203]LogModuleManager: Shutting down and abandoning module Toolbox (372)
[2018.01.27-00.30.17:472][203]LogModuleManager: Shutting down and abandoning module ModuleUI (370)
[2018.01.27-00.30.17:483][203]LogModuleManager: Shutting down and abandoning module MovieSceneTools (368)
[2018.01.27-00.30.17:497][203]LogModuleManager: Shutting down and abandoning module OutputLog (366)
[2018.01.27-00.30.17:499][203]LogModuleManager: Shutting down and abandoning module GammaUI (364)
[2018.01.27-00.30.17:507][203]LogModuleManager: Shutting down and abandoning module Documentation (362)
[2018.01.27-00.30.17:507][203]LogModuleManager: Shutting down and abandoning module MovieSceneTracks (360)
[2018.01.27-00.30.17:507][203]LogModuleManager: Shutting down and abandoning module MovieScene (358)
[2018.01.27-00.30.17:507][203]LogModuleManager: Shutting down and abandoning module Niagara (356)
[2018.01.27-00.30.17:507][203]LogModuleManager: Shutting down and abandoning module NiagaraEditor (355)
[2018.01.27-00.30.17:538][203]LogModuleManager: Shutting down and abandoning module StreamingPauseRendering (352)
[2018.01.27-00.30.17:538][203]LogModuleManager: Shutting down and abandoning module LauncherPlatform (350)
[2018.01.27-00.30.17:538][203]LogModuleManager: Shutting down and abandoning module AnalyticsET (348)
[2018.01.27-00.30.17:538][203]LogModuleManager: Shutting down and abandoning module PortalServices (346)
[2018.01.27-00.30.17:538][203]LogModuleManager: Shutting down and abandoning module PortalRpc (344)
[2018.01.27-00.30.17:538][203]LogModuleManager: Shutting down and abandoning module MessagingRpc (342)
[2018.01.27-00.30.17:538][203]LogModuleManager: Shutting down and abandoning module AIModule (340)
[2018.01.27-00.30.17:539][203]LogModuleManager: Shutting down and abandoning module GameplayDebugger (339)
[2018.01.27-00.30.17:539][203]LogModuleManager: Shutting down and abandoning module AITestSuite (337)
[2018.01.27-00.30.17:539][203]LogModuleManager: Shutting down and abandoning module ProfilerService (334)
[2018.01.27-00.30.17:653][203]LogModuleManager: Shutting down and abandoning module TaskGraph (332)
[2018.01.27-00.30.17:667][203]LogModuleManager: Shutting down and abandoning module SteamVRController (330)
[2018.01.27-00.30.17:667][203]LogModuleManager: Shutting down and abandoning module ProceduralMeshComponentEditor (328)
[2018.01.27-00.30.17:667][203]LogModuleManager: Shutting down and abandoning module ProceduralMeshComponent (326)
[2018.01.27-00.30.17:667][203]LogModuleManager: Shutting down and abandoning module OculusInput (324)
[2018.01.27-00.30.17:667][203]LogModuleManager: Shutting down and abandoning module MobilePatchingUtils (322)
[2018.01.27-00.30.17:667][203]LogModuleManager: Shutting down and abandoning module CustomMeshComponent (320)
[2018.01.27-00.30.17:667][203]LogModuleManager: Shutting down and abandoning module CableComponent (318)
[2018.01.27-00.30.17:667][203]LogModuleManager: Shutting down and abandoning module ArchVisCharacter (316)
[2018.01.27-00.30.17:667][203]LogModuleManager: Shutting down and abandoning module AndroidPermission (314)
[2018.01.27-00.30.17:667][203]LogModuleManager: Shutting down and abandoning module MediaPlayerEditor (310)
[2018.01.27-00.30.17:686][203]LogModuleManager: Shutting down and abandoning module HTML5Networking (308)
[2018.01.27-00.30.17:686][203]LogModuleManager: Shutting down and abandoning module AlembicImporter (306)
[2018.01.27-00.30.17:697][203]LogModuleManager: Shutting down and abandoning module AlembicLibrary (305)
[2018.01.27-00.30.17:698][203]LogModuleManager: Shutting down and abandoning module GeometryCache (304)
[2018.01.27-00.30.17:698][203]LogModuleManager: Shutting down and abandoning module GeometryCacheEd (303)
[2018.01.27-00.30.17:698][203]LogModuleManager: Shutting down and abandoning module SpeedTreeImporter (298)
[2018.01.27-00.30.17:698][203]LogModuleManager: Shutting down and abandoning module PluginBrowser (296)
[2018.01.27-00.30.17:708][203]LogModuleManager: Shutting down and abandoning module MobileLauncherProfileWizard (294)
[2018.01.27-00.30.17:718][203]LogModuleManager: Shutting down and abandoning module VisualStudioSourceCodeAccess (292)
[2018.01.27-00.30.17:719][203]LogModuleManager: Shutting down and abandoning module DesktopPlatform (291)
[2018.01.27-00.30.17:726][203]LogModuleManager: Shutting down and abandoning module UObjectPlugin (288)
[2018.01.27-00.30.17:726][203]LogModuleManager: Shutting down and abandoning module SubversionSourceControl (286)
[2018.01.27-00.30.17:726][203]LogModuleManager: Shutting down and abandoning module PerforceSourceControl (284)
[2018.01.27-00.30.17:726][203]LogModuleManager: Shutting down and abandoning module GitSourceControl (282)
[2018.01.27-00.30.17:726][203]LogModuleManager: Shutting down and abandoning module SourceControl (281)
[2018.01.27-00.30.17:726][203]LogModuleManager: Shutting down and abandoning module LightPropagationVolumeEditor (278)
[2018.01.27-00.30.17:726][203]LogModuleManager: Shutting down and abandoning module PaperTiledImporter (276)
[2018.01.27-00.30.17:726][203]LogModuleManager: Shutting down and abandoning module PaperSpriteSheetImporter (274)
[2018.01.27-00.30.17:726][203]LogModuleManager: Shutting down and abandoning module Paper2DEditor (272)
[2018.01.27-00.30.17:733][203]LogModuleManager: Shutting down and abandoning module MeshPaint (271)
[2018.01.27-00.30.17:733][203]LogModuleManager: Shutting down and abandoning module LevelEditor (269)
[2018.01.27-00.30.17:737][203]LogModuleManager: Shutting down and abandoning module PixelInspectorModule (268)
[2018.01.27-00.30.17:737][203]LogModuleManager: Shutting down and abandoning module MainFrame (266)
[2018.01.27-00.30.17:737][203]LogModuleManager: Shutting down and abandoning module HotReload (265)
[2018.01.27-00.30.17:738][203]LogModuleManager: Shutting down and abandoning module RuntimePhysXCooking (260)
[2018.01.27-00.30.17:738][203]LogModuleManager: Shutting down and abandoning module PhysXVehiclesEditor (258)
[2018.01.27-00.30.17:738][203]LogModuleManager: Shutting down and abandoning module PhysXVehicles (256)
[2018.01.27-00.30.17:738][203]LogModuleManager: Shutting down and abandoning module OculusEditor (254)
[2018.01.27-00.30.17:738][203]LogModuleManager: Shutting down and abandoning module LocationServicesBPLibrary (252)
[2018.01.27-00.30.17:738][203]LogModuleManager: Shutting down and abandoning module ImmediatePhysicsEditor (250)
[2018.01.27-00.30.17:738][203]LogModuleManager: Shutting down and abandoning module ImmediatePhysics (248)
[2018.01.27-00.30.17:738][203]LogModuleManager: Shutting down and abandoning module UdpMessaging (246)
[2018.01.27-00.30.17:839][203]LogModuleManager: Shutting down and abandoning module TcpMessaging (244)
[2018.01.27-00.30.17:944][203]LogModuleManager: Shutting down and abandoning module GameplayTagsEditor (242)
[2018.01.27-00.30.17:944][203]LogModuleManager: Shutting down and abandoning module FacialAnimationEditor (240)
[2018.01.27-00.30.17:944][203]LogModuleManager: Shutting down and abandoning module FacialAnimation (238)
[2018.01.27-00.30.17:944][203]LogModuleManager: Shutting down and abandoning module AssetManagerEditor (236)
[2018.01.27-00.30.17:944][203]LogModuleManager: Shutting down and abandoning module GraphEditor (235)
[2018.01.27-00.30.17:944][203]LogModuleManager: Shutting down and abandoning module ContentBrowser (233)
[2018.01.27-00.30.17:945][203]LogModuleManager: Shutting down and abandoning module LightPropagationVolumeRuntime (230)
[2018.01.27-00.30.17:945][203]LogModuleManager: Shutting down and abandoning module Paper2D (228)
[2018.01.27-00.30.17:953][203]LogModuleManager: Shutting down and abandoning module WindowsMoviePlayer (226)
[2018.01.27-00.30.17:953][203]LogModuleManager: Shutting down and abandoning module WmfMedia (224)
[2018.01.27-00.30.17:954][203]LogModuleManager: Shutting down and abandoning module PacketHandler (222)
[2018.01.27-00.30.17:954][203]LogModuleManager: Shutting down and abandoning module ClothingSystemEditor (220)
[2018.01.27-00.30.17:954][203]LogModuleManager: Shutting down and abandoning module ClothingSystemRuntime (218)
[2018.01.27-00.30.17:954][203]LogModuleManager: Shutting down and abandoning module Overlay (216)
[2018.01.27-00.30.17:954][203]LogModuleManager: Shutting down and abandoning module OverlayEditor (215)
[2018.01.27-00.30.17:954][203]LogModuleManager: Shutting down and abandoning module MediaAssets (212)
[2018.01.27-00.30.17:954][203]LogModuleManager: Shutting down and abandoning module VREditor (210)
[2018.01.27-00.30.17:959][203]LogModuleManager: Shutting down and abandoning module StringTableEditor (208)
[2018.01.27-00.30.17:965][203]LogModuleManager: Shutting down and abandoning module GameplayTasksEditor (206)
[2018.01.27-00.30.17:965][203]LogModuleManager: Shutting down and abandoning module BehaviorTreeEditor (204)
[2018.01.27-00.30.17:979][203]LogModuleManager: Shutting down and abandoning module FunctionalTesting (202)
[2018.01.27-00.30.17:979][203]LogModuleManager: Shutting down and abandoning module CollisionAnalyzer (200)
[2018.01.27-00.30.17:979][203]LogModuleManager: Shutting down and abandoning module WorkspaceMenuStructure (199)
[2018.01.27-00.30.17:979][203]LogModuleManager: Shutting down and abandoning module UMG (196)
[2018.01.27-00.30.17:979][203]LogModuleManager: Shutting down and abandoning module UMGEditor (195)
[2018.01.27-00.30.17:979][203]LogModuleManager: Shutting down and abandoning module Sequencer (194)
[2018.01.27-00.30.17:979][203]LogModuleManager: Shutting down and abandoning module MessageLog (191)
[2018.01.27-00.30.17:979][203]LogModuleManager: Shutting down and abandoning module SlateReflector (186)
[2018.01.27-00.30.17:998][203]LogModuleManager: Shutting down and abandoning module Slate (184)
[2018.01.27-00.30.17:998][203]LogModuleManager: Shutting down and abandoning module EditorStyle (182)
[2018.01.27-00.30.18:003][203]LogModuleManager: Shutting down and abandoning module MRMesh (180)
[2018.01.27-00.30.18:003][203]LogModuleManager: Shutting down and abandoning module SourceCodeAccess (178)
[2018.01.27-00.30.18:003][203]LogModuleManager: Shutting down and abandoning module HeadMountedDisplay (176)
[2018.01.27-00.30.18:003][203]LogModuleManager: Shutting down and abandoning module XAudio2 (174)
[2018.01.27-00.30.18:003][203]LogModuleManager: Shutting down and abandoning module Networking (172)
[2018.01.27-00.30.18:003][203]LogModuleManager: Shutting down and abandoning module Core (168)
[2018.01.27-00.30.18:003][203]LogModuleManager: Shutting down and abandoning module KismetCompiler (164)
[2018.01.27-00.30.18:003][203]LogModuleManager: Shutting down and abandoning module LevelSequence (162)
[2018.01.27-00.30.18:003][203]LogModuleManager: Shutting down and abandoning module MeshUtilities (160)
[2018.01.27-00.30.18:020][203]LogModuleManager: Shutting down and abandoning module MeshMergeUtilities (159)
[2018.01.27-00.30.18:020][203]LogModuleManager: Shutting down and abandoning module MeshReductionInterface (158)
[2018.01.27-00.30.18:020][203]LogModuleManager: Shutting down and abandoning module SimplygonSwarm (157)
[2018.01.27-00.30.18:026][203]LogModuleManager: Shutting down and abandoning module SimplygonMeshReduction (155)
[2018.01.27-00.30.18:026][203]LogModuleManager: Shutting down and abandoning module QuadricMeshReduction (153)
[2018.01.27-00.30.18:026][203]LogModuleManager: Shutting down and abandoning module MaterialBaking (149)
[2018.01.27-00.30.18:026][203]LogModuleManager: Shutting down and abandoning module DirectoryWatcher (146)
[2018.01.27-00.30.18:027][203]LogModuleManager: Shutting down and abandoning module DerivedDataCache (144)
[2018.01.27-00.30.18:126][203]LogDerivedDataCache: Shutdown
[2018.01.27-00.30.18:126][203]LogModuleManager: Shutting down and abandoning module TargetPlatform (142)
[2018.01.27-00.30.18:126][203]LogModuleManager: Shutting down and abandoning module VulkanShaderFormat (141)
[2018.01.27-00.30.18:131][203]LogModuleManager: Shutting down and abandoning module ShaderFormatVectorVM (139)
[2018.01.27-00.30.18:137][203]LogModuleManager: Shutting down and abandoning module ShaderFormatOpenGL (137)
[2018.01.27-00.30.18:144][203]LogModuleManager: Shutting down and abandoning module ShaderFormatD3D (135)
[2018.01.27-00.30.18:144][203]LogModuleManager: Shutting down and abandoning module MetalShaderFormat (133)
[2018.01.27-00.30.18:151][203]LogModuleManager: Shutting down and abandoning module TextureFormatUncompressed (131)
[2018.01.27-00.30.18:152][203]LogModuleManager: Shutting down and abandoning module TextureFormatPVR (129)
[2018.01.27-00.30.18:152][203]LogModuleManager: Shutting down and abandoning module TextureFormatDXT (127)
[2018.01.27-00.30.18:152][203]LogModuleManager: Shutting down and abandoning module TextureFormatIntelISPCTexComp (125)
[2018.01.27-00.30.18:163][203]LogModuleManager: Shutting down and abandoning module TextureFormatASTC (123)
[2018.01.27-00.30.18:164][203]LogModuleManager: Shutting down and abandoning module ImageWrapper (122)
[2018.01.27-00.30.18:164][203]LogModuleManager: Shutting down and abandoning module TextureFormatAndroid (119)
[2018.01.27-00.30.18:164][203]LogModuleManager: Shutting down and abandoning module AudioFormatOpus (117)
[2018.01.27-00.30.18:164][203]LogModuleManager: Shutting down and abandoning module AudioFormatOgg (115)
[2018.01.27-00.30.18:164][203]LogModuleManager: Shutting down and abandoning module AudioFormatADPCM (113)
[2018.01.27-00.30.18:164][203]LogModuleManager: Shutting down and abandoning module LinuxTargetPlatform (111)
[2018.01.27-00.30.18:164][203]LogModuleManager: Shutting down and abandoning module LinuxServerTargetPlatform (109)
[2018.01.27-00.30.18:164][203]LogModuleManager: Shutting down and abandoning module LinuxNoEditorTargetPlatform (107)
[2018.01.27-00.30.18:164][203]LogModuleManager: Shutting down and abandoning module LinuxClientTargetPlatform (105)
[2018.01.27-00.30.18:164][203]LogModuleManager: Shutting down and abandoning module TVOSTargetPlatform (103)
[2018.01.27-00.30.18:164][203]LogModuleManager: Shutting down and abandoning module Messaging (101)
[2018.01.27-00.30.18:164][203]LogModuleManager: Shutting down and abandoning module IOSTargetPlatform (99)
[2018.01.27-00.30.18:164][203]LogModuleManager: Shutting down and abandoning module HTML5TargetPlatform (97)
[2018.01.27-00.30.18:164][203]LogModuleManager: Shutting down and abandoning module Android_PVRTCTargetPlatform (95)
[2018.01.27-00.30.18:164][203]LogModuleManager: Shutting down and abandoning module Android_MultiTargetPlatform (93)
[2018.01.27-00.30.18:164][203]LogModuleManager: Shutting down and abandoning module Android_ETC2TargetPlatform (91)
[2018.01.27-00.30.18:164][203]LogModuleManager: Shutting down and abandoning module Android_ETC1TargetPlatform (89)
[2018.01.27-00.30.18:164][203]LogModuleManager: Shutting down and abandoning module Android_DXTTargetPlatform (87)
[2018.01.27-00.30.18:164][203]LogModuleManager: Shutting down and abandoning module Android_ATCTargetPlatform (85)
[2018.01.27-00.30.18:164][203]LogModuleManager: Shutting down and abandoning module Android_ASTCTargetPlatform (83)
[2018.01.27-00.30.18:164][203]LogModuleManager: Shutting down and abandoning module AndroidTargetPlatform (81)
[2018.01.27-00.30.18:164][203]LogModuleManager: Shutting down and abandoning module WindowsTargetPlatform (79)
[2018.01.27-00.30.18:164][203]LogModuleManager: Shutting down and abandoning module WindowsServerTargetPlatform (77)
[2018.01.27-00.30.18:164][203]LogModuleManager: Shutting down and abandoning module WindowsNoEditorTargetPlatform (75)
[2018.01.27-00.30.18:164][203]LogModuleManager: Shutting down and abandoning module WindowsClientTargetPlatform (73)
[2018.01.27-00.30.18:164][203]LogModuleManager: Shutting down and abandoning module MacTargetPlatform (71)
[2018.01.27-00.30.18:164][203]LogModuleManager: Shutting down and abandoning module MacServerTargetPlatform (69)
[2018.01.27-00.30.18:164][203]LogModuleManager: Shutting down and abandoning module MacNoEditorTargetPlatform (67)
[2018.01.27-00.30.18:164][203]LogModuleManager: Shutting down and abandoning module MacClientTargetPlatform (65)
[2018.01.27-00.30.18:164][203]LogModuleManager: Shutting down and abandoning module AllDesktopTargetPlatform (63)
[2018.01.27-00.30.18:164][203]LogModuleManager: Shutting down and abandoning module InputCore (60)
[2018.01.27-00.30.18:164][203]LogModuleManager: Shutting down and abandoning module Settings (58)
[2018.01.27-00.30.18:164][203]LogModuleManager: Shutting down and abandoning module PhysXCooking (56)
[2018.01.27-00.30.18:165][203]LogModuleManager: Shutting down and abandoning module SteamVR (54)
[2018.01.27-00.30.18:165][203]LogModuleManager: Shutting down and abandoning module OculusHMD (52)
[2018.01.27-00.30.18:165][203]LogModuleManager: Shutting down and abandoning module ExampleDeviceProfileSelector (50)
[2018.01.27-00.30.18:165][203]LogModuleManager: Shutting down and abandoning module OnlineBlueprintSupport (48)
[2018.01.27-00.30.18:165][203]LogModuleManager: Shutting down and abandoning module OnlineSubsystem (44)
[2018.01.27-00.30.18:165][203]LogOnline: Display: Unloading online subsystem: NULL
[2018.01.27-00.30.18:180][203]LogModuleManager: Shutting down and abandoning module XMPP (43)
[2018.01.27-00.30.18:235][203]LogModuleManager: Shutting down and abandoning module HTTP (41)
[2018.01.27-00.30.18:235][203]LogHttp: Display: Http module shutting down, but needs to wait on 1 outstanding Http requests:
[2018.01.27-00.30.18:236][203]LogHttp: Display: 	verb=[POST] url=[https://datarouter.ol.epicgames.com/datarouter/api/v1/public/data?SessionID=%7BDA4F066D-4C42-9F91-1AB2-8E96F0B82D80%7D&AppID=UEEditor.Rocket.Release&AppVersion=4.17.2-3658906%2B%2B%2BUE4%2BRelease-4.17&UserID=3691cf284ca1f1681c3051979cb06f41%7C88057b4134714c0f98d798880975d3e9%7C75c10d2f-5615-4ca6-9c94-8a26968e32be&AppEnvironment=datacollector-binary&UploadType=eteventstream] status=Processing
[2018.01.27-00.30.18:257][203]LogModuleManager: Shutting down and abandoning module SSL (40)
[2018.01.27-00.30.18:269][203]LogModuleManager: Shutting down and abandoning module AnimationModifiers (36)
[2018.01.27-00.30.18:280][203]LogModuleManager: Shutting down and abandoning module PropertyEditor (35)
[2018.01.27-00.30.18:280][203]LogModuleManager: Shutting down and abandoning module AudioEditor (32)
[2018.01.27-00.30.18:280][203]LogModuleManager: Shutting down and abandoning module TextureCompressor (30)
[2018.01.27-00.30.18:280][203]LogModuleManager: Shutting down and abandoning module ShaderCore (28)
[2018.01.27-00.30.18:280][203]LogModuleManager: Shutting down and abandoning module Landscape (26)
[2018.01.27-00.30.18:280][203]LogModuleManager: Shutting down and abandoning module SlateRHIRenderer (24)
[2018.01.27-00.30.18:313][203]LogModuleManager: Shutting down and abandoning module OpenGLDrv (22)
[2018.01.27-00.30.18:318][203]LogModuleManager: Shutting down and abandoning module D3D11RHI (20)
[2018.01.27-00.30.18:318][203]LogModuleManager: Shutting down and abandoning module AnimGraphRuntime (18)
[2018.01.27-00.30.18:328][203]LogModuleManager: Shutting down and abandoning module Renderer (16)
[2018.01.27-00.30.18:328][203]LogModuleManager: Shutting down and abandoning module Engine (14)
[2018.01.27-00.30.18:328][203]LogModuleManager: Shutting down and abandoning module CoreUObject (12)
[2018.01.27-00.30.18:328][203]LogModuleManager: Shutting down and abandoning module NetworkFile (10)
[2018.01.27-00.30.18:328][203]LogModuleManager: Shutting down and abandoning module CookedIterativeFile (8)
[2018.01.27-00.30.18:328][203]LogModuleManager: Shutting down and abandoning module StreamingFile (6)
[2018.01.27-00.30.18:328][203]LogModuleManager: Shutting down and abandoning module SandboxFile (4)
[2018.01.27-00.30.18:328][203]LogModuleManager: Shutting down and abandoning module PakFile (2)
[2018.01.27-00.30.18:362][203]LogExit: Exiting.
[2018.01.27-00.30.18:394][203]Log file closed, 01/26/18 20:30:18
