Log file open, 05/13/18 19:42:08
LogWindows: Failed to load 'aqProf.dll' (GetLastError=126)
LogWindows: File 'aqProf.dll' does not exist
LogWindows: Failed to load 'VSPerf140.dll' (GetLastError=126)
LogWindows: File 'VSPerf140.dll' does not exist
LogWindows: Failed to load 'VtuneApi.dll' (GetLastError=126)
LogWindows: File 'VtuneApi.dll' does not exist
LogWindows: Failed to load 'VtuneApi32e.dll' (GetLastError=126)
LogWindows: File 'VtuneApi32e.dll' does not exist
LogInit: Display: Running engine for game: RISE_GAME
LogPlatformFile: Not using cached read wrapper
LogInit: Display: RandInit(-2026088867) SRandInit(-2026088867).
LogTaskGraph: Started task graph with 5 named threads and 14 total threads with 3 sets of task threads.
LogStats: Stats thread started at 0.318076
LogD3D11RHI: Aftermath initialized
LogPluginManager: Mounting plugin LightPropagationVolume
LogPluginManager: Mounting plugin GitSourceControl
LogPluginManager: Mounting plugin PerforceSourceControl
LogPluginManager: Mounting plugin SubversionSourceControl
LogPluginManager: Mounting plugin UObjectPlugin
LogPluginManager: Mounting plugin VisualStudioSourceCodeAccess
LogPluginManager: Mounting plugin AssetManagerEditor
LogPluginManager: Mounting plugin AudioCapture
LogPluginManager: Mounting plugin GameplayTagsEditor
LogPluginManager: Mounting plugin MobileLauncherProfileWizard
LogPluginManager: Mounting plugin PluginBrowser
LogPluginManager: Mounting plugin SpeedTreeImporter
LogPluginManager: Mounting plugin CharacterAI
LogPluginManager: Mounting plugin AndroidMedia
LogPluginManager: Mounting plugin MediaPlayerEditor
LogPluginManager: Mounting plugin WmfMedia
LogPluginManager: Mounting plugin TcpMessaging
LogPluginManager: Mounting plugin UdpMessaging
LogPluginManager: Mounting plugin LevelSequenceEditor
LogPluginManager: Mounting plugin MatineeToLevelSequence
LogPluginManager: Mounting plugin OnlineSubsystemGooglePlay
LogPluginManager: Mounting plugin OnlineSubsystem
LogPluginManager: Mounting plugin OnlineSubsystemNull
LogPluginManager: Mounting plugin OnlineSubsystemUtils
LogPluginManager: Mounting plugin AndroidDeviceProfileSelector
LogPluginManager: Mounting plugin AndroidMoviePlayer
LogPluginManager: Mounting plugin AndroidPermission
LogPluginManager: Mounting plugin ArchVisCharacter
LogPluginManager: Mounting plugin CableComponent
LogPluginManager: Mounting plugin ExampleDeviceProfileSelector
LogPluginManager: Mounting plugin ImmediatePhysics
LogPluginManager: Mounting plugin LocationServicesBPLibrary
LogPluginManager: Mounting plugin MobilePatchingUtils
LogPluginManager: Mounting plugin ProceduralMeshComponent
LogPluginManager: Mounting plugin RuntimePhysXCooking
LogPluginManager: Mounting plugin SlateRemote
LogInit: Using libcurl 7.47.1
LogInit:  - built for x86_64-pc-win32
LogInit:  - supports SSL with OpenSSL/1.0.2g
LogInit:  - supports HTTP deflate (compression) using libz 1.2.8
LogInit:  - other features:
LogInit:      CURL_VERSION_SSL
LogInit:      CURL_VERSION_LIBZ
LogInit:      CURL_VERSION_IPV6
LogInit:      CURL_VERSION_ASYNCHDNS
LogInit:      CURL_VERSION_LARGEFILE
LogInit:      CURL_VERSION_IDN
LogInit:  CurlRequestOptions (configurable via config and command line):
LogInit:  - bVerifyPeer = false  - Libcurl will NOT verify peer certificate
LogInit:  - bUseHttpProxy = false  - Libcurl will NOT use HTTP proxy
LogInit:  - bDontReuseConnections = false  - Libcurl will reuse connections
LogInit:  - CertBundlePath = nullptr  - Libcurl will use whatever was configured at build time.
LogInit: Build: ++UE4+Release-4.17-CL-3658906
LogInit: Engine Version: 4.17.2-3658906+++UE4+Release-4.17
LogInit: Compatible Engine Version: 4.17.0-3573198+++UE4+Release-4.17
LogInit: Net CL: 3573198
LogDevObjectVersion: Number of dev versions registered: 16
LogDevObjectVersion:   Dev-Blueprints (B0D832E4-1F89-4F0D-ACCF-7EB736FD4AA2): 10
LogDevObjectVersion:   Dev-Build (E1C64328-A22C-4D53-A36C-8E866417BD8C): 0
LogDevObjectVersion:   Dev-Core (375EC13C-06E4-48FB-B500-84F0262A717E): 2
LogDevObjectVersion:   Dev-Editor (E4B068ED-F494-42E9-A231-DA0B2E46BB41): 20
LogDevObjectVersion:   Dev-Framework (CFFC743F-43B0-4480-9391-14DF171D2073): 28
LogDevObjectVersion:   Dev-Mobile (B02B49B5-BB20-44E9-A304-32B752E40360): 0
LogDevObjectVersion:   Dev-Networking (A4E4105C-59A1-49B5-A7C5-40C4547EDFEE): 0
LogDevObjectVersion:   Dev-Online (39C831C9-5AE6-47DC-9A44-9C173E1C8E7C): 0
LogDevObjectVersion:   Dev-Physics (78F01B33-EBEA-4F98-B9B4-84EACCB95AA2): 0
LogDevObjectVersion:   Dev-Platform (6631380F-2D4D-43E0-8009-CF276956A95A): 0
LogDevObjectVersion:   Dev-Rendering (12F88B9F-8875-4AFC-A67C-D90C383ABD29): 19
LogDevObjectVersion:   Dev-Sequencer (7B5AE74C-D270-4C10-A958-57980B212A5A): 4
LogDevObjectVersion:   Dev-VR (D7296918-1DD6-4BDD-9DE2-64A83CC13884): 0
LogDevObjectVersion:   Dev-LoadTimes (C2A15278-BFE7-4AFE-6C17-90FF531DF755): 1
LogDevObjectVersion:   Private-Geometry (6EACA3D4-40EC-4CC1-B786-8BED09428FC5): 1
LogDevObjectVersion:   Dev-AnimPhys (29E575DD-E0A3-4627-9D10-D276232CDCEA): 7
LogInit: Compiled (64-bit): Sep 22 2017 13:47:16
LogInit: Compiled with Visual C++: 19.00.24215.01
LogInit: Build Configuration: Development
LogInit: Branch Name: ++UE4+Release-4.17
LogInit: Command line:  
LogInit: Base directory: C:/Program Files/Epic Games/UE_4.17/Engine/Binaries/Win64/
LogInit: Installed Engine Build: 1
LogInit: Presizing for max 8388607 objects, including 0 objects not considered by GC, pre-allocating 0 bytes for permanent pool.
LogInit: Object subsystem initialized
[2018.05.13-23.42.09:448][  0]LogInit: Selected Device Profile: [Windows]
[2018.05.13-23.42.09:448][  0]LogInit: Applying CVar settings loaded from the selected device profile: [Windows]
[2018.05.13-23.42.09:484][  0]LogInit: Computer: LAPTOP-EBH0JGK7
[2018.05.13-23.42.09:484][  0]LogInit: User: MoltenOwl
[2018.05.13-23.42.09:484][  0]LogInit: CPU Page size=4096, Cores=4
[2018.05.13-23.42.09:485][  0]LogInit: High frequency timer resolution =2.339363 MHz
[2018.05.13-23.42.09:485][  0]LogMemory: Memory total: Physical=11.5GB (12GB approx)
[2018.05.13-23.42.09:485][  0]LogMemory: Platform Memory Stats for Windows
[2018.05.13-23.42.09:485][  0]LogMemory: Process Physical Memory: 277.43 MB used, 277.43 MB peak
[2018.05.13-23.42.09:485][  0]LogMemory: Process Virtual Memory: 273.90 MB used, 273.90 MB peak
[2018.05.13-23.42.09:485][  0]LogMemory: Physical Memory: 3847.96 MB used,  7895.16 MB free, 11743.12 MB total
[2018.05.13-23.42.09:485][  0]LogMemory: Virtual Memory: 702.71 MB used,  7895.16 MB free, 134217728.00 MB total
[2018.05.13-23.42.09:913][  0]LogInit: Using OS detected language (en-US).
[2018.05.13-23.42.09:913][  0]LogInit: Using OS detected locale (en-US).
[2018.05.13-23.42.09:923][  0]LogTextLocalizationManager: No specific localization for 'en-US' exists, so the 'en' localization will be used.
[2018.05.13-23.42.11:461][  0]LogD3D11RHI: D3D11 adapters:
[2018.05.13-23.42.11:494][  0]LogD3D11RHI:    0. 'AMD Radeon(TM) R5 Graphics' (Feature Level 11_0)
[2018.05.13-23.42.11:494][  0]LogD3D11RHI:       499/0/5871 MB DedicatedVideo/DedicatedSystem/SharedSystem, Outputs:1, VendorId:0x1002
[2018.05.13-23.42.11:500][  0]LogD3D11RHI:    1. 'Microsoft Basic Render Driver' (Feature Level 11_0)
[2018.05.13-23.42.11:500][  0]LogD3D11RHI:       0/0/5871 MB DedicatedVideo/DedicatedSystem/SharedSystem, Outputs:0, VendorId:0x1414
[2018.05.13-23.42.11:500][  0]LogD3D11RHI: Chosen D3D11 Adapter: 0
[2018.05.13-23.42.11:515][  0]LogD3D11RHI: Creating new Direct3DDevice
[2018.05.13-23.42.11:515][  0]LogD3D11RHI:     GPU DeviceId: 0x9874 (for the marketing name, search the web for "GPU Device Id")
[2018.05.13-23.42.11:515][  0]LogWindows: EnumDisplayDevices:
[2018.05.13-23.42.11:516][  0]LogWindows:    0. 'AMD Radeon(TM) R5 Graphics' (P:1 D:1)
[2018.05.13-23.42.11:516][  0]LogWindows:    1. 'AMD Radeon(TM) R5 Graphics' (P:0 D:0)
[2018.05.13-23.42.11:516][  0]LogWindows:    2. 'AMD Radeon(TM) R5 Graphics' (P:0 D:0)
[2018.05.13-23.42.11:517][  0]LogWindows: DebugString: GetVideoDriverDetailsInvalid PrimaryIsNotTheChoosenAdapter GetVideoDriverDetailsInvalid PrimaryIsNotTheChoosenAdapter GetVideoDriverDetailsInvalid PrimaryIsNotTheChoosenAdapter FoundDriverCount:0 
[2018.05.13-23.42.11:517][  0]LogD3D11RHI:     Adapter Name: AMD Radeon(TM) R5 Graphics
[2018.05.13-23.42.11:517][  0]LogD3D11RHI:   Driver Version: Unknown (internal:Unknown, unified:Unknown)
[2018.05.13-23.42.11:517][  0]LogD3D11RHI:      Driver Date: Unknown
[2018.05.13-23.42.11:517][  0]LogRHI: Texture pool is 349 MB (70% of 499 MB)
[2018.05.13-23.42.11:592][  0]LogD3D11RHI: Async texture creation enabled
[2018.05.13-23.42.11:620][  0]LogD3D11RHI: GPU Timing Frequency: 100.000000 (Debug: 2 1)
[2018.05.13-23.42.11:622][  0]LogShaderCompilers: Guid format shader working directory is -20 characters bigger than the processId version (../../../../../../Users/MoltenOwl/Documents/GitHub/RISE-Mobile/RISE_GAME/Intermediate/Shaders/WorkingDirectory/32/).
[2018.05.13-23.42.11:622][  0]LogShaderCompilers: Cleaned the shader compiler working directory 'C:/Users/MoltenOwl/AppData/Local/Temp/UnrealShaderWorkingDir/2CC58E8341F18BC025F36EA5B219699C/'.
[2018.05.13-23.42.11:623][  0]LogShaderCompilers: Display: Using Local Shader Compiler.
[2018.05.13-23.42.14:117][  0]LogTemp: Display: Loaded TP AllDesktopTargetPlatform
[2018.05.13-23.42.14:219][  0]LogTemp: Display: Loaded TP MacClientTargetPlatform
[2018.05.13-23.42.14:328][  0]LogTemp: Display: Loaded TP MacNoEditorTargetPlatform
[2018.05.13-23.42.14:438][  0]LogTemp: Display: Loaded TP MacServerTargetPlatform
[2018.05.13-23.42.14:546][  0]LogTemp: Display: Loaded TP MacTargetPlatform
[2018.05.13-23.42.14:650][  0]LogTemp: Display: Loaded TP WindowsClientTargetPlatform
[2018.05.13-23.42.14:752][  0]LogTemp: Display: Loaded TP WindowsNoEditorTargetPlatform
[2018.05.13-23.42.14:862][  0]LogTemp: Display: Loaded TP WindowsServerTargetPlatform
[2018.05.13-23.42.14:961][  0]LogTemp: Display: Loaded TP WindowsTargetPlatform
[2018.05.13-23.42.15:073][  0]LogTemp: Display: Loaded TP AndroidTargetPlatform
[2018.05.13-23.42.15:178][  0]LogTemp: Display: Loaded TP Android_ASTCTargetPlatform
[2018.05.13-23.42.15:309][  0]LogTemp: Display: Loaded TP Android_ATCTargetPlatform
[2018.05.13-23.42.15:447][  0]LogTemp: Display: Loaded TP Android_DXTTargetPlatform
[2018.05.13-23.42.15:584][  0]LogTemp: Display: Loaded TP Android_ETC1TargetPlatform
[2018.05.13-23.42.15:727][  0]LogTemp: Display: Loaded TP Android_ETC2TargetPlatform
[2018.05.13-23.42.16:016][  0]LogTemp: Display: Loaded TP Android_MultiTargetPlatform
[2018.05.13-23.42.16:017][  0]LogTemp: Display: Loaded TP Android_PVRTCTargetPlatform
[2018.05.13-23.42.16:125][  0]LogTemp: Display: Loaded TP HTML5TargetPlatform
[2018.05.13-23.42.16:344][  0]LogTemp: Display: Loaded TP IOSTargetPlatform
[2018.05.13-23.42.16:425][  0]LogTemp: Display: Loaded TP TVOSTargetPlatform
[2018.05.13-23.42.16:572][  0]LogTemp: Display: Loaded TP LinuxClientTargetPlatform
[2018.05.13-23.42.16:709][  0]LogTemp: Display: Loaded TP LinuxNoEditorTargetPlatform
[2018.05.13-23.42.16:844][  0]LogTemp: Display: Loaded TP LinuxServerTargetPlatform
[2018.05.13-23.42.16:984][  0]LogTemp: Display: Loaded TP LinuxTargetPlatform
[2018.05.13-23.42.16:985][  0]LogTargetPlatformManager: Display: Building Assets For Windows
[2018.05.13-23.42.18:286][  0]LogDerivedDataCache: Display: Max Cache Size: 512 MB
[2018.05.13-23.42.18:522][  0]LogDerivedDataCache: Loaded boot cache 0.24s 92MB C:/Users/MoltenOwl/AppData/Local/UnrealEngine/4.17/DerivedDataCache/Boot.ddc.
[2018.05.13-23.42.18:523][  0]LogDerivedDataCache: Display: Loaded Boot cache: C:/Users/MoltenOwl/AppData/Local/UnrealEngine/4.17/DerivedDataCache/Boot.ddc
[2018.05.13-23.42.18:523][  0]LogDerivedDataCache: FDerivedDataBackendGraph:  Pak pak cache file ../../../../../../Users/MoltenOwl/Documents/GitHub/RISE-Mobile/RISE_GAME/DerivedDataCache/DDC.ddp not found, will not use a pak cache.
[2018.05.13-23.42.18:523][  0]LogDerivedDataCache: Unable to find inner node Pak for hierarchical cache Hierarchy.
[2018.05.13-23.42.18:523][  0]LogDerivedDataCache: FDerivedDataBackendGraph:  CompressedPak pak cache file ../../../../../../Users/MoltenOwl/Documents/GitHub/RISE-Mobile/RISE_GAME/DerivedDataCache/Compressed.ddp not found, will not use a pak cache.
[2018.05.13-23.42.18:523][  0]LogDerivedDataCache: Unable to find inner node CompressedPak for hierarchical cache Hierarchy.
[2018.05.13-23.42.18:558][  0]LogDerivedDataCache: Display: Pak cache opened for reading ../../../Engine/DerivedDataCache/Compressed.ddp.
[2018.05.13-23.42.18:572][  0]LogDerivedDataCache: Using Local data cache path C:/Users/MoltenOwl/AppData/Local/UnrealEngine/Common/DerivedDataCache: Writable
[2018.05.13-23.42.18:598][  0]LogMaterial: Verifying Global Shaders for PCD3D_SM5
[2018.05.13-23.42.18:599][  0]LogSlate: Using Freetype 2.6.0
[2018.05.13-23.42.18:601][  0]LogSlate: SlateFontCache - WITH_FREETYPE: 1, WITH_HARFBUZZ: 1
[2018.05.13-23.42.18:601][  0]LogSlate: SlateFontCache - WITH_FREETYPE: 1, WITH_HARFBUZZ: 1
[2018.05.13-23.42.19:243][  0]LogAssetRegistry: FAssetRegistry took 0.0343 seconds to start up
[2018.05.13-23.42.19:612][  0]LogInit: Selected Device Profile: [Windows]
[2018.05.13-23.42.20:061][  0]LogContentStreaming: Texture pool size is 0.00 MB
[2018.05.13-23.42.20:947][  0]LogSimplygon: Simplygon DLL not present - disabling.
[2018.05.13-23.42.21:077][  0]LogMeshReduction: Using SimplygonSwarm for distributed automatic mesh merging
[2018.05.13-23.42.21:077][  0]LogMeshReduction: Using QuadricMeshReduction for automatic static mesh reduction
[2018.05.13-23.42.21:077][  0]LogMeshReduction: No automatic skeletal mesh reduction module available
[2018.05.13-23.42.21:077][  0]LogMeshReduction: No automatic mesh merging module available
[2018.05.13-23.42.21:077][  0]LogMeshMerging: No automatic mesh merging module available
[2018.05.13-23.42.21:991][  0]LogNetVersion: RISE_GAME , NetCL: 3573198, EngineNetVer: 2, GameNetVer: 0 (Checksum: 1739909859)
[2018.05.13-23.42.22:496][  0]LogPackageLocalizationCache: Processed 2 localized package path(s) for 2 prioritized culture(s) in 0.050392 seconds
[2018.05.13-23.42.22:510][  0]LogUObjectArray: 35418 objects as part of root set at end of initial load.
[2018.05.13-23.42.22:510][  0]LogUObjectAllocator: 7448088 out of 0 bytes used by permanent object pool.
[2018.05.13-23.42.22:510][  0]LogUObjectArray: CloseDisregardForGC: 0/0 objects in disregard for GC pool
[2018.05.13-23.42.22:693][  0]LogInit: WinSock: version 1.1 (2.2), MaxSocks=32767, MaxUdp=65467
[2018.05.13-23.42.29:142][  0]LogTcpMessaging: Initializing TcpMessaging bridge
[2018.05.13-23.42.29:237][  0]LogUdpMessaging: Initializing bridge on interface 0.0.0.0:0 to multicast group 230.0.0.1:6666.
[2018.05.13-23.42.30:317][  0]SourceControl: Source control is disabled
[2018.05.13-23.42.30:317][  0]SourceControl: Source control is disabled
[2018.05.13-23.42.30:466][  0]SourceControl: Source control is disabled
[2018.05.13-23.42.30:613][  0]SourceControl: Source control is disabled
[2018.05.13-23.42.31:989][  0]LogAndroidPermission: UAndroidPermissionCallbackProxy::GetInstance
[2018.05.13-23.42.33:119][  0]LogEngine: Initializing Engine...
[2018.05.13-23.42.33:649][  0]LogStats: UGameplayTagsManager::ConstructGameplayTagTree: Construct from data asset -  0.000 s
[2018.05.13-23.42.33:649][  0]LogStats: UGameplayTagsManager::ConstructGameplayTagTree: GameplayTagTreeChangedEvent.Broadcast -  0.000 s
[2018.05.13-23.42.34:050][  0]LogAIModule: Creating AISystem for world Untitled
[2018.05.13-23.42.34:067][  0]LogInit: XAudio2 using 'Speaker/Headphone (Realtek High Definition Audio)' : 2 channels at 48 kHz using 32 bits per sample (channel mask 0x3)
[2018.05.13-23.42.34:384][  0]LogInit: FAudioDevice initialized.
[2018.05.13-23.42.34:643][  0]LogDerivedDataCache: Saved boot cache 0.26s 92MB C:/Users/MoltenOwl/AppData/Local/UnrealEngine/4.17/DerivedDataCache/Boot.ddc.
[2018.05.13-23.42.34:673][  0]LogInit: Texture streaming: Enabled
[2018.05.13-23.42.34:733][  0]LogMaterial: Uniform references updated for custom material expression Custom.
[2018.05.13-23.42.35:164][  0]LogEngineSessionManager: EngineSessionManager initialized
[2018.05.13-23.42.35:949][  0]LogInit: Transaction tracking system initialized
[2018.05.13-23.42.37:019][  0]BlueprintLog: New page: Editor Load
[2018.05.13-23.42.39:594][  0]LocalizationService: Localization service is disabled
[2018.05.13-23.42.41:882][  0]LogConsoleResponse: Display: 
[2018.05.13-23.42.42:383][  0]LogCook: Display: Max memory allowance for cook 16384mb min free memory 0mb
[2018.05.13-23.42.42:383][  0]LogCook: Display: Mobile HDR setting 1
[2018.05.13-23.42.42:383][  0]LogGameplayTags: Display: UGameplayTagsManager::DoneAddingNativeTags. DelegateIsBound: 0
[2018.05.13-23.42.42:817][  0]LogFileCache: Scanning file cache for directory 'C:/Users/MoltenOwl/Documents/GitHub/RISE-Mobile/RISE_GAME/Content/' took 0.02s
[2018.05.13-23.42.45:053][  0]SourceControl: Source control is disabled
[2018.05.13-23.42.45:053][  0]Cmd: MAP LOAD FILE="../../../../../../Users/MoltenOwl/Documents/GitHub/RISE-Mobile/RISE_GAME/Content/SideScrollerBP/Maps/SideScrollerExampleMap.umap" TEMPLATE=0 SHOWPROGRESS=1 FEATURELEVEL=3
[2018.05.13-23.42.45:054][  0]LightingResults: New page: Lighting Build
[2018.05.13-23.42.45:145][  0]MapCheck: New page: Map Check
[2018.05.13-23.42.45:146][  0]LightingResults: New page: Lighting Build
[2018.05.13-23.42.48:604][  0]LogAIModule: Creating AISystem for world SideScrollerExampleMap
[2018.05.13-23.42.48:630][  0]LogEditorServer: Finished looking for orphan Actors (0.000 secs)
[2018.05.13-23.42.48:713][  0]Cmd: MAP CHECKDEP NOCLEARLOG
[2018.05.13-23.42.48:916][  0]MapCheck: Map check complete: 0 Error(s), 0 Warning(s), took 202.869ms to complete.
[2018.05.13-23.42.48:917][  0]LogFileHelpers: Loading map 'SideScrollerExampleMap' took 3.864
[2018.05.13-23.42.49:187][  0]LogCollectionManager: Loaded 0 collections in 0.005790 seconds
[2018.05.13-23.42.49:350][  0]LogFileCache: Scanning file cache for directory 'C:/Users/MoltenOwl/Documents/GitHub/RISE-Mobile/RISE_GAME/Saved/Collections/' took 0.01s
[2018.05.13-23.42.49:351][  0]LogFileCache: Scanning file cache for directory 'C:/Users/MoltenOwl/Documents/GitHub/RISE-Mobile/RISE_GAME/Content/Developers/MoltenOwl/Collections/' took 0.01s
[2018.05.13-23.42.49:351][  0]LogFileCache: Scanning file cache for directory 'C:/Users/MoltenOwl/Documents/GitHub/RISE-Mobile/RISE_GAME/Content/Collections/' took 0.01s
[2018.05.13-23.42.49:351][  0]LogCollectionManager: Rebuilt the GUID cache for 0 collections in 0.000001 seconds
[2018.05.13-23.42.49:373][  0]LogContentBrowser: Native class hierarchy populated in 0.0219 seconds. Added 2312 classes and 451 folders.
[2018.05.13-23.42.49:550][  0]LogContentBrowser: Native class hierarchy updated for 'WidgetCarousel' in 0.0014 seconds. Added 0 classes and 0 folders.
[2018.05.13-23.42.49:689][  0]LogContentBrowser: Native class hierarchy updated for 'AddContentDialog' in 0.0015 seconds. Added 0 classes and 0 folders.
[2018.05.13-23.42.49:811][  0]LogContentBrowser: Native class hierarchy updated for 'SceneOutliner' in 0.0018 seconds. Added 1 classes and 2 folders.
[2018.05.13-23.42.50:011][  0]LogContentBrowser: Native class hierarchy updated for 'HierarchicalLODOutliner' in 0.0016 seconds. Added 1 classes and 2 folders.
[2018.05.13-23.42.50:011][  0]LogLoad: (Engine Initialization) Total time: 44.75 seconds
[2018.05.13-23.42.50:011][  0]LogLoad: (Engine Initialization) Total Blueprint compile time: 0.00 seconds
[2018.05.13-23.42.50:012][  0]LogExternalProfiler: No external profilers were discovered.  External profiling features will not be available.
[2018.05.13-23.42.50:394][  0]LogContentStreaming: Texture pool size now 1000 MB
[2018.05.13-23.42.50:396][  0]LogSlate: Took 0.000556 seconds to synchronously load lazily loaded font '../../../Engine/Content/Slate/Fonts/Roboto-Regular.ttf' (155K)
[2018.05.13-23.42.50:401][  0]LogSlate: Took 0.000522 seconds to synchronously load lazily loaded font '../../../Engine/Content/Slate/Fonts/Roboto-Bold.ttf' (160K)
[2018.05.13-23.42.50:410][  0]LogSlate: Took 0.000497 seconds to synchronously load lazily loaded font '../../../Engine/Content/Editor/Slate/Fonts/FontAwesome.ttf' (139K)
[2018.05.13-23.42.50:677][  0]LogSlate: Took 0.000604 seconds to synchronously load lazily loaded font '../../../Engine/Content/Slate/Fonts/Roboto-Light.ttf' (159K)
[2018.05.13-23.42.50:742][  1]LogFileCache: Retrieving MD5 hashes for directory 'C:/Users/MoltenOwl/Documents/GitHub/RISE-Mobile/RISE_GAME/Content/' took 0.37s
[2018.05.13-23.42.50:796][  2]LogRenderer: Reallocating scene render targets to support 788x364 Format 10 NumSamples 1 (Frame:1).
[2018.05.13-23.42.51:798][  3]LogAssetRegistry: Asset discovery search completed in 32.5767 seconds
[2018.05.13-23.42.51:802][  3]LogCollectionManager: Rebuilt the object cache for 0 collections in 0.000002 seconds (found 0 objects)
[2018.05.13-23.42.51:803][  3]LogCollectionManager: Fixed up redirectors for 0 collections in 0.000195 seconds (updated 0 objects)
[2018.05.13-23.42.51:835][  3]LogSlate: Took 0.000559 seconds to synchronously load lazily loaded font '../../../Engine/Content/Slate/Fonts/Roboto-Light.ttf' (159K)
[2018.05.13-23.43.09:220][570]LogSlate: Took 0.000616 seconds to synchronously load lazily loaded font '../../../Engine/Content/Slate/Fonts/Roboto-Light.ttf' (159K)
[2018.05.13-23.43.09:837][570]LogSlate: Took 0.000368 seconds to synchronously load lazily loaded font '../../../Engine/Content/Slate/Fonts/Roboto-Regular.ttf' (155K)
[2018.05.13-23.43.10:051][570]LogContentBrowser: Native class hierarchy updated for 'BlueprintGraph' in 0.0022 seconds. Added 113 classes and 0 folders.
[2018.05.13-23.43.11:359][570]LogSlate: Took 0.000557 seconds to synchronously load lazily loaded font '../../../Engine/Content/Editor/Slate/Fonts/Roboto-BoldCondensed.ttf' (158K)
[2018.05.13-23.43.18:198][965]LogSavePackage: Save=24.82ms
[2018.05.13-23.43.18:198][965]LogSavePackage: Moving '../../../../../../Users/MoltenOwl/Documents/GitHub/RISE-Mobile/RISE_GAME/Saved/RestartGameInstanceD9427D02450DF7C4827516B24BD04FF4.tmp' to '../../../../../../Users/MoltenOwl/Documents/GitHub/RISE-Mobile/RISE_GAME/Content/RISE/HUBs/Saves/RestartGameInstance.uasset'
[2018.05.13-23.43.18:206][965]LogSavePackage: Display: Finished SavePackage ../../../../../../Users/MoltenOwl/Documents/GitHub/RISE-Mobile/RISE_GAME/Content/RISE/HUBs/Saves/RestartGameInstance.uasset
[2018.05.13-23.43.20:194][ 84]BlueprintLog: New page: Compile RestartGameInstance
[2018.05.13-23.43.26:158][178]LogSavePackage: Save=158.01ms
[2018.05.13-23.43.26:158][178]LogSavePackage: Moving '../../../../../../Users/MoltenOwl/Documents/GitHub/RISE-Mobile/RISE_GAME/Saved/SideScrollerExampleMap87DD7D03423324B6AFEB85A7EF7F793C.tmp' to '../../../../../../Users/MoltenOwl/Documents/GitHub/RISE-Mobile/RISE_GAME/Content/SideScrollerBP/Maps/SideScrollerExampleMap.umap'
[2018.05.13-23.43.26:170][178]LogSavePackage: Display: Finished SavePackage ../../../../../../Users/MoltenOwl/Documents/GitHub/RISE-Mobile/RISE_GAME/Content/SideScrollerBP/Maps/SideScrollerExampleMap.umap
[2018.05.13-23.43.26:282][178]LogFileHelpers: Saving map 'SideScrollerExampleMap' took 0.582
[2018.05.13-23.43.27:383][211]LogWindowsTextInputMethodSystem: Display: IME system now deactivated.
[2018.05.13-23.43.27:384][211]LogWindowsTextInputMethodSystem: Display: IME system now deactivated.
[2018.05.13-23.43.27:708][212]Cmd: QUIT_EDITOR
[2018.05.13-23.43.27:825][212]LogExit: Preparing to exit.
[2018.05.13-23.43.28:516][212]LogDirectoryWatcher: A directory notification for 'C:/Users/MoltenOwl/Documents/GitHub/RISE-Mobile/RISE_GAME/Content/' was aborted.
[2018.05.13-23.43.28:653][212]LogExit: Editor shut down
[2018.05.13-23.43.28:663][212]LogExit: Transaction tracking system shut down
[2018.05.13-23.43.28:863][212]LogDirectoryWatcher: A directory notification for '../../../Engine/Content/' was aborted.
[2018.05.13-23.43.28:863][212]LogDirectoryWatcher: A directory notification for '../../../../../../Users/MoltenOwl/Documents/GitHub/RISE-Mobile/RISE_GAME/Content/' was aborted.
[2018.05.13-23.43.29:088][212]LogExit: Object subsystem successfully closed.
[2018.05.13-23.43.29:117][212]LogD3D11RHI: Shutdown
[2018.05.13-23.43.29:117][212]LogD3D11RHI: CleanupD3DDevice
[2018.05.13-23.43.29:399][212]LogD3D11RHI: ~FD3D11DynamicRHI
[2018.05.13-23.43.29:441][212]LogModuleManager: Shutting down and abandoning module BlueprintGraph (494)
[2018.05.13-23.43.29:441][212]LogModuleManager: Shutting down and abandoning module BlueprintProfiler (492)
[2018.05.13-23.43.29:442][212]LogModuleManager: Shutting down and abandoning module HierarchicalLODOutliner (490)
[2018.05.13-23.43.29:442][212]LogModuleManager: Shutting down and abandoning module SceneOutliner (488)
[2018.05.13-23.43.29:442][212]LogModuleManager: Shutting down and abandoning module AddContentDialog (486)
[2018.05.13-23.43.29:442][212]LogDirectoryWatcher: A directory notification for 'C:/Program Files/Epic Games/UE_4.17/FeaturePacks/' was aborted.
[2018.05.13-23.43.29:444][212]LogModuleManager: Shutting down and abandoning module WidgetCarousel (485)
[2018.05.13-23.43.29:444][212]LogModuleManager: Shutting down and abandoning module EditorWidgets (482)
[2018.05.13-23.43.29:444][212]LogModuleManager: Shutting down and abandoning module CollectionManager (480)
[2018.05.13-23.43.29:444][212]LogDirectoryWatcher: A directory notification for 'C:/Users/MoltenOwl/Documents/GitHub/RISE-Mobile/RISE_GAME/Content/Collections/' was aborted.
[2018.05.13-23.43.29:445][212]LogDirectoryWatcher: A directory notification for 'C:/Users/MoltenOwl/Documents/GitHub/RISE-Mobile/RISE_GAME/Content/Developers/MoltenOwl/Collections/' was aborted.
[2018.05.13-23.43.29:445][212]LogDirectoryWatcher: A directory notification for 'C:/Users/MoltenOwl/Documents/GitHub/RISE-Mobile/RISE_GAME/Saved/Collections/' was aborted.
[2018.05.13-23.43.29:445][212]LogModuleManager: Shutting down and abandoning module StatsViewer (478)
[2018.05.13-23.43.29:445][212]LogModuleManager: Shutting down and abandoning module FoliageEdit (476)
[2018.05.13-23.43.29:445][212]LogModuleManager: Shutting down and abandoning module LandscapeEditor (474)
[2018.05.13-23.43.29:445][212]LogModuleManager: Shutting down and abandoning module MeshPaintMode (472)
[2018.05.13-23.43.29:445][212]LogModuleManager: Shutting down and abandoning module MeshPaint (471)
[2018.05.13-23.43.29:445][212]LogModuleManager: Shutting down and abandoning module SceneDepthPickerMode (468)
[2018.05.13-23.43.29:445][212]LogModuleManager: Shutting down and abandoning module ActorPickerMode (466)
[2018.05.13-23.43.29:445][212]LogModuleManager: Shutting down and abandoning module GeometryMode (464)
[2018.05.13-23.43.29:445][212]LogModuleManager: Shutting down and abandoning module TextureAlignMode (462)
[2018.05.13-23.43.29:446][212]LogModuleManager: Shutting down and abandoning module BspMode (460)
[2018.05.13-23.43.29:446][212]LogModuleManager: Shutting down and abandoning module PIEPreviewDeviceProfileSelector (458)
[2018.05.13-23.43.29:446][212]LogModuleManager: Shutting down and abandoning module HardwareSurvey (456)
[2018.05.13-23.43.29:446][212]LogModuleManager: Shutting down and abandoning module SequenceRecorderSections (454)
[2018.05.13-23.43.29:446][212]LogModuleManager: Shutting down and abandoning module AutomationWorker (452)
[2018.05.13-23.43.29:446][212]LogModuleManager: Shutting down and abandoning module MatineeToLevelSequence (450)
[2018.05.13-23.43.29:446][212]LogModuleManager: Shutting down and abandoning module LevelSequenceEditor (448)
[2018.05.13-23.43.29:446][212]LogModuleManager: Shutting down and abandoning module PlacementMode (447)
[2018.05.13-23.43.29:446][212]LogModuleManager: Shutting down and abandoning module WmfMediaFactory (444)
[2018.05.13-23.43.29:446][212]LogModuleManager: Shutting down and abandoning module WmfMediaEditor (442)
[2018.05.13-23.43.29:446][212]LogModuleManager: Shutting down and abandoning module AndroidMediaFactory (440)
[2018.05.13-23.43.29:446][212]LogModuleManager: Shutting down and abandoning module Media (439)
[2018.05.13-23.43.29:446][212]LogModuleManager: Shutting down and abandoning module AndroidMediaEditor (436)
[2018.05.13-23.43.29:446][212]LogModuleManager: Shutting down and abandoning module CharacterAI (434)
[2018.05.13-23.43.29:446][212]LogModuleManager: Shutting down and abandoning module AudioCapture (432)
[2018.05.13-23.43.29:446][212]LogModuleManager: Shutting down and abandoning module SequenceRecorder (431)
[2018.05.13-23.43.29:447][212]LogModuleManager: Shutting down and abandoning module SessionServices (428)
[2018.05.13-23.43.29:447][212]LogModuleManager: Shutting down and abandoning module ViewportSnapping (426)
[2018.05.13-23.43.29:447][212]LogModuleManager: Shutting down and abandoning module ViewportInteraction (424)
[2018.05.13-23.43.29:447][212]LogModuleManager: Shutting down and abandoning module ClothPainter (422)
[2018.05.13-23.43.29:447][212]LogModuleManager: Shutting down and abandoning module LogVisualizer (420)
[2018.05.13-23.43.29:447][212]LogModuleManager: Shutting down and abandoning module IntroTutorials (418)
[2018.05.13-23.43.29:447][212]LogModuleManager: Shutting down and abandoning module GameProjectGeneration (417)
[2018.05.13-23.43.29:447][212]LogModuleManager: Shutting down and abandoning module IOSPlatformEditor (414)
[2018.05.13-23.43.29:447][212]LogModuleManager: Shutting down and abandoning module HTML5PlatformEditor (412)
[2018.05.13-23.43.29:447][212]LogModuleManager: Shutting down and abandoning module AndroidPlatformEditor (410)
[2018.05.13-23.43.29:447][212]LogModuleManager: Shutting down and abandoning module AndroidDeviceDetection (409)
[2018.05.13-23.43.30:203][212]LogModuleManager: Shutting down and abandoning module WindowsPlatformEditor (406)
[2018.05.13-23.43.30:203][212]LogModuleManager: Shutting down and abandoning module IOSRuntimeSettings (404)
[2018.05.13-23.43.30:203][212]LogModuleManager: Shutting down and abandoning module AndroidRuntimeSettings (402)
[2018.05.13-23.43.30:203][212]LogModuleManager: Shutting down and abandoning module InputBindingEditor (400)
[2018.05.13-23.43.30:204][212]LogModuleManager: Shutting down and abandoning module MergeActors (398)
[2018.05.13-23.43.30:204][212]LogModuleManager: Shutting down and abandoning module SizeMap (396)
[2018.05.13-23.43.30:204][212]LogModuleManager: Shutting down and abandoning module TreeMap (394)
[2018.05.13-23.43.30:206][212]LogModuleManager: Shutting down and abandoning module ReferenceViewer (392)
[2018.05.13-23.43.30:206][212]LogModuleManager: Shutting down and abandoning module LocalizationDashboard (390)
[2018.05.13-23.43.30:207][212]LogModuleManager: Shutting down and abandoning module LocalizationService (389)
[2018.05.13-23.43.30:207][212]LogModuleManager: Shutting down and abandoning module HardwareTargeting (386)
[2018.05.13-23.43.30:207][212]LogModuleManager: Shutting down and abandoning module DeviceProfileEditor (384)
[2018.05.13-23.43.30:207][212]LogModuleManager: Shutting down and abandoning module UndoHistory (382)
[2018.05.13-23.43.30:207][212]LogModuleManager: Shutting down and abandoning module XmlParser (380)
[2018.05.13-23.43.30:207][212]LogModuleManager: Shutting down and abandoning module Blutility (378)
[2018.05.13-23.43.30:207][212]LogModuleManager: Shutting down and abandoning module ProjectSettingsViewer (376)
[2018.05.13-23.43.30:252][212]LogModuleManager: Shutting down and abandoning module ProjectTargetPlatformEditor (375)
[2018.05.13-23.43.30:253][212]LogModuleManager: Shutting down and abandoning module EditorSettingsViewer (372)
[2018.05.13-23.43.30:253][212]LogModuleManager: Shutting down and abandoning module SettingsEditor (370)
[2018.05.13-23.43.30:253][212]LogModuleManager: Shutting down and abandoning module ProjectLauncher (368)
[2018.05.13-23.43.30:253][212]LogModuleManager: Shutting down and abandoning module SessionFrontend (366)
[2018.05.13-23.43.30:253][212]LogModuleManager: Shutting down and abandoning module ProfilerClient (364)
[2018.05.13-23.43.30:253][212]LogModuleManager: Shutting down and abandoning module DeviceManager (362)
[2018.05.13-23.43.30:254][212]LogModuleManager: Shutting down and abandoning module TargetDeviceServices (361)
[2018.05.13-23.43.30:310][212]LogModuleManager: Shutting down and abandoning module AutomationController (358)
[2018.05.13-23.43.30:310][212]LogModuleManager: Shutting down and abandoning module AutomationWindow (356)
[2018.05.13-23.43.30:310][212]LogModuleManager: Shutting down and abandoning module Layers (354)
[2018.05.13-23.43.30:310][212]LogModuleManager: Shutting down and abandoning module ComponentVisualizers (352)
[2018.05.13-23.43.30:310][212]LogModuleManager: Shutting down and abandoning module DetailCustomizations (350)
[2018.05.13-23.43.30:310][212]LogModuleManager: Shutting down and abandoning module PackagesDialog (348)
[2018.05.13-23.43.30:311][212]LogModuleManager: Shutting down and abandoning module Persona (346)
[2018.05.13-23.43.30:311][212]LogModuleManager: Shutting down and abandoning module AdvancedPreviewScene (345)
[2018.05.13-23.43.30:311][212]LogModuleManager: Shutting down and abandoning module AnimGraph (343)
[2018.05.13-23.43.30:311][212]LogModuleManager: Shutting down and abandoning module Kismet (340)
[2018.05.13-23.43.30:333][212]LogModuleManager: Shutting down and abandoning module LevelEditor (339)
[2018.05.13-23.43.30:336][212]LogModuleManager: Shutting down and abandoning module PixelInspectorModule (338)
[2018.05.13-23.43.30:336][212]LogModuleManager: Shutting down and abandoning module ClassViewer (334)
[2018.05.13-23.43.30:336][212]LogModuleManager: Shutting down and abandoning module Toolbox (332)
[2018.05.13-23.43.30:336][212]LogModuleManager: Shutting down and abandoning module ModuleUI (330)
[2018.05.13-23.43.30:336][212]LogModuleManager: Shutting down and abandoning module MovieSceneTools (328)
[2018.05.13-23.43.30:336][212]LogModuleManager: Shutting down and abandoning module OutputLog (326)
[2018.05.13-23.43.30:336][212]LogModuleManager: Shutting down and abandoning module GammaUI (324)
[2018.05.13-23.43.30:337][212]LogModuleManager: Shutting down and abandoning module Documentation (322)
[2018.05.13-23.43.30:337][212]LogModuleManager: Shutting down and abandoning module MovieSceneTracks (320)
[2018.05.13-23.43.30:337][212]LogModuleManager: Shutting down and abandoning module MovieScene (318)
[2018.05.13-23.43.30:337][212]LogModuleManager: Shutting down and abandoning module GeometryCache (316)
[2018.05.13-23.43.30:337][212]LogModuleManager: Shutting down and abandoning module GeometryCacheEd (315)
[2018.05.13-23.43.30:337][212]LogModuleManager: Shutting down and abandoning module Niagara (312)
[2018.05.13-23.43.30:337][212]LogModuleManager: Shutting down and abandoning module NiagaraEditor (311)
[2018.05.13-23.43.30:337][212]LogModuleManager: Shutting down and abandoning module StreamingPauseRendering (308)
[2018.05.13-23.43.30:337][212]LogModuleManager: Shutting down and abandoning module LauncherPlatform (306)
[2018.05.13-23.43.30:337][212]LogModuleManager: Shutting down and abandoning module AnalyticsET (304)
[2018.05.13-23.43.30:337][212]LogModuleManager: Shutting down and abandoning module PortalServices (302)
[2018.05.13-23.43.30:337][212]LogModuleManager: Shutting down and abandoning module PortalRpc (300)
[2018.05.13-23.43.30:337][212]LogModuleManager: Shutting down and abandoning module MessagingRpc (298)
[2018.05.13-23.43.30:337][212]LogModuleManager: Shutting down and abandoning module AIModule (296)
[2018.05.13-23.43.30:338][212]LogModuleManager: Shutting down and abandoning module GameplayDebugger (295)
[2018.05.13-23.43.30:338][212]LogModuleManager: Shutting down and abandoning module AITestSuite (293)
[2018.05.13-23.43.30:338][212]LogModuleManager: Shutting down and abandoning module ProfilerService (290)
[2018.05.13-23.43.30:368][212]LogModuleManager: Shutting down and abandoning module TaskGraph (288)
[2018.05.13-23.43.30:368][212]LogModuleManager: Shutting down and abandoning module SlateRemote (286)
[2018.05.13-23.43.30:368][212]LogModuleManager: Shutting down and abandoning module ProceduralMeshComponentEditor (284)
[2018.05.13-23.43.30:368][212]LogModuleManager: Shutting down and abandoning module ProceduralMeshComponent (282)
[2018.05.13-23.43.30:368][212]LogModuleManager: Shutting down and abandoning module MobilePatchingUtils (280)
[2018.05.13-23.43.30:368][212]LogModuleManager: Shutting down and abandoning module CableComponent (278)
[2018.05.13-23.43.30:368][212]LogModuleManager: Shutting down and abandoning module ArchVisCharacter (276)
[2018.05.13-23.43.30:368][212]LogModuleManager: Shutting down and abandoning module AndroidPermission (274)
[2018.05.13-23.43.30:369][212]LogModuleManager: Shutting down and abandoning module MediaPlayerEditor (270)
[2018.05.13-23.43.30:369][212]LogModuleManager: Shutting down and abandoning module SpeedTreeImporter (268)
[2018.05.13-23.43.30:370][212]LogModuleManager: Shutting down and abandoning module PluginBrowser (266)
[2018.05.13-23.43.30:370][212]LogModuleManager: Shutting down and abandoning module MainFrame (265)
[2018.05.13-23.43.30:370][212]LogModuleManager: Shutting down and abandoning module MobileLauncherProfileWizard (262)
[2018.05.13-23.43.30:371][212]LogModuleManager: Shutting down and abandoning module VisualStudioSourceCodeAccess (260)
[2018.05.13-23.43.30:371][212]LogModuleManager: Shutting down and abandoning module DesktopPlatform (259)
[2018.05.13-23.43.30:371][212]LogModuleManager: Shutting down and abandoning module HotReload (257)
[2018.05.13-23.43.30:372][212]LogModuleManager: Shutting down and abandoning module UObjectPlugin (254)
[2018.05.13-23.43.30:372][212]LogModuleManager: Shutting down and abandoning module SubversionSourceControl (252)
[2018.05.13-23.43.30:373][212]LogModuleManager: Shutting down and abandoning module PerforceSourceControl (250)
[2018.05.13-23.43.30:373][212]LogModuleManager: Shutting down and abandoning module GitSourceControl (248)
[2018.05.13-23.43.30:373][212]LogModuleManager: Shutting down and abandoning module SourceControl (247)
[2018.05.13-23.43.30:373][212]LogModuleManager: Shutting down and abandoning module LightPropagationVolumeEditor (244)
[2018.05.13-23.43.30:374][212]LogModuleManager: Shutting down and abandoning module RuntimePhysXCooking (242)
[2018.05.13-23.43.30:374][212]LogModuleManager: Shutting down and abandoning module LocationServicesBPLibrary (240)
[2018.05.13-23.43.30:374][212]LogModuleManager: Shutting down and abandoning module ImmediatePhysicsEditor (238)
[2018.05.13-23.43.30:374][212]LogModuleManager: Shutting down and abandoning module ImmediatePhysics (236)
[2018.05.13-23.43.30:374][212]LogModuleManager: Shutting down and abandoning module UdpMessaging (234)
[2018.05.13-23.43.30:547][212]LogModuleManager: Shutting down and abandoning module TcpMessaging (232)
[2018.05.13-23.43.30:659][212]LogModuleManager: Shutting down and abandoning module GameplayTagsEditor (230)
[2018.05.13-23.43.30:659][212]LogModuleManager: Shutting down and abandoning module AssetManagerEditor (228)
[2018.05.13-23.43.30:659][212]LogModuleManager: Shutting down and abandoning module GraphEditor (227)
[2018.05.13-23.43.30:659][212]LogModuleManager: Shutting down and abandoning module ContentBrowser (225)
[2018.05.13-23.43.30:661][212]LogModuleManager: Shutting down and abandoning module LightPropagationVolumeRuntime (222)
[2018.05.13-23.43.30:662][212]LogModuleManager: Shutting down and abandoning module WmfMedia (220)
[2018.05.13-23.43.30:666][212]LogModuleManager: Shutting down and abandoning module PacketHandler (218)
[2018.05.13-23.43.30:666][212]LogModuleManager: Shutting down and abandoning module ClothingSystemEditor (216)
[2018.05.13-23.43.30:666][212]LogModuleManager: Shutting down and abandoning module ClothingSystemRuntime (214)
[2018.05.13-23.43.30:666][212]LogModuleManager: Shutting down and abandoning module Overlay (212)
[2018.05.13-23.43.30:666][212]LogModuleManager: Shutting down and abandoning module OverlayEditor (211)
[2018.05.13-23.43.30:666][212]LogModuleManager: Shutting down and abandoning module MediaAssets (208)
[2018.05.13-23.43.30:666][212]LogModuleManager: Shutting down and abandoning module VREditor (206)
[2018.05.13-23.43.30:666][212]LogModuleManager: Shutting down and abandoning module StringTableEditor (204)
[2018.05.13-23.43.30:666][212]LogModuleManager: Shutting down and abandoning module GameplayTasksEditor (202)
[2018.05.13-23.43.30:666][212]LogModuleManager: Shutting down and abandoning module BehaviorTreeEditor (200)
[2018.05.13-23.43.30:666][212]LogModuleManager: Shutting down and abandoning module FunctionalTesting (198)
[2018.05.13-23.43.30:666][212]LogModuleManager: Shutting down and abandoning module CollisionAnalyzer (196)
[2018.05.13-23.43.30:667][212]LogModuleManager: Shutting down and abandoning module WorkspaceMenuStructure (195)
[2018.05.13-23.43.30:667][212]LogModuleManager: Shutting down and abandoning module UMG (192)
[2018.05.13-23.43.30:667][212]LogModuleManager: Shutting down and abandoning module UMGEditor (191)
[2018.05.13-23.43.30:667][212]LogModuleManager: Shutting down and abandoning module Sequencer (190)
[2018.05.13-23.43.30:667][212]LogModuleManager: Shutting down and abandoning module MessageLog (187)
[2018.05.13-23.43.30:667][212]LogModuleManager: Shutting down and abandoning module SlateReflector (182)
[2018.05.13-23.43.30:667][212]LogModuleManager: Shutting down and abandoning module Slate (180)
[2018.05.13-23.43.30:667][212]LogModuleManager: Shutting down and abandoning module EditorStyle (178)
[2018.05.13-23.43.30:676][212]LogModuleManager: Shutting down and abandoning module MRMesh (176)
[2018.05.13-23.43.30:676][212]LogModuleManager: Shutting down and abandoning module SourceCodeAccess (174)
[2018.05.13-23.43.30:676][212]LogModuleManager: Shutting down and abandoning module HeadMountedDisplay (172)
[2018.05.13-23.43.30:676][212]LogModuleManager: Shutting down and abandoning module XAudio2 (170)
[2018.05.13-23.43.30:676][212]LogModuleManager: Shutting down and abandoning module Networking (168)
[2018.05.13-23.43.30:676][212]LogModuleManager: Shutting down and abandoning module Core (164)
[2018.05.13-23.43.30:676][212]LogModuleManager: Shutting down and abandoning module KismetCompiler (160)
[2018.05.13-23.43.30:676][212]LogModuleManager: Shutting down and abandoning module LevelSequence (158)
[2018.05.13-23.43.30:677][212]LogModuleManager: Shutting down and abandoning module MeshUtilities (156)
[2018.05.13-23.43.30:677][212]LogModuleManager: Shutting down and abandoning module MeshMergeUtilities (155)
[2018.05.13-23.43.30:677][212]LogModuleManager: Shutting down and abandoning module MeshReductionInterface (154)
[2018.05.13-23.43.30:677][212]LogModuleManager: Shutting down and abandoning module SimplygonSwarm (153)
[2018.05.13-23.43.30:677][212]LogModuleManager: Shutting down and abandoning module SimplygonMeshReduction (151)
[2018.05.13-23.43.30:677][212]LogModuleManager: Shutting down and abandoning module QuadricMeshReduction (149)
[2018.05.13-23.43.30:677][212]LogModuleManager: Shutting down and abandoning module MaterialBaking (145)
[2018.05.13-23.43.30:677][212]LogModuleManager: Shutting down and abandoning module DirectoryWatcher (142)
[2018.05.13-23.43.30:678][212]LogModuleManager: Shutting down and abandoning module DerivedDataCache (140)
[2018.05.13-23.43.31:216][212]LogDerivedDataCache: Shutdown
[2018.05.13-23.43.31:216][212]LogModuleManager: Shutting down and abandoning module TargetPlatform (138)
[2018.05.13-23.43.31:216][212]LogModuleManager: Shutting down and abandoning module VulkanShaderFormat (137)
[2018.05.13-23.43.31:216][212]LogModuleManager: Shutting down and abandoning module ShaderFormatVectorVM (135)
[2018.05.13-23.43.31:216][212]LogModuleManager: Shutting down and abandoning module ShaderFormatOpenGL (133)
[2018.05.13-23.43.31:216][212]LogModuleManager: Shutting down and abandoning module ShaderFormatD3D (131)
[2018.05.13-23.43.31:216][212]LogModuleManager: Shutting down and abandoning module MetalShaderFormat (129)
[2018.05.13-23.43.31:216][212]LogModuleManager: Shutting down and abandoning module TextureFormatUncompressed (127)
[2018.05.13-23.43.31:216][212]LogModuleManager: Shutting down and abandoning module TextureFormatPVR (125)
[2018.05.13-23.43.31:216][212]LogModuleManager: Shutting down and abandoning module TextureFormatDXT (123)
[2018.05.13-23.43.31:216][212]LogModuleManager: Shutting down and abandoning module TextureFormatIntelISPCTexComp (121)
[2018.05.13-23.43.31:216][212]LogModuleManager: Shutting down and abandoning module TextureFormatASTC (119)
[2018.05.13-23.43.31:216][212]LogModuleManager: Shutting down and abandoning module ImageWrapper (118)
[2018.05.13-23.43.31:216][212]LogModuleManager: Shutting down and abandoning module TextureFormatAndroid (115)
[2018.05.13-23.43.31:216][212]LogModuleManager: Shutting down and abandoning module AudioFormatOpus (113)
[2018.05.13-23.43.31:216][212]LogModuleManager: Shutting down and abandoning module AudioFormatOgg (111)
[2018.05.13-23.43.31:217][212]LogModuleManager: Shutting down and abandoning module AudioFormatADPCM (109)
[2018.05.13-23.43.31:217][212]LogModuleManager: Shutting down and abandoning module LinuxTargetPlatform (107)
[2018.05.13-23.43.31:217][212]LogModuleManager: Shutting down and abandoning module LinuxServerTargetPlatform (105)
[2018.05.13-23.43.31:217][212]LogModuleManager: Shutting down and abandoning module LinuxNoEditorTargetPlatform (103)
[2018.05.13-23.43.31:217][212]LogModuleManager: Shutting down and abandoning module LinuxClientTargetPlatform (101)
[2018.05.13-23.43.31:217][212]LogModuleManager: Shutting down and abandoning module TVOSTargetPlatform (99)
[2018.05.13-23.43.31:217][212]LogModuleManager: Shutting down and abandoning module Messaging (97)
[2018.05.13-23.43.31:217][212]LogModuleManager: Shutting down and abandoning module IOSTargetPlatform (95)
[2018.05.13-23.43.31:217][212]LogModuleManager: Shutting down and abandoning module HTML5TargetPlatform (93)
[2018.05.13-23.43.31:217][212]LogModuleManager: Shutting down and abandoning module Android_PVRTCTargetPlatform (91)
[2018.05.13-23.43.31:217][212]LogModuleManager: Shutting down and abandoning module Android_MultiTargetPlatform (89)
[2018.05.13-23.43.31:217][212]LogModuleManager: Shutting down and abandoning module Android_ETC2TargetPlatform (87)
[2018.05.13-23.43.31:217][212]LogModuleManager: Shutting down and abandoning module Android_ETC1TargetPlatform (85)
[2018.05.13-23.43.31:218][212]LogModuleManager: Shutting down and abandoning module Android_DXTTargetPlatform (83)
[2018.05.13-23.43.31:218][212]LogModuleManager: Shutting down and abandoning module Android_ATCTargetPlatform (81)
[2018.05.13-23.43.31:218][212]LogModuleManager: Shutting down and abandoning module Android_ASTCTargetPlatform (79)
[2018.05.13-23.43.31:218][212]LogModuleManager: Shutting down and abandoning module AndroidTargetPlatform (77)
[2018.05.13-23.43.31:218][212]LogModuleManager: Shutting down and abandoning module WindowsTargetPlatform (75)
[2018.05.13-23.43.31:218][212]LogModuleManager: Shutting down and abandoning module WindowsServerTargetPlatform (73)
[2018.05.13-23.43.31:218][212]LogModuleManager: Shutting down and abandoning module WindowsNoEditorTargetPlatform (71)
[2018.05.13-23.43.31:218][212]LogModuleManager: Shutting down and abandoning module WindowsClientTargetPlatform (69)
[2018.05.13-23.43.31:218][212]LogModuleManager: Shutting down and abandoning module MacTargetPlatform (67)
[2018.05.13-23.43.31:218][212]LogModuleManager: Shutting down and abandoning module MacServerTargetPlatform (65)
[2018.05.13-23.43.31:218][212]LogModuleManager: Shutting down and abandoning module MacNoEditorTargetPlatform (63)
[2018.05.13-23.43.31:218][212]LogModuleManager: Shutting down and abandoning module MacClientTargetPlatform (61)
[2018.05.13-23.43.31:218][212]LogModuleManager: Shutting down and abandoning module AllDesktopTargetPlatform (59)
[2018.05.13-23.43.31:218][212]LogModuleManager: Shutting down and abandoning module InputCore (56)
[2018.05.13-23.43.31:218][212]LogModuleManager: Shutting down and abandoning module Settings (54)
[2018.05.13-23.43.31:218][212]LogModuleManager: Shutting down and abandoning module PhysXCooking (52)
[2018.05.13-23.43.31:218][212]LogModuleManager: Shutting down and abandoning module ExampleDeviceProfileSelector (50)
[2018.05.13-23.43.31:218][212]LogModuleManager: Shutting down and abandoning module OnlineBlueprintSupport (48)
[2018.05.13-23.43.31:218][212]LogModuleManager: Shutting down and abandoning module OnlineSubsystem (44)
[2018.05.13-23.43.31:218][212]LogOnline: Display: Unloading online subsystem: NULL
[2018.05.13-23.43.31:218][212]LogModuleManager: Shutting down and abandoning module XMPP (43)
[2018.05.13-23.43.31:219][212]LogModuleManager: Shutting down and abandoning module HTTP (41)
[2018.05.13-23.43.31:219][212]LogHttp: Display: Http module shutting down, but needs to wait on 1 outstanding Http requests:
[2018.05.13-23.43.31:219][212]LogHttp: Display: 	verb=[POST] url=[https://datarouter.ol.epicgames.com/datarouter/api/v1/public/data?SessionID=%7B90DAF4B5-4A31-1306-4AB1-B3980CC04B5B%7D&AppID=UEEditor.Rocket.Release&AppVersion=4.17.2-3658906%2B%2B%2BUE4%2BRelease-4.17&UserID=330c018a40119ac8aa6082a42e8f404e%7C88057b4134714c0f98d798880975d3e9%7C63e0c156-2a72-4222-bd44-364fd265f9e2&AppEnvironment=datacollector-binary&UploadType=eteventstream] status=Processing
[2018.05.13-23.43.31:245][212]LogModuleManager: Shutting down and abandoning module SSL (40)
[2018.05.13-23.43.31:249][212]LogModuleManager: Shutting down and abandoning module AnimationModifiers (36)
[2018.05.13-23.43.31:249][212]LogModuleManager: Shutting down and abandoning module PropertyEditor (35)
[2018.05.13-23.43.31:249][212]LogModuleManager: Shutting down and abandoning module AudioEditor (32)
[2018.05.13-23.43.31:249][212]LogModuleManager: Shutting down and abandoning module TextureCompressor (30)
[2018.05.13-23.43.31:249][212]LogModuleManager: Shutting down and abandoning module ShaderCore (28)
[2018.05.13-23.43.31:249][212]LogModuleManager: Shutting down and abandoning module Landscape (26)
[2018.05.13-23.43.31:249][212]LogModuleManager: Shutting down and abandoning module SlateRHIRenderer (24)
[2018.05.13-23.43.31:251][212]LogModuleManager: Shutting down and abandoning module OpenGLDrv (22)
[2018.05.13-23.43.31:251][212]LogModuleManager: Shutting down and abandoning module D3D11RHI (20)
[2018.05.13-23.43.31:252][212]LogModuleManager: Shutting down and abandoning module AnimGraphRuntime (18)
[2018.05.13-23.43.31:252][212]LogModuleManager: Shutting down and abandoning module Renderer (16)
[2018.05.13-23.43.31:252][212]LogModuleManager: Shutting down and abandoning module Engine (14)
[2018.05.13-23.43.31:252][212]LogModuleManager: Shutting down and abandoning module CoreUObject (12)
[2018.05.13-23.43.31:252][212]LogModuleManager: Shutting down and abandoning module NetworkFile (10)
[2018.05.13-23.43.31:252][212]LogModuleManager: Shutting down and abandoning module CookedIterativeFile (8)
[2018.05.13-23.43.31:252][212]LogModuleManager: Shutting down and abandoning module StreamingFile (6)
[2018.05.13-23.43.31:252][212]LogModuleManager: Shutting down and abandoning module SandboxFile (4)
[2018.05.13-23.43.31:252][212]LogModuleManager: Shutting down and abandoning module PakFile (2)
[2018.05.13-23.43.31:260][212]LogExit: Exiting.
[2018.05.13-23.43.31:312][212]Log file closed, 05/13/18 19:43:31
