Log file open, 02/25/18 17:21:49
LogWindows: Failed to load 'aqProf.dll' (GetLastError=126)
LogWindows: File 'aqProf.dll' does not exist
LogWindows: Failed to load 'VSPerf140.dll' (GetLastError=126)
LogWindows: File 'VSPerf140.dll' does not exist
LogWindows: Failed to load 'VtuneApi.dll' (GetLastError=126)
LogWindows: File 'VtuneApi.dll' does not exist
LogWindows: Failed to load 'VtuneApi32e.dll' (GetLastError=126)
LogWindows: File 'VtuneApi32e.dll' does not exist
LogInit: Display: Running engine for game: RISE_GAME
LogPlatformFile: Not using cached read wrapper
LogInit: Display: RandInit(818122275) SRandInit(818122275).
LogTaskGraph: Started task graph with 5 named threads and 14 total threads with 3 sets of task threads.
LogStats: Stats thread started at 0.533804
LogD3D11RHI: Aftermath initialized
LogPluginManager: Mounting plugin Paper2D
LogPluginManager: Mounting plugin LightPropagationVolume
LogPluginManager: Mounting plugin CodeLiteSourceCodeAccess
LogPluginManager: Mounting plugin GitSourceControl
LogPluginManager: Mounting plugin KDevelopSourceCodeAccess
LogPluginManager: Mounting plugin NullSourceCodeAccess
LogPluginManager: Mounting plugin PerforceSourceControl
LogPluginManager: Mounting plugin SubversionSourceControl
LogPluginManager: Mounting plugin UObjectPlugin
LogPluginManager: Mounting plugin VisualStudioSourceCodeAccess
LogPluginManager: Mounting plugin XCodeSourceCodeAccess
LogPluginManager: Mounting plugin AssetManagerEditor
LogPluginManager: Mounting plugin AudioCapture
LogPluginManager: Mounting plugin FacialAnimation
LogPluginManager: Mounting plugin GameplayTagsEditor
LogPluginManager: Mounting plugin MobileLauncherProfileWizard
LogPluginManager: Mounting plugin PluginBrowser
LogPluginManager: Mounting plugin SpeedTreeImporter
LogPluginManager: Mounting plugin AlembicImporter
LogPluginManager: Mounting plugin CharacterAI
LogPluginManager: Mounting plugin HTML5Networking
LogPluginManager: Mounting plugin AndroidMedia
LogPluginManager: Mounting plugin AvfMedia
LogPluginManager: Mounting plugin MediaPlayerEditor
LogPluginManager: Mounting plugin WmfMedia
LogPluginManager: Mounting plugin TcpMessaging
LogPluginManager: Mounting plugin UdpMessaging
LogPluginManager: Mounting plugin LevelSequenceEditor
LogPluginManager: Mounting plugin MatineeToLevelSequence
LogPluginManager: Mounting plugin OnlineSubsystemGooglePlay
LogPluginManager: Mounting plugin OnlineSubsystemIOS
LogPluginManager: Mounting plugin OnlineSubsystem
LogPluginManager: Mounting plugin OnlineSubsystemNull
LogPluginManager: Mounting plugin OnlineSubsystemUtils
LogPluginManager: Mounting plugin AndroidDeviceProfileSelector
LogPluginManager: Mounting plugin AndroidMoviePlayer
LogPluginManager: Mounting plugin AndroidPermission
LogPluginManager: Mounting plugin AppleMoviePlayer
LogPluginManager: Mounting plugin ArchVisCharacter
LogPluginManager: Mounting plugin CableComponent
LogPluginManager: Mounting plugin CustomMeshComponent
LogPluginManager: Mounting plugin ExampleDeviceProfileSelector
LogPluginManager: Mounting plugin GoogleCloudMessaging
LogPluginManager: Mounting plugin ImmediatePhysics
LogPluginManager: Mounting plugin IOSDeviceProfileSelector
LogPluginManager: Mounting plugin LinuxDeviceProfileSelector
LogPluginManager: Mounting plugin LocationServicesBPLibrary
LogPluginManager: Mounting plugin MobilePatchingUtils
LogPluginManager: Mounting plugin OculusVR
LogPluginManager: Mounting plugin PhysXVehicles
LogPluginManager: Mounting plugin ProceduralMeshComponent
LogPluginManager: Mounting plugin RuntimePhysXCooking
LogPluginManager: Mounting plugin SteamVR
LogPluginManager: Mounting plugin WindowsMoviePlayer
LogInit: Using libcurl 7.47.1
LogInit:  - built for x86_64-pc-win32
LogInit:  - supports SSL with OpenSSL/1.0.2g
LogInit:  - supports HTTP deflate (compression) using libz 1.2.8
LogInit:  - other features:
LogInit:      CURL_VERSION_SSL
LogInit:      CURL_VERSION_LIBZ
LogInit:      CURL_VERSION_IPV6
LogInit:      CURL_VERSION_ASYNCHDNS
LogInit:      CURL_VERSION_LARGEFILE
LogInit:      CURL_VERSION_IDN
LogInit:  CurlRequestOptions (configurable via config and command line):
LogInit:  - bVerifyPeer = false  - Libcurl will NOT verify peer certificate
LogInit:  - bUseHttpProxy = false  - Libcurl will NOT use HTTP proxy
LogInit:  - bDontReuseConnections = false  - Libcurl will reuse connections
LogInit:  - CertBundlePath = nullptr  - Libcurl will use whatever was configured at build time.
LogInit: Build: ++UE4+Release-4.17-CL-3658906
LogInit: Engine Version: 4.17.2-3658906+++UE4+Release-4.17
LogInit: Compatible Engine Version: 4.17.0-3573198+++UE4+Release-4.17
LogInit: Net CL: 3573198
LogDevObjectVersion: Number of dev versions registered: 16
LogDevObjectVersion:   Dev-Blueprints (B0D832E4-1F89-4F0D-ACCF-7EB736FD4AA2): 10
LogDevObjectVersion:   Dev-Build (E1C64328-A22C-4D53-A36C-8E866417BD8C): 0
LogDevObjectVersion:   Dev-Core (375EC13C-06E4-48FB-B500-84F0262A717E): 2
LogDevObjectVersion:   Dev-Editor (E4B068ED-F494-42E9-A231-DA0B2E46BB41): 20
LogDevObjectVersion:   Dev-Framework (CFFC743F-43B0-4480-9391-14DF171D2073): 28
LogDevObjectVersion:   Dev-Mobile (B02B49B5-BB20-44E9-A304-32B752E40360): 0
LogDevObjectVersion:   Dev-Networking (A4E4105C-59A1-49B5-A7C5-40C4547EDFEE): 0
LogDevObjectVersion:   Dev-Online (39C831C9-5AE6-47DC-9A44-9C173E1C8E7C): 0
LogDevObjectVersion:   Dev-Physics (78F01B33-EBEA-4F98-B9B4-84EACCB95AA2): 0
LogDevObjectVersion:   Dev-Platform (6631380F-2D4D-43E0-8009-CF276956A95A): 0
LogDevObjectVersion:   Dev-Rendering (12F88B9F-8875-4AFC-A67C-D90C383ABD29): 19
LogDevObjectVersion:   Dev-Sequencer (7B5AE74C-D270-4C10-A958-57980B212A5A): 4
LogDevObjectVersion:   Dev-VR (D7296918-1DD6-4BDD-9DE2-64A83CC13884): 0
LogDevObjectVersion:   Dev-LoadTimes (C2A15278-BFE7-4AFE-6C17-90FF531DF755): 1
LogDevObjectVersion:   Private-Geometry (6EACA3D4-40EC-4CC1-B786-8BED09428FC5): 1
LogDevObjectVersion:   Dev-AnimPhys (29E575DD-E0A3-4627-9D10-D276232CDCEA): 7
LogInit: Compiled (64-bit): Sep 22 2017 13:47:16
LogInit: Compiled with Visual C++: 19.00.24215.01
LogInit: Build Configuration: Development
LogInit: Branch Name: ++UE4+Release-4.17
LogInit: Command line:  
LogInit: Base directory: C:/Program Files/Epic Games/UE_4.17/Engine/Binaries/Win64/
LogInit: Installed Engine Build: 1
LogInit: Presizing for max 8388607 objects, including 0 objects not considered by GC, pre-allocating 0 bytes for permanent pool.
LogInit: Object subsystem initialized
[2018.02.25-21.22.09:584][  0]LogInit: Selected Device Profile: [Windows]
[2018.02.25-21.22.09:584][  0]LogInit: Applying CVar settings loaded from the selected device profile: [Windows]
[2018.02.25-21.22.10:580][  0]LogInit: Computer: LAPTOP-FV6L4TLG
[2018.02.25-21.22.10:580][  0]LogInit: User: kreye
[2018.02.25-21.22.10:581][  0]LogInit: CPU Page size=4096, Cores=4
[2018.02.25-21.22.10:581][  0]LogInit: High frequency timer resolution =2.339359 MHz
[2018.02.25-21.22.10:603][  0]LogMemory: Memory total: Physical=11.5GB (12GB approx)
[2018.02.25-21.22.10:603][  0]LogMemory: Platform Memory Stats for Windows
[2018.02.25-21.22.10:603][  0]LogMemory: Process Physical Memory: 277.89 MB used, 277.89 MB peak
[2018.02.25-21.22.10:603][  0]LogMemory: Process Virtual Memory: 273.95 MB used, 273.95 MB peak
[2018.02.25-21.22.10:603][  0]LogMemory: Physical Memory: 2961.22 MB used,  8781.89 MB free, 11743.12 MB total
[2018.02.25-21.22.10:603][  0]LogMemory: Virtual Memory: 667.89 MB used,  8781.89 MB free, 134217728.00 MB total
[2018.02.25-21.22.23:198][  0]LogInit: Using OS detected language (en-US).
[2018.02.25-21.22.23:198][  0]LogInit: Using OS detected locale (en-US).
[2018.02.25-21.22.25:069][  0]LogTextLocalizationManager: No specific localization for 'en-US' exists, so the 'en' localization will be used.
[2018.02.25-21.22.58:052][  0]LogD3D11RHI: D3D11 adapters:
[2018.02.25-21.22.58:226][  0]LogD3D11RHI:    0. 'AMD Radeon(TM) R5 Graphics' (Feature Level 11_0)
[2018.02.25-21.22.58:227][  0]LogD3D11RHI:       499/0/5871 MB DedicatedVideo/DedicatedSystem/SharedSystem, Outputs:1, VendorId:0x1002
[2018.02.25-21.22.58:239][  0]LogD3D11RHI:    1. 'Microsoft Basic Render Driver' (Feature Level 11_0)
[2018.02.25-21.22.58:239][  0]LogD3D11RHI:       0/0/5871 MB DedicatedVideo/DedicatedSystem/SharedSystem, Outputs:0, VendorId:0x1414
[2018.02.25-21.22.58:239][  0]LogD3D11RHI: Chosen D3D11 Adapter: 0
[2018.02.25-21.22.58:315][  0]LogD3D11RHI: Creating new Direct3DDevice
[2018.02.25-21.22.58:316][  0]LogD3D11RHI:     GPU DeviceId: 0x9874 (for the marketing name, search the web for "GPU Device Id")
[2018.02.25-21.22.58:316][  0]LogWindows: EnumDisplayDevices:
[2018.02.25-21.22.58:317][  0]LogWindows:    0. 'AMD Radeon(TM) R5 Graphics' (P:1 D:1)
[2018.02.25-21.22.58:317][  0]LogWindows:    1. 'AMD Radeon(TM) R5 Graphics' (P:0 D:0)
[2018.02.25-21.22.58:318][  0]LogWindows:    2. 'AMD Radeon(TM) R5 Graphics' (P:0 D:0)
[2018.02.25-21.22.58:318][  0]LogWindows: DebugString: FoundDriverCount:3 
[2018.02.25-21.22.58:318][  0]LogD3D11RHI:     Adapter Name: AMD Radeon(TM) R5 Graphics
[2018.02.25-21.22.58:318][  0]LogD3D11RHI:   Driver Version: Crimson 16.6 (internal:16.300.2701.0, unified:16.300.2701.0)
[2018.02.25-21.22.58:318][  0]LogD3D11RHI:      Driver Date: 8-9-2016
[2018.02.25-21.22.58:318][  0]LogRHI: Texture pool is 349 MB (70% of 499 MB)
[2018.02.25-21.22.59:092][  0]LogD3D11RHI: Async texture creation enabled
[2018.02.25-21.23.02:521][  0]LogD3D11RHI: GPU Timing Frequency: 100.000000 (Debug: 2 1)
[2018.02.25-21.23.03:571][  0]LogShaderCompilers: Guid format shader working directory is 5 characters bigger than the processId version (H:/GitHub/RISE-Mobile/RISE_GAME/RISE_GAME/Intermediate/Shaders/WorkingDirectory/8820/).
[2018.02.25-21.23.03:571][  0]LogShaderCompilers: Cleaned the shader compiler working directory 'C:/Users/kreye/AppData/Local/Temp/UnrealShaderWorkingDir/FA7D13CD41C2604226651AB1BA9C274D/'.
[2018.02.25-21.23.03:777][  0]LogShaderCompilers: Display: Using Local Shader Compiler.
[2018.02.25-21.23.34:994][  0]LogTemp: Display: Loaded TP AllDesktopTargetPlatform
[2018.02.25-21.23.35:197][  0]LogTemp: Display: Loaded TP MacClientTargetPlatform
[2018.02.25-21.23.35:469][  0]LogTemp: Display: Loaded TP MacNoEditorTargetPlatform
[2018.02.25-21.23.35:688][  0]LogTemp: Display: Loaded TP MacServerTargetPlatform
[2018.02.25-21.23.35:968][  0]LogTemp: Display: Loaded TP MacTargetPlatform
[2018.02.25-21.23.36:234][  0]LogTemp: Display: Loaded TP WindowsClientTargetPlatform
[2018.02.25-21.23.36:489][  0]LogTemp: Display: Loaded TP WindowsNoEditorTargetPlatform
[2018.02.25-21.23.36:699][  0]LogTemp: Display: Loaded TP WindowsServerTargetPlatform
[2018.02.25-21.23.37:002][  0]LogTemp: Display: Loaded TP WindowsTargetPlatform
[2018.02.25-21.23.37:402][  0]LogTemp: Display: Loaded TP AndroidTargetPlatform
[2018.02.25-21.23.37:818][  0]LogTemp: Display: Loaded TP Android_ASTCTargetPlatform
[2018.02.25-21.23.38:219][  0]LogTemp: Display: Loaded TP Android_ATCTargetPlatform
[2018.02.25-21.23.38:891][  0]LogTemp: Display: Loaded TP Android_DXTTargetPlatform
[2018.02.25-21.23.39:259][  0]LogTemp: Display: Loaded TP Android_ETC1TargetPlatform
[2018.02.25-21.23.39:557][  0]LogTemp: Display: Loaded TP Android_ETC2TargetPlatform
[2018.02.25-21.23.40:447][  0]LogTemp: Display: Loaded TP Android_MultiTargetPlatform
[2018.02.25-21.23.40:447][  0]LogTemp: Display: Loaded TP Android_PVRTCTargetPlatform
[2018.02.25-21.23.40:790][  0]LogTemp: Display: Loaded TP HTML5TargetPlatform
[2018.02.25-21.23.43:546][  0]LogTemp: Display: Loaded TP IOSTargetPlatform
[2018.02.25-21.23.43:642][  0]LogTemp: Display: Loaded TP TVOSTargetPlatform
[2018.02.25-21.23.44:053][  0]LogTemp: Display: Loaded TP LinuxClientTargetPlatform
[2018.02.25-21.23.44:435][  0]LogTemp: Display: Loaded TP LinuxNoEditorTargetPlatform
[2018.02.25-21.23.44:748][  0]LogTemp: Display: Loaded TP LinuxServerTargetPlatform
[2018.02.25-21.23.45:482][  0]LogTemp: Display: Loaded TP LinuxTargetPlatform
[2018.02.25-21.23.45:482][  0]LogTargetPlatformManager: Display: Building Assets For Windows
[2018.02.25-21.24.01:995][  0]LogDerivedDataCache: Display: Max Cache Size: 512 MB
[2018.02.25-21.24.26:926][  0]LogDerivedDataCache: Loaded boot cache 24.93s 93MB C:/Users/kreye/AppData/Local/UnrealEngine/4.17/DerivedDataCache/Boot.ddc.
[2018.02.25-21.24.26:926][  0]LogDerivedDataCache: Display: Loaded Boot cache: C:/Users/kreye/AppData/Local/UnrealEngine/4.17/DerivedDataCache/Boot.ddc
[2018.02.25-21.24.26:927][  0]LogDerivedDataCache: FDerivedDataBackendGraph:  Pak pak cache file H:/GitHub/RISE-Mobile/RISE_GAME/RISE_GAME/DerivedDataCache/DDC.ddp not found, will not use a pak cache.
[2018.02.25-21.24.26:927][  0]LogDerivedDataCache: Unable to find inner node Pak for hierarchical cache Hierarchy.
[2018.02.25-21.24.26:927][  0]LogDerivedDataCache: FDerivedDataBackendGraph:  CompressedPak pak cache file H:/GitHub/RISE-Mobile/RISE_GAME/RISE_GAME/DerivedDataCache/Compressed.ddp not found, will not use a pak cache.
[2018.02.25-21.24.26:927][  0]LogDerivedDataCache: Unable to find inner node CompressedPak for hierarchical cache Hierarchy.
[2018.02.25-21.24.28:086][  0]LogDerivedDataCache: Display: Pak cache opened for reading ../../../Engine/DerivedDataCache/Compressed.ddp.
[2018.02.25-21.24.28:144][  0]LogDerivedDataCache: Using Local data cache path C:/Users/kreye/AppData/Local/UnrealEngine/Common/DerivedDataCache: Writable
[2018.02.25-21.24.29:901][  0]LogMaterial: Verifying Global Shaders for PCD3D_SM5
[2018.02.25-21.24.31:214][  0]LogSlate: Using Freetype 2.6.0
[2018.02.25-21.24.32:749][  0]LogSlate: SlateFontCache - WITH_FREETYPE: 1, WITH_HARFBUZZ: 1
[2018.02.25-21.24.32:889][  0]LogSlate: SlateFontCache - WITH_FREETYPE: 1, WITH_HARFBUZZ: 1
[2018.02.25-21.25.54:943][  0]LogAssetRegistry: FAssetRegistry took 0.3010 seconds to start up
[2018.02.25-21.25.57:648][  0]LogInit: Selected Device Profile: [Windows]
[2018.02.25-21.26.11:479][  0]LogSimplygon: Simplygon DLL not present - disabling.
[2018.02.25-21.26.11:931][  0]LogMeshReduction: Using SimplygonSwarm for distributed automatic mesh merging
[2018.02.25-21.26.11:971][  0]LogMeshReduction: Using QuadricMeshReduction for automatic static mesh reduction
[2018.02.25-21.26.11:971][  0]LogMeshReduction: No automatic skeletal mesh reduction module available
[2018.02.25-21.26.11:971][  0]LogMeshReduction: No automatic mesh merging module available
[2018.02.25-21.26.11:971][  0]LogMeshMerging: No automatic mesh merging module available
[2018.02.25-21.26.13:252][  0]LogContentStreaming: Texture pool size is 0.00 MB
[2018.02.25-21.26.27:926][  0]LogNetVersion: RISE_GAME , NetCL: 3573198, EngineNetVer: 2, GameNetVer: 0 (Checksum: 1739909859)
[2018.02.25-21.26.35:048][  0]LogPackageLocalizationCache: Processed 5 localized package path(s) for 2 prioritized culture(s) in 0.626023 seconds
[2018.02.25-21.26.35:098][  0]LogUObjectArray: 35825 objects as part of root set at end of initial load.
[2018.02.25-21.26.35:098][  0]LogUObjectAllocator: 7529104 out of 0 bytes used by permanent object pool.
[2018.02.25-21.26.35:098][  0]LogUObjectArray: CloseDisregardForGC: 0/0 objects in disregard for GC pool
[2018.02.25-21.26.35:416][  0]LogInit: WinSock: version 1.1 (2.2), MaxSocks=32767, MaxUdp=65467
[2018.02.25-21.27.43:292][  0]LogTcpMessaging: Initializing TcpMessaging bridge
[2018.02.25-21.27.43:688][  0]LogUdpMessaging: Initializing bridge on interface 0.0.0.0:0 to multicast group 230.0.0.1:6666.
[2018.02.25-21.27.52:521][  0]LogMaterial: Uniform references updated for custom material expression Custom.
[2018.02.25-21.27.56:128][  0]SourceControl: Source control is disabled
[2018.02.25-21.27.56:129][  0]SourceControl: Source control is disabled
[2018.02.25-21.27.56:854][  0]SourceControl: Source control is disabled
[2018.02.25-21.27.57:265][  0]SourceControl: Source control is disabled
[2018.02.25-21.28.02:985][  0]LogAndroidPermission: UAndroidPermissionCallbackProxy::GetInstance
[2018.02.25-21.28.04:509][  0]LogOcInput: OculusInput pre-init called
[2018.02.25-21.28.08:482][  0]LogEngine: Initializing Engine...
[2018.02.25-21.28.08:632][  0]LogHMD: Failed to initialize OpenVR with code 110
[2018.02.25-21.28.11:860][  0]LogStats: UGameplayTagsManager::ConstructGameplayTagTree: Construct from data asset -  0.000 s
[2018.02.25-21.28.11:881][  0]LogStats: UGameplayTagsManager::ConstructGameplayTagTree: GameplayTagTreeChangedEvent.Broadcast -  0.021 s
[2018.02.25-21.28.14:783][  0]LogAIModule: Creating AISystem for world Untitled
[2018.02.25-21.28.15:294][  0]LogInit: XAudio2 using 'Speaker/Headphone (Realtek High Definition Audio)' : 2 channels at 48 kHz using 32 bits per sample (channel mask 0x3)
[2018.02.25-21.28.15:385][  0]LogInit: FAudioDevice initialized.
[2018.02.25-21.28.15:754][  0]LogDerivedDataCache: Saved boot cache 0.37s 93MB C:/Users/kreye/AppData/Local/UnrealEngine/4.17/DerivedDataCache/Boot.ddc.
[2018.02.25-21.28.15:809][  0]LogInit: Texture streaming: Enabled
[2018.02.25-21.28.16:811][  0]LogEngineSessionManager: EngineSessionManager initialized
[2018.02.25-21.28.16:811][  0]LogEngineSessionManager: EngineSessionManager sent abnormal shutdown report. Type=Crashed, SessionId={82E28844-42D5-D7E0-CFCF-31A8FE946236}
[2018.02.25-21.28.23:287][  0]LogInit: Transaction tracking system initialized
[2018.02.25-21.28.27:698][  0]BlueprintLog: New page: Editor Load
[2018.02.25-21.28.42:019][  0]LocalizationService: Localization service is disabled
[2018.02.25-21.28.55:684][  0]LogConsoleResponse: Display: 
[2018.02.25-21.29.01:733][  0]LogFileCache: Scanning file cache for directory 'H:/GitHub/RISE-Mobile/RISE_GAME/RISE_GAME/Content/' took 0.03s
[2018.02.25-21.29.01:733][  0]LogCook: Display: Max memory allowance for cook 16384mb min free memory 0mb
[2018.02.25-21.29.01:733][  0]LogCook: Display: Mobile HDR setting 1
[2018.02.25-21.29.01:796][  0]LogGameplayTags: Display: UGameplayTagsManager::DoneAddingNativeTags. DelegateIsBound: 0
[2018.02.25-21.29.11:953][  0]SourceControl: Source control is disabled
[2018.02.25-21.29.12:101][  0]Cmd: MAP LOAD FILE="H:/GitHub/RISE-Mobile/RISE_GAME/RISE_GAME/Content/SideScrollerBP/Maps/SideScrollerExampleMap.umap" TEMPLATE=0 SHOWPROGRESS=1 FEATURELEVEL=3
[2018.02.25-21.29.12:187][  0]LightingResults: New page: Lighting Build
[2018.02.25-21.29.12:671][  0]MapCheck: New page: Map Check
[2018.02.25-21.29.12:671][  0]LightingResults: New page: Lighting Build
[2018.02.25-21.29.27:127][  0]LogAIModule: Creating AISystem for world SideScrollerExampleMap
[2018.02.25-21.29.27:813][  0]LogEditorServer: Finished looking for orphan Actors (0.000 secs)
[2018.02.25-21.29.28:195][  0]Cmd: MAP CHECKDEP NOCLEARLOG
[2018.02.25-21.29.28:398][  0]MapCheck: Map check complete: 0 Error(s), 0 Warning(s), took 201.9ms to complete.
[2018.02.25-21.29.28:398][  0]LogFileHelpers: Loading map 'SideScrollerExampleMap' took 16.353
[2018.02.25-21.29.32:263][  0]LogCollectionManager: Loaded 0 collections in 0.026878 seconds
[2018.02.25-21.29.34:092][  0]LogFileCache: Scanning file cache for directory 'H:/GitHub/RISE-Mobile/RISE_GAME/RISE_GAME/Saved/Collections/' took 0.01s
[2018.02.25-21.29.34:092][  0]LogFileCache: Scanning file cache for directory 'H:/GitHub/RISE-Mobile/RISE_GAME/RISE_GAME/Content/Developers/kreye/Collections/' took 0.01s
[2018.02.25-21.29.34:092][  0]LogFileCache: Scanning file cache for directory 'H:/GitHub/RISE-Mobile/RISE_GAME/RISE_GAME/Content/Collections/' took 0.01s
[2018.02.25-21.29.34:092][  0]LogCollectionManager: Rebuilt the GUID cache for 0 collections in 0.000001 seconds
[2018.02.25-21.29.34:150][  0]LogContentBrowser: Native class hierarchy populated in 0.0360 seconds. Added 2386 classes and 500 folders.
[2018.02.25-21.29.34:616][  0]LogContentBrowser: Native class hierarchy updated for 'WidgetCarousel' in 0.0101 seconds. Added 0 classes and 0 folders.
[2018.02.25-21.29.39:138][  0]LogContentBrowser: Native class hierarchy updated for 'AddContentDialog' in 0.0024 seconds. Added 0 classes and 0 folders.
[2018.02.25-21.29.40:011][  0]LogContentBrowser: Native class hierarchy updated for 'SceneOutliner' in 0.0018 seconds. Added 1 classes and 2 folders.
[2018.02.25-21.29.42:191][  0]LogSlate: Took 0.027607 seconds to synchronously load lazily loaded font '../../../Engine/Content/Slate/Fonts/Roboto-Regular.ttf' (155K)
[2018.02.25-21.29.42:226][  0]LogSlate: Took 0.018818 seconds to synchronously load lazily loaded font '../../../Engine/Content/Slate/Fonts/Roboto-Bold.ttf' (160K)
[2018.02.25-21.29.42:339][  0]LogSlate: Took 0.038767 seconds to synchronously load lazily loaded font '../../../Engine/Content/Editor/Slate/Fonts/FontAwesome.ttf' (139K)
[2018.02.25-21.29.42:949][  0]LogRenderer: Reallocating scene render targets to support 920x316 Format 10 NumSamples 1 (Frame:1).
[2018.02.25-21.29.45:727][  0]LogContentBrowser: Native class hierarchy updated for 'HierarchicalLODOutliner' in 0.0017 seconds. Added 1 classes and 2 folders.
[2018.02.25-21.29.45:728][  0]LogLoad: (Engine Initialization) Total time: 487.71 seconds
[2018.02.25-21.29.45:728][  0]LogLoad: (Engine Initialization) Total Blueprint compile time: 0.00 seconds
[2018.02.25-21.29.45:754][  0]LogExternalProfiler: No external profilers were discovered.  External profiling features will not be available.
[2018.02.25-21.29.46:299][  0]LogContentStreaming: Texture pool size now 1000 MB
[2018.02.25-21.29.46:730][  0]LogRenderer: Reallocating scene render targets to support 920x368 Format 10 NumSamples 1 (Frame:2).
[2018.02.25-21.29.46:730][  0]LogSlate: Took 0.077800 seconds to synchronously load lazily loaded font '../../../Engine/Content/Slate/Fonts/Roboto-Light.ttf' (159K)
[2018.02.25-21.29.46:810][  1]LogFileCache: Retrieving MD5 hashes for directory 'H:/GitHub/RISE-Mobile/RISE_GAME/RISE_GAME/Content/' took 0.66s
[2018.02.25-21.29.47:410][  2]LogSlate: Took 0.001325 seconds to synchronously load lazily loaded font '../../../Engine/Content/Slate/Fonts/Roboto-Light.ttf' (159K)
[2018.02.25-21.29.48:626][  6]LogAssetRegistry: Asset discovery search completed in 233.7717 seconds
[2018.02.25-21.29.48:629][  6]LogCollectionManager: Rebuilt the object cache for 0 collections in 0.000001 seconds (found 0 objects)
[2018.02.25-21.29.48:629][  6]LogCollectionManager: Fixed up redirectors for 0 collections in 0.000112 seconds (updated 0 objects)
[2018.02.25-21.48.44:127][324]LogSlate: Took 0.000481 seconds to synchronously load lazily loaded font '../../../Engine/Content/Slate/Fonts/Roboto-Light.ttf' (159K)
[2018.02.25-21.48.44:895][324]LogSlate: Took 0.000415 seconds to synchronously load lazily loaded font '../../../Engine/Content/Slate/Fonts/Roboto-Regular.ttf' (155K)
[2018.02.25-21.48.45:432][324]LogContentBrowser: Native class hierarchy updated for 'BlueprintGraph' in 0.0026 seconds. Added 113 classes and 0 folders.
[2018.02.25-21.48.47:199][324]LogSlate: Took 0.036950 seconds to synchronously load lazily loaded font '../../../Engine/Content/Editor/Slate/Fonts/Roboto-BoldCondensed.ttf' (158K)
[2018.02.25-21.55.58:229][212]LogTemp: Repeating last play command: Selected Viewport
[2018.02.25-21.55.58:768][212]LogBlueprintUserMessages: Early PlayInEditor Detection: Level '/Game/SideScrollerBP/Maps/SideScrollerExampleMap.SideScrollerExampleMap:PersistentLevel' has LevelScriptBlueprint '/Game/SideScrollerBP/Maps/SideScrollerExampleMap.SideScrollerExampleMap:PersistentLevel.SideScrollerExampleMap' with GeneratedClass '/Game/SideScrollerBP/Maps/SideScrollerExampleMap.SideScrollerExampleMap_C' with ClassGeneratedBy '/Game/SideScrollerBP/Maps/SideScrollerExampleMap.SideScrollerExampleMap:PersistentLevel.SideScrollerExampleMap'
[2018.02.25-21.55.58:769][212]LogPlayLevel: PlayLevel: No blueprints needed recompiling
[2018.02.25-21.55.58:769][212]PIE: New page: PIE session: SideScrollerExampleMap (Feb 25, 2018, 1:55:58 PM)
[2018.02.25-21.55.58:772][212]LogPlayLevel: Creating play world package: /Game/SideScrollerBP/Maps/UEDPIE_0_SideScrollerExampleMap
[2018.02.25-21.55.58:870][212]LogPlayLevel: PIE: StaticDuplicateObject took: (0.098558s)
[2018.02.25-21.55.58:872][212]LogAIModule: Creating AISystem for world SideScrollerExampleMap
[2018.02.25-21.55.58:873][212]LogPlayLevel: PIE: World Init took: (0.002098s)
[2018.02.25-21.55.58:873][212]LogPlayLevel: PIE: Created PIE world by copying editor world from /Game/SideScrollerBP/Maps/SideScrollerExampleMap.SideScrollerExampleMap to /Game/SideScrollerBP/Maps/UEDPIE_0_SideScrollerExampleMap.SideScrollerExampleMap (0.101875s)
[2018.02.25-21.55.58:928][212]LogInit: XAudio2 using 'Speaker/Headphone (Realtek High Definition Audio)' : 2 channels at 48 kHz using 32 bits per sample (channel mask 0x3)
[2018.02.25-21.55.58:955][212]LogInit: FAudioDevice initialized.
[2018.02.25-21.55.59:030][212]LogLoad: Game class is 'OGSideScrollerGameMode_C'
[2018.02.25-21.55.59:041][212]LogWorld: Bringing World /Game/SideScrollerBP/Maps/UEDPIE_0_SideScrollerExampleMap.SideScrollerExampleMap up for play (max tick rate 0) at 2018.02.25-17.55.59
[2018.02.25-21.55.59:044][212]LogWorld: Bringing up level for play took: 0.008867
[2018.02.25-21.55.59:175][212]LogContentBrowser: Native class hierarchy updated for 'MovieSceneCapture' in 0.0021 seconds. Added 11 classes and 0 folders.
[2018.02.25-21.55.59:234][212]PIE: Play in editor start time for /Game/SideScrollerBP/Maps/UEDPIE_0_SideScrollerExampleMap 1.142
[2018.02.25-21.55.59:235][212]LogBlueprintUserMessages: Late PlayInEditor Detection: Level '/Game/SideScrollerBP/Maps/SideScrollerExampleMap.SideScrollerExampleMap:PersistentLevel' has LevelScriptBlueprint '/Game/SideScrollerBP/Maps/SideScrollerExampleMap.SideScrollerExampleMap:PersistentLevel.SideScrollerExampleMap' with GeneratedClass '/Game/SideScrollerBP/Maps/SideScrollerExampleMap.SideScrollerExampleMap_C' with ClassGeneratedBy '/Game/SideScrollerBP/Maps/SideScrollerExampleMap.SideScrollerExampleMap:PersistentLevel.SideScrollerExampleMap'
[2018.02.25-21.55.59:407][212]LogRenderer: Reallocating scene render targets to support 920x604 Format 10 NumSamples 1 (Frame:1).
[2018.02.25-21.56.12:969][688]LogBlueprintUserMessages: Early EndPlayMap Detection: Level '/Game/SideScrollerBP/Maps/SideScrollerExampleMap.SideScrollerExampleMap:PersistentLevel' has LevelScriptBlueprint '/Game/SideScrollerBP/Maps/SideScrollerExampleMap.SideScrollerExampleMap:PersistentLevel.SideScrollerExampleMap' with GeneratedClass '/Game/SideScrollerBP/Maps/SideScrollerExampleMap.SideScrollerExampleMap_C' with ClassGeneratedBy '/Game/SideScrollerBP/Maps/SideScrollerExampleMap.SideScrollerExampleMap:PersistentLevel.SideScrollerExampleMap'
[2018.02.25-21.56.13:066][688]LogBlueprintUserMessages: Late EndPlayMap Detection: Level '/Game/SideScrollerBP/Maps/SideScrollerExampleMap.SideScrollerExampleMap:PersistentLevel' has LevelScriptBlueprint '/Game/SideScrollerBP/Maps/SideScrollerExampleMap.SideScrollerExampleMap:PersistentLevel.SideScrollerExampleMap' with GeneratedClass '/Game/SideScrollerBP/Maps/SideScrollerExampleMap.SideScrollerExampleMap_C' with ClassGeneratedBy '/Game/SideScrollerBP/Maps/SideScrollerExampleMap.SideScrollerExampleMap:PersistentLevel.SideScrollerExampleMap'
[2018.02.25-21.56.20:686][ 45]LogSlate: Took 0.063115 seconds to synchronously load lazily loaded font '../../../Engine/Content/Editor/Slate/Fonts/Roboto-Italic.ttf' (157K)
[2018.02.25-21.58.13:353][651]BlueprintLog: New page: Compile BP_Level
[2018.02.25-21.58.18:343][847]Cmd: OBJ SAVEPACKAGE PACKAGE="/Game/RISE/LvlGenrating/BP_Level" FILE="H:/GitHub/RISE-Mobile/RISE_GAME/RISE_GAME/Content/RISE/LvlGenrating/BP_Level.uasset" SILENT=true
[2018.02.25-21.58.18:988][847]LogSavePackage: Save=525.55ms
[2018.02.25-21.58.18:988][847]LogSavePackage: Moving 'H:/GitHub/RISE-Mobile/RISE_GAME/RISE_GAME/Saved/BP_Level1FC2AF024207B3B4790A70ACAC89BC09.tmp' to 'H:/GitHub/RISE-Mobile/RISE_GAME/RISE_GAME/Content/RISE/LvlGenrating/BP_Level.uasset'
[2018.02.25-21.58.18:999][847]LogSavePackage: Display: Finished SavePackage H:/GitHub/RISE-Mobile/RISE_GAME/RISE_GAME/Content/RISE/LvlGenrating/BP_Level.uasset
[2018.02.25-21.59.23:477][734]BlueprintLog: New page: Compile BP_Level
[2018.02.25-21.59.25:479][775]LogTemp: Repeating last play command: Selected Viewport
[2018.02.25-21.59.25:530][775]LogBlueprintUserMessages: Early PlayInEditor Detection: Level '/Game/SideScrollerBP/Maps/SideScrollerExampleMap.SideScrollerExampleMap:PersistentLevel' has LevelScriptBlueprint '/Game/SideScrollerBP/Maps/SideScrollerExampleMap.SideScrollerExampleMap:PersistentLevel.SideScrollerExampleMap' with GeneratedClass '/Game/SideScrollerBP/Maps/SideScrollerExampleMap.SideScrollerExampleMap_C' with ClassGeneratedBy '/Game/SideScrollerBP/Maps/SideScrollerExampleMap.SideScrollerExampleMap:PersistentLevel.SideScrollerExampleMap'
[2018.02.25-21.59.25:530][775]LogPlayLevel: PlayLevel: No blueprints needed recompiling
[2018.02.25-21.59.25:530][775]PIE: New page: PIE session: SideScrollerExampleMap (Feb 25, 2018, 1:59:25 PM)
[2018.02.25-21.59.25:532][775]LogPlayLevel: Creating play world package: /Game/SideScrollerBP/Maps/UEDPIE_0_SideScrollerExampleMap
[2018.02.25-21.59.25:590][775]LogPlayLevel: PIE: StaticDuplicateObject took: (0.057663s)
[2018.02.25-21.59.25:592][775]LogAIModule: Creating AISystem for world SideScrollerExampleMap
[2018.02.25-21.59.25:592][775]LogPlayLevel: PIE: World Init took: (0.001699s)
[2018.02.25-21.59.25:593][775]LogPlayLevel: PIE: Created PIE world by copying editor world from /Game/SideScrollerBP/Maps/SideScrollerExampleMap.SideScrollerExampleMap to /Game/SideScrollerBP/Maps/UEDPIE_0_SideScrollerExampleMap.SideScrollerExampleMap (0.059991s)
[2018.02.25-21.59.25:644][775]LogInit: XAudio2 using 'Speaker/Headphone (Realtek High Definition Audio)' : 2 channels at 48 kHz using 32 bits per sample (channel mask 0x3)
[2018.02.25-21.59.25:670][775]LogInit: FAudioDevice initialized.
[2018.02.25-21.59.25:730][775]LogLoad: Game class is 'OGSideScrollerGameMode_C'
[2018.02.25-21.59.25:738][775]LogWorld: Bringing World /Game/SideScrollerBP/Maps/UEDPIE_0_SideScrollerExampleMap.SideScrollerExampleMap up for play (max tick rate 0) at 2018.02.25-17.59.25
[2018.02.25-21.59.25:740][775]LogWorld: Bringing up level for play took: 0.007868
[2018.02.25-21.59.25:793][775]PIE: Play in editor start time for /Game/SideScrollerBP/Maps/UEDPIE_0_SideScrollerExampleMap -0.298
[2018.02.25-21.59.25:794][775]LogBlueprintUserMessages: Late PlayInEditor Detection: Level '/Game/SideScrollerBP/Maps/SideScrollerExampleMap.SideScrollerExampleMap:PersistentLevel' has LevelScriptBlueprint '/Game/SideScrollerBP/Maps/SideScrollerExampleMap.SideScrollerExampleMap:PersistentLevel.SideScrollerExampleMap' with GeneratedClass '/Game/SideScrollerBP/Maps/SideScrollerExampleMap.SideScrollerExampleMap_C' with ClassGeneratedBy '/Game/SideScrollerBP/Maps/SideScrollerExampleMap.SideScrollerExampleMap:PersistentLevel.SideScrollerExampleMap'
[2018.02.25-22.00.12:704][384]LogBlueprintUserMessages: Early EndPlayMap Detection: Level '/Game/SideScrollerBP/Maps/SideScrollerExampleMap.SideScrollerExampleMap:PersistentLevel' has LevelScriptBlueprint '/Game/SideScrollerBP/Maps/SideScrollerExampleMap.SideScrollerExampleMap:PersistentLevel.SideScrollerExampleMap' with GeneratedClass '/Game/SideScrollerBP/Maps/SideScrollerExampleMap.SideScrollerExampleMap_C' with ClassGeneratedBy '/Game/SideScrollerBP/Maps/SideScrollerExampleMap.SideScrollerExampleMap:PersistentLevel.SideScrollerExampleMap'
[2018.02.25-22.00.13:070][384]LogBlueprintUserMessages: Late EndPlayMap Detection: Level '/Game/SideScrollerBP/Maps/SideScrollerExampleMap.SideScrollerExampleMap:PersistentLevel' has LevelScriptBlueprint '/Game/SideScrollerBP/Maps/SideScrollerExampleMap.SideScrollerExampleMap:PersistentLevel.SideScrollerExampleMap' with GeneratedClass '/Game/SideScrollerBP/Maps/SideScrollerExampleMap.SideScrollerExampleMap_C' with ClassGeneratedBy '/Game/SideScrollerBP/Maps/SideScrollerExampleMap.SideScrollerExampleMap:PersistentLevel.SideScrollerExampleMap'
[2018.02.25-22.00.36:747][913]Cmd: OBJ SAVEPACKAGE PACKAGE="/Game/RISE/LvlGenrating/BP_Level" FILE="H:/GitHub/RISE-Mobile/RISE_GAME/RISE_GAME/Content/RISE/LvlGenrating/BP_Level.uasset" SILENT=true
[2018.02.25-22.00.37:303][913]LogSavePackage: Save=472.25ms
[2018.02.25-22.00.37:303][913]LogSavePackage: Moving 'H:/GitHub/RISE-Mobile/RISE_GAME/RISE_GAME/Saved/BP_Level55861ABF44EAAA56DC817082B3946786.tmp' to 'H:/GitHub/RISE-Mobile/RISE_GAME/RISE_GAME/Content/RISE/LvlGenrating/BP_Level.uasset'
[2018.02.25-22.00.37:316][913]LogSavePackage: Display: Finished SavePackage H:/GitHub/RISE-Mobile/RISE_GAME/RISE_GAME/Content/RISE/LvlGenrating/BP_Level.uasset
[2018.02.25-22.00.49:486][748]LogSlate: Took 0.061923 seconds to synchronously load lazily loaded font '../../../Engine/Content/Editor/Slate/Fonts/Roboto-BoldCondensedItalic.ttf' (160K)
[2018.02.25-22.01.25:274][ 12]BlueprintLog: New page: Compile BP_Level
[2018.02.25-22.01.26:740][ 26]Cmd: OBJ SAVEPACKAGE PACKAGE="/Game/RISE/LvlGenrating/BP_Level" FILE="H:/GitHub/RISE-Mobile/RISE_GAME/RISE_GAME/Content/RISE/LvlGenrating/BP_Level.uasset" SILENT=true
[2018.02.25-22.01.27:240][ 26]LogSavePackage: Save=431.21ms
[2018.02.25-22.01.27:242][ 26]LogSavePackage: Moving 'H:/GitHub/RISE-Mobile/RISE_GAME/RISE_GAME/Saved/BP_LevelC33FF2044635A65301D1499474B3DB5E.tmp' to 'H:/GitHub/RISE-Mobile/RISE_GAME/RISE_GAME/Content/RISE/LvlGenrating/BP_Level.uasset'
[2018.02.25-22.01.27:251][ 26]LogSavePackage: Display: Finished SavePackage H:/GitHub/RISE-Mobile/RISE_GAME/RISE_GAME/Content/RISE/LvlGenrating/BP_Level.uasset
[2018.02.25-22.04.27:507][419]BlueprintLog: New page: Compile BP_Level
[2018.02.25-22.04.49:928][764]BlueprintLog: New page: Compile BP_Level
[2018.02.25-22.04.51:608][775]Cmd: OBJ SAVEPACKAGE PACKAGE="/Game/RISE/LvlGenrating/BP_Level" FILE="H:/GitHub/RISE-Mobile/RISE_GAME/RISE_GAME/Content/RISE/LvlGenrating/BP_Level.uasset" SILENT=true
[2018.02.25-22.04.52:305][775]LogSavePackage: Save=625.96ms
[2018.02.25-22.04.52:305][775]LogSavePackage: Moving 'H:/GitHub/RISE-Mobile/RISE_GAME/RISE_GAME/Saved/BP_Level47E65B3A48A9AA653D12CCBC480B1334.tmp' to 'H:/GitHub/RISE-Mobile/RISE_GAME/RISE_GAME/Content/RISE/LvlGenrating/BP_Level.uasset'
[2018.02.25-22.04.52:318][775]LogSavePackage: Display: Finished SavePackage H:/GitHub/RISE-Mobile/RISE_GAME/RISE_GAME/Content/RISE/LvlGenrating/BP_Level.uasset
[2018.02.25-22.04.58:541][869]LogTemp: Repeating last play command: Selected Viewport
[2018.02.25-22.04.58:634][869]LogBlueprintUserMessages: Early PlayInEditor Detection: Level '/Game/SideScrollerBP/Maps/SideScrollerExampleMap.SideScrollerExampleMap:PersistentLevel' has LevelScriptBlueprint '/Game/SideScrollerBP/Maps/SideScrollerExampleMap.SideScrollerExampleMap:PersistentLevel.SideScrollerExampleMap' with GeneratedClass '/Game/SideScrollerBP/Maps/SideScrollerExampleMap.SideScrollerExampleMap_C' with ClassGeneratedBy '/Game/SideScrollerBP/Maps/SideScrollerExampleMap.SideScrollerExampleMap:PersistentLevel.SideScrollerExampleMap'
[2018.02.25-22.04.58:634][869]LogPlayLevel: PlayLevel: No blueprints needed recompiling
[2018.02.25-22.04.58:634][869]PIE: New page: PIE session: SideScrollerExampleMap (Feb 25, 2018, 2:04:58 PM)
[2018.02.25-22.04.58:638][869]LogPlayLevel: Creating play world package: /Game/SideScrollerBP/Maps/UEDPIE_0_SideScrollerExampleMap
[2018.02.25-22.04.58:739][869]LogPlayLevel: PIE: StaticDuplicateObject took: (0.100996s)
[2018.02.25-22.04.58:742][869]LogAIModule: Creating AISystem for world SideScrollerExampleMap
[2018.02.25-22.04.58:742][869]LogPlayLevel: PIE: World Init took: (0.002812s)
[2018.02.25-22.04.58:743][869]LogPlayLevel: PIE: Created PIE world by copying editor world from /Game/SideScrollerBP/Maps/SideScrollerExampleMap.SideScrollerExampleMap to /Game/SideScrollerBP/Maps/UEDPIE_0_SideScrollerExampleMap.SideScrollerExampleMap (0.104963s)
[2018.02.25-22.04.58:832][869]LogInit: XAudio2 using 'Speaker/Headphone (Realtek High Definition Audio)' : 2 channels at 48 kHz using 32 bits per sample (channel mask 0x3)
[2018.02.25-22.04.58:880][869]LogInit: FAudioDevice initialized.
[2018.02.25-22.04.58:964][869]LogLoad: Game class is 'OGSideScrollerGameMode_C'
[2018.02.25-22.04.58:976][869]LogWorld: Bringing World /Game/SideScrollerBP/Maps/UEDPIE_0_SideScrollerExampleMap.SideScrollerExampleMap up for play (max tick rate 0) at 2018.02.25-18.04.58
[2018.02.25-22.04.58:981][869]LogWorld: Bringing up level for play took: 0.014933
[2018.02.25-22.04.59:000][869]LogBlueprintUserMessages: [BP_Level_C_0] 2
[2018.02.25-22.04.59:027][869]LogBlueprintUserMessages: [BP_Level_C_1] 1
[2018.02.25-22.04.59:081][869]PIE: Play in editor start time for /Game/SideScrollerBP/Maps/UEDPIE_0_SideScrollerExampleMap 0.989
[2018.02.25-22.04.59:082][869]LogBlueprintUserMessages: Late PlayInEditor Detection: Level '/Game/SideScrollerBP/Maps/SideScrollerExampleMap.SideScrollerExampleMap:PersistentLevel' has LevelScriptBlueprint '/Game/SideScrollerBP/Maps/SideScrollerExampleMap.SideScrollerExampleMap:PersistentLevel.SideScrollerExampleMap' with GeneratedClass '/Game/SideScrollerBP/Maps/SideScrollerExampleMap.SideScrollerExampleMap_C' with ClassGeneratedBy '/Game/SideScrollerBP/Maps/SideScrollerExampleMap.SideScrollerExampleMap:PersistentLevel.SideScrollerExampleMap'
[2018.02.25-22.05.08:011][175]LogBlueprintUserMessages: [BP_Level_C_2] 3
[2018.02.25-22.05.36:251][217]LogBlueprintUserMessages: [BP_Level_C_3] 3
[2018.02.25-22.05.37:559][265]LogBlueprintUserMessages: [BP_Level_C_4] 2
[2018.02.25-22.05.52:861][812]LogBlueprintUserMessages: Early EndPlayMap Detection: Level '/Game/SideScrollerBP/Maps/SideScrollerExampleMap.SideScrollerExampleMap:PersistentLevel' has LevelScriptBlueprint '/Game/SideScrollerBP/Maps/SideScrollerExampleMap.SideScrollerExampleMap:PersistentLevel.SideScrollerExampleMap' with GeneratedClass '/Game/SideScrollerBP/Maps/SideScrollerExampleMap.SideScrollerExampleMap_C' with ClassGeneratedBy '/Game/SideScrollerBP/Maps/SideScrollerExampleMap.SideScrollerExampleMap:PersistentLevel.SideScrollerExampleMap'
[2018.02.25-22.05.52:954][812]LogBlueprintUserMessages: Late EndPlayMap Detection: Level '/Game/SideScrollerBP/Maps/SideScrollerExampleMap.SideScrollerExampleMap:PersistentLevel' has LevelScriptBlueprint '/Game/SideScrollerBP/Maps/SideScrollerExampleMap.SideScrollerExampleMap:PersistentLevel.SideScrollerExampleMap' with GeneratedClass '/Game/SideScrollerBP/Maps/SideScrollerExampleMap.SideScrollerExampleMap_C' with ClassGeneratedBy '/Game/SideScrollerBP/Maps/SideScrollerExampleMap.SideScrollerExampleMap:PersistentLevel.SideScrollerExampleMap'
[2018.02.25-22.07.02:486][248]BlueprintLog: New page: Compile BP_Level
[2018.02.25-22.07.04:246][272]LogTemp: Repeating last play command: Selected Viewport
[2018.02.25-22.07.04:296][272]LogBlueprintUserMessages: Early PlayInEditor Detection: Level '/Game/SideScrollerBP/Maps/SideScrollerExampleMap.SideScrollerExampleMap:PersistentLevel' has LevelScriptBlueprint '/Game/SideScrollerBP/Maps/SideScrollerExampleMap.SideScrollerExampleMap:PersistentLevel.SideScrollerExampleMap' with GeneratedClass '/Game/SideScrollerBP/Maps/SideScrollerExampleMap.SideScrollerExampleMap_C' with ClassGeneratedBy '/Game/SideScrollerBP/Maps/SideScrollerExampleMap.SideScrollerExampleMap:PersistentLevel.SideScrollerExampleMap'
[2018.02.25-22.07.04:296][272]LogPlayLevel: PlayLevel: No blueprints needed recompiling
[2018.02.25-22.07.04:297][272]PIE: New page: PIE session: SideScrollerExampleMap (Feb 25, 2018, 2:07:04 PM)
[2018.02.25-22.07.04:299][272]LogPlayLevel: Creating play world package: /Game/SideScrollerBP/Maps/UEDPIE_0_SideScrollerExampleMap
[2018.02.25-22.07.04:352][272]LogPlayLevel: PIE: StaticDuplicateObject took: (0.053833s)
[2018.02.25-22.07.04:355][272]LogAIModule: Creating AISystem for world SideScrollerExampleMap
[2018.02.25-22.07.04:356][272]LogPlayLevel: PIE: World Init took: (0.003010s)
[2018.02.25-22.07.04:356][272]LogPlayLevel: PIE: Created PIE world by copying editor world from /Game/SideScrollerBP/Maps/SideScrollerExampleMap.SideScrollerExampleMap to /Game/SideScrollerBP/Maps/UEDPIE_0_SideScrollerExampleMap.SideScrollerExampleMap (0.057698s)
[2018.02.25-22.07.04:409][272]LogInit: XAudio2 using 'Speaker/Headphone (Realtek High Definition Audio)' : 2 channels at 48 kHz using 32 bits per sample (channel mask 0x3)
[2018.02.25-22.07.04:434][272]LogInit: FAudioDevice initialized.
[2018.02.25-22.07.04:503][272]LogLoad: Game class is 'OGSideScrollerGameMode_C'
[2018.02.25-22.07.04:511][272]LogWorld: Bringing World /Game/SideScrollerBP/Maps/UEDPIE_0_SideScrollerExampleMap.SideScrollerExampleMap up for play (max tick rate 0) at 2018.02.25-18.07.04
[2018.02.25-22.07.04:514][272]LogWorld: Bringing up level for play took: 0.008631
[2018.02.25-22.07.04:572][272]PIE: Play in editor start time for /Game/SideScrollerBP/Maps/UEDPIE_0_SideScrollerExampleMap 0.48
[2018.02.25-22.07.04:572][272]LogBlueprintUserMessages: Late PlayInEditor Detection: Level '/Game/SideScrollerBP/Maps/SideScrollerExampleMap.SideScrollerExampleMap:PersistentLevel' has LevelScriptBlueprint '/Game/SideScrollerBP/Maps/SideScrollerExampleMap.SideScrollerExampleMap:PersistentLevel.SideScrollerExampleMap' with GeneratedClass '/Game/SideScrollerBP/Maps/SideScrollerExampleMap.SideScrollerExampleMap_C' with ClassGeneratedBy '/Game/SideScrollerBP/Maps/SideScrollerExampleMap.SideScrollerExampleMap:PersistentLevel.SideScrollerExampleMap'
[2018.02.25-22.08.16:698][102]LogScript: Warning: Runaway loop detected (over 1,000,000 iterations) - see log for stack trace
	Pillar_C /Game/SideScrollerBP/Maps/UEDPIE_0_SideScrollerExampleMap.SideScrollerExampleMap:PersistentLevel.Pillar_C_1103
	Function /Game/RISE/LvlGenrating/Pillar.Pillar_C:BndEvt__PillarTopCollision_K2Node_ComponentBoundEvent_0_ComponentBeginOverlapSignature__DelegateSignature:0000
[2018.02.25-22.08.16:698][102]PIE: Error: Infinite Loop detected in  Pillar , asserted during  Bnd Evt  Pillar Top Collision K2Node Component Bound Event 0 Component Begin Overlap Signature  Delegate Signature with the following  Call Stack
[2018.02.25-22.08.27:059][102]LogScript: Warning: Runaway loop detected (over 1,000,000 iterations) - see log for stack trace
	Pillar_C /Game/SideScrollerBP/Maps/UEDPIE_0_SideScrollerExampleMap.SideScrollerExampleMap:PersistentLevel.Pillar_C_1517
	Function /Game/RISE/LvlGenrating/Pillar.Pillar_C:BndEvt__PillarTopCollision_K2Node_ComponentBoundEvent_0_ComponentBeginOverlapSignature__DelegateSignature:0000
[2018.02.25-22.08.27:059][102]PIE: Error: Infinite Loop detected in  Pillar , asserted during  Bnd Evt  Pillar Top Collision K2Node Component Bound Event 0 Component Begin Overlap Signature  Delegate Signature with the following  Call Stack
[2018.02.25-22.08.39:248][102]LogScript: Warning: Runaway loop detected (over 1,000,000 iterations) - see log for stack trace
	Pillar_C /Game/SideScrollerBP/Maps/UEDPIE_0_SideScrollerExampleMap.SideScrollerExampleMap:PersistentLevel.Pillar_C_1836
	Function /Game/RISE/LvlGenrating/Pillar.Pillar_C:BndEvt__PillarTopCollision_K2Node_ComponentBoundEvent_0_ComponentBeginOverlapSignature__DelegateSignature:0000
[2018.02.25-22.08.39:248][102]PIE: Error: Infinite Loop detected in  Pillar , asserted during  Bnd Evt  Pillar Top Collision K2Node Component Bound Event 0 Component Begin Overlap Signature  Delegate Signature with the following  Call Stack
[2018.02.25-22.08.53:356][102]LogScript: Warning: Runaway loop detected (over 1,000,000 iterations) - see log for stack trace
	Pillar_C /Game/SideScrollerBP/Maps/UEDPIE_0_SideScrollerExampleMap.SideScrollerExampleMap:PersistentLevel.Pillar_C_1492
	Function /Game/RISE/LvlGenrating/Pillar.Pillar_C:ExecuteUbergraph_Pillar:001F
[2018.02.25-22.08.53:357][102]PIE: Error: Infinite Loop detected in  Pillar , asserted during  On Component Begin Overlap (PillarTopCollision) with the following  Call Stack
[2018.02.25-22.09.09:761][102]LogScript: Warning: Runaway loop detected (over 1,000,000 iterations) - see log for stack trace
	Pillar_C /Game/SideScrollerBP/Maps/UEDPIE_0_SideScrollerExampleMap.SideScrollerExampleMap:PersistentLevel.Pillar_C_775
	Function /Game/RISE/LvlGenrating/Pillar.Pillar_C:BndEvt__PillarTopCollision_K2Node_ComponentBoundEvent_0_ComponentBeginOverlapSignature__DelegateSignature:0000
[2018.02.25-22.09.09:762][102]PIE: Error: Infinite Loop detected in  Pillar , asserted during  Bnd Evt  Pillar Top Collision K2Node Component Bound Event 0 Component Begin Overlap Signature  Delegate Signature with the following  Call Stack
[2018.02.25-22.09.28:491][102]LogScript: Warning: Runaway loop detected (over 1,000,000 iterations) - see log for stack trace
	Pillar_C /Game/SideScrollerBP/Maps/UEDPIE_0_SideScrollerExampleMap.SideScrollerExampleMap:PersistentLevel.Pillar_C_2552
	Function /Game/RISE/LvlGenrating/Pillar.Pillar_C:ExecuteUbergraph_Pillar:001F
[2018.02.25-22.09.28:491][102]PIE: Error: Infinite Loop detected in  Pillar , asserted during  On Component Begin Overlap (PillarTopCollision) with the following  Call Stack
[2018.02.25-22.09.49:575][102]LogScript: Warning: Runaway loop detected (over 1,000,000 iterations) - see log for stack trace
	Pillar_C /Game/SideScrollerBP/Maps/UEDPIE_0_SideScrollerExampleMap.SideScrollerExampleMap:PersistentLevel.Pillar_C_522
	Function /Game/RISE/LvlGenrating/Pillar.Pillar_C:ExecuteUbergraph_Pillar:001F
[2018.02.25-22.09.49:576][102]PIE: Error: Infinite Loop detected in  Pillar , asserted during  On Component Begin Overlap (PillarTopCollision) with the following  Call Stack
[2018.02.25-22.10.12:919][102]LogScript: Warning: Runaway loop detected (over 1,000,000 iterations) - see log for stack trace
	Pillar_C /Game/SideScrollerBP/Maps/UEDPIE_0_SideScrollerExampleMap.SideScrollerExampleMap:PersistentLevel.Pillar_C_2061
	Function /Game/RISE/LvlGenrating/Pillar.Pillar_C:ExecuteUbergraph_Pillar:001F
[2018.02.25-22.10.12:919][102]PIE: Error: Infinite Loop detected in  Pillar , asserted during  On Component Begin Overlap (PillarTopCollision) with the following  Call Stack
