Log file open, 01/23/18 21:59:58
LogWindows: Failed to load 'aqProf.dll' (GetLastError=126)
LogWindows: File 'aqProf.dll' does not exist
LogWindows: Failed to load 'VSPerf140.dll' (GetLastError=126)
LogWindows: File 'VSPerf140.dll' does not exist
LogWindows: Failed to load 'VtuneApi.dll' (GetLastError=126)
LogWindows: File 'VtuneApi.dll' does not exist
LogWindows: Failed to load 'VtuneApi32e.dll' (GetLastError=126)
LogWindows: File 'VtuneApi32e.dll' does not exist
LogInit: Display: Running engine for game: RISE_GAME
LogPlatformFile: Not using cached read wrapper
LogInit: Display: RandInit(528524664) SRandInit(528524665).
LogTaskGraph: Started task graph with 5 named threads and 14 total threads with 3 sets of task threads.
LogStats: Stats thread started at 0.261013
LogD3D11RHI: Aftermath initialized
LogPluginManager: Mounting plugin Paper2D
LogPluginManager: Mounting plugin LightPropagationVolume
LogPluginManager: Mounting plugin CodeLiteSourceCodeAccess
LogPluginManager: Mounting plugin GitSourceControl
LogPluginManager: Mounting plugin KDevelopSourceCodeAccess
LogPluginManager: Mounting plugin NullSourceCodeAccess
LogPluginManager: Mounting plugin PerforceSourceControl
LogPluginManager: Mounting plugin SubversionSourceControl
LogPluginManager: Mounting plugin UObjectPlugin
LogPluginManager: Mounting plugin VisualStudioSourceCodeAccess
LogPluginManager: Mounting plugin XCodeSourceCodeAccess
LogPluginManager: Mounting plugin AssetManagerEditor
LogPluginManager: Mounting plugin AudioCapture
LogPluginManager: Mounting plugin FacialAnimation
LogPluginManager: Mounting plugin GameplayTagsEditor
LogPluginManager: Mounting plugin MobileLauncherProfileWizard
LogPluginManager: Mounting plugin PluginBrowser
LogPluginManager: Mounting plugin SpeedTreeImporter
LogPluginManager: Mounting plugin AlembicImporter
LogPluginManager: Mounting plugin CharacterAI
LogPluginManager: Mounting plugin HTML5Networking
LogPluginManager: Mounting plugin AndroidMedia
LogPluginManager: Mounting plugin AvfMedia
LogPluginManager: Mounting plugin MediaPlayerEditor
LogPluginManager: Mounting plugin WmfMedia
LogPluginManager: Mounting plugin TcpMessaging
LogPluginManager: Mounting plugin UdpMessaging
LogPluginManager: Mounting plugin LevelSequenceEditor
LogPluginManager: Mounting plugin MatineeToLevelSequence
LogPluginManager: Mounting plugin OnlineSubsystemGooglePlay
LogPluginManager: Mounting plugin OnlineSubsystemIOS
LogPluginManager: Mounting plugin OnlineSubsystem
LogPluginManager: Mounting plugin OnlineSubsystemNull
LogPluginManager: Mounting plugin OnlineSubsystemUtils
LogPluginManager: Mounting plugin AndroidDeviceProfileSelector
LogPluginManager: Mounting plugin AndroidMoviePlayer
LogPluginManager: Mounting plugin AndroidPermission
LogPluginManager: Mounting plugin AppleMoviePlayer
LogPluginManager: Mounting plugin ArchVisCharacter
LogPluginManager: Mounting plugin CableComponent
LogPluginManager: Mounting plugin CustomMeshComponent
LogPluginManager: Mounting plugin ExampleDeviceProfileSelector
LogPluginManager: Mounting plugin GoogleCloudMessaging
LogPluginManager: Mounting plugin ImmediatePhysics
LogPluginManager: Mounting plugin IOSDeviceProfileSelector
LogPluginManager: Mounting plugin LinuxDeviceProfileSelector
LogPluginManager: Mounting plugin LocationServicesBPLibrary
LogPluginManager: Mounting plugin MobilePatchingUtils
LogPluginManager: Mounting plugin OculusVR
LogPluginManager: Mounting plugin PhysXVehicles
LogPluginManager: Mounting plugin ProceduralMeshComponent
LogPluginManager: Mounting plugin RuntimePhysXCooking
LogPluginManager: Mounting plugin SteamVR
LogPluginManager: Mounting plugin WindowsMoviePlayer
LogInit: Using libcurl 7.47.1
LogInit:  - built for x86_64-pc-win32
LogInit:  - supports SSL with OpenSSL/1.0.2g
LogInit:  - supports HTTP deflate (compression) using libz 1.2.8
LogInit:  - other features:
LogInit:      CURL_VERSION_SSL
LogInit:      CURL_VERSION_LIBZ
LogInit:      CURL_VERSION_IPV6
LogInit:      CURL_VERSION_ASYNCHDNS
LogInit:      CURL_VERSION_LARGEFILE
LogInit:      CURL_VERSION_IDN
LogInit:  CurlRequestOptions (configurable via config and command line):
LogInit:  - bVerifyPeer = false  - Libcurl will NOT verify peer certificate
LogInit:  - bUseHttpProxy = false  - Libcurl will NOT use HTTP proxy
LogInit:  - bDontReuseConnections = false  - Libcurl will reuse connections
LogInit:  - CertBundlePath = nullptr  - Libcurl will use whatever was configured at build time.
LogInit: Build: ++UE4+Release-4.17-CL-3658906
LogInit: Engine Version: 4.17.2-3658906+++UE4+Release-4.17
LogInit: Compatible Engine Version: 4.17.0-3573198+++UE4+Release-4.17
LogInit: Net CL: 3573198
LogDevObjectVersion: Number of dev versions registered: 16
LogDevObjectVersion:   Dev-Blueprints (B0D832E4-1F89-4F0D-ACCF-7EB736FD4AA2): 10
LogDevObjectVersion:   Dev-Build (E1C64328-A22C-4D53-A36C-8E866417BD8C): 0
LogDevObjectVersion:   Dev-Core (375EC13C-06E4-48FB-B500-84F0262A717E): 2
LogDevObjectVersion:   Dev-Editor (E4B068ED-F494-42E9-A231-DA0B2E46BB41): 20
LogDevObjectVersion:   Dev-Framework (CFFC743F-43B0-4480-9391-14DF171D2073): 28
LogDevObjectVersion:   Dev-Mobile (B02B49B5-BB20-44E9-A304-32B752E40360): 0
LogDevObjectVersion:   Dev-Networking (A4E4105C-59A1-49B5-A7C5-40C4547EDFEE): 0
LogDevObjectVersion:   Dev-Online (39C831C9-5AE6-47DC-9A44-9C173E1C8E7C): 0
LogDevObjectVersion:   Dev-Physics (78F01B33-EBEA-4F98-B9B4-84EACCB95AA2): 0
LogDevObjectVersion:   Dev-Platform (6631380F-2D4D-43E0-8009-CF276956A95A): 0
LogDevObjectVersion:   Dev-Rendering (12F88B9F-8875-4AFC-A67C-D90C383ABD29): 19
LogDevObjectVersion:   Dev-Sequencer (7B5AE74C-D270-4C10-A958-57980B212A5A): 4
LogDevObjectVersion:   Dev-VR (D7296918-1DD6-4BDD-9DE2-64A83CC13884): 0
LogDevObjectVersion:   Dev-LoadTimes (C2A15278-BFE7-4AFE-6C17-90FF531DF755): 1
LogDevObjectVersion:   Private-Geometry (6EACA3D4-40EC-4CC1-B786-8BED09428FC5): 1
LogDevObjectVersion:   Dev-AnimPhys (29E575DD-E0A3-4627-9D10-D276232CDCEA): 7
LogInit: Compiled (64-bit): Sep 22 2017 13:47:16
LogInit: Compiled with Visual C++: 19.00.24215.01
LogInit: Build Configuration: Development
LogInit: Branch Name: ++UE4+Release-4.17
LogInit: Command line:  
LogInit: Base directory: C:/Program Files/Epic Games/UE_4.17/Engine/Binaries/Win64/
LogInit: Installed Engine Build: 1
LogInit: Presizing for max 8388607 objects, including 0 objects not considered by GC, pre-allocating 0 bytes for permanent pool.
LogInit: Object subsystem initialized
[2018.01.24-02.00.00:075][  0]LogInit: Selected Device Profile: [Windows]
[2018.01.24-02.00.00:075][  0]LogInit: Applying CVar settings loaded from the selected device profile: [Windows]
[2018.01.24-02.00.00:127][  0]LogInit: Computer: LAPTOP-FV6L4TLG
[2018.01.24-02.00.00:127][  0]LogInit: User: kreye
[2018.01.24-02.00.00:127][  0]LogInit: CPU Page size=4096, Cores=4
[2018.01.24-02.00.00:127][  0]LogInit: High frequency timer resolution =2.339360 MHz
[2018.01.24-02.00.00:128][  0]LogMemory: Memory total: Physical=11.5GB (12GB approx)
[2018.01.24-02.00.00:128][  0]LogMemory: Platform Memory Stats for Windows
[2018.01.24-02.00.00:128][  0]LogMemory: Process Physical Memory: 278.33 MB used, 278.33 MB peak
[2018.01.24-02.00.00:128][  0]LogMemory: Process Virtual Memory: 274.01 MB used, 274.01 MB peak
[2018.01.24-02.00.00:128][  0]LogMemory: Physical Memory: 2974.90 MB used,  8768.22 MB free, 11743.12 MB total
[2018.01.24-02.00.00:128][  0]LogMemory: Virtual Memory: 667.89 MB used,  8768.22 MB free, 134217728.00 MB total
[2018.01.24-02.00.00:592][  0]LogInit: Using OS detected language (en-US).
[2018.01.24-02.00.00:592][  0]LogInit: Using OS detected locale (en-US).
[2018.01.24-02.00.00:601][  0]LogTextLocalizationManager: No specific localization for 'en-US' exists, so the 'en' localization will be used.
[2018.01.24-02.00.02:063][  0]LogD3D11RHI: D3D11 adapters:
[2018.01.24-02.00.02:089][  0]LogD3D11RHI:    0. 'AMD Radeon(TM) R5 Graphics' (Feature Level 11_0)
[2018.01.24-02.00.02:089][  0]LogD3D11RHI:       499/0/5871 MB DedicatedVideo/DedicatedSystem/SharedSystem, Outputs:1, VendorId:0x1002
[2018.01.24-02.00.02:092][  0]LogD3D11RHI:    1. 'Microsoft Basic Render Driver' (Feature Level 11_0)
[2018.01.24-02.00.02:092][  0]LogD3D11RHI:       0/0/5871 MB DedicatedVideo/DedicatedSystem/SharedSystem, Outputs:0, VendorId:0x1414
[2018.01.24-02.00.02:092][  0]LogD3D11RHI: Chosen D3D11 Adapter: 0
[2018.01.24-02.00.02:106][  0]LogD3D11RHI: Creating new Direct3DDevice
[2018.01.24-02.00.02:106][  0]LogD3D11RHI:     GPU DeviceId: 0x9874 (for the marketing name, search the web for "GPU Device Id")
[2018.01.24-02.00.02:106][  0]LogWindows: EnumDisplayDevices:
[2018.01.24-02.00.02:106][  0]LogWindows:    0. 'AMD Radeon(TM) R5 Graphics' (P:1 D:1)
[2018.01.24-02.00.02:107][  0]LogWindows:    1. 'AMD Radeon(TM) R5 Graphics' (P:0 D:0)
[2018.01.24-02.00.02:108][  0]LogWindows:    2. 'AMD Radeon(TM) R5 Graphics' (P:0 D:0)
[2018.01.24-02.00.02:108][  0]LogWindows: DebugString: FoundDriverCount:3 
[2018.01.24-02.00.02:108][  0]LogD3D11RHI:     Adapter Name: AMD Radeon(TM) R5 Graphics
[2018.01.24-02.00.02:108][  0]LogD3D11RHI:   Driver Version: Crimson 16.6 (internal:16.300.2701.0, unified:16.300.2701.0)
[2018.01.24-02.00.02:108][  0]LogD3D11RHI:      Driver Date: 8-9-2016
[2018.01.24-02.00.02:108][  0]LogRHI: Texture pool is 349 MB (70% of 499 MB)
[2018.01.24-02.00.02:179][  0]LogD3D11RHI: Async texture creation enabled
[2018.01.24-02.00.02:199][  0]LogD3D11RHI: GPU Timing Frequency: 100.000000 (Debug: 2 1)
[2018.01.24-02.00.02:201][  0]LogShaderCompilers: Guid format shader working directory is 15 characters bigger than the processId version (G:/GitHub/RISE-Mobile/RISE_GAME/Intermediate/Shaders/WorkingDirectory/2492/).
[2018.01.24-02.00.02:201][  0]LogShaderCompilers: Cleaned the shader compiler working directory 'C:/Users/kreye/AppData/Local/Temp/UnrealShaderWorkingDir/B225B40E49DF0317673CCF8EE6FD5B6A/'.
[2018.01.24-02.00.02:201][  0]LogShaderCompilers: Display: Using Local Shader Compiler.
[2018.01.24-02.00.04:771][  0]LogTemp: Display: Loaded TP AllDesktopTargetPlatform
[2018.01.24-02.00.04:902][  0]LogTemp: Display: Loaded TP MacClientTargetPlatform
[2018.01.24-02.00.05:068][  0]LogTemp: Display: Loaded TP MacNoEditorTargetPlatform
[2018.01.24-02.00.05:203][  0]LogTemp: Display: Loaded TP MacServerTargetPlatform
[2018.01.24-02.00.05:342][  0]LogTemp: Display: Loaded TP MacTargetPlatform
[2018.01.24-02.00.05:476][  0]LogTemp: Display: Loaded TP WindowsClientTargetPlatform
[2018.01.24-02.00.05:613][  0]LogTemp: Display: Loaded TP WindowsNoEditorTargetPlatform
[2018.01.24-02.00.05:758][  0]LogTemp: Display: Loaded TP WindowsServerTargetPlatform
[2018.01.24-02.00.05:891][  0]LogTemp: Display: Loaded TP WindowsTargetPlatform
[2018.01.24-02.00.06:051][  0]LogTemp: Display: Loaded TP AndroidTargetPlatform
[2018.01.24-02.00.06:201][  0]LogTemp: Display: Loaded TP Android_ASTCTargetPlatform
[2018.01.24-02.00.06:346][  0]LogTemp: Display: Loaded TP Android_ATCTargetPlatform
[2018.01.24-02.00.06:479][  0]LogTemp: Display: Loaded TP Android_DXTTargetPlatform
[2018.01.24-02.00.06:606][  0]LogTemp: Display: Loaded TP Android_ETC1TargetPlatform
[2018.01.24-02.00.06:733][  0]LogTemp: Display: Loaded TP Android_ETC2TargetPlatform
[2018.01.24-02.00.06:997][  0]LogTemp: Display: Loaded TP Android_MultiTargetPlatform
[2018.01.24-02.00.06:997][  0]LogTemp: Display: Loaded TP Android_PVRTCTargetPlatform
[2018.01.24-02.00.07:095][  0]LogTemp: Display: Loaded TP HTML5TargetPlatform
[2018.01.24-02.00.07:342][  0]LogTemp: Display: Loaded TP IOSTargetPlatform
[2018.01.24-02.00.07:423][  0]LogTemp: Display: Loaded TP TVOSTargetPlatform
[2018.01.24-02.00.07:573][  0]LogTemp: Display: Loaded TP LinuxClientTargetPlatform
[2018.01.24-02.00.07:709][  0]LogTemp: Display: Loaded TP LinuxNoEditorTargetPlatform
[2018.01.24-02.00.07:845][  0]LogTemp: Display: Loaded TP LinuxServerTargetPlatform
[2018.01.24-02.00.07:985][  0]LogTemp: Display: Loaded TP LinuxTargetPlatform
[2018.01.24-02.00.07:985][  0]LogTargetPlatformManager: Display: Building Assets For Windows
[2018.01.24-02.00.09:565][  0]LogDerivedDataCache: Display: Max Cache Size: 512 MB
[2018.01.24-02.00.09:964][  0]LogDerivedDataCache: Loaded boot cache 0.40s 93MB C:/Users/kreye/AppData/Local/UnrealEngine/4.17/DerivedDataCache/Boot.ddc.
[2018.01.24-02.00.09:965][  0]LogDerivedDataCache: Display: Loaded Boot cache: C:/Users/kreye/AppData/Local/UnrealEngine/4.17/DerivedDataCache/Boot.ddc
[2018.01.24-02.00.09:965][  0]LogDerivedDataCache: FDerivedDataBackendGraph:  Pak pak cache file G:/GitHub/RISE-Mobile/RISE_GAME/DerivedDataCache/DDC.ddp not found, will not use a pak cache.
[2018.01.24-02.00.09:966][  0]LogDerivedDataCache: Unable to find inner node Pak for hierarchical cache Hierarchy.
[2018.01.24-02.00.09:967][  0]LogDerivedDataCache: FDerivedDataBackendGraph:  CompressedPak pak cache file G:/GitHub/RISE-Mobile/RISE_GAME/DerivedDataCache/Compressed.ddp not found, will not use a pak cache.
[2018.01.24-02.00.09:967][  0]LogDerivedDataCache: Unable to find inner node CompressedPak for hierarchical cache Hierarchy.
[2018.01.24-02.00.10:011][  0]LogDerivedDataCache: Display: Pak cache opened for reading ../../../Engine/DerivedDataCache/Compressed.ddp.
[2018.01.24-02.00.10:030][  0]LogDerivedDataCache: Using Local data cache path C:/Users/kreye/AppData/Local/UnrealEngine/Common/DerivedDataCache: Writable
[2018.01.24-02.00.10:062][  0]LogMaterial: Verifying Global Shaders for PCD3D_SM5
[2018.01.24-02.00.10:063][  0]LogSlate: Using Freetype 2.6.0
[2018.01.24-02.00.10:064][  0]LogSlate: SlateFontCache - WITH_FREETYPE: 1, WITH_HARFBUZZ: 1
[2018.01.24-02.00.10:064][  0]LogSlate: SlateFontCache - WITH_FREETYPE: 1, WITH_HARFBUZZ: 1
[2018.01.24-02.00.10:936][  0]LogAssetRegistry: FAssetRegistry took 0.0328 seconds to start up
[2018.01.24-02.00.11:358][  0]LogInit: Selected Device Profile: [Windows]
[2018.01.24-02.00.11:942][  0]LogContentStreaming: Texture pool size is 0.00 MB
[2018.01.24-02.00.12:936][  0]LogSimplygon: Simplygon DLL not present - disabling.
[2018.01.24-02.00.13:080][  0]LogMeshReduction: Using SimplygonSwarm for distributed automatic mesh merging
[2018.01.24-02.00.13:080][  0]LogMeshReduction: Using QuadricMeshReduction for automatic static mesh reduction
[2018.01.24-02.00.13:080][  0]LogMeshReduction: No automatic skeletal mesh reduction module available
[2018.01.24-02.00.13:080][  0]LogMeshReduction: No automatic mesh merging module available
[2018.01.24-02.00.13:080][  0]LogMeshMerging: No automatic mesh merging module available
[2018.01.24-02.00.13:966][  0]LogNetVersion: RISE_GAME , NetCL: 3573198, EngineNetVer: 2, GameNetVer: 0 (Checksum: 1739909859)
[2018.01.24-02.00.14:775][  0]LogPackageLocalizationCache: Processed 5 localized package path(s) for 2 prioritized culture(s) in 0.340765 seconds
[2018.01.24-02.00.14:789][  0]LogUObjectArray: 35825 objects as part of root set at end of initial load.
[2018.01.24-02.00.14:789][  0]LogUObjectAllocator: 7529104 out of 0 bytes used by permanent object pool.
[2018.01.24-02.00.14:789][  0]LogUObjectArray: CloseDisregardForGC: 0/0 objects in disregard for GC pool
[2018.01.24-02.00.14:966][  0]LogInit: WinSock: version 1.1 (2.2), MaxSocks=32767, MaxUdp=65467
[2018.01.24-02.00.21:408][  0]LogTcpMessaging: Initializing TcpMessaging bridge
[2018.01.24-02.00.21:507][  0]LogUdpMessaging: Initializing bridge on interface 0.0.0.0:0 to multicast group 230.0.0.1:6666.
[2018.01.24-02.00.21:509][  0]FUdpSocketBuilder: Failed to subscribe UdpMessageMulticastSocket to multicast group 230.0.0.1
[2018.01.24-02.00.21:509][  0]FUdpSocketBuilder: Failed to create and initialize socket UdpMessageMulticastSocket (last error: 0)
[2018.01.24-02.00.21:509][  0]LogUdpMessaging: Warning: StartTransport failed to create multicast socket on 0.0.0.0:0, joined to 230.0.0.1:6666 with TTL 1
[2018.01.24-02.00.23:139][  0]LogMaterial: Uniform references updated for custom material expression Custom.
[2018.01.24-02.00.24:373][  0]SourceControl: Source control is disabled
[2018.01.24-02.00.24:373][  0]SourceControl: Source control is disabled
[2018.01.24-02.00.24:507][  0]SourceControl: Source control is disabled
[2018.01.24-02.00.24:636][  0]SourceControl: Source control is disabled
[2018.01.24-02.00.26:285][  0]LogAndroidPermission: UAndroidPermissionCallbackProxy::GetInstance
[2018.01.24-02.00.26:938][  0]LogOcInput: OculusInput pre-init called
[2018.01.24-02.00.27:606][  0]LogEngine: Initializing Engine...
[2018.01.24-02.00.27:610][  0]LogHMD: Failed to initialize OpenVR with code 110
[2018.01.24-02.00.28:123][  0]LogStats: UGameplayTagsManager::ConstructGameplayTagTree: Construct from data asset -  0.000 s
[2018.01.24-02.00.28:123][  0]LogStats: UGameplayTagsManager::ConstructGameplayTagTree: GameplayTagTreeChangedEvent.Broadcast -  0.000 s
[2018.01.24-02.00.28:509][  0]LogAIModule: Creating AISystem for world Untitled
[2018.01.24-02.00.28:524][  0]LogInit: XAudio2 using 'Speaker/Headphone (Realtek High Definition Audio)' : 2 channels at 48 kHz using 32 bits per sample (channel mask 0x3)
[2018.01.24-02.00.28:559][  0]LogInit: FAudioDevice initialized.
[2018.01.24-02.00.28:919][  0]LogDerivedDataCache: Saved boot cache 0.36s 93MB C:/Users/kreye/AppData/Local/UnrealEngine/4.17/DerivedDataCache/Boot.ddc.
[2018.01.24-02.00.28:984][  0]LogInit: Texture streaming: Enabled
[2018.01.24-02.00.29:370][  0]LogEngineSessionManager: EngineSessionManager initialized
[2018.01.24-02.00.30:038][  0]LogInit: Transaction tracking system initialized
[2018.01.24-02.00.30:935][  0]BlueprintLog: New page: Editor Load
[2018.01.24-02.00.33:541][  0]LocalizationService: Localization service is disabled
[2018.01.24-02.00.35:628][  0]LogConsoleResponse: Display: 
[2018.01.24-02.00.36:190][  0]LogCook: Display: Max memory allowance for cook 16384mb min free memory 0mb
[2018.01.24-02.00.36:191][  0]LogCook: Display: Mobile HDR setting 1
[2018.01.24-02.00.36:191][  0]LogGameplayTags: Display: UGameplayTagsManager::DoneAddingNativeTags. DelegateIsBound: 0
[2018.01.24-02.00.36:301][  0]LogFileCache: Scanning file cache for directory 'G:/GitHub/RISE-Mobile/RISE_GAME/Content/' took 0.02s
[2018.01.24-02.00.39:917][  0]SourceControl: Source control is disabled
[2018.01.24-02.00.39:918][  0]Cmd: MAP LOAD FILE="G:/GitHub/RISE-Mobile/RISE_GAME/Content/SideScrollerBP/Maps/SideScrollerExampleMap.umap" TEMPLATE=0 SHOWPROGRESS=1 FEATURELEVEL=3
[2018.01.24-02.00.39:919][  0]LightingResults: New page: Lighting Build
[2018.01.24-02.00.40:049][  0]MapCheck: New page: Map Check
[2018.01.24-02.00.40:049][  0]LightingResults: New page: Lighting Build
[2018.01.24-02.00.40:338][  0]LogBlueprint: Error: [Compiler Pillar] Can't connect pins  Object  and  Other Actor : This cast has an invalid target type (was the class deleted without a redirect?).
[2018.01.24-02.00.40:338][  0]LogBlueprint: Error: [Compiler Pillar] Can't connect pins  Other Actor  and  Object : This cast has an invalid target type (was the class deleted without a redirect?).
[2018.01.24-02.00.40:339][  0]LogBlueprint: Warning: [Compiler Pillar] [0045.69] Compile of Pillar failed. 2 Fatal Issue(s) 0 Warning(s) [in 4 ms] (/Game/RISE/3DModels/Pillar.Pillar)
[2018.01.24-02.00.40:529][  0]LogLinker: Warning: Can't find file '/Game/RISE/HUBs/Saves/HighScoreSaveSlot'
[2018.01.24-02.00.40:530][  0]LogLinker: Warning: Can't find file for asset '/Game/RISE/HUBs/Saves/HighScoreSaveSlot' while loading G:/GitHub/RISE-Mobile/RISE_GAME/Content/SideScrollerBP/Blueprints/OGSideScrollerCharacter.uasset.
[2018.01.24-02.00.40:530][  0]LoadErrors: Error: /Game/SideScrollerBP/Blueprints/OGSideScrollerCharacter : Can't find file for asset. /Game/RISE/HUBs/Saves/HighScoreSaveSlot
[2018.01.24-02.00.40:717][  0]LogLinker: Warning: Can't find file '/Game/RISE/HUBs/Saves/HighScoreSaveSlot'
[2018.01.24-02.00.40:717][  0]LogLinker: Warning: Can't find file for asset '/Game/RISE/HUBs/Saves/HighScoreSaveSlot' while loading G:/GitHub/RISE-Mobile/RISE_GAME/Content/RISE/HUBs/BP_Restart.uasset.
[2018.01.24-02.00.40:717][  0]LoadErrors: Error: /Game/RISE/HUBs/BP_Restart : Can't find file for asset. /Game/RISE/HUBs/Saves/HighScoreSaveSlot
[2018.01.24-02.00.40:723][  0]LogLinker: Warning: Can't find file '/Game/RISE/HUBs/Saves/HighScoreSaveSlot'
[2018.01.24-02.00.40:723][  0]LogLinker: Warning: Can't find file for asset '/Game/RISE/HUBs/Saves/HighScoreSaveSlot' while loading G:/GitHub/RISE-Mobile/RISE_GAME/Content/RISE/HUBs/BP_Restart.uasset.
[2018.01.24-02.00.40:723][  0]LoadErrors: Error: /Game/RISE/HUBs/BP_Restart : Can't find file for asset. /Game/RISE/HUBs/Saves/HighScoreSaveSlot
[2018.01.24-02.00.40:723][  0]LogLinker: Warning: Can't find file '/Game/RISE/HUBs/Saves/HighScoreSaveSlot'
[2018.01.24-02.00.40:724][  0]LogLinker: Warning: Can't find file for asset '/Game/RISE/HUBs/Saves/HighScoreSaveSlot' while loading G:/GitHub/RISE-Mobile/RISE_GAME/Content/RISE/HUBs/BP_Restart.uasset.
[2018.01.24-02.00.40:724][  0]LoadErrors: Error: /Game/RISE/HUBs/BP_Restart : Can't find file for asset. /Game/RISE/HUBs/Saves/HighScoreSaveSlot
[2018.01.24-02.00.40:724][  0]LogLinker: Warning: Can't find file '/Game/RISE/HUBs/Saves/HighScoreSaveSlot'
[2018.01.24-02.00.40:724][  0]LogLinker: Warning: Can't find file for asset '/Game/RISE/HUBs/Saves/HighScoreSaveSlot' while loading G:/GitHub/RISE-Mobile/RISE_GAME/Content/RISE/HUBs/BP_Restart.uasset.
[2018.01.24-02.00.40:724][  0]LoadErrors: Error: /Game/RISE/HUBs/BP_Restart : Can't find file for asset. /Game/RISE/HUBs/Saves/HighScoreSaveSlot
[2018.01.24-02.00.40:732][  0]LogLinker: Warning: Can't find file '/Game/RISE/HUBs/Saves/HighScoreSaveSlot'
[2018.01.24-02.00.40:732][  0]LogLinker: Warning: Can't find file for asset '/Game/RISE/HUBs/Saves/HighScoreSaveSlot' while loading G:/GitHub/RISE-Mobile/RISE_GAME/Content/SideScrollerBP/Blueprints/SideScrollerCharacter.uasset.
[2018.01.24-02.00.40:733][  0]LoadErrors: Error: /Game/SideScrollerBP/Blueprints/SideScrollerCharacter : Can't find file for asset. /Game/RISE/HUBs/Saves/HighScoreSaveSlot
[2018.01.24-02.00.40:806][  0]LogLinker: Warning: Can't find file '/Game/RISE/HUBs/Saves/HighScoreSaveSlot'
[2018.01.24-02.00.40:806][  0]LogLinker: Warning: Can't find file for asset '/Game/RISE/HUBs/Saves/HighScoreSaveSlot' while loading G:/GitHub/RISE-Mobile/RISE_GAME/Content/SideScrollerBP/Blueprints/SideScrollerCharacter.uasset.
[2018.01.24-02.00.40:806][  0]LoadErrors: Error: /Game/SideScrollerBP/Blueprints/SideScrollerCharacter : Can't find file for asset. /Game/RISE/HUBs/Saves/HighScoreSaveSlot
[2018.01.24-02.00.40:806][  0]LogLinker: Warning: Can't find file '/Game/RISE/HUBs/Saves/HighScoreSaveSlot'
[2018.01.24-02.00.40:806][  0]LogLinker: Warning: Can't find file for asset '/Game/RISE/HUBs/Saves/HighScoreSaveSlot' while loading G:/GitHub/RISE-Mobile/RISE_GAME/Content/SideScrollerBP/Blueprints/SideScrollerCharacter.uasset.
[2018.01.24-02.00.40:806][  0]LoadErrors: Error: /Game/SideScrollerBP/Blueprints/SideScrollerCharacter : Can't find file for asset. /Game/RISE/HUBs/Saves/HighScoreSaveSlot
[2018.01.24-02.00.40:807][  0]LogLinker: Warning: Can't find file '/Game/RISE/HUBs/Saves/HighScoreSaveSlot'
[2018.01.24-02.00.40:807][  0]LogLinker: Warning: Can't find file for asset '/Game/RISE/HUBs/Saves/HighScoreSaveSlot' while loading G:/GitHub/RISE-Mobile/RISE_GAME/Content/SideScrollerBP/Blueprints/SideScrollerCharacter.uasset.
[2018.01.24-02.00.40:807][  0]LoadErrors: Error: /Game/SideScrollerBP/Blueprints/SideScrollerCharacter : Can't find file for asset. /Game/RISE/HUBs/Saves/HighScoreSaveSlot
[2018.01.24-02.00.40:815][  0]LogLinker: Warning: Can't find file '/Game/RISE/HUBs/Saves/HighScoreSaveSlot'
[2018.01.24-02.00.40:815][  0]LogLinker: Warning: Can't find file for asset '/Game/RISE/HUBs/Saves/HighScoreSaveSlot' while loading G:/GitHub/RISE-Mobile/RISE_GAME/Content/SideScrollerBP/Blueprints/SideScrollerCharacter.uasset.
[2018.01.24-02.00.40:816][  0]LoadErrors: Error: /Game/SideScrollerBP/Blueprints/SideScrollerCharacter : Can't find file for asset. /Game/RISE/HUBs/Saves/HighScoreSaveSlot
[2018.01.24-02.00.40:819][  0]LogLinker: Warning: Can't find file '/Game/RISE/HUBs/Saves/HighScoreSaveSlot'
[2018.01.24-02.00.40:819][  0]LogLinker: Warning: Can't find file for asset '/Game/RISE/HUBs/Saves/HighScoreSaveSlot' while loading G:/GitHub/RISE-Mobile/RISE_GAME/Content/SideScrollerBP/Blueprints/SideScrollerCharacter.uasset.
[2018.01.24-02.00.40:819][  0]LoadErrors: Error: /Game/SideScrollerBP/Blueprints/SideScrollerCharacter : Can't find file for asset. /Game/RISE/HUBs/Saves/HighScoreSaveSlot
[2018.01.24-02.00.40:820][  0]LogLinker: Warning: Can't find file '/Game/RISE/HUBs/Saves/HighScoreSaveSlot'
[2018.01.24-02.00.40:820][  0]LogLinker: Warning: Can't find file for asset '/Game/RISE/HUBs/Saves/HighScoreSaveSlot' while loading G:/GitHub/RISE-Mobile/RISE_GAME/Content/SideScrollerBP/Blueprints/SideScrollerCharacter.uasset.
[2018.01.24-02.00.40:820][  0]LoadErrors: Error: /Game/SideScrollerBP/Blueprints/SideScrollerCharacter : Can't find file for asset. /Game/RISE/HUBs/Saves/HighScoreSaveSlot
[2018.01.24-02.00.40:843][  0]LogLinker: Warning: Can't find file '/Game/RISE/HUBs/Saves/HighScoreSaveSlot'
[2018.01.24-02.00.40:843][  0]LogLinker: Warning: Can't find file for asset '/Game/RISE/HUBs/Saves/HighScoreSaveSlot' while loading G:/GitHub/RISE-Mobile/RISE_GAME/Content/SideScrollerBP/Blueprints/OGSideScrollerCharacter.uasset.
[2018.01.24-02.00.40:843][  0]LoadErrors: Error: /Game/SideScrollerBP/Blueprints/OGSideScrollerCharacter : Can't find file for asset. /Game/RISE/HUBs/Saves/HighScoreSaveSlot
[2018.01.24-02.00.40:846][  0]LogLinker: Warning: Can't find file '/Game/RISE/HUBs/Saves/HighScoreSaveSlot'
[2018.01.24-02.00.40:846][  0]LogLinker: Warning: Can't find file for asset '/Game/RISE/HUBs/Saves/HighScoreSaveSlot' while loading G:/GitHub/RISE-Mobile/RISE_GAME/Content/SideScrollerBP/Blueprints/OGSideScrollerCharacter.uasset.
[2018.01.24-02.00.40:846][  0]LoadErrors: Error: /Game/SideScrollerBP/Blueprints/OGSideScrollerCharacter : Can't find file for asset. /Game/RISE/HUBs/Saves/HighScoreSaveSlot
[2018.01.24-02.00.40:916][  0]LogBlueprint: Warning: [OGSideScrollerCharacter] 'HighScoreEZ' variable not found. Base class was probably changed.
[2018.01.24-02.00.40:916][  0]LogBlueprint: Warning: [OGSideScrollerCharacter] 'HighScoreEZ' variable not found. Base class was probably changed.
[2018.01.24-02.00.40:916][  0]LogBlueprint: Warning: [OGSideScrollerCharacter] 'HighScoreEZ' variable not found. Base class was probably changed.
[2018.01.24-02.00.40:916][  0]LogBlueprint: Warning: [OGSideScrollerCharacter] 'HighScoreEZ' variable not found. Base class was probably changed.
[2018.01.24-02.00.40:917][  0]LogBlueprint: Warning: [OGSideScrollerCharacter] 'HighScoreEZ' variable not found. Base class was probably changed.
[2018.01.24-02.00.41:029][  0]LogBlueprint: Warning: [Compiler OGSideScrollerCharacter] Could not find a variable named "HighScoreEZ" in 'SaveScoreSlot_C'.
Make sure 'SaveScoreSlot_C' has been compiled for  Get HighScoreEZ
[2018.01.24-02.00.41:029][  0]LogBlueprint: Warning: [Compiler OGSideScrollerCharacter] Could not find a variable named "HighScoreEZ" in 'SaveScoreSlot_C'.
Make sure 'SaveScoreSlot_C' has been compiled for  Set HighScoreEZ
[2018.01.24-02.00.41:029][  0]LogBlueprint: Warning: [Compiler OGSideScrollerCharacter] Could not find a variable named "HighScoreEZ" in 'SaveScoreSlot_C'.
Make sure 'SaveScoreSlot_C' has been compiled for  Set HighScoreEZ
[2018.01.24-02.00.41:080][  0]LogBlueprint: Error: [Compiler OGSideScrollerCharacter] The property associated with  High Score EZ  could not be found
[2018.01.24-02.00.41:080][  0]LogBlueprint: Error: [Compiler OGSideScrollerCharacter] The property associated with  High Score EZ  could not be found
[2018.01.24-02.00.41:081][  0]LogBlueprint: Error: [Compiler OGSideScrollerCharacter] The property associated with  High Score EZ  could not be found
[2018.01.24-02.00.41:111][  0]LogBlueprint: Warning: [Compiler OGSideScrollerCharacter] [0046.46] Compile of OGSideScrollerCharacter failed. 3 Fatal Issue(s) 3 Warning(s) [in 236 ms] (/Game/SideScrollerBP/Blueprints/OGSideScrollerCharacter.OGSideScrollerCharacter)
[2018.01.24-02.00.41:795][  0]LogAIModule: Creating AISystem for world SideScrollerExampleMap
[2018.01.24-02.00.41:818][  0]LogEditorServer: Finished looking for orphan Actors (0.000 secs)
[2018.01.24-02.00.41:902][  0]Cmd: MAP CHECKDEP NOCLEARLOG
[2018.01.24-02.00.42:068][  0]MapCheck: Map check complete: 0 Error(s), 0 Warning(s), took 165.851ms to complete.
[2018.01.24-02.00.42:068][  0]LogFileHelpers: Loading map 'SideScrollerExampleMap' took 2.151
[2018.01.24-02.00.42:352][  0]LogCollectionManager: Loaded 0 collections in 0.004782 seconds
[2018.01.24-02.00.42:523][  0]LogFileCache: Scanning file cache for directory 'G:/GitHub/RISE-Mobile/RISE_GAME/Saved/Collections/' took 0.01s
[2018.01.24-02.00.42:523][  0]LogFileCache: Scanning file cache for directory 'G:/GitHub/RISE-Mobile/RISE_GAME/Content/Developers/kreye/Collections/' took 0.01s
[2018.01.24-02.00.42:524][  0]LogFileCache: Scanning file cache for directory 'G:/GitHub/RISE-Mobile/RISE_GAME/Content/Collections/' took 0.01s
[2018.01.24-02.00.42:524][  0]LogCollectionManager: Rebuilt the GUID cache for 0 collections in 0.000000 seconds
[2018.01.24-02.00.42:541][  0]LogContentBrowser: Native class hierarchy populated in 0.0172 seconds. Added 2386 classes and 500 folders.
[2018.01.24-02.00.42:723][  0]LogContentBrowser: Native class hierarchy updated for 'WidgetCarousel' in 0.0020 seconds. Added 0 classes and 0 folders.
[2018.01.24-02.00.42:843][  0]LogContentBrowser: Native class hierarchy updated for 'AddContentDialog' in 0.0019 seconds. Added 0 classes and 0 folders.
[2018.01.24-02.00.42:995][  0]LogContentBrowser: Native class hierarchy updated for 'SceneOutliner' in 0.0033 seconds. Added 1 classes and 2 folders.
[2018.01.24-02.00.43:169][  0]LogSlate: Took 0.000510 seconds to synchronously load lazily loaded font '../../../Engine/Content/Slate/Fonts/Roboto-Regular.ttf' (155K)
[2018.01.24-02.00.43:174][  0]LogSlate: Took 0.000947 seconds to synchronously load lazily loaded font '../../../Engine/Content/Slate/Fonts/Roboto-Bold.ttf' (160K)
[2018.01.24-02.00.43:183][  0]LogSlate: Took 0.000531 seconds to synchronously load lazily loaded font '../../../Engine/Content/Editor/Slate/Fonts/FontAwesome.ttf' (139K)
[2018.01.24-02.00.43:375][  0]LogRenderer: Reallocating scene render targets to support 920x316 Format 10 NumSamples 1 (Frame:1).
[2018.01.24-02.00.44:239][  0]LogContentBrowser: Native class hierarchy updated for 'HierarchicalLODOutliner' in 0.0014 seconds. Added 1 classes and 2 folders.
[2018.01.24-02.00.44:239][  0]LogLoad: (Engine Initialization) Total time: 49.59 seconds
[2018.01.24-02.00.44:239][  0]LogLoad: (Engine Initialization) Total Blueprint compile time: 0.00 seconds
[2018.01.24-02.00.44:240][  0]LogExternalProfiler: No external profilers were discovered.  External profiling features will not be available.
[2018.01.24-02.00.44:606][  0]LogContentStreaming: Texture pool size now 1000 MB
[2018.01.24-02.00.44:763][  0]LogRenderer: Reallocating scene render targets to support 920x368 Format 10 NumSamples 1 (Frame:2).
[2018.01.24-02.00.44:763][  0]LogSlate: Took 0.000502 seconds to synchronously load lazily loaded font '../../../Engine/Content/Slate/Fonts/Roboto-Light.ttf' (159K)
[2018.01.24-02.00.45:259][  2]LogAssetRegistry: Asset discovery search completed in 34.3461 seconds
[2018.01.24-02.00.45:263][  2]LogCollectionManager: Rebuilt the object cache for 0 collections in 0.000002 seconds (found 0 objects)
[2018.01.24-02.00.45:263][  2]LogCollectionManager: Fixed up redirectors for 0 collections in 0.000118 seconds (updated 0 objects)
[2018.01.24-02.01.34:422][367]LogSlate: Took 0.000524 seconds to synchronously load lazily loaded font '../../../Engine/Content/Slate/Fonts/Roboto-Light.ttf' (159K)
[2018.01.24-02.01.35:243][367]LogSlate: Took 0.000362 seconds to synchronously load lazily loaded font '../../../Engine/Content/Slate/Fonts/Roboto-Regular.ttf' (155K)
[2018.01.24-02.01.35:534][367]LogContentBrowser: Native class hierarchy updated for 'BlueprintGraph' in 0.0027 seconds. Added 113 classes and 0 folders.
[2018.01.24-02.01.36:858][367]LogSlate: Took 0.000662 seconds to synchronously load lazily loaded font '../../../Engine/Content/Editor/Slate/Fonts/Roboto-BoldCondensed.ttf' (158K)
[2018.01.24-02.01.43:765][661]LogSlate: Took 0.000527 seconds to synchronously load lazily loaded font '../../../Engine/Content/Editor/Slate/Fonts/Roboto-Italic.ttf' (157K)
[2018.01.24-02.03.08:675][402]BlueprintLog: New page: Compile OGSideScrollerCharacter
[2018.01.24-02.03.52:450][370]LogSavePackage: Save=161.90ms
[2018.01.24-02.03.52:450][370]LogSavePackage: Moving 'G:/GitHub/RISE-Mobile/RISE_GAME/Saved/SideScrollerExampleMap5987ACFF43CA6407EC13DAA618E91C88.tmp' to 'G:/GitHub/RISE-Mobile/RISE_GAME/Content/SideScrollerBP/Maps/SideScrollerExampleMap.umap'
[2018.01.24-02.03.52:460][370]LogSavePackage: Display: Finished SavePackage G:/GitHub/RISE-Mobile/RISE_GAME/Content/SideScrollerBP/Maps/SideScrollerExampleMap.umap
[2018.01.24-02.03.53:390][370]LogSavePackage: Save=647.04ms
[2018.01.24-02.03.53:390][370]LogSavePackage: Moving 'G:/GitHub/RISE-Mobile/RISE_GAME/Saved/SideScrollerExampleMap_BuiltDataCC0709B34360BB9DF98FBB92A4CF173D.tmp' to 'G:/GitHub/RISE-Mobile/RISE_GAME/Content/SideScrollerBP/Maps/SideScrollerExampleMap_BuiltData.uasset'
[2018.01.24-02.03.53:394][370]LogSavePackage: Display: Finished SavePackage G:/GitHub/RISE-Mobile/RISE_GAME/Content/SideScrollerBP/Maps/SideScrollerExampleMap_BuiltData.uasset
[2018.01.24-02.03.53:698][386]LogTemp: Repeating last play command: Selected Viewport
[2018.01.24-02.03.53:870][386]LogBlueprintUserMessages: Early PlayInEditor Detection: Level '/Game/SideScrollerBP/Maps/SideScrollerExampleMap.SideScrollerExampleMap:PersistentLevel' has LevelScriptBlueprint '/Game/SideScrollerBP/Maps/SideScrollerExampleMap.SideScrollerExampleMap:PersistentLevel.SideScrollerExampleMap' with GeneratedClass '/Game/SideScrollerBP/Maps/SideScrollerExampleMap.SideScrollerExampleMap_C' with ClassGeneratedBy '/Game/SideScrollerBP/Maps/SideScrollerExampleMap.SideScrollerExampleMap:PersistentLevel.SideScrollerExampleMap'
[2018.01.24-02.03.53:870][386]LogPlayLevel: PlayLevel: No blueprints needed recompiling
[2018.01.24-02.03.55:839][386]PIE: New page: PIE session: SideScrollerExampleMap (Jan 23, 2018, 6:03:55 PM)
[2018.01.24-02.03.55:842][386]LogPlayLevel: Creating play world package: /Game/SideScrollerBP/Maps/UEDPIE_0_SideScrollerExampleMap
[2018.01.24-02.03.55:893][386]LogPlayLevel: PIE: StaticDuplicateObject took: (0.050827s)
[2018.01.24-02.03.55:895][386]LogAIModule: Creating AISystem for world SideScrollerExampleMap
[2018.01.24-02.03.55:896][386]LogPlayLevel: PIE: World Init took: (0.002956s)
[2018.01.24-02.03.55:896][386]LogPlayLevel: PIE: Created PIE world by copying editor world from /Game/SideScrollerBP/Maps/SideScrollerExampleMap.SideScrollerExampleMap to /Game/SideScrollerBP/Maps/UEDPIE_0_SideScrollerExampleMap.SideScrollerExampleMap (0.054471s)
[2018.01.24-02.03.55:942][386]LogInit: XAudio2 using 'Speaker/Headphone (Realtek High Definition Audio)' : 2 channels at 48 kHz using 32 bits per sample (channel mask 0x3)
[2018.01.24-02.03.55:964][386]LogInit: FAudioDevice initialized.
[2018.01.24-02.03.56:019][386]LogLoad: Game class is 'OGSideScrollerGameMode_C'
[2018.01.24-02.03.56:024][386]LogWorld: Bringing World /Game/SideScrollerBP/Maps/UEDPIE_0_SideScrollerExampleMap.SideScrollerExampleMap up for play (max tick rate 60) at 2018.01.23-22.03.56
[2018.01.24-02.03.56:026][386]LogWorld: Bringing up level for play took: 0.005736
[2018.01.24-02.03.56:146][386]LogContentBrowser: Native class hierarchy updated for 'MovieSceneCapture' in 0.0020 seconds. Added 11 classes and 0 folders.
[2018.01.24-02.03.56:192][386]PIE: Play in editor start time for /Game/SideScrollerBP/Maps/UEDPIE_0_SideScrollerExampleMap 1.387
[2018.01.24-02.03.56:192][386]LogBlueprintUserMessages: Late PlayInEditor Detection: Level '/Game/SideScrollerBP/Maps/SideScrollerExampleMap.SideScrollerExampleMap:PersistentLevel' has LevelScriptBlueprint '/Game/SideScrollerBP/Maps/SideScrollerExampleMap.SideScrollerExampleMap:PersistentLevel.SideScrollerExampleMap' with GeneratedClass '/Game/SideScrollerBP/Maps/SideScrollerExampleMap.SideScrollerExampleMap_C' with ClassGeneratedBy '/Game/SideScrollerBP/Maps/SideScrollerExampleMap.SideScrollerExampleMap:PersistentLevel.SideScrollerExampleMap'
[2018.01.24-02.04.02:768][697]LogStreaming: Warning: Failed to read file 'G:/GitHub/RISE-Mobile/RISE_GAME/Saved/SaveGames/HighScoreSaveSlot.sav' error.
[2018.01.24-02.04.02:768][697]LogBlueprintUserMessages: [OGSideScrollerCharacter_C_0] Hello
[2018.01.24-02.04.02:789][698]LogStreaming: Warning: Failed to read file 'G:/GitHub/RISE-Mobile/RISE_GAME/Saved/SaveGames/HighScoreSaveSlot.sav' error.
[2018.01.24-02.04.02:789][698]LogBlueprintUserMessages: [OGSideScrollerCharacter_C_0] Hello
[2018.01.24-02.04.02:811][699]LogStreaming: Warning: Failed to read file 'G:/GitHub/RISE-Mobile/RISE_GAME/Saved/SaveGames/HighScoreSaveSlot.sav' error.
[2018.01.24-02.04.02:811][699]LogBlueprintUserMessages: [OGSideScrollerCharacter_C_0] Hello
[2018.01.24-02.04.02:837][700]LogStreaming: Warning: Failed to read file 'G:/GitHub/RISE-Mobile/RISE_GAME/Saved/SaveGames/HighScoreSaveSlot.sav' error.
[2018.01.24-02.04.02:837][700]LogBlueprintUserMessages: [OGSideScrollerCharacter_C_0] Hello
[2018.01.24-02.04.02:858][701]LogStreaming: Warning: Failed to read file 'G:/GitHub/RISE-Mobile/RISE_GAME/Saved/SaveGames/HighScoreSaveSlot.sav' error.
[2018.01.24-02.04.02:858][701]LogBlueprintUserMessages: [OGSideScrollerCharacter_C_0] Hello
[2018.01.24-02.04.02:880][702]LogStreaming: Warning: Failed to read file 'G:/GitHub/RISE-Mobile/RISE_GAME/Saved/SaveGames/HighScoreSaveSlot.sav' error.
[2018.01.24-02.04.02:880][702]LogBlueprintUserMessages: [OGSideScrollerCharacter_C_0] Hello
[2018.01.24-02.04.02:903][703]LogStreaming: Warning: Failed to read file 'G:/GitHub/RISE-Mobile/RISE_GAME/Saved/SaveGames/HighScoreSaveSlot.sav' error.
[2018.01.24-02.04.02:903][703]LogBlueprintUserMessages: [OGSideScrollerCharacter_C_0] Hello
[2018.01.24-02.04.02:924][704]LogStreaming: Warning: Failed to read file 'G:/GitHub/RISE-Mobile/RISE_GAME/Saved/SaveGames/HighScoreSaveSlot.sav' error.
[2018.01.24-02.04.02:924][704]LogBlueprintUserMessages: [OGSideScrollerCharacter_C_0] Hello
[2018.01.24-02.04.02:945][705]LogStreaming: Warning: Failed to read file 'G:/GitHub/RISE-Mobile/RISE_GAME/Saved/SaveGames/HighScoreSaveSlot.sav' error.
[2018.01.24-02.04.02:945][705]LogBlueprintUserMessages: [OGSideScrollerCharacter_C_0] Hello
[2018.01.24-02.04.02:967][706]LogStreaming: Warning: Failed to read file 'G:/GitHub/RISE-Mobile/RISE_GAME/Saved/SaveGames/HighScoreSaveSlot.sav' error.
[2018.01.24-02.04.02:967][706]LogBlueprintUserMessages: [OGSideScrollerCharacter_C_0] Hello
[2018.01.24-02.04.02:988][707]LogStreaming: Warning: Failed to read file 'G:/GitHub/RISE-Mobile/RISE_GAME/Saved/SaveGames/HighScoreSaveSlot.sav' error.
[2018.01.24-02.04.02:988][707]LogBlueprintUserMessages: [OGSideScrollerCharacter_C_0] Hello
[2018.01.24-02.04.03:011][708]LogStreaming: Warning: Failed to read file 'G:/GitHub/RISE-Mobile/RISE_GAME/Saved/SaveGames/HighScoreSaveSlot.sav' error.
[2018.01.24-02.04.03:011][708]LogBlueprintUserMessages: [OGSideScrollerCharacter_C_0] Hello
[2018.01.24-02.04.03:034][709]LogStreaming: Warning: Failed to read file 'G:/GitHub/RISE-Mobile/RISE_GAME/Saved/SaveGames/HighScoreSaveSlot.sav' error.
[2018.01.24-02.04.03:034][709]LogBlueprintUserMessages: [OGSideScrollerCharacter_C_0] Hello
[2018.01.24-02.04.03:055][710]LogStreaming: Warning: Failed to read file 'G:/GitHub/RISE-Mobile/RISE_GAME/Saved/SaveGames/HighScoreSaveSlot.sav' error.
[2018.01.24-02.04.03:056][710]LogBlueprintUserMessages: [OGSideScrollerCharacter_C_0] Hello
[2018.01.24-02.04.03:077][711]LogStreaming: Warning: Failed to read file 'G:/GitHub/RISE-Mobile/RISE_GAME/Saved/SaveGames/HighScoreSaveSlot.sav' error.
[2018.01.24-02.04.03:077][711]LogBlueprintUserMessages: [OGSideScrollerCharacter_C_0] Hello
[2018.01.24-02.04.03:099][712]LogStreaming: Warning: Failed to read file 'G:/GitHub/RISE-Mobile/RISE_GAME/Saved/SaveGames/HighScoreSaveSlot.sav' error.
[2018.01.24-02.04.03:100][712]LogBlueprintUserMessages: [OGSideScrollerCharacter_C_0] Hello
[2018.01.24-02.04.03:121][713]LogStreaming: Warning: Failed to read file 'G:/GitHub/RISE-Mobile/RISE_GAME/Saved/SaveGames/HighScoreSaveSlot.sav' error.
[2018.01.24-02.04.03:121][713]LogBlueprintUserMessages: [OGSideScrollerCharacter_C_0] Hello
[2018.01.24-02.04.03:143][714]LogStreaming: Warning: Failed to read file 'G:/GitHub/RISE-Mobile/RISE_GAME/Saved/SaveGames/HighScoreSaveSlot.sav' error.
[2018.01.24-02.04.03:143][714]LogBlueprintUserMessages: [OGSideScrollerCharacter_C_0] Hello
[2018.01.24-02.04.03:165][715]LogStreaming: Warning: Failed to read file 'G:/GitHub/RISE-Mobile/RISE_GAME/Saved/SaveGames/HighScoreSaveSlot.sav' error.
[2018.01.24-02.04.03:165][715]LogBlueprintUserMessages: [OGSideScrollerCharacter_C_0] Hello
[2018.01.24-02.04.03:187][716]LogStreaming: Warning: Failed to read file 'G:/GitHub/RISE-Mobile/RISE_GAME/Saved/SaveGames/HighScoreSaveSlot.sav' error.
[2018.01.24-02.04.03:187][716]LogBlueprintUserMessages: [OGSideScrollerCharacter_C_0] Hello
[2018.01.24-02.04.03:208][717]LogStreaming: Warning: Failed to read file 'G:/GitHub/RISE-Mobile/RISE_GAME/Saved/SaveGames/HighScoreSaveSlot.sav' error.
[2018.01.24-02.04.03:208][717]LogBlueprintUserMessages: [OGSideScrollerCharacter_C_0] Hello
[2018.01.24-02.04.03:231][718]LogStreaming: Warning: Failed to read file 'G:/GitHub/RISE-Mobile/RISE_GAME/Saved/SaveGames/HighScoreSaveSlot.sav' error.
[2018.01.24-02.04.03:231][718]LogBlueprintUserMessages: [OGSideScrollerCharacter_C_0] Hello
[2018.01.24-02.04.03:252][719]LogStreaming: Warning: Failed to read file 'G:/GitHub/RISE-Mobile/RISE_GAME/Saved/SaveGames/HighScoreSaveSlot.sav' error.
[2018.01.24-02.04.03:252][719]LogBlueprintUserMessages: [OGSideScrollerCharacter_C_0] Hello
[2018.01.24-02.04.03:273][720]LogStreaming: Warning: Failed to read file 'G:/GitHub/RISE-Mobile/RISE_GAME/Saved/SaveGames/HighScoreSaveSlot.sav' error.
[2018.01.24-02.04.03:274][720]LogBlueprintUserMessages: [OGSideScrollerCharacter_C_0] Hello
[2018.01.24-02.04.03:295][721]LogStreaming: Warning: Failed to read file 'G:/GitHub/RISE-Mobile/RISE_GAME/Saved/SaveGames/HighScoreSaveSlot.sav' error.
[2018.01.24-02.04.03:295][721]LogBlueprintUserMessages: [OGSideScrollerCharacter_C_0] Hello
[2018.01.24-02.04.03:317][722]LogStreaming: Warning: Failed to read file 'G:/GitHub/RISE-Mobile/RISE_GAME/Saved/SaveGames/HighScoreSaveSlot.sav' error.
[2018.01.24-02.04.03:317][722]LogBlueprintUserMessages: [OGSideScrollerCharacter_C_0] Hello
[2018.01.24-02.04.03:338][723]LogStreaming: Warning: Failed to read file 'G:/GitHub/RISE-Mobile/RISE_GAME/Saved/SaveGames/HighScoreSaveSlot.sav' error.
[2018.01.24-02.04.03:338][723]LogBlueprintUserMessages: [OGSideScrollerCharacter_C_0] Hello
[2018.01.24-02.04.03:361][724]LogStreaming: Warning: Failed to read file 'G:/GitHub/RISE-Mobile/RISE_GAME/Saved/SaveGames/HighScoreSaveSlot.sav' error.
[2018.01.24-02.04.03:361][724]LogBlueprintUserMessages: [OGSideScrollerCharacter_C_0] Hello
[2018.01.24-02.04.03:383][725]LogStreaming: Warning: Failed to read file 'G:/GitHub/RISE-Mobile/RISE_GAME/Saved/SaveGames/HighScoreSaveSlot.sav' error.
[2018.01.24-02.04.03:383][725]LogBlueprintUserMessages: [OGSideScrollerCharacter_C_0] Hello
[2018.01.24-02.04.03:403][726]LogStreaming: Warning: Failed to read file 'G:/GitHub/RISE-Mobile/RISE_GAME/Saved/SaveGames/HighScoreSaveSlot.sav' error.
[2018.01.24-02.04.03:404][726]LogBlueprintUserMessages: [OGSideScrollerCharacter_C_0] Hello
[2018.01.24-02.04.03:426][727]LogStreaming: Warning: Failed to read file 'G:/GitHub/RISE-Mobile/RISE_GAME/Saved/SaveGames/HighScoreSaveSlot.sav' error.
[2018.01.24-02.04.03:426][727]LogBlueprintUserMessages: [OGSideScrollerCharacter_C_0] Hello
[2018.01.24-02.04.03:449][728]LogStreaming: Warning: Failed to read file 'G:/GitHub/RISE-Mobile/RISE_GAME/Saved/SaveGames/HighScoreSaveSlot.sav' error.
[2018.01.24-02.04.03:449][728]LogBlueprintUserMessages: [OGSideScrollerCharacter_C_0] Hello
[2018.01.24-02.04.03:470][729]LogStreaming: Warning: Failed to read file 'G:/GitHub/RISE-Mobile/RISE_GAME/Saved/SaveGames/HighScoreSaveSlot.sav' error.
[2018.01.24-02.04.03:470][729]LogBlueprintUserMessages: [OGSideScrollerCharacter_C_0] Hello
[2018.01.24-02.04.03:493][730]LogStreaming: Warning: Failed to read file 'G:/GitHub/RISE-Mobile/RISE_GAME/Saved/SaveGames/HighScoreSaveSlot.sav' error.
[2018.01.24-02.04.03:493][730]LogBlueprintUserMessages: [OGSideScrollerCharacter_C_0] Hello
[2018.01.24-02.04.03:516][731]LogStreaming: Warning: Failed to read file 'G:/GitHub/RISE-Mobile/RISE_GAME/Saved/SaveGames/HighScoreSaveSlot.sav' error.
[2018.01.24-02.04.03:517][731]LogBlueprintUserMessages: [OGSideScrollerCharacter_C_0] Hello
[2018.01.24-02.04.03:537][732]LogStreaming: Warning: Failed to read file 'G:/GitHub/RISE-Mobile/RISE_GAME/Saved/SaveGames/HighScoreSaveSlot.sav' error.
[2018.01.24-02.04.03:537][732]LogBlueprintUserMessages: [OGSideScrollerCharacter_C_0] Hello
[2018.01.24-02.04.03:559][733]LogStreaming: Warning: Failed to read file 'G:/GitHub/RISE-Mobile/RISE_GAME/Saved/SaveGames/HighScoreSaveSlot.sav' error.
[2018.01.24-02.04.03:559][733]LogBlueprintUserMessages: [OGSideScrollerCharacter_C_0] Hello
[2018.01.24-02.04.03:582][734]LogStreaming: Warning: Failed to read file 'G:/GitHub/RISE-Mobile/RISE_GAME/Saved/SaveGames/HighScoreSaveSlot.sav' error.
[2018.01.24-02.04.03:582][734]LogBlueprintUserMessages: [OGSideScrollerCharacter_C_0] Hello
[2018.01.24-02.04.03:603][735]LogStreaming: Warning: Failed to read file 'G:/GitHub/RISE-Mobile/RISE_GAME/Saved/SaveGames/HighScoreSaveSlot.sav' error.
[2018.01.24-02.04.03:603][735]LogBlueprintUserMessages: [OGSideScrollerCharacter_C_0] Hello
[2018.01.24-02.04.03:626][736]LogStreaming: Warning: Failed to read file 'G:/GitHub/RISE-Mobile/RISE_GAME/Saved/SaveGames/HighScoreSaveSlot.sav' error.
[2018.01.24-02.04.03:626][736]LogBlueprintUserMessages: [OGSideScrollerCharacter_C_0] Hello
[2018.01.24-02.04.03:647][737]LogStreaming: Warning: Failed to read file 'G:/GitHub/RISE-Mobile/RISE_GAME/Saved/SaveGames/HighScoreSaveSlot.sav' error.
[2018.01.24-02.04.03:647][737]LogBlueprintUserMessages: [OGSideScrollerCharacter_C_0] Hello
[2018.01.24-02.04.03:669][738]LogStreaming: Warning: Failed to read file 'G:/GitHub/RISE-Mobile/RISE_GAME/Saved/SaveGames/HighScoreSaveSlot.sav' error.
[2018.01.24-02.04.03:670][738]LogBlueprintUserMessages: [OGSideScrollerCharacter_C_0] Hello
[2018.01.24-02.04.03:691][739]LogStreaming: Warning: Failed to read file 'G:/GitHub/RISE-Mobile/RISE_GAME/Saved/SaveGames/HighScoreSaveSlot.sav' error.
[2018.01.24-02.04.03:691][739]LogBlueprintUserMessages: [OGSideScrollerCharacter_C_0] Hello
[2018.01.24-02.04.03:713][740]LogStreaming: Warning: Failed to read file 'G:/GitHub/RISE-Mobile/RISE_GAME/Saved/SaveGames/HighScoreSaveSlot.sav' error.
[2018.01.24-02.04.03:713][740]LogBlueprintUserMessages: [OGSideScrollerCharacter_C_0] Hello
[2018.01.24-02.04.03:735][741]LogStreaming: Warning: Failed to read file 'G:/GitHub/RISE-Mobile/RISE_GAME/Saved/SaveGames/HighScoreSaveSlot.sav' error.
[2018.01.24-02.04.03:735][741]LogBlueprintUserMessages: [OGSideScrollerCharacter_C_0] Hello
[2018.01.24-02.04.03:755][742]LogStreaming: Warning: Failed to read file 'G:/GitHub/RISE-Mobile/RISE_GAME/Saved/SaveGames/HighScoreSaveSlot.sav' error.
[2018.01.24-02.04.03:755][742]LogBlueprintUserMessages: [OGSideScrollerCharacter_C_0] Hello
[2018.01.24-02.04.03:776][743]LogStreaming: Warning: Failed to read file 'G:/GitHub/RISE-Mobile/RISE_GAME/Saved/SaveGames/HighScoreSaveSlot.sav' error.
[2018.01.24-02.04.03:777][743]LogBlueprintUserMessages: [OGSideScrollerCharacter_C_0] Hello
[2018.01.24-02.04.03:800][744]LogStreaming: Warning: Failed to read file 'G:/GitHub/RISE-Mobile/RISE_GAME/Saved/SaveGames/HighScoreSaveSlot.sav' error.
[2018.01.24-02.04.03:800][744]LogBlueprintUserMessages: [OGSideScrollerCharacter_C_0] Hello
[2018.01.24-02.04.03:822][745]LogStreaming: Warning: Failed to read file 'G:/GitHub/RISE-Mobile/RISE_GAME/Saved/SaveGames/HighScoreSaveSlot.sav' error.
[2018.01.24-02.04.03:822][745]LogBlueprintUserMessages: [OGSideScrollerCharacter_C_0] Hello
[2018.01.24-02.04.03:845][746]LogStreaming: Warning: Failed to read file 'G:/GitHub/RISE-Mobile/RISE_GAME/Saved/SaveGames/HighScoreSaveSlot.sav' error.
[2018.01.24-02.04.03:845][746]LogBlueprintUserMessages: [OGSideScrollerCharacter_C_0] Hello
[2018.01.24-02.04.03:868][747]LogStreaming: Warning: Failed to read file 'G:/GitHub/RISE-Mobile/RISE_GAME/Saved/SaveGames/HighScoreSaveSlot.sav' error.
[2018.01.24-02.04.03:868][747]LogBlueprintUserMessages: [OGSideScrollerCharacter_C_0] Hello
[2018.01.24-02.04.03:889][748]LogStreaming: Warning: Failed to read file 'G:/GitHub/RISE-Mobile/RISE_GAME/Saved/SaveGames/HighScoreSaveSlot.sav' error.
[2018.01.24-02.04.03:889][748]LogBlueprintUserMessages: [OGSideScrollerCharacter_C_0] Hello
[2018.01.24-02.04.03:892][748]LogBlueprintUserMessages: Early EndPlayMap Detection: Level '/Game/SideScrollerBP/Maps/SideScrollerExampleMap.SideScrollerExampleMap:PersistentLevel' has LevelScriptBlueprint '/Game/SideScrollerBP/Maps/SideScrollerExampleMap.SideScrollerExampleMap:PersistentLevel.SideScrollerExampleMap' with GeneratedClass '/Game/SideScrollerBP/Maps/SideScrollerExampleMap.SideScrollerExampleMap_C' with ClassGeneratedBy '/Game/SideScrollerBP/Maps/SideScrollerExampleMap.SideScrollerExampleMap:PersistentLevel.SideScrollerExampleMap'
[2018.01.24-02.04.03:940][748]LogBlueprintUserMessages: Late EndPlayMap Detection: Level '/Game/SideScrollerBP/Maps/SideScrollerExampleMap.SideScrollerExampleMap:PersistentLevel' has LevelScriptBlueprint '/Game/SideScrollerBP/Maps/SideScrollerExampleMap.SideScrollerExampleMap:PersistentLevel.SideScrollerExampleMap' with GeneratedClass '/Game/SideScrollerBP/Maps/SideScrollerExampleMap.SideScrollerExampleMap_C' with ClassGeneratedBy '/Game/SideScrollerBP/Maps/SideScrollerExampleMap.SideScrollerExampleMap:PersistentLevel.SideScrollerExampleMap'
[2018.01.24-02.04.29:619][214]LogTemp: Repeating last play command: Selected Viewport
[2018.01.24-02.04.29:948][214]LogBlueprintUserMessages: Early PlayInEditor Detection: Level '/Game/SideScrollerBP/Maps/SideScrollerExampleMap.SideScrollerExampleMap:PersistentLevel' has LevelScriptBlueprint '/Game/SideScrollerBP/Maps/SideScrollerExampleMap.SideScrollerExampleMap:PersistentLevel.SideScrollerExampleMap' with GeneratedClass '/Game/SideScrollerBP/Maps/SideScrollerExampleMap.SideScrollerExampleMap_C' with ClassGeneratedBy '/Game/SideScrollerBP/Maps/SideScrollerExampleMap.SideScrollerExampleMap:PersistentLevel.SideScrollerExampleMap'
[2018.01.24-02.04.29:948][214]BlueprintLog: New page: Pre-Play auto-recompile
[2018.01.24-02.04.30:049][214]LogPlayLevel: [PlayLevel] Compiling BP_Level before play...
[2018.01.24-02.04.30:131][214]LogPlayLevel: [PlayLevel]   Compiling SpikeLog as a dependent...
[2018.01.24-02.04.30:183][214]LogPlayLevel: [PlayLevel]   Compiling BP_HUD as a dependent...
[2018.01.24-02.04.30:243][214]LogPlayLevel: [PlayLevel]   Compiling BP_Restart as a dependent...
[2018.01.24-02.04.30:266][214]LogPlayLevel: [PlayLevel]   Compiling CameraBP as a dependent...
[2018.01.24-02.04.30:302][214]LogPlayLevel: [PlayLevel]   Compiling OGSideScrollerCharacter as a dependent...
[2018.01.24-02.04.31:303][214]LogPlayLevel: PlayLevel: Blueprint regeneration took 1354 ms (6 blueprints)
[2018.01.24-02.04.31:303][214]PIE: New page: PIE session: SideScrollerExampleMap (Jan 23, 2018, 6:04:31 PM)
[2018.01.24-02.04.31:306][214]LogPlayLevel: Creating play world package: /Game/SideScrollerBP/Maps/UEDPIE_0_SideScrollerExampleMap
[2018.01.24-02.04.31:359][214]LogPlayLevel: PIE: StaticDuplicateObject took: (0.052569s)
[2018.01.24-02.04.31:360][214]LogAIModule: Creating AISystem for world SideScrollerExampleMap
[2018.01.24-02.04.31:361][214]LogPlayLevel: PIE: World Init took: (0.001935s)
[2018.01.24-02.04.31:361][214]LogPlayLevel: PIE: Created PIE world by copying editor world from /Game/SideScrollerBP/Maps/SideScrollerExampleMap.SideScrollerExampleMap to /Game/SideScrollerBP/Maps/UEDPIE_0_SideScrollerExampleMap.SideScrollerExampleMap (0.055162s)
[2018.01.24-02.04.31:410][214]LogInit: XAudio2 using 'Speaker/Headphone (Realtek High Definition Audio)' : 2 channels at 48 kHz using 32 bits per sample (channel mask 0x3)
[2018.01.24-02.04.31:436][214]LogInit: FAudioDevice initialized.
[2018.01.24-02.04.31:483][214]LogLoad: Game class is 'OGSideScrollerGameMode_C'
[2018.01.24-02.04.31:490][214]LogWorld: Bringing World /Game/SideScrollerBP/Maps/UEDPIE_0_SideScrollerExampleMap.SideScrollerExampleMap up for play (max tick rate 60) at 2018.01.23-22.04.31
[2018.01.24-02.04.31:492][214]LogWorld: Bringing up level for play took: 0.007346
[2018.01.24-02.04.31:550][214]PIE: Play in editor start time for /Game/SideScrollerBP/Maps/UEDPIE_0_SideScrollerExampleMap 0.745
[2018.01.24-02.04.31:551][214]LogBlueprintUserMessages: Late PlayInEditor Detection: Level '/Game/SideScrollerBP/Maps/SideScrollerExampleMap.SideScrollerExampleMap:PersistentLevel' has LevelScriptBlueprint '/Game/SideScrollerBP/Maps/SideScrollerExampleMap.SideScrollerExampleMap:PersistentLevel.SideScrollerExampleMap' with GeneratedClass '/Game/SideScrollerBP/Maps/SideScrollerExampleMap.SideScrollerExampleMap_C' with ClassGeneratedBy '/Game/SideScrollerBP/Maps/SideScrollerExampleMap.SideScrollerExampleMap:PersistentLevel.SideScrollerExampleMap'
[2018.01.24-02.04.31:735][214]LogRenderer: Reallocating scene render targets to support 1292x756 Format 10 NumSamples 1 (Frame:1).
[2018.01.24-02.04.40:745][355]LogStreaming: Warning: Failed to read file 'G:/GitHub/RISE-Mobile/RISE_GAME/Saved/SaveGames/ScoreSaveSlot.sav' error.
[2018.01.24-02.04.40:745][355]LogBlueprintUserMessages: [OGSideScrollerCharacter_C_0] Hello
[2018.01.24-02.04.40:778][356]LogStreaming: Warning: Failed to read file 'G:/GitHub/RISE-Mobile/RISE_GAME/Saved/SaveGames/ScoreSaveSlot.sav' error.
[2018.01.24-02.04.40:778][356]LogBlueprintUserMessages: [OGSideScrollerCharacter_C_0] Hello
[2018.01.24-02.04.40:814][357]LogStreaming: Warning: Failed to read file 'G:/GitHub/RISE-Mobile/RISE_GAME/Saved/SaveGames/ScoreSaveSlot.sav' error.
[2018.01.24-02.04.40:814][357]LogBlueprintUserMessages: [OGSideScrollerCharacter_C_0] Hello
[2018.01.24-02.04.40:849][358]LogStreaming: Warning: Failed to read file 'G:/GitHub/RISE-Mobile/RISE_GAME/Saved/SaveGames/ScoreSaveSlot.sav' error.
[2018.01.24-02.04.40:849][358]LogBlueprintUserMessages: [OGSideScrollerCharacter_C_0] Hello
[2018.01.24-02.04.40:885][359]LogStreaming: Warning: Failed to read file 'G:/GitHub/RISE-Mobile/RISE_GAME/Saved/SaveGames/ScoreSaveSlot.sav' error.
[2018.01.24-02.04.40:885][359]LogBlueprintUserMessages: [OGSideScrollerCharacter_C_0] Hello
[2018.01.24-02.04.40:918][360]LogCharacterMovement: OGSideScrollerCharacter_C_0 is stuck and failed to move! Velocity: X=0.00 Y=421.51 Z=0.00 Location: X=1286.09 Y=-1596.37 Z=284.13 Normal: X=-0.42 Y=-0.02 Z=0.91 PenetrationDepth:0.016 Actor:SpikeLog_605 Component:SpikeLogFarRight BoneName:None (0 other events since notify)
[2018.01.24-02.04.40:919][360]LogStreaming: Warning: Failed to read file 'G:/GitHub/RISE-Mobile/RISE_GAME/Saved/SaveGames/ScoreSaveSlot.sav' error.
[2018.01.24-02.04.40:920][360]LogBlueprintUserMessages: [OGSideScrollerCharacter_C_0] Hello
[2018.01.24-02.04.40:952][361]LogStreaming: Warning: Failed to read file 'G:/GitHub/RISE-Mobile/RISE_GAME/Saved/SaveGames/ScoreSaveSlot.sav' error.
[2018.01.24-02.04.40:952][361]LogBlueprintUserMessages: [OGSideScrollerCharacter_C_0] Hello
[2018.01.24-02.04.40:987][362]LogStreaming: Warning: Failed to read file 'G:/GitHub/RISE-Mobile/RISE_GAME/Saved/SaveGames/ScoreSaveSlot.sav' error.
[2018.01.24-02.04.40:988][362]LogBlueprintUserMessages: [OGSideScrollerCharacter_C_0] Hello
[2018.01.24-02.04.41:020][363]LogStreaming: Warning: Failed to read file 'G:/GitHub/RISE-Mobile/RISE_GAME/Saved/SaveGames/ScoreSaveSlot.sav' error.
[2018.01.24-02.04.41:020][363]LogBlueprintUserMessages: [OGSideScrollerCharacter_C_0] Hello
[2018.01.24-02.04.41:054][364]LogStreaming: Warning: Failed to read file 'G:/GitHub/RISE-Mobile/RISE_GAME/Saved/SaveGames/ScoreSaveSlot.sav' error.
[2018.01.24-02.04.41:054][364]LogBlueprintUserMessages: [OGSideScrollerCharacter_C_0] Hello
[2018.01.24-02.04.41:089][365]LogStreaming: Warning: Failed to read file 'G:/GitHub/RISE-Mobile/RISE_GAME/Saved/SaveGames/ScoreSaveSlot.sav' error.
[2018.01.24-02.04.41:089][365]LogBlueprintUserMessages: [OGSideScrollerCharacter_C_0] Hello
[2018.01.24-02.04.41:126][366]LogStreaming: Warning: Failed to read file 'G:/GitHub/RISE-Mobile/RISE_GAME/Saved/SaveGames/ScoreSaveSlot.sav' error.
[2018.01.24-02.04.41:126][366]LogBlueprintUserMessages: [OGSideScrollerCharacter_C_0] Hello
[2018.01.24-02.04.41:159][367]LogStreaming: Warning: Failed to read file 'G:/GitHub/RISE-Mobile/RISE_GAME/Saved/SaveGames/ScoreSaveSlot.sav' error.
[2018.01.24-02.04.41:159][367]LogBlueprintUserMessages: [OGSideScrollerCharacter_C_0] Hello
[2018.01.24-02.04.41:195][368]LogStreaming: Warning: Failed to read file 'G:/GitHub/RISE-Mobile/RISE_GAME/Saved/SaveGames/ScoreSaveSlot.sav' error.
[2018.01.24-02.04.41:195][368]LogBlueprintUserMessages: [OGSideScrollerCharacter_C_0] Hello
[2018.01.24-02.04.41:228][369]LogStreaming: Warning: Failed to read file 'G:/GitHub/RISE-Mobile/RISE_GAME/Saved/SaveGames/ScoreSaveSlot.sav' error.
[2018.01.24-02.04.41:228][369]LogBlueprintUserMessages: [OGSideScrollerCharacter_C_0] Hello
[2018.01.24-02.04.41:262][370]LogStreaming: Warning: Failed to read file 'G:/GitHub/RISE-Mobile/RISE_GAME/Saved/SaveGames/ScoreSaveSlot.sav' error.
[2018.01.24-02.04.41:262][370]LogBlueprintUserMessages: [OGSideScrollerCharacter_C_0] Hello
[2018.01.24-02.04.41:297][371]LogStreaming: Warning: Failed to read file 'G:/GitHub/RISE-Mobile/RISE_GAME/Saved/SaveGames/ScoreSaveSlot.sav' error.
[2018.01.24-02.04.41:297][371]LogBlueprintUserMessages: [OGSideScrollerCharacter_C_0] Hello
[2018.01.24-02.04.41:332][372]LogStreaming: Warning: Failed to read file 'G:/GitHub/RISE-Mobile/RISE_GAME/Saved/SaveGames/ScoreSaveSlot.sav' error.
[2018.01.24-02.04.41:332][372]LogBlueprintUserMessages: [OGSideScrollerCharacter_C_0] Hello
[2018.01.24-02.04.41:374][373]LogStreaming: Warning: Failed to read file 'G:/GitHub/RISE-Mobile/RISE_GAME/Saved/SaveGames/ScoreSaveSlot.sav' error.
[2018.01.24-02.04.41:375][373]LogBlueprintUserMessages: [OGSideScrollerCharacter_C_0] Hello
[2018.01.24-02.04.41:408][374]LogStreaming: Warning: Failed to read file 'G:/GitHub/RISE-Mobile/RISE_GAME/Saved/SaveGames/ScoreSaveSlot.sav' error.
[2018.01.24-02.04.41:409][374]LogBlueprintUserMessages: [OGSideScrollerCharacter_C_0] Hello
[2018.01.24-02.04.41:444][375]LogStreaming: Warning: Failed to read file 'G:/GitHub/RISE-Mobile/RISE_GAME/Saved/SaveGames/ScoreSaveSlot.sav' error.
[2018.01.24-02.04.41:444][375]LogBlueprintUserMessages: [OGSideScrollerCharacter_C_0] Hello
[2018.01.24-02.04.41:479][376]LogStreaming: Warning: Failed to read file 'G:/GitHub/RISE-Mobile/RISE_GAME/Saved/SaveGames/ScoreSaveSlot.sav' error.
[2018.01.24-02.04.41:479][376]LogBlueprintUserMessages: [OGSideScrollerCharacter_C_0] Hello
[2018.01.24-02.04.41:513][377]LogStreaming: Warning: Failed to read file 'G:/GitHub/RISE-Mobile/RISE_GAME/Saved/SaveGames/ScoreSaveSlot.sav' error.
[2018.01.24-02.04.41:513][377]LogBlueprintUserMessages: [OGSideScrollerCharacter_C_0] Hello
[2018.01.24-02.04.41:549][378]LogStreaming: Warning: Failed to read file 'G:/GitHub/RISE-Mobile/RISE_GAME/Saved/SaveGames/ScoreSaveSlot.sav' error.
[2018.01.24-02.04.41:549][378]LogBlueprintUserMessages: [OGSideScrollerCharacter_C_0] Hello
[2018.01.24-02.04.41:584][379]LogStreaming: Warning: Failed to read file 'G:/GitHub/RISE-Mobile/RISE_GAME/Saved/SaveGames/ScoreSaveSlot.sav' error.
[2018.01.24-02.04.41:584][379]LogBlueprintUserMessages: [OGSideScrollerCharacter_C_0] Hello
[2018.01.24-02.04.41:621][380]LogStreaming: Warning: Failed to read file 'G:/GitHub/RISE-Mobile/RISE_GAME/Saved/SaveGames/ScoreSaveSlot.sav' error.
[2018.01.24-02.04.41:621][380]LogBlueprintUserMessages: [OGSideScrollerCharacter_C_0] Hello
[2018.01.24-02.04.41:655][381]LogStreaming: Warning: Failed to read file 'G:/GitHub/RISE-Mobile/RISE_GAME/Saved/SaveGames/ScoreSaveSlot.sav' error.
[2018.01.24-02.04.41:655][381]LogBlueprintUserMessages: [OGSideScrollerCharacter_C_0] Hello
[2018.01.24-02.04.41:691][382]LogStreaming: Warning: Failed to read file 'G:/GitHub/RISE-Mobile/RISE_GAME/Saved/SaveGames/ScoreSaveSlot.sav' error.
[2018.01.24-02.04.41:691][382]LogBlueprintUserMessages: [OGSideScrollerCharacter_C_0] Hello
[2018.01.24-02.04.41:724][383]LogStreaming: Warning: Failed to read file 'G:/GitHub/RISE-Mobile/RISE_GAME/Saved/SaveGames/ScoreSaveSlot.sav' error.
[2018.01.24-02.04.41:724][383]LogBlueprintUserMessages: [OGSideScrollerCharacter_C_0] Hello
[2018.01.24-02.04.41:758][384]LogStreaming: Warning: Failed to read file 'G:/GitHub/RISE-Mobile/RISE_GAME/Saved/SaveGames/ScoreSaveSlot.sav' error.
[2018.01.24-02.04.41:758][384]LogBlueprintUserMessages: [OGSideScrollerCharacter_C_0] Hello
[2018.01.24-02.04.41:793][385]LogStreaming: Warning: Failed to read file 'G:/GitHub/RISE-Mobile/RISE_GAME/Saved/SaveGames/ScoreSaveSlot.sav' error.
[2018.01.24-02.04.41:793][385]LogBlueprintUserMessages: [OGSideScrollerCharacter_C_0] Hello
[2018.01.24-02.04.41:829][386]LogStreaming: Warning: Failed to read file 'G:/GitHub/RISE-Mobile/RISE_GAME/Saved/SaveGames/ScoreSaveSlot.sav' error.
[2018.01.24-02.04.41:829][386]LogBlueprintUserMessages: [OGSideScrollerCharacter_C_0] Hello
[2018.01.24-02.04.41:865][387]LogStreaming: Warning: Failed to read file 'G:/GitHub/RISE-Mobile/RISE_GAME/Saved/SaveGames/ScoreSaveSlot.sav' error.
[2018.01.24-02.04.41:865][387]LogBlueprintUserMessages: [OGSideScrollerCharacter_C_0] Hello
[2018.01.24-02.04.41:901][388]LogStreaming: Warning: Failed to read file 'G:/GitHub/RISE-Mobile/RISE_GAME/Saved/SaveGames/ScoreSaveSlot.sav' error.
[2018.01.24-02.04.41:902][388]LogBlueprintUserMessages: [OGSideScrollerCharacter_C_0] Hello
[2018.01.24-02.04.41:939][389]LogStreaming: Warning: Failed to read file 'G:/GitHub/RISE-Mobile/RISE_GAME/Saved/SaveGames/ScoreSaveSlot.sav' error.
[2018.01.24-02.04.41:939][389]LogBlueprintUserMessages: [OGSideScrollerCharacter_C_0] Hello
[2018.01.24-02.04.41:971][390]LogStreaming: Warning: Failed to read file 'G:/GitHub/RISE-Mobile/RISE_GAME/Saved/SaveGames/ScoreSaveSlot.sav' error.
[2018.01.24-02.04.41:971][390]LogBlueprintUserMessages: [OGSideScrollerCharacter_C_0] Hello
[2018.01.24-02.04.42:005][391]LogStreaming: Warning: Failed to read file 'G:/GitHub/RISE-Mobile/RISE_GAME/Saved/SaveGames/ScoreSaveSlot.sav' error.
[2018.01.24-02.04.42:005][391]LogBlueprintUserMessages: [OGSideScrollerCharacter_C_0] Hello
[2018.01.24-02.04.42:038][392]LogStreaming: Warning: Failed to read file 'G:/GitHub/RISE-Mobile/RISE_GAME/Saved/SaveGames/ScoreSaveSlot.sav' error.
[2018.01.24-02.04.42:038][392]LogBlueprintUserMessages: [OGSideScrollerCharacter_C_0] Hello
[2018.01.24-02.04.42:071][393]LogStreaming: Warning: Failed to read file 'G:/GitHub/RISE-Mobile/RISE_GAME/Saved/SaveGames/ScoreSaveSlot.sav' error.
[2018.01.24-02.04.42:071][393]LogBlueprintUserMessages: [OGSideScrollerCharacter_C_0] Hello
[2018.01.24-02.04.42:111][394]LogStreaming: Warning: Failed to read file 'G:/GitHub/RISE-Mobile/RISE_GAME/Saved/SaveGames/ScoreSaveSlot.sav' error.
[2018.01.24-02.04.42:111][394]LogBlueprintUserMessages: [OGSideScrollerCharacter_C_0] Hello
[2018.01.24-02.04.42:115][394]LogBlueprintUserMessages: Early EndPlayMap Detection: Level '/Game/SideScrollerBP/Maps/SideScrollerExampleMap.SideScrollerExampleMap:PersistentLevel' has LevelScriptBlueprint '/Game/SideScrollerBP/Maps/SideScrollerExampleMap.SideScrollerExampleMap:PersistentLevel.SideScrollerExampleMap' with GeneratedClass '/Game/SideScrollerBP/Maps/SideScrollerExampleMap.SideScrollerExampleMap_C' with ClassGeneratedBy '/Game/SideScrollerBP/Maps/SideScrollerExampleMap.SideScrollerExampleMap:PersistentLevel.SideScrollerExampleMap'
[2018.01.24-02.04.42:221][394]LogBlueprintUserMessages: Late EndPlayMap Detection: Level '/Game/SideScrollerBP/Maps/SideScrollerExampleMap.SideScrollerExampleMap:PersistentLevel' has LevelScriptBlueprint '/Game/SideScrollerBP/Maps/SideScrollerExampleMap.SideScrollerExampleMap:PersistentLevel.SideScrollerExampleMap' with GeneratedClass '/Game/SideScrollerBP/Maps/SideScrollerExampleMap.SideScrollerExampleMap_C' with ClassGeneratedBy '/Game/SideScrollerBP/Maps/SideScrollerExampleMap.SideScrollerExampleMap:PersistentLevel.SideScrollerExampleMap'
[2018.01.24-02.05.34:555][905]Cmd: OBJ SAVEPACKAGE PACKAGE="/Game/RISE/HUBs/BP_Restart" FILE="G:/GitHub/RISE-Mobile/RISE_GAME/Content/RISE/HUBs/BP_Restart.uasset" SILENT=true
[2018.01.24-02.05.35:158][905]LogSavePackage: Save=209.58ms
[2018.01.24-02.05.35:158][905]LogSavePackage: Moving 'G:/GitHub/RISE-Mobile/RISE_GAME/Saved/BP_Restart31B558A84D47272E05B868BF27D47BDC.tmp' to 'G:/GitHub/RISE-Mobile/RISE_GAME/Content/RISE/HUBs/BP_Restart.uasset'
[2018.01.24-02.05.35:168][905]LogSavePackage: Display: Finished SavePackage G:/GitHub/RISE-Mobile/RISE_GAME/Content/RISE/HUBs/BP_Restart.uasset
[2018.01.24-02.05.35:228][905]Cmd: OBJ SAVEPACKAGE PACKAGE="/Game/SideScrollerBP/Blueprints/OGSideScrollerCharacter" FILE="G:/GitHub/RISE-Mobile/RISE_GAME/Content/SideScrollerBP/Blueprints/OGSideScrollerCharacter.uasset" SILENT=true
[2018.01.24-02.05.35:989][905]LogSavePackage: Save=512.38ms
[2018.01.24-02.05.35:989][905]LogSavePackage: Moving 'G:/GitHub/RISE-Mobile/RISE_GAME/Saved/OGSideScrollerCharacter2AB6EBE74D1F36C05224648EE25A72CB.tmp' to 'G:/GitHub/RISE-Mobile/RISE_GAME/Content/SideScrollerBP/Blueprints/OGSideScrollerCharacter.uasset'
[2018.01.24-02.05.35:999][905]LogSavePackage: Display: Finished SavePackage G:/GitHub/RISE-Mobile/RISE_GAME/Content/SideScrollerBP/Blueprints/OGSideScrollerCharacter.uasset
[2018.01.24-02.05.36:399][905]LogSavePackage: Save=159.55ms
[2018.01.24-02.05.36:399][905]LogSavePackage: Moving 'G:/GitHub/RISE-Mobile/RISE_GAME/Saved/SideScrollerExampleMap602CE47E4C7D7E7B40F3CD9839D3D8E9.tmp' to 'G:/GitHub/RISE-Mobile/RISE_GAME/Content/SideScrollerBP/Maps/SideScrollerExampleMap.umap'
[2018.01.24-02.05.36:410][905]LogSavePackage: Display: Finished SavePackage G:/GitHub/RISE-Mobile/RISE_GAME/Content/SideScrollerBP/Maps/SideScrollerExampleMap.umap
[2018.01.24-02.05.36:551][905]LogFileHelpers: Saving map 'SideScrollerExampleMap' took 0.546
[2018.01.24-02.05.37:656][936]LogWindowsTextInputMethodSystem: Display: IME system now deactivated.
[2018.01.24-02.05.37:657][936]LogWindowsTextInputMethodSystem: Display: IME system now deactivated.
[2018.01.24-02.05.37:927][937]Cmd: QUIT_EDITOR
[2018.01.24-02.05.38:469][937]LogExit: Preparing to exit.
[2018.01.24-02.05.38:791][937]LogExit: Editor shut down
[2018.01.24-02.05.38:801][937]LogExit: Transaction tracking system shut down
[2018.01.24-02.05.39:106][937]LogDirectoryWatcher: A directory notification for '../../../Engine/Content/' was aborted.
[2018.01.24-02.05.39:106][937]LogDirectoryWatcher: A directory notification for 'G:/GitHub/RISE-Mobile/RISE_GAME/Content/' was aborted.
[2018.01.24-02.05.39:106][937]LogDirectoryWatcher: A directory notification for '../../../Engine/Plugins/2D/Paper2D/Content/' was aborted.
[2018.01.24-02.05.39:106][937]LogDirectoryWatcher: A directory notification for '../../../Engine/Plugins/Runtime/Oculus/OculusVR/Content/' was aborted.
[2018.01.24-02.05.39:107][937]LogDirectoryWatcher: A directory notification for '../../../Engine/Plugins/Runtime/Steam/SteamVR/Content/' was aborted.
[2018.01.24-02.05.39:378][937]LogExit: Object subsystem successfully closed.
[2018.01.24-02.05.39:405][937]LogD3D11RHI: Shutdown
[2018.01.24-02.05.39:405][937]LogD3D11RHI: CleanupD3DDevice
[2018.01.24-02.05.39:634][937]LogD3D11RHI: ~FD3D11DynamicRHI
[2018.01.24-02.05.39:677][937]LogModuleManager: Shutting down and abandoning module MovieSceneCapture (538)
[2018.01.24-02.05.39:677][937]LogModuleManager: Shutting down and abandoning module SequencerWidgets (536)
[2018.01.24-02.05.39:677][937]LogModuleManager: Shutting down and abandoning module BlueprintGraph (534)
[2018.01.24-02.05.39:677][937]LogModuleManager: Shutting down and abandoning module BlueprintProfiler (532)
[2018.01.24-02.05.39:677][937]LogModuleManager: Shutting down and abandoning module HierarchicalLODOutliner (530)
[2018.01.24-02.05.39:677][937]LogModuleManager: Shutting down and abandoning module SceneOutliner (528)
[2018.01.24-02.05.39:677][937]LogModuleManager: Shutting down and abandoning module AddContentDialog (526)
[2018.01.24-02.05.39:678][937]LogDirectoryWatcher: A directory notification for 'C:/Program Files/Epic Games/UE_4.17/FeaturePacks/' was aborted.
[2018.01.24-02.05.39:687][937]LogModuleManager: Shutting down and abandoning module WidgetCarousel (525)
[2018.01.24-02.05.39:687][937]LogModuleManager: Shutting down and abandoning module EditorWidgets (522)
[2018.01.24-02.05.39:687][937]LogModuleManager: Shutting down and abandoning module CollectionManager (520)
[2018.01.24-02.05.39:687][937]LogDirectoryWatcher: A directory notification for 'G:/GitHub/RISE-Mobile/RISE_GAME/Content/Collections/' was aborted.
[2018.01.24-02.05.39:687][937]LogDirectoryWatcher: A directory notification for 'G:/GitHub/RISE-Mobile/RISE_GAME/Content/Developers/kreye/Collections/' was aborted.
[2018.01.24-02.05.39:687][937]LogDirectoryWatcher: A directory notification for 'G:/GitHub/RISE-Mobile/RISE_GAME/Saved/Collections/' was aborted.
[2018.01.24-02.05.39:687][937]LogModuleManager: Shutting down and abandoning module StatsViewer (518)
[2018.01.24-02.05.39:687][937]LogModuleManager: Shutting down and abandoning module FoliageEdit (516)
[2018.01.24-02.05.39:688][937]LogModuleManager: Shutting down and abandoning module LandscapeEditor (514)
[2018.01.24-02.05.39:688][937]LogModuleManager: Shutting down and abandoning module MeshPaintMode (512)
[2018.01.24-02.05.39:688][937]LogModuleManager: Shutting down and abandoning module SceneDepthPickerMode (510)
[2018.01.24-02.05.39:688][937]LogModuleManager: Shutting down and abandoning module ActorPickerMode (508)
[2018.01.24-02.05.39:688][937]LogModuleManager: Shutting down and abandoning module GeometryMode (506)
[2018.01.24-02.05.39:688][937]LogModuleManager: Shutting down and abandoning module TextureAlignMode (504)
[2018.01.24-02.05.39:688][937]LogModuleManager: Shutting down and abandoning module BspMode (502)
[2018.01.24-02.05.39:688][937]LogModuleManager: Shutting down and abandoning module PIEPreviewDeviceProfileSelector (500)
[2018.01.24-02.05.39:688][937]LogModuleManager: Shutting down and abandoning module HardwareSurvey (498)
[2018.01.24-02.05.39:688][937]LogModuleManager: Shutting down and abandoning module SequenceRecorderSections (496)
[2018.01.24-02.05.39:688][937]LogModuleManager: Shutting down and abandoning module AutomationWorker (494)
[2018.01.24-02.05.39:688][937]LogModuleManager: Shutting down and abandoning module MatineeToLevelSequence (492)
[2018.01.24-02.05.39:688][937]LogModuleManager: Shutting down and abandoning module LevelSequenceEditor (490)
[2018.01.24-02.05.39:688][937]LogModuleManager: Shutting down and abandoning module PlacementMode (489)
[2018.01.24-02.05.39:688][937]LogModuleManager: Shutting down and abandoning module WmfMediaFactory (486)
[2018.01.24-02.05.39:688][937]LogModuleManager: Shutting down and abandoning module WmfMediaEditor (484)
[2018.01.24-02.05.39:689][937]LogModuleManager: Shutting down and abandoning module AvfMediaFactory (482)
[2018.01.24-02.05.39:689][937]LogModuleManager: Shutting down and abandoning module AvfMediaEditor (480)
[2018.01.24-02.05.39:689][937]LogModuleManager: Shutting down and abandoning module AndroidMediaFactory (478)
[2018.01.24-02.05.39:689][937]LogModuleManager: Shutting down and abandoning module Media (477)
[2018.01.24-02.05.39:689][937]LogModuleManager: Shutting down and abandoning module AndroidMediaEditor (474)
[2018.01.24-02.05.39:689][937]LogModuleManager: Shutting down and abandoning module CharacterAI (472)
[2018.01.24-02.05.39:689][937]LogModuleManager: Shutting down and abandoning module AudioCapture (470)
[2018.01.24-02.05.39:689][937]LogModuleManager: Shutting down and abandoning module SequenceRecorder (469)
[2018.01.24-02.05.39:689][937]LogModuleManager: Shutting down and abandoning module SmartSnapping (466)
[2018.01.24-02.05.39:689][937]LogModuleManager: Shutting down and abandoning module SessionServices (464)
[2018.01.24-02.05.39:689][937]LogModuleManager: Shutting down and abandoning module ViewportSnapping (462)
[2018.01.24-02.05.39:689][937]LogModuleManager: Shutting down and abandoning module ViewportInteraction (460)
[2018.01.24-02.05.39:689][937]LogModuleManager: Shutting down and abandoning module ClothPainter (458)
[2018.01.24-02.05.39:689][937]LogModuleManager: Shutting down and abandoning module LogVisualizer (456)
[2018.01.24-02.05.39:689][937]LogModuleManager: Shutting down and abandoning module IntroTutorials (454)
[2018.01.24-02.05.39:689][937]LogModuleManager: Shutting down and abandoning module GameProjectGeneration (453)
[2018.01.24-02.05.39:689][937]LogModuleManager: Shutting down and abandoning module IOSPlatformEditor (450)
[2018.01.24-02.05.39:689][937]LogModuleManager: Shutting down and abandoning module HTML5PlatformEditor (448)
[2018.01.24-02.05.39:689][937]LogModuleManager: Shutting down and abandoning module AndroidPlatformEditor (446)
[2018.01.24-02.05.39:690][937]LogModuleManager: Shutting down and abandoning module AndroidDeviceDetection (445)
[2018.01.24-02.05.39:893][937]LogModuleManager: Shutting down and abandoning module WindowsPlatformEditor (442)
[2018.01.24-02.05.39:894][937]LogModuleManager: Shutting down and abandoning module IOSRuntimeSettings (440)
[2018.01.24-02.05.39:894][937]LogModuleManager: Shutting down and abandoning module AndroidRuntimeSettings (438)
[2018.01.24-02.05.39:894][937]LogModuleManager: Shutting down and abandoning module InputBindingEditor (436)
[2018.01.24-02.05.39:894][937]LogModuleManager: Shutting down and abandoning module MergeActors (434)
[2018.01.24-02.05.39:894][937]LogModuleManager: Shutting down and abandoning module SizeMap (432)
[2018.01.24-02.05.39:894][937]LogModuleManager: Shutting down and abandoning module TreeMap (430)
[2018.01.24-02.05.39:894][937]LogModuleManager: Shutting down and abandoning module ReferenceViewer (428)
[2018.01.24-02.05.39:894][937]LogModuleManager: Shutting down and abandoning module LocalizationDashboard (426)
[2018.01.24-02.05.39:895][937]LogModuleManager: Shutting down and abandoning module LocalizationService (425)
[2018.01.24-02.05.39:896][937]LogModuleManager: Shutting down and abandoning module HardwareTargeting (422)
[2018.01.24-02.05.39:897][937]LogModuleManager: Shutting down and abandoning module DeviceProfileEditor (420)
[2018.01.24-02.05.39:897][937]LogModuleManager: Shutting down and abandoning module UndoHistory (418)
[2018.01.24-02.05.39:897][937]LogModuleManager: Shutting down and abandoning module XmlParser (416)
[2018.01.24-02.05.39:897][937]LogModuleManager: Shutting down and abandoning module Blutility (414)
[2018.01.24-02.05.39:897][937]LogModuleManager: Shutting down and abandoning module ProjectSettingsViewer (412)
[2018.01.24-02.05.39:898][937]LogModuleManager: Shutting down and abandoning module ProjectTargetPlatformEditor (411)
[2018.01.24-02.05.39:899][937]LogModuleManager: Shutting down and abandoning module EditorSettingsViewer (408)
[2018.01.24-02.05.39:899][937]LogModuleManager: Shutting down and abandoning module SettingsEditor (406)
[2018.01.24-02.05.39:899][937]LogModuleManager: Shutting down and abandoning module ProjectLauncher (404)
[2018.01.24-02.05.39:899][937]LogModuleManager: Shutting down and abandoning module SessionFrontend (402)
[2018.01.24-02.05.39:899][937]LogModuleManager: Shutting down and abandoning module ProfilerClient (400)
[2018.01.24-02.05.39:899][937]LogModuleManager: Shutting down and abandoning module DeviceManager (398)
[2018.01.24-02.05.39:899][937]LogModuleManager: Shutting down and abandoning module TargetDeviceServices (397)
[2018.01.24-02.05.39:963][937]LogModuleManager: Shutting down and abandoning module AutomationController (394)
[2018.01.24-02.05.39:963][937]LogModuleManager: Shutting down and abandoning module AutomationWindow (392)
[2018.01.24-02.05.39:963][937]LogModuleManager: Shutting down and abandoning module Layers (390)
[2018.01.24-02.05.39:963][937]LogModuleManager: Shutting down and abandoning module ComponentVisualizers (388)
[2018.01.24-02.05.39:963][937]LogModuleManager: Shutting down and abandoning module DetailCustomizations (386)
[2018.01.24-02.05.39:963][937]LogModuleManager: Shutting down and abandoning module PackagesDialog (384)
[2018.01.24-02.05.39:964][937]LogModuleManager: Shutting down and abandoning module Persona (382)
[2018.01.24-02.05.39:964][937]LogModuleManager: Shutting down and abandoning module AdvancedPreviewScene (381)
[2018.01.24-02.05.39:964][937]LogModuleManager: Shutting down and abandoning module AnimGraph (379)
[2018.01.24-02.05.39:964][937]LogModuleManager: Shutting down and abandoning module Kismet (376)
[2018.01.24-02.05.39:982][937]LogModuleManager: Shutting down and abandoning module ClassViewer (374)
[2018.01.24-02.05.39:982][937]LogModuleManager: Shutting down and abandoning module Toolbox (372)
[2018.01.24-02.05.39:982][937]LogModuleManager: Shutting down and abandoning module ModuleUI (370)
[2018.01.24-02.05.39:982][937]LogModuleManager: Shutting down and abandoning module MovieSceneTools (368)
[2018.01.24-02.05.39:982][937]LogModuleManager: Shutting down and abandoning module OutputLog (366)
[2018.01.24-02.05.39:982][937]LogModuleManager: Shutting down and abandoning module GammaUI (364)
[2018.01.24-02.05.39:982][937]LogModuleManager: Shutting down and abandoning module Documentation (362)
[2018.01.24-02.05.39:982][937]LogModuleManager: Shutting down and abandoning module MovieSceneTracks (360)
[2018.01.24-02.05.39:982][937]LogModuleManager: Shutting down and abandoning module MovieScene (358)
[2018.01.24-02.05.39:982][937]LogModuleManager: Shutting down and abandoning module Niagara (356)
[2018.01.24-02.05.39:982][937]LogModuleManager: Shutting down and abandoning module NiagaraEditor (355)
[2018.01.24-02.05.39:983][937]LogModuleManager: Shutting down and abandoning module StreamingPauseRendering (352)
[2018.01.24-02.05.39:983][937]LogModuleManager: Shutting down and abandoning module LauncherPlatform (350)
[2018.01.24-02.05.39:983][937]LogModuleManager: Shutting down and abandoning module AnalyticsET (348)
[2018.01.24-02.05.39:983][937]LogModuleManager: Shutting down and abandoning module PortalServices (346)
[2018.01.24-02.05.39:983][937]LogModuleManager: Shutting down and abandoning module PortalRpc (344)
[2018.01.24-02.05.39:983][937]LogModuleManager: Shutting down and abandoning module MessagingRpc (342)
[2018.01.24-02.05.39:983][937]LogModuleManager: Shutting down and abandoning module AIModule (340)
[2018.01.24-02.05.39:983][937]LogModuleManager: Shutting down and abandoning module GameplayDebugger (339)
[2018.01.24-02.05.39:983][937]LogModuleManager: Shutting down and abandoning module AITestSuite (337)
[2018.01.24-02.05.39:983][937]LogModuleManager: Shutting down and abandoning module ProfilerService (334)
[2018.01.24-02.05.40:208][937]LogModuleManager: Shutting down and abandoning module TaskGraph (332)
[2018.01.24-02.05.40:208][937]LogModuleManager: Shutting down and abandoning module SteamVRController (330)
[2018.01.24-02.05.40:208][937]LogModuleManager: Shutting down and abandoning module ProceduralMeshComponentEditor (328)
[2018.01.24-02.05.40:208][937]LogModuleManager: Shutting down and abandoning module ProceduralMeshComponent (326)
[2018.01.24-02.05.40:208][937]LogModuleManager: Shutting down and abandoning module OculusInput (324)
[2018.01.24-02.05.40:208][937]LogModuleManager: Shutting down and abandoning module MobilePatchingUtils (322)
[2018.01.24-02.05.40:208][937]LogModuleManager: Shutting down and abandoning module CustomMeshComponent (320)
[2018.01.24-02.05.40:208][937]LogModuleManager: Shutting down and abandoning module CableComponent (318)
[2018.01.24-02.05.40:208][937]LogModuleManager: Shutting down and abandoning module ArchVisCharacter (316)
[2018.01.24-02.05.40:208][937]LogModuleManager: Shutting down and abandoning module AndroidPermission (314)
[2018.01.24-02.05.40:208][937]LogModuleManager: Shutting down and abandoning module MediaPlayerEditor (310)
[2018.01.24-02.05.40:209][937]LogModuleManager: Shutting down and abandoning module HTML5Networking (308)
[2018.01.24-02.05.40:209][937]LogModuleManager: Shutting down and abandoning module AlembicImporter (306)
[2018.01.24-02.05.40:209][937]LogModuleManager: Shutting down and abandoning module AlembicLibrary (305)
[2018.01.24-02.05.40:209][937]LogModuleManager: Shutting down and abandoning module GeometryCache (304)
[2018.01.24-02.05.40:209][937]LogModuleManager: Shutting down and abandoning module GeometryCacheEd (303)
[2018.01.24-02.05.40:209][937]LogModuleManager: Shutting down and abandoning module SpeedTreeImporter (298)
[2018.01.24-02.05.40:209][937]LogModuleManager: Shutting down and abandoning module PluginBrowser (296)
[2018.01.24-02.05.40:209][937]LogModuleManager: Shutting down and abandoning module MobileLauncherProfileWizard (294)
[2018.01.24-02.05.40:209][937]LogModuleManager: Shutting down and abandoning module VisualStudioSourceCodeAccess (292)
[2018.01.24-02.05.40:209][937]LogModuleManager: Shutting down and abandoning module DesktopPlatform (291)
[2018.01.24-02.05.40:209][937]LogModuleManager: Shutting down and abandoning module UObjectPlugin (288)
[2018.01.24-02.05.40:209][937]LogModuleManager: Shutting down and abandoning module SubversionSourceControl (286)
[2018.01.24-02.05.40:209][937]LogModuleManager: Shutting down and abandoning module PerforceSourceControl (284)
[2018.01.24-02.05.40:209][937]LogModuleManager: Shutting down and abandoning module GitSourceControl (282)
[2018.01.24-02.05.40:209][937]LogModuleManager: Shutting down and abandoning module SourceControl (281)
[2018.01.24-02.05.40:209][937]LogModuleManager: Shutting down and abandoning module LightPropagationVolumeEditor (278)
[2018.01.24-02.05.40:209][937]LogModuleManager: Shutting down and abandoning module PaperTiledImporter (276)
[2018.01.24-02.05.40:209][937]LogModuleManager: Shutting down and abandoning module PaperSpriteSheetImporter (274)
[2018.01.24-02.05.40:209][937]LogModuleManager: Shutting down and abandoning module Paper2DEditor (272)
[2018.01.24-02.05.40:209][937]LogModuleManager: Shutting down and abandoning module MeshPaint (271)
[2018.01.24-02.05.40:209][937]LogModuleManager: Shutting down and abandoning module LevelEditor (269)
[2018.01.24-02.05.40:211][937]LogModuleManager: Shutting down and abandoning module PixelInspectorModule (268)
[2018.01.24-02.05.40:211][937]LogModuleManager: Shutting down and abandoning module MainFrame (266)
[2018.01.24-02.05.40:211][937]LogModuleManager: Shutting down and abandoning module HotReload (265)
[2018.01.24-02.05.40:212][937]LogModuleManager: Shutting down and abandoning module RuntimePhysXCooking (260)
[2018.01.24-02.05.40:213][937]LogModuleManager: Shutting down and abandoning module PhysXVehiclesEditor (258)
[2018.01.24-02.05.40:213][937]LogModuleManager: Shutting down and abandoning module PhysXVehicles (256)
[2018.01.24-02.05.40:213][937]LogModuleManager: Shutting down and abandoning module OculusEditor (254)
[2018.01.24-02.05.40:213][937]LogModuleManager: Shutting down and abandoning module LocationServicesBPLibrary (252)
[2018.01.24-02.05.40:213][937]LogModuleManager: Shutting down and abandoning module ImmediatePhysicsEditor (250)
[2018.01.24-02.05.40:213][937]LogModuleManager: Shutting down and abandoning module ImmediatePhysics (248)
[2018.01.24-02.05.40:213][937]LogModuleManager: Shutting down and abandoning module UdpMessaging (246)
[2018.01.24-02.05.40:313][937]LogModuleManager: Shutting down and abandoning module TcpMessaging (244)
[2018.01.24-02.05.40:413][937]LogModuleManager: Shutting down and abandoning module GameplayTagsEditor (242)
[2018.01.24-02.05.40:413][937]LogModuleManager: Shutting down and abandoning module FacialAnimationEditor (240)
[2018.01.24-02.05.40:413][937]LogModuleManager: Shutting down and abandoning module FacialAnimation (238)
[2018.01.24-02.05.40:413][937]LogModuleManager: Shutting down and abandoning module AssetManagerEditor (236)
[2018.01.24-02.05.40:413][937]LogModuleManager: Shutting down and abandoning module GraphEditor (235)
[2018.01.24-02.05.40:413][937]LogModuleManager: Shutting down and abandoning module ContentBrowser (233)
[2018.01.24-02.05.40:415][937]LogModuleManager: Shutting down and abandoning module LightPropagationVolumeRuntime (230)
[2018.01.24-02.05.40:416][937]LogModuleManager: Shutting down and abandoning module Paper2D (228)
[2018.01.24-02.05.40:416][937]LogModuleManager: Shutting down and abandoning module WindowsMoviePlayer (226)
[2018.01.24-02.05.40:416][937]LogModuleManager: Shutting down and abandoning module WmfMedia (224)
[2018.01.24-02.05.40:416][937]LogModuleManager: Shutting down and abandoning module PacketHandler (222)
[2018.01.24-02.05.40:416][937]LogModuleManager: Shutting down and abandoning module ClothingSystemEditor (220)
[2018.01.24-02.05.40:416][937]LogModuleManager: Shutting down and abandoning module ClothingSystemRuntime (218)
[2018.01.24-02.05.40:416][937]LogModuleManager: Shutting down and abandoning module Overlay (216)
[2018.01.24-02.05.40:416][937]LogModuleManager: Shutting down and abandoning module OverlayEditor (215)
[2018.01.24-02.05.40:416][937]LogModuleManager: Shutting down and abandoning module MediaAssets (212)
[2018.01.24-02.05.40:416][937]LogModuleManager: Shutting down and abandoning module VREditor (210)
[2018.01.24-02.05.40:416][937]LogModuleManager: Shutting down and abandoning module StringTableEditor (208)
[2018.01.24-02.05.40:416][937]LogModuleManager: Shutting down and abandoning module GameplayTasksEditor (206)
[2018.01.24-02.05.40:416][937]LogModuleManager: Shutting down and abandoning module BehaviorTreeEditor (204)
[2018.01.24-02.05.40:416][937]LogModuleManager: Shutting down and abandoning module FunctionalTesting (202)
[2018.01.24-02.05.40:417][937]LogModuleManager: Shutting down and abandoning module CollisionAnalyzer (200)
[2018.01.24-02.05.40:417][937]LogModuleManager: Shutting down and abandoning module WorkspaceMenuStructure (199)
[2018.01.24-02.05.40:417][937]LogModuleManager: Shutting down and abandoning module UMG (196)
[2018.01.24-02.05.40:417][937]LogModuleManager: Shutting down and abandoning module UMGEditor (195)
[2018.01.24-02.05.40:417][937]LogModuleManager: Shutting down and abandoning module Sequencer (194)
[2018.01.24-02.05.40:417][937]LogModuleManager: Shutting down and abandoning module MessageLog (191)
[2018.01.24-02.05.40:417][937]LogModuleManager: Shutting down and abandoning module SlateReflector (186)
[2018.01.24-02.05.40:417][937]LogModuleManager: Shutting down and abandoning module Slate (184)
[2018.01.24-02.05.40:417][937]LogModuleManager: Shutting down and abandoning module EditorStyle (182)
[2018.01.24-02.05.40:423][937]LogModuleManager: Shutting down and abandoning module MRMesh (180)
[2018.01.24-02.05.40:423][937]LogModuleManager: Shutting down and abandoning module SourceCodeAccess (178)
[2018.01.24-02.05.40:423][937]LogModuleManager: Shutting down and abandoning module HeadMountedDisplay (176)
[2018.01.24-02.05.40:423][937]LogModuleManager: Shutting down and abandoning module XAudio2 (174)
[2018.01.24-02.05.40:423][937]LogModuleManager: Shutting down and abandoning module Networking (172)
[2018.01.24-02.05.40:423][937]LogModuleManager: Shutting down and abandoning module Core (168)
[2018.01.24-02.05.40:423][937]LogModuleManager: Shutting down and abandoning module KismetCompiler (164)
[2018.01.24-02.05.40:424][937]LogModuleManager: Shutting down and abandoning module LevelSequence (162)
[2018.01.24-02.05.40:424][937]LogModuleManager: Shutting down and abandoning module MeshUtilities (160)
[2018.01.24-02.05.40:424][937]LogModuleManager: Shutting down and abandoning module MeshMergeUtilities (159)
[2018.01.24-02.05.40:424][937]LogModuleManager: Shutting down and abandoning module MeshReductionInterface (158)
[2018.01.24-02.05.40:424][937]LogModuleManager: Shutting down and abandoning module SimplygonSwarm (157)
[2018.01.24-02.05.40:424][937]LogModuleManager: Shutting down and abandoning module SimplygonMeshReduction (155)
[2018.01.24-02.05.40:424][937]LogModuleManager: Shutting down and abandoning module QuadricMeshReduction (153)
[2018.01.24-02.05.40:424][937]LogModuleManager: Shutting down and abandoning module MaterialBaking (149)
[2018.01.24-02.05.40:424][937]LogModuleManager: Shutting down and abandoning module DirectoryWatcher (146)
[2018.01.24-02.05.40:425][937]LogModuleManager: Shutting down and abandoning module DerivedDataCache (144)
[2018.01.24-02.05.40:487][937]LogDerivedDataCache: Shutdown
[2018.01.24-02.05.40:487][937]LogModuleManager: Shutting down and abandoning module TargetPlatform (142)
[2018.01.24-02.05.40:487][937]LogModuleManager: Shutting down and abandoning module VulkanShaderFormat (141)
[2018.01.24-02.05.40:487][937]LogModuleManager: Shutting down and abandoning module ShaderFormatVectorVM (139)
[2018.01.24-02.05.40:487][937]LogModuleManager: Shutting down and abandoning module ShaderFormatOpenGL (137)
[2018.01.24-02.05.40:487][937]LogModuleManager: Shutting down and abandoning module ShaderFormatD3D (135)
[2018.01.24-02.05.40:487][937]LogModuleManager: Shutting down and abandoning module MetalShaderFormat (133)
[2018.01.24-02.05.40:487][937]LogModuleManager: Shutting down and abandoning module TextureFormatUncompressed (131)
[2018.01.24-02.05.40:487][937]LogModuleManager: Shutting down and abandoning module TextureFormatPVR (129)
[2018.01.24-02.05.40:487][937]LogModuleManager: Shutting down and abandoning module TextureFormatDXT (127)
[2018.01.24-02.05.40:487][937]LogModuleManager: Shutting down and abandoning module TextureFormatIntelISPCTexComp (125)
[2018.01.24-02.05.40:488][937]LogModuleManager: Shutting down and abandoning module TextureFormatASTC (123)
[2018.01.24-02.05.40:488][937]LogModuleManager: Shutting down and abandoning module ImageWrapper (122)
[2018.01.24-02.05.40:488][937]LogModuleManager: Shutting down and abandoning module TextureFormatAndroid (119)
[2018.01.24-02.05.40:488][937]LogModuleManager: Shutting down and abandoning module AudioFormatOpus (117)
[2018.01.24-02.05.40:488][937]LogModuleManager: Shutting down and abandoning module AudioFormatOgg (115)
[2018.01.24-02.05.40:488][937]LogModuleManager: Shutting down and abandoning module AudioFormatADPCM (113)
[2018.01.24-02.05.40:488][937]LogModuleManager: Shutting down and abandoning module LinuxTargetPlatform (111)
[2018.01.24-02.05.40:488][937]LogModuleManager: Shutting down and abandoning module LinuxServerTargetPlatform (109)
[2018.01.24-02.05.40:488][937]LogModuleManager: Shutting down and abandoning module LinuxNoEditorTargetPlatform (107)
[2018.01.24-02.05.40:488][937]LogModuleManager: Shutting down and abandoning module LinuxClientTargetPlatform (105)
[2018.01.24-02.05.40:488][937]LogModuleManager: Shutting down and abandoning module TVOSTargetPlatform (103)
[2018.01.24-02.05.40:488][937]LogModuleManager: Shutting down and abandoning module Messaging (101)
[2018.01.24-02.05.40:488][937]LogModuleManager: Shutting down and abandoning module IOSTargetPlatform (99)
[2018.01.24-02.05.40:488][937]LogModuleManager: Shutting down and abandoning module HTML5TargetPlatform (97)
[2018.01.24-02.05.40:488][937]LogModuleManager: Shutting down and abandoning module Android_PVRTCTargetPlatform (95)
[2018.01.24-02.05.40:488][937]LogModuleManager: Shutting down and abandoning module Android_MultiTargetPlatform (93)
[2018.01.24-02.05.40:488][937]LogModuleManager: Shutting down and abandoning module Android_ETC2TargetPlatform (91)
[2018.01.24-02.05.40:488][937]LogModuleManager: Shutting down and abandoning module Android_ETC1TargetPlatform (89)
[2018.01.24-02.05.40:488][937]LogModuleManager: Shutting down and abandoning module Android_DXTTargetPlatform (87)
[2018.01.24-02.05.40:488][937]LogModuleManager: Shutting down and abandoning module Android_ATCTargetPlatform (85)
[2018.01.24-02.05.40:488][937]LogModuleManager: Shutting down and abandoning module Android_ASTCTargetPlatform (83)
[2018.01.24-02.05.40:488][937]LogModuleManager: Shutting down and abandoning module AndroidTargetPlatform (81)
[2018.01.24-02.05.40:488][937]LogModuleManager: Shutting down and abandoning module WindowsTargetPlatform (79)
[2018.01.24-02.05.40:488][937]LogModuleManager: Shutting down and abandoning module WindowsServerTargetPlatform (77)
[2018.01.24-02.05.40:488][937]LogModuleManager: Shutting down and abandoning module WindowsNoEditorTargetPlatform (75)
[2018.01.24-02.05.40:488][937]LogModuleManager: Shutting down and abandoning module WindowsClientTargetPlatform (73)
[2018.01.24-02.05.40:488][937]LogModuleManager: Shutting down and abandoning module MacTargetPlatform (71)
[2018.01.24-02.05.40:488][937]LogModuleManager: Shutting down and abandoning module MacServerTargetPlatform (69)
[2018.01.24-02.05.40:488][937]LogModuleManager: Shutting down and abandoning module MacNoEditorTargetPlatform (67)
[2018.01.24-02.05.40:488][937]LogModuleManager: Shutting down and abandoning module MacClientTargetPlatform (65)
[2018.01.24-02.05.40:488][937]LogModuleManager: Shutting down and abandoning module AllDesktopTargetPlatform (63)
[2018.01.24-02.05.40:488][937]LogModuleManager: Shutting down and abandoning module InputCore (60)
[2018.01.24-02.05.40:488][937]LogModuleManager: Shutting down and abandoning module Settings (58)
[2018.01.24-02.05.40:489][937]LogModuleManager: Shutting down and abandoning module PhysXCooking (56)
[2018.01.24-02.05.40:489][937]LogModuleManager: Shutting down and abandoning module SteamVR (54)
[2018.01.24-02.05.40:489][937]LogModuleManager: Shutting down and abandoning module OculusHMD (52)
[2018.01.24-02.05.40:489][937]LogModuleManager: Shutting down and abandoning module ExampleDeviceProfileSelector (50)
[2018.01.24-02.05.40:489][937]LogModuleManager: Shutting down and abandoning module OnlineBlueprintSupport (48)
[2018.01.24-02.05.40:489][937]LogModuleManager: Shutting down and abandoning module OnlineSubsystem (44)
[2018.01.24-02.05.40:489][937]LogOnline: Display: Unloading online subsystem: NULL
[2018.01.24-02.05.40:489][937]LogModuleManager: Shutting down and abandoning module XMPP (43)
[2018.01.24-02.05.40:489][937]LogModuleManager: Shutting down and abandoning module HTTP (41)
[2018.01.24-02.05.40:489][937]LogHttp: Display: Http module shutting down, but needs to wait on 1 outstanding Http requests:
[2018.01.24-02.05.40:489][937]LogHttp: Display: 	verb=[POST] url=[https://datarouter.ol.epicgames.com/datarouter/api/v1/public/data?SessionID=%7BD55299A7-4A27-F4F1-ACDC-A196FE18FF13%7D&AppID=UEEditor.Rocket.Release&AppVersion=4.17.2-3658906%2B%2B%2BUE4%2BRelease-4.17&UserID=3691cf284ca1f1681c3051979cb06f41%7C88057b4134714c0f98d798880975d3e9%7C75c10d2f-5615-4ca6-9c94-8a26968e32be&AppEnvironment=datacollector-binary&UploadType=eteventstream] status=Processing
[2018.01.24-02.05.40:510][937]LogModuleManager: Shutting down and abandoning module SSL (40)
[2018.01.24-02.05.40:513][937]LogModuleManager: Shutting down and abandoning module AnimationModifiers (36)
[2018.01.24-02.05.40:513][937]LogModuleManager: Shutting down and abandoning module PropertyEditor (35)
[2018.01.24-02.05.40:513][937]LogModuleManager: Shutting down and abandoning module AudioEditor (32)
[2018.01.24-02.05.40:513][937]LogModuleManager: Shutting down and abandoning module TextureCompressor (30)
[2018.01.24-02.05.40:513][937]LogModuleManager: Shutting down and abandoning module ShaderCore (28)
[2018.01.24-02.05.40:513][937]LogModuleManager: Shutting down and abandoning module Landscape (26)
[2018.01.24-02.05.40:513][937]LogModuleManager: Shutting down and abandoning module SlateRHIRenderer (24)
[2018.01.24-02.05.40:516][937]LogModuleManager: Shutting down and abandoning module OpenGLDrv (22)
[2018.01.24-02.05.40:516][937]LogModuleManager: Shutting down and abandoning module D3D11RHI (20)
[2018.01.24-02.05.40:516][937]LogModuleManager: Shutting down and abandoning module AnimGraphRuntime (18)
[2018.01.24-02.05.40:516][937]LogModuleManager: Shutting down and abandoning module Renderer (16)
[2018.01.24-02.05.40:516][937]LogModuleManager: Shutting down and abandoning module Engine (14)
[2018.01.24-02.05.40:516][937]LogModuleManager: Shutting down and abandoning module CoreUObject (12)
[2018.01.24-02.05.40:516][937]LogModuleManager: Shutting down and abandoning module NetworkFile (10)
[2018.01.24-02.05.40:516][937]LogModuleManager: Shutting down and abandoning module CookedIterativeFile (8)
[2018.01.24-02.05.40:516][937]LogModuleManager: Shutting down and abandoning module StreamingFile (6)
[2018.01.24-02.05.40:516][937]LogModuleManager: Shutting down and abandoning module SandboxFile (4)
[2018.01.24-02.05.40:516][937]LogModuleManager: Shutting down and abandoning module PakFile (2)
[2018.01.24-02.05.40:523][937]LogExit: Exiting.
[2018.01.24-02.05.40:553][937]Log file closed, 01/23/18 22:05:40
