Log file open, 03/31/18 10:54:04
LogWindows: Failed to load 'aqProf.dll' (GetLastError=126)
LogWindows: File 'aqProf.dll' does not exist
LogWindows: Failed to load 'VSPerf140.dll' (GetLastError=126)
LogWindows: File 'VSPerf140.dll' does not exist
LogWindows: Failed to load 'VtuneApi.dll' (GetLastError=126)
LogWindows: File 'VtuneApi.dll' does not exist
LogWindows: Failed to load 'VtuneApi32e.dll' (GetLastError=126)
LogWindows: File 'VtuneApi32e.dll' does not exist
LogInit: Display: Running engine for game: RISE_GAME
LogPlatformFile: Not using cached read wrapper
LogInit: Display: RandInit(1602821462) SRandInit(1602821462).
LogTaskGraph: Started task graph with 5 named threads and 8 total threads with 3 sets of task threads.
LogStats: Stats thread started at 0.120122
LogD3D11RHI: Aftermath initialized
LogPluginManager: Mounting plugin LightPropagationVolume
LogPluginManager: Mounting plugin GitSourceControl
LogPluginManager: Mounting plugin PerforceSourceControl
LogPluginManager: Mounting plugin SubversionSourceControl
LogPluginManager: Mounting plugin UObjectPlugin
LogPluginManager: Mounting plugin VisualStudioSourceCodeAccess
LogPluginManager: Mounting plugin AssetManagerEditor
LogPluginManager: Mounting plugin AudioCapture
LogPluginManager: Mounting plugin GameplayTagsEditor
LogPluginManager: Mounting plugin MobileLauncherProfileWizard
LogPluginManager: Mounting plugin PluginBrowser
LogPluginManager: Mounting plugin SpeedTreeImporter
LogPluginManager: Mounting plugin CharacterAI
LogPluginManager: Mounting plugin AndroidMedia
LogPluginManager: Mounting plugin MediaPlayerEditor
LogPluginManager: Mounting plugin WmfMedia
LogPluginManager: Mounting plugin TcpMessaging
LogPluginManager: Mounting plugin UdpMessaging
LogPluginManager: Mounting plugin LevelSequenceEditor
LogPluginManager: Mounting plugin MatineeToLevelSequence
LogPluginManager: Mounting plugin OnlineSubsystemGooglePlay
LogPluginManager: Mounting plugin OnlineSubsystem
LogPluginManager: Mounting plugin OnlineSubsystemNull
LogPluginManager: Mounting plugin OnlineSubsystemUtils
LogPluginManager: Mounting plugin AndroidDeviceProfileSelector
LogPluginManager: Mounting plugin AndroidMoviePlayer
LogPluginManager: Mounting plugin AndroidPermission
LogPluginManager: Mounting plugin ArchVisCharacter
LogPluginManager: Mounting plugin CableComponent
LogPluginManager: Mounting plugin ExampleDeviceProfileSelector
LogPluginManager: Mounting plugin ImmediatePhysics
LogPluginManager: Mounting plugin LocationServicesBPLibrary
LogPluginManager: Mounting plugin MobilePatchingUtils
LogPluginManager: Mounting plugin ProceduralMeshComponent
LogPluginManager: Mounting plugin RuntimePhysXCooking
LogPluginManager: Mounting plugin SlateRemote
LogInit: Using libcurl 7.47.1
LogInit:  - built for x86_64-pc-win32
LogInit:  - supports SSL with OpenSSL/1.0.2g
LogInit:  - supports HTTP deflate (compression) using libz 1.2.8
LogInit:  - other features:
LogInit:      CURL_VERSION_SSL
LogInit:      CURL_VERSION_LIBZ
LogInit:      CURL_VERSION_IPV6
LogInit:      CURL_VERSION_ASYNCHDNS
LogInit:      CURL_VERSION_LARGEFILE
LogInit:      CURL_VERSION_IDN
LogInit:  CurlRequestOptions (configurable via config and command line):
LogInit:  - bVerifyPeer = false  - Libcurl will NOT verify peer certificate
LogInit:  - bUseHttpProxy = false  - Libcurl will NOT use HTTP proxy
LogInit:  - bDontReuseConnections = false  - Libcurl will reuse connections
LogInit:  - CertBundlePath = nullptr  - Libcurl will use whatever was configured at build time.
LogInit: Build: ++UE4+Release-4.17-CL-3658906
LogInit: Engine Version: 4.17.2-3658906+++UE4+Release-4.17
LogInit: Compatible Engine Version: 4.17.0-3573198+++UE4+Release-4.17
LogInit: Net CL: 3573198
LogDevObjectVersion: Number of dev versions registered: 16
LogDevObjectVersion:   Dev-Blueprints (B0D832E4-1F89-4F0D-ACCF-7EB736FD4AA2): 10
LogDevObjectVersion:   Dev-Build (E1C64328-A22C-4D53-A36C-8E866417BD8C): 0
LogDevObjectVersion:   Dev-Core (375EC13C-06E4-48FB-B500-84F0262A717E): 2
LogDevObjectVersion:   Dev-Editor (E4B068ED-F494-42E9-A231-DA0B2E46BB41): 20
LogDevObjectVersion:   Dev-Framework (CFFC743F-43B0-4480-9391-14DF171D2073): 28
LogDevObjectVersion:   Dev-Mobile (B02B49B5-BB20-44E9-A304-32B752E40360): 0
LogDevObjectVersion:   Dev-Networking (A4E4105C-59A1-49B5-A7C5-40C4547EDFEE): 0
LogDevObjectVersion:   Dev-Online (39C831C9-5AE6-47DC-9A44-9C173E1C8E7C): 0
LogDevObjectVersion:   Dev-Physics (78F01B33-EBEA-4F98-B9B4-84EACCB95AA2): 0
LogDevObjectVersion:   Dev-Platform (6631380F-2D4D-43E0-8009-CF276956A95A): 0
LogDevObjectVersion:   Dev-Rendering (12F88B9F-8875-4AFC-A67C-D90C383ABD29): 19
LogDevObjectVersion:   Dev-Sequencer (7B5AE74C-D270-4C10-A958-57980B212A5A): 4
LogDevObjectVersion:   Dev-VR (D7296918-1DD6-4BDD-9DE2-64A83CC13884): 0
LogDevObjectVersion:   Dev-LoadTimes (C2A15278-BFE7-4AFE-6C17-90FF531DF755): 1
LogDevObjectVersion:   Private-Geometry (6EACA3D4-40EC-4CC1-B786-8BED09428FC5): 1
LogDevObjectVersion:   Dev-AnimPhys (29E575DD-E0A3-4627-9D10-D276232CDCEA): 7
LogInit: Compiled (64-bit): Sep 22 2017 13:47:16
LogInit: Compiled with Visual C++: 19.00.24215.01
LogInit: Build Configuration: Development
LogInit: Branch Name: ++UE4+Release-4.17
LogInit: Command line:  
LogInit: Base directory: C:/Program Files/Epic Games/UE_4.17/Engine/Binaries/Win64/
LogInit: Installed Engine Build: 1
LogInit: Presizing for max 8388607 objects, including 0 objects not considered by GC, pre-allocating 0 bytes for permanent pool.
LogInit: Object subsystem initialized
[2018.03.31-14.54.04:901][  0]LogInit: Selected Device Profile: [Windows]
[2018.03.31-14.54.04:901][  0]LogInit: Applying CVar settings loaded from the selected device profile: [Windows]
[2018.03.31-14.54.04:974][  0]LogInit: Computer: DESKTOP-SJI2LPG
[2018.03.31-14.54.04:974][  0]LogInit: User: isma0
[2018.03.31-14.54.04:974][  0]LogInit: CPU Page size=4096, Cores=2
[2018.03.31-14.54.04:974][  0]LogInit: High frequency timer resolution =2.531253 MHz
[2018.03.31-14.54.04:975][  0]LogMemory: Memory total: Physical=23.9GB (24GB approx)
[2018.03.31-14.54.04:975][  0]LogMemory: Platform Memory Stats for Windows
[2018.03.31-14.54.04:975][  0]LogMemory: Process Physical Memory: 277.57 MB used, 277.57 MB peak
[2018.03.31-14.54.04:975][  0]LogMemory: Process Virtual Memory: 275.62 MB used, 275.62 MB peak
[2018.03.31-14.54.04:975][  0]LogMemory: Physical Memory: 4867.75 MB used,  19572.20 MB free, 24439.95 MB total
[2018.03.31-14.54.04:975][  0]LogMemory: Virtual Memory: 701.51 MB used,  19572.20 MB free, 134217728.00 MB total
[2018.03.31-14.54.05:473][  0]LogInit: Using OS detected language (en-US).
[2018.03.31-14.54.05:473][  0]LogInit: Using OS detected locale (en-US).
[2018.03.31-14.54.05:591][  0]LogTextLocalizationManager: No specific localization for 'en-US' exists, so the 'en' localization will be used.
[2018.03.31-14.54.07:912][  0]LogD3D11RHI: D3D11 adapters:
[2018.03.31-14.54.08:589][  0]LogD3D11RHI:    0. 'NVIDIA GeForce 940MX' (Feature Level 11_0)
[2018.03.31-14.54.08:589][  0]LogD3D11RHI:       2010/0/12219 MB DedicatedVideo/DedicatedSystem/SharedSystem, Outputs:1, VendorId:0x10de
[2018.03.31-14.54.08:600][  0]LogD3D11RHI:    1. 'Intel(R) HD Graphics 520' (Feature Level 11_0)
[2018.03.31-14.54.08:600][  0]LogD3D11RHI:       128/0/12219 MB DedicatedVideo/DedicatedSystem/SharedSystem, Outputs:0, VendorId:0x8086
[2018.03.31-14.54.08:604][  0]LogD3D11RHI:    2. 'Microsoft Basic Render Driver' (Feature Level 11_0)
[2018.03.31-14.54.08:604][  0]LogD3D11RHI:       0/0/12219 MB DedicatedVideo/DedicatedSystem/SharedSystem, Outputs:0, VendorId:0x1414
[2018.03.31-14.54.08:604][  0]LogD3D11RHI: Chosen D3D11 Adapter: 0
[2018.03.31-14.54.08:611][  0]LogD3D11RHI: Creating new Direct3DDevice
[2018.03.31-14.54.08:611][  0]LogD3D11RHI:     GPU DeviceId: 0x179c (for the marketing name, search the web for "GPU Device Id")
[2018.03.31-14.54.08:611][  0]LogWindows: EnumDisplayDevices:
[2018.03.31-14.54.08:611][  0]LogWindows:    0. 'Intel(R) HD Graphics 520' (P:1 D:1)
[2018.03.31-14.54.08:612][  0]LogWindows:    1. 'Intel(R) HD Graphics 520' (P:0 D:0)
[2018.03.31-14.54.08:612][  0]LogWindows:    2. 'Intel(R) HD Graphics 520' (P:0 D:0)
[2018.03.31-14.54.08:612][  0]LogWindows: DebugString: GetVideoDriverDetailsInvalid PrimaryIsNotTheChoosenAdapter GetVideoDriverDetailsInvalid PrimaryIsNotTheChoosenAdapter GetVideoDriverDetailsInvalid PrimaryIsNotTheChoosenAdapter FoundDriverCount:0 
[2018.03.31-14.54.08:612][  0]LogD3D11RHI:     Adapter Name: NVIDIA GeForce 940MX
[2018.03.31-14.54.08:612][  0]LogD3D11RHI:   Driver Version: Unknown (internal:Unknown, unified:Unknown)
[2018.03.31-14.54.08:612][  0]LogD3D11RHI:      Driver Date: Unknown
[2018.03.31-14.54.08:612][  0]LogRHI: Texture pool is 1361 MB (70% of 1945 MB)
[2018.03.31-14.54.08:650][  0]LogD3D11RHI: Async texture creation enabled
[2018.03.31-14.54.08:668][  0]LogD3D11RHI: GPU Timing Frequency: 1000.000000 (Debug: 2 2)
[2018.03.31-14.54.08:669][  0]LogShaderCompilers: Guid format shader working directory is -30 characters bigger than the processId version (../../../../../../Users/isma0/Documents/Unreal Projects/RISE-Mobile/RISE_GAME/Intermediate/Shaders/WorkingDirectory/768/).
[2018.03.31-14.54.08:669][  0]LogShaderCompilers: Cleaned the shader compiler working directory 'C:/Users/isma0/AppData/Local/Temp/UnrealShaderWorkingDir/4C397C9E4C573F073DD180960BDEB033/'.
[2018.03.31-14.54.08:669][  0]LogShaderCompilers: Display: Using Local Shader Compiler.
[2018.03.31-14.54.11:699][  0]LogTemp: Display: Loaded TP AllDesktopTargetPlatform
[2018.03.31-14.54.11:790][  0]LogTemp: Display: Loaded TP MacClientTargetPlatform
[2018.03.31-14.54.11:880][  0]LogTemp: Display: Loaded TP MacNoEditorTargetPlatform
[2018.03.31-14.54.11:968][  0]LogTemp: Display: Loaded TP MacServerTargetPlatform
[2018.03.31-14.54.12:085][  0]LogTemp: Display: Loaded TP MacTargetPlatform
[2018.03.31-14.54.12:179][  0]LogTemp: Display: Loaded TP WindowsClientTargetPlatform
[2018.03.31-14.54.12:274][  0]LogTemp: Display: Loaded TP WindowsNoEditorTargetPlatform
[2018.03.31-14.54.12:367][  0]LogTemp: Display: Loaded TP WindowsServerTargetPlatform
[2018.03.31-14.54.12:439][  0]LogTemp: Display: Loaded TP WindowsTargetPlatform
[2018.03.31-14.54.12:539][  0]LogTemp: Display: Loaded TP AndroidTargetPlatform
[2018.03.31-14.54.12:630][  0]LogTemp: Display: Loaded TP Android_ASTCTargetPlatform
[2018.03.31-14.54.12:718][  0]LogTemp: Display: Loaded TP Android_ATCTargetPlatform
[2018.03.31-14.54.12:805][  0]LogTemp: Display: Loaded TP Android_DXTTargetPlatform
[2018.03.31-14.54.12:886][  0]LogTemp: Display: Loaded TP Android_ETC1TargetPlatform
[2018.03.31-14.54.12:974][  0]LogTemp: Display: Loaded TP Android_ETC2TargetPlatform
[2018.03.31-14.54.13:145][  0]LogTemp: Display: Loaded TP Android_MultiTargetPlatform
[2018.03.31-14.54.13:145][  0]LogTemp: Display: Loaded TP Android_PVRTCTargetPlatform
[2018.03.31-14.54.13:211][  0]LogTemp: Display: Loaded TP HTML5TargetPlatform
[2018.03.31-14.54.13:392][  0]LogTemp: Display: Loaded TP IOSTargetPlatform
[2018.03.31-14.54.13:464][  0]LogTemp: Display: Loaded TP TVOSTargetPlatform
[2018.03.31-14.54.13:551][  0]LogTemp: Display: Loaded TP LinuxClientTargetPlatform
[2018.03.31-14.54.13:639][  0]LogTemp: Display: Loaded TP LinuxNoEditorTargetPlatform
[2018.03.31-14.54.13:724][  0]LogTemp: Display: Loaded TP LinuxServerTargetPlatform
[2018.03.31-14.54.13:822][  0]LogTemp: Display: Loaded TP LinuxTargetPlatform
[2018.03.31-14.54.13:822][  0]LogTargetPlatformManager: Display: Building Assets For Windows
[2018.03.31-14.54.14:681][  0]LogDerivedDataCache: Display: Max Cache Size: 512 MB
[2018.03.31-14.54.15:778][  0]LogDerivedDataCache: Loaded boot cache 1.10s 93MB C:/Users/isma0/AppData/Local/UnrealEngine/4.17/DerivedDataCache/Boot.ddc.
[2018.03.31-14.54.15:778][  0]LogDerivedDataCache: Display: Loaded Boot cache: C:/Users/isma0/AppData/Local/UnrealEngine/4.17/DerivedDataCache/Boot.ddc
[2018.03.31-14.54.15:778][  0]LogDerivedDataCache: FDerivedDataBackendGraph:  Pak pak cache file ../../../../../../Users/isma0/Documents/Unreal Projects/RISE-Mobile/RISE_GAME/DerivedDataCache/DDC.ddp not found, will not use a pak cache.
[2018.03.31-14.54.15:778][  0]LogDerivedDataCache: Unable to find inner node Pak for hierarchical cache Hierarchy.
[2018.03.31-14.54.15:778][  0]LogDerivedDataCache: FDerivedDataBackendGraph:  CompressedPak pak cache file ../../../../../../Users/isma0/Documents/Unreal Projects/RISE-Mobile/RISE_GAME/DerivedDataCache/Compressed.ddp not found, will not use a pak cache.
[2018.03.31-14.54.15:778][  0]LogDerivedDataCache: Unable to find inner node CompressedPak for hierarchical cache Hierarchy.
[2018.03.31-14.54.15:854][  0]LogDerivedDataCache: Display: Pak cache opened for reading ../../../Engine/DerivedDataCache/Compressed.ddp.
[2018.03.31-14.54.15:867][  0]LogDerivedDataCache: Using Local data cache path C:/Users/isma0/AppData/Local/UnrealEngine/Common/DerivedDataCache: Writable
[2018.03.31-14.54.15:926][  0]LogMaterial: Verifying Global Shaders for PCD3D_SM5
[2018.03.31-14.54.15:927][  0]LogSlate: Using Freetype 2.6.0
[2018.03.31-14.54.15:962][  0]LogSlate: SlateFontCache - WITH_FREETYPE: 1, WITH_HARFBUZZ: 1
[2018.03.31-14.54.15:962][  0]LogSlate: SlateFontCache - WITH_FREETYPE: 1, WITH_HARFBUZZ: 1
[2018.03.31-14.54.17:421][  0]LogAssetRegistry: FAssetRegistry took 0.0311 seconds to start up
[2018.03.31-14.54.17:612][  0]LogInit: Selected Device Profile: [Windows]
[2018.03.31-14.54.17:889][  0]LogContentStreaming: Texture pool size is 0.00 MB
[2018.03.31-14.54.18:406][  0]LogSimplygon: Simplygon DLL not present - disabling.
[2018.03.31-14.54.18:475][  0]LogMeshReduction: Using SimplygonSwarm for distributed automatic mesh merging
[2018.03.31-14.54.18:475][  0]LogMeshReduction: Using QuadricMeshReduction for automatic static mesh reduction
[2018.03.31-14.54.18:475][  0]LogMeshReduction: No automatic skeletal mesh reduction module available
[2018.03.31-14.54.18:475][  0]LogMeshReduction: No automatic mesh merging module available
[2018.03.31-14.54.18:475][  0]LogMeshMerging: No automatic mesh merging module available
[2018.03.31-14.54.19:084][  0]LogNetVersion: RISE_GAME , NetCL: 3573198, EngineNetVer: 2, GameNetVer: 0 (Checksum: 1739909859)
[2018.03.31-14.54.19:403][  0]LogPackageLocalizationCache: Processed 2 localized package path(s) for 2 prioritized culture(s) in 0.031491 seconds
[2018.03.31-14.54.19:412][  0]LogUObjectArray: 35418 objects as part of root set at end of initial load.
[2018.03.31-14.54.19:412][  0]LogUObjectAllocator: 7448088 out of 0 bytes used by permanent object pool.
[2018.03.31-14.54.19:412][  0]LogUObjectArray: CloseDisregardForGC: 0/0 objects in disregard for GC pool
[2018.03.31-14.54.19:466][  0]LogInit: WinSock: version 1.1 (2.2), MaxSocks=32767, MaxUdp=65467
[2018.03.31-14.54.57:860][  0]LogTcpMessaging: Initializing TcpMessaging bridge
[2018.03.31-14.54.57:911][  0]LogUdpMessaging: Initializing bridge on interface 0.0.0.0:0 to multicast group 230.0.0.1:6666.
[2018.03.31-14.54.58:617][  0]SourceControl: Source control is disabled
[2018.03.31-14.54.58:617][  0]SourceControl: Source control is disabled
[2018.03.31-14.54.58:715][  0]SourceControl: Source control is disabled
[2018.03.31-14.54.58:804][  0]SourceControl: Source control is disabled
[2018.03.31-14.54.59:919][  0]LogAndroidPermission: UAndroidPermissionCallbackProxy::GetInstance
[2018.03.31-14.55.00:681][  0]LogEngine: Initializing Engine...
[2018.03.31-14.55.01:121][  0]LogStats: UGameplayTagsManager::ConstructGameplayTagTree: Construct from data asset -  0.000 s
[2018.03.31-14.55.01:121][  0]LogStats: UGameplayTagsManager::ConstructGameplayTagTree: GameplayTagTreeChangedEvent.Broadcast -  0.000 s
[2018.03.31-14.55.01:353][  0]LogAIModule: Creating AISystem for world Untitled
[2018.03.31-14.55.01:375][  0]LogInit: XAudio2 using 'Speakers (Realtek High Definition Audio)' : 2 channels at 48 kHz using 32 bits per sample (channel mask 0x3)
[2018.03.31-14.55.01:689][  0]LogInit: FAudioDevice initialized.
[2018.03.31-14.55.01:857][  0]LogDerivedDataCache: Saved boot cache 0.17s 94MB C:/Users/isma0/AppData/Local/UnrealEngine/4.17/DerivedDataCache/Boot.ddc.
[2018.03.31-14.55.01:865][  0]LogInit: Texture streaming: Enabled
[2018.03.31-14.55.02:233][  0]LogMaterial: Uniform references updated for custom material expression Custom.
[2018.03.31-14.55.02:652][  0]LogEngineSessionManager: EngineSessionManager initialized
[2018.03.31-14.55.03:054][  0]LogInit: Transaction tracking system initialized
[2018.03.31-14.55.03:549][  0]BlueprintLog: New page: Editor Load
[2018.03.31-14.55.04:660][  0]LocalizationService: Localization service is disabled
[2018.03.31-14.55.05:593][  0]LogConsoleResponse: Display: 
[2018.03.31-14.55.07:207][  0]LogCook: Display: Max memory allowance for cook 16384mb min free memory 0mb
[2018.03.31-14.55.07:207][  0]LogCook: Display: Mobile HDR setting 1
[2018.03.31-14.55.07:207][  0]LogGameplayTags: Display: UGameplayTagsManager::DoneAddingNativeTags. DelegateIsBound: 0
[2018.03.31-14.55.09:956][  0]LogFileCache: Scanning file cache for directory 'C:/Users/isma0/Documents/Unreal Projects/RISE-Mobile/RISE_GAME/Content/' took 0.01s
[2018.03.31-14.55.12:942][  0]SourceControl: Source control is disabled
[2018.03.31-14.55.12:942][  0]Cmd: MAP LOAD FILE="../../../../../../Users/isma0/Documents/Unreal Projects/RISE-Mobile/RISE_GAME/Content/SideScrollerBP/Maps/SideScrollerExampleMap.umap" TEMPLATE=0 SHOWPROGRESS=1 FEATURELEVEL=3
[2018.03.31-14.55.12:943][  0]LightingResults: New page: Lighting Build
[2018.03.31-14.55.12:995][  0]MapCheck: New page: Map Check
[2018.03.31-14.55.12:995][  0]LightingResults: New page: Lighting Build
[2018.03.31-14.55.22:291][  0]LogTexture: Display: Building textures: tiltbutton (BGRA8, 189X236)
[2018.03.31-14.55.22:292][  0]LogTexture: Display: Building textures: tapbutton (BGRA8, 189X236)
[2018.03.31-14.55.22:292][  0]LogTexture: Display: Building textures: pause2 (AutoDXT, 600X1000)
[2018.03.31-14.55.22:292][  0]LogTexture: Display: Building textures: buttontrestart (BGRA8, 77X78)
[2018.03.31-14.55.22:292][  0]LogTexture: Display: Building textures: buttonplay (BGRA8, 77X78)
[2018.03.31-14.55.22:292][  0]LogTexture: Display: Building textures: buttonhome (BGRA8, 77X78)
[2018.03.31-14.55.25:625][  0]LogAIModule: Creating AISystem for world SideScrollerExampleMap
[2018.03.31-14.55.25:664][  0]LogEditorServer: Finished looking for orphan Actors (0.000 secs)
[2018.03.31-14.55.25:710][  0]Cmd: MAP CHECKDEP NOCLEARLOG
[2018.03.31-14.55.25:789][  0]MapCheck: Map check complete: 0 Error(s), 0 Warning(s), took 79.019ms to complete.
[2018.03.31-14.55.25:789][  0]LogFileHelpers: Loading map 'SideScrollerExampleMap' took 12.847
[2018.03.31-14.55.26:042][  0]LogCollectionManager: Loaded 0 collections in 0.002595 seconds
[2018.03.31-14.55.26:167][  0]LogFileCache: Scanning file cache for directory 'C:/Users/isma0/Documents/Unreal Projects/RISE-Mobile/RISE_GAME/Saved/Collections/' took 0.01s
[2018.03.31-14.55.26:167][  0]LogFileCache: Scanning file cache for directory 'C:/Users/isma0/Documents/Unreal Projects/RISE-Mobile/RISE_GAME/Content/Developers/isma0/Collections/' took 0.01s
[2018.03.31-14.55.26:167][  0]LogFileCache: Scanning file cache for directory 'C:/Users/isma0/Documents/Unreal Projects/RISE-Mobile/RISE_GAME/Content/Collections/' took 0.01s
[2018.03.31-14.55.26:167][  0]LogCollectionManager: Rebuilt the GUID cache for 0 collections in 0.000000 seconds
[2018.03.31-14.55.26:181][  0]LogContentBrowser: Native class hierarchy populated in 0.0142 seconds. Added 2312 classes and 451 folders.
[2018.03.31-14.55.26:255][  0]LogContentBrowser: Native class hierarchy updated for 'WidgetCarousel' in 0.0009 seconds. Added 0 classes and 0 folders.
[2018.03.31-14.55.27:974][  0]LogContentBrowser: Native class hierarchy updated for 'AddContentDialog' in 0.0035 seconds. Added 0 classes and 0 folders.
[2018.03.31-14.55.28:147][  0]LogContentBrowser: Native class hierarchy updated for 'SceneOutliner' in 0.0007 seconds. Added 1 classes and 2 folders.
[2018.03.31-14.55.28:302][  0]LogSlate: Took 0.069530 seconds to synchronously load lazily loaded font '../../../Engine/Content/Slate/Fonts/Roboto-Regular.ttf' (155K)
[2018.03.31-14.55.28:373][  0]LogSlate: Took 0.068190 seconds to synchronously load lazily loaded font '../../../Engine/Content/Slate/Fonts/Roboto-Bold.ttf' (160K)
[2018.03.31-14.55.28:426][  0]LogSlate: Took 0.020559 seconds to synchronously load lazily loaded font '../../../Engine/Content/Editor/Slate/Fonts/FontAwesome.ttf' (139K)
[2018.03.31-14.55.28:665][  0]LogRenderer: Reallocating scene render targets to support 964x448 Format 10 NumSamples 1 (Frame:1).
[2018.03.31-14.55.28:958][  0]LogContentBrowser: Native class hierarchy updated for 'HierarchicalLODOutliner' in 0.0007 seconds. Added 1 classes and 2 folders.
[2018.03.31-14.55.28:958][  0]LogLoad: (Engine Initialization) Total time: 86.09 seconds
[2018.03.31-14.55.28:958][  0]LogLoad: (Engine Initialization) Total Blueprint compile time: 0.00 seconds
[2018.03.31-14.55.28:959][  0]LogExternalProfiler: No external profilers were discovered.  External profiling features will not be available.
[2018.03.31-14.55.29:409][  0]LogContentStreaming: Texture pool size now 1000 MB
[2018.03.31-14.55.29:563][  0]LogSlate: Took 0.064342 seconds to synchronously load lazily loaded font '../../../Engine/Content/Slate/Fonts/Roboto-Light.ttf' (159K)
[2018.03.31-14.55.30:025][  1]LogAssetRegistry: Asset discovery search completed in 72.6267 seconds
[2018.03.31-14.55.30:029][  1]LogCollectionManager: Rebuilt the object cache for 0 collections in 0.000001 seconds (found 0 objects)
[2018.03.31-14.55.30:029][  1]LogCollectionManager: Fixed up redirectors for 0 collections in 0.000122 seconds (updated 0 objects)
[2018.03.31-14.55.30:451][  3]LogSlate: Took 0.000275 seconds to synchronously load lazily loaded font '../../../Engine/Content/Slate/Fonts/Roboto-Light.ttf' (159K)
[2018.03.31-14.55.35:105][ 17]LogFileCache: Retrieving MD5 hashes for directory 'C:/Users/isma0/Documents/Unreal Projects/RISE-Mobile/RISE_GAME/Content/' took 5.79s
[2018.03.31-14.55.56:442][572]LogTemp: Repeating last play command: Selected Viewport
[2018.03.31-14.55.56:511][572]LogBlueprintUserMessages: Early PlayInEditor Detection: Level '/Game/SideScrollerBP/Maps/SideScrollerExampleMap.SideScrollerExampleMap:PersistentLevel' has LevelScriptBlueprint '/Game/SideScrollerBP/Maps/SideScrollerExampleMap.SideScrollerExampleMap:PersistentLevel.SideScrollerExampleMap' with GeneratedClass '/Game/SideScrollerBP/Maps/SideScrollerExampleMap.SideScrollerExampleMap_C' with ClassGeneratedBy '/Game/SideScrollerBP/Maps/SideScrollerExampleMap.SideScrollerExampleMap:PersistentLevel.SideScrollerExampleMap'
[2018.03.31-14.55.56:511][572]LogPlayLevel: PlayLevel: No blueprints needed recompiling
[2018.03.31-14.55.56:512][572]PIE: New page: PIE session: SideScrollerExampleMap (Mar 31, 2018, 6:55:56 AM)
[2018.03.31-14.55.56:513][572]LogPlayLevel: Creating play world package: /Game/SideScrollerBP/Maps/UEDPIE_0_SideScrollerExampleMap
[2018.03.31-14.55.56:533][572]LogPlayLevel: PIE: StaticDuplicateObject took: (0.019343s)
[2018.03.31-14.55.56:534][572]LogAIModule: Creating AISystem for world SideScrollerExampleMap
[2018.03.31-14.55.56:535][572]LogPlayLevel: PIE: World Init took: (0.001246s)
[2018.03.31-14.55.56:535][572]LogPlayLevel: PIE: Created PIE world by copying editor world from /Game/SideScrollerBP/Maps/SideScrollerExampleMap.SideScrollerExampleMap to /Game/SideScrollerBP/Maps/UEDPIE_0_SideScrollerExampleMap.SideScrollerExampleMap (0.021267s)
[2018.03.31-14.55.56:561][572]LogInit: XAudio2 using 'Speakers (Realtek High Definition Audio)' : 2 channels at 48 kHz using 32 bits per sample (channel mask 0x3)
[2018.03.31-14.55.56:596][572]LogInit: FAudioDevice initialized.
[2018.03.31-14.55.56:643][572]LogLoad: Game class is 'OGSideScrollerGameMode_C'
[2018.03.31-14.55.56:648][572]LogWorld: Bringing World /Game/SideScrollerBP/Maps/UEDPIE_0_SideScrollerExampleMap.SideScrollerExampleMap up for play (max tick rate 0) at 2018.03.31-10.55.56
[2018.03.31-14.55.56:651][572]LogWorld: Bringing up level for play took: 0.005790
[2018.03.31-14.55.56:708][572]LogContentBrowser: Native class hierarchy updated for 'MovieSceneCapture' in 0.0007 seconds. Added 11 classes and 0 folders.
[2018.03.31-14.55.56:751][572]PIE: Play in editor start time for /Game/SideScrollerBP/Maps/UEDPIE_0_SideScrollerExampleMap -0.361
[2018.03.31-14.55.56:752][572]LogBlueprintUserMessages: Late PlayInEditor Detection: Level '/Game/SideScrollerBP/Maps/SideScrollerExampleMap.SideScrollerExampleMap:PersistentLevel' has LevelScriptBlueprint '/Game/SideScrollerBP/Maps/SideScrollerExampleMap.SideScrollerExampleMap:PersistentLevel.SideScrollerExampleMap' with GeneratedClass '/Game/SideScrollerBP/Maps/SideScrollerExampleMap.SideScrollerExampleMap_C' with ClassGeneratedBy '/Game/SideScrollerBP/Maps/SideScrollerExampleMap.SideScrollerExampleMap:PersistentLevel.SideScrollerExampleMap'
[2018.03.31-14.56.00:232][808]LogBlueprintUserMessages: Early EndPlayMap Detection: Level '/Game/SideScrollerBP/Maps/SideScrollerExampleMap.SideScrollerExampleMap:PersistentLevel' has LevelScriptBlueprint '/Game/SideScrollerBP/Maps/SideScrollerExampleMap.SideScrollerExampleMap:PersistentLevel.SideScrollerExampleMap' with GeneratedClass '/Game/SideScrollerBP/Maps/SideScrollerExampleMap.SideScrollerExampleMap_C' with ClassGeneratedBy '/Game/SideScrollerBP/Maps/SideScrollerExampleMap.SideScrollerExampleMap:PersistentLevel.SideScrollerExampleMap'
[2018.03.31-14.56.00:272][808]LogBlueprintUserMessages: Late EndPlayMap Detection: Level '/Game/SideScrollerBP/Maps/SideScrollerExampleMap.SideScrollerExampleMap:PersistentLevel' has LevelScriptBlueprint '/Game/SideScrollerBP/Maps/SideScrollerExampleMap.SideScrollerExampleMap:PersistentLevel.SideScrollerExampleMap' with GeneratedClass '/Game/SideScrollerBP/Maps/SideScrollerExampleMap.SideScrollerExampleMap_C' with ClassGeneratedBy '/Game/SideScrollerBP/Maps/SideScrollerExampleMap.SideScrollerExampleMap:PersistentLevel.SideScrollerExampleMap'
[2018.03.31-14.56.13:918][377]LogSlate: Took 0.000149 seconds to synchronously load lazily loaded font '../../../Engine/Content/Slate/Fonts/Roboto-Light.ttf' (159K)
[2018.03.31-14.56.14:413][377]LogContentBrowser: Native class hierarchy updated for 'BlueprintGraph' in 0.0010 seconds. Added 113 classes and 0 folders.
[2018.03.31-14.56.15:127][377]LogSlate: Took 0.000404 seconds to synchronously load lazily loaded font '../../../Engine/Content/Slate/Fonts/Roboto-Regular.ttf' (155K)
[2018.03.31-14.56.15:255][377]LogSlate: Took 0.025589 seconds to synchronously load lazily loaded font '../../../Engine/Content/Editor/Slate/Fonts/Roboto-BoldCondensed.ttf' (158K)
[2018.03.31-14.56.15:342][378]LogSlate: Took 0.015050 seconds to synchronously load lazily loaded font '../../../Engine/Content/Editor/Slate/Fonts/Roboto-Italic.ttf' (157K)
[2018.03.31-14.56.18:982][789]LogTemp: Repeating last play command: Selected Viewport
[2018.03.31-14.56.19:010][789]LogBlueprintUserMessages: Early PlayInEditor Detection: Level '/Game/SideScrollerBP/Maps/SideScrollerExampleMap.SideScrollerExampleMap:PersistentLevel' has LevelScriptBlueprint '/Game/SideScrollerBP/Maps/SideScrollerExampleMap.SideScrollerExampleMap:PersistentLevel.SideScrollerExampleMap' with GeneratedClass '/Game/SideScrollerBP/Maps/SideScrollerExampleMap.SideScrollerExampleMap_C' with ClassGeneratedBy '/Game/SideScrollerBP/Maps/SideScrollerExampleMap.SideScrollerExampleMap:PersistentLevel.SideScrollerExampleMap'
[2018.03.31-14.56.19:010][789]LogPlayLevel: PlayLevel: No blueprints needed recompiling
[2018.03.31-14.56.19:010][789]PIE: New page: PIE session: SideScrollerExampleMap (Mar 31, 2018, 6:56:19 AM)
[2018.03.31-14.56.19:011][789]LogPlayLevel: Creating play world package: /Game/SideScrollerBP/Maps/UEDPIE_0_SideScrollerExampleMap
[2018.03.31-14.56.19:028][789]LogPlayLevel: PIE: StaticDuplicateObject took: (0.016325s)
[2018.03.31-14.56.19:029][789]LogAIModule: Creating AISystem for world SideScrollerExampleMap
[2018.03.31-14.56.19:029][789]LogPlayLevel: PIE: World Init took: (0.001210s)
[2018.03.31-14.56.19:029][789]LogPlayLevel: PIE: Created PIE world by copying editor world from /Game/SideScrollerBP/Maps/SideScrollerExampleMap.SideScrollerExampleMap to /Game/SideScrollerBP/Maps/UEDPIE_0_SideScrollerExampleMap.SideScrollerExampleMap (0.018014s)
[2018.03.31-14.56.19:064][789]LogInit: XAudio2 using 'Speakers (Realtek High Definition Audio)' : 2 channels at 48 kHz using 32 bits per sample (channel mask 0x3)
[2018.03.31-14.56.19:101][789]LogInit: FAudioDevice initialized.
[2018.03.31-14.56.19:145][789]LogLoad: Game class is 'OGSideScrollerGameMode_C'
[2018.03.31-14.56.19:148][789]LogWorld: Bringing World /Game/SideScrollerBP/Maps/UEDPIE_0_SideScrollerExampleMap.SideScrollerExampleMap up for play (max tick rate 0) at 2018.03.31-10.56.19
[2018.03.31-14.56.19:150][789]LogWorld: Bringing up level for play took: 0.003878
[2018.03.31-14.56.19:199][789]PIE: Play in editor start time for /Game/SideScrollerBP/Maps/UEDPIE_0_SideScrollerExampleMap 0.087
[2018.03.31-14.56.19:200][789]LogBlueprintUserMessages: Late PlayInEditor Detection: Level '/Game/SideScrollerBP/Maps/SideScrollerExampleMap.SideScrollerExampleMap:PersistentLevel' has LevelScriptBlueprint '/Game/SideScrollerBP/Maps/SideScrollerExampleMap.SideScrollerExampleMap:PersistentLevel.SideScrollerExampleMap' with GeneratedClass '/Game/SideScrollerBP/Maps/SideScrollerExampleMap.SideScrollerExampleMap_C' with ClassGeneratedBy '/Game/SideScrollerBP/Maps/SideScrollerExampleMap.SideScrollerExampleMap:PersistentLevel.SideScrollerExampleMap'
[2018.03.31-14.56.19:342][789]LogRenderer: Reallocating scene render targets to support 964x584 Format 10 NumSamples 1 (Frame:1).
[2018.03.31-14.58.33:833][263]LogBlueprintUserMessages: Early EndPlayMap Detection: Level '/Game/SideScrollerBP/Maps/SideScrollerExampleMap.SideScrollerExampleMap:PersistentLevel' has LevelScriptBlueprint '/Game/SideScrollerBP/Maps/SideScrollerExampleMap.SideScrollerExampleMap:PersistentLevel.SideScrollerExampleMap' with GeneratedClass '/Game/SideScrollerBP/Maps/SideScrollerExampleMap.SideScrollerExampleMap_C' with ClassGeneratedBy '/Game/SideScrollerBP/Maps/SideScrollerExampleMap.SideScrollerExampleMap:PersistentLevel.SideScrollerExampleMap'
[2018.03.31-14.58.33:891][263]LogBlueprintUserMessages: Late EndPlayMap Detection: Level '/Game/SideScrollerBP/Maps/SideScrollerExampleMap.SideScrollerExampleMap:PersistentLevel' has LevelScriptBlueprint '/Game/SideScrollerBP/Maps/SideScrollerExampleMap.SideScrollerExampleMap:PersistentLevel.SideScrollerExampleMap' with GeneratedClass '/Game/SideScrollerBP/Maps/SideScrollerExampleMap.SideScrollerExampleMap_C' with ClassGeneratedBy '/Game/SideScrollerBP/Maps/SideScrollerExampleMap.SideScrollerExampleMap:PersistentLevel.SideScrollerExampleMap'
[2018.03.31-15.00.28:641][ 77]BlueprintLog: New page: Compile BP_Level
[2018.03.31-15.00.30:964][253]LogTemp: Repeating last play command: Selected Viewport
[2018.03.31-15.00.30:990][253]LogBlueprintUserMessages: Early PlayInEditor Detection: Level '/Game/SideScrollerBP/Maps/SideScrollerExampleMap.SideScrollerExampleMap:PersistentLevel' has LevelScriptBlueprint '/Game/SideScrollerBP/Maps/SideScrollerExampleMap.SideScrollerExampleMap:PersistentLevel.SideScrollerExampleMap' with GeneratedClass '/Game/SideScrollerBP/Maps/SideScrollerExampleMap.SideScrollerExampleMap_C' with ClassGeneratedBy '/Game/SideScrollerBP/Maps/SideScrollerExampleMap.SideScrollerExampleMap:PersistentLevel.SideScrollerExampleMap'
[2018.03.31-15.00.30:991][253]LogPlayLevel: PlayLevel: No blueprints needed recompiling
[2018.03.31-15.00.30:991][253]PIE: New page: PIE session: SideScrollerExampleMap (Mar 31, 2018, 7:00:30 AM)
[2018.03.31-15.00.30:992][253]LogPlayLevel: Creating play world package: /Game/SideScrollerBP/Maps/UEDPIE_0_SideScrollerExampleMap
[2018.03.31-15.00.31:012][253]LogPlayLevel: PIE: StaticDuplicateObject took: (0.019773s)
[2018.03.31-15.00.31:013][253]LogAIModule: Creating AISystem for world SideScrollerExampleMap
[2018.03.31-15.00.31:014][253]LogPlayLevel: PIE: World Init took: (0.001501s)
[2018.03.31-15.00.31:014][253]LogPlayLevel: PIE: Created PIE world by copying editor world from /Game/SideScrollerBP/Maps/SideScrollerExampleMap.SideScrollerExampleMap to /Game/SideScrollerBP/Maps/UEDPIE_0_SideScrollerExampleMap.SideScrollerExampleMap (0.021898s)
[2018.03.31-15.00.31:048][253]LogInit: XAudio2 using 'Speakers (Realtek High Definition Audio)' : 2 channels at 48 kHz using 32 bits per sample (channel mask 0x3)
[2018.03.31-15.00.31:086][253]LogInit: FAudioDevice initialized.
[2018.03.31-15.00.31:139][253]LogLoad: Game class is 'OGSideScrollerGameMode_C'
[2018.03.31-15.00.31:142][253]LogWorld: Bringing World /Game/SideScrollerBP/Maps/UEDPIE_0_SideScrollerExampleMap.SideScrollerExampleMap up for play (max tick rate 0) at 2018.03.31-11.00.31
[2018.03.31-15.00.31:144][253]LogWorld: Bringing up level for play took: 0.004018
[2018.03.31-15.00.31:191][253]PIE: Play in editor start time for /Game/SideScrollerBP/Maps/UEDPIE_0_SideScrollerExampleMap 0.078
[2018.03.31-15.00.31:191][253]LogBlueprintUserMessages: Late PlayInEditor Detection: Level '/Game/SideScrollerBP/Maps/SideScrollerExampleMap.SideScrollerExampleMap:PersistentLevel' has LevelScriptBlueprint '/Game/SideScrollerBP/Maps/SideScrollerExampleMap.SideScrollerExampleMap:PersistentLevel.SideScrollerExampleMap' with GeneratedClass '/Game/SideScrollerBP/Maps/SideScrollerExampleMap.SideScrollerExampleMap_C' with ClassGeneratedBy '/Game/SideScrollerBP/Maps/SideScrollerExampleMap.SideScrollerExampleMap:PersistentLevel.SideScrollerExampleMap'
[2018.03.31-15.01.07:739][953]LogBlueprintUserMessages: Early EndPlayMap Detection: Level '/Game/SideScrollerBP/Maps/SideScrollerExampleMap.SideScrollerExampleMap:PersistentLevel' has LevelScriptBlueprint '/Game/SideScrollerBP/Maps/SideScrollerExampleMap.SideScrollerExampleMap:PersistentLevel.SideScrollerExampleMap' with GeneratedClass '/Game/SideScrollerBP/Maps/SideScrollerExampleMap.SideScrollerExampleMap_C' with ClassGeneratedBy '/Game/SideScrollerBP/Maps/SideScrollerExampleMap.SideScrollerExampleMap:PersistentLevel.SideScrollerExampleMap'
[2018.03.31-15.01.07:800][953]LogBlueprintUserMessages: Late EndPlayMap Detection: Level '/Game/SideScrollerBP/Maps/SideScrollerExampleMap.SideScrollerExampleMap:PersistentLevel' has LevelScriptBlueprint '/Game/SideScrollerBP/Maps/SideScrollerExampleMap.SideScrollerExampleMap:PersistentLevel.SideScrollerExampleMap' with GeneratedClass '/Game/SideScrollerBP/Maps/SideScrollerExampleMap.SideScrollerExampleMap_C' with ClassGeneratedBy '/Game/SideScrollerBP/Maps/SideScrollerExampleMap.SideScrollerExampleMap:PersistentLevel.SideScrollerExampleMap'
[2018.03.31-15.01.10:802][282]Cmd: OBJ SAVEPACKAGE PACKAGE="/Game/RISE/LvlGenrating/BP_Level" FILE="../../../../../../Users/isma0/Documents/Unreal Projects/RISE-Mobile/RISE_GAME/Content/RISE/LvlGenrating/BP_Level.uasset" SILENT=true
[2018.03.31-15.01.11:192][282]LogSavePackage: Save=376.27ms
[2018.03.31-15.01.11:192][282]LogSavePackage: Moving '../../../../../../Users/isma0/Documents/Unreal Projects/RISE-Mobile/RISE_GAME/Saved/BP_Level705F102B42445D221474228B4D0581E1.tmp' to '../../../../../../Users/isma0/Documents/Unreal Projects/RISE-Mobile/RISE_GAME/Content/RISE/LvlGenrating/BP_Level.uasset'
[2018.03.31-15.01.11:198][282]LogSavePackage: Display: Finished SavePackage ../../../../../../Users/isma0/Documents/Unreal Projects/RISE-Mobile/RISE_GAME/Content/RISE/LvlGenrating/BP_Level.uasset
[2018.03.31-15.01.14:589][644]LogActorComponent: UnregisterComponent: (/Engine/Transient.EditorFloorComp) Not registered. Aborting.
[2018.03.31-15.09.28:998][155]LogRenderer: Reallocating scene render targets to support 1008x584 Format 10 NumSamples 1 (Frame:1).
[2018.03.31-15.11.58:572][595]LogTemp: Repeating last play command: Selected Viewport
[2018.03.31-15.11.58:616][595]LogBlueprintUserMessages: Early PlayInEditor Detection: Level '/Game/SideScrollerBP/Maps/SideScrollerExampleMap.SideScrollerExampleMap:PersistentLevel' has LevelScriptBlueprint '/Game/SideScrollerBP/Maps/SideScrollerExampleMap.SideScrollerExampleMap:PersistentLevel.SideScrollerExampleMap' with GeneratedClass '/Game/SideScrollerBP/Maps/SideScrollerExampleMap.SideScrollerExampleMap_C' with ClassGeneratedBy '/Game/SideScrollerBP/Maps/SideScrollerExampleMap.SideScrollerExampleMap:PersistentLevel.SideScrollerExampleMap'
[2018.03.31-15.11.58:616][595]LogPlayLevel: PlayLevel: No blueprints needed recompiling
[2018.03.31-15.11.58:616][595]PIE: New page: PIE session: SideScrollerExampleMap (Mar 31, 2018, 7:11:58 AM)
[2018.03.31-15.11.58:617][595]LogPlayLevel: Creating play world package: /Game/SideScrollerBP/Maps/UEDPIE_0_SideScrollerExampleMap
[2018.03.31-15.11.58:639][595]LogPlayLevel: PIE: StaticDuplicateObject took: (0.020651s)
[2018.03.31-15.11.58:640][595]LogAIModule: Creating AISystem for world SideScrollerExampleMap
[2018.03.31-15.11.58:641][595]LogPlayLevel: PIE: World Init took: (0.001827s)
[2018.03.31-15.11.58:641][595]LogPlayLevel: PIE: Created PIE world by copying editor world from /Game/SideScrollerBP/Maps/SideScrollerExampleMap.SideScrollerExampleMap to /Game/SideScrollerBP/Maps/UEDPIE_0_SideScrollerExampleMap.SideScrollerExampleMap (0.023139s)
[2018.03.31-15.11.58:681][595]LogInit: XAudio2 using 'Speakers (Realtek High Definition Audio)' : 2 channels at 48 kHz using 32 bits per sample (channel mask 0x3)
[2018.03.31-15.11.58:720][595]LogInit: FAudioDevice initialized.
[2018.03.31-15.11.58:787][595]LogLoad: Game class is 'OGSideScrollerGameMode_C'
[2018.03.31-15.11.58:803][595]LogWorld: Bringing World /Game/SideScrollerBP/Maps/UEDPIE_0_SideScrollerExampleMap.SideScrollerExampleMap up for play (max tick rate 0) at 2018.03.31-11.11.58
[2018.03.31-15.11.58:813][595]LogWorld: Bringing up level for play took: 0.022071
[2018.03.31-15.11.58:893][595]PIE: Play in editor start time for /Game/SideScrollerBP/Maps/UEDPIE_0_SideScrollerExampleMap -0.22
[2018.03.31-15.11.58:893][595]LogBlueprintUserMessages: Late PlayInEditor Detection: Level '/Game/SideScrollerBP/Maps/SideScrollerExampleMap.SideScrollerExampleMap:PersistentLevel' has LevelScriptBlueprint '/Game/SideScrollerBP/Maps/SideScrollerExampleMap.SideScrollerExampleMap:PersistentLevel.SideScrollerExampleMap' with GeneratedClass '/Game/SideScrollerBP/Maps/SideScrollerExampleMap.SideScrollerExampleMap_C' with ClassGeneratedBy '/Game/SideScrollerBP/Maps/SideScrollerExampleMap.SideScrollerExampleMap:PersistentLevel.SideScrollerExampleMap'
[2018.03.31-15.12.29:353][985]LogBlueprintUserMessages: Early EndPlayMap Detection: Level '/Game/SideScrollerBP/Maps/SideScrollerExampleMap.SideScrollerExampleMap:PersistentLevel' has LevelScriptBlueprint '/Game/SideScrollerBP/Maps/SideScrollerExampleMap.SideScrollerExampleMap:PersistentLevel.SideScrollerExampleMap' with GeneratedClass '/Game/SideScrollerBP/Maps/SideScrollerExampleMap.SideScrollerExampleMap_C' with ClassGeneratedBy '/Game/SideScrollerBP/Maps/SideScrollerExampleMap.SideScrollerExampleMap:PersistentLevel.SideScrollerExampleMap'
[2018.03.31-15.12.29:415][985]LogBlueprintUserMessages: Late EndPlayMap Detection: Level '/Game/SideScrollerBP/Maps/SideScrollerExampleMap.SideScrollerExampleMap:PersistentLevel' has LevelScriptBlueprint '/Game/SideScrollerBP/Maps/SideScrollerExampleMap.SideScrollerExampleMap:PersistentLevel.SideScrollerExampleMap' with GeneratedClass '/Game/SideScrollerBP/Maps/SideScrollerExampleMap.SideScrollerExampleMap_C' with ClassGeneratedBy '/Game/SideScrollerBP/Maps/SideScrollerExampleMap.SideScrollerExampleMap:PersistentLevel.SideScrollerExampleMap'
[2018.03.31-15.19.01:457][195]LogActorComponent: UnregisterComponent: (/Engine/Transient.EditorFloorComp) Not registered. Aborting.
[2018.03.31-15.19.02:428][246]LogActorComponent: UnregisterComponent: (/Engine/Transient.EditorFloorComp) Not registered. Aborting.
[2018.03.31-15.19.05:748][408]Cmd: QUIT_EDITOR
[2018.03.31-15.19.06:412][408]LogWindowsTextInputMethodSystem: Display: IME system now deactivated.
[2018.03.31-15.19.06:413][408]LogWindowsTextInputMethodSystem: Display: IME system now deactivated.
[2018.03.31-15.19.06:456][408]LogExit: Preparing to exit.
[2018.03.31-15.19.07:515][408]LogDirectoryWatcher: A directory notification for 'C:/Users/isma0/Documents/Unreal Projects/RISE-Mobile/RISE_GAME/Content/' was aborted.
[2018.03.31-15.19.07:552][408]LogExit: Editor shut down
[2018.03.31-15.19.07:563][408]LogExit: Transaction tracking system shut down
[2018.03.31-15.19.07:786][408]LogDirectoryWatcher: A directory notification for '../../../Engine/Content/' was aborted.
[2018.03.31-15.19.07:786][408]LogDirectoryWatcher: A directory notification for '../../../../../../Users/isma0/Documents/Unreal Projects/RISE-Mobile/RISE_GAME/Content/' was aborted.
[2018.03.31-15.19.08:016][408]LogExit: Object subsystem successfully closed.
[2018.03.31-15.19.08:040][408]LogD3D11RHI: Shutdown
[2018.03.31-15.19.08:040][408]LogD3D11RHI: CleanupD3DDevice
[2018.03.31-15.19.08:190][408]LogD3D11RHI: ~FD3D11DynamicRHI
[2018.03.31-15.19.08:212][408]LogModuleManager: Shutting down and abandoning module BlueprintGraph (496)
[2018.03.31-15.19.08:212][408]LogModuleManager: Shutting down and abandoning module BlueprintProfiler (494)
[2018.03.31-15.19.08:212][408]LogModuleManager: Shutting down and abandoning module MovieSceneCapture (492)
[2018.03.31-15.19.08:212][408]LogModuleManager: Shutting down and abandoning module HierarchicalLODOutliner (490)
[2018.03.31-15.19.08:212][408]LogModuleManager: Shutting down and abandoning module SceneOutliner (488)
[2018.03.31-15.19.08:212][408]LogModuleManager: Shutting down and abandoning module AddContentDialog (486)
[2018.03.31-15.19.08:212][408]LogDirectoryWatcher: A directory notification for 'C:/Program Files/Epic Games/UE_4.17/FeaturePacks/' was aborted.
[2018.03.31-15.19.08:213][408]LogModuleManager: Shutting down and abandoning module WidgetCarousel (485)
[2018.03.31-15.19.08:213][408]LogModuleManager: Shutting down and abandoning module EditorWidgets (482)
[2018.03.31-15.19.08:213][408]LogModuleManager: Shutting down and abandoning module CollectionManager (480)
[2018.03.31-15.19.08:213][408]LogDirectoryWatcher: A directory notification for 'C:/Users/isma0/Documents/Unreal Projects/RISE-Mobile/RISE_GAME/Content/Collections/' was aborted.
[2018.03.31-15.19.08:213][408]LogDirectoryWatcher: A directory notification for 'C:/Users/isma0/Documents/Unreal Projects/RISE-Mobile/RISE_GAME/Content/Developers/isma0/Collections/' was aborted.
[2018.03.31-15.19.08:213][408]LogDirectoryWatcher: A directory notification for 'C:/Users/isma0/Documents/Unreal Projects/RISE-Mobile/RISE_GAME/Saved/Collections/' was aborted.
[2018.03.31-15.19.08:213][408]LogModuleManager: Shutting down and abandoning module StatsViewer (478)
[2018.03.31-15.19.08:213][408]LogModuleManager: Shutting down and abandoning module FoliageEdit (476)
[2018.03.31-15.19.08:213][408]LogModuleManager: Shutting down and abandoning module LandscapeEditor (474)
[2018.03.31-15.19.08:213][408]LogModuleManager: Shutting down and abandoning module MeshPaintMode (472)
[2018.03.31-15.19.08:213][408]LogModuleManager: Shutting down and abandoning module MeshPaint (471)
[2018.03.31-15.19.08:213][408]LogModuleManager: Shutting down and abandoning module SceneDepthPickerMode (468)
[2018.03.31-15.19.08:213][408]LogModuleManager: Shutting down and abandoning module ActorPickerMode (466)
[2018.03.31-15.19.08:213][408]LogModuleManager: Shutting down and abandoning module GeometryMode (464)
[2018.03.31-15.19.08:213][408]LogModuleManager: Shutting down and abandoning module TextureAlignMode (462)
[2018.03.31-15.19.08:213][408]LogModuleManager: Shutting down and abandoning module BspMode (460)
[2018.03.31-15.19.08:213][408]LogModuleManager: Shutting down and abandoning module PIEPreviewDeviceProfileSelector (458)
[2018.03.31-15.19.08:213][408]LogModuleManager: Shutting down and abandoning module HardwareSurvey (456)
[2018.03.31-15.19.08:213][408]LogModuleManager: Shutting down and abandoning module SequenceRecorderSections (454)
[2018.03.31-15.19.08:213][408]LogModuleManager: Shutting down and abandoning module AutomationWorker (452)
[2018.03.31-15.19.08:213][408]LogModuleManager: Shutting down and abandoning module MatineeToLevelSequence (450)
[2018.03.31-15.19.08:213][408]LogModuleManager: Shutting down and abandoning module LevelSequenceEditor (448)
[2018.03.31-15.19.08:214][408]LogModuleManager: Shutting down and abandoning module PlacementMode (447)
[2018.03.31-15.19.08:214][408]LogModuleManager: Shutting down and abandoning module WmfMediaFactory (444)
[2018.03.31-15.19.08:214][408]LogModuleManager: Shutting down and abandoning module WmfMediaEditor (442)
[2018.03.31-15.19.08:214][408]LogModuleManager: Shutting down and abandoning module AndroidMediaFactory (440)
[2018.03.31-15.19.08:214][408]LogModuleManager: Shutting down and abandoning module Media (439)
[2018.03.31-15.19.08:214][408]LogModuleManager: Shutting down and abandoning module AndroidMediaEditor (436)
[2018.03.31-15.19.08:214][408]LogModuleManager: Shutting down and abandoning module CharacterAI (434)
[2018.03.31-15.19.08:214][408]LogModuleManager: Shutting down and abandoning module AudioCapture (432)
[2018.03.31-15.19.08:214][408]LogModuleManager: Shutting down and abandoning module SequenceRecorder (431)
[2018.03.31-15.19.08:214][408]LogModuleManager: Shutting down and abandoning module SessionServices (428)
[2018.03.31-15.19.08:214][408]LogModuleManager: Shutting down and abandoning module ViewportSnapping (426)
[2018.03.31-15.19.08:214][408]LogModuleManager: Shutting down and abandoning module ViewportInteraction (424)
[2018.03.31-15.19.08:214][408]LogModuleManager: Shutting down and abandoning module ClothPainter (422)
[2018.03.31-15.19.08:214][408]LogModuleManager: Shutting down and abandoning module LogVisualizer (420)
[2018.03.31-15.19.08:214][408]LogModuleManager: Shutting down and abandoning module IntroTutorials (418)
[2018.03.31-15.19.08:214][408]LogModuleManager: Shutting down and abandoning module GameProjectGeneration (417)
[2018.03.31-15.19.08:214][408]LogModuleManager: Shutting down and abandoning module IOSPlatformEditor (414)
[2018.03.31-15.19.08:214][408]LogModuleManager: Shutting down and abandoning module HTML5PlatformEditor (412)
[2018.03.31-15.19.08:214][408]LogModuleManager: Shutting down and abandoning module AndroidPlatformEditor (410)
[2018.03.31-15.19.08:214][408]LogModuleManager: Shutting down and abandoning module AndroidDeviceDetection (409)
[2018.03.31-15.19.08:262][408]LogModuleManager: Shutting down and abandoning module WindowsPlatformEditor (406)
[2018.03.31-15.19.08:262][408]LogModuleManager: Shutting down and abandoning module IOSRuntimeSettings (404)
[2018.03.31-15.19.08:262][408]LogModuleManager: Shutting down and abandoning module AndroidRuntimeSettings (402)
[2018.03.31-15.19.08:262][408]LogModuleManager: Shutting down and abandoning module InputBindingEditor (400)
[2018.03.31-15.19.08:262][408]LogModuleManager: Shutting down and abandoning module MergeActors (398)
[2018.03.31-15.19.08:262][408]LogModuleManager: Shutting down and abandoning module SizeMap (396)
[2018.03.31-15.19.08:262][408]LogModuleManager: Shutting down and abandoning module TreeMap (394)
[2018.03.31-15.19.08:262][408]LogModuleManager: Shutting down and abandoning module ReferenceViewer (392)
[2018.03.31-15.19.08:262][408]LogModuleManager: Shutting down and abandoning module LocalizationDashboard (390)
[2018.03.31-15.19.08:262][408]LogModuleManager: Shutting down and abandoning module LocalizationService (389)
[2018.03.31-15.19.08:262][408]LogModuleManager: Shutting down and abandoning module HardwareTargeting (386)
[2018.03.31-15.19.08:262][408]LogModuleManager: Shutting down and abandoning module DeviceProfileEditor (384)
[2018.03.31-15.19.08:262][408]LogModuleManager: Shutting down and abandoning module UndoHistory (382)
[2018.03.31-15.19.08:262][408]LogModuleManager: Shutting down and abandoning module XmlParser (380)
[2018.03.31-15.19.08:262][408]LogModuleManager: Shutting down and abandoning module Blutility (378)
[2018.03.31-15.19.08:262][408]LogModuleManager: Shutting down and abandoning module ProjectSettingsViewer (376)
[2018.03.31-15.19.08:262][408]LogModuleManager: Shutting down and abandoning module ProjectTargetPlatformEditor (375)
[2018.03.31-15.19.08:262][408]LogModuleManager: Shutting down and abandoning module EditorSettingsViewer (372)
[2018.03.31-15.19.08:262][408]LogModuleManager: Shutting down and abandoning module SettingsEditor (370)
[2018.03.31-15.19.08:262][408]LogModuleManager: Shutting down and abandoning module ProjectLauncher (368)
[2018.03.31-15.19.08:262][408]LogModuleManager: Shutting down and abandoning module SessionFrontend (366)
[2018.03.31-15.19.08:262][408]LogModuleManager: Shutting down and abandoning module ProfilerClient (364)
[2018.03.31-15.19.08:262][408]LogModuleManager: Shutting down and abandoning module DeviceManager (362)
[2018.03.31-15.19.08:262][408]LogModuleManager: Shutting down and abandoning module TargetDeviceServices (361)
[2018.03.31-15.19.08:326][408]LogModuleManager: Shutting down and abandoning module AutomationController (358)
[2018.03.31-15.19.08:326][408]LogModuleManager: Shutting down and abandoning module AutomationWindow (356)
[2018.03.31-15.19.08:326][408]LogModuleManager: Shutting down and abandoning module Layers (354)
[2018.03.31-15.19.08:327][408]LogModuleManager: Shutting down and abandoning module ComponentVisualizers (352)
[2018.03.31-15.19.08:327][408]LogModuleManager: Shutting down and abandoning module DetailCustomizations (350)
[2018.03.31-15.19.08:327][408]LogModuleManager: Shutting down and abandoning module PackagesDialog (348)
[2018.03.31-15.19.08:328][408]LogModuleManager: Shutting down and abandoning module Persona (346)
[2018.03.31-15.19.08:328][408]LogModuleManager: Shutting down and abandoning module AdvancedPreviewScene (345)
[2018.03.31-15.19.08:328][408]LogModuleManager: Shutting down and abandoning module AnimGraph (343)
[2018.03.31-15.19.08:328][408]LogModuleManager: Shutting down and abandoning module Kismet (340)
[2018.03.31-15.19.08:369][408]LogModuleManager: Shutting down and abandoning module LevelEditor (339)
[2018.03.31-15.19.08:373][408]LogModuleManager: Shutting down and abandoning module PixelInspectorModule (338)
[2018.03.31-15.19.08:373][408]LogModuleManager: Shutting down and abandoning module ClassViewer (334)
[2018.03.31-15.19.08:373][408]LogModuleManager: Shutting down and abandoning module Toolbox (332)
[2018.03.31-15.19.08:373][408]LogModuleManager: Shutting down and abandoning module ModuleUI (330)
[2018.03.31-15.19.08:374][408]LogModuleManager: Shutting down and abandoning module MovieSceneTools (328)
[2018.03.31-15.19.08:374][408]LogModuleManager: Shutting down and abandoning module OutputLog (326)
[2018.03.31-15.19.08:374][408]LogModuleManager: Shutting down and abandoning module GammaUI (324)
[2018.03.31-15.19.08:375][408]LogModuleManager: Shutting down and abandoning module Documentation (322)
[2018.03.31-15.19.08:375][408]LogModuleManager: Shutting down and abandoning module MovieSceneTracks (320)
[2018.03.31-15.19.08:376][408]LogModuleManager: Shutting down and abandoning module MovieScene (318)
[2018.03.31-15.19.08:377][408]LogModuleManager: Shutting down and abandoning module GeometryCache (316)
[2018.03.31-15.19.08:377][408]LogModuleManager: Shutting down and abandoning module GeometryCacheEd (315)
[2018.03.31-15.19.08:377][408]LogModuleManager: Shutting down and abandoning module Niagara (312)
[2018.03.31-15.19.08:377][408]LogModuleManager: Shutting down and abandoning module NiagaraEditor (311)
[2018.03.31-15.19.08:377][408]LogModuleManager: Shutting down and abandoning module StreamingPauseRendering (308)
[2018.03.31-15.19.08:377][408]LogModuleManager: Shutting down and abandoning module LauncherPlatform (306)
[2018.03.31-15.19.08:377][408]LogModuleManager: Shutting down and abandoning module AnalyticsET (304)
[2018.03.31-15.19.08:377][408]LogModuleManager: Shutting down and abandoning module PortalServices (302)
[2018.03.31-15.19.08:377][408]LogModuleManager: Shutting down and abandoning module PortalRpc (300)
[2018.03.31-15.19.08:377][408]LogModuleManager: Shutting down and abandoning module MessagingRpc (298)
[2018.03.31-15.19.08:377][408]LogModuleManager: Shutting down and abandoning module AIModule (296)
[2018.03.31-15.19.08:378][408]LogModuleManager: Shutting down and abandoning module GameplayDebugger (295)
[2018.03.31-15.19.08:378][408]LogModuleManager: Shutting down and abandoning module AITestSuite (293)
[2018.03.31-15.19.08:378][408]LogModuleManager: Shutting down and abandoning module ProfilerService (290)
[2018.03.31-15.19.08:418][408]LogModuleManager: Shutting down and abandoning module TaskGraph (288)
[2018.03.31-15.19.08:418][408]LogModuleManager: Shutting down and abandoning module SlateRemote (286)
[2018.03.31-15.19.08:419][408]LogModuleManager: Shutting down and abandoning module ProceduralMeshComponentEditor (284)
[2018.03.31-15.19.08:419][408]LogModuleManager: Shutting down and abandoning module ProceduralMeshComponent (282)
[2018.03.31-15.19.08:419][408]LogModuleManager: Shutting down and abandoning module MobilePatchingUtils (280)
[2018.03.31-15.19.08:419][408]LogModuleManager: Shutting down and abandoning module CableComponent (278)
[2018.03.31-15.19.08:419][408]LogModuleManager: Shutting down and abandoning module ArchVisCharacter (276)
[2018.03.31-15.19.08:420][408]LogModuleManager: Shutting down and abandoning module AndroidPermission (274)
[2018.03.31-15.19.08:420][408]LogModuleManager: Shutting down and abandoning module MediaPlayerEditor (270)
[2018.03.31-15.19.08:420][408]LogModuleManager: Shutting down and abandoning module SpeedTreeImporter (268)
[2018.03.31-15.19.08:420][408]LogModuleManager: Shutting down and abandoning module PluginBrowser (266)
[2018.03.31-15.19.08:421][408]LogModuleManager: Shutting down and abandoning module MainFrame (265)
[2018.03.31-15.19.08:421][408]LogModuleManager: Shutting down and abandoning module MobileLauncherProfileWizard (262)
[2018.03.31-15.19.08:421][408]LogModuleManager: Shutting down and abandoning module VisualStudioSourceCodeAccess (260)
[2018.03.31-15.19.08:422][408]LogModuleManager: Shutting down and abandoning module DesktopPlatform (259)
[2018.03.31-15.19.08:422][408]LogModuleManager: Shutting down and abandoning module HotReload (257)
[2018.03.31-15.19.08:424][408]LogModuleManager: Shutting down and abandoning module UObjectPlugin (254)
[2018.03.31-15.19.08:424][408]LogModuleManager: Shutting down and abandoning module SubversionSourceControl (252)
[2018.03.31-15.19.08:424][408]LogModuleManager: Shutting down and abandoning module PerforceSourceControl (250)
[2018.03.31-15.19.08:424][408]LogModuleManager: Shutting down and abandoning module GitSourceControl (248)
[2018.03.31-15.19.08:424][408]LogModuleManager: Shutting down and abandoning module SourceControl (247)
[2018.03.31-15.19.08:426][408]LogModuleManager: Shutting down and abandoning module LightPropagationVolumeEditor (244)
[2018.03.31-15.19.08:426][408]LogModuleManager: Shutting down and abandoning module RuntimePhysXCooking (242)
[2018.03.31-15.19.08:426][408]LogModuleManager: Shutting down and abandoning module LocationServicesBPLibrary (240)
[2018.03.31-15.19.08:426][408]LogModuleManager: Shutting down and abandoning module ImmediatePhysicsEditor (238)
[2018.03.31-15.19.08:426][408]LogModuleManager: Shutting down and abandoning module ImmediatePhysics (236)
[2018.03.31-15.19.08:426][408]LogModuleManager: Shutting down and abandoning module UdpMessaging (234)
[2018.03.31-15.19.08:527][408]LogModuleManager: Shutting down and abandoning module TcpMessaging (232)
[2018.03.31-15.19.08:628][408]LogModuleManager: Shutting down and abandoning module GameplayTagsEditor (230)
[2018.03.31-15.19.08:628][408]LogModuleManager: Shutting down and abandoning module AssetManagerEditor (228)
[2018.03.31-15.19.08:629][408]LogModuleManager: Shutting down and abandoning module GraphEditor (227)
[2018.03.31-15.19.08:629][408]LogModuleManager: Shutting down and abandoning module ContentBrowser (225)
[2018.03.31-15.19.08:633][408]LogModuleManager: Shutting down and abandoning module LightPropagationVolumeRuntime (222)
[2018.03.31-15.19.08:634][408]LogModuleManager: Shutting down and abandoning module WmfMedia (220)
[2018.03.31-15.19.08:645][408]LogModuleManager: Shutting down and abandoning module PacketHandler (218)
[2018.03.31-15.19.08:645][408]LogModuleManager: Shutting down and abandoning module ClothingSystemEditor (216)
[2018.03.31-15.19.08:646][408]LogModuleManager: Shutting down and abandoning module ClothingSystemRuntime (214)
[2018.03.31-15.19.08:646][408]LogModuleManager: Shutting down and abandoning module Overlay (212)
[2018.03.31-15.19.08:646][408]LogModuleManager: Shutting down and abandoning module OverlayEditor (211)
[2018.03.31-15.19.08:646][408]LogModuleManager: Shutting down and abandoning module MediaAssets (208)
[2018.03.31-15.19.08:646][408]LogModuleManager: Shutting down and abandoning module VREditor (206)
[2018.03.31-15.19.08:647][408]LogModuleManager: Shutting down and abandoning module StringTableEditor (204)
[2018.03.31-15.19.08:647][408]LogModuleManager: Shutting down and abandoning module GameplayTasksEditor (202)
[2018.03.31-15.19.08:648][408]LogModuleManager: Shutting down and abandoning module BehaviorTreeEditor (200)
[2018.03.31-15.19.08:648][408]LogModuleManager: Shutting down and abandoning module FunctionalTesting (198)
[2018.03.31-15.19.08:648][408]LogModuleManager: Shutting down and abandoning module CollisionAnalyzer (196)
[2018.03.31-15.19.08:648][408]LogModuleManager: Shutting down and abandoning module WorkspaceMenuStructure (195)
[2018.03.31-15.19.08:648][408]LogModuleManager: Shutting down and abandoning module UMG (192)
[2018.03.31-15.19.08:649][408]LogModuleManager: Shutting down and abandoning module UMGEditor (191)
[2018.03.31-15.19.08:649][408]LogModuleManager: Shutting down and abandoning module Sequencer (190)
[2018.03.31-15.19.08:649][408]LogModuleManager: Shutting down and abandoning module MessageLog (187)
[2018.03.31-15.19.08:649][408]LogModuleManager: Shutting down and abandoning module SlateReflector (182)
[2018.03.31-15.19.08:649][408]LogModuleManager: Shutting down and abandoning module Slate (180)
[2018.03.31-15.19.08:649][408]LogModuleManager: Shutting down and abandoning module EditorStyle (178)
[2018.03.31-15.19.08:665][408]LogModuleManager: Shutting down and abandoning module MRMesh (176)
[2018.03.31-15.19.08:666][408]LogModuleManager: Shutting down and abandoning module SourceCodeAccess (174)
[2018.03.31-15.19.08:666][408]LogModuleManager: Shutting down and abandoning module HeadMountedDisplay (172)
[2018.03.31-15.19.08:666][408]LogModuleManager: Shutting down and abandoning module XAudio2 (170)
[2018.03.31-15.19.08:666][408]LogModuleManager: Shutting down and abandoning module Networking (168)
[2018.03.31-15.19.08:667][408]LogModuleManager: Shutting down and abandoning module Core (164)
[2018.03.31-15.19.08:667][408]LogModuleManager: Shutting down and abandoning module KismetCompiler (160)
[2018.03.31-15.19.08:667][408]LogModuleManager: Shutting down and abandoning module LevelSequence (158)
[2018.03.31-15.19.08:667][408]LogModuleManager: Shutting down and abandoning module MeshUtilities (156)
[2018.03.31-15.19.08:667][408]LogModuleManager: Shutting down and abandoning module MeshMergeUtilities (155)
[2018.03.31-15.19.08:669][408]LogModuleManager: Shutting down and abandoning module MeshReductionInterface (154)
[2018.03.31-15.19.08:669][408]LogModuleManager: Shutting down and abandoning module SimplygonSwarm (153)
[2018.03.31-15.19.08:669][408]LogModuleManager: Shutting down and abandoning module SimplygonMeshReduction (151)
[2018.03.31-15.19.08:669][408]LogModuleManager: Shutting down and abandoning module QuadricMeshReduction (149)
[2018.03.31-15.19.08:670][408]LogModuleManager: Shutting down and abandoning module MaterialBaking (145)
[2018.03.31-15.19.08:671][408]LogModuleManager: Shutting down and abandoning module DirectoryWatcher (142)
[2018.03.31-15.19.08:677][408]LogModuleManager: Shutting down and abandoning module DerivedDataCache (140)
[2018.03.31-15.19.08:711][408]LogDerivedDataCache: Shutdown
[2018.03.31-15.19.08:711][408]LogModuleManager: Shutting down and abandoning module TargetPlatform (138)
[2018.03.31-15.19.08:711][408]LogModuleManager: Shutting down and abandoning module VulkanShaderFormat (137)
[2018.03.31-15.19.08:711][408]LogModuleManager: Shutting down and abandoning module ShaderFormatVectorVM (135)
[2018.03.31-15.19.08:712][408]LogModuleManager: Shutting down and abandoning module ShaderFormatOpenGL (133)
[2018.03.31-15.19.08:712][408]LogModuleManager: Shutting down and abandoning module ShaderFormatD3D (131)
[2018.03.31-15.19.08:712][408]LogModuleManager: Shutting down and abandoning module MetalShaderFormat (129)
[2018.03.31-15.19.08:712][408]LogModuleManager: Shutting down and abandoning module TextureFormatUncompressed (127)
[2018.03.31-15.19.08:712][408]LogModuleManager: Shutting down and abandoning module TextureFormatPVR (125)
[2018.03.31-15.19.08:712][408]LogModuleManager: Shutting down and abandoning module TextureFormatDXT (123)
[2018.03.31-15.19.08:712][408]LogModuleManager: Shutting down and abandoning module TextureFormatIntelISPCTexComp (121)
[2018.03.31-15.19.08:713][408]LogModuleManager: Shutting down and abandoning module TextureFormatASTC (119)
[2018.03.31-15.19.08:713][408]LogModuleManager: Shutting down and abandoning module ImageWrapper (118)
[2018.03.31-15.19.08:713][408]LogModuleManager: Shutting down and abandoning module TextureFormatAndroid (115)
[2018.03.31-15.19.08:713][408]LogModuleManager: Shutting down and abandoning module AudioFormatOpus (113)
[2018.03.31-15.19.08:713][408]LogModuleManager: Shutting down and abandoning module AudioFormatOgg (111)
[2018.03.31-15.19.08:713][408]LogModuleManager: Shutting down and abandoning module AudioFormatADPCM (109)
[2018.03.31-15.19.08:713][408]LogModuleManager: Shutting down and abandoning module LinuxTargetPlatform (107)
[2018.03.31-15.19.08:713][408]LogModuleManager: Shutting down and abandoning module LinuxServerTargetPlatform (105)
[2018.03.31-15.19.08:713][408]LogModuleManager: Shutting down and abandoning module LinuxNoEditorTargetPlatform (103)
[2018.03.31-15.19.08:714][408]LogModuleManager: Shutting down and abandoning module LinuxClientTargetPlatform (101)
[2018.03.31-15.19.08:714][408]LogModuleManager: Shutting down and abandoning module TVOSTargetPlatform (99)
[2018.03.31-15.19.08:714][408]LogModuleManager: Shutting down and abandoning module Messaging (97)
[2018.03.31-15.19.08:714][408]LogModuleManager: Shutting down and abandoning module IOSTargetPlatform (95)
[2018.03.31-15.19.08:714][408]LogModuleManager: Shutting down and abandoning module HTML5TargetPlatform (93)
[2018.03.31-15.19.08:714][408]LogModuleManager: Shutting down and abandoning module Android_PVRTCTargetPlatform (91)
[2018.03.31-15.19.08:714][408]LogModuleManager: Shutting down and abandoning module Android_MultiTargetPlatform (89)
[2018.03.31-15.19.08:714][408]LogModuleManager: Shutting down and abandoning module Android_ETC2TargetPlatform (87)
[2018.03.31-15.19.08:715][408]LogModuleManager: Shutting down and abandoning module Android_ETC1TargetPlatform (85)
[2018.03.31-15.19.08:715][408]LogModuleManager: Shutting down and abandoning module Android_DXTTargetPlatform (83)
[2018.03.31-15.19.08:715][408]LogModuleManager: Shutting down and abandoning module Android_ATCTargetPlatform (81)
[2018.03.31-15.19.08:715][408]LogModuleManager: Shutting down and abandoning module Android_ASTCTargetPlatform (79)
[2018.03.31-15.19.08:715][408]LogModuleManager: Shutting down and abandoning module AndroidTargetPlatform (77)
[2018.03.31-15.19.08:715][408]LogModuleManager: Shutting down and abandoning module WindowsTargetPlatform (75)
[2018.03.31-15.19.08:715][408]LogModuleManager: Shutting down and abandoning module WindowsServerTargetPlatform (73)
[2018.03.31-15.19.08:715][408]LogModuleManager: Shutting down and abandoning module WindowsNoEditorTargetPlatform (71)
[2018.03.31-15.19.08:715][408]LogModuleManager: Shutting down and abandoning module WindowsClientTargetPlatform (69)
[2018.03.31-15.19.08:716][408]LogModuleManager: Shutting down and abandoning module MacTargetPlatform (67)
[2018.03.31-15.19.08:716][408]LogModuleManager: Shutting down and abandoning module MacServerTargetPlatform (65)
[2018.03.31-15.19.08:716][408]LogModuleManager: Shutting down and abandoning module MacNoEditorTargetPlatform (63)
[2018.03.31-15.19.08:716][408]LogModuleManager: Shutting down and abandoning module MacClientTargetPlatform (61)
[2018.03.31-15.19.08:716][408]LogModuleManager: Shutting down and abandoning module AllDesktopTargetPlatform (59)
[2018.03.31-15.19.08:717][408]LogModuleManager: Shutting down and abandoning module InputCore (56)
[2018.03.31-15.19.08:717][408]LogModuleManager: Shutting down and abandoning module Settings (54)
[2018.03.31-15.19.08:717][408]LogModuleManager: Shutting down and abandoning module PhysXCooking (52)
[2018.03.31-15.19.08:717][408]LogModuleManager: Shutting down and abandoning module ExampleDeviceProfileSelector (50)
[2018.03.31-15.19.08:717][408]LogModuleManager: Shutting down and abandoning module OnlineBlueprintSupport (48)
[2018.03.31-15.19.08:717][408]LogModuleManager: Shutting down and abandoning module OnlineSubsystem (44)
[2018.03.31-15.19.08:717][408]LogOnline: Display: Unloading online subsystem: NULL
[2018.03.31-15.19.08:717][408]LogModuleManager: Shutting down and abandoning module XMPP (43)
[2018.03.31-15.19.08:718][408]LogModuleManager: Shutting down and abandoning module HTTP (41)
[2018.03.31-15.19.08:718][408]LogHttp: Display: Http module shutting down, but needs to wait on 1 outstanding Http requests:
[2018.03.31-15.19.08:718][408]LogHttp: Display: 	verb=[POST] url=[https://datarouter.ol.epicgames.com/datarouter/api/v1/public/data?SessionID=%7BA0A6F1B1-40A0-DD0D-AAE8-71B0FBE527A4%7D&AppID=UEEditor.Rocket.Release&AppVersion=4.17.2-3658906%2B%2B%2BUE4%2BRelease-4.17&UserID=2d21c60542ace5f752753183dc8f18c2%7Ce5af69ae52c34ec8bca2a7c038d1ea3c%7C8aa367c0-17d2-4038-b458-d3f575842514&AppEnvironment=datacollector-binary&UploadType=eteventstream] status=Processing
[2018.03.31-15.19.08:731][408]LogModuleManager: Shutting down and abandoning module SSL (40)
[2018.03.31-15.19.08:738][408]LogModuleManager: Shutting down and abandoning module AnimationModifiers (36)
[2018.03.31-15.19.08:738][408]LogModuleManager: Shutting down and abandoning module PropertyEditor (35)
[2018.03.31-15.19.08:739][408]LogModuleManager: Shutting down and abandoning module AudioEditor (32)
[2018.03.31-15.19.08:739][408]LogModuleManager: Shutting down and abandoning module TextureCompressor (30)
[2018.03.31-15.19.08:739][408]LogModuleManager: Shutting down and abandoning module ShaderCore (28)
[2018.03.31-15.19.08:739][408]LogModuleManager: Shutting down and abandoning module Landscape (26)
[2018.03.31-15.19.08:739][408]LogModuleManager: Shutting down and abandoning module SlateRHIRenderer (24)
[2018.03.31-15.19.08:746][408]LogModuleManager: Shutting down and abandoning module OpenGLDrv (22)
[2018.03.31-15.19.08:746][408]LogModuleManager: Shutting down and abandoning module D3D11RHI (20)
[2018.03.31-15.19.08:746][408]LogModuleManager: Shutting down and abandoning module AnimGraphRuntime (18)
[2018.03.31-15.19.08:746][408]LogModuleManager: Shutting down and abandoning module Renderer (16)
[2018.03.31-15.19.08:746][408]LogModuleManager: Shutting down and abandoning module Engine (14)
[2018.03.31-15.19.08:746][408]LogModuleManager: Shutting down and abandoning module CoreUObject (12)
[2018.03.31-15.19.08:746][408]LogModuleManager: Shutting down and abandoning module NetworkFile (10)
[2018.03.31-15.19.08:747][408]LogModuleManager: Shutting down and abandoning module CookedIterativeFile (8)
[2018.03.31-15.19.08:747][408]LogModuleManager: Shutting down and abandoning module StreamingFile (6)
[2018.03.31-15.19.08:747][408]LogModuleManager: Shutting down and abandoning module SandboxFile (4)
[2018.03.31-15.19.08:747][408]LogModuleManager: Shutting down and abandoning module PakFile (2)
[2018.03.31-15.19.08:755][408]LogExit: Exiting.
[2018.03.31-15.19.08:843][408]Log file closed, 03/31/18 11:19:08
