Log file open, 01/25/18 16:56:11
LogWindows: Failed to load 'aqProf.dll' (GetLastError=126)
LogWindows: File 'aqProf.dll' does not exist
LogWindows: Failed to load 'VSPerf140.dll' (GetLastError=126)
LogWindows: File 'VSPerf140.dll' does not exist
LogWindows: Failed to load 'VtuneApi.dll' (GetLastError=126)
LogWindows: File 'VtuneApi.dll' does not exist
LogWindows: Failed to load 'VtuneApi32e.dll' (GetLastError=126)
LogWindows: File 'VtuneApi32e.dll' does not exist
LogInit: Display: Running engine for game: RISE_GAME
LogPlatformFile: Not using cached read wrapper
LogInit: Display: RandInit(1395160473) SRandInit(1395160473).
LogTaskGraph: Started task graph with 5 named threads and 14 total threads with 3 sets of task threads.
LogStats: Stats thread started at 0.264451
LogD3D11RHI: Aftermath initialized
LogPluginManager: Mounting plugin Paper2D
LogPluginManager: Mounting plugin LightPropagationVolume
LogPluginManager: Mounting plugin CodeLiteSourceCodeAccess
LogPluginManager: Mounting plugin GitSourceControl
LogPluginManager: Mounting plugin KDevelopSourceCodeAccess
LogPluginManager: Mounting plugin NullSourceCodeAccess
LogPluginManager: Mounting plugin PerforceSourceControl
LogPluginManager: Mounting plugin SubversionSourceControl
LogPluginManager: Mounting plugin UObjectPlugin
LogPluginManager: Mounting plugin VisualStudioSourceCodeAccess
LogPluginManager: Mounting plugin XCodeSourceCodeAccess
LogPluginManager: Mounting plugin AssetManagerEditor
LogPluginManager: Mounting plugin AudioCapture
LogPluginManager: Mounting plugin FacialAnimation
LogPluginManager: Mounting plugin GameplayTagsEditor
LogPluginManager: Mounting plugin MobileLauncherProfileWizard
LogPluginManager: Mounting plugin PluginBrowser
LogPluginManager: Mounting plugin SpeedTreeImporter
LogPluginManager: Mounting plugin AlembicImporter
LogPluginManager: Mounting plugin CharacterAI
LogPluginManager: Mounting plugin HTML5Networking
LogPluginManager: Mounting plugin AndroidMedia
LogPluginManager: Mounting plugin AvfMedia
LogPluginManager: Mounting plugin MediaPlayerEditor
LogPluginManager: Mounting plugin WmfMedia
LogPluginManager: Mounting plugin TcpMessaging
LogPluginManager: Mounting plugin UdpMessaging
LogPluginManager: Mounting plugin LevelSequenceEditor
LogPluginManager: Mounting plugin MatineeToLevelSequence
LogPluginManager: Mounting plugin OnlineSubsystemGooglePlay
LogPluginManager: Mounting plugin OnlineSubsystemIOS
LogPluginManager: Mounting plugin OnlineSubsystem
LogPluginManager: Mounting plugin OnlineSubsystemNull
LogPluginManager: Mounting plugin OnlineSubsystemUtils
LogPluginManager: Mounting plugin AndroidDeviceProfileSelector
LogPluginManager: Mounting plugin AndroidMoviePlayer
LogPluginManager: Mounting plugin AndroidPermission
LogPluginManager: Mounting plugin AppleMoviePlayer
LogPluginManager: Mounting plugin ArchVisCharacter
LogPluginManager: Mounting plugin CableComponent
LogPluginManager: Mounting plugin CustomMeshComponent
LogPluginManager: Mounting plugin ExampleDeviceProfileSelector
LogPluginManager: Mounting plugin GoogleCloudMessaging
LogPluginManager: Mounting plugin ImmediatePhysics
LogPluginManager: Mounting plugin IOSDeviceProfileSelector
LogPluginManager: Mounting plugin LinuxDeviceProfileSelector
LogPluginManager: Mounting plugin LocationServicesBPLibrary
LogPluginManager: Mounting plugin MobilePatchingUtils
LogPluginManager: Mounting plugin OculusVR
LogPluginManager: Mounting plugin PhysXVehicles
LogPluginManager: Mounting plugin ProceduralMeshComponent
LogPluginManager: Mounting plugin RuntimePhysXCooking
LogPluginManager: Mounting plugin SteamVR
LogPluginManager: Mounting plugin WindowsMoviePlayer
LogInit: Using libcurl 7.47.1
LogInit:  - built for x86_64-pc-win32
LogInit:  - supports SSL with OpenSSL/1.0.2g
LogInit:  - supports HTTP deflate (compression) using libz 1.2.8
LogInit:  - other features:
LogInit:      CURL_VERSION_SSL
LogInit:      CURL_VERSION_LIBZ
LogInit:      CURL_VERSION_IPV6
LogInit:      CURL_VERSION_ASYNCHDNS
LogInit:      CURL_VERSION_LARGEFILE
LogInit:      CURL_VERSION_IDN
LogInit:  CurlRequestOptions (configurable via config and command line):
LogInit:  - bVerifyPeer = false  - Libcurl will NOT verify peer certificate
LogInit:  - bUseHttpProxy = false  - Libcurl will NOT use HTTP proxy
LogInit:  - bDontReuseConnections = false  - Libcurl will reuse connections
LogInit:  - CertBundlePath = nullptr  - Libcurl will use whatever was configured at build time.
LogInit: Build: ++UE4+Release-4.17-CL-3658906
LogInit: Engine Version: 4.17.2-3658906+++UE4+Release-4.17
LogInit: Compatible Engine Version: 4.17.0-3573198+++UE4+Release-4.17
LogInit: Net CL: 3573198
LogDevObjectVersion: Number of dev versions registered: 16
LogDevObjectVersion:   Dev-Blueprints (B0D832E4-1F89-4F0D-ACCF-7EB736FD4AA2): 10
LogDevObjectVersion:   Dev-Build (E1C64328-A22C-4D53-A36C-8E866417BD8C): 0
LogDevObjectVersion:   Dev-Core (375EC13C-06E4-48FB-B500-84F0262A717E): 2
LogDevObjectVersion:   Dev-Editor (E4B068ED-F494-42E9-A231-DA0B2E46BB41): 20
LogDevObjectVersion:   Dev-Framework (CFFC743F-43B0-4480-9391-14DF171D2073): 28
LogDevObjectVersion:   Dev-Mobile (B02B49B5-BB20-44E9-A304-32B752E40360): 0
LogDevObjectVersion:   Dev-Networking (A4E4105C-59A1-49B5-A7C5-40C4547EDFEE): 0
LogDevObjectVersion:   Dev-Online (39C831C9-5AE6-47DC-9A44-9C173E1C8E7C): 0
LogDevObjectVersion:   Dev-Physics (78F01B33-EBEA-4F98-B9B4-84EACCB95AA2): 0
LogDevObjectVersion:   Dev-Platform (6631380F-2D4D-43E0-8009-CF276956A95A): 0
LogDevObjectVersion:   Dev-Rendering (12F88B9F-8875-4AFC-A67C-D90C383ABD29): 19
LogDevObjectVersion:   Dev-Sequencer (7B5AE74C-D270-4C10-A958-57980B212A5A): 4
LogDevObjectVersion:   Dev-VR (D7296918-1DD6-4BDD-9DE2-64A83CC13884): 0
LogDevObjectVersion:   Dev-LoadTimes (C2A15278-BFE7-4AFE-6C17-90FF531DF755): 1
LogDevObjectVersion:   Private-Geometry (6EACA3D4-40EC-4CC1-B786-8BED09428FC5): 1
LogDevObjectVersion:   Dev-AnimPhys (29E575DD-E0A3-4627-9D10-D276232CDCEA): 7
LogInit: Compiled (64-bit): Sep 22 2017 13:47:16
LogInit: Compiled with Visual C++: 19.00.24215.01
LogInit: Build Configuration: Development
LogInit: Branch Name: ++UE4+Release-4.17
LogInit: Command line:  
LogInit: Base directory: C:/Program Files/Epic Games/UE_4.17/Engine/Binaries/Win64/
LogInit: Installed Engine Build: 1
LogInit: Presizing for max 8388607 objects, including 0 objects not considered by GC, pre-allocating 0 bytes for permanent pool.
LogInit: Object subsystem initialized
[2018.01.25-20.56.13:643][  0]LogInit: Selected Device Profile: [Windows]
[2018.01.25-20.56.13:643][  0]LogInit: Applying CVar settings loaded from the selected device profile: [Windows]
[2018.01.25-20.56.13:755][  0]LogInit: Computer: LAPTOP-FV6L4TLG
[2018.01.25-20.56.13:755][  0]LogInit: User: kreye
[2018.01.25-20.56.13:755][  0]LogInit: CPU Page size=4096, Cores=4
[2018.01.25-20.56.13:755][  0]LogInit: High frequency timer resolution =2.339360 MHz
[2018.01.25-20.56.13:755][  0]LogMemory: Memory total: Physical=11.5GB (12GB approx)
[2018.01.25-20.56.13:755][  0]LogMemory: Platform Memory Stats for Windows
[2018.01.25-20.56.13:755][  0]LogMemory: Process Physical Memory: 277.75 MB used, 277.75 MB peak
[2018.01.25-20.56.13:756][  0]LogMemory: Process Virtual Memory: 274.20 MB used, 274.20 MB peak
[2018.01.25-20.56.13:756][  0]LogMemory: Physical Memory: 3904.28 MB used,  7838.84 MB free, 11743.12 MB total
[2018.01.25-20.56.13:756][  0]LogMemory: Virtual Memory: 667.89 MB used,  7838.84 MB free, 134217728.00 MB total
[2018.01.25-20.56.14:279][  0]LogInit: Using OS detected language (en-US).
[2018.01.25-20.56.14:279][  0]LogInit: Using OS detected locale (en-US).
[2018.01.25-20.56.14:287][  0]LogTextLocalizationManager: No specific localization for 'en-US' exists, so the 'en' localization will be used.
[2018.01.25-20.56.15:790][  0]LogD3D11RHI: D3D11 adapters:
[2018.01.25-20.56.15:817][  0]LogD3D11RHI:    0. 'AMD Radeon(TM) R5 Graphics' (Feature Level 11_0)
[2018.01.25-20.56.15:817][  0]LogD3D11RHI:       499/0/5871 MB DedicatedVideo/DedicatedSystem/SharedSystem, Outputs:1, VendorId:0x1002
[2018.01.25-20.56.15:821][  0]LogD3D11RHI:    1. 'Microsoft Basic Render Driver' (Feature Level 11_0)
[2018.01.25-20.56.15:821][  0]LogD3D11RHI:       0/0/5871 MB DedicatedVideo/DedicatedSystem/SharedSystem, Outputs:0, VendorId:0x1414
[2018.01.25-20.56.15:821][  0]LogD3D11RHI: Chosen D3D11 Adapter: 0
[2018.01.25-20.56.15:835][  0]LogD3D11RHI: Creating new Direct3DDevice
[2018.01.25-20.56.15:836][  0]LogD3D11RHI:     GPU DeviceId: 0x9874 (for the marketing name, search the web for "GPU Device Id")
[2018.01.25-20.56.15:836][  0]LogWindows: EnumDisplayDevices:
[2018.01.25-20.56.15:836][  0]LogWindows:    0. 'AMD Radeon(TM) R5 Graphics' (P:1 D:1)
[2018.01.25-20.56.15:837][  0]LogWindows:    1. 'AMD Radeon(TM) R5 Graphics' (P:0 D:0)
[2018.01.25-20.56.15:837][  0]LogWindows:    2. 'AMD Radeon(TM) R5 Graphics' (P:0 D:0)
[2018.01.25-20.56.15:838][  0]LogWindows: DebugString: FoundDriverCount:3 
[2018.01.25-20.56.15:838][  0]LogD3D11RHI:     Adapter Name: AMD Radeon(TM) R5 Graphics
[2018.01.25-20.56.15:838][  0]LogD3D11RHI:   Driver Version: Crimson 16.6 (internal:16.300.2701.0, unified:16.300.2701.0)
[2018.01.25-20.56.15:838][  0]LogD3D11RHI:      Driver Date: 8-9-2016
[2018.01.25-20.56.15:838][  0]LogRHI: Texture pool is 349 MB (70% of 499 MB)
[2018.01.25-20.56.15:911][  0]LogD3D11RHI: Async texture creation enabled
[2018.01.25-20.56.15:931][  0]LogD3D11RHI: GPU Timing Frequency: 100.000000 (Debug: 2 1)
[2018.01.25-20.56.15:933][  0]LogShaderCompilers: Guid format shader working directory is 14 characters bigger than the processId version (G:/GitHub/RISE-Mobile/RISE_GAME/Intermediate/Shaders/WorkingDirectory/10908/).
[2018.01.25-20.56.15:934][  0]LogShaderCompilers: Cleaned the shader compiler working directory 'C:/Users/kreye/AppData/Local/Temp/UnrealShaderWorkingDir/EB2B4AAA4378DFD6E1E94DA52C4C150F/'.
[2018.01.25-20.56.15:934][  0]LogShaderCompilers: Display: Using Local Shader Compiler.
[2018.01.25-20.56.18:377][  0]LogTemp: Display: Loaded TP AllDesktopTargetPlatform
[2018.01.25-20.56.18:566][  0]LogTemp: Display: Loaded TP MacClientTargetPlatform
[2018.01.25-20.56.18:721][  0]LogTemp: Display: Loaded TP MacNoEditorTargetPlatform
[2018.01.25-20.56.18:887][  0]LogTemp: Display: Loaded TP MacServerTargetPlatform
[2018.01.25-20.56.19:044][  0]LogTemp: Display: Loaded TP MacTargetPlatform
[2018.01.25-20.56.19:211][  0]LogTemp: Display: Loaded TP WindowsClientTargetPlatform
[2018.01.25-20.56.19:373][  0]LogTemp: Display: Loaded TP WindowsNoEditorTargetPlatform
[2018.01.25-20.56.19:529][  0]LogTemp: Display: Loaded TP WindowsServerTargetPlatform
[2018.01.25-20.56.19:660][  0]LogTemp: Display: Loaded TP WindowsTargetPlatform
[2018.01.25-20.56.19:809][  0]LogTemp: Display: Loaded TP AndroidTargetPlatform
[2018.01.25-20.56.19:954][  0]LogTemp: Display: Loaded TP Android_ASTCTargetPlatform
[2018.01.25-20.56.20:091][  0]LogTemp: Display: Loaded TP Android_ATCTargetPlatform
[2018.01.25-20.56.20:225][  0]LogTemp: Display: Loaded TP Android_DXTTargetPlatform
[2018.01.25-20.56.20:350][  0]LogTemp: Display: Loaded TP Android_ETC1TargetPlatform
[2018.01.25-20.56.20:484][  0]LogTemp: Display: Loaded TP Android_ETC2TargetPlatform
[2018.01.25-20.56.20:744][  0]LogTemp: Display: Loaded TP Android_MultiTargetPlatform
[2018.01.25-20.56.20:744][  0]LogTemp: Display: Loaded TP Android_PVRTCTargetPlatform
[2018.01.25-20.56.20:845][  0]LogTemp: Display: Loaded TP HTML5TargetPlatform
[2018.01.25-20.56.21:050][  0]LogTemp: Display: Loaded TP IOSTargetPlatform
[2018.01.25-20.56.21:124][  0]LogTemp: Display: Loaded TP TVOSTargetPlatform
[2018.01.25-20.56.21:249][  0]LogTemp: Display: Loaded TP LinuxClientTargetPlatform
[2018.01.25-20.56.21:375][  0]LogTemp: Display: Loaded TP LinuxNoEditorTargetPlatform
[2018.01.25-20.56.21:496][  0]LogTemp: Display: Loaded TP LinuxServerTargetPlatform
[2018.01.25-20.56.21:609][  0]LogTemp: Display: Loaded TP LinuxTargetPlatform
[2018.01.25-20.56.21:610][  0]LogTargetPlatformManager: Display: Building Assets For Windows
[2018.01.25-20.56.23:040][  0]LogDerivedDataCache: Display: Max Cache Size: 512 MB
[2018.01.25-20.56.23:296][  0]LogDerivedDataCache: Loaded boot cache 0.26s 93MB C:/Users/kreye/AppData/Local/UnrealEngine/4.17/DerivedDataCache/Boot.ddc.
[2018.01.25-20.56.23:296][  0]LogDerivedDataCache: Display: Loaded Boot cache: C:/Users/kreye/AppData/Local/UnrealEngine/4.17/DerivedDataCache/Boot.ddc
[2018.01.25-20.56.23:296][  0]LogDerivedDataCache: FDerivedDataBackendGraph:  Pak pak cache file G:/GitHub/RISE-Mobile/RISE_GAME/DerivedDataCache/DDC.ddp not found, will not use a pak cache.
[2018.01.25-20.56.23:296][  0]LogDerivedDataCache: Unable to find inner node Pak for hierarchical cache Hierarchy.
[2018.01.25-20.56.23:296][  0]LogDerivedDataCache: FDerivedDataBackendGraph:  CompressedPak pak cache file G:/GitHub/RISE-Mobile/RISE_GAME/DerivedDataCache/Compressed.ddp not found, will not use a pak cache.
[2018.01.25-20.56.23:296][  0]LogDerivedDataCache: Unable to find inner node CompressedPak for hierarchical cache Hierarchy.
[2018.01.25-20.56.23:325][  0]LogDerivedDataCache: Display: Pak cache opened for reading ../../../Engine/DerivedDataCache/Compressed.ddp.
[2018.01.25-20.56.23:338][  0]LogDerivedDataCache: Using Local data cache path C:/Users/kreye/AppData/Local/UnrealEngine/Common/DerivedDataCache: Writable
[2018.01.25-20.56.23:363][  0]LogMaterial: Verifying Global Shaders for PCD3D_SM5
[2018.01.25-20.56.23:363][  0]LogSlate: Using Freetype 2.6.0
[2018.01.25-20.56.23:365][  0]LogSlate: SlateFontCache - WITH_FREETYPE: 1, WITH_HARFBUZZ: 1
[2018.01.25-20.56.23:365][  0]LogSlate: SlateFontCache - WITH_FREETYPE: 1, WITH_HARFBUZZ: 1
[2018.01.25-20.56.24:006][  0]LogAssetRegistry: FAssetRegistry took 0.0319 seconds to start up
[2018.01.25-20.56.24:339][  0]LogInit: Selected Device Profile: [Windows]
[2018.01.25-20.56.25:628][  0]LogSimplygon: Simplygon DLL not present - disabling.
[2018.01.25-20.56.25:774][  0]LogMeshReduction: Using SimplygonSwarm for distributed automatic mesh merging
[2018.01.25-20.56.25:774][  0]LogMeshReduction: Using QuadricMeshReduction for automatic static mesh reduction
[2018.01.25-20.56.25:774][  0]LogMeshReduction: No automatic skeletal mesh reduction module available
[2018.01.25-20.56.25:774][  0]LogMeshReduction: No automatic mesh merging module available
[2018.01.25-20.56.25:774][  0]LogMeshMerging: No automatic mesh merging module available
[2018.01.25-20.56.25:835][  0]LogContentStreaming: Texture pool size is 0.00 MB
[2018.01.25-20.56.26:903][  0]LogNetVersion: RISE_GAME , NetCL: 3573198, EngineNetVer: 2, GameNetVer: 0 (Checksum: 1739909859)
[2018.01.25-20.56.27:853][  0]LogPackageLocalizationCache: Processed 5 localized package path(s) for 2 prioritized culture(s) in 0.348002 seconds
[2018.01.25-20.56.27:866][  0]LogUObjectArray: 35825 objects as part of root set at end of initial load.
[2018.01.25-20.56.27:866][  0]LogUObjectAllocator: 7529112 out of 0 bytes used by permanent object pool.
[2018.01.25-20.56.27:866][  0]LogUObjectArray: CloseDisregardForGC: 0/0 objects in disregard for GC pool
[2018.01.25-20.56.28:079][  0]LogInit: WinSock: version 1.1 (2.2), MaxSocks=32767, MaxUdp=65467
[2018.01.25-20.56.35:186][  0]LogTcpMessaging: Initializing TcpMessaging bridge
[2018.01.25-20.56.35:286][  0]LogUdpMessaging: Initializing bridge on interface 0.0.0.0:0 to multicast group 230.0.0.1:6666.
[2018.01.25-20.56.35:288][  0]FUdpSocketBuilder: Failed to subscribe UdpMessageMulticastSocket to multicast group 230.0.0.1
[2018.01.25-20.56.35:288][  0]FUdpSocketBuilder: Failed to create and initialize socket UdpMessageMulticastSocket (last error: 0)
[2018.01.25-20.56.35:288][  0]LogUdpMessaging: Warning: StartTransport failed to create multicast socket on 0.0.0.0:0, joined to 230.0.0.1:6666 with TTL 1
[2018.01.25-20.56.37:155][  0]LogMaterial: Uniform references updated for custom material expression Custom.
[2018.01.25-20.56.38:314][  0]SourceControl: Source control is disabled
[2018.01.25-20.56.38:314][  0]SourceControl: Source control is disabled
[2018.01.25-20.56.38:477][  0]SourceControl: Source control is disabled
[2018.01.25-20.56.38:643][  0]SourceControl: Source control is disabled
[2018.01.25-20.56.40:515][  0]LogAndroidPermission: UAndroidPermissionCallbackProxy::GetInstance
[2018.01.25-20.56.41:301][  0]LogOcInput: OculusInput pre-init called
[2018.01.25-20.56.42:065][  0]LogEngine: Initializing Engine...
[2018.01.25-20.56.42:069][  0]LogHMD: Failed to initialize OpenVR with code 110
[2018.01.25-20.56.42:666][  0]LogStats: UGameplayTagsManager::ConstructGameplayTagTree: Construct from data asset -  0.000 s
[2018.01.25-20.56.42:666][  0]LogStats: UGameplayTagsManager::ConstructGameplayTagTree: GameplayTagTreeChangedEvent.Broadcast -  0.000 s
[2018.01.25-20.56.43:139][  0]LogAIModule: Creating AISystem for world Untitled
[2018.01.25-20.56.43:155][  0]LogInit: XAudio2 using 'Speaker/Headphone (Realtek High Definition Audio)' : 2 channels at 48 kHz using 32 bits per sample (channel mask 0x3)
[2018.01.25-20.56.43:197][  0]LogInit: FAudioDevice initialized.
[2018.01.25-20.56.43:465][  0]LogDerivedDataCache: Saved boot cache 0.27s 93MB C:/Users/kreye/AppData/Local/UnrealEngine/4.17/DerivedDataCache/Boot.ddc.
[2018.01.25-20.56.43:530][  0]LogInit: Texture streaming: Enabled
[2018.01.25-20.56.43:970][  0]LogEngineSessionManager: EngineSessionManager initialized
[2018.01.25-20.56.44:856][  0]LogInit: Transaction tracking system initialized
[2018.01.25-20.56.45:945][  0]BlueprintLog: New page: Editor Load
[2018.01.25-20.56.49:206][  0]LocalizationService: Localization service is disabled
[2018.01.25-20.56.51:645][  0]LogConsoleResponse: Display: 
[2018.01.25-20.56.52:108][  0]LogCook: Display: Max memory allowance for cook 16384mb min free memory 0mb
[2018.01.25-20.56.52:108][  0]LogCook: Display: Mobile HDR setting 1
[2018.01.25-20.56.52:108][  0]LogGameplayTags: Display: UGameplayTagsManager::DoneAddingNativeTags. DelegateIsBound: 0
[2018.01.25-20.56.52:305][  0]LogFileCache: Scanning file cache for directory 'G:/GitHub/RISE-Mobile/RISE_GAME/Content/' took 0.02s
[2018.01.25-20.56.55:576][  0]SourceControl: Source control is disabled
[2018.01.25-20.56.55:576][  0]Cmd: MAP LOAD FILE="G:/GitHub/RISE-Mobile/RISE_GAME/Content/SideScrollerBP/Maps/SideScrollerExampleMap.umap" TEMPLATE=0 SHOWPROGRESS=1 FEATURELEVEL=3
[2018.01.25-20.56.55:577][  0]LightingResults: New page: Lighting Build
[2018.01.25-20.56.55:693][  0]MapCheck: New page: Map Check
[2018.01.25-20.56.55:693][  0]LightingResults: New page: Lighting Build
[2018.01.25-20.56.57:389][  0]LogAIModule: Creating AISystem for world SideScrollerExampleMap
[2018.01.25-20.56.57:409][  0]LogEditorServer: Finished looking for orphan Actors (0.000 secs)
[2018.01.25-20.56.57:494][  0]Cmd: MAP CHECKDEP NOCLEARLOG
[2018.01.25-20.56.57:657][  0]MapCheck: Map check complete: 0 Error(s), 0 Warning(s), took 162.603ms to complete.
[2018.01.25-20.56.57:657][  0]LogFileHelpers: Loading map 'SideScrollerExampleMap' took 2.081
[2018.01.25-20.56.57:968][  0]LogCollectionManager: Loaded 0 collections in 0.004897 seconds
[2018.01.25-20.56.58:163][  0]LogFileCache: Scanning file cache for directory 'G:/GitHub/RISE-Mobile/RISE_GAME/Saved/Collections/' took 0.01s
[2018.01.25-20.56.58:163][  0]LogFileCache: Scanning file cache for directory 'G:/GitHub/RISE-Mobile/RISE_GAME/Content/Developers/kreye/Collections/' took 0.01s
[2018.01.25-20.56.58:163][  0]LogFileCache: Scanning file cache for directory 'G:/GitHub/RISE-Mobile/RISE_GAME/Content/Collections/' took 0.01s
[2018.01.25-20.56.58:163][  0]LogCollectionManager: Rebuilt the GUID cache for 0 collections in 0.000001 seconds
[2018.01.25-20.56.58:188][  0]LogContentBrowser: Native class hierarchy populated in 0.0241 seconds. Added 2386 classes and 500 folders.
[2018.01.25-20.56.58:415][  0]LogContentBrowser: Native class hierarchy updated for 'WidgetCarousel' in 0.0020 seconds. Added 0 classes and 0 folders.
[2018.01.25-20.56.58:566][  0]LogContentBrowser: Native class hierarchy updated for 'AddContentDialog' in 0.0022 seconds. Added 0 classes and 0 folders.
[2018.01.25-20.56.58:714][  0]LogContentBrowser: Native class hierarchy updated for 'SceneOutliner' in 0.0021 seconds. Added 1 classes and 2 folders.
[2018.01.25-20.56.58:909][  0]LogSlate: Took 0.000701 seconds to synchronously load lazily loaded font '../../../Engine/Content/Slate/Fonts/Roboto-Regular.ttf' (155K)
[2018.01.25-20.56.58:914][  0]LogSlate: Took 0.000523 seconds to synchronously load lazily loaded font '../../../Engine/Content/Slate/Fonts/Roboto-Bold.ttf' (160K)
[2018.01.25-20.56.58:924][  0]LogSlate: Took 0.000485 seconds to synchronously load lazily loaded font '../../../Engine/Content/Editor/Slate/Fonts/FontAwesome.ttf' (139K)
[2018.01.25-20.56.59:145][  0]LogRenderer: Reallocating scene render targets to support 920x316 Format 10 NumSamples 1 (Frame:1).
[2018.01.25-20.57.00:316][  0]LogContentBrowser: Native class hierarchy updated for 'HierarchicalLODOutliner' in 0.0021 seconds. Added 1 classes and 2 folders.
[2018.01.25-20.57.00:316][  0]LogLoad: (Engine Initialization) Total time: 51.11 seconds
[2018.01.25-20.57.00:316][  0]LogLoad: (Engine Initialization) Total Blueprint compile time: 0.00 seconds
[2018.01.25-20.57.00:317][  0]LogExternalProfiler: No external profilers were discovered.  External profiling features will not be available.
[2018.01.25-20.57.00:705][  0]LogContentStreaming: Texture pool size now 1000 MB
[2018.01.25-20.57.00:886][  0]LogRenderer: Reallocating scene render targets to support 920x368 Format 10 NumSamples 1 (Frame:3).
[2018.01.25-20.57.00:886][  0]LogSlate: Took 0.000466 seconds to synchronously load lazily loaded font '../../../Engine/Content/Slate/Fonts/Roboto-Light.ttf' (159K)
[2018.01.25-20.57.02:344][  5]LogAssetRegistry: Asset discovery search completed in 38.3603 seconds
[2018.01.25-20.57.02:350][  5]LogCollectionManager: Rebuilt the object cache for 0 collections in 0.000001 seconds (found 0 objects)
[2018.01.25-20.57.02:350][  5]LogCollectionManager: Fixed up redirectors for 0 collections in 0.000165 seconds (updated 0 objects)
[2018.01.25-20.57.37:004][359]LogSlate: Took 0.000383 seconds to synchronously load lazily loaded font '../../../Engine/Content/Slate/Fonts/Roboto-Light.ttf' (159K)
[2018.01.25-20.57.37:689][359]LogSlate: Took 0.000389 seconds to synchronously load lazily loaded font '../../../Engine/Content/Slate/Fonts/Roboto-Regular.ttf' (155K)
[2018.01.25-20.57.38:649][360]LogRenderer: Reallocating scene render targets to support 920x652 Format 10 NumSamples 1 (Frame:1).
[2018.01.25-20.57.40:619][426]LogSlate: Took 0.000451 seconds to synchronously load lazily loaded font '../../../Engine/Content/Slate/Fonts/Roboto-Light.ttf' (159K)
[2018.01.25-20.57.42:303][519]LogLinker: Warning: Can't find file '/Game/StarterContent/Textures/T_MacroVariation'
[2018.01.25-20.57.42:304][519]LogLinker: Warning: Can't find file for asset '/Game/StarterContent/Textures/T_MacroVariation' while loading G:/GitHub/RISE-Mobile/RISE_GAME/Content/RISE/3DModels/Materials/M_Wood_Oak.uasset.
[2018.01.25-20.57.42:304][519]LoadErrors: Error: /Game/RISE/3DModels/Materials/M_Wood_Oak : Can't find file for asset. /Game/StarterContent/Textures/T_MacroVariation
[2018.01.25-20.57.42:304][519]LogLinker: Warning: Can't find file '/Game/StarterContent/Textures/T_Wood_Oak_D'
[2018.01.25-20.57.42:304][519]LogLinker: Warning: Can't find file for asset '/Game/StarterContent/Textures/T_Wood_Oak_D' while loading G:/GitHub/RISE-Mobile/RISE_GAME/Content/RISE/3DModels/Materials/M_Wood_Oak.uasset.
[2018.01.25-20.57.42:304][519]LoadErrors: Error: /Game/RISE/3DModels/Materials/M_Wood_Oak : Can't find file for asset. /Game/StarterContent/Textures/T_Wood_Oak_D
[2018.01.25-20.57.42:304][519]LogLinker: Warning: Can't find file '/Game/StarterContent/Textures/T_Wood_Oak_N'
[2018.01.25-20.57.42:305][519]LogLinker: Warning: Can't find file for asset '/Game/StarterContent/Textures/T_Wood_Oak_N' while loading G:/GitHub/RISE-Mobile/RISE_GAME/Content/RISE/3DModels/Materials/M_Wood_Oak.uasset.
[2018.01.25-20.57.42:305][519]LoadErrors: Error: /Game/RISE/3DModels/Materials/M_Wood_Oak : Can't find file for asset. /Game/StarterContent/Textures/T_Wood_Oak_N
[2018.01.25-20.57.42:305][519]LogLinker: Warning: Can't find file '/Game/StarterContent/Textures/T_MacroVariation'
[2018.01.25-20.57.42:305][519]LogLinker: Warning: Can't find file for asset '/Game/StarterContent/Textures/T_MacroVariation' while loading G:/GitHub/RISE-Mobile/RISE_GAME/Content/RISE/3DModels/Materials/M_Wood_Oak.uasset.
[2018.01.25-20.57.42:305][519]LogLinker: Warning: Can't find file '/Game/StarterContent/Textures/T_Wood_Oak_D'
[2018.01.25-20.57.42:306][519]LogLinker: Warning: Can't find file for asset '/Game/StarterContent/Textures/T_Wood_Oak_D' while loading G:/GitHub/RISE-Mobile/RISE_GAME/Content/RISE/3DModels/Materials/M_Wood_Oak.uasset.
[2018.01.25-20.57.42:306][519]LogLinker: Warning: Can't find file '/Game/StarterContent/Textures/T_Wood_Oak_N'
[2018.01.25-20.57.42:306][519]LogLinker: Warning: Can't find file for asset '/Game/StarterContent/Textures/T_Wood_Oak_N' while loading G:/GitHub/RISE-Mobile/RISE_GAME/Content/RISE/3DModels/Materials/M_Wood_Oak.uasset.
[2018.01.25-20.57.42:310][519]LogLinker: Warning: Can't find file '/Game/StarterContent/Textures/T_Wood_Oak_D'
[2018.01.25-20.57.42:311][519]LoadErrors: Failed to load /Game/StarterContent/Textures/T_Wood_Oak_D.T_Wood_Oak_D Referenced by MaterialExpressionTextureSample_82
[2018.01.25-20.57.42:311][519]LogLinker: Warning: Can't find file for asset '/Game/StarterContent/Textures/T_Wood_Oak_D' while loading NULL.
[2018.01.25-20.57.42:311][519]LogLinker: Warning: Can't find file '/Game/StarterContent/Textures/T_Wood_Oak_N'
[2018.01.25-20.57.42:311][519]LoadErrors: Failed to load /Game/StarterContent/Textures/T_Wood_Oak_N.T_Wood_Oak_N Referenced by MaterialExpressionTextureSample_83
[2018.01.25-20.57.42:312][519]LogLinker: Warning: Can't find file for asset '/Game/StarterContent/Textures/T_Wood_Oak_N' while loading NULL.
[2018.01.25-20.57.42:312][519]LogLinker: Warning: Can't find file '/Game/StarterContent/Textures/T_MacroVariation'
[2018.01.25-20.57.42:312][519]LoadErrors: Failed to load /Game/StarterContent/Textures/T_MacroVariation.T_MacroVariation Referenced by MaterialExpressionTextureSample_85
[2018.01.25-20.57.42:312][519]LogLinker: Warning: Can't find file for asset '/Game/StarterContent/Textures/T_MacroVariation' while loading NULL.
[2018.01.25-20.57.42:313][519]LogLinker: Warning: Can't find file '/Game/StarterContent/Textures/T_MacroVariation'
[2018.01.25-20.57.42:313][519]LoadErrors: Failed to load /Game/StarterContent/Textures/T_MacroVariation.T_MacroVariation Referenced by MaterialExpressionTextureSample_86
[2018.01.25-20.57.42:313][519]LogLinker: Warning: Can't find file for asset '/Game/StarterContent/Textures/T_MacroVariation' while loading NULL.
[2018.01.25-20.57.42:314][519]LogLinker: Warning: Can't find file '/Game/StarterContent/Textures/T_MacroVariation'
[2018.01.25-20.57.42:314][519]LoadErrors: Failed to load /Game/StarterContent/Textures/T_MacroVariation.T_MacroVariation Referenced by MaterialExpressionTextureSample_87
[2018.01.25-20.57.42:314][519]LogLinker: Warning: Can't find file for asset '/Game/StarterContent/Textures/T_MacroVariation' while loading NULL.
[2018.01.25-20.57.42:374][519]LogMaterial: Missing cached shader map for material M_Wood_Oak, compiling. 
[2018.01.25-20.57.42:415][519]LogMaterial: Warning: Failed to compile Material /Game/RISE/3DModels/Materials/M_Wood_Oak.M_Wood_Oak for platform PCD3D_SM5, Default Material will be used in game.
[2018.01.25-20.57.42:415][519]LogMaterial: Warning: 	(Node TextureSample) Texture Sample> Missing input texture
[2018.01.25-20.57.48:953][794]Cmd: OBJ SAVEPACKAGE PACKAGE="/Game/RISE/3DModels/Spiked_Log" FILE="G:/GitHub/RISE-Mobile/RISE_GAME/Content/RISE/3DModels/Spiked_Log.uasset" SILENT=true
[2018.01.25-20.57.49:064][794]LogSavePackage: Save=53.76ms
[2018.01.25-20.57.49:064][794]LogSavePackage: Moving 'G:/GitHub/RISE-Mobile/RISE_GAME/Saved/Spiked_LogBE55D011472638167B333B9755951421.tmp' to 'G:/GitHub/RISE-Mobile/RISE_GAME/Content/RISE/3DModels/Spiked_Log.uasset'
[2018.01.25-20.57.49:074][794]LogSavePackage: Display: Finished SavePackage G:/GitHub/RISE-Mobile/RISE_GAME/Content/RISE/3DModels/Spiked_Log.uasset
[2018.01.25-20.57.52:384][875]LogContentBrowser: Native class hierarchy updated for 'MaterialEditor' in 0.0017 seconds. Added 1 classes and 0 folders.
[2018.01.25-20.57.52:416][875]LogMaterial: Missing cached shader map for material M_Wood_Oak, compiling. 
[2018.01.25-20.57.52:417][875]LogMaterial: Warning: Failed to compile Material /Engine/Transient.M_Wood_Oak for platform PCD3D_SM5, Default Material will be used in game.
[2018.01.25-20.57.52:417][875]LogMaterial: Warning: 	(Node TextureSample) Texture Sample> Missing input texture
[2018.01.25-20.57.52:758][875]LogMaterial: Missing cached shader map for material M_Wood_Oak, compiling. 
[2018.01.25-20.57.52:759][875]LogMaterial: Warning: Failed to compile Material /Engine/Transient.M_Wood_Oak for platform PCD3D_SM5, Default Material will be used in game.
[2018.01.25-20.57.52:759][875]LogMaterial: Warning: 	(Node TextureSample) Texture Sample> Missing input texture
[2018.01.25-20.57.52:785][875]LogMaterial: Missing cached shader map for material M_Wood_Oak, compiling. 
[2018.01.25-20.57.52:786][875]LogMaterial: Warning: Failed to compile Material /Engine/Transient.M_Wood_Oak for platform PCD3D_SM5, Default Material will be used in game.
[2018.01.25-20.57.52:786][875]LogMaterial: Warning: 	(Node TextureSample) Texture Sample> Missing input texture
[2018.01.25-20.57.52:827][875]LogMaterial: Missing cached shader map for material FMatExpressionPreview MaterialExpressionTextureSample_83, compiling. 
[2018.01.25-20.57.52:830][875]LogMaterial: Missing cached shader map for material FMatExpressionPreview MaterialExpressionTextureSample_82, compiling. 
[2018.01.25-20.57.52:832][875]LogMaterial: Missing cached shader map for material FMatExpressionPreview MaterialExpressionTextureSample_85, compiling. 
[2018.01.25-20.57.52:835][875]LogMaterial: Missing cached shader map for material FMatExpressionPreview MaterialExpressionTextureSample_86, compiling. 
[2018.01.25-20.57.52:837][875]LogMaterial: Missing cached shader map for material FMatExpressionPreview MaterialExpressionTextureSample_87, compiling. 
[2018.01.25-20.57.52:840][875]LogMaterial: Missing cached shader map for material FMatExpressionPreview MaterialExpressionConstant3Vector_30, compiling. 
[2018.01.25-20.57.52:879][875]MaterialEditorStats: Error: [SM5] (Node TextureSample) Texture Sample> Missing input texture
[2018.01.25-20.57.52:885][875]LogSlate: Took 0.000470 seconds to synchronously load lazily loaded font '../../../Engine/Content/Editor/Slate/Fonts/Roboto-BoldCondensed.ttf' (158K)
[2018.01.25-21.00.01:431][151]LogMaterial: Missing cached shader map for material M_Wood_Oak, compiling. 
[2018.01.25-21.00.01:432][151]LogMaterial: Warning: Failed to compile Material /Engine/Transient.M_Wood_Oak for platform PCD3D_SM5, Default Material will be used in game.
[2018.01.25-21.00.01:432][151]LogMaterial: Warning: 	(Node TextureSample) Texture Sample> Missing input texture
[2018.01.25-21.00.01:440][151]LogMaterial: Missing cached shader map for material FMatExpressionPreview MaterialExpressionTextureSample_83, compiling. 
[2018.01.25-21.00.24:028][583]LogMaterial: Missing cached shader map for material M_Wood_Oak, compiling. 
[2018.01.25-21.00.24:030][583]LogMaterial: Warning: Failed to compile Material /Engine/Transient.M_Wood_Oak for platform PCD3D_SM5, Default Material will be used in game.
[2018.01.25-21.00.24:030][583]LogMaterial: Warning: 	(Node TextureSample) Texture Sample> Missing input texture
[2018.01.25-21.00.24:039][583]LogMaterial: Missing cached shader map for material FMatExpressionPreview MaterialExpressionTextureSample_82, compiling. 
[2018.01.25-21.00.39:055][738]LogMaterialEditor: Saving and Compiling material M_Wood_Oak
[2018.01.25-21.00.45:001][738]LogMaterial: Missing cached shader map for material M_Wood_Oak, compiling. 
[2018.01.25-21.00.45:003][738]LogMaterial: Warning: Failed to compile Material /Engine/Transient.M_Wood_Oak for platform PCD3D_SM5, Default Material will be used in game.
[2018.01.25-21.00.45:003][738]LogMaterial: Warning: 	(Node TextureSample) Texture Sample> Missing input texture
[2018.01.25-21.00.45:070][738]LogMaterial: Missing cached shader map for material M_Wood_Oak, compiling. 
[2018.01.25-21.00.45:071][738]LogMaterial: Warning: Failed to compile Material /Game/RISE/3DModels/Materials/M_Wood_Oak.M_Wood_Oak for platform PCD3D_SM5, Default Material will be used in game.
[2018.01.25-21.00.45:071][738]LogMaterial: Warning: 	(Node TextureSample) Texture Sample> Missing input texture
[2018.01.25-21.00.45:134][738]LogMaterial: Missing cached shader map for material M_Wood_Oak, compiling. 
[2018.01.25-21.00.45:135][738]LogMaterial: Warning: Failed to compile Material /Game/RISE/3DModels/Materials/M_Wood_Oak.M_Wood_Oak for platform PCD3D_SM5, Default Material will be used in game.
[2018.01.25-21.00.45:135][738]LogMaterial: Warning: 	(Node TextureSample) Texture Sample> Missing input texture
[2018.01.25-21.00.45:235][738]LogMaterial: Missing cached shader map for material FDebugViewModeMaterialProxy M_Wood_Oak, compiling. 
[2018.01.25-21.00.45:246][738]TextureStreamingBuild: Display: Compiling optional shaders took 0.078 seconds.
[2018.01.25-21.00.45:879][738]Cmd: OBJ SAVEPACKAGE PACKAGE="/Game/RISE/3DModels/Materials/M_Wood_Oak" FILE="G:/GitHub/RISE-Mobile/RISE_GAME/Content/RISE/3DModels/Materials/M_Wood_Oak.uasset" SILENT=true
[2018.01.25-21.00.46:050][738]LogSavePackage: Save=68.83ms
[2018.01.25-21.00.46:050][738]LogSavePackage: Moving 'G:/GitHub/RISE-Mobile/RISE_GAME/Saved/M_Wood_Oak9EBAD57747C7181BE15AC192BC7A5D5A.tmp' to 'G:/GitHub/RISE-Mobile/RISE_GAME/Content/RISE/3DModels/Materials/M_Wood_Oak.uasset'
[2018.01.25-21.00.46:062][738]LogSavePackage: Display: Finished SavePackage G:/GitHub/RISE-Mobile/RISE_GAME/Content/RISE/3DModels/Materials/M_Wood_Oak.uasset
[2018.01.25-21.00.50:102][806]LogWindowsTextInputMethodSystem: Display: IME system now deactivated.
[2018.01.25-21.00.50:102][806]LogWindowsTextInputMethodSystem: Display: IME system now deactivated.
[2018.01.25-21.00.50:436][807]Cmd: QUIT_EDITOR
[2018.01.25-21.00.50:759][807]LogExit: Preparing to exit.
[2018.01.25-21.00.51:936][807]LogExit: Editor shut down
[2018.01.25-21.00.51:949][807]LogExit: Transaction tracking system shut down
[2018.01.25-21.00.52:618][807]LogDirectoryWatcher: A directory notification for '../../../Engine/Content/' was aborted.
[2018.01.25-21.00.52:618][807]LogDirectoryWatcher: A directory notification for 'G:/GitHub/RISE-Mobile/RISE_GAME/Content/' was aborted.
[2018.01.25-21.00.52:618][807]LogDirectoryWatcher: A directory notification for '../../../Engine/Plugins/2D/Paper2D/Content/' was aborted.
[2018.01.25-21.00.52:618][807]LogDirectoryWatcher: A directory notification for '../../../Engine/Plugins/Runtime/Oculus/OculusVR/Content/' was aborted.
[2018.01.25-21.00.52:618][807]LogDirectoryWatcher: A directory notification for '../../../Engine/Plugins/Runtime/Steam/SteamVR/Content/' was aborted.
[2018.01.25-21.00.52:878][807]LogExit: Object subsystem successfully closed.
[2018.01.25-21.00.52:924][807]LogD3D11RHI: Shutdown
[2018.01.25-21.00.52:924][807]LogD3D11RHI: CleanupD3DDevice
[2018.01.25-21.00.53:431][807]LogD3D11RHI: ~FD3D11DynamicRHI
[2018.01.25-21.00.53:495][807]LogModuleManager: Shutting down and abandoning module MaterialEditor (534)
[2018.01.25-21.00.53:496][807]LogModuleManager: Shutting down and abandoning module StaticMeshEditor (532)
[2018.01.25-21.00.53:496][807]LogModuleManager: Shutting down and abandoning module HierarchicalLODOutliner (530)
[2018.01.25-21.00.53:496][807]LogModuleManager: Shutting down and abandoning module SceneOutliner (528)
[2018.01.25-21.00.53:496][807]LogModuleManager: Shutting down and abandoning module AddContentDialog (526)
[2018.01.25-21.00.53:497][807]LogDirectoryWatcher: A directory notification for 'C:/Program Files/Epic Games/UE_4.17/FeaturePacks/' was aborted.
[2018.01.25-21.00.53:500][807]LogModuleManager: Shutting down and abandoning module WidgetCarousel (525)
[2018.01.25-21.00.53:501][807]LogModuleManager: Shutting down and abandoning module EditorWidgets (522)
[2018.01.25-21.00.53:501][807]LogModuleManager: Shutting down and abandoning module CollectionManager (520)
[2018.01.25-21.00.53:501][807]LogDirectoryWatcher: A directory notification for 'G:/GitHub/RISE-Mobile/RISE_GAME/Content/Collections/' was aborted.
[2018.01.25-21.00.53:501][807]LogDirectoryWatcher: A directory notification for 'G:/GitHub/RISE-Mobile/RISE_GAME/Content/Developers/kreye/Collections/' was aborted.
[2018.01.25-21.00.53:501][807]LogDirectoryWatcher: A directory notification for 'G:/GitHub/RISE-Mobile/RISE_GAME/Saved/Collections/' was aborted.
[2018.01.25-21.00.53:501][807]LogModuleManager: Shutting down and abandoning module StatsViewer (518)
[2018.01.25-21.00.53:501][807]LogModuleManager: Shutting down and abandoning module FoliageEdit (516)
[2018.01.25-21.00.53:501][807]LogModuleManager: Shutting down and abandoning module LandscapeEditor (514)
[2018.01.25-21.00.53:501][807]LogModuleManager: Shutting down and abandoning module MeshPaintMode (512)
[2018.01.25-21.00.53:502][807]LogModuleManager: Shutting down and abandoning module SceneDepthPickerMode (510)
[2018.01.25-21.00.53:502][807]LogModuleManager: Shutting down and abandoning module ActorPickerMode (508)
[2018.01.25-21.00.53:502][807]LogModuleManager: Shutting down and abandoning module GeometryMode (506)
[2018.01.25-21.00.53:502][807]LogModuleManager: Shutting down and abandoning module TextureAlignMode (504)
[2018.01.25-21.00.53:502][807]LogModuleManager: Shutting down and abandoning module BspMode (502)
[2018.01.25-21.00.53:502][807]LogModuleManager: Shutting down and abandoning module PIEPreviewDeviceProfileSelector (500)
[2018.01.25-21.00.53:502][807]LogModuleManager: Shutting down and abandoning module HardwareSurvey (498)
[2018.01.25-21.00.53:502][807]LogModuleManager: Shutting down and abandoning module SequenceRecorderSections (496)
[2018.01.25-21.00.53:502][807]LogModuleManager: Shutting down and abandoning module AutomationWorker (494)
[2018.01.25-21.00.53:502][807]LogModuleManager: Shutting down and abandoning module MatineeToLevelSequence (492)
[2018.01.25-21.00.53:502][807]LogModuleManager: Shutting down and abandoning module LevelSequenceEditor (490)
[2018.01.25-21.00.53:502][807]LogModuleManager: Shutting down and abandoning module PlacementMode (489)
[2018.01.25-21.00.53:502][807]LogModuleManager: Shutting down and abandoning module WmfMediaFactory (486)
[2018.01.25-21.00.53:502][807]LogModuleManager: Shutting down and abandoning module WmfMediaEditor (484)
[2018.01.25-21.00.53:502][807]LogModuleManager: Shutting down and abandoning module AvfMediaFactory (482)
[2018.01.25-21.00.53:502][807]LogModuleManager: Shutting down and abandoning module AvfMediaEditor (480)
[2018.01.25-21.00.53:502][807]LogModuleManager: Shutting down and abandoning module AndroidMediaFactory (478)
[2018.01.25-21.00.53:502][807]LogModuleManager: Shutting down and abandoning module Media (477)
[2018.01.25-21.00.53:502][807]LogModuleManager: Shutting down and abandoning module AndroidMediaEditor (474)
[2018.01.25-21.00.53:502][807]LogModuleManager: Shutting down and abandoning module CharacterAI (472)
[2018.01.25-21.00.53:502][807]LogModuleManager: Shutting down and abandoning module AudioCapture (470)
[2018.01.25-21.00.53:504][807]LogModuleManager: Shutting down and abandoning module SequenceRecorder (469)
[2018.01.25-21.00.53:504][807]LogModuleManager: Shutting down and abandoning module SmartSnapping (466)
[2018.01.25-21.00.53:504][807]LogModuleManager: Shutting down and abandoning module SessionServices (464)
[2018.01.25-21.00.53:505][807]LogModuleManager: Shutting down and abandoning module ViewportSnapping (462)
[2018.01.25-21.00.53:505][807]LogModuleManager: Shutting down and abandoning module ViewportInteraction (460)
[2018.01.25-21.00.53:505][807]LogModuleManager: Shutting down and abandoning module ClothPainter (458)
[2018.01.25-21.00.53:505][807]LogModuleManager: Shutting down and abandoning module LogVisualizer (456)
[2018.01.25-21.00.53:505][807]LogModuleManager: Shutting down and abandoning module IntroTutorials (454)
[2018.01.25-21.00.53:505][807]LogModuleManager: Shutting down and abandoning module GameProjectGeneration (453)
[2018.01.25-21.00.53:505][807]LogModuleManager: Shutting down and abandoning module IOSPlatformEditor (450)
[2018.01.25-21.00.53:505][807]LogModuleManager: Shutting down and abandoning module HTML5PlatformEditor (448)
[2018.01.25-21.00.53:505][807]LogModuleManager: Shutting down and abandoning module AndroidPlatformEditor (446)
[2018.01.25-21.00.53:505][807]LogModuleManager: Shutting down and abandoning module AndroidDeviceDetection (445)
[2018.01.25-21.00.53:528][807]LogModuleManager: Shutting down and abandoning module WindowsPlatformEditor (442)
[2018.01.25-21.00.53:528][807]LogModuleManager: Shutting down and abandoning module IOSRuntimeSettings (440)
[2018.01.25-21.00.53:528][807]LogModuleManager: Shutting down and abandoning module AndroidRuntimeSettings (438)
[2018.01.25-21.00.53:528][807]LogModuleManager: Shutting down and abandoning module InputBindingEditor (436)
[2018.01.25-21.00.53:528][807]LogModuleManager: Shutting down and abandoning module MergeActors (434)
[2018.01.25-21.00.53:528][807]LogModuleManager: Shutting down and abandoning module SizeMap (432)
[2018.01.25-21.00.53:528][807]LogModuleManager: Shutting down and abandoning module TreeMap (430)
[2018.01.25-21.00.53:528][807]LogModuleManager: Shutting down and abandoning module ReferenceViewer (428)
[2018.01.25-21.00.53:528][807]LogModuleManager: Shutting down and abandoning module LocalizationDashboard (426)
[2018.01.25-21.00.53:528][807]LogModuleManager: Shutting down and abandoning module LocalizationService (425)
[2018.01.25-21.00.53:528][807]LogModuleManager: Shutting down and abandoning module HardwareTargeting (422)
[2018.01.25-21.00.53:528][807]LogModuleManager: Shutting down and abandoning module DeviceProfileEditor (420)
[2018.01.25-21.00.53:528][807]LogModuleManager: Shutting down and abandoning module UndoHistory (418)
[2018.01.25-21.00.53:528][807]LogModuleManager: Shutting down and abandoning module XmlParser (416)
[2018.01.25-21.00.53:529][807]LogModuleManager: Shutting down and abandoning module Blutility (414)
[2018.01.25-21.00.53:529][807]LogModuleManager: Shutting down and abandoning module ProjectSettingsViewer (412)
[2018.01.25-21.00.53:529][807]LogModuleManager: Shutting down and abandoning module ProjectTargetPlatformEditor (411)
[2018.01.25-21.00.53:529][807]LogModuleManager: Shutting down and abandoning module EditorSettingsViewer (408)
[2018.01.25-21.00.53:529][807]LogModuleManager: Shutting down and abandoning module SettingsEditor (406)
[2018.01.25-21.00.53:529][807]LogModuleManager: Shutting down and abandoning module ProjectLauncher (404)
[2018.01.25-21.00.53:529][807]LogModuleManager: Shutting down and abandoning module SessionFrontend (402)
[2018.01.25-21.00.53:529][807]LogModuleManager: Shutting down and abandoning module ProfilerClient (400)
[2018.01.25-21.00.53:529][807]LogModuleManager: Shutting down and abandoning module DeviceManager (398)
[2018.01.25-21.00.53:532][807]LogModuleManager: Shutting down and abandoning module TargetDeviceServices (397)
[2018.01.25-21.00.53:589][807]LogModuleManager: Shutting down and abandoning module AutomationController (394)
[2018.01.25-21.00.53:589][807]LogModuleManager: Shutting down and abandoning module AutomationWindow (392)
[2018.01.25-21.00.53:589][807]LogModuleManager: Shutting down and abandoning module Layers (390)
[2018.01.25-21.00.53:589][807]LogModuleManager: Shutting down and abandoning module ComponentVisualizers (388)
[2018.01.25-21.00.53:589][807]LogModuleManager: Shutting down and abandoning module DetailCustomizations (386)
[2018.01.25-21.00.53:590][807]LogModuleManager: Shutting down and abandoning module PackagesDialog (384)
[2018.01.25-21.00.53:590][807]LogModuleManager: Shutting down and abandoning module Persona (382)
[2018.01.25-21.00.53:590][807]LogModuleManager: Shutting down and abandoning module AdvancedPreviewScene (381)
[2018.01.25-21.00.53:590][807]LogModuleManager: Shutting down and abandoning module AnimGraph (379)
[2018.01.25-21.00.53:590][807]LogModuleManager: Shutting down and abandoning module Kismet (376)
[2018.01.25-21.00.53:594][807]LogModuleManager: Shutting down and abandoning module ClassViewer (374)
[2018.01.25-21.00.53:595][807]LogModuleManager: Shutting down and abandoning module Toolbox (372)
[2018.01.25-21.00.53:595][807]LogModuleManager: Shutting down and abandoning module ModuleUI (370)
[2018.01.25-21.00.53:595][807]LogModuleManager: Shutting down and abandoning module MovieSceneTools (368)
[2018.01.25-21.00.53:595][807]LogModuleManager: Shutting down and abandoning module OutputLog (366)
[2018.01.25-21.00.53:595][807]LogModuleManager: Shutting down and abandoning module GammaUI (364)
[2018.01.25-21.00.53:595][807]LogModuleManager: Shutting down and abandoning module Documentation (362)
[2018.01.25-21.00.53:595][807]LogModuleManager: Shutting down and abandoning module MovieSceneTracks (360)
[2018.01.25-21.00.53:595][807]LogModuleManager: Shutting down and abandoning module MovieScene (358)
[2018.01.25-21.00.53:595][807]LogModuleManager: Shutting down and abandoning module Niagara (356)
[2018.01.25-21.00.53:595][807]LogModuleManager: Shutting down and abandoning module NiagaraEditor (355)
[2018.01.25-21.00.53:596][807]LogModuleManager: Shutting down and abandoning module StreamingPauseRendering (352)
[2018.01.25-21.00.53:596][807]LogModuleManager: Shutting down and abandoning module LauncherPlatform (350)
[2018.01.25-21.00.53:596][807]LogModuleManager: Shutting down and abandoning module AnalyticsET (348)
[2018.01.25-21.00.53:596][807]LogModuleManager: Shutting down and abandoning module PortalServices (346)
[2018.01.25-21.00.53:596][807]LogModuleManager: Shutting down and abandoning module PortalRpc (344)
[2018.01.25-21.00.53:596][807]LogModuleManager: Shutting down and abandoning module MessagingRpc (342)
[2018.01.25-21.00.53:596][807]LogModuleManager: Shutting down and abandoning module AIModule (340)
[2018.01.25-21.00.53:596][807]LogModuleManager: Shutting down and abandoning module GameplayDebugger (339)
[2018.01.25-21.00.53:597][807]LogModuleManager: Shutting down and abandoning module AITestSuite (337)
[2018.01.25-21.00.53:597][807]LogModuleManager: Shutting down and abandoning module ProfilerService (334)
[2018.01.25-21.00.53:828][807]LogModuleManager: Shutting down and abandoning module TaskGraph (332)
[2018.01.25-21.00.53:828][807]LogModuleManager: Shutting down and abandoning module SteamVRController (330)
[2018.01.25-21.00.53:828][807]LogModuleManager: Shutting down and abandoning module ProceduralMeshComponentEditor (328)
[2018.01.25-21.00.53:828][807]LogModuleManager: Shutting down and abandoning module ProceduralMeshComponent (326)
[2018.01.25-21.00.53:828][807]LogModuleManager: Shutting down and abandoning module OculusInput (324)
[2018.01.25-21.00.53:828][807]LogModuleManager: Shutting down and abandoning module MobilePatchingUtils (322)
[2018.01.25-21.00.53:828][807]LogModuleManager: Shutting down and abandoning module CustomMeshComponent (320)
[2018.01.25-21.00.53:828][807]LogModuleManager: Shutting down and abandoning module CableComponent (318)
[2018.01.25-21.00.53:828][807]LogModuleManager: Shutting down and abandoning module ArchVisCharacter (316)
[2018.01.25-21.00.53:828][807]LogModuleManager: Shutting down and abandoning module AndroidPermission (314)
[2018.01.25-21.00.53:828][807]LogModuleManager: Shutting down and abandoning module MediaPlayerEditor (310)
[2018.01.25-21.00.53:829][807]LogModuleManager: Shutting down and abandoning module HTML5Networking (308)
[2018.01.25-21.00.53:829][807]LogModuleManager: Shutting down and abandoning module AlembicImporter (306)
[2018.01.25-21.00.53:829][807]LogModuleManager: Shutting down and abandoning module AlembicLibrary (305)
[2018.01.25-21.00.53:829][807]LogModuleManager: Shutting down and abandoning module GeometryCache (304)
[2018.01.25-21.00.53:829][807]LogModuleManager: Shutting down and abandoning module GeometryCacheEd (303)
[2018.01.25-21.00.53:829][807]LogModuleManager: Shutting down and abandoning module SpeedTreeImporter (298)
[2018.01.25-21.00.53:829][807]LogModuleManager: Shutting down and abandoning module PluginBrowser (296)
[2018.01.25-21.00.53:829][807]LogModuleManager: Shutting down and abandoning module MobileLauncherProfileWizard (294)
[2018.01.25-21.00.53:829][807]LogModuleManager: Shutting down and abandoning module VisualStudioSourceCodeAccess (292)
[2018.01.25-21.00.53:829][807]LogModuleManager: Shutting down and abandoning module DesktopPlatform (291)
[2018.01.25-21.00.53:829][807]LogModuleManager: Shutting down and abandoning module UObjectPlugin (288)
[2018.01.25-21.00.53:829][807]LogModuleManager: Shutting down and abandoning module SubversionSourceControl (286)
[2018.01.25-21.00.53:829][807]LogModuleManager: Shutting down and abandoning module PerforceSourceControl (284)
[2018.01.25-21.00.53:829][807]LogModuleManager: Shutting down and abandoning module GitSourceControl (282)
[2018.01.25-21.00.53:829][807]LogModuleManager: Shutting down and abandoning module SourceControl (281)
[2018.01.25-21.00.53:830][807]LogModuleManager: Shutting down and abandoning module LightPropagationVolumeEditor (278)
[2018.01.25-21.00.53:830][807]LogModuleManager: Shutting down and abandoning module PaperTiledImporter (276)
[2018.01.25-21.00.53:830][807]LogModuleManager: Shutting down and abandoning module PaperSpriteSheetImporter (274)
[2018.01.25-21.00.53:830][807]LogModuleManager: Shutting down and abandoning module Paper2DEditor (272)
[2018.01.25-21.00.53:830][807]LogModuleManager: Shutting down and abandoning module MeshPaint (271)
[2018.01.25-21.00.53:830][807]LogModuleManager: Shutting down and abandoning module LevelEditor (269)
[2018.01.25-21.00.53:831][807]LogModuleManager: Shutting down and abandoning module PixelInspectorModule (268)
[2018.01.25-21.00.53:832][807]LogModuleManager: Shutting down and abandoning module MainFrame (266)
[2018.01.25-21.00.53:832][807]LogModuleManager: Shutting down and abandoning module HotReload (265)
[2018.01.25-21.00.53:833][807]LogModuleManager: Shutting down and abandoning module RuntimePhysXCooking (260)
[2018.01.25-21.00.53:833][807]LogModuleManager: Shutting down and abandoning module PhysXVehiclesEditor (258)
[2018.01.25-21.00.53:833][807]LogModuleManager: Shutting down and abandoning module PhysXVehicles (256)
[2018.01.25-21.00.53:833][807]LogModuleManager: Shutting down and abandoning module OculusEditor (254)
[2018.01.25-21.00.53:833][807]LogModuleManager: Shutting down and abandoning module LocationServicesBPLibrary (252)
[2018.01.25-21.00.53:833][807]LogModuleManager: Shutting down and abandoning module ImmediatePhysicsEditor (250)
[2018.01.25-21.00.53:834][807]LogModuleManager: Shutting down and abandoning module ImmediatePhysics (248)
[2018.01.25-21.00.53:834][807]LogModuleManager: Shutting down and abandoning module UdpMessaging (246)
[2018.01.25-21.00.53:934][807]LogModuleManager: Shutting down and abandoning module TcpMessaging (244)
[2018.01.25-21.00.54:037][807]LogModuleManager: Shutting down and abandoning module GameplayTagsEditor (242)
[2018.01.25-21.00.54:038][807]LogModuleManager: Shutting down and abandoning module FacialAnimationEditor (240)
[2018.01.25-21.00.54:038][807]LogModuleManager: Shutting down and abandoning module FacialAnimation (238)
[2018.01.25-21.00.54:039][807]LogModuleManager: Shutting down and abandoning module AssetManagerEditor (236)
[2018.01.25-21.00.54:039][807]LogModuleManager: Shutting down and abandoning module GraphEditor (235)
[2018.01.25-21.00.54:039][807]LogModuleManager: Shutting down and abandoning module ContentBrowser (233)
[2018.01.25-21.00.54:069][807]LogModuleManager: Shutting down and abandoning module LightPropagationVolumeRuntime (230)
[2018.01.25-21.00.54:069][807]LogModuleManager: Shutting down and abandoning module Paper2D (228)
[2018.01.25-21.00.54:069][807]LogModuleManager: Shutting down and abandoning module WindowsMoviePlayer (226)
[2018.01.25-21.00.54:069][807]LogModuleManager: Shutting down and abandoning module WmfMedia (224)
[2018.01.25-21.00.54:069][807]LogModuleManager: Shutting down and abandoning module PacketHandler (222)
[2018.01.25-21.00.54:070][807]LogModuleManager: Shutting down and abandoning module ClothingSystemEditor (220)
[2018.01.25-21.00.54:070][807]LogModuleManager: Shutting down and abandoning module ClothingSystemRuntime (218)
[2018.01.25-21.00.54:071][807]LogModuleManager: Shutting down and abandoning module Overlay (216)
[2018.01.25-21.00.54:071][807]LogModuleManager: Shutting down and abandoning module OverlayEditor (215)
[2018.01.25-21.00.54:071][807]LogModuleManager: Shutting down and abandoning module MediaAssets (212)
[2018.01.25-21.00.54:071][807]LogModuleManager: Shutting down and abandoning module VREditor (210)
[2018.01.25-21.00.54:071][807]LogModuleManager: Shutting down and abandoning module StringTableEditor (208)
[2018.01.25-21.00.54:072][807]LogModuleManager: Shutting down and abandoning module GameplayTasksEditor (206)
[2018.01.25-21.00.54:073][807]LogModuleManager: Shutting down and abandoning module BehaviorTreeEditor (204)
[2018.01.25-21.00.54:073][807]LogModuleManager: Shutting down and abandoning module FunctionalTesting (202)
[2018.01.25-21.00.54:073][807]LogModuleManager: Shutting down and abandoning module CollisionAnalyzer (200)
[2018.01.25-21.00.54:073][807]LogModuleManager: Shutting down and abandoning module WorkspaceMenuStructure (199)
[2018.01.25-21.00.54:073][807]LogModuleManager: Shutting down and abandoning module UMG (196)
[2018.01.25-21.00.54:073][807]LogModuleManager: Shutting down and abandoning module UMGEditor (195)
[2018.01.25-21.00.54:073][807]LogModuleManager: Shutting down and abandoning module Sequencer (194)
[2018.01.25-21.00.54:073][807]LogModuleManager: Shutting down and abandoning module MessageLog (191)
[2018.01.25-21.00.54:073][807]LogModuleManager: Shutting down and abandoning module SlateReflector (186)
[2018.01.25-21.00.54:073][807]LogModuleManager: Shutting down and abandoning module Slate (184)
[2018.01.25-21.00.54:074][807]LogModuleManager: Shutting down and abandoning module EditorStyle (182)
[2018.01.25-21.00.54:097][807]LogModuleManager: Shutting down and abandoning module MRMesh (180)
[2018.01.25-21.00.54:097][807]LogModuleManager: Shutting down and abandoning module SourceCodeAccess (178)
[2018.01.25-21.00.54:097][807]LogModuleManager: Shutting down and abandoning module HeadMountedDisplay (176)
[2018.01.25-21.00.54:097][807]LogModuleManager: Shutting down and abandoning module XAudio2 (174)
[2018.01.25-21.00.54:097][807]LogModuleManager: Shutting down and abandoning module Networking (172)
[2018.01.25-21.00.54:097][807]LogModuleManager: Shutting down and abandoning module Core (168)
[2018.01.25-21.00.54:097][807]LogModuleManager: Shutting down and abandoning module KismetCompiler (164)
[2018.01.25-21.00.54:097][807]LogModuleManager: Shutting down and abandoning module LevelSequence (162)
[2018.01.25-21.00.54:097][807]LogModuleManager: Shutting down and abandoning module MeshUtilities (160)
[2018.01.25-21.00.54:097][807]LogModuleManager: Shutting down and abandoning module MeshMergeUtilities (159)
[2018.01.25-21.00.54:097][807]LogModuleManager: Shutting down and abandoning module MeshReductionInterface (158)
[2018.01.25-21.00.54:097][807]LogModuleManager: Shutting down and abandoning module SimplygonSwarm (157)
[2018.01.25-21.00.54:097][807]LogModuleManager: Shutting down and abandoning module SimplygonMeshReduction (155)
[2018.01.25-21.00.54:097][807]LogModuleManager: Shutting down and abandoning module QuadricMeshReduction (153)
[2018.01.25-21.00.54:097][807]LogModuleManager: Shutting down and abandoning module MaterialBaking (149)
[2018.01.25-21.00.54:097][807]LogModuleManager: Shutting down and abandoning module DirectoryWatcher (146)
[2018.01.25-21.00.54:099][807]LogModuleManager: Shutting down and abandoning module DerivedDataCache (144)
[2018.01.25-21.00.54:207][807]LogDerivedDataCache: Shutdown
[2018.01.25-21.00.54:208][807]LogModuleManager: Shutting down and abandoning module TargetPlatform (142)
[2018.01.25-21.00.54:209][807]LogModuleManager: Shutting down and abandoning module VulkanShaderFormat (141)
[2018.01.25-21.00.54:209][807]LogModuleManager: Shutting down and abandoning module ShaderFormatVectorVM (139)
[2018.01.25-21.00.54:209][807]LogModuleManager: Shutting down and abandoning module ShaderFormatOpenGL (137)
[2018.01.25-21.00.54:209][807]LogModuleManager: Shutting down and abandoning module ShaderFormatD3D (135)
[2018.01.25-21.00.54:209][807]LogModuleManager: Shutting down and abandoning module MetalShaderFormat (133)
[2018.01.25-21.00.54:209][807]LogModuleManager: Shutting down and abandoning module TextureFormatUncompressed (131)
[2018.01.25-21.00.54:209][807]LogModuleManager: Shutting down and abandoning module TextureFormatPVR (129)
[2018.01.25-21.00.54:209][807]LogModuleManager: Shutting down and abandoning module TextureFormatDXT (127)
[2018.01.25-21.00.54:209][807]LogModuleManager: Shutting down and abandoning module TextureFormatIntelISPCTexComp (125)
[2018.01.25-21.00.54:209][807]LogModuleManager: Shutting down and abandoning module TextureFormatASTC (123)
[2018.01.25-21.00.54:209][807]LogModuleManager: Shutting down and abandoning module ImageWrapper (122)
[2018.01.25-21.00.54:209][807]LogModuleManager: Shutting down and abandoning module TextureFormatAndroid (119)
[2018.01.25-21.00.54:209][807]LogModuleManager: Shutting down and abandoning module AudioFormatOpus (117)
[2018.01.25-21.00.54:209][807]LogModuleManager: Shutting down and abandoning module AudioFormatOgg (115)
[2018.01.25-21.00.54:210][807]LogModuleManager: Shutting down and abandoning module AudioFormatADPCM (113)
[2018.01.25-21.00.54:210][807]LogModuleManager: Shutting down and abandoning module LinuxTargetPlatform (111)
[2018.01.25-21.00.54:210][807]LogModuleManager: Shutting down and abandoning module LinuxServerTargetPlatform (109)
[2018.01.25-21.00.54:210][807]LogModuleManager: Shutting down and abandoning module LinuxNoEditorTargetPlatform (107)
[2018.01.25-21.00.54:210][807]LogModuleManager: Shutting down and abandoning module LinuxClientTargetPlatform (105)
[2018.01.25-21.00.54:210][807]LogModuleManager: Shutting down and abandoning module TVOSTargetPlatform (103)
[2018.01.25-21.00.54:210][807]LogModuleManager: Shutting down and abandoning module Messaging (101)
[2018.01.25-21.00.54:210][807]LogModuleManager: Shutting down and abandoning module IOSTargetPlatform (99)
[2018.01.25-21.00.54:210][807]LogModuleManager: Shutting down and abandoning module HTML5TargetPlatform (97)
[2018.01.25-21.00.54:210][807]LogModuleManager: Shutting down and abandoning module Android_PVRTCTargetPlatform (95)
[2018.01.25-21.00.54:210][807]LogModuleManager: Shutting down and abandoning module Android_MultiTargetPlatform (93)
[2018.01.25-21.00.54:210][807]LogModuleManager: Shutting down and abandoning module Android_ETC2TargetPlatform (91)
[2018.01.25-21.00.54:210][807]LogModuleManager: Shutting down and abandoning module Android_ETC1TargetPlatform (89)
[2018.01.25-21.00.54:210][807]LogModuleManager: Shutting down and abandoning module Android_DXTTargetPlatform (87)
[2018.01.25-21.00.54:210][807]LogModuleManager: Shutting down and abandoning module Android_ATCTargetPlatform (85)
[2018.01.25-21.00.54:210][807]LogModuleManager: Shutting down and abandoning module Android_ASTCTargetPlatform (83)
[2018.01.25-21.00.54:210][807]LogModuleManager: Shutting down and abandoning module AndroidTargetPlatform (81)
[2018.01.25-21.00.54:210][807]LogModuleManager: Shutting down and abandoning module WindowsTargetPlatform (79)
[2018.01.25-21.00.54:210][807]LogModuleManager: Shutting down and abandoning module WindowsServerTargetPlatform (77)
[2018.01.25-21.00.54:210][807]LogModuleManager: Shutting down and abandoning module WindowsNoEditorTargetPlatform (75)
[2018.01.25-21.00.54:210][807]LogModuleManager: Shutting down and abandoning module WindowsClientTargetPlatform (73)
[2018.01.25-21.00.54:211][807]LogModuleManager: Shutting down and abandoning module MacTargetPlatform (71)
[2018.01.25-21.00.54:211][807]LogModuleManager: Shutting down and abandoning module MacServerTargetPlatform (69)
[2018.01.25-21.00.54:211][807]LogModuleManager: Shutting down and abandoning module MacNoEditorTargetPlatform (67)
[2018.01.25-21.00.54:211][807]LogModuleManager: Shutting down and abandoning module MacClientTargetPlatform (65)
[2018.01.25-21.00.54:211][807]LogModuleManager: Shutting down and abandoning module AllDesktopTargetPlatform (63)
[2018.01.25-21.00.54:211][807]LogModuleManager: Shutting down and abandoning module InputCore (60)
[2018.01.25-21.00.54:211][807]LogModuleManager: Shutting down and abandoning module Settings (58)
[2018.01.25-21.00.54:211][807]LogModuleManager: Shutting down and abandoning module PhysXCooking (56)
[2018.01.25-21.00.54:211][807]LogModuleManager: Shutting down and abandoning module SteamVR (54)
[2018.01.25-21.00.54:211][807]LogModuleManager: Shutting down and abandoning module OculusHMD (52)
[2018.01.25-21.00.54:211][807]LogModuleManager: Shutting down and abandoning module ExampleDeviceProfileSelector (50)
[2018.01.25-21.00.54:211][807]LogModuleManager: Shutting down and abandoning module OnlineBlueprintSupport (48)
[2018.01.25-21.00.54:211][807]LogModuleManager: Shutting down and abandoning module OnlineSubsystem (44)
[2018.01.25-21.00.54:211][807]LogOnline: Display: Unloading online subsystem: NULL
[2018.01.25-21.00.54:211][807]LogModuleManager: Shutting down and abandoning module XMPP (43)
[2018.01.25-21.00.54:211][807]LogModuleManager: Shutting down and abandoning module HTTP (41)
[2018.01.25-21.00.54:211][807]LogHttp: Display: Http module shutting down, but needs to wait on 1 outstanding Http requests:
[2018.01.25-21.00.54:212][807]LogHttp: Display: 	verb=[POST] url=[https://datarouter.ol.epicgames.com/datarouter/api/v1/public/data?SessionID=%7B24E57817-4B11-60B4-9236-D18F62E8BF0B%7D&AppID=UEEditor.Rocket.Release&AppVersion=4.17.2-3658906%2B%2B%2BUE4%2BRelease-4.17&UserID=3691cf284ca1f1681c3051979cb06f41%7C88057b4134714c0f98d798880975d3e9%7C75c10d2f-5615-4ca6-9c94-8a26968e32be&AppEnvironment=datacollector-binary&UploadType=eteventstream] status=Processing
[2018.01.25-21.00.54:224][807]LogModuleManager: Shutting down and abandoning module SSL (40)
[2018.01.25-21.00.54:227][807]LogModuleManager: Shutting down and abandoning module AnimationModifiers (36)
[2018.01.25-21.00.54:227][807]LogModuleManager: Shutting down and abandoning module PropertyEditor (35)
[2018.01.25-21.00.54:228][807]LogModuleManager: Shutting down and abandoning module AudioEditor (32)
[2018.01.25-21.00.54:228][807]LogModuleManager: Shutting down and abandoning module TextureCompressor (30)
[2018.01.25-21.00.54:228][807]LogModuleManager: Shutting down and abandoning module ShaderCore (28)
[2018.01.25-21.00.54:228][807]LogModuleManager: Shutting down and abandoning module Landscape (26)
[2018.01.25-21.00.54:228][807]LogModuleManager: Shutting down and abandoning module SlateRHIRenderer (24)
[2018.01.25-21.00.54:231][807]LogModuleManager: Shutting down and abandoning module OpenGLDrv (22)
[2018.01.25-21.00.54:231][807]LogModuleManager: Shutting down and abandoning module D3D11RHI (20)
[2018.01.25-21.00.54:231][807]LogModuleManager: Shutting down and abandoning module AnimGraphRuntime (18)
[2018.01.25-21.00.54:231][807]LogModuleManager: Shutting down and abandoning module Renderer (16)
[2018.01.25-21.00.54:231][807]LogModuleManager: Shutting down and abandoning module Engine (14)
[2018.01.25-21.00.54:231][807]LogModuleManager: Shutting down and abandoning module CoreUObject (12)
[2018.01.25-21.00.54:231][807]LogModuleManager: Shutting down and abandoning module NetworkFile (10)
[2018.01.25-21.00.54:231][807]LogModuleManager: Shutting down and abandoning module CookedIterativeFile (8)
[2018.01.25-21.00.54:231][807]LogModuleManager: Shutting down and abandoning module StreamingFile (6)
[2018.01.25-21.00.54:231][807]LogModuleManager: Shutting down and abandoning module SandboxFile (4)
[2018.01.25-21.00.54:231][807]LogModuleManager: Shutting down and abandoning module PakFile (2)
[2018.01.25-21.00.54:245][807]LogExit: Exiting.
[2018.01.25-21.00.54:289][807]Log file closed, 01/25/18 17:00:54
